/home/gaya6/LogSAD/dinov2/dinov2/layers/swiglu_ffn.py:43: UserWarning: xFormers is available (SwiGLU)
  warnings.warn("xFormers is available (SwiGLU)")
/home/gaya6/LogSAD/dinov2/dinov2/layers/attention.py:27: UserWarning: xFormers is available (Attention)
  warnings.warn("xFormers is available (Attention)")
/home/gaya6/LogSAD/dinov2/dinov2/layers/block.py:33: UserWarning: xFormers is available (Block)
  warnings.warn("xFormers is available (Block)")
['/mnt/dsc3032-gaya-shared/group6/datasets/MVTec_AD/cable/test/bent_wire/000.png'] 0.36209428310394287
['/mnt/dsc3032-gaya-shared/group6/datasets/MVTec_AD/cable/test/bent_wire/001.png'] 0.3711787760257721
['/mnt/dsc3032-gaya-shared/group6/datasets/MVTec_AD/cable/test/bent_wire/002.png'] 0.38389503955841064
['/mnt/dsc3032-gaya-shared/group6/datasets/MVTec_AD/cable/test/bent_wire/003.png'] 0.363849937915802
['/mnt/dsc3032-gaya-shared/group6/datasets/MVTec_AD/cable/test/bent_wire/004.png'] 0.5133391618728638
['/mnt/dsc3032-gaya-shared/group6/datasets/MVTec_AD/cable/test/bent_wire/005.png'] 0.4543856382369995
['/mnt/dsc3032-gaya-shared/group6/datasets/MVTec_AD/cable/test/bent_wire/006.png'] 0.40728455781936646
['/mnt/dsc3032-gaya-shared/group6/datasets/MVTec_AD/cable/test/bent_wire/007.png'] 0.3946687579154968
['/mnt/dsc3032-gaya-shared/group6/datasets/MVTec_AD/cable/test/bent_wire/008.png'] 0.3507974147796631
['/mnt/dsc3032-gaya-shared/group6/datasets/MVTec_AD/cable/test/bent_wire/009.png'] 0.46603578329086304
['/mnt/dsc3032-gaya-shared/group6/datasets/MVTec_AD/cable/test/bent_wire/010.png'] 0.5151134729385376
['/mnt/dsc3032-gaya-shared/group6/datasets/MVTec_AD/cable/test/bent_wire/011.png'] 0.47912901639938354
['/mnt/dsc3032-gaya-shared/group6/datasets/MVTec_AD/cable/test/bent_wire/012.png'] 0.4461113214492798
['/mnt/dsc3032-gaya-shared/group6/datasets/MVTec_AD/cable/test/cable_swap/000.png'] 0.31300392746925354
['/mnt/dsc3032-gaya-shared/group6/datasets/MVTec_AD/cable/test/cable_swap/001.png'] 0.3318347930908203
['/mnt/dsc3032-gaya-shared/group6/datasets/MVTec_AD/cable/test/cable_swap/002.png'] 0.3755537271499634
['/mnt/dsc3032-gaya-shared/group6/datasets/MVTec_AD/cable/test/cable_swap/003.png'] 0.3077620267868042
['/mnt/dsc3032-gaya-shared/group6/datasets/MVTec_AD/cable/test/cable_swap/004.png'] 0.3416638970375061
['/mnt/dsc3032-gaya-shared/group6/datasets/MVTec_AD/cable/test/cable_swap/005.png'] 0.3264901340007782
['/mnt/dsc3032-gaya-shared/group6/datasets/MVTec_AD/cable/test/cable_swap/006.png'] 0.26884084939956665
['/mnt/dsc3032-gaya-shared/group6/datasets/MVTec_AD/cable/test/cable_swap/007.png'] 0.3021348714828491
['/mnt/dsc3032-gaya-shared/group6/datasets/MVTec_AD/cable/test/cable_swap/008.png'] 0.38016778230667114
['/mnt/dsc3032-gaya-shared/group6/datasets/MVTec_AD/cable/test/cable_swap/009.png'] 0.3500702381134033
['/mnt/dsc3032-gaya-shared/group6/datasets/MVTec_AD/cable/test/cable_swap/010.png'] 0.31087788939476013
['/mnt/dsc3032-gaya-shared/group6/datasets/MVTec_AD/cable/test/cable_swap/011.png'] 0.3071317672729492
['/mnt/dsc3032-gaya-shared/group6/datasets/MVTec_AD/cable/test/combined/000.png'] 0.402066171169281
['/mnt/dsc3032-gaya-shared/group6/datasets/MVTec_AD/cable/test/combined/001.png'] 0.42521023750305176
['/mnt/dsc3032-gaya-shared/group6/datasets/MVTec_AD/cable/test/combined/002.png'] 0.43001192808151245
['/mnt/dsc3032-gaya-shared/group6/datasets/MVTec_AD/cable/test/combined/003.png'] 0.344082772731781
['/mnt/dsc3032-gaya-shared/group6/datasets/MVTec_AD/cable/test/combined/004.png'] 0.3626006841659546
['/mnt/dsc3032-gaya-shared/group6/datasets/MVTec_AD/cable/test/combined/005.png'] 0.3869125247001648
['/mnt/dsc3032-gaya-shared/group6/datasets/MVTec_AD/cable/test/combined/006.png'] 0.41709303855895996
['/mnt/dsc3032-gaya-shared/group6/datasets/MVTec_AD/cable/test/combined/007.png'] 0.38792383670806885
['/mnt/dsc3032-gaya-shared/group6/datasets/MVTec_AD/cable/test/combined/008.png'] 0.48340147733688354
['/mnt/dsc3032-gaya-shared/group6/datasets/MVTec_AD/cable/test/combined/009.png'] 0.3457162380218506
['/mnt/dsc3032-gaya-shared/group6/datasets/MVTec_AD/cable/test/combined/010.png'] 0.39154407382011414
['/mnt/dsc3032-gaya-shared/group6/datasets/MVTec_AD/cable/test/cut_inner_insulation/000.png'] 0.31042248010635376
['/mnt/dsc3032-gaya-shared/group6/datasets/MVTec_AD/cable/test/cut_inner_insulation/001.png'] 0.33518216013908386
['/mnt/dsc3032-gaya-shared/group6/datasets/MVTec_AD/cable/test/cut_inner_insulation/002.png'] 0.3490258753299713
['/mnt/dsc3032-gaya-shared/group6/datasets/MVTec_AD/cable/test/cut_inner_insulation/003.png'] 0.36862844228744507
['/mnt/dsc3032-gaya-shared/group6/datasets/MVTec_AD/cable/test/cut_inner_insulation/004.png'] 0.40698808431625366
['/mnt/dsc3032-gaya-shared/group6/datasets/MVTec_AD/cable/test/cut_inner_insulation/005.png'] 0.32240670919418335
['/mnt/dsc3032-gaya-shared/group6/datasets/MVTec_AD/cable/test/cut_inner_insulation/006.png'] 0.34506940841674805
['/mnt/dsc3032-gaya-shared/group6/datasets/MVTec_AD/cable/test/cut_inner_insulation/007.png'] 0.33767563104629517
['/mnt/dsc3032-gaya-shared/group6/datasets/MVTec_AD/cable/test/cut_inner_insulation/008.png'] 0.32139015197753906
['/mnt/dsc3032-gaya-shared/group6/datasets/MVTec_AD/cable/test/cut_inner_insulation/009.png'] 0.3384850025177002
['/mnt/dsc3032-gaya-shared/group6/datasets/MVTec_AD/cable/test/cut_inner_insulation/010.png'] 0.33487963676452637
['/mnt/dsc3032-gaya-shared/group6/datasets/MVTec_AD/cable/test/cut_inner_insulation/011.png'] 0.36099475622177124
['/mnt/dsc3032-gaya-shared/group6/datasets/MVTec_AD/cable/test/cut_inner_insulation/012.png'] 0.36706972122192383
['/mnt/dsc3032-gaya-shared/group6/datasets/MVTec_AD/cable/test/cut_inner_insulation/013.png'] 0.3471231460571289
['/mnt/dsc3032-gaya-shared/group6/datasets/MVTec_AD/cable/test/cut_outer_insulation/000.png'] 0.4088975489139557
['/mnt/dsc3032-gaya-shared/group6/datasets/MVTec_AD/cable/test/cut_outer_insulation/001.png'] 0.4389157295227051
['/mnt/dsc3032-gaya-shared/group6/datasets/MVTec_AD/cable/test/cut_outer_insulation/002.png'] 0.351558655500412
['/mnt/dsc3032-gaya-shared/group6/datasets/MVTec_AD/cable/test/cut_outer_insulation/003.png'] 0.36287111043930054
['/mnt/dsc3032-gaya-shared/group6/datasets/MVTec_AD/cable/test/cut_outer_insulation/004.png'] 0.34848928451538086
['/mnt/dsc3032-gaya-shared/group6/datasets/MVTec_AD/cable/test/cut_outer_insulation/005.png'] 0.4556061029434204
['/mnt/dsc3032-gaya-shared/group6/datasets/MVTec_AD/cable/test/cut_outer_insulation/006.png'] 0.40132731199264526
['/mnt/dsc3032-gaya-shared/group6/datasets/MVTec_AD/cable/test/cut_outer_insulation/007.png'] 0.3561525344848633
['/mnt/dsc3032-gaya-shared/group6/datasets/MVTec_AD/cable/test/cut_outer_insulation/008.png'] 0.37203249335289
['/mnt/dsc3032-gaya-shared/group6/datasets/MVTec_AD/cable/test/cut_outer_insulation/009.png'] 0.377902626991272
['/mnt/dsc3032-gaya-shared/group6/datasets/MVTec_AD/cable/test/good/000.png'] 0.3035409450531006
['/mnt/dsc3032-gaya-shared/group6/datasets/MVTec_AD/cable/test/good/001.png'] 0.29301780462265015
['/mnt/dsc3032-gaya-shared/group6/datasets/MVTec_AD/cable/test/good/002.png'] 0.3537430465221405
['/mnt/dsc3032-gaya-shared/group6/datasets/MVTec_AD/cable/test/good/003.png'] 0.2915169894695282
['/mnt/dsc3032-gaya-shared/group6/datasets/MVTec_AD/cable/test/good/004.png'] 0.31103530526161194
['/mnt/dsc3032-gaya-shared/group6/datasets/MVTec_AD/cable/test/good/005.png'] 0.31188729405403137
['/mnt/dsc3032-gaya-shared/group6/datasets/MVTec_AD/cable/test/good/006.png'] 0.2733364701271057
['/mnt/dsc3032-gaya-shared/group6/datasets/MVTec_AD/cable/test/good/007.png'] 0.26901036500930786
['/mnt/dsc3032-gaya-shared/group6/datasets/MVTec_AD/cable/test/good/008.png'] 0.32576021552085876
['/mnt/dsc3032-gaya-shared/group6/datasets/MVTec_AD/cable/test/good/009.png'] 0.2778538167476654
['/mnt/dsc3032-gaya-shared/group6/datasets/MVTec_AD/cable/test/good/010.png'] 0.25639134645462036
['/mnt/dsc3032-gaya-shared/group6/datasets/MVTec_AD/cable/test/good/011.png'] 0.307229220867157
['/mnt/dsc3032-gaya-shared/group6/datasets/MVTec_AD/cable/test/good/012.png'] 0.2819727659225464
['/mnt/dsc3032-gaya-shared/group6/datasets/MVTec_AD/cable/test/good/013.png'] 0.29196804761886597
['/mnt/dsc3032-gaya-shared/group6/datasets/MVTec_AD/cable/test/good/014.png'] 0.2996155023574829
['/mnt/dsc3032-gaya-shared/group6/datasets/MVTec_AD/cable/test/good/015.png'] 0.34138253331184387
['/mnt/dsc3032-gaya-shared/group6/datasets/MVTec_AD/cable/test/good/016.png'] 0.3021673560142517
['/mnt/dsc3032-gaya-shared/group6/datasets/MVTec_AD/cable/test/good/017.png'] 0.31792646646499634
['/mnt/dsc3032-gaya-shared/group6/datasets/MVTec_AD/cable/test/good/018.png'] 0.2125692516565323
['/mnt/dsc3032-gaya-shared/group6/datasets/MVTec_AD/cable/test/good/019.png'] 0.28284120559692383
['/mnt/dsc3032-gaya-shared/group6/datasets/MVTec_AD/cable/test/good/020.png'] 0.3103088140487671
['/mnt/dsc3032-gaya-shared/group6/datasets/MVTec_AD/cable/test/good/021.png'] 0.35183238983154297
['/mnt/dsc3032-gaya-shared/group6/datasets/MVTec_AD/cable/test/good/022.png'] 0.252623975276947
['/mnt/dsc3032-gaya-shared/group6/datasets/MVTec_AD/cable/test/good/023.png'] 0.26540061831474304
['/mnt/dsc3032-gaya-shared/group6/datasets/MVTec_AD/cable/test/good/024.png'] 0.31715643405914307
['/mnt/dsc3032-gaya-shared/group6/datasets/MVTec_AD/cable/test/good/025.png'] 0.2264910638332367
['/mnt/dsc3032-gaya-shared/group6/datasets/MVTec_AD/cable/test/good/026.png'] 0.2162853479385376
['/mnt/dsc3032-gaya-shared/group6/datasets/MVTec_AD/cable/test/good/027.png'] 0.3338695168495178
['/mnt/dsc3032-gaya-shared/group6/datasets/MVTec_AD/cable/test/good/028.png'] 0.2694248557090759
['/mnt/dsc3032-gaya-shared/group6/datasets/MVTec_AD/cable/test/good/029.png'] 0.33350706100463867
['/mnt/dsc3032-gaya-shared/group6/datasets/MVTec_AD/cable/test/good/030.png'] 0.3083191215991974
['/mnt/dsc3032-gaya-shared/group6/datasets/MVTec_AD/cable/test/good/031.png'] 0.2597624361515045
['/mnt/dsc3032-gaya-shared/group6/datasets/MVTec_AD/cable/test/good/032.png'] 0.25244778394699097
['/mnt/dsc3032-gaya-shared/group6/datasets/MVTec_AD/cable/test/good/033.png'] 0.27230992913246155
['/mnt/dsc3032-gaya-shared/group6/datasets/MVTec_AD/cable/test/good/034.png'] 0.3419233560562134
['/mnt/dsc3032-gaya-shared/group6/datasets/MVTec_AD/cable/test/good/035.png'] 0.26110631227493286
['/mnt/dsc3032-gaya-shared/group6/datasets/MVTec_AD/cable/test/good/036.png'] 0.32365357875823975
['/mnt/dsc3032-gaya-shared/group6/datasets/MVTec_AD/cable/test/good/037.png'] 0.32035499811172485
['/mnt/dsc3032-gaya-shared/group6/datasets/MVTec_AD/cable/test/good/038.png'] 0.3386876583099365
['/mnt/dsc3032-gaya-shared/group6/datasets/MVTec_AD/cable/test/good/039.png'] 0.3243049085140228
['/mnt/dsc3032-gaya-shared/group6/datasets/MVTec_AD/cable/test/good/040.png'] 0.2876497209072113
['/mnt/dsc3032-gaya-shared/group6/datasets/MVTec_AD/cable/test/good/041.png'] 0.2639498710632324
['/mnt/dsc3032-gaya-shared/group6/datasets/MVTec_AD/cable/test/good/042.png'] 0.3118281364440918
['/mnt/dsc3032-gaya-shared/group6/datasets/MVTec_AD/cable/test/good/043.png'] 0.3099842071533203
['/mnt/dsc3032-gaya-shared/group6/datasets/MVTec_AD/cable/test/good/044.png'] 0.3152400255203247
['/mnt/dsc3032-gaya-shared/group6/datasets/MVTec_AD/cable/test/good/045.png'] 0.35265442728996277
['/mnt/dsc3032-gaya-shared/group6/datasets/MVTec_AD/cable/test/good/046.png'] 0.3168453276157379
['/mnt/dsc3032-gaya-shared/group6/datasets/MVTec_AD/cable/test/good/047.png'] 0.3110095262527466
['/mnt/dsc3032-gaya-shared/group6/datasets/MVTec_AD/cable/test/good/048.png'] 0.30618345737457275
['/mnt/dsc3032-gaya-shared/group6/datasets/MVTec_AD/cable/test/good/049.png'] 0.3150351345539093
['/mnt/dsc3032-gaya-shared/group6/datasets/MVTec_AD/cable/test/good/050.png'] 0.2932087182998657
['/mnt/dsc3032-gaya-shared/group6/datasets/MVTec_AD/cable/test/good/051.png'] 0.3204396963119507
['/mnt/dsc3032-gaya-shared/group6/datasets/MVTec_AD/cable/test/good/052.png'] 0.2869861125946045
['/mnt/dsc3032-gaya-shared/group6/datasets/MVTec_AD/cable/test/good/053.png'] 0.30537697672843933
['/mnt/dsc3032-gaya-shared/group6/datasets/MVTec_AD/cable/test/good/054.png'] 0.3088463544845581
['/mnt/dsc3032-gaya-shared/group6/datasets/MVTec_AD/cable/test/good/055.png'] 0.3177831768989563
['/mnt/dsc3032-gaya-shared/group6/datasets/MVTec_AD/cable/test/good/056.png'] 0.33144521713256836
['/mnt/dsc3032-gaya-shared/group6/datasets/MVTec_AD/cable/test/good/057.png'] 0.35637250542640686
['/mnt/dsc3032-gaya-shared/group6/datasets/MVTec_AD/cable/test/missing_cable/000.png'] 0.3736702501773834
['/mnt/dsc3032-gaya-shared/group6/datasets/MVTec_AD/cable/test/missing_cable/001.png'] 0.4352685809135437
['/mnt/dsc3032-gaya-shared/group6/datasets/MVTec_AD/cable/test/missing_cable/002.png'] 0.46044355630874634
['/mnt/dsc3032-gaya-shared/group6/datasets/MVTec_AD/cable/test/missing_cable/003.png'] 0.44366076588630676
['/mnt/dsc3032-gaya-shared/group6/datasets/MVTec_AD/cable/test/missing_cable/004.png'] 0.392729252576828
['/mnt/dsc3032-gaya-shared/group6/datasets/MVTec_AD/cable/test/missing_cable/005.png'] 0.3787866234779358
['/mnt/dsc3032-gaya-shared/group6/datasets/MVTec_AD/cable/test/missing_cable/006.png'] 0.5085638761520386
['/mnt/dsc3032-gaya-shared/group6/datasets/MVTec_AD/cable/test/missing_cable/007.png'] 0.41806188225746155
['/mnt/dsc3032-gaya-shared/group6/datasets/MVTec_AD/cable/test/missing_cable/008.png'] 0.48518383502960205
['/mnt/dsc3032-gaya-shared/group6/datasets/MVTec_AD/cable/test/missing_cable/009.png'] 0.4578818082809448
['/mnt/dsc3032-gaya-shared/group6/datasets/MVTec_AD/cable/test/missing_cable/010.png'] 0.39064663648605347
['/mnt/dsc3032-gaya-shared/group6/datasets/MVTec_AD/cable/test/missing_cable/011.png'] 0.40735357999801636
['/mnt/dsc3032-gaya-shared/group6/datasets/MVTec_AD/cable/test/missing_wire/000.png'] 0.33902648091316223
['/mnt/dsc3032-gaya-shared/group6/datasets/MVTec_AD/cable/test/missing_wire/001.png'] 0.3855864703655243
['/mnt/dsc3032-gaya-shared/group6/datasets/MVTec_AD/cable/test/missing_wire/002.png'] 0.3507464528083801
['/mnt/dsc3032-gaya-shared/group6/datasets/MVTec_AD/cable/test/missing_wire/003.png'] 0.3583556115627289
['/mnt/dsc3032-gaya-shared/group6/datasets/MVTec_AD/cable/test/missing_wire/004.png'] 0.37279343605041504
['/mnt/dsc3032-gaya-shared/group6/datasets/MVTec_AD/cable/test/missing_wire/005.png'] 0.29972830414772034
['/mnt/dsc3032-gaya-shared/group6/datasets/MVTec_AD/cable/test/missing_wire/006.png'] 0.31448400020599365
['/mnt/dsc3032-gaya-shared/group6/datasets/MVTec_AD/cable/test/missing_wire/007.png'] 0.333255410194397
['/mnt/dsc3032-gaya-shared/group6/datasets/MVTec_AD/cable/test/missing_wire/008.png'] 0.3510974645614624
['/mnt/dsc3032-gaya-shared/group6/datasets/MVTec_AD/cable/test/missing_wire/009.png'] 0.34811556339263916
['/mnt/dsc3032-gaya-shared/group6/datasets/MVTec_AD/cable/test/poke_insulation/000.png'] 0.3400331139564514
['/mnt/dsc3032-gaya-shared/group6/datasets/MVTec_AD/cable/test/poke_insulation/001.png'] 0.393510639667511
['/mnt/dsc3032-gaya-shared/group6/datasets/MVTec_AD/cable/test/poke_insulation/002.png'] 0.3266465663909912
['/mnt/dsc3032-gaya-shared/group6/datasets/MVTec_AD/cable/test/poke_insulation/003.png'] 0.3289375305175781
['/mnt/dsc3032-gaya-shared/group6/datasets/MVTec_AD/cable/test/poke_insulation/004.png'] 0.3362739086151123
['/mnt/dsc3032-gaya-shared/group6/datasets/MVTec_AD/cable/test/poke_insulation/005.png'] 0.35516074299812317
['/mnt/dsc3032-gaya-shared/group6/datasets/MVTec_AD/cable/test/poke_insulation/006.png'] 0.33803391456604004
['/mnt/dsc3032-gaya-shared/group6/datasets/MVTec_AD/cable/test/poke_insulation/007.png'] 0.3553025424480438
['/mnt/dsc3032-gaya-shared/group6/datasets/MVTec_AD/cable/test/poke_insulation/008.png'] 0.3672911524772644
['/mnt/dsc3032-gaya-shared/group6/datasets/MVTec_AD/cable/test/poke_insulation/009.png'] 0.3283303380012512
26-06-02 17:22:22.521 - INFO: 
| category   |   K-shots |   F1-Max(image) |   AUROC(image) |   F1-Max(pixel) |   AUROC(pixel) |
|:-----------|----------:|----------------:|---------------:|----------------:|---------------:|
| cable      |         2 |           88.52 |          91.36 |            63.8 |          97.94 |
