/home/gaya6/LogSAD/dinov2/dinov2/layers/swiglu_ffn.py:43: UserWarning: xFormers is available (SwiGLU)
  warnings.warn("xFormers is available (SwiGLU)")
/home/gaya6/LogSAD/dinov2/dinov2/layers/attention.py:27: UserWarning: xFormers is available (Attention)
  warnings.warn("xFormers is available (Attention)")
/home/gaya6/LogSAD/dinov2/dinov2/layers/block.py:33: UserWarning: xFormers is available (Block)
  warnings.warn("xFormers is available (Block)")
['/mnt/dsc3032-gaya-shared/group6/datasets/MVTec_AD/capsule/test/crack/000.png'] 0.3326913118362427
['/mnt/dsc3032-gaya-shared/group6/datasets/MVTec_AD/capsule/test/crack/001.png'] 0.5474643707275391
['/mnt/dsc3032-gaya-shared/group6/datasets/MVTec_AD/capsule/test/crack/002.png'] 0.30273526906967163
['/mnt/dsc3032-gaya-shared/group6/datasets/MVTec_AD/capsule/test/crack/003.png'] 0.3200094699859619
['/mnt/dsc3032-gaya-shared/group6/datasets/MVTec_AD/capsule/test/crack/004.png'] 0.472423791885376
['/mnt/dsc3032-gaya-shared/group6/datasets/MVTec_AD/capsule/test/crack/005.png'] 0.3009702265262604
['/mnt/dsc3032-gaya-shared/group6/datasets/MVTec_AD/capsule/test/crack/006.png'] 0.4569398760795593
['/mnt/dsc3032-gaya-shared/group6/datasets/MVTec_AD/capsule/test/crack/007.png'] 0.40968751907348633
['/mnt/dsc3032-gaya-shared/group6/datasets/MVTec_AD/capsule/test/crack/008.png'] 0.36347025632858276
['/mnt/dsc3032-gaya-shared/group6/datasets/MVTec_AD/capsule/test/crack/009.png'] 0.3529331088066101
['/mnt/dsc3032-gaya-shared/group6/datasets/MVTec_AD/capsule/test/crack/010.png'] 0.3769054114818573
['/mnt/dsc3032-gaya-shared/group6/datasets/MVTec_AD/capsule/test/crack/011.png'] 0.3316640257835388
['/mnt/dsc3032-gaya-shared/group6/datasets/MVTec_AD/capsule/test/crack/012.png'] 0.2990753948688507
['/mnt/dsc3032-gaya-shared/group6/datasets/MVTec_AD/capsule/test/crack/013.png'] 0.28577595949172974
['/mnt/dsc3032-gaya-shared/group6/datasets/MVTec_AD/capsule/test/crack/014.png'] 0.38180258870124817
['/mnt/dsc3032-gaya-shared/group6/datasets/MVTec_AD/capsule/test/crack/015.png'] 0.35520046949386597
['/mnt/dsc3032-gaya-shared/group6/datasets/MVTec_AD/capsule/test/crack/016.png'] 0.3124467730522156
['/mnt/dsc3032-gaya-shared/group6/datasets/MVTec_AD/capsule/test/crack/017.png'] 0.4555223286151886
['/mnt/dsc3032-gaya-shared/group6/datasets/MVTec_AD/capsule/test/crack/018.png'] 0.408577561378479
['/mnt/dsc3032-gaya-shared/group6/datasets/MVTec_AD/capsule/test/crack/019.png'] 0.38895946741104126
['/mnt/dsc3032-gaya-shared/group6/datasets/MVTec_AD/capsule/test/crack/020.png'] 0.2450571209192276
['/mnt/dsc3032-gaya-shared/group6/datasets/MVTec_AD/capsule/test/crack/021.png'] 0.25298526883125305
['/mnt/dsc3032-gaya-shared/group6/datasets/MVTec_AD/capsule/test/crack/022.png'] 0.25028061866760254
['/mnt/dsc3032-gaya-shared/group6/datasets/MVTec_AD/capsule/test/faulty_imprint/000.png'] 0.4598591923713684
['/mnt/dsc3032-gaya-shared/group6/datasets/MVTec_AD/capsule/test/faulty_imprint/001.png'] 0.3475244343280792
['/mnt/dsc3032-gaya-shared/group6/datasets/MVTec_AD/capsule/test/faulty_imprint/002.png'] 0.41974303126335144
['/mnt/dsc3032-gaya-shared/group6/datasets/MVTec_AD/capsule/test/faulty_imprint/003.png'] 0.30359676480293274
['/mnt/dsc3032-gaya-shared/group6/datasets/MVTec_AD/capsule/test/faulty_imprint/004.png'] 0.23940062522888184
['/mnt/dsc3032-gaya-shared/group6/datasets/MVTec_AD/capsule/test/faulty_imprint/005.png'] 0.2333100140094757
['/mnt/dsc3032-gaya-shared/group6/datasets/MVTec_AD/capsule/test/faulty_imprint/006.png'] 0.3266136050224304
['/mnt/dsc3032-gaya-shared/group6/datasets/MVTec_AD/capsule/test/faulty_imprint/007.png'] 0.35003042221069336
['/mnt/dsc3032-gaya-shared/group6/datasets/MVTec_AD/capsule/test/faulty_imprint/008.png'] 0.3606683015823364
['/mnt/dsc3032-gaya-shared/group6/datasets/MVTec_AD/capsule/test/faulty_imprint/009.png'] 0.31572288274765015
['/mnt/dsc3032-gaya-shared/group6/datasets/MVTec_AD/capsule/test/faulty_imprint/010.png'] 0.3659108579158783
['/mnt/dsc3032-gaya-shared/group6/datasets/MVTec_AD/capsule/test/faulty_imprint/011.png'] 0.25055497884750366
['/mnt/dsc3032-gaya-shared/group6/datasets/MVTec_AD/capsule/test/faulty_imprint/012.png'] 0.3330135643482208
['/mnt/dsc3032-gaya-shared/group6/datasets/MVTec_AD/capsule/test/faulty_imprint/013.png'] 0.2977176308631897
['/mnt/dsc3032-gaya-shared/group6/datasets/MVTec_AD/capsule/test/faulty_imprint/014.png'] 0.4327114224433899
['/mnt/dsc3032-gaya-shared/group6/datasets/MVTec_AD/capsule/test/faulty_imprint/015.png'] 0.38620203733444214
['/mnt/dsc3032-gaya-shared/group6/datasets/MVTec_AD/capsule/test/faulty_imprint/016.png'] 0.38707029819488525
['/mnt/dsc3032-gaya-shared/group6/datasets/MVTec_AD/capsule/test/faulty_imprint/017.png'] 0.41675007343292236
['/mnt/dsc3032-gaya-shared/group6/datasets/MVTec_AD/capsule/test/faulty_imprint/018.png'] 0.3085362911224365
['/mnt/dsc3032-gaya-shared/group6/datasets/MVTec_AD/capsule/test/faulty_imprint/019.png'] 0.257304310798645
['/mnt/dsc3032-gaya-shared/group6/datasets/MVTec_AD/capsule/test/faulty_imprint/020.png'] 0.30064839124679565
['/mnt/dsc3032-gaya-shared/group6/datasets/MVTec_AD/capsule/test/faulty_imprint/021.png'] 0.35366326570510864
['/mnt/dsc3032-gaya-shared/group6/datasets/MVTec_AD/capsule/test/good/000.png'] 0.2824980318546295
['/mnt/dsc3032-gaya-shared/group6/datasets/MVTec_AD/capsule/test/good/001.png'] 0.17742960155010223
['/mnt/dsc3032-gaya-shared/group6/datasets/MVTec_AD/capsule/test/good/002.png'] 0.2752560079097748
['/mnt/dsc3032-gaya-shared/group6/datasets/MVTec_AD/capsule/test/good/003.png'] 0.28191274404525757
['/mnt/dsc3032-gaya-shared/group6/datasets/MVTec_AD/capsule/test/good/004.png'] 0.2001846432685852
['/mnt/dsc3032-gaya-shared/group6/datasets/MVTec_AD/capsule/test/good/005.png'] 0.20454774796962738
['/mnt/dsc3032-gaya-shared/group6/datasets/MVTec_AD/capsule/test/good/006.png'] 0.2655523419380188
['/mnt/dsc3032-gaya-shared/group6/datasets/MVTec_AD/capsule/test/good/007.png'] 0.2617134153842926
['/mnt/dsc3032-gaya-shared/group6/datasets/MVTec_AD/capsule/test/good/008.png'] 0.20149803161621094
['/mnt/dsc3032-gaya-shared/group6/datasets/MVTec_AD/capsule/test/good/009.png'] 0.2732451260089874
['/mnt/dsc3032-gaya-shared/group6/datasets/MVTec_AD/capsule/test/good/010.png'] 0.32534927129745483
['/mnt/dsc3032-gaya-shared/group6/datasets/MVTec_AD/capsule/test/good/011.png'] 0.24842005968093872
['/mnt/dsc3032-gaya-shared/group6/datasets/MVTec_AD/capsule/test/good/012.png'] 0.24928690493106842
['/mnt/dsc3032-gaya-shared/group6/datasets/MVTec_AD/capsule/test/good/013.png'] 0.2897607386112213
['/mnt/dsc3032-gaya-shared/group6/datasets/MVTec_AD/capsule/test/good/014.png'] 0.23702369630336761
['/mnt/dsc3032-gaya-shared/group6/datasets/MVTec_AD/capsule/test/good/015.png'] 0.21036112308502197
['/mnt/dsc3032-gaya-shared/group6/datasets/MVTec_AD/capsule/test/good/016.png'] 0.21166570484638214
['/mnt/dsc3032-gaya-shared/group6/datasets/MVTec_AD/capsule/test/good/017.png'] 0.22277715802192688
['/mnt/dsc3032-gaya-shared/group6/datasets/MVTec_AD/capsule/test/good/018.png'] 0.22266240417957306
['/mnt/dsc3032-gaya-shared/group6/datasets/MVTec_AD/capsule/test/good/019.png'] 0.21047741174697876
['/mnt/dsc3032-gaya-shared/group6/datasets/MVTec_AD/capsule/test/good/020.png'] 0.27282458543777466
['/mnt/dsc3032-gaya-shared/group6/datasets/MVTec_AD/capsule/test/good/021.png'] 0.37199047207832336
['/mnt/dsc3032-gaya-shared/group6/datasets/MVTec_AD/capsule/test/good/022.png'] 0.29013460874557495
['/mnt/dsc3032-gaya-shared/group6/datasets/MVTec_AD/capsule/test/poke/000.png'] 0.45336073637008667
['/mnt/dsc3032-gaya-shared/group6/datasets/MVTec_AD/capsule/test/poke/001.png'] 0.26966530084609985
['/mnt/dsc3032-gaya-shared/group6/datasets/MVTec_AD/capsule/test/poke/002.png'] 0.2704712152481079
['/mnt/dsc3032-gaya-shared/group6/datasets/MVTec_AD/capsule/test/poke/003.png'] 0.3282197117805481
['/mnt/dsc3032-gaya-shared/group6/datasets/MVTec_AD/capsule/test/poke/004.png'] 0.37779903411865234
['/mnt/dsc3032-gaya-shared/group6/datasets/MVTec_AD/capsule/test/poke/005.png'] 0.3110174536705017
['/mnt/dsc3032-gaya-shared/group6/datasets/MVTec_AD/capsule/test/poke/006.png'] 0.3270983099937439
['/mnt/dsc3032-gaya-shared/group6/datasets/MVTec_AD/capsule/test/poke/007.png'] 0.31011101603507996
['/mnt/dsc3032-gaya-shared/group6/datasets/MVTec_AD/capsule/test/poke/008.png'] 0.4337977170944214
['/mnt/dsc3032-gaya-shared/group6/datasets/MVTec_AD/capsule/test/poke/009.png'] 0.30786699056625366
['/mnt/dsc3032-gaya-shared/group6/datasets/MVTec_AD/capsule/test/poke/010.png'] 0.30728185176849365
['/mnt/dsc3032-gaya-shared/group6/datasets/MVTec_AD/capsule/test/poke/011.png'] 0.30897974967956543
['/mnt/dsc3032-gaya-shared/group6/datasets/MVTec_AD/capsule/test/poke/012.png'] 0.371204674243927
['/mnt/dsc3032-gaya-shared/group6/datasets/MVTec_AD/capsule/test/poke/013.png'] 0.40392422676086426
['/mnt/dsc3032-gaya-shared/group6/datasets/MVTec_AD/capsule/test/poke/014.png'] 0.33876460790634155
['/mnt/dsc3032-gaya-shared/group6/datasets/MVTec_AD/capsule/test/poke/015.png'] 0.32660096883773804
['/mnt/dsc3032-gaya-shared/group6/datasets/MVTec_AD/capsule/test/poke/016.png'] 0.32808446884155273
['/mnt/dsc3032-gaya-shared/group6/datasets/MVTec_AD/capsule/test/poke/017.png'] 0.32275617122650146
['/mnt/dsc3032-gaya-shared/group6/datasets/MVTec_AD/capsule/test/poke/018.png'] 0.288817822933197
['/mnt/dsc3032-gaya-shared/group6/datasets/MVTec_AD/capsule/test/poke/019.png'] 0.3523101508617401
['/mnt/dsc3032-gaya-shared/group6/datasets/MVTec_AD/capsule/test/poke/020.png'] 0.4232743978500366
['/mnt/dsc3032-gaya-shared/group6/datasets/MVTec_AD/capsule/test/scratch/000.png'] 0.31836169958114624
['/mnt/dsc3032-gaya-shared/group6/datasets/MVTec_AD/capsule/test/scratch/001.png'] 0.2973599433898926
['/mnt/dsc3032-gaya-shared/group6/datasets/MVTec_AD/capsule/test/scratch/002.png'] 0.339519739151001
['/mnt/dsc3032-gaya-shared/group6/datasets/MVTec_AD/capsule/test/scratch/003.png'] 0.2759992480278015
['/mnt/dsc3032-gaya-shared/group6/datasets/MVTec_AD/capsule/test/scratch/004.png'] 0.35040414333343506
['/mnt/dsc3032-gaya-shared/group6/datasets/MVTec_AD/capsule/test/scratch/005.png'] 0.2762915790081024
['/mnt/dsc3032-gaya-shared/group6/datasets/MVTec_AD/capsule/test/scratch/006.png'] 0.3781889081001282
['/mnt/dsc3032-gaya-shared/group6/datasets/MVTec_AD/capsule/test/scratch/007.png'] 0.42031726241111755
['/mnt/dsc3032-gaya-shared/group6/datasets/MVTec_AD/capsule/test/scratch/008.png'] 0.4893651008605957
['/mnt/dsc3032-gaya-shared/group6/datasets/MVTec_AD/capsule/test/scratch/009.png'] 0.48007577657699585
['/mnt/dsc3032-gaya-shared/group6/datasets/MVTec_AD/capsule/test/scratch/010.png'] 0.4696589410305023
['/mnt/dsc3032-gaya-shared/group6/datasets/MVTec_AD/capsule/test/scratch/011.png'] 0.36599820852279663
['/mnt/dsc3032-gaya-shared/group6/datasets/MVTec_AD/capsule/test/scratch/012.png'] 0.41358882188796997
['/mnt/dsc3032-gaya-shared/group6/datasets/MVTec_AD/capsule/test/scratch/013.png'] 0.2922564744949341
['/mnt/dsc3032-gaya-shared/group6/datasets/MVTec_AD/capsule/test/scratch/014.png'] 0.4010823965072632
['/mnt/dsc3032-gaya-shared/group6/datasets/MVTec_AD/capsule/test/scratch/015.png'] 0.33742189407348633
['/mnt/dsc3032-gaya-shared/group6/datasets/MVTec_AD/capsule/test/scratch/016.png'] 0.3740294873714447
['/mnt/dsc3032-gaya-shared/group6/datasets/MVTec_AD/capsule/test/scratch/017.png'] 0.3110896646976471
['/mnt/dsc3032-gaya-shared/group6/datasets/MVTec_AD/capsule/test/scratch/018.png'] 0.3875938653945923
['/mnt/dsc3032-gaya-shared/group6/datasets/MVTec_AD/capsule/test/scratch/019.png'] 0.4410835802555084
['/mnt/dsc3032-gaya-shared/group6/datasets/MVTec_AD/capsule/test/scratch/020.png'] 0.38485124707221985
['/mnt/dsc3032-gaya-shared/group6/datasets/MVTec_AD/capsule/test/scratch/021.png'] 0.23616577684879303
['/mnt/dsc3032-gaya-shared/group6/datasets/MVTec_AD/capsule/test/scratch/022.png'] 0.38311612606048584
['/mnt/dsc3032-gaya-shared/group6/datasets/MVTec_AD/capsule/test/squeeze/000.png'] 0.42374521493911743
['/mnt/dsc3032-gaya-shared/group6/datasets/MVTec_AD/capsule/test/squeeze/001.png'] 0.31977391242980957
['/mnt/dsc3032-gaya-shared/group6/datasets/MVTec_AD/capsule/test/squeeze/002.png'] 0.2353774756193161
['/mnt/dsc3032-gaya-shared/group6/datasets/MVTec_AD/capsule/test/squeeze/003.png'] 0.3374520540237427
['/mnt/dsc3032-gaya-shared/group6/datasets/MVTec_AD/capsule/test/squeeze/004.png'] 0.24159200489521027
['/mnt/dsc3032-gaya-shared/group6/datasets/MVTec_AD/capsule/test/squeeze/005.png'] 0.27571985125541687
['/mnt/dsc3032-gaya-shared/group6/datasets/MVTec_AD/capsule/test/squeeze/006.png'] 0.47497063875198364
['/mnt/dsc3032-gaya-shared/group6/datasets/MVTec_AD/capsule/test/squeeze/007.png'] 0.3983357548713684
['/mnt/dsc3032-gaya-shared/group6/datasets/MVTec_AD/capsule/test/squeeze/008.png'] 0.3090972304344177
['/mnt/dsc3032-gaya-shared/group6/datasets/MVTec_AD/capsule/test/squeeze/009.png'] 0.39395037293434143
['/mnt/dsc3032-gaya-shared/group6/datasets/MVTec_AD/capsule/test/squeeze/010.png'] 0.2515069246292114
['/mnt/dsc3032-gaya-shared/group6/datasets/MVTec_AD/capsule/test/squeeze/011.png'] 0.41322973370552063
['/mnt/dsc3032-gaya-shared/group6/datasets/MVTec_AD/capsule/test/squeeze/012.png'] 0.31379538774490356
['/mnt/dsc3032-gaya-shared/group6/datasets/MVTec_AD/capsule/test/squeeze/013.png'] 0.3612799346446991
['/mnt/dsc3032-gaya-shared/group6/datasets/MVTec_AD/capsule/test/squeeze/014.png'] 0.2801620364189148
['/mnt/dsc3032-gaya-shared/group6/datasets/MVTec_AD/capsule/test/squeeze/015.png'] 0.3960338234901428
['/mnt/dsc3032-gaya-shared/group6/datasets/MVTec_AD/capsule/test/squeeze/016.png'] 0.45715880393981934
['/mnt/dsc3032-gaya-shared/group6/datasets/MVTec_AD/capsule/test/squeeze/017.png'] 0.23543405532836914
['/mnt/dsc3032-gaya-shared/group6/datasets/MVTec_AD/capsule/test/squeeze/018.png'] 0.3896566331386566
['/mnt/dsc3032-gaya-shared/group6/datasets/MVTec_AD/capsule/test/squeeze/019.png'] 0.35197436809539795
26-06-02 17:23:11.817 - INFO: 
| category   |   K-shots |   F1-Max(image) |   AUROC(image) |   F1-Max(pixel) |   AUROC(pixel) |
|:-----------|----------:|----------------:|---------------:|----------------:|---------------:|
| capsule    |         2 |           93.97 |          89.15 |            49.6 |          98.22 |
