/home/gaya6/LogSAD/dinov2/dinov2/layers/swiglu_ffn.py:43: UserWarning: xFormers is available (SwiGLU)
  warnings.warn("xFormers is available (SwiGLU)")
/home/gaya6/LogSAD/dinov2/dinov2/layers/attention.py:27: UserWarning: xFormers is available (Attention)
  warnings.warn("xFormers is available (Attention)")
/home/gaya6/LogSAD/dinov2/dinov2/layers/block.py:33: UserWarning: xFormers is available (Block)
  warnings.warn("xFormers is available (Block)")
['/mnt/dsc3032-gaya-shared/group6/datasets/MVTec_AD/carpet/test/color/000.png'] 0.5382970571517944
['/mnt/dsc3032-gaya-shared/group6/datasets/MVTec_AD/carpet/test/color/001.png'] 0.41439181566238403
['/mnt/dsc3032-gaya-shared/group6/datasets/MVTec_AD/carpet/test/color/002.png'] 0.41118425130844116
['/mnt/dsc3032-gaya-shared/group6/datasets/MVTec_AD/carpet/test/color/003.png'] 0.4382270574569702
['/mnt/dsc3032-gaya-shared/group6/datasets/MVTec_AD/carpet/test/color/004.png'] 0.411916047334671
['/mnt/dsc3032-gaya-shared/group6/datasets/MVTec_AD/carpet/test/color/005.png'] 0.2988504469394684
['/mnt/dsc3032-gaya-shared/group6/datasets/MVTec_AD/carpet/test/color/006.png'] 0.4003775119781494
['/mnt/dsc3032-gaya-shared/group6/datasets/MVTec_AD/carpet/test/color/007.png'] 0.4336206316947937
['/mnt/dsc3032-gaya-shared/group6/datasets/MVTec_AD/carpet/test/color/008.png'] 0.5412192940711975
['/mnt/dsc3032-gaya-shared/group6/datasets/MVTec_AD/carpet/test/color/009.png'] 0.4836065173149109
['/mnt/dsc3032-gaya-shared/group6/datasets/MVTec_AD/carpet/test/color/010.png'] 0.3940485417842865
['/mnt/dsc3032-gaya-shared/group6/datasets/MVTec_AD/carpet/test/color/011.png'] 0.604839563369751
['/mnt/dsc3032-gaya-shared/group6/datasets/MVTec_AD/carpet/test/color/012.png'] 0.5607160329818726
['/mnt/dsc3032-gaya-shared/group6/datasets/MVTec_AD/carpet/test/color/013.png'] 0.5814845561981201
['/mnt/dsc3032-gaya-shared/group6/datasets/MVTec_AD/carpet/test/color/014.png'] 0.5661582946777344
['/mnt/dsc3032-gaya-shared/group6/datasets/MVTec_AD/carpet/test/color/015.png'] 0.5420837998390198
['/mnt/dsc3032-gaya-shared/group6/datasets/MVTec_AD/carpet/test/color/016.png'] 0.42315366864204407
['/mnt/dsc3032-gaya-shared/group6/datasets/MVTec_AD/carpet/test/color/017.png'] 0.336015522480011
['/mnt/dsc3032-gaya-shared/group6/datasets/MVTec_AD/carpet/test/color/018.png'] 0.44149208068847656
['/mnt/dsc3032-gaya-shared/group6/datasets/MVTec_AD/carpet/test/cut/000.png'] 0.45632404088974
['/mnt/dsc3032-gaya-shared/group6/datasets/MVTec_AD/carpet/test/cut/001.png'] 0.4229468107223511
['/mnt/dsc3032-gaya-shared/group6/datasets/MVTec_AD/carpet/test/cut/002.png'] 0.4802369773387909
['/mnt/dsc3032-gaya-shared/group6/datasets/MVTec_AD/carpet/test/cut/003.png'] 0.4351297616958618
['/mnt/dsc3032-gaya-shared/group6/datasets/MVTec_AD/carpet/test/cut/004.png'] 0.3203968405723572
['/mnt/dsc3032-gaya-shared/group6/datasets/MVTec_AD/carpet/test/cut/005.png'] 0.32276198267936707
['/mnt/dsc3032-gaya-shared/group6/datasets/MVTec_AD/carpet/test/cut/006.png'] 0.4402151107788086
['/mnt/dsc3032-gaya-shared/group6/datasets/MVTec_AD/carpet/test/cut/007.png'] 0.3403441309928894
['/mnt/dsc3032-gaya-shared/group6/datasets/MVTec_AD/carpet/test/cut/008.png'] 0.35460397601127625
['/mnt/dsc3032-gaya-shared/group6/datasets/MVTec_AD/carpet/test/cut/009.png'] 0.4639508128166199
['/mnt/dsc3032-gaya-shared/group6/datasets/MVTec_AD/carpet/test/cut/010.png'] 0.43170225620269775
['/mnt/dsc3032-gaya-shared/group6/datasets/MVTec_AD/carpet/test/cut/011.png'] 0.4558921754360199
['/mnt/dsc3032-gaya-shared/group6/datasets/MVTec_AD/carpet/test/cut/012.png'] 0.5415694117546082
['/mnt/dsc3032-gaya-shared/group6/datasets/MVTec_AD/carpet/test/cut/013.png'] 0.42434969544410706
['/mnt/dsc3032-gaya-shared/group6/datasets/MVTec_AD/carpet/test/cut/014.png'] 0.465347021818161
['/mnt/dsc3032-gaya-shared/group6/datasets/MVTec_AD/carpet/test/cut/015.png'] 0.5201166868209839
['/mnt/dsc3032-gaya-shared/group6/datasets/MVTec_AD/carpet/test/cut/016.png'] 0.4173796772956848
['/mnt/dsc3032-gaya-shared/group6/datasets/MVTec_AD/carpet/test/good/000.png'] 0.24117133021354675
['/mnt/dsc3032-gaya-shared/group6/datasets/MVTec_AD/carpet/test/good/001.png'] 0.24909164011478424
['/mnt/dsc3032-gaya-shared/group6/datasets/MVTec_AD/carpet/test/good/002.png'] 0.23123542964458466
['/mnt/dsc3032-gaya-shared/group6/datasets/MVTec_AD/carpet/test/good/003.png'] 0.25357678532600403
['/mnt/dsc3032-gaya-shared/group6/datasets/MVTec_AD/carpet/test/good/004.png'] 0.2597907781600952
['/mnt/dsc3032-gaya-shared/group6/datasets/MVTec_AD/carpet/test/good/005.png'] 0.31840991973876953
['/mnt/dsc3032-gaya-shared/group6/datasets/MVTec_AD/carpet/test/good/006.png'] 0.25369828939437866
['/mnt/dsc3032-gaya-shared/group6/datasets/MVTec_AD/carpet/test/good/007.png'] 0.2684888243675232
['/mnt/dsc3032-gaya-shared/group6/datasets/MVTec_AD/carpet/test/good/008.png'] 0.25528883934020996
['/mnt/dsc3032-gaya-shared/group6/datasets/MVTec_AD/carpet/test/good/009.png'] 0.2343057543039322
['/mnt/dsc3032-gaya-shared/group6/datasets/MVTec_AD/carpet/test/good/010.png'] 0.2235926240682602
['/mnt/dsc3032-gaya-shared/group6/datasets/MVTec_AD/carpet/test/good/011.png'] 0.2357361912727356
['/mnt/dsc3032-gaya-shared/group6/datasets/MVTec_AD/carpet/test/good/012.png'] 0.2541739344596863
['/mnt/dsc3032-gaya-shared/group6/datasets/MVTec_AD/carpet/test/good/013.png'] 0.23246148228645325
['/mnt/dsc3032-gaya-shared/group6/datasets/MVTec_AD/carpet/test/good/014.png'] 0.2855459451675415
['/mnt/dsc3032-gaya-shared/group6/datasets/MVTec_AD/carpet/test/good/015.png'] 0.24396942555904388
['/mnt/dsc3032-gaya-shared/group6/datasets/MVTec_AD/carpet/test/good/016.png'] 0.23499217629432678
['/mnt/dsc3032-gaya-shared/group6/datasets/MVTec_AD/carpet/test/good/017.png'] 0.24426241219043732
['/mnt/dsc3032-gaya-shared/group6/datasets/MVTec_AD/carpet/test/good/018.png'] 0.22928264737129211
['/mnt/dsc3032-gaya-shared/group6/datasets/MVTec_AD/carpet/test/good/019.png'] 0.3066473603248596
['/mnt/dsc3032-gaya-shared/group6/datasets/MVTec_AD/carpet/test/good/020.png'] 0.22793424129486084
['/mnt/dsc3032-gaya-shared/group6/datasets/MVTec_AD/carpet/test/good/021.png'] 0.23047465085983276
['/mnt/dsc3032-gaya-shared/group6/datasets/MVTec_AD/carpet/test/good/022.png'] 0.37031984329223633
['/mnt/dsc3032-gaya-shared/group6/datasets/MVTec_AD/carpet/test/good/023.png'] 0.2759307026863098
['/mnt/dsc3032-gaya-shared/group6/datasets/MVTec_AD/carpet/test/good/024.png'] 0.24855057895183563
['/mnt/dsc3032-gaya-shared/group6/datasets/MVTec_AD/carpet/test/good/025.png'] 0.28108543157577515
['/mnt/dsc3032-gaya-shared/group6/datasets/MVTec_AD/carpet/test/good/026.png'] 0.271135151386261
['/mnt/dsc3032-gaya-shared/group6/datasets/MVTec_AD/carpet/test/good/027.png'] 0.27083224058151245
['/mnt/dsc3032-gaya-shared/group6/datasets/MVTec_AD/carpet/test/hole/000.png'] 0.36773207783699036
['/mnt/dsc3032-gaya-shared/group6/datasets/MVTec_AD/carpet/test/hole/001.png'] 0.29899245500564575
['/mnt/dsc3032-gaya-shared/group6/datasets/MVTec_AD/carpet/test/hole/002.png'] 0.35571515560150146
['/mnt/dsc3032-gaya-shared/group6/datasets/MVTec_AD/carpet/test/hole/003.png'] 0.4216747283935547
['/mnt/dsc3032-gaya-shared/group6/datasets/MVTec_AD/carpet/test/hole/004.png'] 0.42453575134277344
['/mnt/dsc3032-gaya-shared/group6/datasets/MVTec_AD/carpet/test/hole/005.png'] 0.3326886296272278
['/mnt/dsc3032-gaya-shared/group6/datasets/MVTec_AD/carpet/test/hole/006.png'] 0.49538737535476685
['/mnt/dsc3032-gaya-shared/group6/datasets/MVTec_AD/carpet/test/hole/007.png'] 0.58017897605896
['/mnt/dsc3032-gaya-shared/group6/datasets/MVTec_AD/carpet/test/hole/008.png'] 0.5300313830375671
['/mnt/dsc3032-gaya-shared/group6/datasets/MVTec_AD/carpet/test/hole/009.png'] 0.4490589201450348
['/mnt/dsc3032-gaya-shared/group6/datasets/MVTec_AD/carpet/test/hole/010.png'] 0.4901749789714813
['/mnt/dsc3032-gaya-shared/group6/datasets/MVTec_AD/carpet/test/hole/011.png'] 0.3818260431289673
['/mnt/dsc3032-gaya-shared/group6/datasets/MVTec_AD/carpet/test/hole/012.png'] 0.357418030500412
['/mnt/dsc3032-gaya-shared/group6/datasets/MVTec_AD/carpet/test/hole/013.png'] 0.3780849575996399
['/mnt/dsc3032-gaya-shared/group6/datasets/MVTec_AD/carpet/test/hole/014.png'] 0.45578527450561523
['/mnt/dsc3032-gaya-shared/group6/datasets/MVTec_AD/carpet/test/hole/015.png'] 0.35013067722320557
['/mnt/dsc3032-gaya-shared/group6/datasets/MVTec_AD/carpet/test/hole/016.png'] 0.3387349843978882
['/mnt/dsc3032-gaya-shared/group6/datasets/MVTec_AD/carpet/test/metal_contamination/000.png'] 0.4157465994358063
['/mnt/dsc3032-gaya-shared/group6/datasets/MVTec_AD/carpet/test/metal_contamination/001.png'] 0.4134863615036011
['/mnt/dsc3032-gaya-shared/group6/datasets/MVTec_AD/carpet/test/metal_contamination/002.png'] 0.4932875633239746
['/mnt/dsc3032-gaya-shared/group6/datasets/MVTec_AD/carpet/test/metal_contamination/003.png'] 0.40642088651657104
['/mnt/dsc3032-gaya-shared/group6/datasets/MVTec_AD/carpet/test/metal_contamination/004.png'] 0.5434700846672058
['/mnt/dsc3032-gaya-shared/group6/datasets/MVTec_AD/carpet/test/metal_contamination/005.png'] 0.537367045879364
['/mnt/dsc3032-gaya-shared/group6/datasets/MVTec_AD/carpet/test/metal_contamination/006.png'] 0.537220299243927
['/mnt/dsc3032-gaya-shared/group6/datasets/MVTec_AD/carpet/test/metal_contamination/007.png'] 0.5187603235244751
['/mnt/dsc3032-gaya-shared/group6/datasets/MVTec_AD/carpet/test/metal_contamination/008.png'] 0.5156538486480713
['/mnt/dsc3032-gaya-shared/group6/datasets/MVTec_AD/carpet/test/metal_contamination/009.png'] 0.4751194715499878
['/mnt/dsc3032-gaya-shared/group6/datasets/MVTec_AD/carpet/test/metal_contamination/010.png'] 0.5259641408920288
['/mnt/dsc3032-gaya-shared/group6/datasets/MVTec_AD/carpet/test/metal_contamination/011.png'] 0.397632360458374
['/mnt/dsc3032-gaya-shared/group6/datasets/MVTec_AD/carpet/test/metal_contamination/012.png'] 0.5180833339691162
['/mnt/dsc3032-gaya-shared/group6/datasets/MVTec_AD/carpet/test/metal_contamination/013.png'] 0.5019555687904358
['/mnt/dsc3032-gaya-shared/group6/datasets/MVTec_AD/carpet/test/metal_contamination/014.png'] 0.37697672843933105
['/mnt/dsc3032-gaya-shared/group6/datasets/MVTec_AD/carpet/test/metal_contamination/015.png'] 0.4354027509689331
['/mnt/dsc3032-gaya-shared/group6/datasets/MVTec_AD/carpet/test/metal_contamination/016.png'] 0.4814096689224243
['/mnt/dsc3032-gaya-shared/group6/datasets/MVTec_AD/carpet/test/thread/000.png'] 0.4046282470226288
['/mnt/dsc3032-gaya-shared/group6/datasets/MVTec_AD/carpet/test/thread/001.png'] 0.33119797706604004
['/mnt/dsc3032-gaya-shared/group6/datasets/MVTec_AD/carpet/test/thread/002.png'] 0.4732862710952759
['/mnt/dsc3032-gaya-shared/group6/datasets/MVTec_AD/carpet/test/thread/003.png'] 0.4155207872390747
['/mnt/dsc3032-gaya-shared/group6/datasets/MVTec_AD/carpet/test/thread/004.png'] 0.4092921018600464
['/mnt/dsc3032-gaya-shared/group6/datasets/MVTec_AD/carpet/test/thread/005.png'] 0.5177427530288696
['/mnt/dsc3032-gaya-shared/group6/datasets/MVTec_AD/carpet/test/thread/006.png'] 0.46901679039001465
['/mnt/dsc3032-gaya-shared/group6/datasets/MVTec_AD/carpet/test/thread/007.png'] 0.4068412184715271
['/mnt/dsc3032-gaya-shared/group6/datasets/MVTec_AD/carpet/test/thread/008.png'] 0.5450053215026855
['/mnt/dsc3032-gaya-shared/group6/datasets/MVTec_AD/carpet/test/thread/009.png'] 0.3140726387500763
['/mnt/dsc3032-gaya-shared/group6/datasets/MVTec_AD/carpet/test/thread/010.png'] 0.5132818222045898
['/mnt/dsc3032-gaya-shared/group6/datasets/MVTec_AD/carpet/test/thread/011.png'] 0.3915042281150818
['/mnt/dsc3032-gaya-shared/group6/datasets/MVTec_AD/carpet/test/thread/012.png'] 0.46353864669799805
['/mnt/dsc3032-gaya-shared/group6/datasets/MVTec_AD/carpet/test/thread/013.png'] 0.4709421694278717
['/mnt/dsc3032-gaya-shared/group6/datasets/MVTec_AD/carpet/test/thread/014.png'] 0.28462547063827515
['/mnt/dsc3032-gaya-shared/group6/datasets/MVTec_AD/carpet/test/thread/015.png'] 0.45908045768737793
['/mnt/dsc3032-gaya-shared/group6/datasets/MVTec_AD/carpet/test/thread/016.png'] 0.4355114698410034
['/mnt/dsc3032-gaya-shared/group6/datasets/MVTec_AD/carpet/test/thread/017.png'] 0.47208505868911743
['/mnt/dsc3032-gaya-shared/group6/datasets/MVTec_AD/carpet/test/thread/018.png'] 0.34197020530700684
26-06-02 17:23:57.049 - INFO: 
| category   |   K-shots |   F1-Max(image) |   AUROC(image) |   F1-Max(pixel) |   AUROC(pixel) |
|:-----------|----------:|----------------:|---------------:|----------------:|---------------:|
| carpet     |         2 |            97.8 |             99 |           71.32 |          99.28 |
