/home/gaya6/LogSAD/dinov2/dinov2/layers/swiglu_ffn.py:43: UserWarning: xFormers is available (SwiGLU)
  warnings.warn("xFormers is available (SwiGLU)")
/home/gaya6/LogSAD/dinov2/dinov2/layers/attention.py:27: UserWarning: xFormers is available (Attention)
  warnings.warn("xFormers is available (Attention)")
/home/gaya6/LogSAD/dinov2/dinov2/layers/block.py:33: UserWarning: xFormers is available (Block)
  warnings.warn("xFormers is available (Block)")
['/mnt/dsc3032-gaya-shared/group6/datasets/MVTec_AD/grid/test/bent/000.png'] 0.461320698261261
['/mnt/dsc3032-gaya-shared/group6/datasets/MVTec_AD/grid/test/bent/001.png'] 0.38236552476882935
['/mnt/dsc3032-gaya-shared/group6/datasets/MVTec_AD/grid/test/bent/002.png'] 0.3878598213195801
['/mnt/dsc3032-gaya-shared/group6/datasets/MVTec_AD/grid/test/bent/003.png'] 0.3701086640357971
['/mnt/dsc3032-gaya-shared/group6/datasets/MVTec_AD/grid/test/bent/004.png'] 0.370632529258728
['/mnt/dsc3032-gaya-shared/group6/datasets/MVTec_AD/grid/test/bent/005.png'] 0.4193025529384613
['/mnt/dsc3032-gaya-shared/group6/datasets/MVTec_AD/grid/test/bent/006.png'] 0.3993462324142456
['/mnt/dsc3032-gaya-shared/group6/datasets/MVTec_AD/grid/test/bent/007.png'] 0.3508664071559906
['/mnt/dsc3032-gaya-shared/group6/datasets/MVTec_AD/grid/test/bent/008.png'] 0.35586869716644287
['/mnt/dsc3032-gaya-shared/group6/datasets/MVTec_AD/grid/test/bent/009.png'] 0.4287354350090027
['/mnt/dsc3032-gaya-shared/group6/datasets/MVTec_AD/grid/test/bent/010.png'] 0.4711184501647949
['/mnt/dsc3032-gaya-shared/group6/datasets/MVTec_AD/grid/test/bent/011.png'] 0.4243488311767578
['/mnt/dsc3032-gaya-shared/group6/datasets/MVTec_AD/grid/test/broken/000.png'] 0.47797080874443054
['/mnt/dsc3032-gaya-shared/group6/datasets/MVTec_AD/grid/test/broken/001.png'] 0.45159241557121277
['/mnt/dsc3032-gaya-shared/group6/datasets/MVTec_AD/grid/test/broken/002.png'] 0.4706345796585083
['/mnt/dsc3032-gaya-shared/group6/datasets/MVTec_AD/grid/test/broken/003.png'] 0.49197590351104736
['/mnt/dsc3032-gaya-shared/group6/datasets/MVTec_AD/grid/test/broken/004.png'] 0.47905415296554565
['/mnt/dsc3032-gaya-shared/group6/datasets/MVTec_AD/grid/test/broken/005.png'] 0.4862060546875
['/mnt/dsc3032-gaya-shared/group6/datasets/MVTec_AD/grid/test/broken/006.png'] 0.521669328212738
['/mnt/dsc3032-gaya-shared/group6/datasets/MVTec_AD/grid/test/broken/007.png'] 0.46238160133361816
['/mnt/dsc3032-gaya-shared/group6/datasets/MVTec_AD/grid/test/broken/008.png'] 0.41442039608955383
['/mnt/dsc3032-gaya-shared/group6/datasets/MVTec_AD/grid/test/broken/009.png'] 0.4931454658508301
['/mnt/dsc3032-gaya-shared/group6/datasets/MVTec_AD/grid/test/broken/010.png'] 0.45444971323013306
['/mnt/dsc3032-gaya-shared/group6/datasets/MVTec_AD/grid/test/broken/011.png'] 0.3694193661212921
['/mnt/dsc3032-gaya-shared/group6/datasets/MVTec_AD/grid/test/glue/000.png'] 0.4101727306842804
['/mnt/dsc3032-gaya-shared/group6/datasets/MVTec_AD/grid/test/glue/001.png'] 0.36490052938461304
['/mnt/dsc3032-gaya-shared/group6/datasets/MVTec_AD/grid/test/glue/002.png'] 0.40730392932891846
['/mnt/dsc3032-gaya-shared/group6/datasets/MVTec_AD/grid/test/glue/003.png'] 0.3785005211830139
['/mnt/dsc3032-gaya-shared/group6/datasets/MVTec_AD/grid/test/glue/004.png'] 0.44075778126716614
['/mnt/dsc3032-gaya-shared/group6/datasets/MVTec_AD/grid/test/glue/005.png'] 0.4730544686317444
['/mnt/dsc3032-gaya-shared/group6/datasets/MVTec_AD/grid/test/glue/006.png'] 0.40397119522094727
['/mnt/dsc3032-gaya-shared/group6/datasets/MVTec_AD/grid/test/glue/007.png'] 0.362918883562088
['/mnt/dsc3032-gaya-shared/group6/datasets/MVTec_AD/grid/test/glue/008.png'] 0.31649816036224365
['/mnt/dsc3032-gaya-shared/group6/datasets/MVTec_AD/grid/test/glue/009.png'] 0.3781629204750061
['/mnt/dsc3032-gaya-shared/group6/datasets/MVTec_AD/grid/test/glue/010.png'] 0.4518522024154663
['/mnt/dsc3032-gaya-shared/group6/datasets/MVTec_AD/grid/test/good/000.png'] 0.2828959822654724
['/mnt/dsc3032-gaya-shared/group6/datasets/MVTec_AD/grid/test/good/001.png'] 0.30914708971977234
['/mnt/dsc3032-gaya-shared/group6/datasets/MVTec_AD/grid/test/good/002.png'] 0.32770413160324097
['/mnt/dsc3032-gaya-shared/group6/datasets/MVTec_AD/grid/test/good/003.png'] 0.2799360752105713
['/mnt/dsc3032-gaya-shared/group6/datasets/MVTec_AD/grid/test/good/004.png'] 0.33245664834976196
['/mnt/dsc3032-gaya-shared/group6/datasets/MVTec_AD/grid/test/good/005.png'] 0.34287217259407043
['/mnt/dsc3032-gaya-shared/group6/datasets/MVTec_AD/grid/test/good/006.png'] 0.32181793451309204
['/mnt/dsc3032-gaya-shared/group6/datasets/MVTec_AD/grid/test/good/007.png'] 0.33913904428482056
['/mnt/dsc3032-gaya-shared/group6/datasets/MVTec_AD/grid/test/good/008.png'] 0.3007233738899231
['/mnt/dsc3032-gaya-shared/group6/datasets/MVTec_AD/grid/test/good/009.png'] 0.3865714967250824
['/mnt/dsc3032-gaya-shared/group6/datasets/MVTec_AD/grid/test/good/010.png'] 0.3424326181411743
['/mnt/dsc3032-gaya-shared/group6/datasets/MVTec_AD/grid/test/good/011.png'] 0.3108181357383728
['/mnt/dsc3032-gaya-shared/group6/datasets/MVTec_AD/grid/test/good/012.png'] 0.36635586619377136
['/mnt/dsc3032-gaya-shared/group6/datasets/MVTec_AD/grid/test/good/013.png'] 0.2730196714401245
['/mnt/dsc3032-gaya-shared/group6/datasets/MVTec_AD/grid/test/good/014.png'] 0.32879555225372314
['/mnt/dsc3032-gaya-shared/group6/datasets/MVTec_AD/grid/test/good/015.png'] 0.2909313440322876
['/mnt/dsc3032-gaya-shared/group6/datasets/MVTec_AD/grid/test/good/016.png'] 0.29474759101867676
['/mnt/dsc3032-gaya-shared/group6/datasets/MVTec_AD/grid/test/good/017.png'] 0.3266814649105072
['/mnt/dsc3032-gaya-shared/group6/datasets/MVTec_AD/grid/test/good/018.png'] 0.3355778753757477
['/mnt/dsc3032-gaya-shared/group6/datasets/MVTec_AD/grid/test/good/019.png'] 0.31573134660720825
['/mnt/dsc3032-gaya-shared/group6/datasets/MVTec_AD/grid/test/good/020.png'] 0.3198692202568054
['/mnt/dsc3032-gaya-shared/group6/datasets/MVTec_AD/grid/test/metal_contamination/000.png'] 0.46010759472846985
['/mnt/dsc3032-gaya-shared/group6/datasets/MVTec_AD/grid/test/metal_contamination/001.png'] 0.5000859498977661
['/mnt/dsc3032-gaya-shared/group6/datasets/MVTec_AD/grid/test/metal_contamination/002.png'] 0.47504252195358276
['/mnt/dsc3032-gaya-shared/group6/datasets/MVTec_AD/grid/test/metal_contamination/003.png'] 0.4475553631782532
['/mnt/dsc3032-gaya-shared/group6/datasets/MVTec_AD/grid/test/metal_contamination/004.png'] 0.4379551410675049
['/mnt/dsc3032-gaya-shared/group6/datasets/MVTec_AD/grid/test/metal_contamination/005.png'] 0.4515666365623474
['/mnt/dsc3032-gaya-shared/group6/datasets/MVTec_AD/grid/test/metal_contamination/006.png'] 0.3859404921531677
['/mnt/dsc3032-gaya-shared/group6/datasets/MVTec_AD/grid/test/metal_contamination/007.png'] 0.4477388262748718
['/mnt/dsc3032-gaya-shared/group6/datasets/MVTec_AD/grid/test/metal_contamination/008.png'] 0.46405866742134094
['/mnt/dsc3032-gaya-shared/group6/datasets/MVTec_AD/grid/test/metal_contamination/009.png'] 0.378415584564209
['/mnt/dsc3032-gaya-shared/group6/datasets/MVTec_AD/grid/test/metal_contamination/010.png'] 0.4254700243473053
['/mnt/dsc3032-gaya-shared/group6/datasets/MVTec_AD/grid/test/thread/000.png'] 0.4494335651397705
['/mnt/dsc3032-gaya-shared/group6/datasets/MVTec_AD/grid/test/thread/001.png'] 0.5149471759796143
['/mnt/dsc3032-gaya-shared/group6/datasets/MVTec_AD/grid/test/thread/002.png'] 0.3736426830291748
['/mnt/dsc3032-gaya-shared/group6/datasets/MVTec_AD/grid/test/thread/003.png'] 0.34538784623146057
['/mnt/dsc3032-gaya-shared/group6/datasets/MVTec_AD/grid/test/thread/004.png'] 0.47340065240859985
['/mnt/dsc3032-gaya-shared/group6/datasets/MVTec_AD/grid/test/thread/005.png'] 0.47578445076942444
['/mnt/dsc3032-gaya-shared/group6/datasets/MVTec_AD/grid/test/thread/006.png'] 0.3636436462402344
['/mnt/dsc3032-gaya-shared/group6/datasets/MVTec_AD/grid/test/thread/007.png'] 0.43498677015304565
['/mnt/dsc3032-gaya-shared/group6/datasets/MVTec_AD/grid/test/thread/008.png'] 0.42271196842193604
['/mnt/dsc3032-gaya-shared/group6/datasets/MVTec_AD/grid/test/thread/009.png'] 0.4332839250564575
['/mnt/dsc3032-gaya-shared/group6/datasets/MVTec_AD/grid/test/thread/010.png'] 0.37877580523490906
26-06-02 17:24:34.141 - INFO: 
| category   |   K-shots |   F1-Max(image) |   AUROC(image) |   F1-Max(pixel) |   AUROC(pixel) |
|:-----------|----------:|----------------:|---------------:|----------------:|---------------:|
| grid       |         2 |           97.39 |          97.16 |           51.58 |          99.22 |
