/home/gaya6/LogSAD/dinov2/dinov2/layers/swiglu_ffn.py:43: UserWarning: xFormers is available (SwiGLU)
  warnings.warn("xFormers is available (SwiGLU)")
/home/gaya6/LogSAD/dinov2/dinov2/layers/attention.py:27: UserWarning: xFormers is available (Attention)
  warnings.warn("xFormers is available (Attention)")
/home/gaya6/LogSAD/dinov2/dinov2/layers/block.py:33: UserWarning: xFormers is available (Block)
  warnings.warn("xFormers is available (Block)")
['/mnt/dsc3032-gaya-shared/group6/datasets/MVTec_AD/hazelnut/test/crack/000.png'] 0.47901567816734314
['/mnt/dsc3032-gaya-shared/group6/datasets/MVTec_AD/hazelnut/test/crack/001.png'] 0.5042489171028137
['/mnt/dsc3032-gaya-shared/group6/datasets/MVTec_AD/hazelnut/test/crack/002.png'] 0.4945359230041504
['/mnt/dsc3032-gaya-shared/group6/datasets/MVTec_AD/hazelnut/test/crack/003.png'] 0.4610280692577362
['/mnt/dsc3032-gaya-shared/group6/datasets/MVTec_AD/hazelnut/test/crack/004.png'] 0.4373849034309387
['/mnt/dsc3032-gaya-shared/group6/datasets/MVTec_AD/hazelnut/test/crack/005.png'] 0.4974002540111542
['/mnt/dsc3032-gaya-shared/group6/datasets/MVTec_AD/hazelnut/test/crack/006.png'] 0.4719204008579254
['/mnt/dsc3032-gaya-shared/group6/datasets/MVTec_AD/hazelnut/test/crack/007.png'] 0.44727060198783875
['/mnt/dsc3032-gaya-shared/group6/datasets/MVTec_AD/hazelnut/test/crack/008.png'] 0.5419135689735413
['/mnt/dsc3032-gaya-shared/group6/datasets/MVTec_AD/hazelnut/test/crack/009.png'] 0.4810549020767212
['/mnt/dsc3032-gaya-shared/group6/datasets/MVTec_AD/hazelnut/test/crack/010.png'] 0.4220964312553406
['/mnt/dsc3032-gaya-shared/group6/datasets/MVTec_AD/hazelnut/test/crack/011.png'] 0.45587390661239624
['/mnt/dsc3032-gaya-shared/group6/datasets/MVTec_AD/hazelnut/test/crack/012.png'] 0.42042964696884155
['/mnt/dsc3032-gaya-shared/group6/datasets/MVTec_AD/hazelnut/test/crack/013.png'] 0.47449153661727905
['/mnt/dsc3032-gaya-shared/group6/datasets/MVTec_AD/hazelnut/test/crack/014.png'] 0.44176656007766724
['/mnt/dsc3032-gaya-shared/group6/datasets/MVTec_AD/hazelnut/test/crack/015.png'] 0.48849862813949585
['/mnt/dsc3032-gaya-shared/group6/datasets/MVTec_AD/hazelnut/test/crack/016.png'] 0.4207786023616791
['/mnt/dsc3032-gaya-shared/group6/datasets/MVTec_AD/hazelnut/test/crack/017.png'] 0.4438628554344177
['/mnt/dsc3032-gaya-shared/group6/datasets/MVTec_AD/hazelnut/test/cut/000.png'] 0.3794116973876953
['/mnt/dsc3032-gaya-shared/group6/datasets/MVTec_AD/hazelnut/test/cut/001.png'] 0.4044867753982544
['/mnt/dsc3032-gaya-shared/group6/datasets/MVTec_AD/hazelnut/test/cut/002.png'] 0.380645215511322
['/mnt/dsc3032-gaya-shared/group6/datasets/MVTec_AD/hazelnut/test/cut/003.png'] 0.4368181824684143
['/mnt/dsc3032-gaya-shared/group6/datasets/MVTec_AD/hazelnut/test/cut/004.png'] 0.4015964865684509
['/mnt/dsc3032-gaya-shared/group6/datasets/MVTec_AD/hazelnut/test/cut/005.png'] 0.42746827006340027
['/mnt/dsc3032-gaya-shared/group6/datasets/MVTec_AD/hazelnut/test/cut/006.png'] 0.41909390687942505
['/mnt/dsc3032-gaya-shared/group6/datasets/MVTec_AD/hazelnut/test/cut/007.png'] 0.4677947163581848
['/mnt/dsc3032-gaya-shared/group6/datasets/MVTec_AD/hazelnut/test/cut/008.png'] 0.4765380620956421
['/mnt/dsc3032-gaya-shared/group6/datasets/MVTec_AD/hazelnut/test/cut/009.png'] 0.36740005016326904
['/mnt/dsc3032-gaya-shared/group6/datasets/MVTec_AD/hazelnut/test/cut/010.png'] 0.4386223256587982
['/mnt/dsc3032-gaya-shared/group6/datasets/MVTec_AD/hazelnut/test/cut/011.png'] 0.41133302450180054
['/mnt/dsc3032-gaya-shared/group6/datasets/MVTec_AD/hazelnut/test/cut/012.png'] 0.4445856809616089
['/mnt/dsc3032-gaya-shared/group6/datasets/MVTec_AD/hazelnut/test/cut/013.png'] 0.3949066996574402
['/mnt/dsc3032-gaya-shared/group6/datasets/MVTec_AD/hazelnut/test/cut/014.png'] 0.44013720750808716
['/mnt/dsc3032-gaya-shared/group6/datasets/MVTec_AD/hazelnut/test/cut/015.png'] 0.47334611415863037
['/mnt/dsc3032-gaya-shared/group6/datasets/MVTec_AD/hazelnut/test/cut/016.png'] 0.49934500455856323
['/mnt/dsc3032-gaya-shared/group6/datasets/MVTec_AD/hazelnut/test/good/000.png'] 0.3127674460411072
['/mnt/dsc3032-gaya-shared/group6/datasets/MVTec_AD/hazelnut/test/good/001.png'] 0.34067341685295105
['/mnt/dsc3032-gaya-shared/group6/datasets/MVTec_AD/hazelnut/test/good/002.png'] 0.38533270359039307
['/mnt/dsc3032-gaya-shared/group6/datasets/MVTec_AD/hazelnut/test/good/003.png'] 0.2908276319503784
['/mnt/dsc3032-gaya-shared/group6/datasets/MVTec_AD/hazelnut/test/good/004.png'] 0.310982346534729
['/mnt/dsc3032-gaya-shared/group6/datasets/MVTec_AD/hazelnut/test/good/005.png'] 0.28919652104377747
['/mnt/dsc3032-gaya-shared/group6/datasets/MVTec_AD/hazelnut/test/good/006.png'] 0.25744736194610596
['/mnt/dsc3032-gaya-shared/group6/datasets/MVTec_AD/hazelnut/test/good/007.png'] 0.3149997591972351
['/mnt/dsc3032-gaya-shared/group6/datasets/MVTec_AD/hazelnut/test/good/008.png'] 0.33096081018447876
['/mnt/dsc3032-gaya-shared/group6/datasets/MVTec_AD/hazelnut/test/good/009.png'] 0.28034508228302
['/mnt/dsc3032-gaya-shared/group6/datasets/MVTec_AD/hazelnut/test/good/010.png'] 0.3121819496154785
['/mnt/dsc3032-gaya-shared/group6/datasets/MVTec_AD/hazelnut/test/good/011.png'] 0.33981162309646606
['/mnt/dsc3032-gaya-shared/group6/datasets/MVTec_AD/hazelnut/test/good/012.png'] 0.32469022274017334
['/mnt/dsc3032-gaya-shared/group6/datasets/MVTec_AD/hazelnut/test/good/013.png'] 0.30889612436294556
['/mnt/dsc3032-gaya-shared/group6/datasets/MVTec_AD/hazelnut/test/good/014.png'] 0.2793479561805725
['/mnt/dsc3032-gaya-shared/group6/datasets/MVTec_AD/hazelnut/test/good/015.png'] 0.29025888442993164
['/mnt/dsc3032-gaya-shared/group6/datasets/MVTec_AD/hazelnut/test/good/016.png'] 0.294565886259079
['/mnt/dsc3032-gaya-shared/group6/datasets/MVTec_AD/hazelnut/test/good/017.png'] 0.23032820224761963
['/mnt/dsc3032-gaya-shared/group6/datasets/MVTec_AD/hazelnut/test/good/018.png'] 0.34971821308135986
['/mnt/dsc3032-gaya-shared/group6/datasets/MVTec_AD/hazelnut/test/good/019.png'] 0.26392871141433716
['/mnt/dsc3032-gaya-shared/group6/datasets/MVTec_AD/hazelnut/test/good/020.png'] 0.34493526816368103
['/mnt/dsc3032-gaya-shared/group6/datasets/MVTec_AD/hazelnut/test/good/021.png'] 0.30951595306396484
['/mnt/dsc3032-gaya-shared/group6/datasets/MVTec_AD/hazelnut/test/good/022.png'] 0.2500046491622925
['/mnt/dsc3032-gaya-shared/group6/datasets/MVTec_AD/hazelnut/test/good/023.png'] 0.30359381437301636
['/mnt/dsc3032-gaya-shared/group6/datasets/MVTec_AD/hazelnut/test/good/024.png'] 0.2895260453224182
['/mnt/dsc3032-gaya-shared/group6/datasets/MVTec_AD/hazelnut/test/good/025.png'] 0.3229132294654846
['/mnt/dsc3032-gaya-shared/group6/datasets/MVTec_AD/hazelnut/test/good/026.png'] 0.24907398223876953
['/mnt/dsc3032-gaya-shared/group6/datasets/MVTec_AD/hazelnut/test/good/027.png'] 0.29539814591407776
['/mnt/dsc3032-gaya-shared/group6/datasets/MVTec_AD/hazelnut/test/good/028.png'] 0.32659393548965454
['/mnt/dsc3032-gaya-shared/group6/datasets/MVTec_AD/hazelnut/test/good/029.png'] 0.27131208777427673
['/mnt/dsc3032-gaya-shared/group6/datasets/MVTec_AD/hazelnut/test/good/030.png'] 0.3285427689552307
['/mnt/dsc3032-gaya-shared/group6/datasets/MVTec_AD/hazelnut/test/good/031.png'] 0.26213690638542175
['/mnt/dsc3032-gaya-shared/group6/datasets/MVTec_AD/hazelnut/test/good/032.png'] 0.27472811937332153
['/mnt/dsc3032-gaya-shared/group6/datasets/MVTec_AD/hazelnut/test/good/033.png'] 0.28745025396347046
['/mnt/dsc3032-gaya-shared/group6/datasets/MVTec_AD/hazelnut/test/good/034.png'] 0.29093173146247864
['/mnt/dsc3032-gaya-shared/group6/datasets/MVTec_AD/hazelnut/test/good/035.png'] 0.2952656149864197
['/mnt/dsc3032-gaya-shared/group6/datasets/MVTec_AD/hazelnut/test/good/036.png'] 0.3847868740558624
['/mnt/dsc3032-gaya-shared/group6/datasets/MVTec_AD/hazelnut/test/good/037.png'] 0.2799580693244934
['/mnt/dsc3032-gaya-shared/group6/datasets/MVTec_AD/hazelnut/test/good/038.png'] 0.264504611492157
['/mnt/dsc3032-gaya-shared/group6/datasets/MVTec_AD/hazelnut/test/good/039.png'] 0.3295343816280365
['/mnt/dsc3032-gaya-shared/group6/datasets/MVTec_AD/hazelnut/test/hole/000.png'] 0.5145224928855896
['/mnt/dsc3032-gaya-shared/group6/datasets/MVTec_AD/hazelnut/test/hole/001.png'] 0.5716602802276611
['/mnt/dsc3032-gaya-shared/group6/datasets/MVTec_AD/hazelnut/test/hole/002.png'] 0.4887402653694153
['/mnt/dsc3032-gaya-shared/group6/datasets/MVTec_AD/hazelnut/test/hole/003.png'] 0.562052845954895
['/mnt/dsc3032-gaya-shared/group6/datasets/MVTec_AD/hazelnut/test/hole/004.png'] 0.5395125150680542
['/mnt/dsc3032-gaya-shared/group6/datasets/MVTec_AD/hazelnut/test/hole/005.png'] 0.5158588290214539
['/mnt/dsc3032-gaya-shared/group6/datasets/MVTec_AD/hazelnut/test/hole/006.png'] 0.5148394107818604
['/mnt/dsc3032-gaya-shared/group6/datasets/MVTec_AD/hazelnut/test/hole/007.png'] 0.5685325264930725
['/mnt/dsc3032-gaya-shared/group6/datasets/MVTec_AD/hazelnut/test/hole/008.png'] 0.503920316696167
['/mnt/dsc3032-gaya-shared/group6/datasets/MVTec_AD/hazelnut/test/hole/009.png'] 0.511253833770752
['/mnt/dsc3032-gaya-shared/group6/datasets/MVTec_AD/hazelnut/test/hole/010.png'] 0.5195490121841431
['/mnt/dsc3032-gaya-shared/group6/datasets/MVTec_AD/hazelnut/test/hole/011.png'] 0.5280134677886963
['/mnt/dsc3032-gaya-shared/group6/datasets/MVTec_AD/hazelnut/test/hole/012.png'] 0.5442202091217041
['/mnt/dsc3032-gaya-shared/group6/datasets/MVTec_AD/hazelnut/test/hole/013.png'] 0.5100455284118652
['/mnt/dsc3032-gaya-shared/group6/datasets/MVTec_AD/hazelnut/test/hole/014.png'] 0.5330264568328857
['/mnt/dsc3032-gaya-shared/group6/datasets/MVTec_AD/hazelnut/test/hole/015.png'] 0.5565050840377808
['/mnt/dsc3032-gaya-shared/group6/datasets/MVTec_AD/hazelnut/test/hole/016.png'] 0.47581854462623596
['/mnt/dsc3032-gaya-shared/group6/datasets/MVTec_AD/hazelnut/test/hole/017.png'] 0.49278536438941956
['/mnt/dsc3032-gaya-shared/group6/datasets/MVTec_AD/hazelnut/test/print/000.png'] 0.5182579755783081
['/mnt/dsc3032-gaya-shared/group6/datasets/MVTec_AD/hazelnut/test/print/001.png'] 0.5049679279327393
['/mnt/dsc3032-gaya-shared/group6/datasets/MVTec_AD/hazelnut/test/print/002.png'] 0.5740444660186768
['/mnt/dsc3032-gaya-shared/group6/datasets/MVTec_AD/hazelnut/test/print/003.png'] 0.42137983441352844
['/mnt/dsc3032-gaya-shared/group6/datasets/MVTec_AD/hazelnut/test/print/004.png'] 0.509610652923584
['/mnt/dsc3032-gaya-shared/group6/datasets/MVTec_AD/hazelnut/test/print/005.png'] 0.5160813927650452
['/mnt/dsc3032-gaya-shared/group6/datasets/MVTec_AD/hazelnut/test/print/006.png'] 0.5444976687431335
['/mnt/dsc3032-gaya-shared/group6/datasets/MVTec_AD/hazelnut/test/print/007.png'] 0.5080925822257996
['/mnt/dsc3032-gaya-shared/group6/datasets/MVTec_AD/hazelnut/test/print/008.png'] 0.6613163948059082
['/mnt/dsc3032-gaya-shared/group6/datasets/MVTec_AD/hazelnut/test/print/009.png'] 0.48441293835639954
['/mnt/dsc3032-gaya-shared/group6/datasets/MVTec_AD/hazelnut/test/print/010.png'] 0.5158488750457764
['/mnt/dsc3032-gaya-shared/group6/datasets/MVTec_AD/hazelnut/test/print/011.png'] 0.5598717331886292
['/mnt/dsc3032-gaya-shared/group6/datasets/MVTec_AD/hazelnut/test/print/012.png'] 0.5779002904891968
['/mnt/dsc3032-gaya-shared/group6/datasets/MVTec_AD/hazelnut/test/print/013.png'] 0.4652670621871948
['/mnt/dsc3032-gaya-shared/group6/datasets/MVTec_AD/hazelnut/test/print/014.png'] 0.4576084613800049
['/mnt/dsc3032-gaya-shared/group6/datasets/MVTec_AD/hazelnut/test/print/015.png'] 0.45686477422714233
['/mnt/dsc3032-gaya-shared/group6/datasets/MVTec_AD/hazelnut/test/print/016.png'] 0.4716629385948181
26-06-02 17:25:19.501 - INFO: 
| category   |   K-shots |   F1-Max(image) |   AUROC(image) |   F1-Max(pixel) |   AUROC(pixel) |
|:-----------|----------:|----------------:|---------------:|----------------:|---------------:|
| hazelnut   |         2 |           98.59 |          99.79 |           73.81 |          99.33 |
