/home/gaya6/LogSAD/dinov2/dinov2/layers/swiglu_ffn.py:43: UserWarning: xFormers is available (SwiGLU)
  warnings.warn("xFormers is available (SwiGLU)")
/home/gaya6/LogSAD/dinov2/dinov2/layers/attention.py:27: UserWarning: xFormers is available (Attention)
  warnings.warn("xFormers is available (Attention)")
/home/gaya6/LogSAD/dinov2/dinov2/layers/block.py:33: UserWarning: xFormers is available (Block)
  warnings.warn("xFormers is available (Block)")
['/mnt/dsc3032-gaya-shared/group6/datasets/MVTec_AD/leather/test/color/000.png'] 0.6011701226234436
['/mnt/dsc3032-gaya-shared/group6/datasets/MVTec_AD/leather/test/color/001.png'] 0.5884917974472046
['/mnt/dsc3032-gaya-shared/group6/datasets/MVTec_AD/leather/test/color/002.png'] 0.5587269067764282
['/mnt/dsc3032-gaya-shared/group6/datasets/MVTec_AD/leather/test/color/003.png'] 0.5307978987693787
['/mnt/dsc3032-gaya-shared/group6/datasets/MVTec_AD/leather/test/color/004.png'] 0.5505470633506775
['/mnt/dsc3032-gaya-shared/group6/datasets/MVTec_AD/leather/test/color/005.png'] 0.589752197265625
['/mnt/dsc3032-gaya-shared/group6/datasets/MVTec_AD/leather/test/color/006.png'] 0.5648239254951477
['/mnt/dsc3032-gaya-shared/group6/datasets/MVTec_AD/leather/test/color/007.png'] 0.5810346007347107
['/mnt/dsc3032-gaya-shared/group6/datasets/MVTec_AD/leather/test/color/008.png'] 0.5999327898025513
['/mnt/dsc3032-gaya-shared/group6/datasets/MVTec_AD/leather/test/color/009.png'] 0.5904020071029663
['/mnt/dsc3032-gaya-shared/group6/datasets/MVTec_AD/leather/test/color/010.png'] 0.572209894657135
['/mnt/dsc3032-gaya-shared/group6/datasets/MVTec_AD/leather/test/color/011.png'] 0.6157418489456177
['/mnt/dsc3032-gaya-shared/group6/datasets/MVTec_AD/leather/test/color/012.png'] 0.6245097517967224
['/mnt/dsc3032-gaya-shared/group6/datasets/MVTec_AD/leather/test/color/013.png'] 0.5738334655761719
['/mnt/dsc3032-gaya-shared/group6/datasets/MVTec_AD/leather/test/color/014.png'] 0.5448505878448486
['/mnt/dsc3032-gaya-shared/group6/datasets/MVTec_AD/leather/test/color/015.png'] 0.5970086455345154
['/mnt/dsc3032-gaya-shared/group6/datasets/MVTec_AD/leather/test/color/016.png'] 0.5428286790847778
['/mnt/dsc3032-gaya-shared/group6/datasets/MVTec_AD/leather/test/color/017.png'] 0.6028026342391968
['/mnt/dsc3032-gaya-shared/group6/datasets/MVTec_AD/leather/test/color/018.png'] 0.5993953943252563
['/mnt/dsc3032-gaya-shared/group6/datasets/MVTec_AD/leather/test/cut/000.png'] 0.606566309928894
['/mnt/dsc3032-gaya-shared/group6/datasets/MVTec_AD/leather/test/cut/001.png'] 0.5886097550392151
['/mnt/dsc3032-gaya-shared/group6/datasets/MVTec_AD/leather/test/cut/002.png'] 0.45585891604423523
['/mnt/dsc3032-gaya-shared/group6/datasets/MVTec_AD/leather/test/cut/003.png'] 0.6906322240829468
['/mnt/dsc3032-gaya-shared/group6/datasets/MVTec_AD/leather/test/cut/004.png'] 0.6086658835411072
['/mnt/dsc3032-gaya-shared/group6/datasets/MVTec_AD/leather/test/cut/005.png'] 0.5418819189071655
['/mnt/dsc3032-gaya-shared/group6/datasets/MVTec_AD/leather/test/cut/006.png'] 0.563439667224884
['/mnt/dsc3032-gaya-shared/group6/datasets/MVTec_AD/leather/test/cut/007.png'] 0.6547713279724121
['/mnt/dsc3032-gaya-shared/group6/datasets/MVTec_AD/leather/test/cut/008.png'] 0.6157176494598389
['/mnt/dsc3032-gaya-shared/group6/datasets/MVTec_AD/leather/test/cut/009.png'] 0.5234783887863159
['/mnt/dsc3032-gaya-shared/group6/datasets/MVTec_AD/leather/test/cut/010.png'] 0.5121778249740601
['/mnt/dsc3032-gaya-shared/group6/datasets/MVTec_AD/leather/test/cut/011.png'] 0.49725186824798584
['/mnt/dsc3032-gaya-shared/group6/datasets/MVTec_AD/leather/test/cut/012.png'] 0.5666218996047974
['/mnt/dsc3032-gaya-shared/group6/datasets/MVTec_AD/leather/test/cut/013.png'] 0.5421687960624695
['/mnt/dsc3032-gaya-shared/group6/datasets/MVTec_AD/leather/test/cut/014.png'] 0.47389546036720276
['/mnt/dsc3032-gaya-shared/group6/datasets/MVTec_AD/leather/test/cut/015.png'] 0.508625864982605
['/mnt/dsc3032-gaya-shared/group6/datasets/MVTec_AD/leather/test/cut/016.png'] 0.6258054971694946
['/mnt/dsc3032-gaya-shared/group6/datasets/MVTec_AD/leather/test/cut/017.png'] 0.5763898491859436
['/mnt/dsc3032-gaya-shared/group6/datasets/MVTec_AD/leather/test/cut/018.png'] 0.5921235084533691
['/mnt/dsc3032-gaya-shared/group6/datasets/MVTec_AD/leather/test/fold/000.png'] 0.5975009202957153
['/mnt/dsc3032-gaya-shared/group6/datasets/MVTec_AD/leather/test/fold/001.png'] 0.5172739028930664
['/mnt/dsc3032-gaya-shared/group6/datasets/MVTec_AD/leather/test/fold/002.png'] 0.5631365776062012
['/mnt/dsc3032-gaya-shared/group6/datasets/MVTec_AD/leather/test/fold/003.png'] 0.5240902900695801
['/mnt/dsc3032-gaya-shared/group6/datasets/MVTec_AD/leather/test/fold/004.png'] 0.6015933752059937
['/mnt/dsc3032-gaya-shared/group6/datasets/MVTec_AD/leather/test/fold/005.png'] 0.5492098927497864
['/mnt/dsc3032-gaya-shared/group6/datasets/MVTec_AD/leather/test/fold/006.png'] 0.5368022322654724
['/mnt/dsc3032-gaya-shared/group6/datasets/MVTec_AD/leather/test/fold/007.png'] 0.5410899519920349
['/mnt/dsc3032-gaya-shared/group6/datasets/MVTec_AD/leather/test/fold/008.png'] 0.5341338515281677
['/mnt/dsc3032-gaya-shared/group6/datasets/MVTec_AD/leather/test/fold/009.png'] 0.5722097158432007
['/mnt/dsc3032-gaya-shared/group6/datasets/MVTec_AD/leather/test/fold/010.png'] 0.4710503816604614
['/mnt/dsc3032-gaya-shared/group6/datasets/MVTec_AD/leather/test/fold/011.png'] 0.5011324882507324
['/mnt/dsc3032-gaya-shared/group6/datasets/MVTec_AD/leather/test/fold/012.png'] 0.5441541075706482
['/mnt/dsc3032-gaya-shared/group6/datasets/MVTec_AD/leather/test/fold/013.png'] 0.3976345658302307
['/mnt/dsc3032-gaya-shared/group6/datasets/MVTec_AD/leather/test/fold/014.png'] 0.6064163446426392
['/mnt/dsc3032-gaya-shared/group6/datasets/MVTec_AD/leather/test/fold/015.png'] 0.5558352470397949
['/mnt/dsc3032-gaya-shared/group6/datasets/MVTec_AD/leather/test/fold/016.png'] 0.518257737159729
['/mnt/dsc3032-gaya-shared/group6/datasets/MVTec_AD/leather/test/glue/000.png'] 0.6565934419631958
['/mnt/dsc3032-gaya-shared/group6/datasets/MVTec_AD/leather/test/glue/001.png'] 0.5251566171646118
['/mnt/dsc3032-gaya-shared/group6/datasets/MVTec_AD/leather/test/glue/002.png'] 0.6269744634628296
['/mnt/dsc3032-gaya-shared/group6/datasets/MVTec_AD/leather/test/glue/003.png'] 0.6064493656158447
['/mnt/dsc3032-gaya-shared/group6/datasets/MVTec_AD/leather/test/glue/004.png'] 0.5069562792778015
['/mnt/dsc3032-gaya-shared/group6/datasets/MVTec_AD/leather/test/glue/005.png'] 0.6888754367828369
['/mnt/dsc3032-gaya-shared/group6/datasets/MVTec_AD/leather/test/glue/006.png'] 0.6110268235206604
['/mnt/dsc3032-gaya-shared/group6/datasets/MVTec_AD/leather/test/glue/007.png'] 0.5953307151794434
['/mnt/dsc3032-gaya-shared/group6/datasets/MVTec_AD/leather/test/glue/008.png'] 0.618391215801239
['/mnt/dsc3032-gaya-shared/group6/datasets/MVTec_AD/leather/test/glue/009.png'] 0.5094571113586426
['/mnt/dsc3032-gaya-shared/group6/datasets/MVTec_AD/leather/test/glue/010.png'] 0.4341096878051758
['/mnt/dsc3032-gaya-shared/group6/datasets/MVTec_AD/leather/test/glue/011.png'] 0.5401900410652161
['/mnt/dsc3032-gaya-shared/group6/datasets/MVTec_AD/leather/test/glue/012.png'] 0.5324116945266724
['/mnt/dsc3032-gaya-shared/group6/datasets/MVTec_AD/leather/test/glue/013.png'] 0.6913332939147949
['/mnt/dsc3032-gaya-shared/group6/datasets/MVTec_AD/leather/test/glue/014.png'] 0.6728206872940063
['/mnt/dsc3032-gaya-shared/group6/datasets/MVTec_AD/leather/test/glue/015.png'] 0.6878117322921753
['/mnt/dsc3032-gaya-shared/group6/datasets/MVTec_AD/leather/test/glue/016.png'] 0.4840923547744751
['/mnt/dsc3032-gaya-shared/group6/datasets/MVTec_AD/leather/test/glue/017.png'] 0.6261066198348999
['/mnt/dsc3032-gaya-shared/group6/datasets/MVTec_AD/leather/test/glue/018.png'] 0.6221827864646912
['/mnt/dsc3032-gaya-shared/group6/datasets/MVTec_AD/leather/test/good/000.png'] 0.2735530734062195
['/mnt/dsc3032-gaya-shared/group6/datasets/MVTec_AD/leather/test/good/001.png'] 0.2515644431114197
['/mnt/dsc3032-gaya-shared/group6/datasets/MVTec_AD/leather/test/good/002.png'] 0.220463365316391
['/mnt/dsc3032-gaya-shared/group6/datasets/MVTec_AD/leather/test/good/003.png'] 0.1921853870153427
['/mnt/dsc3032-gaya-shared/group6/datasets/MVTec_AD/leather/test/good/004.png'] 0.2203010469675064
['/mnt/dsc3032-gaya-shared/group6/datasets/MVTec_AD/leather/test/good/005.png'] 0.22896414995193481
['/mnt/dsc3032-gaya-shared/group6/datasets/MVTec_AD/leather/test/good/006.png'] 0.24301671981811523
['/mnt/dsc3032-gaya-shared/group6/datasets/MVTec_AD/leather/test/good/007.png'] 0.20139773190021515
['/mnt/dsc3032-gaya-shared/group6/datasets/MVTec_AD/leather/test/good/008.png'] 0.22140741348266602
['/mnt/dsc3032-gaya-shared/group6/datasets/MVTec_AD/leather/test/good/009.png'] 0.25090348720550537
['/mnt/dsc3032-gaya-shared/group6/datasets/MVTec_AD/leather/test/good/010.png'] 0.22181351482868195
['/mnt/dsc3032-gaya-shared/group6/datasets/MVTec_AD/leather/test/good/011.png'] 0.24043402075767517
['/mnt/dsc3032-gaya-shared/group6/datasets/MVTec_AD/leather/test/good/012.png'] 0.2417609691619873
['/mnt/dsc3032-gaya-shared/group6/datasets/MVTec_AD/leather/test/good/013.png'] 0.2274884730577469
['/mnt/dsc3032-gaya-shared/group6/datasets/MVTec_AD/leather/test/good/014.png'] 0.20208294689655304
['/mnt/dsc3032-gaya-shared/group6/datasets/MVTec_AD/leather/test/good/015.png'] 0.19717925786972046
['/mnt/dsc3032-gaya-shared/group6/datasets/MVTec_AD/leather/test/good/016.png'] 0.20588502287864685
['/mnt/dsc3032-gaya-shared/group6/datasets/MVTec_AD/leather/test/good/017.png'] 0.21842752397060394
['/mnt/dsc3032-gaya-shared/group6/datasets/MVTec_AD/leather/test/good/018.png'] 0.2397068291902542
['/mnt/dsc3032-gaya-shared/group6/datasets/MVTec_AD/leather/test/good/019.png'] 0.21657072007656097
['/mnt/dsc3032-gaya-shared/group6/datasets/MVTec_AD/leather/test/good/020.png'] 0.19654981791973114
['/mnt/dsc3032-gaya-shared/group6/datasets/MVTec_AD/leather/test/good/021.png'] 0.19051843881607056
['/mnt/dsc3032-gaya-shared/group6/datasets/MVTec_AD/leather/test/good/022.png'] 0.23369072377681732
['/mnt/dsc3032-gaya-shared/group6/datasets/MVTec_AD/leather/test/good/023.png'] 0.21566812694072723
['/mnt/dsc3032-gaya-shared/group6/datasets/MVTec_AD/leather/test/good/024.png'] 0.26152944564819336
['/mnt/dsc3032-gaya-shared/group6/datasets/MVTec_AD/leather/test/good/025.png'] 0.32404202222824097
['/mnt/dsc3032-gaya-shared/group6/datasets/MVTec_AD/leather/test/good/026.png'] 0.20000120997428894
['/mnt/dsc3032-gaya-shared/group6/datasets/MVTec_AD/leather/test/good/027.png'] 0.18868471682071686
['/mnt/dsc3032-gaya-shared/group6/datasets/MVTec_AD/leather/test/good/028.png'] 0.22806289792060852
['/mnt/dsc3032-gaya-shared/group6/datasets/MVTec_AD/leather/test/good/029.png'] 0.21389172971248627
['/mnt/dsc3032-gaya-shared/group6/datasets/MVTec_AD/leather/test/good/030.png'] 0.46360576152801514
['/mnt/dsc3032-gaya-shared/group6/datasets/MVTec_AD/leather/test/good/031.png'] 0.30551302433013916
['/mnt/dsc3032-gaya-shared/group6/datasets/MVTec_AD/leather/test/poke/000.png'] 0.5137969851493835
['/mnt/dsc3032-gaya-shared/group6/datasets/MVTec_AD/leather/test/poke/001.png'] 0.4958910346031189
['/mnt/dsc3032-gaya-shared/group6/datasets/MVTec_AD/leather/test/poke/002.png'] 0.46579310297966003
['/mnt/dsc3032-gaya-shared/group6/datasets/MVTec_AD/leather/test/poke/003.png'] 0.5596520304679871
['/mnt/dsc3032-gaya-shared/group6/datasets/MVTec_AD/leather/test/poke/004.png'] 0.6046042442321777
['/mnt/dsc3032-gaya-shared/group6/datasets/MVTec_AD/leather/test/poke/005.png'] 0.6077118515968323
['/mnt/dsc3032-gaya-shared/group6/datasets/MVTec_AD/leather/test/poke/006.png'] 0.44750022888183594
['/mnt/dsc3032-gaya-shared/group6/datasets/MVTec_AD/leather/test/poke/007.png'] 0.6090314388275146
['/mnt/dsc3032-gaya-shared/group6/datasets/MVTec_AD/leather/test/poke/008.png'] 0.6454373598098755
['/mnt/dsc3032-gaya-shared/group6/datasets/MVTec_AD/leather/test/poke/009.png'] 0.6249061822891235
['/mnt/dsc3032-gaya-shared/group6/datasets/MVTec_AD/leather/test/poke/010.png'] 0.5413623452186584
['/mnt/dsc3032-gaya-shared/group6/datasets/MVTec_AD/leather/test/poke/011.png'] 0.6136950850486755
['/mnt/dsc3032-gaya-shared/group6/datasets/MVTec_AD/leather/test/poke/012.png'] 0.5759041905403137
['/mnt/dsc3032-gaya-shared/group6/datasets/MVTec_AD/leather/test/poke/013.png'] 0.5683326721191406
['/mnt/dsc3032-gaya-shared/group6/datasets/MVTec_AD/leather/test/poke/014.png'] 0.5402226448059082
['/mnt/dsc3032-gaya-shared/group6/datasets/MVTec_AD/leather/test/poke/015.png'] 0.6296988725662231
['/mnt/dsc3032-gaya-shared/group6/datasets/MVTec_AD/leather/test/poke/016.png'] 0.6095947027206421
['/mnt/dsc3032-gaya-shared/group6/datasets/MVTec_AD/leather/test/poke/017.png'] 0.5998066663742065
26-06-02 17:26:07.503 - INFO: 
| category   |   K-shots |   F1-Max(image) |   AUROC(image) |   F1-Max(pixel) |   AUROC(pixel) |
|:-----------|----------:|----------------:|---------------:|----------------:|---------------:|
| leather    |         2 |           99.46 |          99.86 |           52.63 |          99.51 |
