/home/gaya6/LogSAD/dinov2/dinov2/layers/swiglu_ffn.py:43: UserWarning: xFormers is available (SwiGLU)
  warnings.warn("xFormers is available (SwiGLU)")
/home/gaya6/LogSAD/dinov2/dinov2/layers/attention.py:27: UserWarning: xFormers is available (Attention)
  warnings.warn("xFormers is available (Attention)")
/home/gaya6/LogSAD/dinov2/dinov2/layers/block.py:33: UserWarning: xFormers is available (Block)
  warnings.warn("xFormers is available (Block)")
['/mnt/dsc3032-gaya-shared/group6/datasets/MVTec_AD/metal_nut/test/bent/000.png'] 0.42184460163116455
['/mnt/dsc3032-gaya-shared/group6/datasets/MVTec_AD/metal_nut/test/bent/001.png'] 0.3866291046142578
['/mnt/dsc3032-gaya-shared/group6/datasets/MVTec_AD/metal_nut/test/bent/002.png'] 0.4068174660205841
['/mnt/dsc3032-gaya-shared/group6/datasets/MVTec_AD/metal_nut/test/bent/003.png'] 0.4311797618865967
['/mnt/dsc3032-gaya-shared/group6/datasets/MVTec_AD/metal_nut/test/bent/004.png'] 0.3386026620864868
['/mnt/dsc3032-gaya-shared/group6/datasets/MVTec_AD/metal_nut/test/bent/005.png'] 0.4385719299316406
['/mnt/dsc3032-gaya-shared/group6/datasets/MVTec_AD/metal_nut/test/bent/006.png'] 0.35162410140037537
['/mnt/dsc3032-gaya-shared/group6/datasets/MVTec_AD/metal_nut/test/bent/007.png'] 0.3485760986804962
['/mnt/dsc3032-gaya-shared/group6/datasets/MVTec_AD/metal_nut/test/bent/008.png'] 0.4242638945579529
['/mnt/dsc3032-gaya-shared/group6/datasets/MVTec_AD/metal_nut/test/bent/009.png'] 0.43484359979629517
['/mnt/dsc3032-gaya-shared/group6/datasets/MVTec_AD/metal_nut/test/bent/010.png'] 0.5141815543174744
['/mnt/dsc3032-gaya-shared/group6/datasets/MVTec_AD/metal_nut/test/bent/011.png'] 0.4605066180229187
['/mnt/dsc3032-gaya-shared/group6/datasets/MVTec_AD/metal_nut/test/bent/012.png'] 0.48850858211517334
['/mnt/dsc3032-gaya-shared/group6/datasets/MVTec_AD/metal_nut/test/bent/013.png'] 0.39814525842666626
['/mnt/dsc3032-gaya-shared/group6/datasets/MVTec_AD/metal_nut/test/bent/014.png'] 0.36778730154037476
['/mnt/dsc3032-gaya-shared/group6/datasets/MVTec_AD/metal_nut/test/bent/015.png'] 0.5133230686187744
['/mnt/dsc3032-gaya-shared/group6/datasets/MVTec_AD/metal_nut/test/bent/016.png'] 0.463797390460968
['/mnt/dsc3032-gaya-shared/group6/datasets/MVTec_AD/metal_nut/test/bent/017.png'] 0.5566330552101135
['/mnt/dsc3032-gaya-shared/group6/datasets/MVTec_AD/metal_nut/test/bent/018.png'] 0.41625362634658813
['/mnt/dsc3032-gaya-shared/group6/datasets/MVTec_AD/metal_nut/test/bent/019.png'] 0.39494484663009644
['/mnt/dsc3032-gaya-shared/group6/datasets/MVTec_AD/metal_nut/test/bent/020.png'] 0.5385286808013916
['/mnt/dsc3032-gaya-shared/group6/datasets/MVTec_AD/metal_nut/test/bent/021.png'] 0.43754276633262634
['/mnt/dsc3032-gaya-shared/group6/datasets/MVTec_AD/metal_nut/test/bent/022.png'] 0.371576726436615
['/mnt/dsc3032-gaya-shared/group6/datasets/MVTec_AD/metal_nut/test/bent/023.png'] 0.44671398401260376
['/mnt/dsc3032-gaya-shared/group6/datasets/MVTec_AD/metal_nut/test/bent/024.png'] 0.4783613681793213
['/mnt/dsc3032-gaya-shared/group6/datasets/MVTec_AD/metal_nut/test/color/000.png'] 0.4240919351577759
['/mnt/dsc3032-gaya-shared/group6/datasets/MVTec_AD/metal_nut/test/color/001.png'] 0.5100222229957581
['/mnt/dsc3032-gaya-shared/group6/datasets/MVTec_AD/metal_nut/test/color/002.png'] 0.5657729506492615
['/mnt/dsc3032-gaya-shared/group6/datasets/MVTec_AD/metal_nut/test/color/003.png'] 0.5775973796844482
['/mnt/dsc3032-gaya-shared/group6/datasets/MVTec_AD/metal_nut/test/color/004.png'] 0.47487202286720276
['/mnt/dsc3032-gaya-shared/group6/datasets/MVTec_AD/metal_nut/test/color/005.png'] 0.49363479018211365
['/mnt/dsc3032-gaya-shared/group6/datasets/MVTec_AD/metal_nut/test/color/006.png'] 0.5016489624977112
['/mnt/dsc3032-gaya-shared/group6/datasets/MVTec_AD/metal_nut/test/color/007.png'] 0.45749104022979736
['/mnt/dsc3032-gaya-shared/group6/datasets/MVTec_AD/metal_nut/test/color/008.png'] 0.5439793467521667
['/mnt/dsc3032-gaya-shared/group6/datasets/MVTec_AD/metal_nut/test/color/009.png'] 0.5655257701873779
['/mnt/dsc3032-gaya-shared/group6/datasets/MVTec_AD/metal_nut/test/color/010.png'] 0.5318643450737
['/mnt/dsc3032-gaya-shared/group6/datasets/MVTec_AD/metal_nut/test/color/011.png'] 0.5295857191085815
['/mnt/dsc3032-gaya-shared/group6/datasets/MVTec_AD/metal_nut/test/color/012.png'] 0.5314943790435791
['/mnt/dsc3032-gaya-shared/group6/datasets/MVTec_AD/metal_nut/test/color/013.png'] 0.5927309989929199
['/mnt/dsc3032-gaya-shared/group6/datasets/MVTec_AD/metal_nut/test/color/014.png'] 0.5868873596191406
['/mnt/dsc3032-gaya-shared/group6/datasets/MVTec_AD/metal_nut/test/color/015.png'] 0.519062876701355
['/mnt/dsc3032-gaya-shared/group6/datasets/MVTec_AD/metal_nut/test/color/016.png'] 0.5384023189544678
['/mnt/dsc3032-gaya-shared/group6/datasets/MVTec_AD/metal_nut/test/color/017.png'] 0.5718290209770203
['/mnt/dsc3032-gaya-shared/group6/datasets/MVTec_AD/metal_nut/test/color/018.png'] 0.5102028846740723
['/mnt/dsc3032-gaya-shared/group6/datasets/MVTec_AD/metal_nut/test/color/019.png'] 0.555700421333313
['/mnt/dsc3032-gaya-shared/group6/datasets/MVTec_AD/metal_nut/test/color/020.png'] 0.5659232139587402
['/mnt/dsc3032-gaya-shared/group6/datasets/MVTec_AD/metal_nut/test/color/021.png'] 0.5092132091522217
['/mnt/dsc3032-gaya-shared/group6/datasets/MVTec_AD/metal_nut/test/flip/000.png'] 0.39884626865386963
['/mnt/dsc3032-gaya-shared/group6/datasets/MVTec_AD/metal_nut/test/flip/001.png'] 0.3701018691062927
['/mnt/dsc3032-gaya-shared/group6/datasets/MVTec_AD/metal_nut/test/flip/002.png'] 0.40815678238868713
['/mnt/dsc3032-gaya-shared/group6/datasets/MVTec_AD/metal_nut/test/flip/003.png'] 0.40286117792129517
['/mnt/dsc3032-gaya-shared/group6/datasets/MVTec_AD/metal_nut/test/flip/004.png'] 0.3982923626899719
['/mnt/dsc3032-gaya-shared/group6/datasets/MVTec_AD/metal_nut/test/flip/005.png'] 0.40029215812683105
['/mnt/dsc3032-gaya-shared/group6/datasets/MVTec_AD/metal_nut/test/flip/006.png'] 0.39724352955818176
['/mnt/dsc3032-gaya-shared/group6/datasets/MVTec_AD/metal_nut/test/flip/007.png'] 0.37782028317451477
['/mnt/dsc3032-gaya-shared/group6/datasets/MVTec_AD/metal_nut/test/flip/008.png'] 0.37084564566612244
['/mnt/dsc3032-gaya-shared/group6/datasets/MVTec_AD/metal_nut/test/flip/009.png'] 0.4249230623245239
['/mnt/dsc3032-gaya-shared/group6/datasets/MVTec_AD/metal_nut/test/flip/010.png'] 0.36918872594833374
['/mnt/dsc3032-gaya-shared/group6/datasets/MVTec_AD/metal_nut/test/flip/011.png'] 0.39148789644241333
['/mnt/dsc3032-gaya-shared/group6/datasets/MVTec_AD/metal_nut/test/flip/012.png'] 0.3731522858142853
['/mnt/dsc3032-gaya-shared/group6/datasets/MVTec_AD/metal_nut/test/flip/013.png'] 0.38335859775543213
['/mnt/dsc3032-gaya-shared/group6/datasets/MVTec_AD/metal_nut/test/flip/014.png'] 0.3882461190223694
['/mnt/dsc3032-gaya-shared/group6/datasets/MVTec_AD/metal_nut/test/flip/015.png'] 0.37642210721969604
['/mnt/dsc3032-gaya-shared/group6/datasets/MVTec_AD/metal_nut/test/flip/016.png'] 0.3762402832508087
['/mnt/dsc3032-gaya-shared/group6/datasets/MVTec_AD/metal_nut/test/flip/017.png'] 0.43549859523773193
['/mnt/dsc3032-gaya-shared/group6/datasets/MVTec_AD/metal_nut/test/flip/018.png'] 0.37243175506591797
['/mnt/dsc3032-gaya-shared/group6/datasets/MVTec_AD/metal_nut/test/flip/019.png'] 0.3819844126701355
['/mnt/dsc3032-gaya-shared/group6/datasets/MVTec_AD/metal_nut/test/flip/020.png'] 0.3781415522098541
['/mnt/dsc3032-gaya-shared/group6/datasets/MVTec_AD/metal_nut/test/flip/021.png'] 0.3770706057548523
['/mnt/dsc3032-gaya-shared/group6/datasets/MVTec_AD/metal_nut/test/flip/022.png'] 0.4112323522567749
['/mnt/dsc3032-gaya-shared/group6/datasets/MVTec_AD/metal_nut/test/good/000.png'] 0.2674693167209625
['/mnt/dsc3032-gaya-shared/group6/datasets/MVTec_AD/metal_nut/test/good/001.png'] 0.2430385798215866
['/mnt/dsc3032-gaya-shared/group6/datasets/MVTec_AD/metal_nut/test/good/002.png'] 0.23817242681980133
['/mnt/dsc3032-gaya-shared/group6/datasets/MVTec_AD/metal_nut/test/good/003.png'] 0.2751108705997467
['/mnt/dsc3032-gaya-shared/group6/datasets/MVTec_AD/metal_nut/test/good/004.png'] 0.28659987449645996
['/mnt/dsc3032-gaya-shared/group6/datasets/MVTec_AD/metal_nut/test/good/005.png'] 0.25533854961395264
['/mnt/dsc3032-gaya-shared/group6/datasets/MVTec_AD/metal_nut/test/good/006.png'] 0.3101990222930908
['/mnt/dsc3032-gaya-shared/group6/datasets/MVTec_AD/metal_nut/test/good/007.png'] 0.2947174906730652
['/mnt/dsc3032-gaya-shared/group6/datasets/MVTec_AD/metal_nut/test/good/008.png'] 0.2969073951244354
['/mnt/dsc3032-gaya-shared/group6/datasets/MVTec_AD/metal_nut/test/good/009.png'] 0.2998674511909485
['/mnt/dsc3032-gaya-shared/group6/datasets/MVTec_AD/metal_nut/test/good/010.png'] 0.28414303064346313
['/mnt/dsc3032-gaya-shared/group6/datasets/MVTec_AD/metal_nut/test/good/011.png'] 0.2954729497432709
['/mnt/dsc3032-gaya-shared/group6/datasets/MVTec_AD/metal_nut/test/good/012.png'] 0.29152607917785645
['/mnt/dsc3032-gaya-shared/group6/datasets/MVTec_AD/metal_nut/test/good/013.png'] 0.36948642134666443
['/mnt/dsc3032-gaya-shared/group6/datasets/MVTec_AD/metal_nut/test/good/014.png'] 0.27760159969329834
['/mnt/dsc3032-gaya-shared/group6/datasets/MVTec_AD/metal_nut/test/good/015.png'] 0.2624582350254059
['/mnt/dsc3032-gaya-shared/group6/datasets/MVTec_AD/metal_nut/test/good/016.png'] 0.3211091160774231
['/mnt/dsc3032-gaya-shared/group6/datasets/MVTec_AD/metal_nut/test/good/017.png'] 0.25973671674728394
['/mnt/dsc3032-gaya-shared/group6/datasets/MVTec_AD/metal_nut/test/good/018.png'] 0.26897361874580383
['/mnt/dsc3032-gaya-shared/group6/datasets/MVTec_AD/metal_nut/test/good/019.png'] 0.28148990869522095
['/mnt/dsc3032-gaya-shared/group6/datasets/MVTec_AD/metal_nut/test/good/020.png'] 0.30069810152053833
['/mnt/dsc3032-gaya-shared/group6/datasets/MVTec_AD/metal_nut/test/good/021.png'] 0.23496001958847046
['/mnt/dsc3032-gaya-shared/group6/datasets/MVTec_AD/metal_nut/test/scratch/000.png'] 0.42254161834716797
['/mnt/dsc3032-gaya-shared/group6/datasets/MVTec_AD/metal_nut/test/scratch/001.png'] 0.42007043957710266
['/mnt/dsc3032-gaya-shared/group6/datasets/MVTec_AD/metal_nut/test/scratch/002.png'] 0.49474334716796875
['/mnt/dsc3032-gaya-shared/group6/datasets/MVTec_AD/metal_nut/test/scratch/003.png'] 0.3845636546611786
['/mnt/dsc3032-gaya-shared/group6/datasets/MVTec_AD/metal_nut/test/scratch/004.png'] 0.4901966452598572
['/mnt/dsc3032-gaya-shared/group6/datasets/MVTec_AD/metal_nut/test/scratch/005.png'] 0.4177107810974121
['/mnt/dsc3032-gaya-shared/group6/datasets/MVTec_AD/metal_nut/test/scratch/006.png'] 0.47694194316864014
['/mnt/dsc3032-gaya-shared/group6/datasets/MVTec_AD/metal_nut/test/scratch/007.png'] 0.39205402135849
['/mnt/dsc3032-gaya-shared/group6/datasets/MVTec_AD/metal_nut/test/scratch/008.png'] 0.472311794757843
['/mnt/dsc3032-gaya-shared/group6/datasets/MVTec_AD/metal_nut/test/scratch/009.png'] 0.4031382203102112
['/mnt/dsc3032-gaya-shared/group6/datasets/MVTec_AD/metal_nut/test/scratch/010.png'] 0.4600158929824829
['/mnt/dsc3032-gaya-shared/group6/datasets/MVTec_AD/metal_nut/test/scratch/011.png'] 0.4425455927848816
['/mnt/dsc3032-gaya-shared/group6/datasets/MVTec_AD/metal_nut/test/scratch/012.png'] 0.44789019227027893
['/mnt/dsc3032-gaya-shared/group6/datasets/MVTec_AD/metal_nut/test/scratch/013.png'] 0.3957238495349884
['/mnt/dsc3032-gaya-shared/group6/datasets/MVTec_AD/metal_nut/test/scratch/014.png'] 0.37054312229156494
['/mnt/dsc3032-gaya-shared/group6/datasets/MVTec_AD/metal_nut/test/scratch/015.png'] 0.42623674869537354
['/mnt/dsc3032-gaya-shared/group6/datasets/MVTec_AD/metal_nut/test/scratch/016.png'] 0.44525259733200073
['/mnt/dsc3032-gaya-shared/group6/datasets/MVTec_AD/metal_nut/test/scratch/017.png'] 0.43563133478164673
['/mnt/dsc3032-gaya-shared/group6/datasets/MVTec_AD/metal_nut/test/scratch/018.png'] 0.38721150159835815
['/mnt/dsc3032-gaya-shared/group6/datasets/MVTec_AD/metal_nut/test/scratch/019.png'] 0.4893680214881897
['/mnt/dsc3032-gaya-shared/group6/datasets/MVTec_AD/metal_nut/test/scratch/020.png'] 0.35132887959480286
['/mnt/dsc3032-gaya-shared/group6/datasets/MVTec_AD/metal_nut/test/scratch/021.png'] 0.535065233707428
['/mnt/dsc3032-gaya-shared/group6/datasets/MVTec_AD/metal_nut/test/scratch/022.png'] 0.455699622631073
26-06-02 17:26:56.978 - INFO: 
| category   |   K-shots |   F1-Max(image) |   AUROC(image) |   F1-Max(pixel) |   AUROC(pixel) |
|:-----------|----------:|----------------:|---------------:|----------------:|---------------:|
| metal_nut  |         2 |           99.47 |          99.71 |           74.49 |           96.2 |
