/home/gaya6/LogSAD/dinov2/dinov2/layers/swiglu_ffn.py:43: UserWarning: xFormers is available (SwiGLU)
  warnings.warn("xFormers is available (SwiGLU)")
/home/gaya6/LogSAD/dinov2/dinov2/layers/attention.py:27: UserWarning: xFormers is available (Attention)
  warnings.warn("xFormers is available (Attention)")
/home/gaya6/LogSAD/dinov2/dinov2/layers/block.py:33: UserWarning: xFormers is available (Block)
  warnings.warn("xFormers is available (Block)")
['/mnt/dsc3032-gaya-shared/group6/datasets/MVTec_AD/pill/test/color/000.png'] 0.2743249535560608
['/mnt/dsc3032-gaya-shared/group6/datasets/MVTec_AD/pill/test/color/001.png'] 0.46592164039611816
['/mnt/dsc3032-gaya-shared/group6/datasets/MVTec_AD/pill/test/color/002.png'] 0.3460122346878052
['/mnt/dsc3032-gaya-shared/group6/datasets/MVTec_AD/pill/test/color/003.png'] 0.4860121011734009
['/mnt/dsc3032-gaya-shared/group6/datasets/MVTec_AD/pill/test/color/004.png'] 0.46630287170410156
['/mnt/dsc3032-gaya-shared/group6/datasets/MVTec_AD/pill/test/color/005.png'] 0.4129776060581207
['/mnt/dsc3032-gaya-shared/group6/datasets/MVTec_AD/pill/test/color/006.png'] 0.38717278838157654
['/mnt/dsc3032-gaya-shared/group6/datasets/MVTec_AD/pill/test/color/007.png'] 0.2608017027378082
['/mnt/dsc3032-gaya-shared/group6/datasets/MVTec_AD/pill/test/color/008.png'] 0.49203503131866455
['/mnt/dsc3032-gaya-shared/group6/datasets/MVTec_AD/pill/test/color/009.png'] 0.4416024684906006
['/mnt/dsc3032-gaya-shared/group6/datasets/MVTec_AD/pill/test/color/010.png'] 0.4214725196361542
['/mnt/dsc3032-gaya-shared/group6/datasets/MVTec_AD/pill/test/color/011.png'] 0.4426775574684143
['/mnt/dsc3032-gaya-shared/group6/datasets/MVTec_AD/pill/test/color/012.png'] 0.43679171800613403
['/mnt/dsc3032-gaya-shared/group6/datasets/MVTec_AD/pill/test/color/013.png'] 0.45260924100875854
['/mnt/dsc3032-gaya-shared/group6/datasets/MVTec_AD/pill/test/color/014.png'] 0.36779293417930603
['/mnt/dsc3032-gaya-shared/group6/datasets/MVTec_AD/pill/test/color/015.png'] 0.44896388053894043
['/mnt/dsc3032-gaya-shared/group6/datasets/MVTec_AD/pill/test/color/016.png'] 0.3179062604904175
['/mnt/dsc3032-gaya-shared/group6/datasets/MVTec_AD/pill/test/color/017.png'] 0.28674429655075073
['/mnt/dsc3032-gaya-shared/group6/datasets/MVTec_AD/pill/test/color/018.png'] 0.30930885672569275
['/mnt/dsc3032-gaya-shared/group6/datasets/MVTec_AD/pill/test/color/019.png'] 0.3185698688030243
['/mnt/dsc3032-gaya-shared/group6/datasets/MVTec_AD/pill/test/color/020.png'] 0.3354839086532593
['/mnt/dsc3032-gaya-shared/group6/datasets/MVTec_AD/pill/test/color/021.png'] 0.35290104150772095
['/mnt/dsc3032-gaya-shared/group6/datasets/MVTec_AD/pill/test/color/022.png'] 0.5125751495361328
['/mnt/dsc3032-gaya-shared/group6/datasets/MVTec_AD/pill/test/color/023.png'] 0.4721928536891937
['/mnt/dsc3032-gaya-shared/group6/datasets/MVTec_AD/pill/test/color/024.png'] 0.359344482421875
['/mnt/dsc3032-gaya-shared/group6/datasets/MVTec_AD/pill/test/combined/000.png'] 0.3228414058685303
['/mnt/dsc3032-gaya-shared/group6/datasets/MVTec_AD/pill/test/combined/001.png'] 0.3839625120162964
['/mnt/dsc3032-gaya-shared/group6/datasets/MVTec_AD/pill/test/combined/002.png'] 0.49438750743865967
['/mnt/dsc3032-gaya-shared/group6/datasets/MVTec_AD/pill/test/combined/003.png'] 0.43238016963005066
['/mnt/dsc3032-gaya-shared/group6/datasets/MVTec_AD/pill/test/combined/004.png'] 0.3773154616355896
['/mnt/dsc3032-gaya-shared/group6/datasets/MVTec_AD/pill/test/combined/005.png'] 0.4007337689399719
['/mnt/dsc3032-gaya-shared/group6/datasets/MVTec_AD/pill/test/combined/006.png'] 0.3127221167087555
['/mnt/dsc3032-gaya-shared/group6/datasets/MVTec_AD/pill/test/combined/007.png'] 0.33538854122161865
['/mnt/dsc3032-gaya-shared/group6/datasets/MVTec_AD/pill/test/combined/008.png'] 0.3974108099937439
['/mnt/dsc3032-gaya-shared/group6/datasets/MVTec_AD/pill/test/combined/009.png'] 0.5145248770713806
['/mnt/dsc3032-gaya-shared/group6/datasets/MVTec_AD/pill/test/combined/010.png'] 0.4012092351913452
['/mnt/dsc3032-gaya-shared/group6/datasets/MVTec_AD/pill/test/combined/011.png'] 0.381402850151062
['/mnt/dsc3032-gaya-shared/group6/datasets/MVTec_AD/pill/test/combined/012.png'] 0.40593987703323364
['/mnt/dsc3032-gaya-shared/group6/datasets/MVTec_AD/pill/test/combined/013.png'] 0.3758872151374817
['/mnt/dsc3032-gaya-shared/group6/datasets/MVTec_AD/pill/test/combined/014.png'] 0.5154681205749512
['/mnt/dsc3032-gaya-shared/group6/datasets/MVTec_AD/pill/test/combined/015.png'] 0.3532666563987732
['/mnt/dsc3032-gaya-shared/group6/datasets/MVTec_AD/pill/test/combined/016.png'] 0.37814050912857056
['/mnt/dsc3032-gaya-shared/group6/datasets/MVTec_AD/pill/test/contamination/000.png'] 0.32300373911857605
['/mnt/dsc3032-gaya-shared/group6/datasets/MVTec_AD/pill/test/contamination/001.png'] 0.27677732706069946
['/mnt/dsc3032-gaya-shared/group6/datasets/MVTec_AD/pill/test/contamination/002.png'] 0.3759815990924835
['/mnt/dsc3032-gaya-shared/group6/datasets/MVTec_AD/pill/test/contamination/003.png'] 0.46357429027557373
['/mnt/dsc3032-gaya-shared/group6/datasets/MVTec_AD/pill/test/contamination/004.png'] 0.2743836045265198
['/mnt/dsc3032-gaya-shared/group6/datasets/MVTec_AD/pill/test/contamination/005.png'] 0.3169803321361542
['/mnt/dsc3032-gaya-shared/group6/datasets/MVTec_AD/pill/test/contamination/006.png'] 0.31053850054740906
['/mnt/dsc3032-gaya-shared/group6/datasets/MVTec_AD/pill/test/contamination/007.png'] 0.4383951425552368
['/mnt/dsc3032-gaya-shared/group6/datasets/MVTec_AD/pill/test/contamination/008.png'] 0.2947041094303131
['/mnt/dsc3032-gaya-shared/group6/datasets/MVTec_AD/pill/test/contamination/009.png'] 0.28043514490127563
['/mnt/dsc3032-gaya-shared/group6/datasets/MVTec_AD/pill/test/contamination/010.png'] 0.3984781503677368
['/mnt/dsc3032-gaya-shared/group6/datasets/MVTec_AD/pill/test/contamination/011.png'] 0.42117464542388916
['/mnt/dsc3032-gaya-shared/group6/datasets/MVTec_AD/pill/test/contamination/012.png'] 0.3609020709991455
['/mnt/dsc3032-gaya-shared/group6/datasets/MVTec_AD/pill/test/contamination/013.png'] 0.29775452613830566
['/mnt/dsc3032-gaya-shared/group6/datasets/MVTec_AD/pill/test/contamination/014.png'] 0.3548651337623596
['/mnt/dsc3032-gaya-shared/group6/datasets/MVTec_AD/pill/test/contamination/015.png'] 0.4439513087272644
['/mnt/dsc3032-gaya-shared/group6/datasets/MVTec_AD/pill/test/contamination/016.png'] 0.37395477294921875
['/mnt/dsc3032-gaya-shared/group6/datasets/MVTec_AD/pill/test/contamination/017.png'] 0.36274397373199463
['/mnt/dsc3032-gaya-shared/group6/datasets/MVTec_AD/pill/test/contamination/018.png'] 0.3878592848777771
['/mnt/dsc3032-gaya-shared/group6/datasets/MVTec_AD/pill/test/contamination/019.png'] 0.32637935876846313
['/mnt/dsc3032-gaya-shared/group6/datasets/MVTec_AD/pill/test/contamination/020.png'] 0.3536657691001892
['/mnt/dsc3032-gaya-shared/group6/datasets/MVTec_AD/pill/test/crack/000.png'] 0.3068113327026367
['/mnt/dsc3032-gaya-shared/group6/datasets/MVTec_AD/pill/test/crack/001.png'] 0.25772374868392944
['/mnt/dsc3032-gaya-shared/group6/datasets/MVTec_AD/pill/test/crack/002.png'] 0.3515383005142212
['/mnt/dsc3032-gaya-shared/group6/datasets/MVTec_AD/pill/test/crack/003.png'] 0.2553550601005554
['/mnt/dsc3032-gaya-shared/group6/datasets/MVTec_AD/pill/test/crack/004.png'] 0.32584095001220703
['/mnt/dsc3032-gaya-shared/group6/datasets/MVTec_AD/pill/test/crack/005.png'] 0.38232240080833435
['/mnt/dsc3032-gaya-shared/group6/datasets/MVTec_AD/pill/test/crack/006.png'] 0.318916380405426
['/mnt/dsc3032-gaya-shared/group6/datasets/MVTec_AD/pill/test/crack/007.png'] 0.27265578508377075
['/mnt/dsc3032-gaya-shared/group6/datasets/MVTec_AD/pill/test/crack/008.png'] 0.26396533846855164
['/mnt/dsc3032-gaya-shared/group6/datasets/MVTec_AD/pill/test/crack/009.png'] 0.3491804599761963
['/mnt/dsc3032-gaya-shared/group6/datasets/MVTec_AD/pill/test/crack/010.png'] 0.30056947469711304
['/mnt/dsc3032-gaya-shared/group6/datasets/MVTec_AD/pill/test/crack/011.png'] 0.37059032917022705
['/mnt/dsc3032-gaya-shared/group6/datasets/MVTec_AD/pill/test/crack/012.png'] 0.292250394821167
['/mnt/dsc3032-gaya-shared/group6/datasets/MVTec_AD/pill/test/crack/013.png'] 0.2736510634422302
['/mnt/dsc3032-gaya-shared/group6/datasets/MVTec_AD/pill/test/crack/014.png'] 0.2681257128715515
['/mnt/dsc3032-gaya-shared/group6/datasets/MVTec_AD/pill/test/crack/015.png'] 0.23870986700057983
['/mnt/dsc3032-gaya-shared/group6/datasets/MVTec_AD/pill/test/crack/016.png'] 0.3123242259025574
['/mnt/dsc3032-gaya-shared/group6/datasets/MVTec_AD/pill/test/crack/017.png'] 0.3576541244983673
['/mnt/dsc3032-gaya-shared/group6/datasets/MVTec_AD/pill/test/crack/018.png'] 0.3565499186515808
['/mnt/dsc3032-gaya-shared/group6/datasets/MVTec_AD/pill/test/crack/019.png'] 0.3444787859916687
['/mnt/dsc3032-gaya-shared/group6/datasets/MVTec_AD/pill/test/crack/020.png'] 0.32182955741882324
['/mnt/dsc3032-gaya-shared/group6/datasets/MVTec_AD/pill/test/crack/021.png'] 0.3209848999977112
['/mnt/dsc3032-gaya-shared/group6/datasets/MVTec_AD/pill/test/crack/022.png'] 0.312947154045105
['/mnt/dsc3032-gaya-shared/group6/datasets/MVTec_AD/pill/test/crack/023.png'] 0.39286965131759644
['/mnt/dsc3032-gaya-shared/group6/datasets/MVTec_AD/pill/test/crack/024.png'] 0.22900164127349854
['/mnt/dsc3032-gaya-shared/group6/datasets/MVTec_AD/pill/test/crack/025.png'] 0.3003149926662445
['/mnt/dsc3032-gaya-shared/group6/datasets/MVTec_AD/pill/test/faulty_imprint/000.png'] 0.28978830575942993
['/mnt/dsc3032-gaya-shared/group6/datasets/MVTec_AD/pill/test/faulty_imprint/001.png'] 0.2596622705459595
['/mnt/dsc3032-gaya-shared/group6/datasets/MVTec_AD/pill/test/faulty_imprint/002.png'] 0.27025288343429565
['/mnt/dsc3032-gaya-shared/group6/datasets/MVTec_AD/pill/test/faulty_imprint/003.png'] 0.24126960337162018
['/mnt/dsc3032-gaya-shared/group6/datasets/MVTec_AD/pill/test/faulty_imprint/004.png'] 0.3081580400466919
['/mnt/dsc3032-gaya-shared/group6/datasets/MVTec_AD/pill/test/faulty_imprint/005.png'] 0.35101717710494995
['/mnt/dsc3032-gaya-shared/group6/datasets/MVTec_AD/pill/test/faulty_imprint/006.png'] 0.35133472084999084
['/mnt/dsc3032-gaya-shared/group6/datasets/MVTec_AD/pill/test/faulty_imprint/007.png'] 0.380531907081604
['/mnt/dsc3032-gaya-shared/group6/datasets/MVTec_AD/pill/test/faulty_imprint/008.png'] 0.3648742735385895
['/mnt/dsc3032-gaya-shared/group6/datasets/MVTec_AD/pill/test/faulty_imprint/009.png'] 0.286243736743927
['/mnt/dsc3032-gaya-shared/group6/datasets/MVTec_AD/pill/test/faulty_imprint/010.png'] 0.37322789430618286
['/mnt/dsc3032-gaya-shared/group6/datasets/MVTec_AD/pill/test/faulty_imprint/011.png'] 0.3070308566093445
['/mnt/dsc3032-gaya-shared/group6/datasets/MVTec_AD/pill/test/faulty_imprint/012.png'] 0.2591613829135895
['/mnt/dsc3032-gaya-shared/group6/datasets/MVTec_AD/pill/test/faulty_imprint/013.png'] 0.2950843572616577
['/mnt/dsc3032-gaya-shared/group6/datasets/MVTec_AD/pill/test/faulty_imprint/014.png'] 0.31886082887649536
['/mnt/dsc3032-gaya-shared/group6/datasets/MVTec_AD/pill/test/faulty_imprint/015.png'] 0.30259549617767334
['/mnt/dsc3032-gaya-shared/group6/datasets/MVTec_AD/pill/test/faulty_imprint/016.png'] 0.35454481840133667
['/mnt/dsc3032-gaya-shared/group6/datasets/MVTec_AD/pill/test/faulty_imprint/017.png'] 0.3052707314491272
['/mnt/dsc3032-gaya-shared/group6/datasets/MVTec_AD/pill/test/faulty_imprint/018.png'] 0.31765425205230713
['/mnt/dsc3032-gaya-shared/group6/datasets/MVTec_AD/pill/test/good/000.png'] 0.20528800785541534
['/mnt/dsc3032-gaya-shared/group6/datasets/MVTec_AD/pill/test/good/001.png'] 0.2579445540904999
['/mnt/dsc3032-gaya-shared/group6/datasets/MVTec_AD/pill/test/good/002.png'] 0.20031729340553284
['/mnt/dsc3032-gaya-shared/group6/datasets/MVTec_AD/pill/test/good/003.png'] 0.18114285171031952
['/mnt/dsc3032-gaya-shared/group6/datasets/MVTec_AD/pill/test/good/004.png'] 0.2085113376379013
['/mnt/dsc3032-gaya-shared/group6/datasets/MVTec_AD/pill/test/good/005.png'] 0.21046191453933716
['/mnt/dsc3032-gaya-shared/group6/datasets/MVTec_AD/pill/test/good/006.png'] 0.3013964593410492
['/mnt/dsc3032-gaya-shared/group6/datasets/MVTec_AD/pill/test/good/007.png'] 0.2429865002632141
['/mnt/dsc3032-gaya-shared/group6/datasets/MVTec_AD/pill/test/good/008.png'] 0.22573037445545197
['/mnt/dsc3032-gaya-shared/group6/datasets/MVTec_AD/pill/test/good/009.png'] 0.2554068863391876
['/mnt/dsc3032-gaya-shared/group6/datasets/MVTec_AD/pill/test/good/010.png'] 0.2150891274213791
['/mnt/dsc3032-gaya-shared/group6/datasets/MVTec_AD/pill/test/good/011.png'] 0.229608952999115
['/mnt/dsc3032-gaya-shared/group6/datasets/MVTec_AD/pill/test/good/012.png'] 0.2699715197086334
['/mnt/dsc3032-gaya-shared/group6/datasets/MVTec_AD/pill/test/good/013.png'] 0.1965864896774292
['/mnt/dsc3032-gaya-shared/group6/datasets/MVTec_AD/pill/test/good/014.png'] 0.24306438863277435
['/mnt/dsc3032-gaya-shared/group6/datasets/MVTec_AD/pill/test/good/015.png'] 0.20254755020141602
['/mnt/dsc3032-gaya-shared/group6/datasets/MVTec_AD/pill/test/good/016.png'] 0.21634304523468018
['/mnt/dsc3032-gaya-shared/group6/datasets/MVTec_AD/pill/test/good/017.png'] 0.3015882968902588
['/mnt/dsc3032-gaya-shared/group6/datasets/MVTec_AD/pill/test/good/018.png'] 0.3276997208595276
['/mnt/dsc3032-gaya-shared/group6/datasets/MVTec_AD/pill/test/good/019.png'] 0.3651049733161926
['/mnt/dsc3032-gaya-shared/group6/datasets/MVTec_AD/pill/test/good/020.png'] 0.18396617472171783
['/mnt/dsc3032-gaya-shared/group6/datasets/MVTec_AD/pill/test/good/021.png'] 0.24350032210350037
['/mnt/dsc3032-gaya-shared/group6/datasets/MVTec_AD/pill/test/good/022.png'] 0.22983598709106445
['/mnt/dsc3032-gaya-shared/group6/datasets/MVTec_AD/pill/test/good/023.png'] 0.24488551914691925
['/mnt/dsc3032-gaya-shared/group6/datasets/MVTec_AD/pill/test/good/024.png'] 0.2632448673248291
['/mnt/dsc3032-gaya-shared/group6/datasets/MVTec_AD/pill/test/good/025.png'] 0.19270141422748566
['/mnt/dsc3032-gaya-shared/group6/datasets/MVTec_AD/pill/test/pill_type/000.png'] 0.48190367221832275
['/mnt/dsc3032-gaya-shared/group6/datasets/MVTec_AD/pill/test/pill_type/001.png'] 0.4763231575489044
['/mnt/dsc3032-gaya-shared/group6/datasets/MVTec_AD/pill/test/pill_type/002.png'] 0.4225010871887207
['/mnt/dsc3032-gaya-shared/group6/datasets/MVTec_AD/pill/test/pill_type/003.png'] 0.44120800495147705
['/mnt/dsc3032-gaya-shared/group6/datasets/MVTec_AD/pill/test/pill_type/004.png'] 0.4277847409248352
['/mnt/dsc3032-gaya-shared/group6/datasets/MVTec_AD/pill/test/pill_type/005.png'] 0.437843382358551
['/mnt/dsc3032-gaya-shared/group6/datasets/MVTec_AD/pill/test/pill_type/006.png'] 0.48951256275177
['/mnt/dsc3032-gaya-shared/group6/datasets/MVTec_AD/pill/test/pill_type/007.png'] 0.4006417989730835
['/mnt/dsc3032-gaya-shared/group6/datasets/MVTec_AD/pill/test/pill_type/008.png'] 0.43266063928604126
['/mnt/dsc3032-gaya-shared/group6/datasets/MVTec_AD/pill/test/scratch/000.png'] 0.2895069718360901
['/mnt/dsc3032-gaya-shared/group6/datasets/MVTec_AD/pill/test/scratch/001.png'] 0.2799336314201355
['/mnt/dsc3032-gaya-shared/group6/datasets/MVTec_AD/pill/test/scratch/002.png'] 0.35226479172706604
['/mnt/dsc3032-gaya-shared/group6/datasets/MVTec_AD/pill/test/scratch/003.png'] 0.3059613108634949
['/mnt/dsc3032-gaya-shared/group6/datasets/MVTec_AD/pill/test/scratch/004.png'] 0.3115711510181427
['/mnt/dsc3032-gaya-shared/group6/datasets/MVTec_AD/pill/test/scratch/005.png'] 0.30631840229034424
['/mnt/dsc3032-gaya-shared/group6/datasets/MVTec_AD/pill/test/scratch/006.png'] 0.36865943670272827
['/mnt/dsc3032-gaya-shared/group6/datasets/MVTec_AD/pill/test/scratch/007.png'] 0.32543349266052246
['/mnt/dsc3032-gaya-shared/group6/datasets/MVTec_AD/pill/test/scratch/008.png'] 0.323649138212204
['/mnt/dsc3032-gaya-shared/group6/datasets/MVTec_AD/pill/test/scratch/009.png'] 0.3862628936767578
['/mnt/dsc3032-gaya-shared/group6/datasets/MVTec_AD/pill/test/scratch/010.png'] 0.37330952286720276
['/mnt/dsc3032-gaya-shared/group6/datasets/MVTec_AD/pill/test/scratch/011.png'] 0.34119337797164917
['/mnt/dsc3032-gaya-shared/group6/datasets/MVTec_AD/pill/test/scratch/012.png'] 0.33546119928359985
['/mnt/dsc3032-gaya-shared/group6/datasets/MVTec_AD/pill/test/scratch/013.png'] 0.3988596498966217
['/mnt/dsc3032-gaya-shared/group6/datasets/MVTec_AD/pill/test/scratch/014.png'] 0.4035971760749817
['/mnt/dsc3032-gaya-shared/group6/datasets/MVTec_AD/pill/test/scratch/015.png'] 0.33567100763320923
['/mnt/dsc3032-gaya-shared/group6/datasets/MVTec_AD/pill/test/scratch/016.png'] 0.3237510919570923
['/mnt/dsc3032-gaya-shared/group6/datasets/MVTec_AD/pill/test/scratch/017.png'] 0.2952445149421692
['/mnt/dsc3032-gaya-shared/group6/datasets/MVTec_AD/pill/test/scratch/018.png'] 0.36428552865982056
['/mnt/dsc3032-gaya-shared/group6/datasets/MVTec_AD/pill/test/scratch/019.png'] 0.36173415184020996
['/mnt/dsc3032-gaya-shared/group6/datasets/MVTec_AD/pill/test/scratch/020.png'] 0.4081357419490814
['/mnt/dsc3032-gaya-shared/group6/datasets/MVTec_AD/pill/test/scratch/021.png'] 0.4330161213874817
['/mnt/dsc3032-gaya-shared/group6/datasets/MVTec_AD/pill/test/scratch/022.png'] 0.34800517559051514
['/mnt/dsc3032-gaya-shared/group6/datasets/MVTec_AD/pill/test/scratch/023.png'] 0.3878881633281708
26-06-02 17:27:57.865 - INFO: 
| category   |   K-shots |   F1-Max(image) |   AUROC(image) |   F1-Max(pixel) |   AUROC(pixel) |
|:-----------|----------:|----------------:|---------------:|----------------:|---------------:|
| pill       |         2 |           96.17 |          93.48 |           67.88 |          96.66 |
