/home/gaya6/LogSAD/dinov2/dinov2/layers/swiglu_ffn.py:43: UserWarning: xFormers is available (SwiGLU)
  warnings.warn("xFormers is available (SwiGLU)")
/home/gaya6/LogSAD/dinov2/dinov2/layers/attention.py:27: UserWarning: xFormers is available (Attention)
  warnings.warn("xFormers is available (Attention)")
/home/gaya6/LogSAD/dinov2/dinov2/layers/block.py:33: UserWarning: xFormers is available (Block)
  warnings.warn("xFormers is available (Block)")
['/mnt/dsc3032-gaya-shared/group6/datasets/MVTec_AD/screw/test/good/000.png'] 0.3754441738128662
['/mnt/dsc3032-gaya-shared/group6/datasets/MVTec_AD/screw/test/good/001.png'] 0.24191972613334656
['/mnt/dsc3032-gaya-shared/group6/datasets/MVTec_AD/screw/test/good/002.png'] 0.2533787488937378
['/mnt/dsc3032-gaya-shared/group6/datasets/MVTec_AD/screw/test/good/003.png'] 0.29253238439559937
['/mnt/dsc3032-gaya-shared/group6/datasets/MVTec_AD/screw/test/good/004.png'] 0.4020756185054779
['/mnt/dsc3032-gaya-shared/group6/datasets/MVTec_AD/screw/test/good/005.png'] 0.4281556308269501
['/mnt/dsc3032-gaya-shared/group6/datasets/MVTec_AD/screw/test/good/006.png'] 0.3735732436180115
['/mnt/dsc3032-gaya-shared/group6/datasets/MVTec_AD/screw/test/good/007.png'] 0.1943693608045578
['/mnt/dsc3032-gaya-shared/group6/datasets/MVTec_AD/screw/test/good/008.png'] 0.30496934056282043
['/mnt/dsc3032-gaya-shared/group6/datasets/MVTec_AD/screw/test/good/009.png'] 0.39395636320114136
['/mnt/dsc3032-gaya-shared/group6/datasets/MVTec_AD/screw/test/good/010.png'] 0.3350723087787628
['/mnt/dsc3032-gaya-shared/group6/datasets/MVTec_AD/screw/test/good/011.png'] 0.27357617020606995
['/mnt/dsc3032-gaya-shared/group6/datasets/MVTec_AD/screw/test/good/012.png'] 0.3037251830101013
['/mnt/dsc3032-gaya-shared/group6/datasets/MVTec_AD/screw/test/good/013.png'] 0.29185378551483154
['/mnt/dsc3032-gaya-shared/group6/datasets/MVTec_AD/screw/test/good/014.png'] 0.38677042722702026
['/mnt/dsc3032-gaya-shared/group6/datasets/MVTec_AD/screw/test/good/015.png'] 0.3659404516220093
['/mnt/dsc3032-gaya-shared/group6/datasets/MVTec_AD/screw/test/good/016.png'] 0.34715306758880615
['/mnt/dsc3032-gaya-shared/group6/datasets/MVTec_AD/screw/test/good/017.png'] 0.30296093225479126
['/mnt/dsc3032-gaya-shared/group6/datasets/MVTec_AD/screw/test/good/018.png'] 0.3250492215156555
['/mnt/dsc3032-gaya-shared/group6/datasets/MVTec_AD/screw/test/good/019.png'] 0.34304529428482056
['/mnt/dsc3032-gaya-shared/group6/datasets/MVTec_AD/screw/test/good/020.png'] 0.36493125557899475
['/mnt/dsc3032-gaya-shared/group6/datasets/MVTec_AD/screw/test/good/021.png'] 0.27133122086524963
['/mnt/dsc3032-gaya-shared/group6/datasets/MVTec_AD/screw/test/good/022.png'] 0.37197405099868774
['/mnt/dsc3032-gaya-shared/group6/datasets/MVTec_AD/screw/test/good/023.png'] 0.392100989818573
['/mnt/dsc3032-gaya-shared/group6/datasets/MVTec_AD/screw/test/good/024.png'] 0.28817903995513916
['/mnt/dsc3032-gaya-shared/group6/datasets/MVTec_AD/screw/test/good/025.png'] 0.35534340143203735
['/mnt/dsc3032-gaya-shared/group6/datasets/MVTec_AD/screw/test/good/026.png'] 0.23005957901477814
['/mnt/dsc3032-gaya-shared/group6/datasets/MVTec_AD/screw/test/good/027.png'] 0.25665661692619324
['/mnt/dsc3032-gaya-shared/group6/datasets/MVTec_AD/screw/test/good/028.png'] 0.36182790994644165
['/mnt/dsc3032-gaya-shared/group6/datasets/MVTec_AD/screw/test/good/029.png'] 0.3887559175491333
['/mnt/dsc3032-gaya-shared/group6/datasets/MVTec_AD/screw/test/good/030.png'] 0.32461315393447876
['/mnt/dsc3032-gaya-shared/group6/datasets/MVTec_AD/screw/test/good/031.png'] 0.3249572217464447
['/mnt/dsc3032-gaya-shared/group6/datasets/MVTec_AD/screw/test/good/032.png'] 0.3596682846546173
['/mnt/dsc3032-gaya-shared/group6/datasets/MVTec_AD/screw/test/good/033.png'] 0.2077852040529251
['/mnt/dsc3032-gaya-shared/group6/datasets/MVTec_AD/screw/test/good/034.png'] 0.37257176637649536
['/mnt/dsc3032-gaya-shared/group6/datasets/MVTec_AD/screw/test/good/035.png'] 0.3345252275466919
['/mnt/dsc3032-gaya-shared/group6/datasets/MVTec_AD/screw/test/good/036.png'] 0.36997175216674805
['/mnt/dsc3032-gaya-shared/group6/datasets/MVTec_AD/screw/test/good/037.png'] 0.2915153205394745
['/mnt/dsc3032-gaya-shared/group6/datasets/MVTec_AD/screw/test/good/038.png'] 0.19214382767677307
['/mnt/dsc3032-gaya-shared/group6/datasets/MVTec_AD/screw/test/good/039.png'] 0.316541463136673
['/mnt/dsc3032-gaya-shared/group6/datasets/MVTec_AD/screw/test/good/040.png'] 0.3603556752204895
['/mnt/dsc3032-gaya-shared/group6/datasets/MVTec_AD/screw/test/manipulated_front/000.png'] 0.24784931540489197
['/mnt/dsc3032-gaya-shared/group6/datasets/MVTec_AD/screw/test/manipulated_front/001.png'] 0.3609604835510254
['/mnt/dsc3032-gaya-shared/group6/datasets/MVTec_AD/screw/test/manipulated_front/002.png'] 0.3351043462753296
['/mnt/dsc3032-gaya-shared/group6/datasets/MVTec_AD/screw/test/manipulated_front/003.png'] 0.4347190260887146
['/mnt/dsc3032-gaya-shared/group6/datasets/MVTec_AD/screw/test/manipulated_front/004.png'] 0.3980080187320709
['/mnt/dsc3032-gaya-shared/group6/datasets/MVTec_AD/screw/test/manipulated_front/005.png'] 0.4096635580062866
['/mnt/dsc3032-gaya-shared/group6/datasets/MVTec_AD/screw/test/manipulated_front/006.png'] 0.3142603039741516
['/mnt/dsc3032-gaya-shared/group6/datasets/MVTec_AD/screw/test/manipulated_front/007.png'] 0.41364169120788574
['/mnt/dsc3032-gaya-shared/group6/datasets/MVTec_AD/screw/test/manipulated_front/008.png'] 0.4082309603691101
['/mnt/dsc3032-gaya-shared/group6/datasets/MVTec_AD/screw/test/manipulated_front/009.png'] 0.368421733379364
['/mnt/dsc3032-gaya-shared/group6/datasets/MVTec_AD/screw/test/manipulated_front/010.png'] 0.3903352618217468
['/mnt/dsc3032-gaya-shared/group6/datasets/MVTec_AD/screw/test/manipulated_front/011.png'] 0.26524725556373596
['/mnt/dsc3032-gaya-shared/group6/datasets/MVTec_AD/screw/test/manipulated_front/012.png'] 0.3107868432998657
['/mnt/dsc3032-gaya-shared/group6/datasets/MVTec_AD/screw/test/manipulated_front/013.png'] 0.3993327021598816
['/mnt/dsc3032-gaya-shared/group6/datasets/MVTec_AD/screw/test/manipulated_front/014.png'] 0.38845252990722656
['/mnt/dsc3032-gaya-shared/group6/datasets/MVTec_AD/screw/test/manipulated_front/015.png'] 0.38154077529907227
['/mnt/dsc3032-gaya-shared/group6/datasets/MVTec_AD/screw/test/manipulated_front/016.png'] 0.44045573472976685
['/mnt/dsc3032-gaya-shared/group6/datasets/MVTec_AD/screw/test/manipulated_front/017.png'] 0.2981988787651062
['/mnt/dsc3032-gaya-shared/group6/datasets/MVTec_AD/screw/test/manipulated_front/018.png'] 0.3325570225715637
['/mnt/dsc3032-gaya-shared/group6/datasets/MVTec_AD/screw/test/manipulated_front/019.png'] 0.38173553347587585
['/mnt/dsc3032-gaya-shared/group6/datasets/MVTec_AD/screw/test/manipulated_front/020.png'] 0.2620112895965576
['/mnt/dsc3032-gaya-shared/group6/datasets/MVTec_AD/screw/test/manipulated_front/021.png'] 0.31484097242355347
['/mnt/dsc3032-gaya-shared/group6/datasets/MVTec_AD/screw/test/manipulated_front/022.png'] 0.4066431522369385
['/mnt/dsc3032-gaya-shared/group6/datasets/MVTec_AD/screw/test/manipulated_front/023.png'] 0.3205918073654175
['/mnt/dsc3032-gaya-shared/group6/datasets/MVTec_AD/screw/test/scratch_head/000.png'] 0.3951049745082855
['/mnt/dsc3032-gaya-shared/group6/datasets/MVTec_AD/screw/test/scratch_head/001.png'] 0.4557979106903076
['/mnt/dsc3032-gaya-shared/group6/datasets/MVTec_AD/screw/test/scratch_head/002.png'] 0.41826432943344116
['/mnt/dsc3032-gaya-shared/group6/datasets/MVTec_AD/screw/test/scratch_head/003.png'] 0.32923173904418945
['/mnt/dsc3032-gaya-shared/group6/datasets/MVTec_AD/screw/test/scratch_head/004.png'] 0.2736737132072449
['/mnt/dsc3032-gaya-shared/group6/datasets/MVTec_AD/screw/test/scratch_head/005.png'] 0.5072160959243774
['/mnt/dsc3032-gaya-shared/group6/datasets/MVTec_AD/screw/test/scratch_head/006.png'] 0.32485032081604004
['/mnt/dsc3032-gaya-shared/group6/datasets/MVTec_AD/screw/test/scratch_head/007.png'] 0.3500678539276123
['/mnt/dsc3032-gaya-shared/group6/datasets/MVTec_AD/screw/test/scratch_head/008.png'] 0.4354403614997864
['/mnt/dsc3032-gaya-shared/group6/datasets/MVTec_AD/screw/test/scratch_head/009.png'] 0.4372401833534241
['/mnt/dsc3032-gaya-shared/group6/datasets/MVTec_AD/screw/test/scratch_head/010.png'] 0.34912925958633423
['/mnt/dsc3032-gaya-shared/group6/datasets/MVTec_AD/screw/test/scratch_head/011.png'] 0.45458903908729553
['/mnt/dsc3032-gaya-shared/group6/datasets/MVTec_AD/screw/test/scratch_head/012.png'] 0.3834041357040405
['/mnt/dsc3032-gaya-shared/group6/datasets/MVTec_AD/screw/test/scratch_head/013.png'] 0.32082951068878174
['/mnt/dsc3032-gaya-shared/group6/datasets/MVTec_AD/screw/test/scratch_head/014.png'] 0.398626446723938
['/mnt/dsc3032-gaya-shared/group6/datasets/MVTec_AD/screw/test/scratch_head/015.png'] 0.4248218238353729
['/mnt/dsc3032-gaya-shared/group6/datasets/MVTec_AD/screw/test/scratch_head/016.png'] 0.42054295539855957
['/mnt/dsc3032-gaya-shared/group6/datasets/MVTec_AD/screw/test/scratch_head/017.png'] 0.45560070872306824
['/mnt/dsc3032-gaya-shared/group6/datasets/MVTec_AD/screw/test/scratch_head/018.png'] 0.42320799827575684
['/mnt/dsc3032-gaya-shared/group6/datasets/MVTec_AD/screw/test/scratch_head/019.png'] 0.32560592889785767
['/mnt/dsc3032-gaya-shared/group6/datasets/MVTec_AD/screw/test/scratch_head/020.png'] 0.373500257730484
['/mnt/dsc3032-gaya-shared/group6/datasets/MVTec_AD/screw/test/scratch_head/021.png'] 0.34374645352363586
['/mnt/dsc3032-gaya-shared/group6/datasets/MVTec_AD/screw/test/scratch_head/022.png'] 0.3821724057197571
['/mnt/dsc3032-gaya-shared/group6/datasets/MVTec_AD/screw/test/scratch_head/023.png'] 0.2954398989677429
['/mnt/dsc3032-gaya-shared/group6/datasets/MVTec_AD/screw/test/scratch_neck/000.png'] 0.3817119002342224
['/mnt/dsc3032-gaya-shared/group6/datasets/MVTec_AD/screw/test/scratch_neck/001.png'] 0.3530033826828003
['/mnt/dsc3032-gaya-shared/group6/datasets/MVTec_AD/screw/test/scratch_neck/002.png'] 0.36621183156967163
['/mnt/dsc3032-gaya-shared/group6/datasets/MVTec_AD/screw/test/scratch_neck/003.png'] 0.4953960180282593
['/mnt/dsc3032-gaya-shared/group6/datasets/MVTec_AD/screw/test/scratch_neck/004.png'] 0.2986617684364319
['/mnt/dsc3032-gaya-shared/group6/datasets/MVTec_AD/screw/test/scratch_neck/005.png'] 0.37415170669555664
['/mnt/dsc3032-gaya-shared/group6/datasets/MVTec_AD/screw/test/scratch_neck/006.png'] 0.41918259859085083
['/mnt/dsc3032-gaya-shared/group6/datasets/MVTec_AD/screw/test/scratch_neck/007.png'] 0.40306615829467773
['/mnt/dsc3032-gaya-shared/group6/datasets/MVTec_AD/screw/test/scratch_neck/008.png'] 0.3847007155418396
['/mnt/dsc3032-gaya-shared/group6/datasets/MVTec_AD/screw/test/scratch_neck/009.png'] 0.3770747780799866
['/mnt/dsc3032-gaya-shared/group6/datasets/MVTec_AD/screw/test/scratch_neck/010.png'] 0.3850460648536682
['/mnt/dsc3032-gaya-shared/group6/datasets/MVTec_AD/screw/test/scratch_neck/011.png'] 0.34409859776496887
['/mnt/dsc3032-gaya-shared/group6/datasets/MVTec_AD/screw/test/scratch_neck/012.png'] 0.3669070303440094
['/mnt/dsc3032-gaya-shared/group6/datasets/MVTec_AD/screw/test/scratch_neck/013.png'] 0.3611111342906952
['/mnt/dsc3032-gaya-shared/group6/datasets/MVTec_AD/screw/test/scratch_neck/014.png'] 0.3869566023349762
['/mnt/dsc3032-gaya-shared/group6/datasets/MVTec_AD/screw/test/scratch_neck/015.png'] 0.4293539524078369
['/mnt/dsc3032-gaya-shared/group6/datasets/MVTec_AD/screw/test/scratch_neck/016.png'] 0.35431432723999023
['/mnt/dsc3032-gaya-shared/group6/datasets/MVTec_AD/screw/test/scratch_neck/017.png'] 0.3831339478492737
['/mnt/dsc3032-gaya-shared/group6/datasets/MVTec_AD/screw/test/scratch_neck/018.png'] 0.3611137568950653
['/mnt/dsc3032-gaya-shared/group6/datasets/MVTec_AD/screw/test/scratch_neck/019.png'] 0.4018850028514862
['/mnt/dsc3032-gaya-shared/group6/datasets/MVTec_AD/screw/test/scratch_neck/020.png'] 0.38299745321273804
['/mnt/dsc3032-gaya-shared/group6/datasets/MVTec_AD/screw/test/scratch_neck/021.png'] 0.32820600271224976
['/mnt/dsc3032-gaya-shared/group6/datasets/MVTec_AD/screw/test/scratch_neck/022.png'] 0.3642476499080658
['/mnt/dsc3032-gaya-shared/group6/datasets/MVTec_AD/screw/test/scratch_neck/023.png'] 0.34837251901626587
['/mnt/dsc3032-gaya-shared/group6/datasets/MVTec_AD/screw/test/scratch_neck/024.png'] 0.38694411516189575
['/mnt/dsc3032-gaya-shared/group6/datasets/MVTec_AD/screw/test/thread_side/000.png'] 0.3595011234283447
['/mnt/dsc3032-gaya-shared/group6/datasets/MVTec_AD/screw/test/thread_side/001.png'] 0.2965094745159149
['/mnt/dsc3032-gaya-shared/group6/datasets/MVTec_AD/screw/test/thread_side/002.png'] 0.38306647539138794
['/mnt/dsc3032-gaya-shared/group6/datasets/MVTec_AD/screw/test/thread_side/003.png'] 0.33187565207481384
['/mnt/dsc3032-gaya-shared/group6/datasets/MVTec_AD/screw/test/thread_side/004.png'] 0.3049522042274475
['/mnt/dsc3032-gaya-shared/group6/datasets/MVTec_AD/screw/test/thread_side/005.png'] 0.35316202044487
['/mnt/dsc3032-gaya-shared/group6/datasets/MVTec_AD/screw/test/thread_side/006.png'] 0.34423351287841797
['/mnt/dsc3032-gaya-shared/group6/datasets/MVTec_AD/screw/test/thread_side/007.png'] 0.43128466606140137
['/mnt/dsc3032-gaya-shared/group6/datasets/MVTec_AD/screw/test/thread_side/008.png'] 0.4034004211425781
['/mnt/dsc3032-gaya-shared/group6/datasets/MVTec_AD/screw/test/thread_side/009.png'] 0.3050476312637329
['/mnt/dsc3032-gaya-shared/group6/datasets/MVTec_AD/screw/test/thread_side/010.png'] 0.3297482132911682
['/mnt/dsc3032-gaya-shared/group6/datasets/MVTec_AD/screw/test/thread_side/011.png'] 0.35772740840911865
['/mnt/dsc3032-gaya-shared/group6/datasets/MVTec_AD/screw/test/thread_side/012.png'] 0.26695096492767334
['/mnt/dsc3032-gaya-shared/group6/datasets/MVTec_AD/screw/test/thread_side/013.png'] 0.29916203022003174
['/mnt/dsc3032-gaya-shared/group6/datasets/MVTec_AD/screw/test/thread_side/014.png'] 0.39396029710769653
['/mnt/dsc3032-gaya-shared/group6/datasets/MVTec_AD/screw/test/thread_side/015.png'] 0.3612173795700073
['/mnt/dsc3032-gaya-shared/group6/datasets/MVTec_AD/screw/test/thread_side/016.png'] 0.24444304406642914
['/mnt/dsc3032-gaya-shared/group6/datasets/MVTec_AD/screw/test/thread_side/017.png'] 0.3629814088344574
['/mnt/dsc3032-gaya-shared/group6/datasets/MVTec_AD/screw/test/thread_side/018.png'] 0.43209248781204224
['/mnt/dsc3032-gaya-shared/group6/datasets/MVTec_AD/screw/test/thread_side/019.png'] 0.471662700176239
['/mnt/dsc3032-gaya-shared/group6/datasets/MVTec_AD/screw/test/thread_side/020.png'] 0.27927541732788086
['/mnt/dsc3032-gaya-shared/group6/datasets/MVTec_AD/screw/test/thread_side/021.png'] 0.4445420205593109
['/mnt/dsc3032-gaya-shared/group6/datasets/MVTec_AD/screw/test/thread_side/022.png'] 0.36542394757270813
['/mnt/dsc3032-gaya-shared/group6/datasets/MVTec_AD/screw/test/thread_top/000.png'] 0.428151398897171
['/mnt/dsc3032-gaya-shared/group6/datasets/MVTec_AD/screw/test/thread_top/001.png'] 0.36336272954940796
['/mnt/dsc3032-gaya-shared/group6/datasets/MVTec_AD/screw/test/thread_top/002.png'] 0.2829703688621521
['/mnt/dsc3032-gaya-shared/group6/datasets/MVTec_AD/screw/test/thread_top/003.png'] 0.2691905200481415
['/mnt/dsc3032-gaya-shared/group6/datasets/MVTec_AD/screw/test/thread_top/004.png'] 0.3480084240436554
['/mnt/dsc3032-gaya-shared/group6/datasets/MVTec_AD/screw/test/thread_top/005.png'] 0.4037640690803528
['/mnt/dsc3032-gaya-shared/group6/datasets/MVTec_AD/screw/test/thread_top/006.png'] 0.31750428676605225
['/mnt/dsc3032-gaya-shared/group6/datasets/MVTec_AD/screw/test/thread_top/007.png'] 0.3417295813560486
['/mnt/dsc3032-gaya-shared/group6/datasets/MVTec_AD/screw/test/thread_top/008.png'] 0.3625653386116028
['/mnt/dsc3032-gaya-shared/group6/datasets/MVTec_AD/screw/test/thread_top/009.png'] 0.43034327030181885
['/mnt/dsc3032-gaya-shared/group6/datasets/MVTec_AD/screw/test/thread_top/010.png'] 0.39500343799591064
['/mnt/dsc3032-gaya-shared/group6/datasets/MVTec_AD/screw/test/thread_top/011.png'] 0.31654801964759827
['/mnt/dsc3032-gaya-shared/group6/datasets/MVTec_AD/screw/test/thread_top/012.png'] 0.3807653784751892
['/mnt/dsc3032-gaya-shared/group6/datasets/MVTec_AD/screw/test/thread_top/013.png'] 0.38931915163993835
['/mnt/dsc3032-gaya-shared/group6/datasets/MVTec_AD/screw/test/thread_top/014.png'] 0.3722330331802368
['/mnt/dsc3032-gaya-shared/group6/datasets/MVTec_AD/screw/test/thread_top/015.png'] 0.3812227249145508
['/mnt/dsc3032-gaya-shared/group6/datasets/MVTec_AD/screw/test/thread_top/016.png'] 0.40980106592178345
['/mnt/dsc3032-gaya-shared/group6/datasets/MVTec_AD/screw/test/thread_top/017.png'] 0.37524059414863586
['/mnt/dsc3032-gaya-shared/group6/datasets/MVTec_AD/screw/test/thread_top/018.png'] 0.37131327390670776
['/mnt/dsc3032-gaya-shared/group6/datasets/MVTec_AD/screw/test/thread_top/019.png'] 0.4547165632247925
['/mnt/dsc3032-gaya-shared/group6/datasets/MVTec_AD/screw/test/thread_top/020.png'] 0.42556777596473694
['/mnt/dsc3032-gaya-shared/group6/datasets/MVTec_AD/screw/test/thread_top/021.png'] 0.38931336998939514
['/mnt/dsc3032-gaya-shared/group6/datasets/MVTec_AD/screw/test/thread_top/022.png'] 0.3115438222885132
26-06-02 17:28:58.539 - INFO: 
| category   |   K-shots |   F1-Max(image) |   AUROC(image) |   F1-Max(pixel) |   AUROC(pixel) |
|:-----------|----------:|----------------:|---------------:|----------------:|---------------:|
| screw      |         2 |           86.86 |          71.08 |           22.96 |          96.16 |
