/home/gaya6/LogSAD/dinov2/dinov2/layers/swiglu_ffn.py:43: UserWarning: xFormers is available (SwiGLU)
  warnings.warn("xFormers is available (SwiGLU)")
/home/gaya6/LogSAD/dinov2/dinov2/layers/attention.py:27: UserWarning: xFormers is available (Attention)
  warnings.warn("xFormers is available (Attention)")
/home/gaya6/LogSAD/dinov2/dinov2/layers/block.py:33: UserWarning: xFormers is available (Block)
  warnings.warn("xFormers is available (Block)")
['/mnt/dsc3032-gaya-shared/group6/datasets/MVTec_AD/tile/test/crack/000.png'] 0.646669328212738
['/mnt/dsc3032-gaya-shared/group6/datasets/MVTec_AD/tile/test/crack/001.png'] 0.6442264318466187
['/mnt/dsc3032-gaya-shared/group6/datasets/MVTec_AD/tile/test/crack/002.png'] 0.6550697088241577
['/mnt/dsc3032-gaya-shared/group6/datasets/MVTec_AD/tile/test/crack/003.png'] 0.6496869921684265
['/mnt/dsc3032-gaya-shared/group6/datasets/MVTec_AD/tile/test/crack/004.png'] 0.6415106058120728
['/mnt/dsc3032-gaya-shared/group6/datasets/MVTec_AD/tile/test/crack/005.png'] 0.5355984568595886
['/mnt/dsc3032-gaya-shared/group6/datasets/MVTec_AD/tile/test/crack/006.png'] 0.6647023558616638
['/mnt/dsc3032-gaya-shared/group6/datasets/MVTec_AD/tile/test/crack/007.png'] 0.673276424407959
['/mnt/dsc3032-gaya-shared/group6/datasets/MVTec_AD/tile/test/crack/008.png'] 0.6678034067153931
['/mnt/dsc3032-gaya-shared/group6/datasets/MVTec_AD/tile/test/crack/009.png'] 0.6430878639221191
['/mnt/dsc3032-gaya-shared/group6/datasets/MVTec_AD/tile/test/crack/010.png'] 0.6698279976844788
['/mnt/dsc3032-gaya-shared/group6/datasets/MVTec_AD/tile/test/crack/011.png'] 0.6501778960227966
['/mnt/dsc3032-gaya-shared/group6/datasets/MVTec_AD/tile/test/crack/012.png'] 0.6291978359222412
['/mnt/dsc3032-gaya-shared/group6/datasets/MVTec_AD/tile/test/crack/013.png'] 0.6445007920265198
['/mnt/dsc3032-gaya-shared/group6/datasets/MVTec_AD/tile/test/crack/014.png'] 0.6233922243118286
['/mnt/dsc3032-gaya-shared/group6/datasets/MVTec_AD/tile/test/crack/015.png'] 0.6169148683547974
['/mnt/dsc3032-gaya-shared/group6/datasets/MVTec_AD/tile/test/crack/016.png'] 0.6523188352584839
['/mnt/dsc3032-gaya-shared/group6/datasets/MVTec_AD/tile/test/glue_strip/000.png'] 0.5777789354324341
['/mnt/dsc3032-gaya-shared/group6/datasets/MVTec_AD/tile/test/glue_strip/001.png'] 0.5923267602920532
['/mnt/dsc3032-gaya-shared/group6/datasets/MVTec_AD/tile/test/glue_strip/002.png'] 0.5745320916175842
['/mnt/dsc3032-gaya-shared/group6/datasets/MVTec_AD/tile/test/glue_strip/003.png'] 0.5753837823867798
['/mnt/dsc3032-gaya-shared/group6/datasets/MVTec_AD/tile/test/glue_strip/004.png'] 0.642726480960846
['/mnt/dsc3032-gaya-shared/group6/datasets/MVTec_AD/tile/test/glue_strip/005.png'] 0.5226352214813232
['/mnt/dsc3032-gaya-shared/group6/datasets/MVTec_AD/tile/test/glue_strip/006.png'] 0.5894174575805664
['/mnt/dsc3032-gaya-shared/group6/datasets/MVTec_AD/tile/test/glue_strip/007.png'] 0.5768877863883972
['/mnt/dsc3032-gaya-shared/group6/datasets/MVTec_AD/tile/test/glue_strip/008.png'] 0.6330228447914124
['/mnt/dsc3032-gaya-shared/group6/datasets/MVTec_AD/tile/test/glue_strip/009.png'] 0.638766884803772
['/mnt/dsc3032-gaya-shared/group6/datasets/MVTec_AD/tile/test/glue_strip/010.png'] 0.5898306369781494
['/mnt/dsc3032-gaya-shared/group6/datasets/MVTec_AD/tile/test/glue_strip/011.png'] 0.6047507524490356
['/mnt/dsc3032-gaya-shared/group6/datasets/MVTec_AD/tile/test/glue_strip/012.png'] 0.5901264548301697
['/mnt/dsc3032-gaya-shared/group6/datasets/MVTec_AD/tile/test/glue_strip/013.png'] 0.5803254842758179
['/mnt/dsc3032-gaya-shared/group6/datasets/MVTec_AD/tile/test/glue_strip/014.png'] 0.5673857927322388
['/mnt/dsc3032-gaya-shared/group6/datasets/MVTec_AD/tile/test/glue_strip/015.png'] 0.5685787796974182
['/mnt/dsc3032-gaya-shared/group6/datasets/MVTec_AD/tile/test/glue_strip/016.png'] 0.6187835335731506
['/mnt/dsc3032-gaya-shared/group6/datasets/MVTec_AD/tile/test/glue_strip/017.png'] 0.5732885003089905
['/mnt/dsc3032-gaya-shared/group6/datasets/MVTec_AD/tile/test/good/000.png'] 0.25862985849380493
['/mnt/dsc3032-gaya-shared/group6/datasets/MVTec_AD/tile/test/good/001.png'] 0.30174577236175537
['/mnt/dsc3032-gaya-shared/group6/datasets/MVTec_AD/tile/test/good/002.png'] 0.24166402220726013
['/mnt/dsc3032-gaya-shared/group6/datasets/MVTec_AD/tile/test/good/003.png'] 0.2325189858675003
['/mnt/dsc3032-gaya-shared/group6/datasets/MVTec_AD/tile/test/good/004.png'] 0.30404072999954224
['/mnt/dsc3032-gaya-shared/group6/datasets/MVTec_AD/tile/test/good/005.png'] 0.28980308771133423
['/mnt/dsc3032-gaya-shared/group6/datasets/MVTec_AD/tile/test/good/006.png'] 0.34198254346847534
['/mnt/dsc3032-gaya-shared/group6/datasets/MVTec_AD/tile/test/good/007.png'] 0.22325673699378967
['/mnt/dsc3032-gaya-shared/group6/datasets/MVTec_AD/tile/test/good/008.png'] 0.24043086171150208
['/mnt/dsc3032-gaya-shared/group6/datasets/MVTec_AD/tile/test/good/009.png'] 0.25895965099334717
['/mnt/dsc3032-gaya-shared/group6/datasets/MVTec_AD/tile/test/good/010.png'] 0.2752839922904968
['/mnt/dsc3032-gaya-shared/group6/datasets/MVTec_AD/tile/test/good/011.png'] 0.23754549026489258
['/mnt/dsc3032-gaya-shared/group6/datasets/MVTec_AD/tile/test/good/012.png'] 0.22558656334877014
['/mnt/dsc3032-gaya-shared/group6/datasets/MVTec_AD/tile/test/good/013.png'] 0.2246929109096527
['/mnt/dsc3032-gaya-shared/group6/datasets/MVTec_AD/tile/test/good/014.png'] 0.22998295724391937
['/mnt/dsc3032-gaya-shared/group6/datasets/MVTec_AD/tile/test/good/015.png'] 0.3266289234161377
['/mnt/dsc3032-gaya-shared/group6/datasets/MVTec_AD/tile/test/good/016.png'] 0.2876291275024414
['/mnt/dsc3032-gaya-shared/group6/datasets/MVTec_AD/tile/test/good/017.png'] 0.25298014283180237
['/mnt/dsc3032-gaya-shared/group6/datasets/MVTec_AD/tile/test/good/018.png'] 0.2500683069229126
['/mnt/dsc3032-gaya-shared/group6/datasets/MVTec_AD/tile/test/good/019.png'] 0.2977776825428009
['/mnt/dsc3032-gaya-shared/group6/datasets/MVTec_AD/tile/test/good/020.png'] 0.247148334980011
['/mnt/dsc3032-gaya-shared/group6/datasets/MVTec_AD/tile/test/good/021.png'] 0.251259446144104
['/mnt/dsc3032-gaya-shared/group6/datasets/MVTec_AD/tile/test/good/022.png'] 0.2603374123573303
['/mnt/dsc3032-gaya-shared/group6/datasets/MVTec_AD/tile/test/good/023.png'] 0.24915634095668793
['/mnt/dsc3032-gaya-shared/group6/datasets/MVTec_AD/tile/test/good/024.png'] 0.2975229322910309
['/mnt/dsc3032-gaya-shared/group6/datasets/MVTec_AD/tile/test/good/025.png'] 0.23093260824680328
['/mnt/dsc3032-gaya-shared/group6/datasets/MVTec_AD/tile/test/good/026.png'] 0.25239336490631104
['/mnt/dsc3032-gaya-shared/group6/datasets/MVTec_AD/tile/test/good/027.png'] 0.33944812417030334
['/mnt/dsc3032-gaya-shared/group6/datasets/MVTec_AD/tile/test/good/028.png'] 0.2317950576543808
['/mnt/dsc3032-gaya-shared/group6/datasets/MVTec_AD/tile/test/good/029.png'] 0.24571557343006134
['/mnt/dsc3032-gaya-shared/group6/datasets/MVTec_AD/tile/test/good/030.png'] 0.2523573637008667
['/mnt/dsc3032-gaya-shared/group6/datasets/MVTec_AD/tile/test/good/031.png'] 0.24376951158046722
['/mnt/dsc3032-gaya-shared/group6/datasets/MVTec_AD/tile/test/good/032.png'] 0.24804864823818207
['/mnt/dsc3032-gaya-shared/group6/datasets/MVTec_AD/tile/test/gray_stroke/000.png'] 0.38723981380462646
['/mnt/dsc3032-gaya-shared/group6/datasets/MVTec_AD/tile/test/gray_stroke/001.png'] 0.3849802613258362
['/mnt/dsc3032-gaya-shared/group6/datasets/MVTec_AD/tile/test/gray_stroke/002.png'] 0.34782683849334717
['/mnt/dsc3032-gaya-shared/group6/datasets/MVTec_AD/tile/test/gray_stroke/003.png'] 0.4157939553260803
['/mnt/dsc3032-gaya-shared/group6/datasets/MVTec_AD/tile/test/gray_stroke/004.png'] 0.3900550603866577
['/mnt/dsc3032-gaya-shared/group6/datasets/MVTec_AD/tile/test/gray_stroke/005.png'] 0.3973383903503418
['/mnt/dsc3032-gaya-shared/group6/datasets/MVTec_AD/tile/test/gray_stroke/006.png'] 0.3852049708366394
['/mnt/dsc3032-gaya-shared/group6/datasets/MVTec_AD/tile/test/gray_stroke/007.png'] 0.4105607271194458
['/mnt/dsc3032-gaya-shared/group6/datasets/MVTec_AD/tile/test/gray_stroke/008.png'] 0.41475123167037964
['/mnt/dsc3032-gaya-shared/group6/datasets/MVTec_AD/tile/test/gray_stroke/009.png'] 0.40973129868507385
['/mnt/dsc3032-gaya-shared/group6/datasets/MVTec_AD/tile/test/gray_stroke/010.png'] 0.3693350553512573
['/mnt/dsc3032-gaya-shared/group6/datasets/MVTec_AD/tile/test/gray_stroke/011.png'] 0.39127400517463684
['/mnt/dsc3032-gaya-shared/group6/datasets/MVTec_AD/tile/test/gray_stroke/012.png'] 0.3785289525985718
['/mnt/dsc3032-gaya-shared/group6/datasets/MVTec_AD/tile/test/gray_stroke/013.png'] 0.38994932174682617
['/mnt/dsc3032-gaya-shared/group6/datasets/MVTec_AD/tile/test/gray_stroke/014.png'] 0.41582155227661133
['/mnt/dsc3032-gaya-shared/group6/datasets/MVTec_AD/tile/test/gray_stroke/015.png'] 0.4572216272354126
['/mnt/dsc3032-gaya-shared/group6/datasets/MVTec_AD/tile/test/oil/000.png'] 0.5639570355415344
['/mnt/dsc3032-gaya-shared/group6/datasets/MVTec_AD/tile/test/oil/001.png'] 0.5270733833312988
['/mnt/dsc3032-gaya-shared/group6/datasets/MVTec_AD/tile/test/oil/002.png'] 0.49759459495544434
['/mnt/dsc3032-gaya-shared/group6/datasets/MVTec_AD/tile/test/oil/003.png'] 0.5214719772338867
['/mnt/dsc3032-gaya-shared/group6/datasets/MVTec_AD/tile/test/oil/004.png'] 0.5345708131790161
['/mnt/dsc3032-gaya-shared/group6/datasets/MVTec_AD/tile/test/oil/005.png'] 0.5264118313789368
['/mnt/dsc3032-gaya-shared/group6/datasets/MVTec_AD/tile/test/oil/006.png'] 0.509942889213562
['/mnt/dsc3032-gaya-shared/group6/datasets/MVTec_AD/tile/test/oil/007.png'] 0.5192882418632507
['/mnt/dsc3032-gaya-shared/group6/datasets/MVTec_AD/tile/test/oil/008.png'] 0.5524164438247681
['/mnt/dsc3032-gaya-shared/group6/datasets/MVTec_AD/tile/test/oil/009.png'] 0.5529413223266602
['/mnt/dsc3032-gaya-shared/group6/datasets/MVTec_AD/tile/test/oil/010.png'] 0.5619673728942871
['/mnt/dsc3032-gaya-shared/group6/datasets/MVTec_AD/tile/test/oil/011.png'] 0.5463091135025024
['/mnt/dsc3032-gaya-shared/group6/datasets/MVTec_AD/tile/test/oil/012.png'] 0.537794828414917
['/mnt/dsc3032-gaya-shared/group6/datasets/MVTec_AD/tile/test/oil/013.png'] 0.5155192017555237
['/mnt/dsc3032-gaya-shared/group6/datasets/MVTec_AD/tile/test/oil/014.png'] 0.555467426776886
['/mnt/dsc3032-gaya-shared/group6/datasets/MVTec_AD/tile/test/oil/015.png'] 0.5497795343399048
['/mnt/dsc3032-gaya-shared/group6/datasets/MVTec_AD/tile/test/oil/016.png'] 0.5435280799865723
['/mnt/dsc3032-gaya-shared/group6/datasets/MVTec_AD/tile/test/oil/017.png'] 0.5151549577713013
['/mnt/dsc3032-gaya-shared/group6/datasets/MVTec_AD/tile/test/rough/000.png'] 0.4692825376987457
['/mnt/dsc3032-gaya-shared/group6/datasets/MVTec_AD/tile/test/rough/001.png'] 0.5381653904914856
['/mnt/dsc3032-gaya-shared/group6/datasets/MVTec_AD/tile/test/rough/002.png'] 0.5302298665046692
['/mnt/dsc3032-gaya-shared/group6/datasets/MVTec_AD/tile/test/rough/003.png'] 0.4261423349380493
['/mnt/dsc3032-gaya-shared/group6/datasets/MVTec_AD/tile/test/rough/004.png'] 0.5191482901573181
['/mnt/dsc3032-gaya-shared/group6/datasets/MVTec_AD/tile/test/rough/005.png'] 0.44423943758010864
['/mnt/dsc3032-gaya-shared/group6/datasets/MVTec_AD/tile/test/rough/006.png'] 0.4465087652206421
['/mnt/dsc3032-gaya-shared/group6/datasets/MVTec_AD/tile/test/rough/007.png'] 0.4749351739883423
['/mnt/dsc3032-gaya-shared/group6/datasets/MVTec_AD/tile/test/rough/008.png'] 0.4958987236022949
['/mnt/dsc3032-gaya-shared/group6/datasets/MVTec_AD/tile/test/rough/009.png'] 0.508446216583252
['/mnt/dsc3032-gaya-shared/group6/datasets/MVTec_AD/tile/test/rough/010.png'] 0.44932645559310913
['/mnt/dsc3032-gaya-shared/group6/datasets/MVTec_AD/tile/test/rough/011.png'] 0.5385335087776184
['/mnt/dsc3032-gaya-shared/group6/datasets/MVTec_AD/tile/test/rough/012.png'] 0.43657386302948
['/mnt/dsc3032-gaya-shared/group6/datasets/MVTec_AD/tile/test/rough/013.png'] 0.4920549988746643
['/mnt/dsc3032-gaya-shared/group6/datasets/MVTec_AD/tile/test/rough/014.png'] 0.4574666917324066
26-06-02 17:29:47.472 - INFO: 
| category   |   K-shots |   F1-Max(image) |   AUROC(image) |   F1-Max(pixel) |   AUROC(pixel) |
|:-----------|----------:|----------------:|---------------:|----------------:|---------------:|
| tile       |         2 |             100 |            100 |           73.12 |          97.38 |
