/home/gaya6/LogSAD/dinov2/dinov2/layers/swiglu_ffn.py:43: UserWarning: xFormers is available (SwiGLU)
  warnings.warn("xFormers is available (SwiGLU)")
/home/gaya6/LogSAD/dinov2/dinov2/layers/attention.py:27: UserWarning: xFormers is available (Attention)
  warnings.warn("xFormers is available (Attention)")
/home/gaya6/LogSAD/dinov2/dinov2/layers/block.py:33: UserWarning: xFormers is available (Block)
  warnings.warn("xFormers is available (Block)")
['/mnt/dsc3032-gaya-shared/group6/datasets/MVTec_AD/transistor/test/bent_lead/000.png'] 0.34429609775543213
['/mnt/dsc3032-gaya-shared/group6/datasets/MVTec_AD/transistor/test/bent_lead/001.png'] 0.27989959716796875
['/mnt/dsc3032-gaya-shared/group6/datasets/MVTec_AD/transistor/test/bent_lead/002.png'] 0.33952009677886963
['/mnt/dsc3032-gaya-shared/group6/datasets/MVTec_AD/transistor/test/bent_lead/003.png'] 0.3524051010608673
['/mnt/dsc3032-gaya-shared/group6/datasets/MVTec_AD/transistor/test/bent_lead/004.png'] 0.3598228394985199
['/mnt/dsc3032-gaya-shared/group6/datasets/MVTec_AD/transistor/test/bent_lead/005.png'] 0.3586028814315796
['/mnt/dsc3032-gaya-shared/group6/datasets/MVTec_AD/transistor/test/bent_lead/006.png'] 0.3845721483230591
['/mnt/dsc3032-gaya-shared/group6/datasets/MVTec_AD/transistor/test/bent_lead/007.png'] 0.3777173161506653
['/mnt/dsc3032-gaya-shared/group6/datasets/MVTec_AD/transistor/test/bent_lead/008.png'] 0.312050998210907
['/mnt/dsc3032-gaya-shared/group6/datasets/MVTec_AD/transistor/test/bent_lead/009.png'] 0.2908596992492676
['/mnt/dsc3032-gaya-shared/group6/datasets/MVTec_AD/transistor/test/cut_lead/000.png'] 0.2957170009613037
['/mnt/dsc3032-gaya-shared/group6/datasets/MVTec_AD/transistor/test/cut_lead/001.png'] 0.3089321255683899
['/mnt/dsc3032-gaya-shared/group6/datasets/MVTec_AD/transistor/test/cut_lead/002.png'] 0.28809255361557007
['/mnt/dsc3032-gaya-shared/group6/datasets/MVTec_AD/transistor/test/cut_lead/003.png'] 0.32047200202941895
['/mnt/dsc3032-gaya-shared/group6/datasets/MVTec_AD/transistor/test/cut_lead/004.png'] 0.2812750041484833
['/mnt/dsc3032-gaya-shared/group6/datasets/MVTec_AD/transistor/test/cut_lead/005.png'] 0.27204620838165283
['/mnt/dsc3032-gaya-shared/group6/datasets/MVTec_AD/transistor/test/cut_lead/006.png'] 0.33562564849853516
['/mnt/dsc3032-gaya-shared/group6/datasets/MVTec_AD/transistor/test/cut_lead/007.png'] 0.30779045820236206
['/mnt/dsc3032-gaya-shared/group6/datasets/MVTec_AD/transistor/test/cut_lead/008.png'] 0.2707972526550293
['/mnt/dsc3032-gaya-shared/group6/datasets/MVTec_AD/transistor/test/cut_lead/009.png'] 0.26404979825019836
['/mnt/dsc3032-gaya-shared/group6/datasets/MVTec_AD/transistor/test/damaged_case/000.png'] 0.37306421995162964
['/mnt/dsc3032-gaya-shared/group6/datasets/MVTec_AD/transistor/test/damaged_case/001.png'] 0.4173669219017029
['/mnt/dsc3032-gaya-shared/group6/datasets/MVTec_AD/transistor/test/damaged_case/002.png'] 0.28807055950164795
['/mnt/dsc3032-gaya-shared/group6/datasets/MVTec_AD/transistor/test/damaged_case/003.png'] 0.3533793091773987
['/mnt/dsc3032-gaya-shared/group6/datasets/MVTec_AD/transistor/test/damaged_case/004.png'] 0.4023674726486206
['/mnt/dsc3032-gaya-shared/group6/datasets/MVTec_AD/transistor/test/damaged_case/005.png'] 0.33949482440948486
['/mnt/dsc3032-gaya-shared/group6/datasets/MVTec_AD/transistor/test/damaged_case/006.png'] 0.33869457244873047
['/mnt/dsc3032-gaya-shared/group6/datasets/MVTec_AD/transistor/test/damaged_case/007.png'] 0.3696720004081726
['/mnt/dsc3032-gaya-shared/group6/datasets/MVTec_AD/transistor/test/damaged_case/008.png'] 0.41443514823913574
['/mnt/dsc3032-gaya-shared/group6/datasets/MVTec_AD/transistor/test/damaged_case/009.png'] 0.3762388527393341
['/mnt/dsc3032-gaya-shared/group6/datasets/MVTec_AD/transistor/test/good/000.png'] 0.24942699074745178
['/mnt/dsc3032-gaya-shared/group6/datasets/MVTec_AD/transistor/test/good/001.png'] 0.2697189450263977
['/mnt/dsc3032-gaya-shared/group6/datasets/MVTec_AD/transistor/test/good/002.png'] 0.28688955307006836
['/mnt/dsc3032-gaya-shared/group6/datasets/MVTec_AD/transistor/test/good/003.png'] 0.24879927933216095
['/mnt/dsc3032-gaya-shared/group6/datasets/MVTec_AD/transistor/test/good/004.png'] 0.2565930485725403
['/mnt/dsc3032-gaya-shared/group6/datasets/MVTec_AD/transistor/test/good/005.png'] 0.2659379243850708
['/mnt/dsc3032-gaya-shared/group6/datasets/MVTec_AD/transistor/test/good/006.png'] 0.2518579363822937
['/mnt/dsc3032-gaya-shared/group6/datasets/MVTec_AD/transistor/test/good/007.png'] 0.24522481858730316
['/mnt/dsc3032-gaya-shared/group6/datasets/MVTec_AD/transistor/test/good/008.png'] 0.3092644512653351
['/mnt/dsc3032-gaya-shared/group6/datasets/MVTec_AD/transistor/test/good/009.png'] 0.2684134840965271
['/mnt/dsc3032-gaya-shared/group6/datasets/MVTec_AD/transistor/test/good/010.png'] 0.3006555140018463
['/mnt/dsc3032-gaya-shared/group6/datasets/MVTec_AD/transistor/test/good/011.png'] 0.2538747191429138
['/mnt/dsc3032-gaya-shared/group6/datasets/MVTec_AD/transistor/test/good/012.png'] 0.2555280327796936
['/mnt/dsc3032-gaya-shared/group6/datasets/MVTec_AD/transistor/test/good/013.png'] 0.2697627544403076
['/mnt/dsc3032-gaya-shared/group6/datasets/MVTec_AD/transistor/test/good/014.png'] 0.3030565679073334
['/mnt/dsc3032-gaya-shared/group6/datasets/MVTec_AD/transistor/test/good/015.png'] 0.28513413667678833
['/mnt/dsc3032-gaya-shared/group6/datasets/MVTec_AD/transistor/test/good/016.png'] 0.27066314220428467
['/mnt/dsc3032-gaya-shared/group6/datasets/MVTec_AD/transistor/test/good/017.png'] 0.2509620785713196
['/mnt/dsc3032-gaya-shared/group6/datasets/MVTec_AD/transistor/test/good/018.png'] 0.2860869765281677
['/mnt/dsc3032-gaya-shared/group6/datasets/MVTec_AD/transistor/test/good/019.png'] 0.25861459970474243
['/mnt/dsc3032-gaya-shared/group6/datasets/MVTec_AD/transistor/test/good/020.png'] 0.2895766496658325
['/mnt/dsc3032-gaya-shared/group6/datasets/MVTec_AD/transistor/test/good/021.png'] 0.3218810558319092
['/mnt/dsc3032-gaya-shared/group6/datasets/MVTec_AD/transistor/test/good/022.png'] 0.2926064729690552
['/mnt/dsc3032-gaya-shared/group6/datasets/MVTec_AD/transistor/test/good/023.png'] 0.2788298428058624
['/mnt/dsc3032-gaya-shared/group6/datasets/MVTec_AD/transistor/test/good/024.png'] 0.27808016538619995
['/mnt/dsc3032-gaya-shared/group6/datasets/MVTec_AD/transistor/test/good/025.png'] 0.2678070068359375
['/mnt/dsc3032-gaya-shared/group6/datasets/MVTec_AD/transistor/test/good/026.png'] 0.31591281294822693
['/mnt/dsc3032-gaya-shared/group6/datasets/MVTec_AD/transistor/test/good/027.png'] 0.24712605774402618
['/mnt/dsc3032-gaya-shared/group6/datasets/MVTec_AD/transistor/test/good/028.png'] 0.27141329646110535
['/mnt/dsc3032-gaya-shared/group6/datasets/MVTec_AD/transistor/test/good/029.png'] 0.27210164070129395
['/mnt/dsc3032-gaya-shared/group6/datasets/MVTec_AD/transistor/test/good/030.png'] 0.2550715208053589
['/mnt/dsc3032-gaya-shared/group6/datasets/MVTec_AD/transistor/test/good/031.png'] 0.30634552240371704
['/mnt/dsc3032-gaya-shared/group6/datasets/MVTec_AD/transistor/test/good/032.png'] 0.314849317073822
['/mnt/dsc3032-gaya-shared/group6/datasets/MVTec_AD/transistor/test/good/033.png'] 0.2764526605606079
['/mnt/dsc3032-gaya-shared/group6/datasets/MVTec_AD/transistor/test/good/034.png'] 0.2643694281578064
['/mnt/dsc3032-gaya-shared/group6/datasets/MVTec_AD/transistor/test/good/035.png'] 0.29505735635757446
['/mnt/dsc3032-gaya-shared/group6/datasets/MVTec_AD/transistor/test/good/036.png'] 0.34546881914138794
['/mnt/dsc3032-gaya-shared/group6/datasets/MVTec_AD/transistor/test/good/037.png'] 0.3307734727859497
['/mnt/dsc3032-gaya-shared/group6/datasets/MVTec_AD/transistor/test/good/038.png'] 0.26724520325660706
['/mnt/dsc3032-gaya-shared/group6/datasets/MVTec_AD/transistor/test/good/039.png'] 0.25111448764801025
['/mnt/dsc3032-gaya-shared/group6/datasets/MVTec_AD/transistor/test/good/040.png'] 0.3029530644416809
['/mnt/dsc3032-gaya-shared/group6/datasets/MVTec_AD/transistor/test/good/041.png'] 0.3010450005531311
['/mnt/dsc3032-gaya-shared/group6/datasets/MVTec_AD/transistor/test/good/042.png'] 0.272236704826355
['/mnt/dsc3032-gaya-shared/group6/datasets/MVTec_AD/transistor/test/good/043.png'] 0.2926959991455078
['/mnt/dsc3032-gaya-shared/group6/datasets/MVTec_AD/transistor/test/good/044.png'] 0.26058775186538696
['/mnt/dsc3032-gaya-shared/group6/datasets/MVTec_AD/transistor/test/good/045.png'] 0.33090049028396606
['/mnt/dsc3032-gaya-shared/group6/datasets/MVTec_AD/transistor/test/good/046.png'] 0.26255473494529724
['/mnt/dsc3032-gaya-shared/group6/datasets/MVTec_AD/transistor/test/good/047.png'] 0.28042635321617126
['/mnt/dsc3032-gaya-shared/group6/datasets/MVTec_AD/transistor/test/good/048.png'] 0.25783848762512207
['/mnt/dsc3032-gaya-shared/group6/datasets/MVTec_AD/transistor/test/good/049.png'] 0.24079559743404388
['/mnt/dsc3032-gaya-shared/group6/datasets/MVTec_AD/transistor/test/good/050.png'] 0.26046136021614075
['/mnt/dsc3032-gaya-shared/group6/datasets/MVTec_AD/transistor/test/good/051.png'] 0.26086199283599854
['/mnt/dsc3032-gaya-shared/group6/datasets/MVTec_AD/transistor/test/good/052.png'] 0.3201497197151184
['/mnt/dsc3032-gaya-shared/group6/datasets/MVTec_AD/transistor/test/good/053.png'] 0.27010688185691833
['/mnt/dsc3032-gaya-shared/group6/datasets/MVTec_AD/transistor/test/good/054.png'] 0.42409685254096985
['/mnt/dsc3032-gaya-shared/group6/datasets/MVTec_AD/transistor/test/good/055.png'] 0.2939513027667999
['/mnt/dsc3032-gaya-shared/group6/datasets/MVTec_AD/transistor/test/good/056.png'] 0.2824273705482483
['/mnt/dsc3032-gaya-shared/group6/datasets/MVTec_AD/transistor/test/good/057.png'] 0.29564592242240906
['/mnt/dsc3032-gaya-shared/group6/datasets/MVTec_AD/transistor/test/good/058.png'] 0.28757810592651367
['/mnt/dsc3032-gaya-shared/group6/datasets/MVTec_AD/transistor/test/good/059.png'] 0.2776458263397217
['/mnt/dsc3032-gaya-shared/group6/datasets/MVTec_AD/transistor/test/misplaced/000.png'] 0.36567842960357666
['/mnt/dsc3032-gaya-shared/group6/datasets/MVTec_AD/transistor/test/misplaced/001.png'] 0.31011688709259033
['/mnt/dsc3032-gaya-shared/group6/datasets/MVTec_AD/transistor/test/misplaced/002.png'] 0.3766205906867981
['/mnt/dsc3032-gaya-shared/group6/datasets/MVTec_AD/transistor/test/misplaced/003.png'] 0.37592294812202454
['/mnt/dsc3032-gaya-shared/group6/datasets/MVTec_AD/transistor/test/misplaced/004.png'] 0.4091953635215759
['/mnt/dsc3032-gaya-shared/group6/datasets/MVTec_AD/transistor/test/misplaced/005.png'] 0.396742045879364
['/mnt/dsc3032-gaya-shared/group6/datasets/MVTec_AD/transistor/test/misplaced/006.png'] 0.3097270727157593
['/mnt/dsc3032-gaya-shared/group6/datasets/MVTec_AD/transistor/test/misplaced/007.png'] 0.44094789028167725
['/mnt/dsc3032-gaya-shared/group6/datasets/MVTec_AD/transistor/test/misplaced/008.png'] 0.43353044986724854
['/mnt/dsc3032-gaya-shared/group6/datasets/MVTec_AD/transistor/test/misplaced/009.png'] 0.3657733201980591
26-06-02 17:31:09.440 - INFO: 
| category   |   K-shots |   F1-Max(image) |   AUROC(image) |   F1-Max(pixel) |   AUROC(pixel) |
|:-----------|----------:|----------------:|---------------:|----------------:|---------------:|
| transistor |         2 |            77.5 |          87.25 |           57.66 |          94.36 |
