/home/gaya6/LogSAD/dinov2/dinov2/layers/swiglu_ffn.py:43: UserWarning: xFormers is available (SwiGLU)
  warnings.warn("xFormers is available (SwiGLU)")
/home/gaya6/LogSAD/dinov2/dinov2/layers/attention.py:27: UserWarning: xFormers is available (Attention)
  warnings.warn("xFormers is available (Attention)")
/home/gaya6/LogSAD/dinov2/dinov2/layers/block.py:33: UserWarning: xFormers is available (Block)
  warnings.warn("xFormers is available (Block)")
['/mnt/dsc3032-gaya-shared/group6/datasets/MVTec_AD/zipper/test/broken_teeth/000.png'] 0.24333055317401886
['/mnt/dsc3032-gaya-shared/group6/datasets/MVTec_AD/zipper/test/broken_teeth/001.png'] 0.3793429732322693
['/mnt/dsc3032-gaya-shared/group6/datasets/MVTec_AD/zipper/test/broken_teeth/002.png'] 0.2507556080818176
['/mnt/dsc3032-gaya-shared/group6/datasets/MVTec_AD/zipper/test/broken_teeth/003.png'] 0.30241143703460693
['/mnt/dsc3032-gaya-shared/group6/datasets/MVTec_AD/zipper/test/broken_teeth/004.png'] 0.28702211380004883
['/mnt/dsc3032-gaya-shared/group6/datasets/MVTec_AD/zipper/test/broken_teeth/005.png'] 0.29050934314727783
['/mnt/dsc3032-gaya-shared/group6/datasets/MVTec_AD/zipper/test/broken_teeth/006.png'] 0.2699936628341675
['/mnt/dsc3032-gaya-shared/group6/datasets/MVTec_AD/zipper/test/broken_teeth/007.png'] 0.4180360436439514
['/mnt/dsc3032-gaya-shared/group6/datasets/MVTec_AD/zipper/test/broken_teeth/008.png'] 0.2779121696949005
['/mnt/dsc3032-gaya-shared/group6/datasets/MVTec_AD/zipper/test/broken_teeth/009.png'] 0.2679523229598999
['/mnt/dsc3032-gaya-shared/group6/datasets/MVTec_AD/zipper/test/broken_teeth/010.png'] 0.29151666164398193
['/mnt/dsc3032-gaya-shared/group6/datasets/MVTec_AD/zipper/test/broken_teeth/011.png'] 0.32050979137420654
['/mnt/dsc3032-gaya-shared/group6/datasets/MVTec_AD/zipper/test/broken_teeth/012.png'] 0.2857108414173126
['/mnt/dsc3032-gaya-shared/group6/datasets/MVTec_AD/zipper/test/broken_teeth/013.png'] 0.33541011810302734
['/mnt/dsc3032-gaya-shared/group6/datasets/MVTec_AD/zipper/test/broken_teeth/014.png'] 0.3002382814884186
['/mnt/dsc3032-gaya-shared/group6/datasets/MVTec_AD/zipper/test/broken_teeth/015.png'] 0.26672595739364624
['/mnt/dsc3032-gaya-shared/group6/datasets/MVTec_AD/zipper/test/broken_teeth/016.png'] 0.3255942165851593
['/mnt/dsc3032-gaya-shared/group6/datasets/MVTec_AD/zipper/test/broken_teeth/017.png'] 0.36465615034103394
['/mnt/dsc3032-gaya-shared/group6/datasets/MVTec_AD/zipper/test/broken_teeth/018.png'] 0.3485730290412903
['/mnt/dsc3032-gaya-shared/group6/datasets/MVTec_AD/zipper/test/combined/000.png'] 0.37795352935791016
['/mnt/dsc3032-gaya-shared/group6/datasets/MVTec_AD/zipper/test/combined/001.png'] 0.29422909021377563
['/mnt/dsc3032-gaya-shared/group6/datasets/MVTec_AD/zipper/test/combined/002.png'] 0.25521978735923767
['/mnt/dsc3032-gaya-shared/group6/datasets/MVTec_AD/zipper/test/combined/003.png'] 0.34333691000938416
['/mnt/dsc3032-gaya-shared/group6/datasets/MVTec_AD/zipper/test/combined/004.png'] 0.3380603790283203
['/mnt/dsc3032-gaya-shared/group6/datasets/MVTec_AD/zipper/test/combined/005.png'] 0.33957433700561523
['/mnt/dsc3032-gaya-shared/group6/datasets/MVTec_AD/zipper/test/combined/006.png'] 0.46948572993278503
['/mnt/dsc3032-gaya-shared/group6/datasets/MVTec_AD/zipper/test/combined/007.png'] 0.2702581286430359
['/mnt/dsc3032-gaya-shared/group6/datasets/MVTec_AD/zipper/test/combined/008.png'] 0.3212531805038452
['/mnt/dsc3032-gaya-shared/group6/datasets/MVTec_AD/zipper/test/combined/009.png'] 0.3325490951538086
['/mnt/dsc3032-gaya-shared/group6/datasets/MVTec_AD/zipper/test/combined/010.png'] 0.42028355598449707
['/mnt/dsc3032-gaya-shared/group6/datasets/MVTec_AD/zipper/test/combined/011.png'] 0.4320152997970581
['/mnt/dsc3032-gaya-shared/group6/datasets/MVTec_AD/zipper/test/combined/012.png'] 0.3515698313713074
['/mnt/dsc3032-gaya-shared/group6/datasets/MVTec_AD/zipper/test/combined/013.png'] 0.3994646668434143
['/mnt/dsc3032-gaya-shared/group6/datasets/MVTec_AD/zipper/test/combined/014.png'] 0.3147769570350647
['/mnt/dsc3032-gaya-shared/group6/datasets/MVTec_AD/zipper/test/combined/015.png'] 0.4599568843841553
['/mnt/dsc3032-gaya-shared/group6/datasets/MVTec_AD/zipper/test/fabric_border/000.png'] 0.4538903832435608
['/mnt/dsc3032-gaya-shared/group6/datasets/MVTec_AD/zipper/test/fabric_border/001.png'] 0.46230706572532654
['/mnt/dsc3032-gaya-shared/group6/datasets/MVTec_AD/zipper/test/fabric_border/002.png'] 0.3808155655860901
['/mnt/dsc3032-gaya-shared/group6/datasets/MVTec_AD/zipper/test/fabric_border/003.png'] 0.46021735668182373
['/mnt/dsc3032-gaya-shared/group6/datasets/MVTec_AD/zipper/test/fabric_border/004.png'] 0.4476933479309082
['/mnt/dsc3032-gaya-shared/group6/datasets/MVTec_AD/zipper/test/fabric_border/005.png'] 0.49715131521224976
['/mnt/dsc3032-gaya-shared/group6/datasets/MVTec_AD/zipper/test/fabric_border/006.png'] 0.4482364058494568
['/mnt/dsc3032-gaya-shared/group6/datasets/MVTec_AD/zipper/test/fabric_border/007.png'] 0.45492443442344666
['/mnt/dsc3032-gaya-shared/group6/datasets/MVTec_AD/zipper/test/fabric_border/008.png'] 0.4246474504470825
['/mnt/dsc3032-gaya-shared/group6/datasets/MVTec_AD/zipper/test/fabric_border/009.png'] 0.46452057361602783
['/mnt/dsc3032-gaya-shared/group6/datasets/MVTec_AD/zipper/test/fabric_border/010.png'] 0.48377200961112976
['/mnt/dsc3032-gaya-shared/group6/datasets/MVTec_AD/zipper/test/fabric_border/011.png'] 0.452459454536438
['/mnt/dsc3032-gaya-shared/group6/datasets/MVTec_AD/zipper/test/fabric_border/012.png'] 0.43946361541748047
['/mnt/dsc3032-gaya-shared/group6/datasets/MVTec_AD/zipper/test/fabric_border/013.png'] 0.3741317391395569
['/mnt/dsc3032-gaya-shared/group6/datasets/MVTec_AD/zipper/test/fabric_border/014.png'] 0.4180673658847809
['/mnt/dsc3032-gaya-shared/group6/datasets/MVTec_AD/zipper/test/fabric_border/015.png'] 0.4393005967140198
['/mnt/dsc3032-gaya-shared/group6/datasets/MVTec_AD/zipper/test/fabric_border/016.png'] 0.45124924182891846
['/mnt/dsc3032-gaya-shared/group6/datasets/MVTec_AD/zipper/test/fabric_interior/000.png'] 0.3289470076560974
['/mnt/dsc3032-gaya-shared/group6/datasets/MVTec_AD/zipper/test/fabric_interior/001.png'] 0.3548564314842224
['/mnt/dsc3032-gaya-shared/group6/datasets/MVTec_AD/zipper/test/fabric_interior/002.png'] 0.32890796661376953
['/mnt/dsc3032-gaya-shared/group6/datasets/MVTec_AD/zipper/test/fabric_interior/003.png'] 0.2911977171897888
['/mnt/dsc3032-gaya-shared/group6/datasets/MVTec_AD/zipper/test/fabric_interior/004.png'] 0.3228256106376648
['/mnt/dsc3032-gaya-shared/group6/datasets/MVTec_AD/zipper/test/fabric_interior/005.png'] 0.3378937244415283
['/mnt/dsc3032-gaya-shared/group6/datasets/MVTec_AD/zipper/test/fabric_interior/006.png'] 0.28038454055786133
['/mnt/dsc3032-gaya-shared/group6/datasets/MVTec_AD/zipper/test/fabric_interior/007.png'] 0.22923901677131653
['/mnt/dsc3032-gaya-shared/group6/datasets/MVTec_AD/zipper/test/fabric_interior/008.png'] 0.3752391040325165
['/mnt/dsc3032-gaya-shared/group6/datasets/MVTec_AD/zipper/test/fabric_interior/009.png'] 0.31753009557724
['/mnt/dsc3032-gaya-shared/group6/datasets/MVTec_AD/zipper/test/fabric_interior/010.png'] 0.33543694019317627
['/mnt/dsc3032-gaya-shared/group6/datasets/MVTec_AD/zipper/test/fabric_interior/011.png'] 0.3136485815048218
['/mnt/dsc3032-gaya-shared/group6/datasets/MVTec_AD/zipper/test/fabric_interior/012.png'] 0.2380552738904953
['/mnt/dsc3032-gaya-shared/group6/datasets/MVTec_AD/zipper/test/fabric_interior/013.png'] 0.341727077960968
['/mnt/dsc3032-gaya-shared/group6/datasets/MVTec_AD/zipper/test/fabric_interior/014.png'] 0.31565243005752563
['/mnt/dsc3032-gaya-shared/group6/datasets/MVTec_AD/zipper/test/fabric_interior/015.png'] 0.2805463969707489
['/mnt/dsc3032-gaya-shared/group6/datasets/MVTec_AD/zipper/test/good/000.png'] 0.22793048620224
['/mnt/dsc3032-gaya-shared/group6/datasets/MVTec_AD/zipper/test/good/001.png'] 0.19439272582530975
['/mnt/dsc3032-gaya-shared/group6/datasets/MVTec_AD/zipper/test/good/002.png'] 0.21220777928829193
['/mnt/dsc3032-gaya-shared/group6/datasets/MVTec_AD/zipper/test/good/003.png'] 0.2468762993812561
['/mnt/dsc3032-gaya-shared/group6/datasets/MVTec_AD/zipper/test/good/004.png'] 0.2418588101863861
['/mnt/dsc3032-gaya-shared/group6/datasets/MVTec_AD/zipper/test/good/005.png'] 0.1991598755121231
['/mnt/dsc3032-gaya-shared/group6/datasets/MVTec_AD/zipper/test/good/006.png'] 0.251033753156662
['/mnt/dsc3032-gaya-shared/group6/datasets/MVTec_AD/zipper/test/good/007.png'] 0.22775854170322418
['/mnt/dsc3032-gaya-shared/group6/datasets/MVTec_AD/zipper/test/good/008.png'] 0.1852073073387146
['/mnt/dsc3032-gaya-shared/group6/datasets/MVTec_AD/zipper/test/good/009.png'] 0.1908799707889557
['/mnt/dsc3032-gaya-shared/group6/datasets/MVTec_AD/zipper/test/good/010.png'] 0.1973453015089035
['/mnt/dsc3032-gaya-shared/group6/datasets/MVTec_AD/zipper/test/good/011.png'] 0.22998569905757904
['/mnt/dsc3032-gaya-shared/group6/datasets/MVTec_AD/zipper/test/good/012.png'] 0.20544888079166412
['/mnt/dsc3032-gaya-shared/group6/datasets/MVTec_AD/zipper/test/good/013.png'] 0.18479162454605103
['/mnt/dsc3032-gaya-shared/group6/datasets/MVTec_AD/zipper/test/good/014.png'] 0.21150465309619904
['/mnt/dsc3032-gaya-shared/group6/datasets/MVTec_AD/zipper/test/good/015.png'] 0.21751652657985687
['/mnt/dsc3032-gaya-shared/group6/datasets/MVTec_AD/zipper/test/good/016.png'] 0.20628735423088074
['/mnt/dsc3032-gaya-shared/group6/datasets/MVTec_AD/zipper/test/good/017.png'] 0.2272883802652359
['/mnt/dsc3032-gaya-shared/group6/datasets/MVTec_AD/zipper/test/good/018.png'] 0.2217842936515808
['/mnt/dsc3032-gaya-shared/group6/datasets/MVTec_AD/zipper/test/good/019.png'] 0.2030622363090515
['/mnt/dsc3032-gaya-shared/group6/datasets/MVTec_AD/zipper/test/good/020.png'] 0.1790717989206314
['/mnt/dsc3032-gaya-shared/group6/datasets/MVTec_AD/zipper/test/good/021.png'] 0.36745211482048035
['/mnt/dsc3032-gaya-shared/group6/datasets/MVTec_AD/zipper/test/good/022.png'] 0.36745786666870117
['/mnt/dsc3032-gaya-shared/group6/datasets/MVTec_AD/zipper/test/good/023.png'] 0.18476420640945435
['/mnt/dsc3032-gaya-shared/group6/datasets/MVTec_AD/zipper/test/good/024.png'] 0.20748038589954376
['/mnt/dsc3032-gaya-shared/group6/datasets/MVTec_AD/zipper/test/good/025.png'] 0.22285708785057068
['/mnt/dsc3032-gaya-shared/group6/datasets/MVTec_AD/zipper/test/good/026.png'] 0.22615064680576324
['/mnt/dsc3032-gaya-shared/group6/datasets/MVTec_AD/zipper/test/good/027.png'] 0.2247292399406433
['/mnt/dsc3032-gaya-shared/group6/datasets/MVTec_AD/zipper/test/good/028.png'] 0.21529030799865723
['/mnt/dsc3032-gaya-shared/group6/datasets/MVTec_AD/zipper/test/good/029.png'] 0.21647807955741882
['/mnt/dsc3032-gaya-shared/group6/datasets/MVTec_AD/zipper/test/good/030.png'] 0.17294715344905853
['/mnt/dsc3032-gaya-shared/group6/datasets/MVTec_AD/zipper/test/good/031.png'] 0.1696704924106598
['/mnt/dsc3032-gaya-shared/group6/datasets/MVTec_AD/zipper/test/rough/000.png'] 0.31738224625587463
['/mnt/dsc3032-gaya-shared/group6/datasets/MVTec_AD/zipper/test/rough/001.png'] 0.3161177635192871
['/mnt/dsc3032-gaya-shared/group6/datasets/MVTec_AD/zipper/test/rough/002.png'] 0.3302302956581116
['/mnt/dsc3032-gaya-shared/group6/datasets/MVTec_AD/zipper/test/rough/003.png'] 0.3784479796886444
['/mnt/dsc3032-gaya-shared/group6/datasets/MVTec_AD/zipper/test/rough/004.png'] 0.2907307744026184
['/mnt/dsc3032-gaya-shared/group6/datasets/MVTec_AD/zipper/test/rough/005.png'] 0.3254733681678772
['/mnt/dsc3032-gaya-shared/group6/datasets/MVTec_AD/zipper/test/rough/006.png'] 0.3387213349342346
['/mnt/dsc3032-gaya-shared/group6/datasets/MVTec_AD/zipper/test/rough/007.png'] 0.3334977328777313
['/mnt/dsc3032-gaya-shared/group6/datasets/MVTec_AD/zipper/test/rough/008.png'] 0.2879401445388794
['/mnt/dsc3032-gaya-shared/group6/datasets/MVTec_AD/zipper/test/rough/009.png'] 0.35314005613327026
['/mnt/dsc3032-gaya-shared/group6/datasets/MVTec_AD/zipper/test/rough/010.png'] 0.35338765382766724
['/mnt/dsc3032-gaya-shared/group6/datasets/MVTec_AD/zipper/test/rough/011.png'] 0.33520787954330444
['/mnt/dsc3032-gaya-shared/group6/datasets/MVTec_AD/zipper/test/rough/012.png'] 0.30029261112213135
['/mnt/dsc3032-gaya-shared/group6/datasets/MVTec_AD/zipper/test/rough/013.png'] 0.32041439414024353
['/mnt/dsc3032-gaya-shared/group6/datasets/MVTec_AD/zipper/test/rough/014.png'] 0.3152373433113098
['/mnt/dsc3032-gaya-shared/group6/datasets/MVTec_AD/zipper/test/rough/015.png'] 0.40592777729034424
['/mnt/dsc3032-gaya-shared/group6/datasets/MVTec_AD/zipper/test/rough/016.png'] 0.3431550860404968
['/mnt/dsc3032-gaya-shared/group6/datasets/MVTec_AD/zipper/test/split_teeth/000.png'] 0.28420597314834595
['/mnt/dsc3032-gaya-shared/group6/datasets/MVTec_AD/zipper/test/split_teeth/001.png'] 0.2886713743209839
['/mnt/dsc3032-gaya-shared/group6/datasets/MVTec_AD/zipper/test/split_teeth/002.png'] 0.27132880687713623
['/mnt/dsc3032-gaya-shared/group6/datasets/MVTec_AD/zipper/test/split_teeth/003.png'] 0.37413448095321655
['/mnt/dsc3032-gaya-shared/group6/datasets/MVTec_AD/zipper/test/split_teeth/004.png'] 0.3930514454841614
['/mnt/dsc3032-gaya-shared/group6/datasets/MVTec_AD/zipper/test/split_teeth/005.png'] 0.34861862659454346
['/mnt/dsc3032-gaya-shared/group6/datasets/MVTec_AD/zipper/test/split_teeth/006.png'] 0.2812937796115875
['/mnt/dsc3032-gaya-shared/group6/datasets/MVTec_AD/zipper/test/split_teeth/007.png'] 0.2847038209438324
['/mnt/dsc3032-gaya-shared/group6/datasets/MVTec_AD/zipper/test/split_teeth/008.png'] 0.26986220479011536
['/mnt/dsc3032-gaya-shared/group6/datasets/MVTec_AD/zipper/test/split_teeth/009.png'] 0.2940724492073059
['/mnt/dsc3032-gaya-shared/group6/datasets/MVTec_AD/zipper/test/split_teeth/010.png'] 0.27314916253089905
['/mnt/dsc3032-gaya-shared/group6/datasets/MVTec_AD/zipper/test/split_teeth/011.png'] 0.27945420145988464
['/mnt/dsc3032-gaya-shared/group6/datasets/MVTec_AD/zipper/test/split_teeth/012.png'] 0.3263363242149353
['/mnt/dsc3032-gaya-shared/group6/datasets/MVTec_AD/zipper/test/split_teeth/013.png'] 0.27984631061553955
['/mnt/dsc3032-gaya-shared/group6/datasets/MVTec_AD/zipper/test/split_teeth/014.png'] 0.3086860179901123
['/mnt/dsc3032-gaya-shared/group6/datasets/MVTec_AD/zipper/test/split_teeth/015.png'] 0.3764214515686035
['/mnt/dsc3032-gaya-shared/group6/datasets/MVTec_AD/zipper/test/split_teeth/016.png'] 0.3640134632587433
['/mnt/dsc3032-gaya-shared/group6/datasets/MVTec_AD/zipper/test/split_teeth/017.png'] 0.32645177841186523
['/mnt/dsc3032-gaya-shared/group6/datasets/MVTec_AD/zipper/test/squeezed_teeth/000.png'] 0.2697450518608093
['/mnt/dsc3032-gaya-shared/group6/datasets/MVTec_AD/zipper/test/squeezed_teeth/001.png'] 0.26052871346473694
['/mnt/dsc3032-gaya-shared/group6/datasets/MVTec_AD/zipper/test/squeezed_teeth/002.png'] 0.25254154205322266
['/mnt/dsc3032-gaya-shared/group6/datasets/MVTec_AD/zipper/test/squeezed_teeth/003.png'] 0.31372255086898804
['/mnt/dsc3032-gaya-shared/group6/datasets/MVTec_AD/zipper/test/squeezed_teeth/004.png'] 0.2622625231742859
['/mnt/dsc3032-gaya-shared/group6/datasets/MVTec_AD/zipper/test/squeezed_teeth/005.png'] 0.242936909198761
['/mnt/dsc3032-gaya-shared/group6/datasets/MVTec_AD/zipper/test/squeezed_teeth/006.png'] 0.267922043800354
['/mnt/dsc3032-gaya-shared/group6/datasets/MVTec_AD/zipper/test/squeezed_teeth/007.png'] 0.24626195430755615
['/mnt/dsc3032-gaya-shared/group6/datasets/MVTec_AD/zipper/test/squeezed_teeth/008.png'] 0.2054053694009781
['/mnt/dsc3032-gaya-shared/group6/datasets/MVTec_AD/zipper/test/squeezed_teeth/009.png'] 0.3037705421447754
['/mnt/dsc3032-gaya-shared/group6/datasets/MVTec_AD/zipper/test/squeezed_teeth/010.png'] 0.4126141667366028
['/mnt/dsc3032-gaya-shared/group6/datasets/MVTec_AD/zipper/test/squeezed_teeth/011.png'] 0.2710939347743988
['/mnt/dsc3032-gaya-shared/group6/datasets/MVTec_AD/zipper/test/squeezed_teeth/012.png'] 0.23805366456508636
['/mnt/dsc3032-gaya-shared/group6/datasets/MVTec_AD/zipper/test/squeezed_teeth/013.png'] 0.28858160972595215
['/mnt/dsc3032-gaya-shared/group6/datasets/MVTec_AD/zipper/test/squeezed_teeth/014.png'] 0.26001203060150146
['/mnt/dsc3032-gaya-shared/group6/datasets/MVTec_AD/zipper/test/squeezed_teeth/015.png'] 0.3112158179283142
26-06-02 17:32:53.803 - INFO: 
| category   |   K-shots |   F1-Max(image) |   AUROC(image) |   F1-Max(pixel) |   AUROC(pixel) |
|:-----------|----------:|----------------:|---------------:|----------------:|---------------:|
| zipper     |         2 |           97.12 |          94.49 |           60.53 |          96.77 |
