OpenVINO is not installed. Please install OpenVINO to use OpenVINOInferencer.
/home/gaya6/LogSAD/dinov2/dinov2/layers/swiglu_ffn.py:43: UserWarning: xFormers is available (SwiGLU)
  warnings.warn("xFormers is available (SwiGLU)")
/home/gaya6/LogSAD/dinov2/dinov2/layers/attention.py:27: UserWarning: xFormers is available (Attention)
  warnings.warn("xFormers is available (Attention)")
/home/gaya6/LogSAD/dinov2/dinov2/layers/block.py:33: UserWarning: xFormers is available (Block)
  warnings.warn("xFormers is available (Block)")
torch.Size([351, 3, 448, 448])
running k-means on cuda..
[running kmeans]: 0it [00:00, ?it/s][running kmeans]: 0it [00:00, ?it/s, center_shift=5.325912, iteration=1, tol=0.000100][running kmeans]: 1it [00:00,  2.80it/s, center_shift=5.325912, iteration=1, tol=0.000100][running kmeans]: 1it [00:00,  2.80it/s, center_shift=0.134610, iteration=2, tol=0.000100][running kmeans]: 2it [00:00,  3.18it/s, center_shift=0.134610, iteration=2, tol=0.000100][running kmeans]: 2it [00:00,  3.18it/s, center_shift=0.002170, iteration=3, tol=0.000100][running kmeans]: 3it [00:00,  3.35it/s, center_shift=0.002170, iteration=3, tol=0.000100][running kmeans]: 3it [00:01,  3.35it/s, center_shift=0.000200, iteration=4, tol=0.000100][running kmeans]: 4it [00:01,  3.44it/s, center_shift=0.000200, iteration=4, tol=0.000100][running kmeans]: 4it [00:01,  3.44it/s, center_shift=0.000036, iteration=5, tol=0.000100][running kmeans]: 5it [00:01,  3.49it/s, center_shift=0.000036, iteration=5, tol=0.000100][running kmeans]: 5it [00:01,  3.38it/s, center_shift=0.000036, iteration=5, tol=0.000100]
predicting on cuda..
predicting on cuda..
predicting on cuda..
predicting on cuda..
Selecting Coreset Indices. ━━━━━━━━━━━━━━━━━━━━━━━━━━━━━━━━━━━━━━━━ 100% 0:00:00
Selecting Coreset Indices. ━━━━━━━━━━━━━━━━━━━━━━━━━━━━━━━━━━━━━━━━ 100% 0:00:00
predicting on cuda..
predicting on cuda..
predicting on cuda..
predicting on cuda..
Selecting Coreset Indices. ━━━━━━━━━━━━━━━━━━━━━━━━━━━━━━━━━━━━━━━━ 100% 0:00:00
Selecting Coreset Indices. ━━━━━━━━━━━━━━━━━━━━━━━━━━━━━━━━━━━━━━━━ 100% 0:00:00
predicting on cuda..
predicting on cuda..
predicting on cuda..
predicting on cuda..
Selecting Coreset Indices. ━━━━━━━━━━━━━━━━━━━━━━━━━━━━━━━━━━━━━━━━ 100% 0:00:00
Selecting Coreset Indices. ━━━━━━━━━━━━━━━━━━━━━━━━━━━━━━━━━━━━━━━━ 100% 0:00:00
predicting on cuda..
predicting on cuda..
predicting on cuda..
predicting on cuda..
Selecting Coreset Indices. ━━━━━━━━━━━━━━━━━━━━━━━━━━━━━━━━━━━━━━━━ 100% 0:00:00
Selecting Coreset Indices. ━━━━━━━━━━━━━━━━━━━━━━━━━━━━━━━━━━━━━━━━ 100% 0:00:00
predicting on cuda..
predicting on cuda..
predicting on cuda..
predicting on cuda..
Selecting Coreset Indices. ━━━━━━━━━━━━━━━━━━━━━━━━━━━━━━━━━━━━━━━━ 100% 0:00:00
Selecting Coreset Indices. ━━━━━━━━━━━━━━━━━━━━━━━━━━━━━━━━━━━━━━━━ 100% 0:00:00
predicting on cuda..
predicting on cuda..
predicting on cuda..
predicting on cuda..
Selecting Coreset Indices. ━━━━━━━━━━━━━━━━━━━━━━━━━━━━━━━━━━━━━━━━ 100% 0:00:00
Selecting Coreset Indices. ━━━━━━━━━━━━━━━━━━━━━━━━━━━━━━━━━━━━━━━━ 100% 0:00:00
predicting on cuda..
predicting on cuda..
predicting on cuda..
predicting on cuda..
Selecting Coreset Indices. ━━━━━━━━━━━━━━━━━━━━━━━━━━━━━━━━━━━━━━━━ 100% 0:00:00
Selecting Coreset Indices. ━━━━━━━━━━━━━━━━━━━━━━━━━━━━━━━━━━━━━━━━ 100% 0:00:00
predicting on cuda..
predicting on cuda..
predicting on cuda..
predicting on cuda..
Selecting Coreset Indices. ━━━━━━━━━━━━━━━━━━━━━━━━━━━━━━━━━━━━━━━━ 100% 0:00:00
Selecting Coreset Indices. ━━━━━━━━━━━━━━━━━━━━━━━━━━━━━━━━━━━━━━━━ 100% 0:00:00
predicting on cuda..
predicting on cuda..
predicting on cuda..
predicting on cuda..
Selecting Coreset Indices. ━━━━━━━━━━━━━━━━━━━━━━━━━━━━━━━━━━━━━━━━ 100% 0:00:00
Selecting Coreset Indices. ━━━━━━━━━━━━━━━━━━━━━━━━━━━━━━━━━━━━━━━━ 100% 0:00:00
predicting on cuda..
predicting on cuda..
predicting on cuda..
predicting on cuda..
Selecting Coreset Indices. ━━━━━━━━━━━━━━━━━━━━━━━━━━━━━━━━━━━━━━━━ 100% 0:00:00
Selecting Coreset Indices. ━━━━━━━━━━━━━━━━━━━━━━━━━━━━━━━━━━━━━━━━ 100% 0:00:00
predicting on cuda..
predicting on cuda..
predicting on cuda..
predicting on cuda..
Selecting Coreset Indices. ━━━━━━━━━━━━━━━━━━━━━━━━━━━━━━━━━━━━━━━━ 100% 0:00:00
Selecting Coreset Indices. ━━━━━━━━━━━━━━━━━━━━━━━━━━━━━━━━━━━━━━━━ 100% 0:00:00
predicting on cuda..
predicting on cuda..
predicting on cuda..
predicting on cuda..
Selecting Coreset Indices. ━━━━━━━━━━━━━━━━━━━━━━━━━━━━━━━━━━━━━━━━ 100% 0:00:00
Selecting Coreset Indices. ━━━━━━━━━━━━━━━━━━━━━━━━━━━━━━━━━━━━━━━━ 100% 0:00:00
predicting on cuda..
predicting on cuda..
predicting on cuda..
predicting on cuda..
Selecting Coreset Indices. ━━━━━━━━━━━━━━━━━━━━━━━━━━━━━━━━━━━━━━━━ 100% 0:00:00
Selecting Coreset Indices. ━━━━━━━━━━━━━━━━━━━━━━━━━━━━━━━━━━━━━━━━ 100% 0:00:00
predicting on cuda..
predicting on cuda..
predicting on cuda..
predicting on cuda..
Selecting Coreset Indices. ━━━━━━━━━━━━━━━━━━━━━━━━━━━━━━━━━━━━━━━━ 100% 0:00:00
Selecting Coreset Indices. ━━━━━━━━━━━━━━━━━━━━━━━━━━━━━━━━━━━━━━━━ 100% 0:00:00
predicting on cuda..
predicting on cuda..
predicting on cuda..
predicting on cuda..
Selecting Coreset Indices. ━━━━━━━━━━━━━━━━━━━━━━━━━━━━━━━━━━━━━━━━ 100% 0:00:00
Selecting Coreset Indices. ━━━━━━━━━━━━━━━━━━━━━━━━━━━━━━━━━━━━━━━━ 100% 0:00:00
predicting on cuda..
predicting on cuda..
predicting on cuda..
predicting on cuda..
Selecting Coreset Indices. ━━━━━━━━━━━━━━━━━━━━━━━━━━━━━━━━━━━━━━━━ 100% 0:00:00
Selecting Coreset Indices. ━━━━━━━━━━━━━━━━━━━━━━━━━━━━━━━━━━━━━━━━ 100% 0:00:00
predicting on cuda..
predicting on cuda..
predicting on cuda..
predicting on cuda..
Selecting Coreset Indices. ━━━━━━━━━━━━━━━━━━━━━━━━━━━━━━━━━━━━━━━━ 100% 0:00:00
Selecting Coreset Indices. ━━━━━━━━━━━━━━━━━━━━━━━━━━━━━━━━━━━━━━━━ 100% 0:00:00
predicting on cuda..
predicting on cuda..
predicting on cuda..
predicting on cuda..
Selecting Coreset Indices. ━━━━━━━━━━━━━━━━━━━━━━━━━━━━━━━━━━━━━━━━ 100% 0:00:00
Selecting Coreset Indices. ━━━━━━━━━━━━━━━━━━━━━━━━━━━━━━━━━━━━━━━━ 100% 0:00:00
predicting on cuda..
predicting on cuda..
predicting on cuda..
predicting on cuda..
Selecting Coreset Indices. ━━━━━━━━━━━━━━━━━━━━━━━━━━━━━━━━━━━━━━━━ 100% 0:00:00
Selecting Coreset Indices. ━━━━━━━━━━━━━━━━━━━━━━━━━━━━━━━━━━━━━━━━ 100% 0:00:00
predicting on cuda..
predicting on cuda..
predicting on cuda..
predicting on cuda..
Selecting Coreset Indices. ━━━━━━━━━━━━━━━━━━━━━━━━━━━━━━━━━━━━━━━━ 100% 0:00:00
Selecting Coreset Indices. ━━━━━━━━━━━━━━━━━━━━━━━━━━━━━━━━━━━━━━━━ 100% 0:00:00
predicting on cuda..
predicting on cuda..
predicting on cuda..
predicting on cuda..
Selecting Coreset Indices. ━━━━━━━━━━━━━━━━━━━━━━━━━━━━━━━━━━━━━━━━ 100% 0:00:00
Selecting Coreset Indices. ━━━━━━━━━━━━━━━━━━━━━━━━━━━━━━━━━━━━━━━━ 100% 0:00:00
predicting on cuda..
predicting on cuda..
predicting on cuda..
predicting on cuda..
Selecting Coreset Indices. ━━━━━━━━━━━━━━━━━━━━━━━━━━━━━━━━━━━━━━━━ 100% 0:00:00
Selecting Coreset Indices. ━━━━━━━━━━━━━━━━━━━━━━━━━━━━━━━━━━━━━━━━ 100% 0:00:00
predicting on cuda..
predicting on cuda..
predicting on cuda..
predicting on cuda..
Selecting Coreset Indices. ━━━━━━━━━━━━━━━━━━━━━━━━━━━━━━━━━━━━━━━━ 100% 0:00:00
Selecting Coreset Indices. ━━━━━━━━━━━━━━━━━━━━━━━━━━━━━━━━━━━━━━━━ 100% 0:00:00
predicting on cuda..
predicting on cuda..
predicting on cuda..
predicting on cuda..
Selecting Coreset Indices. ━━━━━━━━━━━━━━━━━━━━━━━━━━━━━━━━━━━━━━━━ 100% 0:00:00
Selecting Coreset Indices. ━━━━━━━━━━━━━━━━━━━━━━━━━━━━━━━━━━━━━━━━ 100% 0:00:00
predicting on cuda..
predicting on cuda..
predicting on cuda..
predicting on cuda..
Selecting Coreset Indices. ━━━━━━━━━━━━━━━━━━━━━━━━━━━━━━━━━━━━━━━━ 100% 0:00:00
Selecting Coreset Indices. ━━━━━━━━━━━━━━━━━━━━━━━━━━━━━━━━━━━━━━━━ 100% 0:00:00
predicting on cuda..
predicting on cuda..
predicting on cuda..
predicting on cuda..
Selecting Coreset Indices. ━━━━━━━━━━━━━━━━━━━━━━━━━━━━━━━━━━━━━━━━ 100% 0:00:00
Selecting Coreset Indices. ━━━━━━━━━━━━━━━━━━━━━━━━━━━━━━━━━━━━━━━━ 100% 0:00:00
predicting on cuda..
predicting on cuda..
predicting on cuda..
predicting on cuda..
Selecting Coreset Indices. ━━━━━━━━━━━━━━━━━━━━━━━━━━━━━━━━━━━━━━━━ 100% 0:00:00
Selecting Coreset Indices. ━━━━━━━━━━━━━━━━━━━━━━━━━━━━━━━━━━━━━━━━ 100% 0:00:00
predicting on cuda..
predicting on cuda..
predicting on cuda..
predicting on cuda..
Selecting Coreset Indices. ━━━━━━━━━━━━━━━━━━━━━━━━━━━━━━━━━━━━━━━━ 100% 0:00:00
Selecting Coreset Indices. ━━━━━━━━━━━━━━━━━━━━━━━━━━━━━━━━━━━━━━━━ 100% 0:00:00
predicting on cuda..
predicting on cuda..
predicting on cuda..
predicting on cuda..
Selecting Coreset Indices. ━━━━━━━━━━━━━━━━━━━━━━━━━━━━━━━━━━━━━━━━ 100% 0:00:00
Selecting Coreset Indices. ━━━━━━━━━━━━━━━━━━━━━━━━━━━━━━━━━━━━━━━━ 100% 0:00:00
predicting on cuda..
predicting on cuda..
predicting on cuda..
predicting on cuda..
Selecting Coreset Indices. ━━━━━━━━━━━━━━━━━━━━━━━━━━━━━━━━━━━━━━━━ 100% 0:00:00
Selecting Coreset Indices. ━━━━━━━━━━━━━━━━━━━━━━━━━━━━━━━━━━━━━━━━ 100% 0:00:00
predicting on cuda..
predicting on cuda..
predicting on cuda..
predicting on cuda..
Selecting Coreset Indices. ━━━━━━━━━━━━━━━━━━━━━━━━━━━━━━━━━━━━━━━━ 100% 0:00:00
Selecting Coreset Indices. ━━━━━━━━━━━━━━━━━━━━━━━━━━━━━━━━━━━━━━━━ 100% 0:00:00
predicting on cuda..
predicting on cuda..
predicting on cuda..
predicting on cuda..
Selecting Coreset Indices. ━━━━━━━━━━━━━━━━━━━━━━━━━━━━━━━━━━━━━━━━ 100% 0:00:00
Selecting Coreset Indices. ━━━━━━━━━━━━━━━━━━━━━━━━━━━━━━━━━━━━━━━━ 100% 0:00:00
predicting on cuda..
predicting on cuda..
predicting on cuda..
predicting on cuda..
Selecting Coreset Indices. ━━━━━━━━━━━━━━━━━━━━━━━━━━━━━━━━━━━━━━━━ 100% 0:00:00
Selecting Coreset Indices. ━━━━━━━━━━━━━━━━━━━━━━━━━━━━━━━━━━━━━━━━ 100% 0:00:00
predicting on cuda..
predicting on cuda..
predicting on cuda..
predicting on cuda..
Selecting Coreset Indices. ━━━━━━━━━━━━━━━━━━━━━━━━━━━━━━━━━━━━━━━━ 100% 0:00:00
Selecting Coreset Indices. ━━━━━━━━━━━━━━━━━━━━━━━━━━━━━━━━━━━━━━━━ 100% 0:00:00
predicting on cuda..
predicting on cuda..
predicting on cuda..
predicting on cuda..
Selecting Coreset Indices. ━━━━━━━━━━━━━━━━━━━━━━━━━━━━━━━━━━━━━━━━ 100% 0:00:00
Selecting Coreset Indices. ━━━━━━━━━━━━━━━━━━━━━━━━━━━━━━━━━━━━━━━━ 100% 0:00:00
predicting on cuda..
predicting on cuda..
predicting on cuda..
predicting on cuda..
Selecting Coreset Indices. ━━━━━━━━━━━━━━━━━━━━━━━━━━━━━━━━━━━━━━━━ 100% 0:00:00
Selecting Coreset Indices. ━━━━━━━━━━━━━━━━━━━━━━━━━━━━━━━━━━━━━━━━ 100% 0:00:00
predicting on cuda..
predicting on cuda..
predicting on cuda..
predicting on cuda..
Selecting Coreset Indices. ━━━━━━━━━━━━━━━━━━━━━━━━━━━━━━━━━━━━━━━━ 100% 0:00:00
Selecting Coreset Indices. ━━━━━━━━━━━━━━━━━━━━━━━━━━━━━━━━━━━━━━━━ 100% 0:00:00
predicting on cuda..
predicting on cuda..
predicting on cuda..
predicting on cuda..
Selecting Coreset Indices. ━━━━━━━━━━━━━━━━━━━━━━━━━━━━━━━━━━━━━━━━ 100% 0:00:00
Selecting Coreset Indices. ━━━━━━━━━━━━━━━━━━━━━━━━━━━━━━━━━━━━━━━━ 100% 0:00:00
predicting on cuda..
predicting on cuda..
predicting on cuda..
predicting on cuda..
Selecting Coreset Indices. ━━━━━━━━━━━━━━━━━━━━━━━━━━━━━━━━━━━━━━━━ 100% 0:00:00
Selecting Coreset Indices. ━━━━━━━━━━━━━━━━━━━━━━━━━━━━━━━━━━━━━━━━ 100% 0:00:00
predicting on cuda..
predicting on cuda..
predicting on cuda..
predicting on cuda..
Selecting Coreset Indices. ━━━━━━━━━━━━━━━━━━━━━━━━━━━━━━━━━━━━━━━━ 100% 0:00:00
Selecting Coreset Indices. ━━━━━━━━━━━━━━━━━━━━━━━━━━━━━━━━━━━━━━━━ 100% 0:00:00
predicting on cuda..
predicting on cuda..
predicting on cuda..
predicting on cuda..
Selecting Coreset Indices. ━━━━━━━━━━━━━━━━━━━━━━━━━━━━━━━━━━━━━━━━ 100% 0:00:00
Selecting Coreset Indices. ━━━━━━━━━━━━━━━━━━━━━━━━━━━━━━━━━━━━━━━━ 100% 0:00:00
predicting on cuda..
predicting on cuda..
predicting on cuda..
predicting on cuda..
Selecting Coreset Indices. ━━━━━━━━━━━━━━━━━━━━━━━━━━━━━━━━━━━━━━━━ 100% 0:00:00
Selecting Coreset Indices. ━━━━━━━━━━━━━━━━━━━━━━━━━━━━━━━━━━━━━━━━ 100% 0:00:00
predicting on cuda..
predicting on cuda..
predicting on cuda..
predicting on cuda..
Selecting Coreset Indices. ━━━━━━━━━━━━━━━━━━━━━━━━━━━━━━━━━━━━━━━━ 100% 0:00:00
Selecting Coreset Indices. ━━━━━━━━━━━━━━━━━━━━━━━━━━━━━━━━━━━━━━━━ 100% 0:00:00
predicting on cuda..
predicting on cuda..
predicting on cuda..
predicting on cuda..
Selecting Coreset Indices. ━━━━━━━━━━━━━━━━━━━━━━━━━━━━━━━━━━━━━━━━ 100% 0:00:00
Selecting Coreset Indices. ━━━━━━━━━━━━━━━━━━━━━━━━━━━━━━━━━━━━━━━━ 100% 0:00:00
predicting on cuda..
predicting on cuda..
predicting on cuda..
predicting on cuda..
Selecting Coreset Indices. ━━━━━━━━━━━━━━━━━━━━━━━━━━━━━━━━━━━━━━━━ 100% 0:00:00
Selecting Coreset Indices. ━━━━━━━━━━━━━━━━━━━━━━━━━━━━━━━━━━━━━━━━ 100% 0:00:00
predicting on cuda..
predicting on cuda..
predicting on cuda..
predicting on cuda..
Selecting Coreset Indices. ━━━━━━━━━━━━━━━━━━━━━━━━━━━━━━━━━━━━━━━━ 100% 0:00:00
Selecting Coreset Indices. ━━━━━━━━━━━━━━━━━━━━━━━━━━━━━━━━━━━━━━━━ 100% 0:00:00
predicting on cuda..
predicting on cuda..
predicting on cuda..
predicting on cuda..
Selecting Coreset Indices. ━━━━━━━━━━━━━━━━━━━━━━━━━━━━━━━━━━━━━━━━ 100% 0:00:00
Selecting Coreset Indices. ━━━━━━━━━━━━━━━━━━━━━━━━━━━━━━━━━━━━━━━━ 100% 0:00:00
predicting on cuda..
predicting on cuda..
predicting on cuda..
predicting on cuda..
Selecting Coreset Indices. ━━━━━━━━━━━━━━━━━━━━━━━━━━━━━━━━━━━━━━━━ 100% 0:00:00
Selecting Coreset Indices. ━━━━━━━━━━━━━━━━━━━━━━━━━━━━━━━━━━━━━━━━ 100% 0:00:00
predicting on cuda..
predicting on cuda..
predicting on cuda..
predicting on cuda..
Selecting Coreset Indices. ━━━━━━━━━━━━━━━━━━━━━━━━━━━━━━━━━━━━━━━━ 100% 0:00:00
Selecting Coreset Indices. ━━━━━━━━━━━━━━━━━━━━━━━━━━━━━━━━━━━━━━━━ 100% 0:00:00
predicting on cuda..
predicting on cuda..
predicting on cuda..
predicting on cuda..
Selecting Coreset Indices. ━━━━━━━━━━━━━━━━━━━━━━━━━━━━━━━━━━━━━━━━ 100% 0:00:00
Selecting Coreset Indices. ━━━━━━━━━━━━━━━━━━━━━━━━━━━━━━━━━━━━━━━━ 100% 0:00:00
predicting on cuda..
predicting on cuda..
predicting on cuda..
predicting on cuda..
Selecting Coreset Indices. ━━━━━━━━━━━━━━━━━━━━━━━━━━━━━━━━━━━━━━━━ 100% 0:00:00
Selecting Coreset Indices. ━━━━━━━━━━━━━━━━━━━━━━━━━━━━━━━━━━━━━━━━ 100% 0:00:00
predicting on cuda..
predicting on cuda..
predicting on cuda..
predicting on cuda..
Selecting Coreset Indices. ━━━━━━━━━━━━━━━━━━━━━━━━━━━━━━━━━━━━━━━━ 100% 0:00:00
Selecting Coreset Indices. ━━━━━━━━━━━━━━━━━━━━━━━━━━━━━━━━━━━━━━━━ 100% 0:00:00
predicting on cuda..
predicting on cuda..
predicting on cuda..
predicting on cuda..
Selecting Coreset Indices. ━━━━━━━━━━━━━━━━━━━━━━━━━━━━━━━━━━━━━━━━ 100% 0:00:00
Selecting Coreset Indices. ━━━━━━━━━━━━━━━━━━━━━━━━━━━━━━━━━━━━━━━━ 100% 0:00:00
predicting on cuda..
predicting on cuda..
predicting on cuda..
predicting on cuda..
Selecting Coreset Indices. ━━━━━━━━━━━━━━━━━━━━━━━━━━━━━━━━━━━━━━━━ 100% 0:00:00
Selecting Coreset Indices. ━━━━━━━━━━━━━━━━━━━━━━━━━━━━━━━━━━━━━━━━ 100% 0:00:00
predicting on cuda..
predicting on cuda..
predicting on cuda..
predicting on cuda..
Selecting Coreset Indices. ━━━━━━━━━━━━━━━━━━━━━━━━━━━━━━━━━━━━━━━━ 100% 0:00:00
Selecting Coreset Indices. ━━━━━━━━━━━━━━━━━━━━━━━━━━━━━━━━━━━━━━━━ 100% 0:00:00
predicting on cuda..
predicting on cuda..
predicting on cuda..
predicting on cuda..
Selecting Coreset Indices. ━━━━━━━━━━━━━━━━━━━━━━━━━━━━━━━━━━━━━━━━ 100% 0:00:00
Selecting Coreset Indices. ━━━━━━━━━━━━━━━━━━━━━━━━━━━━━━━━━━━━━━━━ 100% 0:00:00
predicting on cuda..
predicting on cuda..
predicting on cuda..
predicting on cuda..
Selecting Coreset Indices. ━━━━━━━━━━━━━━━━━━━━━━━━━━━━━━━━━━━━━━━━ 100% 0:00:00
Selecting Coreset Indices. ━━━━━━━━━━━━━━━━━━━━━━━━━━━━━━━━━━━━━━━━ 100% 0:00:00
predicting on cuda..
predicting on cuda..
predicting on cuda..
predicting on cuda..
Selecting Coreset Indices. ━━━━━━━━━━━━━━━━━━━━━━━━━━━━━━━━━━━━━━━━ 100% 0:00:00
Selecting Coreset Indices. ━━━━━━━━━━━━━━━━━━━━━━━━━━━━━━━━━━━━━━━━ 100% 0:00:00
predicting on cuda..
predicting on cuda..
predicting on cuda..
predicting on cuda..
Selecting Coreset Indices. ━━━━━━━━━━━━━━━━━━━━━━━━━━━━━━━━━━━━━━━━ 100% 0:00:00
Selecting Coreset Indices. ━━━━━━━━━━━━━━━━━━━━━━━━━━━━━━━━━━━━━━━━ 100% 0:00:00
predicting on cuda..
predicting on cuda..
predicting on cuda..
predicting on cuda..
Selecting Coreset Indices. ━━━━━━━━━━━━━━━━━━━━━━━━━━━━━━━━━━━━━━━━ 100% 0:00:00
Selecting Coreset Indices. ━━━━━━━━━━━━━━━━━━━━━━━━━━━━━━━━━━━━━━━━ 100% 0:00:00
predicting on cuda..
predicting on cuda..
predicting on cuda..
predicting on cuda..
Selecting Coreset Indices. ━━━━━━━━━━━━━━━━━━━━━━━━━━━━━━━━━━━━━━━━ 100% 0:00:00
Selecting Coreset Indices. ━━━━━━━━━━━━━━━━━━━━━━━━━━━━━━━━━━━━━━━━ 100% 0:00:00
predicting on cuda..
predicting on cuda..
predicting on cuda..
predicting on cuda..
Selecting Coreset Indices. ━━━━━━━━━━━━━━━━━━━━━━━━━━━━━━━━━━━━━━━━ 100% 0:00:00
Selecting Coreset Indices. ━━━━━━━━━━━━━━━━━━━━━━━━━━━━━━━━━━━━━━━━ 100% 0:00:00
predicting on cuda..
predicting on cuda..
predicting on cuda..
predicting on cuda..
Selecting Coreset Indices. ━━━━━━━━━━━━━━━━━━━━━━━━━━━━━━━━━━━━━━━━ 100% 0:00:00
Selecting Coreset Indices. ━━━━━━━━━━━━━━━━━━━━━━━━━━━━━━━━━━━━━━━━ 100% 0:00:00
predicting on cuda..
predicting on cuda..
predicting on cuda..
predicting on cuda..
Selecting Coreset Indices. ━━━━━━━━━━━━━━━━━━━━━━━━━━━━━━━━━━━━━━━━ 100% 0:00:00
Selecting Coreset Indices. ━━━━━━━━━━━━━━━━━━━━━━━━━━━━━━━━━━━━━━━━ 100% 0:00:00
predicting on cuda..
predicting on cuda..
predicting on cuda..
predicting on cuda..
Selecting Coreset Indices. ━━━━━━━━━━━━━━━━━━━━━━━━━━━━━━━━━━━━━━━━ 100% 0:00:00
Selecting Coreset Indices. ━━━━━━━━━━━━━━━━━━━━━━━━━━━━━━━━━━━━━━━━ 100% 0:00:00
predicting on cuda..
predicting on cuda..
predicting on cuda..
predicting on cuda..
Selecting Coreset Indices. ━━━━━━━━━━━━━━━━━━━━━━━━━━━━━━━━━━━━━━━━ 100% 0:00:00
Selecting Coreset Indices. ━━━━━━━━━━━━━━━━━━━━━━━━━━━━━━━━━━━━━━━━ 100% 0:00:00
predicting on cuda..
predicting on cuda..
predicting on cuda..
predicting on cuda..
Selecting Coreset Indices. ━━━━━━━━━━━━━━━━━━━━━━━━━━━━━━━━━━━━━━━━ 100% 0:00:00
Selecting Coreset Indices. ━━━━━━━━━━━━━━━━━━━━━━━━━━━━━━━━━━━━━━━━ 100% 0:00:00
predicting on cuda..
predicting on cuda..
predicting on cuda..
predicting on cuda..
Selecting Coreset Indices. ━━━━━━━━━━━━━━━━━━━━━━━━━━━━━━━━━━━━━━━━ 100% 0:00:00
Selecting Coreset Indices. ━━━━━━━━━━━━━━━━━━━━━━━━━━━━━━━━━━━━━━━━ 100% 0:00:00
predicting on cuda..
predicting on cuda..
predicting on cuda..
predicting on cuda..
Selecting Coreset Indices. ━━━━━━━━━━━━━━━━━━━━━━━━━━━━━━━━━━━━━━━━ 100% 0:00:00
Selecting Coreset Indices. ━━━━━━━━━━━━━━━━━━━━━━━━━━━━━━━━━━━━━━━━ 100% 0:00:00
predicting on cuda..
predicting on cuda..
predicting on cuda..
predicting on cuda..
Selecting Coreset Indices. ━━━━━━━━━━━━━━━━━━━━━━━━━━━━━━━━━━━━━━━━ 100% 0:00:00
Selecting Coreset Indices. ━━━━━━━━━━━━━━━━━━━━━━━━━━━━━━━━━━━━━━━━ 100% 0:00:00
predicting on cuda..
predicting on cuda..
predicting on cuda..
predicting on cuda..
Selecting Coreset Indices. ━━━━━━━━━━━━━━━━━━━━━━━━━━━━━━━━━━━━━━━━ 100% 0:00:00
Selecting Coreset Indices. ━━━━━━━━━━━━━━━━━━━━━━━━━━━━━━━━━━━━━━━━ 100% 0:00:00
predicting on cuda..
predicting on cuda..
predicting on cuda..
predicting on cuda..
Selecting Coreset Indices. ━━━━━━━━━━━━━━━━━━━━━━━━━━━━━━━━━━━━━━━━ 100% 0:00:00
Selecting Coreset Indices. ━━━━━━━━━━━━━━━━━━━━━━━━━━━━━━━━━━━━━━━━ 100% 0:00:00
predicting on cuda..
predicting on cuda..
predicting on cuda..
predicting on cuda..
Selecting Coreset Indices. ━━━━━━━━━━━━━━━━━━━━━━━━━━━━━━━━━━━━━━━━ 100% 0:00:00
Selecting Coreset Indices. ━━━━━━━━━━━━━━━━━━━━━━━━━━━━━━━━━━━━━━━━ 100% 0:00:00
predicting on cuda..
predicting on cuda..
predicting on cuda..
predicting on cuda..
Selecting Coreset Indices. ━━━━━━━━━━━━━━━━━━━━━━━━━━━━━━━━━━━━━━━━ 100% 0:00:00
Selecting Coreset Indices. ━━━━━━━━━━━━━━━━━━━━━━━━━━━━━━━━━━━━━━━━ 100% 0:00:00
predicting on cuda..
predicting on cuda..
predicting on cuda..
predicting on cuda..
Selecting Coreset Indices. ━━━━━━━━━━━━━━━━━━━━━━━━━━━━━━━━━━━━━━━━ 100% 0:00:00
Selecting Coreset Indices. ━━━━━━━━━━━━━━━━━━━━━━━━━━━━━━━━━━━━━━━━ 100% 0:00:00
predicting on cuda..
predicting on cuda..
predicting on cuda..
predicting on cuda..
Selecting Coreset Indices. ━━━━━━━━━━━━━━━━━━━━━━━━━━━━━━━━━━━━━━━━ 100% 0:00:00
Selecting Coreset Indices. ━━━━━━━━━━━━━━━━━━━━━━━━━━━━━━━━━━━━━━━━ 100% 0:00:00
predicting on cuda..
predicting on cuda..
predicting on cuda..
predicting on cuda..
Selecting Coreset Indices. ━━━━━━━━━━━━━━━━━━━━━━━━━━━━━━━━━━━━━━━━ 100% 0:00:00
Selecting Coreset Indices. ━━━━━━━━━━━━━━━━━━━━━━━━━━━━━━━━━━━━━━━━ 100% 0:00:00
predicting on cuda..
predicting on cuda..
predicting on cuda..
predicting on cuda..
Selecting Coreset Indices. ━━━━━━━━━━━━━━━━━━━━━━━━━━━━━━━━━━━━━━━━ 100% 0:00:00
Selecting Coreset Indices. ━━━━━━━━━━━━━━━━━━━━━━━━━━━━━━━━━━━━━━━━ 100% 0:00:00
predicting on cuda..
predicting on cuda..
predicting on cuda..
predicting on cuda..
Selecting Coreset Indices. ━━━━━━━━━━━━━━━━━━━━━━━━━━━━━━━━━━━━━━━━ 100% 0:00:00
Selecting Coreset Indices. ━━━━━━━━━━━━━━━━━━━━━━━━━━━━━━━━━━━━━━━━ 100% 0:00:00
predicting on cuda..
predicting on cuda..
predicting on cuda..
predicting on cuda..
Selecting Coreset Indices. ━━━━━━━━━━━━━━━━━━━━━━━━━━━━━━━━━━━━━━━━ 100% 0:00:00
Selecting Coreset Indices. ━━━━━━━━━━━━━━━━━━━━━━━━━━━━━━━━━━━━━━━━ 100% 0:00:00
predicting on cuda..
predicting on cuda..
predicting on cuda..
predicting on cuda..
Selecting Coreset Indices. ━━━━━━━━━━━━━━━━━━━━━━━━━━━━━━━━━━━━━━━━ 100% 0:00:00
Selecting Coreset Indices. ━━━━━━━━━━━━━━━━━━━━━━━━━━━━━━━━━━━━━━━━ 100% 0:00:00
predicting on cuda..
predicting on cuda..
predicting on cuda..
predicting on cuda..
Selecting Coreset Indices. ━━━━━━━━━━━━━━━━━━━━━━━━━━━━━━━━━━━━━━━━ 100% 0:00:00
Selecting Coreset Indices. ━━━━━━━━━━━━━━━━━━━━━━━━━━━━━━━━━━━━━━━━ 100% 0:00:00
predicting on cuda..
predicting on cuda..
predicting on cuda..
predicting on cuda..
Selecting Coreset Indices. ━━━━━━━━━━━━━━━━━━━━━━━━━━━━━━━━━━━━━━━━ 100% 0:00:00
Selecting Coreset Indices. ━━━━━━━━━━━━━━━━━━━━━━━━━━━━━━━━━━━━━━━━ 100% 0:00:00
predicting on cuda..
predicting on cuda..
predicting on cuda..
predicting on cuda..
Selecting Coreset Indices. ━━━━━━━━━━━━━━━━━━━━━━━━━━━━━━━━━━━━━━━━ 100% 0:00:00
Selecting Coreset Indices. ━━━━━━━━━━━━━━━━━━━━━━━━━━━━━━━━━━━━━━━━ 100% 0:00:00
predicting on cuda..
predicting on cuda..
predicting on cuda..
predicting on cuda..
Selecting Coreset Indices. ━━━━━━━━━━━━━━━━━━━━━━━━━━━━━━━━━━━━━━━━ 100% 0:00:00
Selecting Coreset Indices. ━━━━━━━━━━━━━━━━━━━━━━━━━━━━━━━━━━━━━━━━ 100% 0:00:00
predicting on cuda..
predicting on cuda..
predicting on cuda..
predicting on cuda..
Selecting Coreset Indices. ━━━━━━━━━━━━━━━━━━━━━━━━━━━━━━━━━━━━━━━━ 100% 0:00:00
Selecting Coreset Indices. ━━━━━━━━━━━━━━━━━━━━━━━━━━━━━━━━━━━━━━━━ 100% 0:00:00
predicting on cuda..
predicting on cuda..
predicting on cuda..
predicting on cuda..
Selecting Coreset Indices. ━━━━━━━━━━━━━━━━━━━━━━━━━━━━━━━━━━━━━━━━ 100% 0:00:00
Selecting Coreset Indices. ━━━━━━━━━━━━━━━━━━━━━━━━━━━━━━━━━━━━━━━━ 100% 0:00:00
torch.Size([356352, 4096]) torch.Size([356352, 4096])
torch.Size([348, 4096])
