/home/gaya6/LogSAD/dinov2/dinov2/layers/swiglu_ffn.py:43: UserWarning: xFormers is available (SwiGLU)
  warnings.warn("xFormers is available (SwiGLU)")
/home/gaya6/LogSAD/dinov2/dinov2/layers/attention.py:27: UserWarning: xFormers is available (Attention)
  warnings.warn("xFormers is available (Attention)")
/home/gaya6/LogSAD/dinov2/dinov2/layers/block.py:33: UserWarning: xFormers is available (Block)
  warnings.warn("xFormers is available (Block)")
['/mnt/dsc3032-gaya-shared/group6/datasets/VisA/visa_pytorch/candle/test/bad/000.JPG'] 0.3150669038295746
['/mnt/dsc3032-gaya-shared/group6/datasets/VisA/visa_pytorch/candle/test/bad/001.JPG'] 0.4986530542373657
['/mnt/dsc3032-gaya-shared/group6/datasets/VisA/visa_pytorch/candle/test/bad/002.JPG'] 0.3591904640197754
['/mnt/dsc3032-gaya-shared/group6/datasets/VisA/visa_pytorch/candle/test/bad/003.JPG'] 0.41172462701797485
['/mnt/dsc3032-gaya-shared/group6/datasets/VisA/visa_pytorch/candle/test/bad/004.JPG'] 0.46180325746536255
['/mnt/dsc3032-gaya-shared/group6/datasets/VisA/visa_pytorch/candle/test/bad/005.JPG'] 0.505622923374176
['/mnt/dsc3032-gaya-shared/group6/datasets/VisA/visa_pytorch/candle/test/bad/006.JPG'] 0.40264901518821716
['/mnt/dsc3032-gaya-shared/group6/datasets/VisA/visa_pytorch/candle/test/bad/007.JPG'] 0.45333704352378845
['/mnt/dsc3032-gaya-shared/group6/datasets/VisA/visa_pytorch/candle/test/bad/008.JPG'] 0.37835848331451416
['/mnt/dsc3032-gaya-shared/group6/datasets/VisA/visa_pytorch/candle/test/bad/009.JPG'] 0.45048290491104126
['/mnt/dsc3032-gaya-shared/group6/datasets/VisA/visa_pytorch/candle/test/bad/010.JPG'] 0.35068345069885254
['/mnt/dsc3032-gaya-shared/group6/datasets/VisA/visa_pytorch/candle/test/bad/011.JPG'] 0.33906835317611694
['/mnt/dsc3032-gaya-shared/group6/datasets/VisA/visa_pytorch/candle/test/bad/012.JPG'] 0.3670682907104492
['/mnt/dsc3032-gaya-shared/group6/datasets/VisA/visa_pytorch/candle/test/bad/013.JPG'] 0.3940413296222687
['/mnt/dsc3032-gaya-shared/group6/datasets/VisA/visa_pytorch/candle/test/bad/014.JPG'] 0.3207901120185852
['/mnt/dsc3032-gaya-shared/group6/datasets/VisA/visa_pytorch/candle/test/bad/015.JPG'] 0.31446611881256104
['/mnt/dsc3032-gaya-shared/group6/datasets/VisA/visa_pytorch/candle/test/bad/016.JPG'] 0.3051632344722748
['/mnt/dsc3032-gaya-shared/group6/datasets/VisA/visa_pytorch/candle/test/bad/017.JPG'] 0.23638051748275757
['/mnt/dsc3032-gaya-shared/group6/datasets/VisA/visa_pytorch/candle/test/bad/018.JPG'] 0.3079912066459656
['/mnt/dsc3032-gaya-shared/group6/datasets/VisA/visa_pytorch/candle/test/bad/019.JPG'] 0.2988887429237366
['/mnt/dsc3032-gaya-shared/group6/datasets/VisA/visa_pytorch/candle/test/bad/020.JPG'] 0.3471059799194336
['/mnt/dsc3032-gaya-shared/group6/datasets/VisA/visa_pytorch/candle/test/bad/021.JPG'] 0.2779703140258789
['/mnt/dsc3032-gaya-shared/group6/datasets/VisA/visa_pytorch/candle/test/bad/022.JPG'] 0.29215580224990845
['/mnt/dsc3032-gaya-shared/group6/datasets/VisA/visa_pytorch/candle/test/bad/023.JPG'] 0.34490302205085754
['/mnt/dsc3032-gaya-shared/group6/datasets/VisA/visa_pytorch/candle/test/bad/024.JPG'] 0.3341540992259979
['/mnt/dsc3032-gaya-shared/group6/datasets/VisA/visa_pytorch/candle/test/bad/025.JPG'] 0.3593786358833313
['/mnt/dsc3032-gaya-shared/group6/datasets/VisA/visa_pytorch/candle/test/bad/026.JPG'] 0.3445517420768738
['/mnt/dsc3032-gaya-shared/group6/datasets/VisA/visa_pytorch/candle/test/bad/027.JPG'] 0.2948265075683594
['/mnt/dsc3032-gaya-shared/group6/datasets/VisA/visa_pytorch/candle/test/bad/028.JPG'] 0.32800403237342834
['/mnt/dsc3032-gaya-shared/group6/datasets/VisA/visa_pytorch/candle/test/bad/029.JPG'] 0.2913699746131897
['/mnt/dsc3032-gaya-shared/group6/datasets/VisA/visa_pytorch/candle/test/bad/030.JPG'] 0.3672489523887634
['/mnt/dsc3032-gaya-shared/group6/datasets/VisA/visa_pytorch/candle/test/bad/031.JPG'] 0.28231316804885864
['/mnt/dsc3032-gaya-shared/group6/datasets/VisA/visa_pytorch/candle/test/bad/032.JPG'] 0.37675726413726807
['/mnt/dsc3032-gaya-shared/group6/datasets/VisA/visa_pytorch/candle/test/bad/033.JPG'] 0.31282228231430054
['/mnt/dsc3032-gaya-shared/group6/datasets/VisA/visa_pytorch/candle/test/bad/034.JPG'] 0.31072303652763367
['/mnt/dsc3032-gaya-shared/group6/datasets/VisA/visa_pytorch/candle/test/bad/035.JPG'] 0.31651604175567627
['/mnt/dsc3032-gaya-shared/group6/datasets/VisA/visa_pytorch/candle/test/bad/036.JPG'] 0.2602369487285614
['/mnt/dsc3032-gaya-shared/group6/datasets/VisA/visa_pytorch/candle/test/bad/037.JPG'] 0.26610076427459717
['/mnt/dsc3032-gaya-shared/group6/datasets/VisA/visa_pytorch/candle/test/bad/038.JPG'] 0.36442744731903076
['/mnt/dsc3032-gaya-shared/group6/datasets/VisA/visa_pytorch/candle/test/bad/039.JPG'] 0.3020687699317932
['/mnt/dsc3032-gaya-shared/group6/datasets/VisA/visa_pytorch/candle/test/bad/040.JPG'] 0.4658440947532654
['/mnt/dsc3032-gaya-shared/group6/datasets/VisA/visa_pytorch/candle/test/bad/041.JPG'] 0.4803193211555481
['/mnt/dsc3032-gaya-shared/group6/datasets/VisA/visa_pytorch/candle/test/bad/042.JPG'] 0.48741471767425537
['/mnt/dsc3032-gaya-shared/group6/datasets/VisA/visa_pytorch/candle/test/bad/043.JPG'] 0.5119082927703857
['/mnt/dsc3032-gaya-shared/group6/datasets/VisA/visa_pytorch/candle/test/bad/044.JPG'] 0.47496557235717773
['/mnt/dsc3032-gaya-shared/group6/datasets/VisA/visa_pytorch/candle/test/bad/045.JPG'] 0.5418081283569336
['/mnt/dsc3032-gaya-shared/group6/datasets/VisA/visa_pytorch/candle/test/bad/046.JPG'] 0.4155292809009552
['/mnt/dsc3032-gaya-shared/group6/datasets/VisA/visa_pytorch/candle/test/bad/047.JPG'] 0.3800030052661896
['/mnt/dsc3032-gaya-shared/group6/datasets/VisA/visa_pytorch/candle/test/bad/048.JPG'] 0.44200992584228516
['/mnt/dsc3032-gaya-shared/group6/datasets/VisA/visa_pytorch/candle/test/bad/049.JPG'] 0.42568302154541016
['/mnt/dsc3032-gaya-shared/group6/datasets/VisA/visa_pytorch/candle/test/bad/050.JPG'] 0.4245988130569458
['/mnt/dsc3032-gaya-shared/group6/datasets/VisA/visa_pytorch/candle/test/bad/051.JPG'] 0.36964818835258484
['/mnt/dsc3032-gaya-shared/group6/datasets/VisA/visa_pytorch/candle/test/bad/052.JPG'] 0.4305078387260437
['/mnt/dsc3032-gaya-shared/group6/datasets/VisA/visa_pytorch/candle/test/bad/053.JPG'] 0.3955029249191284
['/mnt/dsc3032-gaya-shared/group6/datasets/VisA/visa_pytorch/candle/test/bad/054.JPG'] 0.4730913043022156
['/mnt/dsc3032-gaya-shared/group6/datasets/VisA/visa_pytorch/candle/test/bad/055.JPG'] 0.45144951343536377
['/mnt/dsc3032-gaya-shared/group6/datasets/VisA/visa_pytorch/candle/test/bad/056.JPG'] 0.43968212604522705
['/mnt/dsc3032-gaya-shared/group6/datasets/VisA/visa_pytorch/candle/test/bad/057.JPG'] 0.4081728756427765
['/mnt/dsc3032-gaya-shared/group6/datasets/VisA/visa_pytorch/candle/test/bad/058.JPG'] 0.402029812335968
['/mnt/dsc3032-gaya-shared/group6/datasets/VisA/visa_pytorch/candle/test/bad/059.JPG'] 0.3823525905609131
['/mnt/dsc3032-gaya-shared/group6/datasets/VisA/visa_pytorch/candle/test/bad/060.JPG'] 0.24345429241657257
['/mnt/dsc3032-gaya-shared/group6/datasets/VisA/visa_pytorch/candle/test/bad/061.JPG'] 0.37237173318862915
['/mnt/dsc3032-gaya-shared/group6/datasets/VisA/visa_pytorch/candle/test/bad/062.JPG'] 0.333378404378891
['/mnt/dsc3032-gaya-shared/group6/datasets/VisA/visa_pytorch/candle/test/bad/063.JPG'] 0.39560407400131226
['/mnt/dsc3032-gaya-shared/group6/datasets/VisA/visa_pytorch/candle/test/bad/064.JPG'] 0.3701026439666748
['/mnt/dsc3032-gaya-shared/group6/datasets/VisA/visa_pytorch/candle/test/bad/065.JPG'] 0.3453044295310974
['/mnt/dsc3032-gaya-shared/group6/datasets/VisA/visa_pytorch/candle/test/bad/066.JPG'] 0.340567946434021
['/mnt/dsc3032-gaya-shared/group6/datasets/VisA/visa_pytorch/candle/test/bad/067.JPG'] 0.3980681896209717
['/mnt/dsc3032-gaya-shared/group6/datasets/VisA/visa_pytorch/candle/test/bad/068.JPG'] 0.4438818693161011
['/mnt/dsc3032-gaya-shared/group6/datasets/VisA/visa_pytorch/candle/test/bad/069.JPG'] 0.29263022541999817
['/mnt/dsc3032-gaya-shared/group6/datasets/VisA/visa_pytorch/candle/test/bad/070.JPG'] 0.5717521905899048
['/mnt/dsc3032-gaya-shared/group6/datasets/VisA/visa_pytorch/candle/test/bad/071.JPG'] 0.4912624955177307
['/mnt/dsc3032-gaya-shared/group6/datasets/VisA/visa_pytorch/candle/test/bad/072.JPG'] 0.4872172474861145
['/mnt/dsc3032-gaya-shared/group6/datasets/VisA/visa_pytorch/candle/test/bad/073.JPG'] 0.4762669801712036
['/mnt/dsc3032-gaya-shared/group6/datasets/VisA/visa_pytorch/candle/test/bad/074.JPG'] 0.5408270359039307
['/mnt/dsc3032-gaya-shared/group6/datasets/VisA/visa_pytorch/candle/test/bad/075.JPG'] 0.5156831741333008
['/mnt/dsc3032-gaya-shared/group6/datasets/VisA/visa_pytorch/candle/test/bad/076.JPG'] 0.45786556601524353
['/mnt/dsc3032-gaya-shared/group6/datasets/VisA/visa_pytorch/candle/test/bad/077.JPG'] 0.5378013849258423
['/mnt/dsc3032-gaya-shared/group6/datasets/VisA/visa_pytorch/candle/test/bad/078.JPG'] 0.5745435953140259
['/mnt/dsc3032-gaya-shared/group6/datasets/VisA/visa_pytorch/candle/test/bad/079.JPG'] 0.5581143498420715
['/mnt/dsc3032-gaya-shared/group6/datasets/VisA/visa_pytorch/candle/test/bad/080.JPG'] 0.5175782442092896
['/mnt/dsc3032-gaya-shared/group6/datasets/VisA/visa_pytorch/candle/test/bad/081.JPG'] 0.5484806299209595
['/mnt/dsc3032-gaya-shared/group6/datasets/VisA/visa_pytorch/candle/test/bad/082.JPG'] 0.391456663608551
['/mnt/dsc3032-gaya-shared/group6/datasets/VisA/visa_pytorch/candle/test/bad/083.JPG'] 0.5385856628417969
['/mnt/dsc3032-gaya-shared/group6/datasets/VisA/visa_pytorch/candle/test/bad/084.JPG'] 0.568305492401123
['/mnt/dsc3032-gaya-shared/group6/datasets/VisA/visa_pytorch/candle/test/bad/085.JPG'] 0.3630467653274536
['/mnt/dsc3032-gaya-shared/group6/datasets/VisA/visa_pytorch/candle/test/bad/086.JPG'] 0.4292576313018799
['/mnt/dsc3032-gaya-shared/group6/datasets/VisA/visa_pytorch/candle/test/bad/087.JPG'] 0.34303486347198486
['/mnt/dsc3032-gaya-shared/group6/datasets/VisA/visa_pytorch/candle/test/bad/088.JPG'] 0.3613942265510559
['/mnt/dsc3032-gaya-shared/group6/datasets/VisA/visa_pytorch/candle/test/bad/089.JPG'] 0.4001734256744385
['/mnt/dsc3032-gaya-shared/group6/datasets/VisA/visa_pytorch/candle/test/bad/090.JPG'] 0.36115723848342896
['/mnt/dsc3032-gaya-shared/group6/datasets/VisA/visa_pytorch/candle/test/bad/091.JPG'] 0.3228428363800049
['/mnt/dsc3032-gaya-shared/group6/datasets/VisA/visa_pytorch/candle/test/bad/092.JPG'] 0.3402746319770813
['/mnt/dsc3032-gaya-shared/group6/datasets/VisA/visa_pytorch/candle/test/bad/093.JPG'] 0.3903306722640991
['/mnt/dsc3032-gaya-shared/group6/datasets/VisA/visa_pytorch/candle/test/bad/094.JPG'] 0.3369693160057068
['/mnt/dsc3032-gaya-shared/group6/datasets/VisA/visa_pytorch/candle/test/bad/095.JPG'] 0.3317660093307495
['/mnt/dsc3032-gaya-shared/group6/datasets/VisA/visa_pytorch/candle/test/bad/096.JPG'] 0.3815345764160156
['/mnt/dsc3032-gaya-shared/group6/datasets/VisA/visa_pytorch/candle/test/bad/097.JPG'] 0.3611912727355957
['/mnt/dsc3032-gaya-shared/group6/datasets/VisA/visa_pytorch/candle/test/bad/098.JPG'] 0.3102412521839142
['/mnt/dsc3032-gaya-shared/group6/datasets/VisA/visa_pytorch/candle/test/bad/099.JPG'] 0.4248400926589966
['/mnt/dsc3032-gaya-shared/group6/datasets/VisA/visa_pytorch/candle/test/good/0011.JPG'] 0.2373131811618805
['/mnt/dsc3032-gaya-shared/group6/datasets/VisA/visa_pytorch/candle/test/good/0013.JPG'] 0.24073322117328644
['/mnt/dsc3032-gaya-shared/group6/datasets/VisA/visa_pytorch/candle/test/good/0016.JPG'] 0.21629489958286285
['/mnt/dsc3032-gaya-shared/group6/datasets/VisA/visa_pytorch/candle/test/good/0024.JPG'] 0.3070217967033386
['/mnt/dsc3032-gaya-shared/group6/datasets/VisA/visa_pytorch/candle/test/good/0026.JPG'] 0.3056754469871521
['/mnt/dsc3032-gaya-shared/group6/datasets/VisA/visa_pytorch/candle/test/good/0027.JPG'] 0.2377641648054123
['/mnt/dsc3032-gaya-shared/group6/datasets/VisA/visa_pytorch/candle/test/good/0046.JPG'] 0.28488409519195557
['/mnt/dsc3032-gaya-shared/group6/datasets/VisA/visa_pytorch/candle/test/good/0100.JPG'] 0.3181789517402649
['/mnt/dsc3032-gaya-shared/group6/datasets/VisA/visa_pytorch/candle/test/good/0107.JPG'] 0.4070391356945038
['/mnt/dsc3032-gaya-shared/group6/datasets/VisA/visa_pytorch/candle/test/good/0159.JPG'] 0.2664376497268677
['/mnt/dsc3032-gaya-shared/group6/datasets/VisA/visa_pytorch/candle/test/good/0168.JPG'] 0.23924806714057922
['/mnt/dsc3032-gaya-shared/group6/datasets/VisA/visa_pytorch/candle/test/good/0170.JPG'] 0.3114628791809082
['/mnt/dsc3032-gaya-shared/group6/datasets/VisA/visa_pytorch/candle/test/good/0172.JPG'] 0.3087875247001648
['/mnt/dsc3032-gaya-shared/group6/datasets/VisA/visa_pytorch/candle/test/good/0174.JPG'] 0.3028751611709595
['/mnt/dsc3032-gaya-shared/group6/datasets/VisA/visa_pytorch/candle/test/good/0178.JPG'] 0.28922247886657715
['/mnt/dsc3032-gaya-shared/group6/datasets/VisA/visa_pytorch/candle/test/good/0187.JPG'] 0.2216310203075409
['/mnt/dsc3032-gaya-shared/group6/datasets/VisA/visa_pytorch/candle/test/good/0196.JPG'] 0.2550223469734192
['/mnt/dsc3032-gaya-shared/group6/datasets/VisA/visa_pytorch/candle/test/good/0208.JPG'] 0.29473400115966797
['/mnt/dsc3032-gaya-shared/group6/datasets/VisA/visa_pytorch/candle/test/good/0214.JPG'] 0.28446173667907715
['/mnt/dsc3032-gaya-shared/group6/datasets/VisA/visa_pytorch/candle/test/good/0215.JPG'] 0.351990282535553
['/mnt/dsc3032-gaya-shared/group6/datasets/VisA/visa_pytorch/candle/test/good/0237.JPG'] 0.26660841703414917
['/mnt/dsc3032-gaya-shared/group6/datasets/VisA/visa_pytorch/candle/test/good/0261.JPG'] 0.3269508183002472
['/mnt/dsc3032-gaya-shared/group6/datasets/VisA/visa_pytorch/candle/test/good/0286.JPG'] 0.24598325788974762
['/mnt/dsc3032-gaya-shared/group6/datasets/VisA/visa_pytorch/candle/test/good/0294.JPG'] 0.22930710017681122
['/mnt/dsc3032-gaya-shared/group6/datasets/VisA/visa_pytorch/candle/test/good/0297.JPG'] 0.2450680434703827
['/mnt/dsc3032-gaya-shared/group6/datasets/VisA/visa_pytorch/candle/test/good/0303.JPG'] 0.24709481000900269
['/mnt/dsc3032-gaya-shared/group6/datasets/VisA/visa_pytorch/candle/test/good/0306.JPG'] 0.2623731195926666
['/mnt/dsc3032-gaya-shared/group6/datasets/VisA/visa_pytorch/candle/test/good/0320.JPG'] 0.22658829391002655
['/mnt/dsc3032-gaya-shared/group6/datasets/VisA/visa_pytorch/candle/test/good/0333.JPG'] 0.24517595767974854
['/mnt/dsc3032-gaya-shared/group6/datasets/VisA/visa_pytorch/candle/test/good/0363.JPG'] 0.23788464069366455
['/mnt/dsc3032-gaya-shared/group6/datasets/VisA/visa_pytorch/candle/test/good/0377.JPG'] 0.2900838851928711
['/mnt/dsc3032-gaya-shared/group6/datasets/VisA/visa_pytorch/candle/test/good/0394.JPG'] 0.2655557096004486
['/mnt/dsc3032-gaya-shared/group6/datasets/VisA/visa_pytorch/candle/test/good/0400.JPG'] 0.2940678000450134
['/mnt/dsc3032-gaya-shared/group6/datasets/VisA/visa_pytorch/candle/test/good/0402.JPG'] 0.24413664638996124
['/mnt/dsc3032-gaya-shared/group6/datasets/VisA/visa_pytorch/candle/test/good/0417.JPG'] 0.257365882396698
['/mnt/dsc3032-gaya-shared/group6/datasets/VisA/visa_pytorch/candle/test/good/0423.JPG'] 0.2606785297393799
['/mnt/dsc3032-gaya-shared/group6/datasets/VisA/visa_pytorch/candle/test/good/0427.JPG'] 0.35977646708488464
['/mnt/dsc3032-gaya-shared/group6/datasets/VisA/visa_pytorch/candle/test/good/0457.JPG'] 0.2295202910900116
['/mnt/dsc3032-gaya-shared/group6/datasets/VisA/visa_pytorch/candle/test/good/0469.JPG'] 0.24816066026687622
['/mnt/dsc3032-gaya-shared/group6/datasets/VisA/visa_pytorch/candle/test/good/0479.JPG'] 0.2698972225189209
['/mnt/dsc3032-gaya-shared/group6/datasets/VisA/visa_pytorch/candle/test/good/0483.JPG'] 0.2901632785797119
['/mnt/dsc3032-gaya-shared/group6/datasets/VisA/visa_pytorch/candle/test/good/0484.JPG'] 0.23224873840808868
['/mnt/dsc3032-gaya-shared/group6/datasets/VisA/visa_pytorch/candle/test/good/0488.JPG'] 0.3363914489746094
['/mnt/dsc3032-gaya-shared/group6/datasets/VisA/visa_pytorch/candle/test/good/0490.JPG'] 0.2684377431869507
['/mnt/dsc3032-gaya-shared/group6/datasets/VisA/visa_pytorch/candle/test/good/0514.JPG'] 0.2618112564086914
['/mnt/dsc3032-gaya-shared/group6/datasets/VisA/visa_pytorch/candle/test/good/0518.JPG'] 0.2599976658821106
['/mnt/dsc3032-gaya-shared/group6/datasets/VisA/visa_pytorch/candle/test/good/0520.JPG'] 0.25333237648010254
['/mnt/dsc3032-gaya-shared/group6/datasets/VisA/visa_pytorch/candle/test/good/0525.JPG'] 0.27928295731544495
['/mnt/dsc3032-gaya-shared/group6/datasets/VisA/visa_pytorch/candle/test/good/0545.JPG'] 0.35768043994903564
['/mnt/dsc3032-gaya-shared/group6/datasets/VisA/visa_pytorch/candle/test/good/0552.JPG'] 0.2625277042388916
['/mnt/dsc3032-gaya-shared/group6/datasets/VisA/visa_pytorch/candle/test/good/0569.JPG'] 0.23033016920089722
['/mnt/dsc3032-gaya-shared/group6/datasets/VisA/visa_pytorch/candle/test/good/0615.JPG'] 0.2262747585773468
['/mnt/dsc3032-gaya-shared/group6/datasets/VisA/visa_pytorch/candle/test/good/0617.JPG'] 0.285910427570343
['/mnt/dsc3032-gaya-shared/group6/datasets/VisA/visa_pytorch/candle/test/good/0619.JPG'] 0.2659563422203064
['/mnt/dsc3032-gaya-shared/group6/datasets/VisA/visa_pytorch/candle/test/good/0621.JPG'] 0.2181013524532318
['/mnt/dsc3032-gaya-shared/group6/datasets/VisA/visa_pytorch/candle/test/good/0629.JPG'] 0.24269692599773407
['/mnt/dsc3032-gaya-shared/group6/datasets/VisA/visa_pytorch/candle/test/good/0631.JPG'] 0.21971096098423004
['/mnt/dsc3032-gaya-shared/group6/datasets/VisA/visa_pytorch/candle/test/good/0648.JPG'] 0.2953008711338043
['/mnt/dsc3032-gaya-shared/group6/datasets/VisA/visa_pytorch/candle/test/good/0654.JPG'] 0.2323320060968399
['/mnt/dsc3032-gaya-shared/group6/datasets/VisA/visa_pytorch/candle/test/good/0657.JPG'] 0.19555461406707764
['/mnt/dsc3032-gaya-shared/group6/datasets/VisA/visa_pytorch/candle/test/good/0659.JPG'] 0.24698486924171448
['/mnt/dsc3032-gaya-shared/group6/datasets/VisA/visa_pytorch/candle/test/good/0674.JPG'] 0.24586518108844757
['/mnt/dsc3032-gaya-shared/group6/datasets/VisA/visa_pytorch/candle/test/good/0684.JPG'] 0.26491183042526245
['/mnt/dsc3032-gaya-shared/group6/datasets/VisA/visa_pytorch/candle/test/good/0685.JPG'] 0.27874118089675903
['/mnt/dsc3032-gaya-shared/group6/datasets/VisA/visa_pytorch/candle/test/good/0688.JPG'] 0.26057302951812744
['/mnt/dsc3032-gaya-shared/group6/datasets/VisA/visa_pytorch/candle/test/good/0690.JPG'] 0.20017944276332855
['/mnt/dsc3032-gaya-shared/group6/datasets/VisA/visa_pytorch/candle/test/good/0694.JPG'] 0.235128253698349
['/mnt/dsc3032-gaya-shared/group6/datasets/VisA/visa_pytorch/candle/test/good/0705.JPG'] 0.2720409631729126
['/mnt/dsc3032-gaya-shared/group6/datasets/VisA/visa_pytorch/candle/test/good/0725.JPG'] 0.2692575454711914
['/mnt/dsc3032-gaya-shared/group6/datasets/VisA/visa_pytorch/candle/test/good/0730.JPG'] 0.30754679441452026
['/mnt/dsc3032-gaya-shared/group6/datasets/VisA/visa_pytorch/candle/test/good/0735.JPG'] 0.2554149329662323
['/mnt/dsc3032-gaya-shared/group6/datasets/VisA/visa_pytorch/candle/test/good/0739.JPG'] 0.2420954704284668
['/mnt/dsc3032-gaya-shared/group6/datasets/VisA/visa_pytorch/candle/test/good/0751.JPG'] 0.40321898460388184
['/mnt/dsc3032-gaya-shared/group6/datasets/VisA/visa_pytorch/candle/test/good/0755.JPG'] 0.24942998588085175
['/mnt/dsc3032-gaya-shared/group6/datasets/VisA/visa_pytorch/candle/test/good/0764.JPG'] 0.2069113552570343
['/mnt/dsc3032-gaya-shared/group6/datasets/VisA/visa_pytorch/candle/test/good/0768.JPG'] 0.296470046043396
['/mnt/dsc3032-gaya-shared/group6/datasets/VisA/visa_pytorch/candle/test/good/0779.JPG'] 0.31766173243522644
['/mnt/dsc3032-gaya-shared/group6/datasets/VisA/visa_pytorch/candle/test/good/0784.JPG'] 0.3286067843437195
['/mnt/dsc3032-gaya-shared/group6/datasets/VisA/visa_pytorch/candle/test/good/0790.JPG'] 0.2575151324272156
['/mnt/dsc3032-gaya-shared/group6/datasets/VisA/visa_pytorch/candle/test/good/0796.JPG'] 0.2746712565422058
['/mnt/dsc3032-gaya-shared/group6/datasets/VisA/visa_pytorch/candle/test/good/0797.JPG'] 0.23771964013576508
['/mnt/dsc3032-gaya-shared/group6/datasets/VisA/visa_pytorch/candle/test/good/0800.JPG'] 0.3524138629436493
['/mnt/dsc3032-gaya-shared/group6/datasets/VisA/visa_pytorch/candle/test/good/0804.JPG'] 0.27687007188796997
['/mnt/dsc3032-gaya-shared/group6/datasets/VisA/visa_pytorch/candle/test/good/0811.JPG'] 0.27812445163726807
['/mnt/dsc3032-gaya-shared/group6/datasets/VisA/visa_pytorch/candle/test/good/0844.JPG'] 0.22136548161506653
['/mnt/dsc3032-gaya-shared/group6/datasets/VisA/visa_pytorch/candle/test/good/0869.JPG'] 0.2586725354194641
['/mnt/dsc3032-gaya-shared/group6/datasets/VisA/visa_pytorch/candle/test/good/0871.JPG'] 0.23120974004268646
['/mnt/dsc3032-gaya-shared/group6/datasets/VisA/visa_pytorch/candle/test/good/0892.JPG'] 0.24390757083892822
['/mnt/dsc3032-gaya-shared/group6/datasets/VisA/visa_pytorch/candle/test/good/0900.JPG'] 0.2363305538892746
['/mnt/dsc3032-gaya-shared/group6/datasets/VisA/visa_pytorch/candle/test/good/0920.JPG'] 0.25730013847351074
['/mnt/dsc3032-gaya-shared/group6/datasets/VisA/visa_pytorch/candle/test/good/0923.JPG'] 0.261862576007843
['/mnt/dsc3032-gaya-shared/group6/datasets/VisA/visa_pytorch/candle/test/good/0935.JPG'] 0.3110804557800293
['/mnt/dsc3032-gaya-shared/group6/datasets/VisA/visa_pytorch/candle/test/good/0952.JPG'] 0.2941402494907379
['/mnt/dsc3032-gaya-shared/group6/datasets/VisA/visa_pytorch/candle/test/good/0953.JPG'] 0.24445165693759918
['/mnt/dsc3032-gaya-shared/group6/datasets/VisA/visa_pytorch/candle/test/good/0964.JPG'] 0.2716192603111267
['/mnt/dsc3032-gaya-shared/group6/datasets/VisA/visa_pytorch/candle/test/good/0967.JPG'] 0.30800968408584595
['/mnt/dsc3032-gaya-shared/group6/datasets/VisA/visa_pytorch/candle/test/good/0974.JPG'] 0.24577488005161285
['/mnt/dsc3032-gaya-shared/group6/datasets/VisA/visa_pytorch/candle/test/good/0985.JPG'] 0.3008730411529541
['/mnt/dsc3032-gaya-shared/group6/datasets/VisA/visa_pytorch/candle/test/good/0994.JPG'] 0.31034404039382935
['/mnt/dsc3032-gaya-shared/group6/datasets/VisA/visa_pytorch/candle/test/good/0996.JPG'] 0.29788193106651306
26-06-02 16:24:39.943 - INFO: 
| category   |   K-shots |   F1-Max(image) |   AUROC(image) |   F1-Max(pixel) |   AUROC(pixel) |
|:-----------|----------:|----------------:|---------------:|----------------:|---------------:|
| candle     |         1 |           86.15 |          92.63 |           35.42 |          98.84 |
