/home/gaya6/LogSAD/dinov2/dinov2/layers/swiglu_ffn.py:43: UserWarning: xFormers is available (SwiGLU)
  warnings.warn("xFormers is available (SwiGLU)")
/home/gaya6/LogSAD/dinov2/dinov2/layers/attention.py:27: UserWarning: xFormers is available (Attention)
  warnings.warn("xFormers is available (Attention)")
/home/gaya6/LogSAD/dinov2/dinov2/layers/block.py:33: UserWarning: xFormers is available (Block)
  warnings.warn("xFormers is available (Block)")
['/mnt/dsc3032-gaya-shared/group6/datasets/VisA/visa_pytorch/capsules/test/bad/000.JPG'] 0.3119392395019531
['/mnt/dsc3032-gaya-shared/group6/datasets/VisA/visa_pytorch/capsules/test/bad/001.JPG'] 0.33818164467811584
['/mnt/dsc3032-gaya-shared/group6/datasets/VisA/visa_pytorch/capsules/test/bad/002.JPG'] 0.3076610565185547
['/mnt/dsc3032-gaya-shared/group6/datasets/VisA/visa_pytorch/capsules/test/bad/003.JPG'] 0.35129088163375854
['/mnt/dsc3032-gaya-shared/group6/datasets/VisA/visa_pytorch/capsules/test/bad/004.JPG'] 0.3502603769302368
['/mnt/dsc3032-gaya-shared/group6/datasets/VisA/visa_pytorch/capsules/test/bad/005.JPG'] 0.3516463041305542
['/mnt/dsc3032-gaya-shared/group6/datasets/VisA/visa_pytorch/capsules/test/bad/006.JPG'] 0.3038380742073059
['/mnt/dsc3032-gaya-shared/group6/datasets/VisA/visa_pytorch/capsules/test/bad/007.JPG'] 0.354183167219162
['/mnt/dsc3032-gaya-shared/group6/datasets/VisA/visa_pytorch/capsules/test/bad/008.JPG'] 0.3113872706890106
['/mnt/dsc3032-gaya-shared/group6/datasets/VisA/visa_pytorch/capsules/test/bad/009.JPG'] 0.38093945384025574
['/mnt/dsc3032-gaya-shared/group6/datasets/VisA/visa_pytorch/capsules/test/bad/010.JPG'] 0.38098275661468506
['/mnt/dsc3032-gaya-shared/group6/datasets/VisA/visa_pytorch/capsules/test/bad/011.JPG'] 0.3560287654399872
['/mnt/dsc3032-gaya-shared/group6/datasets/VisA/visa_pytorch/capsules/test/bad/012.JPG'] 0.2921963930130005
['/mnt/dsc3032-gaya-shared/group6/datasets/VisA/visa_pytorch/capsules/test/bad/013.JPG'] 0.3052593171596527
['/mnt/dsc3032-gaya-shared/group6/datasets/VisA/visa_pytorch/capsules/test/bad/014.JPG'] 0.3649112582206726
['/mnt/dsc3032-gaya-shared/group6/datasets/VisA/visa_pytorch/capsules/test/bad/015.JPG'] 0.32859981060028076
['/mnt/dsc3032-gaya-shared/group6/datasets/VisA/visa_pytorch/capsules/test/bad/016.JPG'] 0.3806152939796448
['/mnt/dsc3032-gaya-shared/group6/datasets/VisA/visa_pytorch/capsules/test/bad/017.JPG'] 0.3793891668319702
['/mnt/dsc3032-gaya-shared/group6/datasets/VisA/visa_pytorch/capsules/test/bad/018.JPG'] 0.33293625712394714
['/mnt/dsc3032-gaya-shared/group6/datasets/VisA/visa_pytorch/capsules/test/bad/019.JPG'] 0.3622666001319885
['/mnt/dsc3032-gaya-shared/group6/datasets/VisA/visa_pytorch/capsules/test/bad/020.JPG'] 0.31944745779037476
['/mnt/dsc3032-gaya-shared/group6/datasets/VisA/visa_pytorch/capsules/test/bad/021.JPG'] 0.35410189628601074
['/mnt/dsc3032-gaya-shared/group6/datasets/VisA/visa_pytorch/capsules/test/bad/022.JPG'] 0.33175596594810486
['/mnt/dsc3032-gaya-shared/group6/datasets/VisA/visa_pytorch/capsules/test/bad/023.JPG'] 0.3524422347545624
['/mnt/dsc3032-gaya-shared/group6/datasets/VisA/visa_pytorch/capsules/test/bad/024.JPG'] 0.4318077862262726
['/mnt/dsc3032-gaya-shared/group6/datasets/VisA/visa_pytorch/capsules/test/bad/025.JPG'] 0.36805829405784607
['/mnt/dsc3032-gaya-shared/group6/datasets/VisA/visa_pytorch/capsules/test/bad/026.JPG'] 0.41405564546585083
['/mnt/dsc3032-gaya-shared/group6/datasets/VisA/visa_pytorch/capsules/test/bad/027.JPG'] 0.3122709393501282
['/mnt/dsc3032-gaya-shared/group6/datasets/VisA/visa_pytorch/capsules/test/bad/028.JPG'] 0.3108893036842346
['/mnt/dsc3032-gaya-shared/group6/datasets/VisA/visa_pytorch/capsules/test/bad/029.JPG'] 0.30928361415863037
['/mnt/dsc3032-gaya-shared/group6/datasets/VisA/visa_pytorch/capsules/test/bad/030.JPG'] 0.45090365409851074
['/mnt/dsc3032-gaya-shared/group6/datasets/VisA/visa_pytorch/capsules/test/bad/031.JPG'] 0.38904547691345215
['/mnt/dsc3032-gaya-shared/group6/datasets/VisA/visa_pytorch/capsules/test/bad/032.JPG'] 0.4044063091278076
['/mnt/dsc3032-gaya-shared/group6/datasets/VisA/visa_pytorch/capsules/test/bad/033.JPG'] 0.3968568444252014
['/mnt/dsc3032-gaya-shared/group6/datasets/VisA/visa_pytorch/capsules/test/bad/034.JPG'] 0.36995548009872437
['/mnt/dsc3032-gaya-shared/group6/datasets/VisA/visa_pytorch/capsules/test/bad/035.JPG'] 0.46755242347717285
['/mnt/dsc3032-gaya-shared/group6/datasets/VisA/visa_pytorch/capsules/test/bad/036.JPG'] 0.4125387370586395
['/mnt/dsc3032-gaya-shared/group6/datasets/VisA/visa_pytorch/capsules/test/bad/037.JPG'] 0.4580664336681366
['/mnt/dsc3032-gaya-shared/group6/datasets/VisA/visa_pytorch/capsules/test/bad/038.JPG'] 0.4362804889678955
['/mnt/dsc3032-gaya-shared/group6/datasets/VisA/visa_pytorch/capsules/test/bad/039.JPG'] 0.4168289303779602
['/mnt/dsc3032-gaya-shared/group6/datasets/VisA/visa_pytorch/capsules/test/bad/040.JPG'] 0.3662644028663635
['/mnt/dsc3032-gaya-shared/group6/datasets/VisA/visa_pytorch/capsules/test/bad/041.JPG'] 0.3489382266998291
['/mnt/dsc3032-gaya-shared/group6/datasets/VisA/visa_pytorch/capsules/test/bad/042.JPG'] 0.35091471672058105
['/mnt/dsc3032-gaya-shared/group6/datasets/VisA/visa_pytorch/capsules/test/bad/043.JPG'] 0.45504680275917053
['/mnt/dsc3032-gaya-shared/group6/datasets/VisA/visa_pytorch/capsules/test/bad/044.JPG'] 0.3758632242679596
['/mnt/dsc3032-gaya-shared/group6/datasets/VisA/visa_pytorch/capsules/test/bad/045.JPG'] 0.47812992334365845
['/mnt/dsc3032-gaya-shared/group6/datasets/VisA/visa_pytorch/capsules/test/bad/046.JPG'] 0.4526206851005554
['/mnt/dsc3032-gaya-shared/group6/datasets/VisA/visa_pytorch/capsules/test/bad/047.JPG'] 0.5169314742088318
['/mnt/dsc3032-gaya-shared/group6/datasets/VisA/visa_pytorch/capsules/test/bad/048.JPG'] 0.5669018030166626
['/mnt/dsc3032-gaya-shared/group6/datasets/VisA/visa_pytorch/capsules/test/bad/049.JPG'] 0.5064996480941772
['/mnt/dsc3032-gaya-shared/group6/datasets/VisA/visa_pytorch/capsules/test/bad/050.JPG'] 0.47203052043914795
['/mnt/dsc3032-gaya-shared/group6/datasets/VisA/visa_pytorch/capsules/test/bad/051.JPG'] 0.4600703716278076
['/mnt/dsc3032-gaya-shared/group6/datasets/VisA/visa_pytorch/capsules/test/bad/052.JPG'] 0.5140968561172485
['/mnt/dsc3032-gaya-shared/group6/datasets/VisA/visa_pytorch/capsules/test/bad/053.JPG'] 0.44104039669036865
['/mnt/dsc3032-gaya-shared/group6/datasets/VisA/visa_pytorch/capsules/test/bad/054.JPG'] 0.44347095489501953
['/mnt/dsc3032-gaya-shared/group6/datasets/VisA/visa_pytorch/capsules/test/bad/055.JPG'] 0.4847313165664673
['/mnt/dsc3032-gaya-shared/group6/datasets/VisA/visa_pytorch/capsules/test/bad/056.JPG'] 0.3417893648147583
['/mnt/dsc3032-gaya-shared/group6/datasets/VisA/visa_pytorch/capsules/test/bad/057.JPG'] 0.4704757332801819
['/mnt/dsc3032-gaya-shared/group6/datasets/VisA/visa_pytorch/capsules/test/bad/058.JPG'] 0.4955199658870697
['/mnt/dsc3032-gaya-shared/group6/datasets/VisA/visa_pytorch/capsules/test/bad/059.JPG'] 0.426092267036438
['/mnt/dsc3032-gaya-shared/group6/datasets/VisA/visa_pytorch/capsules/test/bad/060.JPG'] 0.4431431293487549
['/mnt/dsc3032-gaya-shared/group6/datasets/VisA/visa_pytorch/capsules/test/bad/061.JPG'] 0.4332873225212097
['/mnt/dsc3032-gaya-shared/group6/datasets/VisA/visa_pytorch/capsules/test/bad/062.JPG'] 0.423723429441452
['/mnt/dsc3032-gaya-shared/group6/datasets/VisA/visa_pytorch/capsules/test/bad/063.JPG'] 0.5256336331367493
['/mnt/dsc3032-gaya-shared/group6/datasets/VisA/visa_pytorch/capsules/test/bad/064.JPG'] 0.49737775325775146
['/mnt/dsc3032-gaya-shared/group6/datasets/VisA/visa_pytorch/capsules/test/bad/065.JPG'] 0.3634534478187561
['/mnt/dsc3032-gaya-shared/group6/datasets/VisA/visa_pytorch/capsules/test/bad/066.JPG'] 0.2935605049133301
['/mnt/dsc3032-gaya-shared/group6/datasets/VisA/visa_pytorch/capsules/test/bad/067.JPG'] 0.34707698225975037
['/mnt/dsc3032-gaya-shared/group6/datasets/VisA/visa_pytorch/capsules/test/bad/068.JPG'] 0.3612861633300781
['/mnt/dsc3032-gaya-shared/group6/datasets/VisA/visa_pytorch/capsules/test/bad/069.JPG'] 0.35917580127716064
['/mnt/dsc3032-gaya-shared/group6/datasets/VisA/visa_pytorch/capsules/test/bad/070.JPG'] 0.3397095799446106
['/mnt/dsc3032-gaya-shared/group6/datasets/VisA/visa_pytorch/capsules/test/bad/071.JPG'] 0.3371378183364868
['/mnt/dsc3032-gaya-shared/group6/datasets/VisA/visa_pytorch/capsules/test/bad/072.JPG'] 0.4130445122718811
['/mnt/dsc3032-gaya-shared/group6/datasets/VisA/visa_pytorch/capsules/test/bad/073.JPG'] 0.5309479832649231
['/mnt/dsc3032-gaya-shared/group6/datasets/VisA/visa_pytorch/capsules/test/bad/074.JPG'] 0.35143131017684937
['/mnt/dsc3032-gaya-shared/group6/datasets/VisA/visa_pytorch/capsules/test/bad/075.JPG'] 0.3884681165218353
['/mnt/dsc3032-gaya-shared/group6/datasets/VisA/visa_pytorch/capsules/test/bad/076.JPG'] 0.3638571798801422
['/mnt/dsc3032-gaya-shared/group6/datasets/VisA/visa_pytorch/capsules/test/bad/077.JPG'] 0.35747677087783813
['/mnt/dsc3032-gaya-shared/group6/datasets/VisA/visa_pytorch/capsules/test/bad/078.JPG'] 0.35073333978652954
['/mnt/dsc3032-gaya-shared/group6/datasets/VisA/visa_pytorch/capsules/test/bad/079.JPG'] 0.4162943363189697
['/mnt/dsc3032-gaya-shared/group6/datasets/VisA/visa_pytorch/capsules/test/bad/080.JPG'] 0.41218143701553345
['/mnt/dsc3032-gaya-shared/group6/datasets/VisA/visa_pytorch/capsules/test/bad/081.JPG'] 0.3743319511413574
['/mnt/dsc3032-gaya-shared/group6/datasets/VisA/visa_pytorch/capsules/test/bad/082.JPG'] 0.468392014503479
['/mnt/dsc3032-gaya-shared/group6/datasets/VisA/visa_pytorch/capsules/test/bad/083.JPG'] 0.47211402654647827
['/mnt/dsc3032-gaya-shared/group6/datasets/VisA/visa_pytorch/capsules/test/bad/084.JPG'] 0.4583218991756439
['/mnt/dsc3032-gaya-shared/group6/datasets/VisA/visa_pytorch/capsules/test/bad/085.JPG'] 0.4524739980697632
['/mnt/dsc3032-gaya-shared/group6/datasets/VisA/visa_pytorch/capsules/test/bad/086.JPG'] 0.3494015038013458
['/mnt/dsc3032-gaya-shared/group6/datasets/VisA/visa_pytorch/capsules/test/bad/087.JPG'] 0.30775558948516846
['/mnt/dsc3032-gaya-shared/group6/datasets/VisA/visa_pytorch/capsules/test/bad/088.JPG'] 0.3323249816894531
['/mnt/dsc3032-gaya-shared/group6/datasets/VisA/visa_pytorch/capsules/test/bad/089.JPG'] 0.37371498346328735
['/mnt/dsc3032-gaya-shared/group6/datasets/VisA/visa_pytorch/capsules/test/bad/090.JPG'] 0.3176836371421814
['/mnt/dsc3032-gaya-shared/group6/datasets/VisA/visa_pytorch/capsules/test/bad/091.JPG'] 0.3458403944969177
['/mnt/dsc3032-gaya-shared/group6/datasets/VisA/visa_pytorch/capsules/test/bad/092.JPG'] 0.3919873535633087
['/mnt/dsc3032-gaya-shared/group6/datasets/VisA/visa_pytorch/capsules/test/bad/093.JPG'] 0.326934278011322
['/mnt/dsc3032-gaya-shared/group6/datasets/VisA/visa_pytorch/capsules/test/bad/094.JPG'] 0.3403095006942749
['/mnt/dsc3032-gaya-shared/group6/datasets/VisA/visa_pytorch/capsules/test/bad/095.JPG'] 0.32018253207206726
['/mnt/dsc3032-gaya-shared/group6/datasets/VisA/visa_pytorch/capsules/test/bad/096.JPG'] 0.33334586024284363
['/mnt/dsc3032-gaya-shared/group6/datasets/VisA/visa_pytorch/capsules/test/bad/097.JPG'] 0.3192339837551117
['/mnt/dsc3032-gaya-shared/group6/datasets/VisA/visa_pytorch/capsules/test/bad/098.JPG'] 0.3701251745223999
['/mnt/dsc3032-gaya-shared/group6/datasets/VisA/visa_pytorch/capsules/test/bad/099.JPG'] 0.32315385341644287
['/mnt/dsc3032-gaya-shared/group6/datasets/VisA/visa_pytorch/capsules/test/good/011.JPG'] 0.3241536021232605
['/mnt/dsc3032-gaya-shared/group6/datasets/VisA/visa_pytorch/capsules/test/good/013.JPG'] 0.3087974786758423
['/mnt/dsc3032-gaya-shared/group6/datasets/VisA/visa_pytorch/capsules/test/good/016.JPG'] 0.3074648678302765
['/mnt/dsc3032-gaya-shared/group6/datasets/VisA/visa_pytorch/capsules/test/good/024.JPG'] 0.34648093581199646
['/mnt/dsc3032-gaya-shared/group6/datasets/VisA/visa_pytorch/capsules/test/good/026.JPG'] 0.33463823795318604
['/mnt/dsc3032-gaya-shared/group6/datasets/VisA/visa_pytorch/capsules/test/good/027.JPG'] 0.2681225538253784
['/mnt/dsc3032-gaya-shared/group6/datasets/VisA/visa_pytorch/capsules/test/good/046.JPG'] 0.3104480803012848
['/mnt/dsc3032-gaya-shared/group6/datasets/VisA/visa_pytorch/capsules/test/good/062.JPG'] 0.2689812481403351
['/mnt/dsc3032-gaya-shared/group6/datasets/VisA/visa_pytorch/capsules/test/good/100.JPG'] 0.3242698907852173
['/mnt/dsc3032-gaya-shared/group6/datasets/VisA/visa_pytorch/capsules/test/good/107.JPG'] 0.32427114248275757
['/mnt/dsc3032-gaya-shared/group6/datasets/VisA/visa_pytorch/capsules/test/good/152.JPG'] 0.3259519338607788
['/mnt/dsc3032-gaya-shared/group6/datasets/VisA/visa_pytorch/capsules/test/good/159.JPG'] 0.31410765647888184
['/mnt/dsc3032-gaya-shared/group6/datasets/VisA/visa_pytorch/capsules/test/good/168.JPG'] 0.3219456374645233
['/mnt/dsc3032-gaya-shared/group6/datasets/VisA/visa_pytorch/capsules/test/good/170.JPG'] 0.2951670289039612
['/mnt/dsc3032-gaya-shared/group6/datasets/VisA/visa_pytorch/capsules/test/good/172.JPG'] 0.39421284198760986
['/mnt/dsc3032-gaya-shared/group6/datasets/VisA/visa_pytorch/capsules/test/good/174.JPG'] 0.3032788336277008
['/mnt/dsc3032-gaya-shared/group6/datasets/VisA/visa_pytorch/capsules/test/good/178.JPG'] 0.33930206298828125
['/mnt/dsc3032-gaya-shared/group6/datasets/VisA/visa_pytorch/capsules/test/good/179.JPG'] 0.2848320007324219
['/mnt/dsc3032-gaya-shared/group6/datasets/VisA/visa_pytorch/capsules/test/good/187.JPG'] 0.2801949381828308
['/mnt/dsc3032-gaya-shared/group6/datasets/VisA/visa_pytorch/capsules/test/good/196.JPG'] 0.2801765203475952
['/mnt/dsc3032-gaya-shared/group6/datasets/VisA/visa_pytorch/capsules/test/good/208.JPG'] 0.2743569612503052
['/mnt/dsc3032-gaya-shared/group6/datasets/VisA/visa_pytorch/capsules/test/good/214.JPG'] 0.32658058404922485
['/mnt/dsc3032-gaya-shared/group6/datasets/VisA/visa_pytorch/capsules/test/good/215.JPG'] 0.28390997648239136
['/mnt/dsc3032-gaya-shared/group6/datasets/VisA/visa_pytorch/capsules/test/good/237.JPG'] 0.2689555883407593
['/mnt/dsc3032-gaya-shared/group6/datasets/VisA/visa_pytorch/capsules/test/good/240.JPG'] 0.27662307024002075
['/mnt/dsc3032-gaya-shared/group6/datasets/VisA/visa_pytorch/capsules/test/good/261.JPG'] 0.30607151985168457
['/mnt/dsc3032-gaya-shared/group6/datasets/VisA/visa_pytorch/capsules/test/good/286.JPG'] 0.2985609471797943
['/mnt/dsc3032-gaya-shared/group6/datasets/VisA/visa_pytorch/capsules/test/good/288.JPG'] 0.28802961111068726
['/mnt/dsc3032-gaya-shared/group6/datasets/VisA/visa_pytorch/capsules/test/good/294.JPG'] 0.2751014828681946
['/mnt/dsc3032-gaya-shared/group6/datasets/VisA/visa_pytorch/capsules/test/good/297.JPG'] 0.3142261505126953
['/mnt/dsc3032-gaya-shared/group6/datasets/VisA/visa_pytorch/capsules/test/good/303.JPG'] 0.3499443531036377
['/mnt/dsc3032-gaya-shared/group6/datasets/VisA/visa_pytorch/capsules/test/good/306.JPG'] 0.279125452041626
['/mnt/dsc3032-gaya-shared/group6/datasets/VisA/visa_pytorch/capsules/test/good/320.JPG'] 0.318117618560791
['/mnt/dsc3032-gaya-shared/group6/datasets/VisA/visa_pytorch/capsules/test/good/324.JPG'] 0.2949507534503937
['/mnt/dsc3032-gaya-shared/group6/datasets/VisA/visa_pytorch/capsules/test/good/333.JPG'] 0.29440295696258545
['/mnt/dsc3032-gaya-shared/group6/datasets/VisA/visa_pytorch/capsules/test/good/363.JPG'] 0.2978781461715698
['/mnt/dsc3032-gaya-shared/group6/datasets/VisA/visa_pytorch/capsules/test/good/377.JPG'] 0.30680733919143677
['/mnt/dsc3032-gaya-shared/group6/datasets/VisA/visa_pytorch/capsules/test/good/394.JPG'] 0.2720794677734375
['/mnt/dsc3032-gaya-shared/group6/datasets/VisA/visa_pytorch/capsules/test/good/400.JPG'] 0.30628079175949097
['/mnt/dsc3032-gaya-shared/group6/datasets/VisA/visa_pytorch/capsules/test/good/402.JPG'] 0.3360374867916107
['/mnt/dsc3032-gaya-shared/group6/datasets/VisA/visa_pytorch/capsules/test/good/417.JPG'] 0.29695993661880493
['/mnt/dsc3032-gaya-shared/group6/datasets/VisA/visa_pytorch/capsules/test/good/423.JPG'] 0.3328555226325989
['/mnt/dsc3032-gaya-shared/group6/datasets/VisA/visa_pytorch/capsules/test/good/427.JPG'] 0.2910788953304291
['/mnt/dsc3032-gaya-shared/group6/datasets/VisA/visa_pytorch/capsules/test/good/457.JPG'] 0.34311288595199585
['/mnt/dsc3032-gaya-shared/group6/datasets/VisA/visa_pytorch/capsules/test/good/469.JPG'] 0.29650211334228516
['/mnt/dsc3032-gaya-shared/group6/datasets/VisA/visa_pytorch/capsules/test/good/479.JPG'] 0.2873910665512085
['/mnt/dsc3032-gaya-shared/group6/datasets/VisA/visa_pytorch/capsules/test/good/483.JPG'] 0.29012173414230347
['/mnt/dsc3032-gaya-shared/group6/datasets/VisA/visa_pytorch/capsules/test/good/484.JPG'] 0.31251758337020874
['/mnt/dsc3032-gaya-shared/group6/datasets/VisA/visa_pytorch/capsules/test/good/488.JPG'] 0.3036230504512787
['/mnt/dsc3032-gaya-shared/group6/datasets/VisA/visa_pytorch/capsules/test/good/490.JPG'] 0.312213271856308
['/mnt/dsc3032-gaya-shared/group6/datasets/VisA/visa_pytorch/capsules/test/good/514.JPG'] 0.33109360933303833
['/mnt/dsc3032-gaya-shared/group6/datasets/VisA/visa_pytorch/capsules/test/good/518.JPG'] 0.31837159395217896
['/mnt/dsc3032-gaya-shared/group6/datasets/VisA/visa_pytorch/capsules/test/good/520.JPG'] 0.3147214651107788
['/mnt/dsc3032-gaya-shared/group6/datasets/VisA/visa_pytorch/capsules/test/good/525.JPG'] 0.3424200415611267
['/mnt/dsc3032-gaya-shared/group6/datasets/VisA/visa_pytorch/capsules/test/good/545.JPG'] 0.286013662815094
['/mnt/dsc3032-gaya-shared/group6/datasets/VisA/visa_pytorch/capsules/test/good/552.JPG'] 0.2984497845172882
['/mnt/dsc3032-gaya-shared/group6/datasets/VisA/visa_pytorch/capsules/test/good/569.JPG'] 0.34355640411376953
['/mnt/dsc3032-gaya-shared/group6/datasets/VisA/visa_pytorch/capsules/test/good/576.JPG'] 0.2815675735473633
['/mnt/dsc3032-gaya-shared/group6/datasets/VisA/visa_pytorch/capsules/test/good/580.JPG'] 0.32294660806655884
['/mnt/dsc3032-gaya-shared/group6/datasets/VisA/visa_pytorch/capsules/test/good/594.JPG'] 0.3023451566696167
26-06-02 16:25:30.758 - INFO: 
| category   |   K-shots |   F1-Max(image) |   AUROC(image) |   F1-Max(pixel) |   AUROC(pixel) |
|:-----------|----------:|----------------:|---------------:|----------------:|---------------:|
| capsules   |         1 |           86.15 |          90.88 |              40 |          96.58 |
