/home/gaya6/LogSAD/dinov2/dinov2/layers/swiglu_ffn.py:43: UserWarning: xFormers is available (SwiGLU)
  warnings.warn("xFormers is available (SwiGLU)")
/home/gaya6/LogSAD/dinov2/dinov2/layers/attention.py:27: UserWarning: xFormers is available (Attention)
  warnings.warn("xFormers is available (Attention)")
/home/gaya6/LogSAD/dinov2/dinov2/layers/block.py:33: UserWarning: xFormers is available (Block)
  warnings.warn("xFormers is available (Block)")
['/mnt/dsc3032-gaya-shared/group6/datasets/VisA/visa_pytorch/cashew/test/bad/000.JPG'] 0.4111717641353607
['/mnt/dsc3032-gaya-shared/group6/datasets/VisA/visa_pytorch/cashew/test/bad/001.JPG'] 0.3405243158340454
['/mnt/dsc3032-gaya-shared/group6/datasets/VisA/visa_pytorch/cashew/test/bad/002.JPG'] 0.3135554790496826
['/mnt/dsc3032-gaya-shared/group6/datasets/VisA/visa_pytorch/cashew/test/bad/003.JPG'] 0.26221251487731934
['/mnt/dsc3032-gaya-shared/group6/datasets/VisA/visa_pytorch/cashew/test/bad/004.JPG'] 0.2696640193462372
['/mnt/dsc3032-gaya-shared/group6/datasets/VisA/visa_pytorch/cashew/test/bad/005.JPG'] 0.3578587472438812
['/mnt/dsc3032-gaya-shared/group6/datasets/VisA/visa_pytorch/cashew/test/bad/006.JPG'] 0.4190707802772522
['/mnt/dsc3032-gaya-shared/group6/datasets/VisA/visa_pytorch/cashew/test/bad/007.JPG'] 0.37670785188674927
['/mnt/dsc3032-gaya-shared/group6/datasets/VisA/visa_pytorch/cashew/test/bad/008.JPG'] 0.2952558994293213
['/mnt/dsc3032-gaya-shared/group6/datasets/VisA/visa_pytorch/cashew/test/bad/009.JPG'] 0.33961352705955505
['/mnt/dsc3032-gaya-shared/group6/datasets/VisA/visa_pytorch/cashew/test/bad/010.JPG'] 0.3189292550086975
['/mnt/dsc3032-gaya-shared/group6/datasets/VisA/visa_pytorch/cashew/test/bad/011.JPG'] 0.32749223709106445
['/mnt/dsc3032-gaya-shared/group6/datasets/VisA/visa_pytorch/cashew/test/bad/012.JPG'] 0.4527572989463806
['/mnt/dsc3032-gaya-shared/group6/datasets/VisA/visa_pytorch/cashew/test/bad/013.JPG'] 0.33200037479400635
['/mnt/dsc3032-gaya-shared/group6/datasets/VisA/visa_pytorch/cashew/test/bad/014.JPG'] 0.38401514291763306
['/mnt/dsc3032-gaya-shared/group6/datasets/VisA/visa_pytorch/cashew/test/bad/015.JPG'] 0.34453919529914856
['/mnt/dsc3032-gaya-shared/group6/datasets/VisA/visa_pytorch/cashew/test/bad/016.JPG'] 0.35930001735687256
['/mnt/dsc3032-gaya-shared/group6/datasets/VisA/visa_pytorch/cashew/test/bad/017.JPG'] 0.4504716098308563
['/mnt/dsc3032-gaya-shared/group6/datasets/VisA/visa_pytorch/cashew/test/bad/018.JPG'] 0.33385345339775085
['/mnt/dsc3032-gaya-shared/group6/datasets/VisA/visa_pytorch/cashew/test/bad/019.JPG'] 0.3740336298942566
['/mnt/dsc3032-gaya-shared/group6/datasets/VisA/visa_pytorch/cashew/test/bad/020.JPG'] 0.42330700159072876
['/mnt/dsc3032-gaya-shared/group6/datasets/VisA/visa_pytorch/cashew/test/bad/021.JPG'] 0.2826201915740967
['/mnt/dsc3032-gaya-shared/group6/datasets/VisA/visa_pytorch/cashew/test/bad/022.JPG'] 0.414074182510376
['/mnt/dsc3032-gaya-shared/group6/datasets/VisA/visa_pytorch/cashew/test/bad/023.JPG'] 0.2850697636604309
['/mnt/dsc3032-gaya-shared/group6/datasets/VisA/visa_pytorch/cashew/test/bad/024.JPG'] 0.30799251794815063
['/mnt/dsc3032-gaya-shared/group6/datasets/VisA/visa_pytorch/cashew/test/bad/025.JPG'] 0.4473239779472351
['/mnt/dsc3032-gaya-shared/group6/datasets/VisA/visa_pytorch/cashew/test/bad/026.JPG'] 0.4403778910636902
['/mnt/dsc3032-gaya-shared/group6/datasets/VisA/visa_pytorch/cashew/test/bad/027.JPG'] 0.3973143994808197
['/mnt/dsc3032-gaya-shared/group6/datasets/VisA/visa_pytorch/cashew/test/bad/028.JPG'] 0.394691526889801
['/mnt/dsc3032-gaya-shared/group6/datasets/VisA/visa_pytorch/cashew/test/bad/029.JPG'] 0.4716147184371948
['/mnt/dsc3032-gaya-shared/group6/datasets/VisA/visa_pytorch/cashew/test/bad/030.JPG'] 0.46665072441101074
['/mnt/dsc3032-gaya-shared/group6/datasets/VisA/visa_pytorch/cashew/test/bad/031.JPG'] 0.4538191258907318
['/mnt/dsc3032-gaya-shared/group6/datasets/VisA/visa_pytorch/cashew/test/bad/032.JPG'] 0.44921863079071045
['/mnt/dsc3032-gaya-shared/group6/datasets/VisA/visa_pytorch/cashew/test/bad/033.JPG'] 0.44772768020629883
['/mnt/dsc3032-gaya-shared/group6/datasets/VisA/visa_pytorch/cashew/test/bad/034.JPG'] 0.42681658267974854
['/mnt/dsc3032-gaya-shared/group6/datasets/VisA/visa_pytorch/cashew/test/bad/035.JPG'] 0.39140868186950684
['/mnt/dsc3032-gaya-shared/group6/datasets/VisA/visa_pytorch/cashew/test/bad/036.JPG'] 0.3453536033630371
['/mnt/dsc3032-gaya-shared/group6/datasets/VisA/visa_pytorch/cashew/test/bad/037.JPG'] 0.39964741468429565
['/mnt/dsc3032-gaya-shared/group6/datasets/VisA/visa_pytorch/cashew/test/bad/038.JPG'] 0.4319384694099426
['/mnt/dsc3032-gaya-shared/group6/datasets/VisA/visa_pytorch/cashew/test/bad/039.JPG'] 0.452910840511322
['/mnt/dsc3032-gaya-shared/group6/datasets/VisA/visa_pytorch/cashew/test/bad/040.JPG'] 0.37770381569862366
['/mnt/dsc3032-gaya-shared/group6/datasets/VisA/visa_pytorch/cashew/test/bad/041.JPG'] 0.4386305809020996
['/mnt/dsc3032-gaya-shared/group6/datasets/VisA/visa_pytorch/cashew/test/bad/042.JPG'] 0.40743154287338257
['/mnt/dsc3032-gaya-shared/group6/datasets/VisA/visa_pytorch/cashew/test/bad/043.JPG'] 0.3637637495994568
['/mnt/dsc3032-gaya-shared/group6/datasets/VisA/visa_pytorch/cashew/test/bad/044.JPG'] 0.25077587366104126
['/mnt/dsc3032-gaya-shared/group6/datasets/VisA/visa_pytorch/cashew/test/bad/045.JPG'] 0.3503950536251068
['/mnt/dsc3032-gaya-shared/group6/datasets/VisA/visa_pytorch/cashew/test/bad/046.JPG'] 0.3131900727748871
['/mnt/dsc3032-gaya-shared/group6/datasets/VisA/visa_pytorch/cashew/test/bad/047.JPG'] 0.28014007210731506
['/mnt/dsc3032-gaya-shared/group6/datasets/VisA/visa_pytorch/cashew/test/bad/048.JPG'] 0.390066921710968
['/mnt/dsc3032-gaya-shared/group6/datasets/VisA/visa_pytorch/cashew/test/bad/049.JPG'] 0.272500216960907
['/mnt/dsc3032-gaya-shared/group6/datasets/VisA/visa_pytorch/cashew/test/bad/050.JPG'] 0.32574933767318726
['/mnt/dsc3032-gaya-shared/group6/datasets/VisA/visa_pytorch/cashew/test/bad/051.JPG'] 0.25948742032051086
['/mnt/dsc3032-gaya-shared/group6/datasets/VisA/visa_pytorch/cashew/test/bad/052.JPG'] 0.3060508966445923
['/mnt/dsc3032-gaya-shared/group6/datasets/VisA/visa_pytorch/cashew/test/bad/053.JPG'] 0.26181742548942566
['/mnt/dsc3032-gaya-shared/group6/datasets/VisA/visa_pytorch/cashew/test/bad/054.JPG'] 0.2560202479362488
['/mnt/dsc3032-gaya-shared/group6/datasets/VisA/visa_pytorch/cashew/test/bad/055.JPG'] 0.23385120928287506
['/mnt/dsc3032-gaya-shared/group6/datasets/VisA/visa_pytorch/cashew/test/bad/056.JPG'] 0.2683449983596802
['/mnt/dsc3032-gaya-shared/group6/datasets/VisA/visa_pytorch/cashew/test/bad/057.JPG'] 0.344178706407547
['/mnt/dsc3032-gaya-shared/group6/datasets/VisA/visa_pytorch/cashew/test/bad/058.JPG'] 0.27184420824050903
['/mnt/dsc3032-gaya-shared/group6/datasets/VisA/visa_pytorch/cashew/test/bad/059.JPG'] 0.2883918881416321
['/mnt/dsc3032-gaya-shared/group6/datasets/VisA/visa_pytorch/cashew/test/bad/060.JPG'] 0.2995292842388153
['/mnt/dsc3032-gaya-shared/group6/datasets/VisA/visa_pytorch/cashew/test/bad/061.JPG'] 0.3585772216320038
['/mnt/dsc3032-gaya-shared/group6/datasets/VisA/visa_pytorch/cashew/test/bad/062.JPG'] 0.37313634157180786
['/mnt/dsc3032-gaya-shared/group6/datasets/VisA/visa_pytorch/cashew/test/bad/063.JPG'] 0.28705155849456787
['/mnt/dsc3032-gaya-shared/group6/datasets/VisA/visa_pytorch/cashew/test/bad/064.JPG'] 0.41217923164367676
['/mnt/dsc3032-gaya-shared/group6/datasets/VisA/visa_pytorch/cashew/test/bad/065.JPG'] 0.4473050534725189
['/mnt/dsc3032-gaya-shared/group6/datasets/VisA/visa_pytorch/cashew/test/bad/066.JPG'] 0.2794293165206909
['/mnt/dsc3032-gaya-shared/group6/datasets/VisA/visa_pytorch/cashew/test/bad/067.JPG'] 0.2906367778778076
['/mnt/dsc3032-gaya-shared/group6/datasets/VisA/visa_pytorch/cashew/test/bad/068.JPG'] 0.3755117654800415
['/mnt/dsc3032-gaya-shared/group6/datasets/VisA/visa_pytorch/cashew/test/bad/069.JPG'] 0.2812321186065674
['/mnt/dsc3032-gaya-shared/group6/datasets/VisA/visa_pytorch/cashew/test/bad/070.JPG'] 0.41187983751296997
['/mnt/dsc3032-gaya-shared/group6/datasets/VisA/visa_pytorch/cashew/test/bad/071.JPG'] 0.3470933735370636
['/mnt/dsc3032-gaya-shared/group6/datasets/VisA/visa_pytorch/cashew/test/bad/072.JPG'] 0.37141886353492737
['/mnt/dsc3032-gaya-shared/group6/datasets/VisA/visa_pytorch/cashew/test/bad/073.JPG'] 0.3106135129928589
['/mnt/dsc3032-gaya-shared/group6/datasets/VisA/visa_pytorch/cashew/test/bad/074.JPG'] 0.32497960329055786
['/mnt/dsc3032-gaya-shared/group6/datasets/VisA/visa_pytorch/cashew/test/bad/075.JPG'] 0.38767045736312866
['/mnt/dsc3032-gaya-shared/group6/datasets/VisA/visa_pytorch/cashew/test/bad/076.JPG'] 0.3760841488838196
['/mnt/dsc3032-gaya-shared/group6/datasets/VisA/visa_pytorch/cashew/test/bad/077.JPG'] 0.31118667125701904
['/mnt/dsc3032-gaya-shared/group6/datasets/VisA/visa_pytorch/cashew/test/bad/078.JPG'] 0.298519492149353
['/mnt/dsc3032-gaya-shared/group6/datasets/VisA/visa_pytorch/cashew/test/bad/079.JPG'] 0.24937671422958374
['/mnt/dsc3032-gaya-shared/group6/datasets/VisA/visa_pytorch/cashew/test/bad/080.JPG'] 0.3217163681983948
['/mnt/dsc3032-gaya-shared/group6/datasets/VisA/visa_pytorch/cashew/test/bad/081.JPG'] 0.26380449533462524
['/mnt/dsc3032-gaya-shared/group6/datasets/VisA/visa_pytorch/cashew/test/bad/082.JPG'] 0.2519894242286682
['/mnt/dsc3032-gaya-shared/group6/datasets/VisA/visa_pytorch/cashew/test/bad/083.JPG'] 0.2875666916370392
['/mnt/dsc3032-gaya-shared/group6/datasets/VisA/visa_pytorch/cashew/test/bad/084.JPG'] 0.30784091353416443
['/mnt/dsc3032-gaya-shared/group6/datasets/VisA/visa_pytorch/cashew/test/bad/085.JPG'] 0.2605593800544739
['/mnt/dsc3032-gaya-shared/group6/datasets/VisA/visa_pytorch/cashew/test/bad/086.JPG'] 0.27554821968078613
['/mnt/dsc3032-gaya-shared/group6/datasets/VisA/visa_pytorch/cashew/test/bad/087.JPG'] 0.25422143936157227
['/mnt/dsc3032-gaya-shared/group6/datasets/VisA/visa_pytorch/cashew/test/bad/088.JPG'] 0.32247394323349
['/mnt/dsc3032-gaya-shared/group6/datasets/VisA/visa_pytorch/cashew/test/bad/089.JPG'] 0.30716127157211304
['/mnt/dsc3032-gaya-shared/group6/datasets/VisA/visa_pytorch/cashew/test/bad/090.JPG'] 0.245001882314682
['/mnt/dsc3032-gaya-shared/group6/datasets/VisA/visa_pytorch/cashew/test/bad/091.JPG'] 0.28111422061920166
['/mnt/dsc3032-gaya-shared/group6/datasets/VisA/visa_pytorch/cashew/test/bad/092.JPG'] 0.25007253885269165
['/mnt/dsc3032-gaya-shared/group6/datasets/VisA/visa_pytorch/cashew/test/bad/093.JPG'] 0.22657905519008636
['/mnt/dsc3032-gaya-shared/group6/datasets/VisA/visa_pytorch/cashew/test/bad/094.JPG'] 0.49330779910087585
['/mnt/dsc3032-gaya-shared/group6/datasets/VisA/visa_pytorch/cashew/test/bad/095.JPG'] 0.4294062852859497
['/mnt/dsc3032-gaya-shared/group6/datasets/VisA/visa_pytorch/cashew/test/bad/096.JPG'] 0.41541603207588196
['/mnt/dsc3032-gaya-shared/group6/datasets/VisA/visa_pytorch/cashew/test/bad/097.JPG'] 0.42582663893699646
['/mnt/dsc3032-gaya-shared/group6/datasets/VisA/visa_pytorch/cashew/test/bad/098.JPG'] 0.4220433235168457
['/mnt/dsc3032-gaya-shared/group6/datasets/VisA/visa_pytorch/cashew/test/bad/099.JPG'] 0.4393809735774994
['/mnt/dsc3032-gaya-shared/group6/datasets/VisA/visa_pytorch/cashew/test/good/006.JPG'] 0.2626103162765503
['/mnt/dsc3032-gaya-shared/group6/datasets/VisA/visa_pytorch/cashew/test/good/012.JPG'] 0.2730792760848999
['/mnt/dsc3032-gaya-shared/group6/datasets/VisA/visa_pytorch/cashew/test/good/013.JPG'] 0.27018648386001587
['/mnt/dsc3032-gaya-shared/group6/datasets/VisA/visa_pytorch/cashew/test/good/023.JPG'] 0.2936114966869354
['/mnt/dsc3032-gaya-shared/group6/datasets/VisA/visa_pytorch/cashew/test/good/050.JPG'] 0.32189327478408813
['/mnt/dsc3032-gaya-shared/group6/datasets/VisA/visa_pytorch/cashew/test/good/084.JPG'] 0.23493683338165283
['/mnt/dsc3032-gaya-shared/group6/datasets/VisA/visa_pytorch/cashew/test/good/087.JPG'] 0.3027171492576599
['/mnt/dsc3032-gaya-shared/group6/datasets/VisA/visa_pytorch/cashew/test/good/089.JPG'] 0.41826504468917847
['/mnt/dsc3032-gaya-shared/group6/datasets/VisA/visa_pytorch/cashew/test/good/093.JPG'] 0.24930573999881744
['/mnt/dsc3032-gaya-shared/group6/datasets/VisA/visa_pytorch/cashew/test/good/098.JPG'] 0.26036494970321655
['/mnt/dsc3032-gaya-shared/group6/datasets/VisA/visa_pytorch/cashew/test/good/104.JPG'] 0.25422152876853943
['/mnt/dsc3032-gaya-shared/group6/datasets/VisA/visa_pytorch/cashew/test/good/130.JPG'] 0.2794615924358368
['/mnt/dsc3032-gaya-shared/group6/datasets/VisA/visa_pytorch/cashew/test/good/143.JPG'] 0.23564203083515167
['/mnt/dsc3032-gaya-shared/group6/datasets/VisA/visa_pytorch/cashew/test/good/148.JPG'] 0.25719979405403137
['/mnt/dsc3032-gaya-shared/group6/datasets/VisA/visa_pytorch/cashew/test/good/166.JPG'] 0.2510836720466614
['/mnt/dsc3032-gaya-shared/group6/datasets/VisA/visa_pytorch/cashew/test/good/181.JPG'] 0.27257370948791504
['/mnt/dsc3032-gaya-shared/group6/datasets/VisA/visa_pytorch/cashew/test/good/213.JPG'] 0.2416524738073349
['/mnt/dsc3032-gaya-shared/group6/datasets/VisA/visa_pytorch/cashew/test/good/228.JPG'] 0.26665860414505005
['/mnt/dsc3032-gaya-shared/group6/datasets/VisA/visa_pytorch/cashew/test/good/239.JPG'] 0.24010351300239563
['/mnt/dsc3032-gaya-shared/group6/datasets/VisA/visa_pytorch/cashew/test/good/244.JPG'] 0.257674902677536
['/mnt/dsc3032-gaya-shared/group6/datasets/VisA/visa_pytorch/cashew/test/good/245.JPG'] 0.22745348513126373
['/mnt/dsc3032-gaya-shared/group6/datasets/VisA/visa_pytorch/cashew/test/good/260.JPG'] 0.2569333016872406
['/mnt/dsc3032-gaya-shared/group6/datasets/VisA/visa_pytorch/cashew/test/good/272.JPG'] 0.23286235332489014
['/mnt/dsc3032-gaya-shared/group6/datasets/VisA/visa_pytorch/cashew/test/good/276.JPG'] 0.2358783483505249
['/mnt/dsc3032-gaya-shared/group6/datasets/VisA/visa_pytorch/cashew/test/good/284.JPG'] 0.25688302516937256
['/mnt/dsc3032-gaya-shared/group6/datasets/VisA/visa_pytorch/cashew/test/good/307.JPG'] 0.26720130443573
['/mnt/dsc3032-gaya-shared/group6/datasets/VisA/visa_pytorch/cashew/test/good/309.JPG'] 0.23961390554904938
['/mnt/dsc3032-gaya-shared/group6/datasets/VisA/visa_pytorch/cashew/test/good/324.JPG'] 0.28710854053497314
['/mnt/dsc3032-gaya-shared/group6/datasets/VisA/visa_pytorch/cashew/test/good/337.JPG'] 0.28921273350715637
['/mnt/dsc3032-gaya-shared/group6/datasets/VisA/visa_pytorch/cashew/test/good/342.JPG'] 0.2653753161430359
['/mnt/dsc3032-gaya-shared/group6/datasets/VisA/visa_pytorch/cashew/test/good/344.JPG'] 0.3027898073196411
['/mnt/dsc3032-gaya-shared/group6/datasets/VisA/visa_pytorch/cashew/test/good/352.JPG'] 0.30775225162506104
['/mnt/dsc3032-gaya-shared/group6/datasets/VisA/visa_pytorch/cashew/test/good/367.JPG'] 0.2949209213256836
['/mnt/dsc3032-gaya-shared/group6/datasets/VisA/visa_pytorch/cashew/test/good/369.JPG'] 0.3418341875076294
['/mnt/dsc3032-gaya-shared/group6/datasets/VisA/visa_pytorch/cashew/test/good/377.JPG'] 0.2774728536605835
['/mnt/dsc3032-gaya-shared/group6/datasets/VisA/visa_pytorch/cashew/test/good/384.JPG'] 0.25726157426834106
['/mnt/dsc3032-gaya-shared/group6/datasets/VisA/visa_pytorch/cashew/test/good/389.JPG'] 0.31444481015205383
['/mnt/dsc3032-gaya-shared/group6/datasets/VisA/visa_pytorch/cashew/test/good/392.JPG'] 0.2777232527732849
['/mnt/dsc3032-gaya-shared/group6/datasets/VisA/visa_pytorch/cashew/test/good/398.JPG'] 0.2989561855792999
['/mnt/dsc3032-gaya-shared/group6/datasets/VisA/visa_pytorch/cashew/test/good/400.JPG'] 0.24347063899040222
['/mnt/dsc3032-gaya-shared/group6/datasets/VisA/visa_pytorch/cashew/test/good/402.JPG'] 0.26017093658447266
['/mnt/dsc3032-gaya-shared/group6/datasets/VisA/visa_pytorch/cashew/test/good/405.JPG'] 0.3015083968639374
['/mnt/dsc3032-gaya-shared/group6/datasets/VisA/visa_pytorch/cashew/test/good/435.JPG'] 0.272665798664093
['/mnt/dsc3032-gaya-shared/group6/datasets/VisA/visa_pytorch/cashew/test/good/446.JPG'] 0.27219313383102417
['/mnt/dsc3032-gaya-shared/group6/datasets/VisA/visa_pytorch/cashew/test/good/460.JPG'] 0.2573280334472656
['/mnt/dsc3032-gaya-shared/group6/datasets/VisA/visa_pytorch/cashew/test/good/461.JPG'] 0.28109025955200195
['/mnt/dsc3032-gaya-shared/group6/datasets/VisA/visa_pytorch/cashew/test/good/467.JPG'] 0.2607695460319519
['/mnt/dsc3032-gaya-shared/group6/datasets/VisA/visa_pytorch/cashew/test/good/482.JPG'] 0.2861308157444
['/mnt/dsc3032-gaya-shared/group6/datasets/VisA/visa_pytorch/cashew/test/good/484.JPG'] 0.31881314516067505
['/mnt/dsc3032-gaya-shared/group6/datasets/VisA/visa_pytorch/cashew/test/good/487.JPG'] 0.32703518867492676
26-06-02 16:26:26.032 - INFO: 
| category   |   K-shots |   F1-Max(image) |   AUROC(image) |   F1-Max(pixel) |   AUROC(pixel) |
|:-----------|----------:|----------------:|---------------:|----------------:|---------------:|
| cashew     |         1 |           82.01 |          81.34 |           61.82 |          98.46 |
