/home/gaya6/LogSAD/dinov2/dinov2/layers/swiglu_ffn.py:43: UserWarning: xFormers is available (SwiGLU)
  warnings.warn("xFormers is available (SwiGLU)")
/home/gaya6/LogSAD/dinov2/dinov2/layers/attention.py:27: UserWarning: xFormers is available (Attention)
  warnings.warn("xFormers is available (Attention)")
/home/gaya6/LogSAD/dinov2/dinov2/layers/block.py:33: UserWarning: xFormers is available (Block)
  warnings.warn("xFormers is available (Block)")
['/mnt/dsc3032-gaya-shared/group6/datasets/VisA/visa_pytorch/chewinggum/test/bad/000.JPG'] 0.6302393078804016
['/mnt/dsc3032-gaya-shared/group6/datasets/VisA/visa_pytorch/chewinggum/test/bad/001.JPG'] 0.42989957332611084
['/mnt/dsc3032-gaya-shared/group6/datasets/VisA/visa_pytorch/chewinggum/test/bad/002.JPG'] 0.5198315978050232
['/mnt/dsc3032-gaya-shared/group6/datasets/VisA/visa_pytorch/chewinggum/test/bad/003.JPG'] 0.4512086510658264
['/mnt/dsc3032-gaya-shared/group6/datasets/VisA/visa_pytorch/chewinggum/test/bad/004.JPG'] 0.6186470985412598
['/mnt/dsc3032-gaya-shared/group6/datasets/VisA/visa_pytorch/chewinggum/test/bad/005.JPG'] 0.5638954639434814
['/mnt/dsc3032-gaya-shared/group6/datasets/VisA/visa_pytorch/chewinggum/test/bad/006.JPG'] 0.6070863008499146
['/mnt/dsc3032-gaya-shared/group6/datasets/VisA/visa_pytorch/chewinggum/test/bad/007.JPG'] 0.5583312511444092
['/mnt/dsc3032-gaya-shared/group6/datasets/VisA/visa_pytorch/chewinggum/test/bad/008.JPG'] 0.4707835614681244
['/mnt/dsc3032-gaya-shared/group6/datasets/VisA/visa_pytorch/chewinggum/test/bad/009.JPG'] 0.6354113221168518
['/mnt/dsc3032-gaya-shared/group6/datasets/VisA/visa_pytorch/chewinggum/test/bad/010.JPG'] 0.4629240036010742
['/mnt/dsc3032-gaya-shared/group6/datasets/VisA/visa_pytorch/chewinggum/test/bad/011.JPG'] 0.5711829662322998
['/mnt/dsc3032-gaya-shared/group6/datasets/VisA/visa_pytorch/chewinggum/test/bad/012.JPG'] 0.5858901739120483
['/mnt/dsc3032-gaya-shared/group6/datasets/VisA/visa_pytorch/chewinggum/test/bad/013.JPG'] 0.5520265102386475
['/mnt/dsc3032-gaya-shared/group6/datasets/VisA/visa_pytorch/chewinggum/test/bad/014.JPG'] 0.5768115520477295
['/mnt/dsc3032-gaya-shared/group6/datasets/VisA/visa_pytorch/chewinggum/test/bad/015.JPG'] 0.5259567499160767
['/mnt/dsc3032-gaya-shared/group6/datasets/VisA/visa_pytorch/chewinggum/test/bad/016.JPG'] 0.5147064328193665
['/mnt/dsc3032-gaya-shared/group6/datasets/VisA/visa_pytorch/chewinggum/test/bad/017.JPG'] 0.5455819964408875
['/mnt/dsc3032-gaya-shared/group6/datasets/VisA/visa_pytorch/chewinggum/test/bad/018.JPG'] 0.5586322546005249
['/mnt/dsc3032-gaya-shared/group6/datasets/VisA/visa_pytorch/chewinggum/test/bad/019.JPG'] 0.5618665218353271
['/mnt/dsc3032-gaya-shared/group6/datasets/VisA/visa_pytorch/chewinggum/test/bad/020.JPG'] 0.5391666889190674
['/mnt/dsc3032-gaya-shared/group6/datasets/VisA/visa_pytorch/chewinggum/test/bad/021.JPG'] 0.5961906909942627
['/mnt/dsc3032-gaya-shared/group6/datasets/VisA/visa_pytorch/chewinggum/test/bad/022.JPG'] 0.5067200660705566
['/mnt/dsc3032-gaya-shared/group6/datasets/VisA/visa_pytorch/chewinggum/test/bad/023.JPG'] 0.427044153213501
['/mnt/dsc3032-gaya-shared/group6/datasets/VisA/visa_pytorch/chewinggum/test/bad/024.JPG'] 0.5828675031661987
['/mnt/dsc3032-gaya-shared/group6/datasets/VisA/visa_pytorch/chewinggum/test/bad/025.JPG'] 0.3210228681564331
['/mnt/dsc3032-gaya-shared/group6/datasets/VisA/visa_pytorch/chewinggum/test/bad/026.JPG'] 0.2966378629207611
['/mnt/dsc3032-gaya-shared/group6/datasets/VisA/visa_pytorch/chewinggum/test/bad/027.JPG'] 0.38698703050613403
['/mnt/dsc3032-gaya-shared/group6/datasets/VisA/visa_pytorch/chewinggum/test/bad/028.JPG'] 0.2840893268585205
['/mnt/dsc3032-gaya-shared/group6/datasets/VisA/visa_pytorch/chewinggum/test/bad/029.JPG'] 0.3248637914657593
['/mnt/dsc3032-gaya-shared/group6/datasets/VisA/visa_pytorch/chewinggum/test/bad/030.JPG'] 0.4303054213523865
['/mnt/dsc3032-gaya-shared/group6/datasets/VisA/visa_pytorch/chewinggum/test/bad/031.JPG'] 0.24429146945476532
['/mnt/dsc3032-gaya-shared/group6/datasets/VisA/visa_pytorch/chewinggum/test/bad/032.JPG'] 0.30736443400382996
['/mnt/dsc3032-gaya-shared/group6/datasets/VisA/visa_pytorch/chewinggum/test/bad/033.JPG'] 0.2678067088127136
['/mnt/dsc3032-gaya-shared/group6/datasets/VisA/visa_pytorch/chewinggum/test/bad/034.JPG'] 0.29803919792175293
['/mnt/dsc3032-gaya-shared/group6/datasets/VisA/visa_pytorch/chewinggum/test/bad/035.JPG'] 0.3804982304573059
['/mnt/dsc3032-gaya-shared/group6/datasets/VisA/visa_pytorch/chewinggum/test/bad/036.JPG'] 0.36870867013931274
['/mnt/dsc3032-gaya-shared/group6/datasets/VisA/visa_pytorch/chewinggum/test/bad/037.JPG'] 0.2533700168132782
['/mnt/dsc3032-gaya-shared/group6/datasets/VisA/visa_pytorch/chewinggum/test/bad/038.JPG'] 0.40495139360427856
['/mnt/dsc3032-gaya-shared/group6/datasets/VisA/visa_pytorch/chewinggum/test/bad/039.JPG'] 0.35868358612060547
['/mnt/dsc3032-gaya-shared/group6/datasets/VisA/visa_pytorch/chewinggum/test/bad/040.JPG'] 0.5589529275894165
['/mnt/dsc3032-gaya-shared/group6/datasets/VisA/visa_pytorch/chewinggum/test/bad/041.JPG'] 0.5262442231178284
['/mnt/dsc3032-gaya-shared/group6/datasets/VisA/visa_pytorch/chewinggum/test/bad/042.JPG'] 0.43066245317459106
['/mnt/dsc3032-gaya-shared/group6/datasets/VisA/visa_pytorch/chewinggum/test/bad/043.JPG'] 0.5116419792175293
['/mnt/dsc3032-gaya-shared/group6/datasets/VisA/visa_pytorch/chewinggum/test/bad/044.JPG'] 0.47627583146095276
['/mnt/dsc3032-gaya-shared/group6/datasets/VisA/visa_pytorch/chewinggum/test/bad/045.JPG'] 0.5674306154251099
['/mnt/dsc3032-gaya-shared/group6/datasets/VisA/visa_pytorch/chewinggum/test/bad/046.JPG'] 0.5464916229248047
['/mnt/dsc3032-gaya-shared/group6/datasets/VisA/visa_pytorch/chewinggum/test/bad/047.JPG'] 0.5736783146858215
['/mnt/dsc3032-gaya-shared/group6/datasets/VisA/visa_pytorch/chewinggum/test/bad/048.JPG'] 0.5626369714736938
['/mnt/dsc3032-gaya-shared/group6/datasets/VisA/visa_pytorch/chewinggum/test/bad/049.JPG'] 0.5456708669662476
['/mnt/dsc3032-gaya-shared/group6/datasets/VisA/visa_pytorch/chewinggum/test/bad/050.JPG'] 0.568239152431488
['/mnt/dsc3032-gaya-shared/group6/datasets/VisA/visa_pytorch/chewinggum/test/bad/051.JPG'] 0.5198128819465637
['/mnt/dsc3032-gaya-shared/group6/datasets/VisA/visa_pytorch/chewinggum/test/bad/052.JPG'] 0.5900050401687622
['/mnt/dsc3032-gaya-shared/group6/datasets/VisA/visa_pytorch/chewinggum/test/bad/053.JPG'] 0.5663148760795593
['/mnt/dsc3032-gaya-shared/group6/datasets/VisA/visa_pytorch/chewinggum/test/bad/054.JPG'] 0.5484373569488525
['/mnt/dsc3032-gaya-shared/group6/datasets/VisA/visa_pytorch/chewinggum/test/bad/055.JPG'] 0.5759680271148682
['/mnt/dsc3032-gaya-shared/group6/datasets/VisA/visa_pytorch/chewinggum/test/bad/056.JPG'] 0.5727765560150146
['/mnt/dsc3032-gaya-shared/group6/datasets/VisA/visa_pytorch/chewinggum/test/bad/057.JPG'] 0.5485660433769226
['/mnt/dsc3032-gaya-shared/group6/datasets/VisA/visa_pytorch/chewinggum/test/bad/058.JPG'] 0.46075159311294556
['/mnt/dsc3032-gaya-shared/group6/datasets/VisA/visa_pytorch/chewinggum/test/bad/059.JPG'] 0.5754750967025757
['/mnt/dsc3032-gaya-shared/group6/datasets/VisA/visa_pytorch/chewinggum/test/bad/060.JPG'] 0.5703904628753662
['/mnt/dsc3032-gaya-shared/group6/datasets/VisA/visa_pytorch/chewinggum/test/bad/061.JPG'] 0.6016955375671387
['/mnt/dsc3032-gaya-shared/group6/datasets/VisA/visa_pytorch/chewinggum/test/bad/062.JPG'] 0.48946863412857056
['/mnt/dsc3032-gaya-shared/group6/datasets/VisA/visa_pytorch/chewinggum/test/bad/063.JPG'] 0.5688243508338928
['/mnt/dsc3032-gaya-shared/group6/datasets/VisA/visa_pytorch/chewinggum/test/bad/064.JPG'] 0.580819845199585
['/mnt/dsc3032-gaya-shared/group6/datasets/VisA/visa_pytorch/chewinggum/test/bad/065.JPG'] 0.4470455050468445
['/mnt/dsc3032-gaya-shared/group6/datasets/VisA/visa_pytorch/chewinggum/test/bad/066.JPG'] 0.44138339161872864
['/mnt/dsc3032-gaya-shared/group6/datasets/VisA/visa_pytorch/chewinggum/test/bad/067.JPG'] 0.46785208582878113
['/mnt/dsc3032-gaya-shared/group6/datasets/VisA/visa_pytorch/chewinggum/test/bad/068.JPG'] 0.418714314699173
['/mnt/dsc3032-gaya-shared/group6/datasets/VisA/visa_pytorch/chewinggum/test/bad/069.JPG'] 0.41595274209976196
['/mnt/dsc3032-gaya-shared/group6/datasets/VisA/visa_pytorch/chewinggum/test/bad/070.JPG'] 0.37618058919906616
['/mnt/dsc3032-gaya-shared/group6/datasets/VisA/visa_pytorch/chewinggum/test/bad/071.JPG'] 0.3925358057022095
['/mnt/dsc3032-gaya-shared/group6/datasets/VisA/visa_pytorch/chewinggum/test/bad/072.JPG'] 0.39326030015945435
['/mnt/dsc3032-gaya-shared/group6/datasets/VisA/visa_pytorch/chewinggum/test/bad/073.JPG'] 0.29132840037345886
['/mnt/dsc3032-gaya-shared/group6/datasets/VisA/visa_pytorch/chewinggum/test/bad/074.JPG'] 0.46257442235946655
['/mnt/dsc3032-gaya-shared/group6/datasets/VisA/visa_pytorch/chewinggum/test/bad/075.JPG'] 0.41227635741233826
['/mnt/dsc3032-gaya-shared/group6/datasets/VisA/visa_pytorch/chewinggum/test/bad/076.JPG'] 0.5005528926849365
['/mnt/dsc3032-gaya-shared/group6/datasets/VisA/visa_pytorch/chewinggum/test/bad/077.JPG'] 0.48228901624679565
['/mnt/dsc3032-gaya-shared/group6/datasets/VisA/visa_pytorch/chewinggum/test/bad/078.JPG'] 0.39926138520240784
['/mnt/dsc3032-gaya-shared/group6/datasets/VisA/visa_pytorch/chewinggum/test/bad/079.JPG'] 0.5103716850280762
['/mnt/dsc3032-gaya-shared/group6/datasets/VisA/visa_pytorch/chewinggum/test/bad/080.JPG'] 0.4889569878578186
['/mnt/dsc3032-gaya-shared/group6/datasets/VisA/visa_pytorch/chewinggum/test/bad/081.JPG'] 0.4974520206451416
['/mnt/dsc3032-gaya-shared/group6/datasets/VisA/visa_pytorch/chewinggum/test/bad/082.JPG'] 0.512290894985199
['/mnt/dsc3032-gaya-shared/group6/datasets/VisA/visa_pytorch/chewinggum/test/bad/083.JPG'] 0.5537152290344238
['/mnt/dsc3032-gaya-shared/group6/datasets/VisA/visa_pytorch/chewinggum/test/bad/084.JPG'] 0.528415322303772
['/mnt/dsc3032-gaya-shared/group6/datasets/VisA/visa_pytorch/chewinggum/test/bad/085.JPG'] 0.4779224395751953
['/mnt/dsc3032-gaya-shared/group6/datasets/VisA/visa_pytorch/chewinggum/test/bad/086.JPG'] 0.39625394344329834
['/mnt/dsc3032-gaya-shared/group6/datasets/VisA/visa_pytorch/chewinggum/test/bad/087.JPG'] 0.4266628623008728
['/mnt/dsc3032-gaya-shared/group6/datasets/VisA/visa_pytorch/chewinggum/test/bad/088.JPG'] 0.5098741054534912
['/mnt/dsc3032-gaya-shared/group6/datasets/VisA/visa_pytorch/chewinggum/test/bad/089.JPG'] 0.405129075050354
['/mnt/dsc3032-gaya-shared/group6/datasets/VisA/visa_pytorch/chewinggum/test/bad/090.JPG'] 0.4954051375389099
['/mnt/dsc3032-gaya-shared/group6/datasets/VisA/visa_pytorch/chewinggum/test/bad/091.JPG'] 0.4327923357486725
['/mnt/dsc3032-gaya-shared/group6/datasets/VisA/visa_pytorch/chewinggum/test/bad/092.JPG'] 0.4760053753852844
['/mnt/dsc3032-gaya-shared/group6/datasets/VisA/visa_pytorch/chewinggum/test/bad/093.JPG'] 0.5490395426750183
['/mnt/dsc3032-gaya-shared/group6/datasets/VisA/visa_pytorch/chewinggum/test/bad/094.JPG'] 0.46901893615722656
['/mnt/dsc3032-gaya-shared/group6/datasets/VisA/visa_pytorch/chewinggum/test/bad/095.JPG'] 0.49367019534111023
['/mnt/dsc3032-gaya-shared/group6/datasets/VisA/visa_pytorch/chewinggum/test/bad/096.JPG'] 0.4886007308959961
['/mnt/dsc3032-gaya-shared/group6/datasets/VisA/visa_pytorch/chewinggum/test/bad/097.JPG'] 0.43884316086769104
['/mnt/dsc3032-gaya-shared/group6/datasets/VisA/visa_pytorch/chewinggum/test/bad/098.JPG'] 0.5207479000091553
['/mnt/dsc3032-gaya-shared/group6/datasets/VisA/visa_pytorch/chewinggum/test/bad/099.JPG'] 0.4847554862499237
['/mnt/dsc3032-gaya-shared/group6/datasets/VisA/visa_pytorch/chewinggum/test/good/006.JPG'] 0.2736819386482239
['/mnt/dsc3032-gaya-shared/group6/datasets/VisA/visa_pytorch/chewinggum/test/good/012.JPG'] 0.24523593485355377
['/mnt/dsc3032-gaya-shared/group6/datasets/VisA/visa_pytorch/chewinggum/test/good/013.JPG'] 0.24942083656787872
['/mnt/dsc3032-gaya-shared/group6/datasets/VisA/visa_pytorch/chewinggum/test/good/050.JPG'] 0.28386181592941284
['/mnt/dsc3032-gaya-shared/group6/datasets/VisA/visa_pytorch/chewinggum/test/good/084.JPG'] 0.26640498638153076
['/mnt/dsc3032-gaya-shared/group6/datasets/VisA/visa_pytorch/chewinggum/test/good/087.JPG'] 0.2529888153076172
['/mnt/dsc3032-gaya-shared/group6/datasets/VisA/visa_pytorch/chewinggum/test/good/089.JPG'] 0.274503231048584
['/mnt/dsc3032-gaya-shared/group6/datasets/VisA/visa_pytorch/chewinggum/test/good/093.JPG'] 0.2835162281990051
['/mnt/dsc3032-gaya-shared/group6/datasets/VisA/visa_pytorch/chewinggum/test/good/098.JPG'] 0.27789753675460815
['/mnt/dsc3032-gaya-shared/group6/datasets/VisA/visa_pytorch/chewinggum/test/good/104.JPG'] 0.24458253383636475
['/mnt/dsc3032-gaya-shared/group6/datasets/VisA/visa_pytorch/chewinggum/test/good/130.JPG'] 0.2702931761741638
['/mnt/dsc3032-gaya-shared/group6/datasets/VisA/visa_pytorch/chewinggum/test/good/143.JPG'] 0.3054046928882599
['/mnt/dsc3032-gaya-shared/group6/datasets/VisA/visa_pytorch/chewinggum/test/good/148.JPG'] 0.3608933687210083
['/mnt/dsc3032-gaya-shared/group6/datasets/VisA/visa_pytorch/chewinggum/test/good/166.JPG'] 0.2262635976076126
['/mnt/dsc3032-gaya-shared/group6/datasets/VisA/visa_pytorch/chewinggum/test/good/181.JPG'] 0.25469833612442017
['/mnt/dsc3032-gaya-shared/group6/datasets/VisA/visa_pytorch/chewinggum/test/good/213.JPG'] 0.2844320833683014
['/mnt/dsc3032-gaya-shared/group6/datasets/VisA/visa_pytorch/chewinggum/test/good/228.JPG'] 0.2358195036649704
['/mnt/dsc3032-gaya-shared/group6/datasets/VisA/visa_pytorch/chewinggum/test/good/239.JPG'] 0.2784440517425537
['/mnt/dsc3032-gaya-shared/group6/datasets/VisA/visa_pytorch/chewinggum/test/good/244.JPG'] 0.23687946796417236
['/mnt/dsc3032-gaya-shared/group6/datasets/VisA/visa_pytorch/chewinggum/test/good/245.JPG'] 0.28250834345817566
['/mnt/dsc3032-gaya-shared/group6/datasets/VisA/visa_pytorch/chewinggum/test/good/260.JPG'] 0.22665372490882874
['/mnt/dsc3032-gaya-shared/group6/datasets/VisA/visa_pytorch/chewinggum/test/good/272.JPG'] 0.2742767333984375
['/mnt/dsc3032-gaya-shared/group6/datasets/VisA/visa_pytorch/chewinggum/test/good/276.JPG'] 0.21924003958702087
['/mnt/dsc3032-gaya-shared/group6/datasets/VisA/visa_pytorch/chewinggum/test/good/284.JPG'] 0.3473402261734009
['/mnt/dsc3032-gaya-shared/group6/datasets/VisA/visa_pytorch/chewinggum/test/good/307.JPG'] 0.3063281774520874
['/mnt/dsc3032-gaya-shared/group6/datasets/VisA/visa_pytorch/chewinggum/test/good/309.JPG'] 0.23864567279815674
['/mnt/dsc3032-gaya-shared/group6/datasets/VisA/visa_pytorch/chewinggum/test/good/324.JPG'] 0.2633284330368042
['/mnt/dsc3032-gaya-shared/group6/datasets/VisA/visa_pytorch/chewinggum/test/good/337.JPG'] 0.3056650161743164
['/mnt/dsc3032-gaya-shared/group6/datasets/VisA/visa_pytorch/chewinggum/test/good/342.JPG'] 0.2602919936180115
['/mnt/dsc3032-gaya-shared/group6/datasets/VisA/visa_pytorch/chewinggum/test/good/344.JPG'] 0.2515149712562561
['/mnt/dsc3032-gaya-shared/group6/datasets/VisA/visa_pytorch/chewinggum/test/good/352.JPG'] 0.22898253798484802
['/mnt/dsc3032-gaya-shared/group6/datasets/VisA/visa_pytorch/chewinggum/test/good/367.JPG'] 0.24298305809497833
['/mnt/dsc3032-gaya-shared/group6/datasets/VisA/visa_pytorch/chewinggum/test/good/369.JPG'] 0.2702282667160034
['/mnt/dsc3032-gaya-shared/group6/datasets/VisA/visa_pytorch/chewinggum/test/good/377.JPG'] 0.26241129636764526
['/mnt/dsc3032-gaya-shared/group6/datasets/VisA/visa_pytorch/chewinggum/test/good/384.JPG'] 0.3409193158149719
['/mnt/dsc3032-gaya-shared/group6/datasets/VisA/visa_pytorch/chewinggum/test/good/389.JPG'] 0.2337641417980194
['/mnt/dsc3032-gaya-shared/group6/datasets/VisA/visa_pytorch/chewinggum/test/good/392.JPG'] 0.22475095093250275
['/mnt/dsc3032-gaya-shared/group6/datasets/VisA/visa_pytorch/chewinggum/test/good/398.JPG'] 0.27605605125427246
['/mnt/dsc3032-gaya-shared/group6/datasets/VisA/visa_pytorch/chewinggum/test/good/400.JPG'] 0.2933923602104187
['/mnt/dsc3032-gaya-shared/group6/datasets/VisA/visa_pytorch/chewinggum/test/good/402.JPG'] 0.2606079578399658
['/mnt/dsc3032-gaya-shared/group6/datasets/VisA/visa_pytorch/chewinggum/test/good/405.JPG'] 0.2662932872772217
['/mnt/dsc3032-gaya-shared/group6/datasets/VisA/visa_pytorch/chewinggum/test/good/435.JPG'] 0.2256167232990265
['/mnt/dsc3032-gaya-shared/group6/datasets/VisA/visa_pytorch/chewinggum/test/good/446.JPG'] 0.2590765655040741
['/mnt/dsc3032-gaya-shared/group6/datasets/VisA/visa_pytorch/chewinggum/test/good/460.JPG'] 0.2547397017478943
['/mnt/dsc3032-gaya-shared/group6/datasets/VisA/visa_pytorch/chewinggum/test/good/461.JPG'] 0.25918662548065186
['/mnt/dsc3032-gaya-shared/group6/datasets/VisA/visa_pytorch/chewinggum/test/good/467.JPG'] 0.2770047187805176
['/mnt/dsc3032-gaya-shared/group6/datasets/VisA/visa_pytorch/chewinggum/test/good/482.JPG'] 0.34157371520996094
['/mnt/dsc3032-gaya-shared/group6/datasets/VisA/visa_pytorch/chewinggum/test/good/486.JPG'] 0.2550494074821472
['/mnt/dsc3032-gaya-shared/group6/datasets/VisA/visa_pytorch/chewinggum/test/good/487.JPG'] 0.264247328042984
['/mnt/dsc3032-gaya-shared/group6/datasets/VisA/visa_pytorch/chewinggum/test/good/497.JPG'] 0.3053804039955139
26-06-02 16:27:20.285 - INFO: 
| category   |   K-shots |   F1-Max(image) |   AUROC(image) |   F1-Max(pixel) |   AUROC(pixel) |
|:-----------|----------:|----------------:|---------------:|----------------:|---------------:|
| chewinggum |         1 |           94.42 |          97.14 |           68.96 |          99.52 |
