/home/gaya6/LogSAD/dinov2/dinov2/layers/swiglu_ffn.py:43: UserWarning: xFormers is available (SwiGLU)
  warnings.warn("xFormers is available (SwiGLU)")
/home/gaya6/LogSAD/dinov2/dinov2/layers/attention.py:27: UserWarning: xFormers is available (Attention)
  warnings.warn("xFormers is available (Attention)")
/home/gaya6/LogSAD/dinov2/dinov2/layers/block.py:33: UserWarning: xFormers is available (Block)
  warnings.warn("xFormers is available (Block)")
['/mnt/dsc3032-gaya-shared/group6/datasets/VisA/visa_pytorch/fryum/test/bad/000.JPG'] 0.5871403813362122
['/mnt/dsc3032-gaya-shared/group6/datasets/VisA/visa_pytorch/fryum/test/bad/001.JPG'] 0.5083716511726379
['/mnt/dsc3032-gaya-shared/group6/datasets/VisA/visa_pytorch/fryum/test/bad/002.JPG'] 0.5066491365432739
['/mnt/dsc3032-gaya-shared/group6/datasets/VisA/visa_pytorch/fryum/test/bad/003.JPG'] 0.473158597946167
['/mnt/dsc3032-gaya-shared/group6/datasets/VisA/visa_pytorch/fryum/test/bad/004.JPG'] 0.5661526918411255
['/mnt/dsc3032-gaya-shared/group6/datasets/VisA/visa_pytorch/fryum/test/bad/005.JPG'] 0.5274245738983154
['/mnt/dsc3032-gaya-shared/group6/datasets/VisA/visa_pytorch/fryum/test/bad/006.JPG'] 0.41109591722488403
['/mnt/dsc3032-gaya-shared/group6/datasets/VisA/visa_pytorch/fryum/test/bad/007.JPG'] 0.40651562809944153
['/mnt/dsc3032-gaya-shared/group6/datasets/VisA/visa_pytorch/fryum/test/bad/008.JPG'] 0.6051872968673706
['/mnt/dsc3032-gaya-shared/group6/datasets/VisA/visa_pytorch/fryum/test/bad/009.JPG'] 0.5250664949417114
['/mnt/dsc3032-gaya-shared/group6/datasets/VisA/visa_pytorch/fryum/test/bad/010.JPG'] 0.29123613238334656
['/mnt/dsc3032-gaya-shared/group6/datasets/VisA/visa_pytorch/fryum/test/bad/011.JPG'] 0.3789377808570862
['/mnt/dsc3032-gaya-shared/group6/datasets/VisA/visa_pytorch/fryum/test/bad/012.JPG'] 0.3352687358856201
['/mnt/dsc3032-gaya-shared/group6/datasets/VisA/visa_pytorch/fryum/test/bad/013.JPG'] 0.34288638830184937
['/mnt/dsc3032-gaya-shared/group6/datasets/VisA/visa_pytorch/fryum/test/bad/014.JPG'] 0.41835492849349976
['/mnt/dsc3032-gaya-shared/group6/datasets/VisA/visa_pytorch/fryum/test/bad/015.JPG'] 0.3314111530780792
['/mnt/dsc3032-gaya-shared/group6/datasets/VisA/visa_pytorch/fryum/test/bad/016.JPG'] 0.392844557762146
['/mnt/dsc3032-gaya-shared/group6/datasets/VisA/visa_pytorch/fryum/test/bad/017.JPG'] 0.391423761844635
['/mnt/dsc3032-gaya-shared/group6/datasets/VisA/visa_pytorch/fryum/test/bad/018.JPG'] 0.3854726552963257
['/mnt/dsc3032-gaya-shared/group6/datasets/VisA/visa_pytorch/fryum/test/bad/019.JPG'] 0.36634695529937744
['/mnt/dsc3032-gaya-shared/group6/datasets/VisA/visa_pytorch/fryum/test/bad/020.JPG'] 0.3655046820640564
['/mnt/dsc3032-gaya-shared/group6/datasets/VisA/visa_pytorch/fryum/test/bad/021.JPG'] 0.41911977529525757
['/mnt/dsc3032-gaya-shared/group6/datasets/VisA/visa_pytorch/fryum/test/bad/022.JPG'] 0.3373812139034271
['/mnt/dsc3032-gaya-shared/group6/datasets/VisA/visa_pytorch/fryum/test/bad/023.JPG'] 0.32861921191215515
['/mnt/dsc3032-gaya-shared/group6/datasets/VisA/visa_pytorch/fryum/test/bad/024.JPG'] 0.3082621693611145
['/mnt/dsc3032-gaya-shared/group6/datasets/VisA/visa_pytorch/fryum/test/bad/025.JPG'] 0.3413432836532593
['/mnt/dsc3032-gaya-shared/group6/datasets/VisA/visa_pytorch/fryum/test/bad/026.JPG'] 0.4092959463596344
['/mnt/dsc3032-gaya-shared/group6/datasets/VisA/visa_pytorch/fryum/test/bad/027.JPG'] 0.3825744390487671
['/mnt/dsc3032-gaya-shared/group6/datasets/VisA/visa_pytorch/fryum/test/bad/028.JPG'] 0.22894920408725739
['/mnt/dsc3032-gaya-shared/group6/datasets/VisA/visa_pytorch/fryum/test/bad/029.JPG'] 0.4639841914176941
['/mnt/dsc3032-gaya-shared/group6/datasets/VisA/visa_pytorch/fryum/test/bad/030.JPG'] 0.4339248239994049
['/mnt/dsc3032-gaya-shared/group6/datasets/VisA/visa_pytorch/fryum/test/bad/031.JPG'] 0.4122517704963684
['/mnt/dsc3032-gaya-shared/group6/datasets/VisA/visa_pytorch/fryum/test/bad/032.JPG'] 0.35610729455947876
['/mnt/dsc3032-gaya-shared/group6/datasets/VisA/visa_pytorch/fryum/test/bad/033.JPG'] 0.4299631118774414
['/mnt/dsc3032-gaya-shared/group6/datasets/VisA/visa_pytorch/fryum/test/bad/034.JPG'] 0.3054400384426117
['/mnt/dsc3032-gaya-shared/group6/datasets/VisA/visa_pytorch/fryum/test/bad/035.JPG'] 0.43138203024864197
['/mnt/dsc3032-gaya-shared/group6/datasets/VisA/visa_pytorch/fryum/test/bad/036.JPG'] 0.3020433783531189
['/mnt/dsc3032-gaya-shared/group6/datasets/VisA/visa_pytorch/fryum/test/bad/037.JPG'] 0.3489007353782654
['/mnt/dsc3032-gaya-shared/group6/datasets/VisA/visa_pytorch/fryum/test/bad/038.JPG'] 0.4039342403411865
['/mnt/dsc3032-gaya-shared/group6/datasets/VisA/visa_pytorch/fryum/test/bad/039.JPG'] 0.392597496509552
['/mnt/dsc3032-gaya-shared/group6/datasets/VisA/visa_pytorch/fryum/test/bad/040.JPG'] 0.33779287338256836
['/mnt/dsc3032-gaya-shared/group6/datasets/VisA/visa_pytorch/fryum/test/bad/041.JPG'] 0.4386281669139862
['/mnt/dsc3032-gaya-shared/group6/datasets/VisA/visa_pytorch/fryum/test/bad/042.JPG'] 0.30051374435424805
['/mnt/dsc3032-gaya-shared/group6/datasets/VisA/visa_pytorch/fryum/test/bad/043.JPG'] 0.41589033603668213
['/mnt/dsc3032-gaya-shared/group6/datasets/VisA/visa_pytorch/fryum/test/bad/044.JPG'] 0.4564772844314575
['/mnt/dsc3032-gaya-shared/group6/datasets/VisA/visa_pytorch/fryum/test/bad/045.JPG'] 0.4618411660194397
['/mnt/dsc3032-gaya-shared/group6/datasets/VisA/visa_pytorch/fryum/test/bad/046.JPG'] 0.38159555196762085
['/mnt/dsc3032-gaya-shared/group6/datasets/VisA/visa_pytorch/fryum/test/bad/047.JPG'] 0.2954208254814148
['/mnt/dsc3032-gaya-shared/group6/datasets/VisA/visa_pytorch/fryum/test/bad/048.JPG'] 0.4187791347503662
['/mnt/dsc3032-gaya-shared/group6/datasets/VisA/visa_pytorch/fryum/test/bad/049.JPG'] 0.35466814041137695
['/mnt/dsc3032-gaya-shared/group6/datasets/VisA/visa_pytorch/fryum/test/bad/050.JPG'] 0.3350384831428528
['/mnt/dsc3032-gaya-shared/group6/datasets/VisA/visa_pytorch/fryum/test/bad/051.JPG'] 0.40422195196151733
['/mnt/dsc3032-gaya-shared/group6/datasets/VisA/visa_pytorch/fryum/test/bad/052.JPG'] 0.41045963764190674
['/mnt/dsc3032-gaya-shared/group6/datasets/VisA/visa_pytorch/fryum/test/bad/053.JPG'] 0.3896685242652893
['/mnt/dsc3032-gaya-shared/group6/datasets/VisA/visa_pytorch/fryum/test/bad/054.JPG'] 0.2899039685726166
['/mnt/dsc3032-gaya-shared/group6/datasets/VisA/visa_pytorch/fryum/test/bad/055.JPG'] 0.4157886803150177
['/mnt/dsc3032-gaya-shared/group6/datasets/VisA/visa_pytorch/fryum/test/bad/056.JPG'] 0.30195677280426025
['/mnt/dsc3032-gaya-shared/group6/datasets/VisA/visa_pytorch/fryum/test/bad/057.JPG'] 0.338861346244812
['/mnt/dsc3032-gaya-shared/group6/datasets/VisA/visa_pytorch/fryum/test/bad/058.JPG'] 0.36325186491012573
['/mnt/dsc3032-gaya-shared/group6/datasets/VisA/visa_pytorch/fryum/test/bad/059.JPG'] 0.4267703890800476
['/mnt/dsc3032-gaya-shared/group6/datasets/VisA/visa_pytorch/fryum/test/bad/060.JPG'] 0.3075561225414276
['/mnt/dsc3032-gaya-shared/group6/datasets/VisA/visa_pytorch/fryum/test/bad/061.JPG'] 0.29119858145713806
['/mnt/dsc3032-gaya-shared/group6/datasets/VisA/visa_pytorch/fryum/test/bad/062.JPG'] 0.36088359355926514
['/mnt/dsc3032-gaya-shared/group6/datasets/VisA/visa_pytorch/fryum/test/bad/063.JPG'] 0.34553396701812744
['/mnt/dsc3032-gaya-shared/group6/datasets/VisA/visa_pytorch/fryum/test/bad/064.JPG'] 0.3393212556838989
['/mnt/dsc3032-gaya-shared/group6/datasets/VisA/visa_pytorch/fryum/test/bad/065.JPG'] 0.3439745008945465
['/mnt/dsc3032-gaya-shared/group6/datasets/VisA/visa_pytorch/fryum/test/bad/066.JPG'] 0.34953081607818604
['/mnt/dsc3032-gaya-shared/group6/datasets/VisA/visa_pytorch/fryum/test/bad/067.JPG'] 0.31088367104530334
['/mnt/dsc3032-gaya-shared/group6/datasets/VisA/visa_pytorch/fryum/test/bad/068.JPG'] 0.33186447620391846
['/mnt/dsc3032-gaya-shared/group6/datasets/VisA/visa_pytorch/fryum/test/bad/069.JPG'] 0.37303483486175537
['/mnt/dsc3032-gaya-shared/group6/datasets/VisA/visa_pytorch/fryum/test/bad/070.JPG'] 0.3252858519554138
['/mnt/dsc3032-gaya-shared/group6/datasets/VisA/visa_pytorch/fryum/test/bad/071.JPG'] 0.3538219928741455
['/mnt/dsc3032-gaya-shared/group6/datasets/VisA/visa_pytorch/fryum/test/bad/072.JPG'] 0.3769102394580841
['/mnt/dsc3032-gaya-shared/group6/datasets/VisA/visa_pytorch/fryum/test/bad/073.JPG'] 0.29914000630378723
['/mnt/dsc3032-gaya-shared/group6/datasets/VisA/visa_pytorch/fryum/test/bad/074.JPG'] 0.36828941106796265
['/mnt/dsc3032-gaya-shared/group6/datasets/VisA/visa_pytorch/fryum/test/bad/075.JPG'] 0.31809791922569275
['/mnt/dsc3032-gaya-shared/group6/datasets/VisA/visa_pytorch/fryum/test/bad/076.JPG'] 0.3401470184326172
['/mnt/dsc3032-gaya-shared/group6/datasets/VisA/visa_pytorch/fryum/test/bad/077.JPG'] 0.30562371015548706
['/mnt/dsc3032-gaya-shared/group6/datasets/VisA/visa_pytorch/fryum/test/bad/078.JPG'] 0.3902733623981476
['/mnt/dsc3032-gaya-shared/group6/datasets/VisA/visa_pytorch/fryum/test/bad/079.JPG'] 0.31690514087677
['/mnt/dsc3032-gaya-shared/group6/datasets/VisA/visa_pytorch/fryum/test/bad/080.JPG'] 0.42076385021209717
['/mnt/dsc3032-gaya-shared/group6/datasets/VisA/visa_pytorch/fryum/test/bad/081.JPG'] 0.32343870401382446
['/mnt/dsc3032-gaya-shared/group6/datasets/VisA/visa_pytorch/fryum/test/bad/082.JPG'] 0.43999263644218445
['/mnt/dsc3032-gaya-shared/group6/datasets/VisA/visa_pytorch/fryum/test/bad/083.JPG'] 0.4800325632095337
['/mnt/dsc3032-gaya-shared/group6/datasets/VisA/visa_pytorch/fryum/test/bad/084.JPG'] 0.4675707221031189
['/mnt/dsc3032-gaya-shared/group6/datasets/VisA/visa_pytorch/fryum/test/bad/085.JPG'] 0.4729856848716736
['/mnt/dsc3032-gaya-shared/group6/datasets/VisA/visa_pytorch/fryum/test/bad/086.JPG'] 0.5114306807518005
['/mnt/dsc3032-gaya-shared/group6/datasets/VisA/visa_pytorch/fryum/test/bad/087.JPG'] 0.3258032202720642
['/mnt/dsc3032-gaya-shared/group6/datasets/VisA/visa_pytorch/fryum/test/bad/088.JPG'] 0.3178664445877075
['/mnt/dsc3032-gaya-shared/group6/datasets/VisA/visa_pytorch/fryum/test/bad/089.JPG'] 0.416176438331604
['/mnt/dsc3032-gaya-shared/group6/datasets/VisA/visa_pytorch/fryum/test/bad/090.JPG'] 0.2923027276992798
['/mnt/dsc3032-gaya-shared/group6/datasets/VisA/visa_pytorch/fryum/test/bad/091.JPG'] 0.34290948510169983
['/mnt/dsc3032-gaya-shared/group6/datasets/VisA/visa_pytorch/fryum/test/bad/092.JPG'] 0.2826564908027649
['/mnt/dsc3032-gaya-shared/group6/datasets/VisA/visa_pytorch/fryum/test/bad/093.JPG'] 0.26800060272216797
['/mnt/dsc3032-gaya-shared/group6/datasets/VisA/visa_pytorch/fryum/test/bad/094.JPG'] 0.2902432680130005
['/mnt/dsc3032-gaya-shared/group6/datasets/VisA/visa_pytorch/fryum/test/bad/095.JPG'] 0.24447503685951233
['/mnt/dsc3032-gaya-shared/group6/datasets/VisA/visa_pytorch/fryum/test/bad/096.JPG'] 0.37869852781295776
['/mnt/dsc3032-gaya-shared/group6/datasets/VisA/visa_pytorch/fryum/test/bad/097.JPG'] 0.3196960985660553
['/mnt/dsc3032-gaya-shared/group6/datasets/VisA/visa_pytorch/fryum/test/bad/098.JPG'] 0.2894820272922516
['/mnt/dsc3032-gaya-shared/group6/datasets/VisA/visa_pytorch/fryum/test/bad/099.JPG'] 0.3485739529132843
['/mnt/dsc3032-gaya-shared/group6/datasets/VisA/visa_pytorch/fryum/test/good/006.JPG'] 0.226885586977005
['/mnt/dsc3032-gaya-shared/group6/datasets/VisA/visa_pytorch/fryum/test/good/012.JPG'] 0.2974127233028412
['/mnt/dsc3032-gaya-shared/group6/datasets/VisA/visa_pytorch/fryum/test/good/013.JPG'] 0.27072352170944214
['/mnt/dsc3032-gaya-shared/group6/datasets/VisA/visa_pytorch/fryum/test/good/023.JPG'] 0.32781296968460083
['/mnt/dsc3032-gaya-shared/group6/datasets/VisA/visa_pytorch/fryum/test/good/050.JPG'] 0.2628779411315918
['/mnt/dsc3032-gaya-shared/group6/datasets/VisA/visa_pytorch/fryum/test/good/084.JPG'] 0.2979810833930969
['/mnt/dsc3032-gaya-shared/group6/datasets/VisA/visa_pytorch/fryum/test/good/087.JPG'] 0.336892306804657
['/mnt/dsc3032-gaya-shared/group6/datasets/VisA/visa_pytorch/fryum/test/good/089.JPG'] 0.2904418706893921
['/mnt/dsc3032-gaya-shared/group6/datasets/VisA/visa_pytorch/fryum/test/good/093.JPG'] 0.21103326976299286
['/mnt/dsc3032-gaya-shared/group6/datasets/VisA/visa_pytorch/fryum/test/good/098.JPG'] 0.26740512251853943
['/mnt/dsc3032-gaya-shared/group6/datasets/VisA/visa_pytorch/fryum/test/good/104.JPG'] 0.2207895815372467
['/mnt/dsc3032-gaya-shared/group6/datasets/VisA/visa_pytorch/fryum/test/good/130.JPG'] 0.2724020481109619
['/mnt/dsc3032-gaya-shared/group6/datasets/VisA/visa_pytorch/fryum/test/good/143.JPG'] 0.3275523781776428
['/mnt/dsc3032-gaya-shared/group6/datasets/VisA/visa_pytorch/fryum/test/good/148.JPG'] 0.22900214791297913
['/mnt/dsc3032-gaya-shared/group6/datasets/VisA/visa_pytorch/fryum/test/good/166.JPG'] 0.21438677608966827
['/mnt/dsc3032-gaya-shared/group6/datasets/VisA/visa_pytorch/fryum/test/good/181.JPG'] 0.2653857469558716
['/mnt/dsc3032-gaya-shared/group6/datasets/VisA/visa_pytorch/fryum/test/good/213.JPG'] 0.31989985704421997
['/mnt/dsc3032-gaya-shared/group6/datasets/VisA/visa_pytorch/fryum/test/good/228.JPG'] 0.3144018054008484
['/mnt/dsc3032-gaya-shared/group6/datasets/VisA/visa_pytorch/fryum/test/good/239.JPG'] 0.26968228816986084
['/mnt/dsc3032-gaya-shared/group6/datasets/VisA/visa_pytorch/fryum/test/good/244.JPG'] 0.3061957359313965
['/mnt/dsc3032-gaya-shared/group6/datasets/VisA/visa_pytorch/fryum/test/good/245.JPG'] 0.22877159714698792
['/mnt/dsc3032-gaya-shared/group6/datasets/VisA/visa_pytorch/fryum/test/good/260.JPG'] 0.2481696903705597
['/mnt/dsc3032-gaya-shared/group6/datasets/VisA/visa_pytorch/fryum/test/good/272.JPG'] 0.27652570605278015
['/mnt/dsc3032-gaya-shared/group6/datasets/VisA/visa_pytorch/fryum/test/good/276.JPG'] 0.25286149978637695
['/mnt/dsc3032-gaya-shared/group6/datasets/VisA/visa_pytorch/fryum/test/good/284.JPG'] 0.27487099170684814
['/mnt/dsc3032-gaya-shared/group6/datasets/VisA/visa_pytorch/fryum/test/good/307.JPG'] 0.25465458631515503
['/mnt/dsc3032-gaya-shared/group6/datasets/VisA/visa_pytorch/fryum/test/good/309.JPG'] 0.2691214382648468
['/mnt/dsc3032-gaya-shared/group6/datasets/VisA/visa_pytorch/fryum/test/good/324.JPG'] 0.3025614619255066
['/mnt/dsc3032-gaya-shared/group6/datasets/VisA/visa_pytorch/fryum/test/good/337.JPG'] 0.30199700593948364
['/mnt/dsc3032-gaya-shared/group6/datasets/VisA/visa_pytorch/fryum/test/good/342.JPG'] 0.21874317526817322
['/mnt/dsc3032-gaya-shared/group6/datasets/VisA/visa_pytorch/fryum/test/good/344.JPG'] 0.23866534233093262
['/mnt/dsc3032-gaya-shared/group6/datasets/VisA/visa_pytorch/fryum/test/good/352.JPG'] 0.24789045751094818
['/mnt/dsc3032-gaya-shared/group6/datasets/VisA/visa_pytorch/fryum/test/good/367.JPG'] 0.2503625750541687
['/mnt/dsc3032-gaya-shared/group6/datasets/VisA/visa_pytorch/fryum/test/good/369.JPG'] 0.23311389982700348
['/mnt/dsc3032-gaya-shared/group6/datasets/VisA/visa_pytorch/fryum/test/good/377.JPG'] 0.2628381848335266
['/mnt/dsc3032-gaya-shared/group6/datasets/VisA/visa_pytorch/fryum/test/good/384.JPG'] 0.2732897102832794
['/mnt/dsc3032-gaya-shared/group6/datasets/VisA/visa_pytorch/fryum/test/good/389.JPG'] 0.2677188515663147
['/mnt/dsc3032-gaya-shared/group6/datasets/VisA/visa_pytorch/fryum/test/good/392.JPG'] 0.25881046056747437
['/mnt/dsc3032-gaya-shared/group6/datasets/VisA/visa_pytorch/fryum/test/good/398.JPG'] 0.21643511950969696
['/mnt/dsc3032-gaya-shared/group6/datasets/VisA/visa_pytorch/fryum/test/good/400.JPG'] 0.304076224565506
['/mnt/dsc3032-gaya-shared/group6/datasets/VisA/visa_pytorch/fryum/test/good/402.JPG'] 0.24338412284851074
['/mnt/dsc3032-gaya-shared/group6/datasets/VisA/visa_pytorch/fryum/test/good/405.JPG'] 0.3143572211265564
['/mnt/dsc3032-gaya-shared/group6/datasets/VisA/visa_pytorch/fryum/test/good/435.JPG'] 0.2813904583454132
['/mnt/dsc3032-gaya-shared/group6/datasets/VisA/visa_pytorch/fryum/test/good/446.JPG'] 0.25597408413887024
['/mnt/dsc3032-gaya-shared/group6/datasets/VisA/visa_pytorch/fryum/test/good/460.JPG'] 0.24124407768249512
['/mnt/dsc3032-gaya-shared/group6/datasets/VisA/visa_pytorch/fryum/test/good/461.JPG'] 0.2891175448894501
['/mnt/dsc3032-gaya-shared/group6/datasets/VisA/visa_pytorch/fryum/test/good/467.JPG'] 0.3041452169418335
['/mnt/dsc3032-gaya-shared/group6/datasets/VisA/visa_pytorch/fryum/test/good/482.JPG'] 0.27424585819244385
['/mnt/dsc3032-gaya-shared/group6/datasets/VisA/visa_pytorch/fryum/test/good/484.JPG'] 0.2547035813331604
['/mnt/dsc3032-gaya-shared/group6/datasets/VisA/visa_pytorch/fryum/test/good/487.JPG'] 0.31694111227989197
26-06-02 16:28:14.473 - INFO: 
| category   |   K-shots |   F1-Max(image) |   AUROC(image) |   F1-Max(pixel) |   AUROC(pixel) |
|:-----------|----------:|----------------:|---------------:|----------------:|---------------:|
| fryum      |         1 |           91.08 |          93.24 |           33.63 |          93.95 |
