/home/gaya6/LogSAD/dinov2/dinov2/layers/swiglu_ffn.py:43: UserWarning: xFormers is available (SwiGLU)
  warnings.warn("xFormers is available (SwiGLU)")
/home/gaya6/LogSAD/dinov2/dinov2/layers/attention.py:27: UserWarning: xFormers is available (Attention)
  warnings.warn("xFormers is available (Attention)")
/home/gaya6/LogSAD/dinov2/dinov2/layers/block.py:33: UserWarning: xFormers is available (Block)
  warnings.warn("xFormers is available (Block)")
['/mnt/dsc3032-gaya-shared/group6/datasets/VisA/visa_pytorch/macaroni2/test/bad/000.JPG'] 0.37929362058639526
['/mnt/dsc3032-gaya-shared/group6/datasets/VisA/visa_pytorch/macaroni2/test/bad/001.JPG'] 0.3771158456802368
['/mnt/dsc3032-gaya-shared/group6/datasets/VisA/visa_pytorch/macaroni2/test/bad/002.JPG'] 0.44592052698135376
['/mnt/dsc3032-gaya-shared/group6/datasets/VisA/visa_pytorch/macaroni2/test/bad/003.JPG'] 0.34294310212135315
['/mnt/dsc3032-gaya-shared/group6/datasets/VisA/visa_pytorch/macaroni2/test/bad/004.JPG'] 0.4148874282836914
['/mnt/dsc3032-gaya-shared/group6/datasets/VisA/visa_pytorch/macaroni2/test/bad/005.JPG'] 0.3111133873462677
['/mnt/dsc3032-gaya-shared/group6/datasets/VisA/visa_pytorch/macaroni2/test/bad/006.JPG'] 0.39045530557632446
['/mnt/dsc3032-gaya-shared/group6/datasets/VisA/visa_pytorch/macaroni2/test/bad/007.JPG'] 0.4532206654548645
['/mnt/dsc3032-gaya-shared/group6/datasets/VisA/visa_pytorch/macaroni2/test/bad/008.JPG'] 0.38548368215560913
['/mnt/dsc3032-gaya-shared/group6/datasets/VisA/visa_pytorch/macaroni2/test/bad/009.JPG'] 0.38000738620758057
['/mnt/dsc3032-gaya-shared/group6/datasets/VisA/visa_pytorch/macaroni2/test/bad/010.JPG'] 0.49418845772743225
['/mnt/dsc3032-gaya-shared/group6/datasets/VisA/visa_pytorch/macaroni2/test/bad/011.JPG'] 0.45915377140045166
['/mnt/dsc3032-gaya-shared/group6/datasets/VisA/visa_pytorch/macaroni2/test/bad/012.JPG'] 0.4222869575023651
['/mnt/dsc3032-gaya-shared/group6/datasets/VisA/visa_pytorch/macaroni2/test/bad/013.JPG'] 0.45961761474609375
['/mnt/dsc3032-gaya-shared/group6/datasets/VisA/visa_pytorch/macaroni2/test/bad/014.JPG'] 0.39224177598953247
['/mnt/dsc3032-gaya-shared/group6/datasets/VisA/visa_pytorch/macaroni2/test/bad/015.JPG'] 0.47808894515037537
['/mnt/dsc3032-gaya-shared/group6/datasets/VisA/visa_pytorch/macaroni2/test/bad/016.JPG'] 0.48657822608947754
['/mnt/dsc3032-gaya-shared/group6/datasets/VisA/visa_pytorch/macaroni2/test/bad/017.JPG'] 0.45864516496658325
['/mnt/dsc3032-gaya-shared/group6/datasets/VisA/visa_pytorch/macaroni2/test/bad/018.JPG'] 0.4488289952278137
['/mnt/dsc3032-gaya-shared/group6/datasets/VisA/visa_pytorch/macaroni2/test/bad/019.JPG'] 0.46002715826034546
['/mnt/dsc3032-gaya-shared/group6/datasets/VisA/visa_pytorch/macaroni2/test/bad/020.JPG'] 0.41370052099227905
['/mnt/dsc3032-gaya-shared/group6/datasets/VisA/visa_pytorch/macaroni2/test/bad/021.JPG'] 0.4413885474205017
['/mnt/dsc3032-gaya-shared/group6/datasets/VisA/visa_pytorch/macaroni2/test/bad/022.JPG'] 0.4775605797767639
['/mnt/dsc3032-gaya-shared/group6/datasets/VisA/visa_pytorch/macaroni2/test/bad/023.JPG'] 0.4068373143672943
['/mnt/dsc3032-gaya-shared/group6/datasets/VisA/visa_pytorch/macaroni2/test/bad/024.JPG'] 0.5044148564338684
['/mnt/dsc3032-gaya-shared/group6/datasets/VisA/visa_pytorch/macaroni2/test/bad/025.JPG'] 0.5200356245040894
['/mnt/dsc3032-gaya-shared/group6/datasets/VisA/visa_pytorch/macaroni2/test/bad/026.JPG'] 0.35474956035614014
['/mnt/dsc3032-gaya-shared/group6/datasets/VisA/visa_pytorch/macaroni2/test/bad/027.JPG'] 0.4329249858856201
['/mnt/dsc3032-gaya-shared/group6/datasets/VisA/visa_pytorch/macaroni2/test/bad/028.JPG'] 0.3678823709487915
['/mnt/dsc3032-gaya-shared/group6/datasets/VisA/visa_pytorch/macaroni2/test/bad/029.JPG'] 0.45759159326553345
['/mnt/dsc3032-gaya-shared/group6/datasets/VisA/visa_pytorch/macaroni2/test/bad/030.JPG'] 0.44838500022888184
['/mnt/dsc3032-gaya-shared/group6/datasets/VisA/visa_pytorch/macaroni2/test/bad/031.JPG'] 0.4148201048374176
['/mnt/dsc3032-gaya-shared/group6/datasets/VisA/visa_pytorch/macaroni2/test/bad/032.JPG'] 0.39543747901916504
['/mnt/dsc3032-gaya-shared/group6/datasets/VisA/visa_pytorch/macaroni2/test/bad/033.JPG'] 0.4888097047805786
['/mnt/dsc3032-gaya-shared/group6/datasets/VisA/visa_pytorch/macaroni2/test/bad/034.JPG'] 0.409612774848938
['/mnt/dsc3032-gaya-shared/group6/datasets/VisA/visa_pytorch/macaroni2/test/bad/035.JPG'] 0.4416121244430542
['/mnt/dsc3032-gaya-shared/group6/datasets/VisA/visa_pytorch/macaroni2/test/bad/036.JPG'] 0.42965996265411377
['/mnt/dsc3032-gaya-shared/group6/datasets/VisA/visa_pytorch/macaroni2/test/bad/037.JPG'] 0.5098348259925842
['/mnt/dsc3032-gaya-shared/group6/datasets/VisA/visa_pytorch/macaroni2/test/bad/038.JPG'] 0.475007563829422
['/mnt/dsc3032-gaya-shared/group6/datasets/VisA/visa_pytorch/macaroni2/test/bad/039.JPG'] 0.4198630750179291
['/mnt/dsc3032-gaya-shared/group6/datasets/VisA/visa_pytorch/macaroni2/test/bad/040.JPG'] 0.45227453112602234
['/mnt/dsc3032-gaya-shared/group6/datasets/VisA/visa_pytorch/macaroni2/test/bad/041.JPG'] 0.32859498262405396
['/mnt/dsc3032-gaya-shared/group6/datasets/VisA/visa_pytorch/macaroni2/test/bad/042.JPG'] 0.380317747592926
['/mnt/dsc3032-gaya-shared/group6/datasets/VisA/visa_pytorch/macaroni2/test/bad/043.JPG'] 0.3601140081882477
['/mnt/dsc3032-gaya-shared/group6/datasets/VisA/visa_pytorch/macaroni2/test/bad/044.JPG'] 0.434581458568573
['/mnt/dsc3032-gaya-shared/group6/datasets/VisA/visa_pytorch/macaroni2/test/bad/045.JPG'] 0.33925431966781616
['/mnt/dsc3032-gaya-shared/group6/datasets/VisA/visa_pytorch/macaroni2/test/bad/046.JPG'] 0.32853829860687256
['/mnt/dsc3032-gaya-shared/group6/datasets/VisA/visa_pytorch/macaroni2/test/bad/047.JPG'] 0.40068280696868896
['/mnt/dsc3032-gaya-shared/group6/datasets/VisA/visa_pytorch/macaroni2/test/bad/048.JPG'] 0.3385726809501648
['/mnt/dsc3032-gaya-shared/group6/datasets/VisA/visa_pytorch/macaroni2/test/bad/049.JPG'] 0.35546720027923584
['/mnt/dsc3032-gaya-shared/group6/datasets/VisA/visa_pytorch/macaroni2/test/bad/050.JPG'] 0.3234550654888153
['/mnt/dsc3032-gaya-shared/group6/datasets/VisA/visa_pytorch/macaroni2/test/bad/051.JPG'] 0.3265014886856079
['/mnt/dsc3032-gaya-shared/group6/datasets/VisA/visa_pytorch/macaroni2/test/bad/052.JPG'] 0.33612990379333496
['/mnt/dsc3032-gaya-shared/group6/datasets/VisA/visa_pytorch/macaroni2/test/bad/053.JPG'] 0.3626311421394348
['/mnt/dsc3032-gaya-shared/group6/datasets/VisA/visa_pytorch/macaroni2/test/bad/054.JPG'] 0.3295654058456421
['/mnt/dsc3032-gaya-shared/group6/datasets/VisA/visa_pytorch/macaroni2/test/bad/055.JPG'] 0.4019337296485901
['/mnt/dsc3032-gaya-shared/group6/datasets/VisA/visa_pytorch/macaroni2/test/bad/056.JPG'] 0.30362898111343384
['/mnt/dsc3032-gaya-shared/group6/datasets/VisA/visa_pytorch/macaroni2/test/bad/057.JPG'] 0.31086644530296326
['/mnt/dsc3032-gaya-shared/group6/datasets/VisA/visa_pytorch/macaroni2/test/bad/058.JPG'] 0.3392712473869324
['/mnt/dsc3032-gaya-shared/group6/datasets/VisA/visa_pytorch/macaroni2/test/bad/059.JPG'] 0.3263883888721466
['/mnt/dsc3032-gaya-shared/group6/datasets/VisA/visa_pytorch/macaroni2/test/bad/060.JPG'] 0.39052242040634155
['/mnt/dsc3032-gaya-shared/group6/datasets/VisA/visa_pytorch/macaroni2/test/bad/061.JPG'] 0.38831454515457153
['/mnt/dsc3032-gaya-shared/group6/datasets/VisA/visa_pytorch/macaroni2/test/bad/062.JPG'] 0.33084768056869507
['/mnt/dsc3032-gaya-shared/group6/datasets/VisA/visa_pytorch/macaroni2/test/bad/063.JPG'] 0.3726046085357666
['/mnt/dsc3032-gaya-shared/group6/datasets/VisA/visa_pytorch/macaroni2/test/bad/064.JPG'] 0.303247332572937
['/mnt/dsc3032-gaya-shared/group6/datasets/VisA/visa_pytorch/macaroni2/test/bad/065.JPG'] 0.3168588876724243
['/mnt/dsc3032-gaya-shared/group6/datasets/VisA/visa_pytorch/macaroni2/test/bad/066.JPG'] 0.34567368030548096
['/mnt/dsc3032-gaya-shared/group6/datasets/VisA/visa_pytorch/macaroni2/test/bad/067.JPG'] 0.3609955906867981
['/mnt/dsc3032-gaya-shared/group6/datasets/VisA/visa_pytorch/macaroni2/test/bad/068.JPG'] 0.32527410984039307
['/mnt/dsc3032-gaya-shared/group6/datasets/VisA/visa_pytorch/macaroni2/test/bad/069.JPG'] 0.30100950598716736
['/mnt/dsc3032-gaya-shared/group6/datasets/VisA/visa_pytorch/macaroni2/test/bad/070.JPG'] 0.31197720766067505
['/mnt/dsc3032-gaya-shared/group6/datasets/VisA/visa_pytorch/macaroni2/test/bad/071.JPG'] 0.3212905526161194
['/mnt/dsc3032-gaya-shared/group6/datasets/VisA/visa_pytorch/macaroni2/test/bad/072.JPG'] 0.3237060606479645
['/mnt/dsc3032-gaya-shared/group6/datasets/VisA/visa_pytorch/macaroni2/test/bad/073.JPG'] 0.3592081069946289
['/mnt/dsc3032-gaya-shared/group6/datasets/VisA/visa_pytorch/macaroni2/test/bad/074.JPG'] 0.3272351622581482
['/mnt/dsc3032-gaya-shared/group6/datasets/VisA/visa_pytorch/macaroni2/test/bad/075.JPG'] 0.3020094037055969
['/mnt/dsc3032-gaya-shared/group6/datasets/VisA/visa_pytorch/macaroni2/test/bad/076.JPG'] 0.36891648173332214
['/mnt/dsc3032-gaya-shared/group6/datasets/VisA/visa_pytorch/macaroni2/test/bad/077.JPG'] 0.35695362091064453
['/mnt/dsc3032-gaya-shared/group6/datasets/VisA/visa_pytorch/macaroni2/test/bad/078.JPG'] 0.31473153829574585
['/mnt/dsc3032-gaya-shared/group6/datasets/VisA/visa_pytorch/macaroni2/test/bad/079.JPG'] 0.3172627091407776
['/mnt/dsc3032-gaya-shared/group6/datasets/VisA/visa_pytorch/macaroni2/test/bad/080.JPG'] 0.3183465600013733
['/mnt/dsc3032-gaya-shared/group6/datasets/VisA/visa_pytorch/macaroni2/test/bad/081.JPG'] 0.3612936735153198
['/mnt/dsc3032-gaya-shared/group6/datasets/VisA/visa_pytorch/macaroni2/test/bad/082.JPG'] 0.34758955240249634
['/mnt/dsc3032-gaya-shared/group6/datasets/VisA/visa_pytorch/macaroni2/test/bad/083.JPG'] 0.2953006327152252
['/mnt/dsc3032-gaya-shared/group6/datasets/VisA/visa_pytorch/macaroni2/test/bad/084.JPG'] 0.3230478763580322
['/mnt/dsc3032-gaya-shared/group6/datasets/VisA/visa_pytorch/macaroni2/test/bad/085.JPG'] 0.3614022135734558
['/mnt/dsc3032-gaya-shared/group6/datasets/VisA/visa_pytorch/macaroni2/test/bad/086.JPG'] 0.3803632855415344
['/mnt/dsc3032-gaya-shared/group6/datasets/VisA/visa_pytorch/macaroni2/test/bad/087.JPG'] 0.29342105984687805
['/mnt/dsc3032-gaya-shared/group6/datasets/VisA/visa_pytorch/macaroni2/test/bad/088.JPG'] 0.3139154314994812
['/mnt/dsc3032-gaya-shared/group6/datasets/VisA/visa_pytorch/macaroni2/test/bad/089.JPG'] 0.39921140670776367
['/mnt/dsc3032-gaya-shared/group6/datasets/VisA/visa_pytorch/macaroni2/test/bad/090.JPG'] 0.3840901255607605
['/mnt/dsc3032-gaya-shared/group6/datasets/VisA/visa_pytorch/macaroni2/test/bad/091.JPG'] 0.35206833481788635
['/mnt/dsc3032-gaya-shared/group6/datasets/VisA/visa_pytorch/macaroni2/test/bad/092.JPG'] 0.331393301486969
['/mnt/dsc3032-gaya-shared/group6/datasets/VisA/visa_pytorch/macaroni2/test/bad/093.JPG'] 0.34650668501853943
['/mnt/dsc3032-gaya-shared/group6/datasets/VisA/visa_pytorch/macaroni2/test/bad/094.JPG'] 0.42813873291015625
['/mnt/dsc3032-gaya-shared/group6/datasets/VisA/visa_pytorch/macaroni2/test/bad/095.JPG'] 0.3083191514015198
['/mnt/dsc3032-gaya-shared/group6/datasets/VisA/visa_pytorch/macaroni2/test/bad/096.JPG'] 0.3436107635498047
['/mnt/dsc3032-gaya-shared/group6/datasets/VisA/visa_pytorch/macaroni2/test/bad/097.JPG'] 0.29036086797714233
['/mnt/dsc3032-gaya-shared/group6/datasets/VisA/visa_pytorch/macaroni2/test/bad/098.JPG'] 0.37770894169807434
['/mnt/dsc3032-gaya-shared/group6/datasets/VisA/visa_pytorch/macaroni2/test/bad/099.JPG'] 0.31229954957962036
['/mnt/dsc3032-gaya-shared/group6/datasets/VisA/visa_pytorch/macaroni2/test/good/0011.JPG'] 0.2991722524166107
['/mnt/dsc3032-gaya-shared/group6/datasets/VisA/visa_pytorch/macaroni2/test/good/0013.JPG'] 0.35198163986206055
['/mnt/dsc3032-gaya-shared/group6/datasets/VisA/visa_pytorch/macaroni2/test/good/0016.JPG'] 0.3236820697784424
['/mnt/dsc3032-gaya-shared/group6/datasets/VisA/visa_pytorch/macaroni2/test/good/0024.JPG'] 0.27944833040237427
['/mnt/dsc3032-gaya-shared/group6/datasets/VisA/visa_pytorch/macaroni2/test/good/0026.JPG'] 0.4135855734348297
['/mnt/dsc3032-gaya-shared/group6/datasets/VisA/visa_pytorch/macaroni2/test/good/0027.JPG'] 0.3290455639362335
['/mnt/dsc3032-gaya-shared/group6/datasets/VisA/visa_pytorch/macaroni2/test/good/0046.JPG'] 0.32874274253845215
['/mnt/dsc3032-gaya-shared/group6/datasets/VisA/visa_pytorch/macaroni2/test/good/0100.JPG'] 0.28836220502853394
['/mnt/dsc3032-gaya-shared/group6/datasets/VisA/visa_pytorch/macaroni2/test/good/0107.JPG'] 0.37416473031044006
['/mnt/dsc3032-gaya-shared/group6/datasets/VisA/visa_pytorch/macaroni2/test/good/0159.JPG'] 0.3351103663444519
['/mnt/dsc3032-gaya-shared/group6/datasets/VisA/visa_pytorch/macaroni2/test/good/0168.JPG'] 0.3208158612251282
['/mnt/dsc3032-gaya-shared/group6/datasets/VisA/visa_pytorch/macaroni2/test/good/0170.JPG'] 0.3535469174385071
['/mnt/dsc3032-gaya-shared/group6/datasets/VisA/visa_pytorch/macaroni2/test/good/0172.JPG'] 0.2971268892288208
['/mnt/dsc3032-gaya-shared/group6/datasets/VisA/visa_pytorch/macaroni2/test/good/0174.JPG'] 0.334837943315506
['/mnt/dsc3032-gaya-shared/group6/datasets/VisA/visa_pytorch/macaroni2/test/good/0178.JPG'] 0.29287317395210266
['/mnt/dsc3032-gaya-shared/group6/datasets/VisA/visa_pytorch/macaroni2/test/good/0187.JPG'] 0.3994607925415039
['/mnt/dsc3032-gaya-shared/group6/datasets/VisA/visa_pytorch/macaroni2/test/good/0196.JPG'] 0.3533962368965149
['/mnt/dsc3032-gaya-shared/group6/datasets/VisA/visa_pytorch/macaroni2/test/good/0208.JPG'] 0.3141084313392639
['/mnt/dsc3032-gaya-shared/group6/datasets/VisA/visa_pytorch/macaroni2/test/good/0214.JPG'] 0.3153166174888611
['/mnt/dsc3032-gaya-shared/group6/datasets/VisA/visa_pytorch/macaroni2/test/good/0215.JPG'] 0.3773069977760315
['/mnt/dsc3032-gaya-shared/group6/datasets/VisA/visa_pytorch/macaroni2/test/good/0237.JPG'] 0.27434152364730835
['/mnt/dsc3032-gaya-shared/group6/datasets/VisA/visa_pytorch/macaroni2/test/good/0261.JPG'] 0.3407995402812958
['/mnt/dsc3032-gaya-shared/group6/datasets/VisA/visa_pytorch/macaroni2/test/good/0286.JPG'] 0.32643944025039673
['/mnt/dsc3032-gaya-shared/group6/datasets/VisA/visa_pytorch/macaroni2/test/good/0294.JPG'] 0.3310964107513428
['/mnt/dsc3032-gaya-shared/group6/datasets/VisA/visa_pytorch/macaroni2/test/good/0297.JPG'] 0.2611253261566162
['/mnt/dsc3032-gaya-shared/group6/datasets/VisA/visa_pytorch/macaroni2/test/good/0303.JPG'] 0.33250096440315247
['/mnt/dsc3032-gaya-shared/group6/datasets/VisA/visa_pytorch/macaroni2/test/good/0306.JPG'] 0.29335057735443115
['/mnt/dsc3032-gaya-shared/group6/datasets/VisA/visa_pytorch/macaroni2/test/good/0320.JPG'] 0.30145806074142456
['/mnt/dsc3032-gaya-shared/group6/datasets/VisA/visa_pytorch/macaroni2/test/good/0333.JPG'] 0.3246384561061859
['/mnt/dsc3032-gaya-shared/group6/datasets/VisA/visa_pytorch/macaroni2/test/good/0363.JPG'] 0.3051297068595886
['/mnt/dsc3032-gaya-shared/group6/datasets/VisA/visa_pytorch/macaroni2/test/good/0377.JPG'] 0.3050110936164856
['/mnt/dsc3032-gaya-shared/group6/datasets/VisA/visa_pytorch/macaroni2/test/good/0394.JPG'] 0.32894426584243774
['/mnt/dsc3032-gaya-shared/group6/datasets/VisA/visa_pytorch/macaroni2/test/good/0400.JPG'] 0.28598037362098694
['/mnt/dsc3032-gaya-shared/group6/datasets/VisA/visa_pytorch/macaroni2/test/good/0402.JPG'] 0.32977956533432007
['/mnt/dsc3032-gaya-shared/group6/datasets/VisA/visa_pytorch/macaroni2/test/good/0417.JPG'] 0.34341758489608765
['/mnt/dsc3032-gaya-shared/group6/datasets/VisA/visa_pytorch/macaroni2/test/good/0423.JPG'] 0.308657705783844
['/mnt/dsc3032-gaya-shared/group6/datasets/VisA/visa_pytorch/macaroni2/test/good/0427.JPG'] 0.36195090413093567
['/mnt/dsc3032-gaya-shared/group6/datasets/VisA/visa_pytorch/macaroni2/test/good/0457.JPG'] 0.36744487285614014
['/mnt/dsc3032-gaya-shared/group6/datasets/VisA/visa_pytorch/macaroni2/test/good/0469.JPG'] 0.31523364782333374
['/mnt/dsc3032-gaya-shared/group6/datasets/VisA/visa_pytorch/macaroni2/test/good/0479.JPG'] 0.3116914629936218
['/mnt/dsc3032-gaya-shared/group6/datasets/VisA/visa_pytorch/macaroni2/test/good/0483.JPG'] 0.3583813011646271
['/mnt/dsc3032-gaya-shared/group6/datasets/VisA/visa_pytorch/macaroni2/test/good/0484.JPG'] 0.36423608660697937
['/mnt/dsc3032-gaya-shared/group6/datasets/VisA/visa_pytorch/macaroni2/test/good/0488.JPG'] 0.32621634006500244
['/mnt/dsc3032-gaya-shared/group6/datasets/VisA/visa_pytorch/macaroni2/test/good/0490.JPG'] 0.36965033411979675
['/mnt/dsc3032-gaya-shared/group6/datasets/VisA/visa_pytorch/macaroni2/test/good/0514.JPG'] 0.31877732276916504
['/mnt/dsc3032-gaya-shared/group6/datasets/VisA/visa_pytorch/macaroni2/test/good/0518.JPG'] 0.3661794364452362
['/mnt/dsc3032-gaya-shared/group6/datasets/VisA/visa_pytorch/macaroni2/test/good/0520.JPG'] 0.3046427369117737
['/mnt/dsc3032-gaya-shared/group6/datasets/VisA/visa_pytorch/macaroni2/test/good/0525.JPG'] 0.29702457785606384
['/mnt/dsc3032-gaya-shared/group6/datasets/VisA/visa_pytorch/macaroni2/test/good/0545.JPG'] 0.3185540437698364
['/mnt/dsc3032-gaya-shared/group6/datasets/VisA/visa_pytorch/macaroni2/test/good/0552.JPG'] 0.3290661573410034
['/mnt/dsc3032-gaya-shared/group6/datasets/VisA/visa_pytorch/macaroni2/test/good/0569.JPG'] 0.3227909803390503
['/mnt/dsc3032-gaya-shared/group6/datasets/VisA/visa_pytorch/macaroni2/test/good/0615.JPG'] 0.3694431185722351
['/mnt/dsc3032-gaya-shared/group6/datasets/VisA/visa_pytorch/macaroni2/test/good/0617.JPG'] 0.2880004942417145
['/mnt/dsc3032-gaya-shared/group6/datasets/VisA/visa_pytorch/macaroni2/test/good/0619.JPG'] 0.3114714026451111
['/mnt/dsc3032-gaya-shared/group6/datasets/VisA/visa_pytorch/macaroni2/test/good/0621.JPG'] 0.34401780366897583
['/mnt/dsc3032-gaya-shared/group6/datasets/VisA/visa_pytorch/macaroni2/test/good/0629.JPG'] 0.33534926176071167
['/mnt/dsc3032-gaya-shared/group6/datasets/VisA/visa_pytorch/macaroni2/test/good/0631.JPG'] 0.29349538683891296
['/mnt/dsc3032-gaya-shared/group6/datasets/VisA/visa_pytorch/macaroni2/test/good/0648.JPG'] 0.3086669445037842
['/mnt/dsc3032-gaya-shared/group6/datasets/VisA/visa_pytorch/macaroni2/test/good/0654.JPG'] 0.3196122646331787
['/mnt/dsc3032-gaya-shared/group6/datasets/VisA/visa_pytorch/macaroni2/test/good/0657.JPG'] 0.37803515791893005
['/mnt/dsc3032-gaya-shared/group6/datasets/VisA/visa_pytorch/macaroni2/test/good/0659.JPG'] 0.3597414493560791
['/mnt/dsc3032-gaya-shared/group6/datasets/VisA/visa_pytorch/macaroni2/test/good/0674.JPG'] 0.3546867370605469
['/mnt/dsc3032-gaya-shared/group6/datasets/VisA/visa_pytorch/macaroni2/test/good/0684.JPG'] 0.4128950238227844
['/mnt/dsc3032-gaya-shared/group6/datasets/VisA/visa_pytorch/macaroni2/test/good/0685.JPG'] 0.3249918818473816
['/mnt/dsc3032-gaya-shared/group6/datasets/VisA/visa_pytorch/macaroni2/test/good/0688.JPG'] 0.35664862394332886
['/mnt/dsc3032-gaya-shared/group6/datasets/VisA/visa_pytorch/macaroni2/test/good/0690.JPG'] 0.32486623525619507
['/mnt/dsc3032-gaya-shared/group6/datasets/VisA/visa_pytorch/macaroni2/test/good/0694.JPG'] 0.3297109603881836
['/mnt/dsc3032-gaya-shared/group6/datasets/VisA/visa_pytorch/macaroni2/test/good/0705.JPG'] 0.3312247395515442
['/mnt/dsc3032-gaya-shared/group6/datasets/VisA/visa_pytorch/macaroni2/test/good/0725.JPG'] 0.36119189858436584
['/mnt/dsc3032-gaya-shared/group6/datasets/VisA/visa_pytorch/macaroni2/test/good/0730.JPG'] 0.27922776341438293
['/mnt/dsc3032-gaya-shared/group6/datasets/VisA/visa_pytorch/macaroni2/test/good/0735.JPG'] 0.3559051752090454
['/mnt/dsc3032-gaya-shared/group6/datasets/VisA/visa_pytorch/macaroni2/test/good/0739.JPG'] 0.368452250957489
['/mnt/dsc3032-gaya-shared/group6/datasets/VisA/visa_pytorch/macaroni2/test/good/0751.JPG'] 0.3217526376247406
['/mnt/dsc3032-gaya-shared/group6/datasets/VisA/visa_pytorch/macaroni2/test/good/0755.JPG'] 0.30198344588279724
['/mnt/dsc3032-gaya-shared/group6/datasets/VisA/visa_pytorch/macaroni2/test/good/0764.JPG'] 0.32885152101516724
['/mnt/dsc3032-gaya-shared/group6/datasets/VisA/visa_pytorch/macaroni2/test/good/0768.JPG'] 0.30466046929359436
['/mnt/dsc3032-gaya-shared/group6/datasets/VisA/visa_pytorch/macaroni2/test/good/0779.JPG'] 0.3230539858341217
['/mnt/dsc3032-gaya-shared/group6/datasets/VisA/visa_pytorch/macaroni2/test/good/0784.JPG'] 0.31890609860420227
['/mnt/dsc3032-gaya-shared/group6/datasets/VisA/visa_pytorch/macaroni2/test/good/0790.JPG'] 0.3105592131614685
['/mnt/dsc3032-gaya-shared/group6/datasets/VisA/visa_pytorch/macaroni2/test/good/0796.JPG'] 0.3072240650653839
['/mnt/dsc3032-gaya-shared/group6/datasets/VisA/visa_pytorch/macaroni2/test/good/0797.JPG'] 0.2984399199485779
['/mnt/dsc3032-gaya-shared/group6/datasets/VisA/visa_pytorch/macaroni2/test/good/0800.JPG'] 0.39001384377479553
['/mnt/dsc3032-gaya-shared/group6/datasets/VisA/visa_pytorch/macaroni2/test/good/0804.JPG'] 0.4060516357421875
['/mnt/dsc3032-gaya-shared/group6/datasets/VisA/visa_pytorch/macaroni2/test/good/0811.JPG'] 0.301933616399765
['/mnt/dsc3032-gaya-shared/group6/datasets/VisA/visa_pytorch/macaroni2/test/good/0844.JPG'] 0.35162121057510376
['/mnt/dsc3032-gaya-shared/group6/datasets/VisA/visa_pytorch/macaroni2/test/good/0869.JPG'] 0.3223097026348114
['/mnt/dsc3032-gaya-shared/group6/datasets/VisA/visa_pytorch/macaroni2/test/good/0871.JPG'] 0.3379918932914734
['/mnt/dsc3032-gaya-shared/group6/datasets/VisA/visa_pytorch/macaroni2/test/good/0892.JPG'] 0.37745237350463867
['/mnt/dsc3032-gaya-shared/group6/datasets/VisA/visa_pytorch/macaroni2/test/good/0900.JPG'] 0.32314401865005493
['/mnt/dsc3032-gaya-shared/group6/datasets/VisA/visa_pytorch/macaroni2/test/good/0920.JPG'] 0.3426334857940674
['/mnt/dsc3032-gaya-shared/group6/datasets/VisA/visa_pytorch/macaroni2/test/good/0923.JPG'] 0.3636704981327057
['/mnt/dsc3032-gaya-shared/group6/datasets/VisA/visa_pytorch/macaroni2/test/good/0935.JPG'] 0.3811344504356384
['/mnt/dsc3032-gaya-shared/group6/datasets/VisA/visa_pytorch/macaroni2/test/good/0952.JPG'] 0.3165837526321411
['/mnt/dsc3032-gaya-shared/group6/datasets/VisA/visa_pytorch/macaroni2/test/good/0953.JPG'] 0.36057883501052856
['/mnt/dsc3032-gaya-shared/group6/datasets/VisA/visa_pytorch/macaroni2/test/good/0964.JPG'] 0.35012954473495483
['/mnt/dsc3032-gaya-shared/group6/datasets/VisA/visa_pytorch/macaroni2/test/good/0967.JPG'] 0.3918733596801758
['/mnt/dsc3032-gaya-shared/group6/datasets/VisA/visa_pytorch/macaroni2/test/good/0974.JPG'] 0.33321094512939453
['/mnt/dsc3032-gaya-shared/group6/datasets/VisA/visa_pytorch/macaroni2/test/good/0985.JPG'] 0.3650956451892853
['/mnt/dsc3032-gaya-shared/group6/datasets/VisA/visa_pytorch/macaroni2/test/good/0994.JPG'] 0.34714820981025696
['/mnt/dsc3032-gaya-shared/group6/datasets/VisA/visa_pytorch/macaroni2/test/good/0996.JPG'] 0.36717236042022705
26-06-02 16:30:32.077 - INFO: 
| category   |   K-shots |   F1-Max(image) |   AUROC(image) |   F1-Max(pixel) |   AUROC(pixel) |
|:-----------|----------:|----------------:|---------------:|----------------:|---------------:|
| macaroni2  |         1 |           68.91 |          72.65 |           12.18 |          97.45 |
