/home/gaya6/LogSAD/dinov2/dinov2/layers/swiglu_ffn.py:43: UserWarning: xFormers is available (SwiGLU)
  warnings.warn("xFormers is available (SwiGLU)")
/home/gaya6/LogSAD/dinov2/dinov2/layers/attention.py:27: UserWarning: xFormers is available (Attention)
  warnings.warn("xFormers is available (Attention)")
/home/gaya6/LogSAD/dinov2/dinov2/layers/block.py:33: UserWarning: xFormers is available (Block)
  warnings.warn("xFormers is available (Block)")
['/mnt/dsc3032-gaya-shared/group6/datasets/VisA/visa_pytorch/macaroni1/test/bad/000.JPG'] 0.280121386051178
['/mnt/dsc3032-gaya-shared/group6/datasets/VisA/visa_pytorch/macaroni1/test/bad/001.JPG'] 0.26360106468200684
['/mnt/dsc3032-gaya-shared/group6/datasets/VisA/visa_pytorch/macaroni1/test/bad/002.JPG'] 0.27794957160949707
['/mnt/dsc3032-gaya-shared/group6/datasets/VisA/visa_pytorch/macaroni1/test/bad/003.JPG'] 0.2857699990272522
['/mnt/dsc3032-gaya-shared/group6/datasets/VisA/visa_pytorch/macaroni1/test/bad/004.JPG'] 0.29305359721183777
['/mnt/dsc3032-gaya-shared/group6/datasets/VisA/visa_pytorch/macaroni1/test/bad/005.JPG'] 0.27737104892730713
['/mnt/dsc3032-gaya-shared/group6/datasets/VisA/visa_pytorch/macaroni1/test/bad/006.JPG'] 0.2672126889228821
['/mnt/dsc3032-gaya-shared/group6/datasets/VisA/visa_pytorch/macaroni1/test/bad/007.JPG'] 0.2806178331375122
['/mnt/dsc3032-gaya-shared/group6/datasets/VisA/visa_pytorch/macaroni1/test/bad/008.JPG'] 0.28458666801452637
['/mnt/dsc3032-gaya-shared/group6/datasets/VisA/visa_pytorch/macaroni1/test/bad/009.JPG'] 0.3064510226249695
['/mnt/dsc3032-gaya-shared/group6/datasets/VisA/visa_pytorch/macaroni1/test/bad/010.JPG'] 0.3041655123233795
['/mnt/dsc3032-gaya-shared/group6/datasets/VisA/visa_pytorch/macaroni1/test/bad/011.JPG'] 0.31271153688430786
['/mnt/dsc3032-gaya-shared/group6/datasets/VisA/visa_pytorch/macaroni1/test/bad/012.JPG'] 0.28550222516059875
['/mnt/dsc3032-gaya-shared/group6/datasets/VisA/visa_pytorch/macaroni1/test/bad/013.JPG'] 0.27449047565460205
['/mnt/dsc3032-gaya-shared/group6/datasets/VisA/visa_pytorch/macaroni1/test/bad/014.JPG'] 0.2795267105102539
['/mnt/dsc3032-gaya-shared/group6/datasets/VisA/visa_pytorch/macaroni1/test/bad/015.JPG'] 0.2649681270122528
['/mnt/dsc3032-gaya-shared/group6/datasets/VisA/visa_pytorch/macaroni1/test/bad/016.JPG'] 0.293325811624527
['/mnt/dsc3032-gaya-shared/group6/datasets/VisA/visa_pytorch/macaroni1/test/bad/017.JPG'] 0.25542643666267395
['/mnt/dsc3032-gaya-shared/group6/datasets/VisA/visa_pytorch/macaroni1/test/bad/018.JPG'] 0.2773141860961914
['/mnt/dsc3032-gaya-shared/group6/datasets/VisA/visa_pytorch/macaroni1/test/bad/019.JPG'] 0.29651179909706116
['/mnt/dsc3032-gaya-shared/group6/datasets/VisA/visa_pytorch/macaroni1/test/bad/020.JPG'] 0.2580426335334778
['/mnt/dsc3032-gaya-shared/group6/datasets/VisA/visa_pytorch/macaroni1/test/bad/021.JPG'] 0.30199092626571655
['/mnt/dsc3032-gaya-shared/group6/datasets/VisA/visa_pytorch/macaroni1/test/bad/022.JPG'] 0.2732156813144684
['/mnt/dsc3032-gaya-shared/group6/datasets/VisA/visa_pytorch/macaroni1/test/bad/023.JPG'] 0.3787652552127838
['/mnt/dsc3032-gaya-shared/group6/datasets/VisA/visa_pytorch/macaroni1/test/bad/024.JPG'] 0.47456711530685425
['/mnt/dsc3032-gaya-shared/group6/datasets/VisA/visa_pytorch/macaroni1/test/bad/025.JPG'] 0.4873660206794739
['/mnt/dsc3032-gaya-shared/group6/datasets/VisA/visa_pytorch/macaroni1/test/bad/026.JPG'] 0.47864773869514465
['/mnt/dsc3032-gaya-shared/group6/datasets/VisA/visa_pytorch/macaroni1/test/bad/027.JPG'] 0.4936363101005554
['/mnt/dsc3032-gaya-shared/group6/datasets/VisA/visa_pytorch/macaroni1/test/bad/028.JPG'] 0.4015175402164459
['/mnt/dsc3032-gaya-shared/group6/datasets/VisA/visa_pytorch/macaroni1/test/bad/029.JPG'] 0.5121617317199707
['/mnt/dsc3032-gaya-shared/group6/datasets/VisA/visa_pytorch/macaroni1/test/bad/030.JPG'] 0.3917911648750305
['/mnt/dsc3032-gaya-shared/group6/datasets/VisA/visa_pytorch/macaroni1/test/bad/031.JPG'] 0.4742202162742615
['/mnt/dsc3032-gaya-shared/group6/datasets/VisA/visa_pytorch/macaroni1/test/bad/032.JPG'] 0.4736862778663635
['/mnt/dsc3032-gaya-shared/group6/datasets/VisA/visa_pytorch/macaroni1/test/bad/033.JPG'] 0.5056537389755249
['/mnt/dsc3032-gaya-shared/group6/datasets/VisA/visa_pytorch/macaroni1/test/bad/034.JPG'] 0.36388421058654785
['/mnt/dsc3032-gaya-shared/group6/datasets/VisA/visa_pytorch/macaroni1/test/bad/035.JPG'] 0.42762291431427
['/mnt/dsc3032-gaya-shared/group6/datasets/VisA/visa_pytorch/macaroni1/test/bad/036.JPG'] 0.4757668972015381
['/mnt/dsc3032-gaya-shared/group6/datasets/VisA/visa_pytorch/macaroni1/test/bad/037.JPG'] 0.48364028334617615
['/mnt/dsc3032-gaya-shared/group6/datasets/VisA/visa_pytorch/macaroni1/test/bad/038.JPG'] 0.4203280210494995
['/mnt/dsc3032-gaya-shared/group6/datasets/VisA/visa_pytorch/macaroni1/test/bad/039.JPG'] 0.33340251445770264
['/mnt/dsc3032-gaya-shared/group6/datasets/VisA/visa_pytorch/macaroni1/test/bad/040.JPG'] 0.396691232919693
['/mnt/dsc3032-gaya-shared/group6/datasets/VisA/visa_pytorch/macaroni1/test/bad/041.JPG'] 0.337787002325058
['/mnt/dsc3032-gaya-shared/group6/datasets/VisA/visa_pytorch/macaroni1/test/bad/042.JPG'] 0.3656749725341797
['/mnt/dsc3032-gaya-shared/group6/datasets/VisA/visa_pytorch/macaroni1/test/bad/043.JPG'] 0.3718009293079376
['/mnt/dsc3032-gaya-shared/group6/datasets/VisA/visa_pytorch/macaroni1/test/bad/044.JPG'] 0.34455063939094543
['/mnt/dsc3032-gaya-shared/group6/datasets/VisA/visa_pytorch/macaroni1/test/bad/045.JPG'] 0.3860989212989807
['/mnt/dsc3032-gaya-shared/group6/datasets/VisA/visa_pytorch/macaroni1/test/bad/046.JPG'] 0.42723074555397034
['/mnt/dsc3032-gaya-shared/group6/datasets/VisA/visa_pytorch/macaroni1/test/bad/047.JPG'] 0.36335763335227966
['/mnt/dsc3032-gaya-shared/group6/datasets/VisA/visa_pytorch/macaroni1/test/bad/048.JPG'] 0.35489946603775024
['/mnt/dsc3032-gaya-shared/group6/datasets/VisA/visa_pytorch/macaroni1/test/bad/049.JPG'] 0.29656681418418884
['/mnt/dsc3032-gaya-shared/group6/datasets/VisA/visa_pytorch/macaroni1/test/bad/050.JPG'] 0.40994274616241455
['/mnt/dsc3032-gaya-shared/group6/datasets/VisA/visa_pytorch/macaroni1/test/bad/051.JPG'] 0.39970189332962036
['/mnt/dsc3032-gaya-shared/group6/datasets/VisA/visa_pytorch/macaroni1/test/bad/052.JPG'] 0.4013413190841675
['/mnt/dsc3032-gaya-shared/group6/datasets/VisA/visa_pytorch/macaroni1/test/bad/053.JPG'] 0.42255669832229614
['/mnt/dsc3032-gaya-shared/group6/datasets/VisA/visa_pytorch/macaroni1/test/bad/054.JPG'] 0.37697529792785645
['/mnt/dsc3032-gaya-shared/group6/datasets/VisA/visa_pytorch/macaroni1/test/bad/055.JPG'] 0.36391109228134155
['/mnt/dsc3032-gaya-shared/group6/datasets/VisA/visa_pytorch/macaroni1/test/bad/056.JPG'] 0.41392600536346436
['/mnt/dsc3032-gaya-shared/group6/datasets/VisA/visa_pytorch/macaroni1/test/bad/057.JPG'] 0.3929753601551056
['/mnt/dsc3032-gaya-shared/group6/datasets/VisA/visa_pytorch/macaroni1/test/bad/058.JPG'] 0.38731497526168823
['/mnt/dsc3032-gaya-shared/group6/datasets/VisA/visa_pytorch/macaroni1/test/bad/059.JPG'] 0.3892045319080353
['/mnt/dsc3032-gaya-shared/group6/datasets/VisA/visa_pytorch/macaroni1/test/bad/060.JPG'] 0.3787815570831299
['/mnt/dsc3032-gaya-shared/group6/datasets/VisA/visa_pytorch/macaroni1/test/bad/061.JPG'] 0.3403159976005554
['/mnt/dsc3032-gaya-shared/group6/datasets/VisA/visa_pytorch/macaroni1/test/bad/062.JPG'] 0.43677863478660583
['/mnt/dsc3032-gaya-shared/group6/datasets/VisA/visa_pytorch/macaroni1/test/bad/063.JPG'] 0.32583385705947876
['/mnt/dsc3032-gaya-shared/group6/datasets/VisA/visa_pytorch/macaroni1/test/bad/064.JPG'] 0.41033875942230225
['/mnt/dsc3032-gaya-shared/group6/datasets/VisA/visa_pytorch/macaroni1/test/bad/065.JPG'] 0.38513368368148804
['/mnt/dsc3032-gaya-shared/group6/datasets/VisA/visa_pytorch/macaroni1/test/bad/066.JPG'] 0.33440110087394714
['/mnt/dsc3032-gaya-shared/group6/datasets/VisA/visa_pytorch/macaroni1/test/bad/067.JPG'] 0.3216281831264496
['/mnt/dsc3032-gaya-shared/group6/datasets/VisA/visa_pytorch/macaroni1/test/bad/068.JPG'] 0.32771384716033936
['/mnt/dsc3032-gaya-shared/group6/datasets/VisA/visa_pytorch/macaroni1/test/bad/069.JPG'] 0.42871636152267456
['/mnt/dsc3032-gaya-shared/group6/datasets/VisA/visa_pytorch/macaroni1/test/bad/070.JPG'] 0.2869817018508911
['/mnt/dsc3032-gaya-shared/group6/datasets/VisA/visa_pytorch/macaroni1/test/bad/071.JPG'] 0.2574390769004822
['/mnt/dsc3032-gaya-shared/group6/datasets/VisA/visa_pytorch/macaroni1/test/bad/072.JPG'] 0.29189160466194153
['/mnt/dsc3032-gaya-shared/group6/datasets/VisA/visa_pytorch/macaroni1/test/bad/073.JPG'] 0.2727462947368622
['/mnt/dsc3032-gaya-shared/group6/datasets/VisA/visa_pytorch/macaroni1/test/bad/074.JPG'] 0.30594146251678467
['/mnt/dsc3032-gaya-shared/group6/datasets/VisA/visa_pytorch/macaroni1/test/bad/075.JPG'] 0.25983166694641113
['/mnt/dsc3032-gaya-shared/group6/datasets/VisA/visa_pytorch/macaroni1/test/bad/076.JPG'] 0.2627282738685608
['/mnt/dsc3032-gaya-shared/group6/datasets/VisA/visa_pytorch/macaroni1/test/bad/077.JPG'] 0.281774640083313
['/mnt/dsc3032-gaya-shared/group6/datasets/VisA/visa_pytorch/macaroni1/test/bad/078.JPG'] 0.3367574214935303
['/mnt/dsc3032-gaya-shared/group6/datasets/VisA/visa_pytorch/macaroni1/test/bad/079.JPG'] 0.2788519263267517
['/mnt/dsc3032-gaya-shared/group6/datasets/VisA/visa_pytorch/macaroni1/test/bad/080.JPG'] 0.30609390139579773
['/mnt/dsc3032-gaya-shared/group6/datasets/VisA/visa_pytorch/macaroni1/test/bad/081.JPG'] 0.31810399889945984
['/mnt/dsc3032-gaya-shared/group6/datasets/VisA/visa_pytorch/macaroni1/test/bad/082.JPG'] 0.2780594229698181
['/mnt/dsc3032-gaya-shared/group6/datasets/VisA/visa_pytorch/macaroni1/test/bad/083.JPG'] 0.27287259697914124
['/mnt/dsc3032-gaya-shared/group6/datasets/VisA/visa_pytorch/macaroni1/test/bad/084.JPG'] 0.2816154360771179
['/mnt/dsc3032-gaya-shared/group6/datasets/VisA/visa_pytorch/macaroni1/test/bad/085.JPG'] 0.26516616344451904
['/mnt/dsc3032-gaya-shared/group6/datasets/VisA/visa_pytorch/macaroni1/test/bad/086.JPG'] 0.2845801115036011
['/mnt/dsc3032-gaya-shared/group6/datasets/VisA/visa_pytorch/macaroni1/test/bad/087.JPG'] 0.26546505093574524
['/mnt/dsc3032-gaya-shared/group6/datasets/VisA/visa_pytorch/macaroni1/test/bad/088.JPG'] 0.28004539012908936
['/mnt/dsc3032-gaya-shared/group6/datasets/VisA/visa_pytorch/macaroni1/test/bad/089.JPG'] 0.2873205542564392
['/mnt/dsc3032-gaya-shared/group6/datasets/VisA/visa_pytorch/macaroni1/test/bad/090.JPG'] 0.2966762185096741
['/mnt/dsc3032-gaya-shared/group6/datasets/VisA/visa_pytorch/macaroni1/test/bad/091.JPG'] 0.2723228633403778
['/mnt/dsc3032-gaya-shared/group6/datasets/VisA/visa_pytorch/macaroni1/test/bad/092.JPG'] 0.3250929117202759
['/mnt/dsc3032-gaya-shared/group6/datasets/VisA/visa_pytorch/macaroni1/test/bad/093.JPG'] 0.3006199598312378
['/mnt/dsc3032-gaya-shared/group6/datasets/VisA/visa_pytorch/macaroni1/test/bad/094.JPG'] 0.2661976218223572
['/mnt/dsc3032-gaya-shared/group6/datasets/VisA/visa_pytorch/macaroni1/test/bad/095.JPG'] 0.291883260011673
['/mnt/dsc3032-gaya-shared/group6/datasets/VisA/visa_pytorch/macaroni1/test/bad/096.JPG'] 0.2731013298034668
['/mnt/dsc3032-gaya-shared/group6/datasets/VisA/visa_pytorch/macaroni1/test/bad/097.JPG'] 0.25903934240341187
['/mnt/dsc3032-gaya-shared/group6/datasets/VisA/visa_pytorch/macaroni1/test/bad/098.JPG'] 0.29226160049438477
['/mnt/dsc3032-gaya-shared/group6/datasets/VisA/visa_pytorch/macaroni1/test/bad/099.JPG'] 0.338664174079895
['/mnt/dsc3032-gaya-shared/group6/datasets/VisA/visa_pytorch/macaroni1/test/good/0011.JPG'] 0.22070860862731934
['/mnt/dsc3032-gaya-shared/group6/datasets/VisA/visa_pytorch/macaroni1/test/good/0013.JPG'] 0.24638815224170685
['/mnt/dsc3032-gaya-shared/group6/datasets/VisA/visa_pytorch/macaroni1/test/good/0016.JPG'] 0.2085929960012436
['/mnt/dsc3032-gaya-shared/group6/datasets/VisA/visa_pytorch/macaroni1/test/good/0024.JPG'] 0.2338823527097702
['/mnt/dsc3032-gaya-shared/group6/datasets/VisA/visa_pytorch/macaroni1/test/good/0026.JPG'] 0.23026272654533386
['/mnt/dsc3032-gaya-shared/group6/datasets/VisA/visa_pytorch/macaroni1/test/good/0027.JPG'] 0.25566932559013367
['/mnt/dsc3032-gaya-shared/group6/datasets/VisA/visa_pytorch/macaroni1/test/good/0046.JPG'] 0.25239259004592896
['/mnt/dsc3032-gaya-shared/group6/datasets/VisA/visa_pytorch/macaroni1/test/good/0100.JPG'] 0.23961809277534485
['/mnt/dsc3032-gaya-shared/group6/datasets/VisA/visa_pytorch/macaroni1/test/good/0107.JPG'] 0.28258031606674194
['/mnt/dsc3032-gaya-shared/group6/datasets/VisA/visa_pytorch/macaroni1/test/good/0159.JPG'] 0.2470541000366211
['/mnt/dsc3032-gaya-shared/group6/datasets/VisA/visa_pytorch/macaroni1/test/good/0168.JPG'] 0.2566494941711426
['/mnt/dsc3032-gaya-shared/group6/datasets/VisA/visa_pytorch/macaroni1/test/good/0170.JPG'] 0.21890391409397125
['/mnt/dsc3032-gaya-shared/group6/datasets/VisA/visa_pytorch/macaroni1/test/good/0172.JPG'] 0.23563168942928314
['/mnt/dsc3032-gaya-shared/group6/datasets/VisA/visa_pytorch/macaroni1/test/good/0174.JPG'] 0.2704852819442749
['/mnt/dsc3032-gaya-shared/group6/datasets/VisA/visa_pytorch/macaroni1/test/good/0178.JPG'] 0.2749299705028534
['/mnt/dsc3032-gaya-shared/group6/datasets/VisA/visa_pytorch/macaroni1/test/good/0187.JPG'] 0.23870190978050232
['/mnt/dsc3032-gaya-shared/group6/datasets/VisA/visa_pytorch/macaroni1/test/good/0196.JPG'] 0.23013710975646973
['/mnt/dsc3032-gaya-shared/group6/datasets/VisA/visa_pytorch/macaroni1/test/good/0208.JPG'] 0.26181328296661377
['/mnt/dsc3032-gaya-shared/group6/datasets/VisA/visa_pytorch/macaroni1/test/good/0214.JPG'] 0.23877325654029846
['/mnt/dsc3032-gaya-shared/group6/datasets/VisA/visa_pytorch/macaroni1/test/good/0215.JPG'] 0.26418936252593994
['/mnt/dsc3032-gaya-shared/group6/datasets/VisA/visa_pytorch/macaroni1/test/good/0237.JPG'] 0.22071783244609833
['/mnt/dsc3032-gaya-shared/group6/datasets/VisA/visa_pytorch/macaroni1/test/good/0261.JPG'] 0.24119819700717926
['/mnt/dsc3032-gaya-shared/group6/datasets/VisA/visa_pytorch/macaroni1/test/good/0286.JPG'] 0.19617684185504913
['/mnt/dsc3032-gaya-shared/group6/datasets/VisA/visa_pytorch/macaroni1/test/good/0294.JPG'] 0.2569178342819214
['/mnt/dsc3032-gaya-shared/group6/datasets/VisA/visa_pytorch/macaroni1/test/good/0297.JPG'] 0.24662519991397858
['/mnt/dsc3032-gaya-shared/group6/datasets/VisA/visa_pytorch/macaroni1/test/good/0303.JPG'] 0.2312360405921936
['/mnt/dsc3032-gaya-shared/group6/datasets/VisA/visa_pytorch/macaroni1/test/good/0306.JPG'] 0.3292304277420044
['/mnt/dsc3032-gaya-shared/group6/datasets/VisA/visa_pytorch/macaroni1/test/good/0320.JPG'] 0.20214129984378815
['/mnt/dsc3032-gaya-shared/group6/datasets/VisA/visa_pytorch/macaroni1/test/good/0333.JPG'] 0.23390641808509827
['/mnt/dsc3032-gaya-shared/group6/datasets/VisA/visa_pytorch/macaroni1/test/good/0363.JPG'] 0.2234145700931549
['/mnt/dsc3032-gaya-shared/group6/datasets/VisA/visa_pytorch/macaroni1/test/good/0377.JPG'] 0.2368711680173874
['/mnt/dsc3032-gaya-shared/group6/datasets/VisA/visa_pytorch/macaroni1/test/good/0394.JPG'] 0.2110297828912735
['/mnt/dsc3032-gaya-shared/group6/datasets/VisA/visa_pytorch/macaroni1/test/good/0400.JPG'] 0.24070054292678833
['/mnt/dsc3032-gaya-shared/group6/datasets/VisA/visa_pytorch/macaroni1/test/good/0402.JPG'] 0.2627992033958435
['/mnt/dsc3032-gaya-shared/group6/datasets/VisA/visa_pytorch/macaroni1/test/good/0417.JPG'] 0.24753782153129578
['/mnt/dsc3032-gaya-shared/group6/datasets/VisA/visa_pytorch/macaroni1/test/good/0423.JPG'] 0.2547226846218109
['/mnt/dsc3032-gaya-shared/group6/datasets/VisA/visa_pytorch/macaroni1/test/good/0427.JPG'] 0.26392292976379395
['/mnt/dsc3032-gaya-shared/group6/datasets/VisA/visa_pytorch/macaroni1/test/good/0457.JPG'] 0.24173954129219055
['/mnt/dsc3032-gaya-shared/group6/datasets/VisA/visa_pytorch/macaroni1/test/good/0469.JPG'] 0.2136181741952896
['/mnt/dsc3032-gaya-shared/group6/datasets/VisA/visa_pytorch/macaroni1/test/good/0479.JPG'] 0.23568829894065857
['/mnt/dsc3032-gaya-shared/group6/datasets/VisA/visa_pytorch/macaroni1/test/good/0483.JPG'] 0.2323978990316391
['/mnt/dsc3032-gaya-shared/group6/datasets/VisA/visa_pytorch/macaroni1/test/good/0484.JPG'] 0.26570188999176025
['/mnt/dsc3032-gaya-shared/group6/datasets/VisA/visa_pytorch/macaroni1/test/good/0488.JPG'] 0.2368813455104828
['/mnt/dsc3032-gaya-shared/group6/datasets/VisA/visa_pytorch/macaroni1/test/good/0490.JPG'] 0.2200448215007782
['/mnt/dsc3032-gaya-shared/group6/datasets/VisA/visa_pytorch/macaroni1/test/good/0514.JPG'] 0.22972819209098816
['/mnt/dsc3032-gaya-shared/group6/datasets/VisA/visa_pytorch/macaroni1/test/good/0518.JPG'] 0.24677428603172302
['/mnt/dsc3032-gaya-shared/group6/datasets/VisA/visa_pytorch/macaroni1/test/good/0520.JPG'] 0.21479347348213196
['/mnt/dsc3032-gaya-shared/group6/datasets/VisA/visa_pytorch/macaroni1/test/good/0525.JPG'] 0.22542831301689148
['/mnt/dsc3032-gaya-shared/group6/datasets/VisA/visa_pytorch/macaroni1/test/good/0545.JPG'] 0.25324082374572754
['/mnt/dsc3032-gaya-shared/group6/datasets/VisA/visa_pytorch/macaroni1/test/good/0552.JPG'] 0.23589609563350677
['/mnt/dsc3032-gaya-shared/group6/datasets/VisA/visa_pytorch/macaroni1/test/good/0569.JPG'] 0.25849583745002747
['/mnt/dsc3032-gaya-shared/group6/datasets/VisA/visa_pytorch/macaroni1/test/good/0615.JPG'] 0.29629576206207275
['/mnt/dsc3032-gaya-shared/group6/datasets/VisA/visa_pytorch/macaroni1/test/good/0617.JPG'] 0.305647075176239
['/mnt/dsc3032-gaya-shared/group6/datasets/VisA/visa_pytorch/macaroni1/test/good/0619.JPG'] 0.28695178031921387
['/mnt/dsc3032-gaya-shared/group6/datasets/VisA/visa_pytorch/macaroni1/test/good/0621.JPG'] 0.29672592878341675
['/mnt/dsc3032-gaya-shared/group6/datasets/VisA/visa_pytorch/macaroni1/test/good/0629.JPG'] 0.24675849080085754
['/mnt/dsc3032-gaya-shared/group6/datasets/VisA/visa_pytorch/macaroni1/test/good/0631.JPG'] 0.23776879906654358
['/mnt/dsc3032-gaya-shared/group6/datasets/VisA/visa_pytorch/macaroni1/test/good/0648.JPG'] 0.2522326409816742
['/mnt/dsc3032-gaya-shared/group6/datasets/VisA/visa_pytorch/macaroni1/test/good/0654.JPG'] 0.27994757890701294
['/mnt/dsc3032-gaya-shared/group6/datasets/VisA/visa_pytorch/macaroni1/test/good/0657.JPG'] 0.2510087490081787
['/mnt/dsc3032-gaya-shared/group6/datasets/VisA/visa_pytorch/macaroni1/test/good/0659.JPG'] 0.2509605586528778
['/mnt/dsc3032-gaya-shared/group6/datasets/VisA/visa_pytorch/macaroni1/test/good/0674.JPG'] 0.26453664898872375
['/mnt/dsc3032-gaya-shared/group6/datasets/VisA/visa_pytorch/macaroni1/test/good/0684.JPG'] 0.2642606794834137
['/mnt/dsc3032-gaya-shared/group6/datasets/VisA/visa_pytorch/macaroni1/test/good/0685.JPG'] 0.255632609128952
['/mnt/dsc3032-gaya-shared/group6/datasets/VisA/visa_pytorch/macaroni1/test/good/0688.JPG'] 0.274799108505249
['/mnt/dsc3032-gaya-shared/group6/datasets/VisA/visa_pytorch/macaroni1/test/good/0690.JPG'] 0.27217569947242737
['/mnt/dsc3032-gaya-shared/group6/datasets/VisA/visa_pytorch/macaroni1/test/good/0694.JPG'] 0.25887197256088257
['/mnt/dsc3032-gaya-shared/group6/datasets/VisA/visa_pytorch/macaroni1/test/good/0705.JPG'] 0.2690393328666687
['/mnt/dsc3032-gaya-shared/group6/datasets/VisA/visa_pytorch/macaroni1/test/good/0725.JPG'] 0.28867825865745544
['/mnt/dsc3032-gaya-shared/group6/datasets/VisA/visa_pytorch/macaroni1/test/good/0730.JPG'] 0.2812255024909973
['/mnt/dsc3032-gaya-shared/group6/datasets/VisA/visa_pytorch/macaroni1/test/good/0735.JPG'] 0.2762893736362457
['/mnt/dsc3032-gaya-shared/group6/datasets/VisA/visa_pytorch/macaroni1/test/good/0739.JPG'] 0.2599138915538788
['/mnt/dsc3032-gaya-shared/group6/datasets/VisA/visa_pytorch/macaroni1/test/good/0751.JPG'] 0.26714888215065
['/mnt/dsc3032-gaya-shared/group6/datasets/VisA/visa_pytorch/macaroni1/test/good/0755.JPG'] 0.25227639079093933
['/mnt/dsc3032-gaya-shared/group6/datasets/VisA/visa_pytorch/macaroni1/test/good/0764.JPG'] 0.2577698528766632
['/mnt/dsc3032-gaya-shared/group6/datasets/VisA/visa_pytorch/macaroni1/test/good/0768.JPG'] 0.25381386280059814
['/mnt/dsc3032-gaya-shared/group6/datasets/VisA/visa_pytorch/macaroni1/test/good/0779.JPG'] 0.25194889307022095
['/mnt/dsc3032-gaya-shared/group6/datasets/VisA/visa_pytorch/macaroni1/test/good/0784.JPG'] 0.24854986369609833
['/mnt/dsc3032-gaya-shared/group6/datasets/VisA/visa_pytorch/macaroni1/test/good/0790.JPG'] 0.2628094553947449
['/mnt/dsc3032-gaya-shared/group6/datasets/VisA/visa_pytorch/macaroni1/test/good/0796.JPG'] 0.27248626947402954
['/mnt/dsc3032-gaya-shared/group6/datasets/VisA/visa_pytorch/macaroni1/test/good/0797.JPG'] 0.2474931925535202
['/mnt/dsc3032-gaya-shared/group6/datasets/VisA/visa_pytorch/macaroni1/test/good/0800.JPG'] 0.24717624485492706
['/mnt/dsc3032-gaya-shared/group6/datasets/VisA/visa_pytorch/macaroni1/test/good/0804.JPG'] 0.2607582211494446
['/mnt/dsc3032-gaya-shared/group6/datasets/VisA/visa_pytorch/macaroni1/test/good/0811.JPG'] 0.2631860077381134
['/mnt/dsc3032-gaya-shared/group6/datasets/VisA/visa_pytorch/macaroni1/test/good/0844.JPG'] 0.2706541419029236
['/mnt/dsc3032-gaya-shared/group6/datasets/VisA/visa_pytorch/macaroni1/test/good/0869.JPG'] 0.26589691638946533
['/mnt/dsc3032-gaya-shared/group6/datasets/VisA/visa_pytorch/macaroni1/test/good/0871.JPG'] 0.2515771687030792
['/mnt/dsc3032-gaya-shared/group6/datasets/VisA/visa_pytorch/macaroni1/test/good/0892.JPG'] 0.24051585793495178
['/mnt/dsc3032-gaya-shared/group6/datasets/VisA/visa_pytorch/macaroni1/test/good/0900.JPG'] 0.253858745098114
['/mnt/dsc3032-gaya-shared/group6/datasets/VisA/visa_pytorch/macaroni1/test/good/0920.JPG'] 0.2822789251804352
['/mnt/dsc3032-gaya-shared/group6/datasets/VisA/visa_pytorch/macaroni1/test/good/0923.JPG'] 0.27863365411758423
['/mnt/dsc3032-gaya-shared/group6/datasets/VisA/visa_pytorch/macaroni1/test/good/0935.JPG'] 0.26279544830322266
['/mnt/dsc3032-gaya-shared/group6/datasets/VisA/visa_pytorch/macaroni1/test/good/0952.JPG'] 0.2611953616142273
['/mnt/dsc3032-gaya-shared/group6/datasets/VisA/visa_pytorch/macaroni1/test/good/0953.JPG'] 0.27940982580184937
['/mnt/dsc3032-gaya-shared/group6/datasets/VisA/visa_pytorch/macaroni1/test/good/0964.JPG'] 0.2787954807281494
['/mnt/dsc3032-gaya-shared/group6/datasets/VisA/visa_pytorch/macaroni1/test/good/0967.JPG'] 0.25211793184280396
['/mnt/dsc3032-gaya-shared/group6/datasets/VisA/visa_pytorch/macaroni1/test/good/0974.JPG'] 0.2813184857368469
['/mnt/dsc3032-gaya-shared/group6/datasets/VisA/visa_pytorch/macaroni1/test/good/0985.JPG'] 0.29805076122283936
['/mnt/dsc3032-gaya-shared/group6/datasets/VisA/visa_pytorch/macaroni1/test/good/0994.JPG'] 0.2727915048599243
['/mnt/dsc3032-gaya-shared/group6/datasets/VisA/visa_pytorch/macaroni1/test/good/0996.JPG'] 0.3174220025539398
26-06-02 16:29:20.685 - INFO: 
| category   |   K-shots |   F1-Max(image) |   AUROC(image) |   F1-Max(pixel) |   AUROC(pixel) |
|:-----------|----------:|----------------:|---------------:|----------------:|---------------:|
| macaroni1  |         1 |           84.21 |          92.08 |            26.9 |          98.37 |
