/home/gaya6/LogSAD/dinov2/dinov2/layers/swiglu_ffn.py:43: UserWarning: xFormers is available (SwiGLU)
  warnings.warn("xFormers is available (SwiGLU)")
/home/gaya6/LogSAD/dinov2/dinov2/layers/attention.py:27: UserWarning: xFormers is available (Attention)
  warnings.warn("xFormers is available (Attention)")
/home/gaya6/LogSAD/dinov2/dinov2/layers/block.py:33: UserWarning: xFormers is available (Block)
  warnings.warn("xFormers is available (Block)")
['/mnt/dsc3032-gaya-shared/group6/datasets/VisA/visa_pytorch/pcb1/test/bad/000.JPG'] 0.3578285574913025
['/mnt/dsc3032-gaya-shared/group6/datasets/VisA/visa_pytorch/pcb1/test/bad/001.JPG'] 0.35475409030914307
['/mnt/dsc3032-gaya-shared/group6/datasets/VisA/visa_pytorch/pcb1/test/bad/002.JPG'] 0.4296598434448242
['/mnt/dsc3032-gaya-shared/group6/datasets/VisA/visa_pytorch/pcb1/test/bad/003.JPG'] 0.3781408667564392
['/mnt/dsc3032-gaya-shared/group6/datasets/VisA/visa_pytorch/pcb1/test/bad/004.JPG'] 0.38834261894226074
['/mnt/dsc3032-gaya-shared/group6/datasets/VisA/visa_pytorch/pcb1/test/bad/005.JPG'] 0.4142465591430664
['/mnt/dsc3032-gaya-shared/group6/datasets/VisA/visa_pytorch/pcb1/test/bad/006.JPG'] 0.3861711919307709
['/mnt/dsc3032-gaya-shared/group6/datasets/VisA/visa_pytorch/pcb1/test/bad/007.JPG'] 0.369316965341568
['/mnt/dsc3032-gaya-shared/group6/datasets/VisA/visa_pytorch/pcb1/test/bad/008.JPG'] 0.42836302518844604
['/mnt/dsc3032-gaya-shared/group6/datasets/VisA/visa_pytorch/pcb1/test/bad/009.JPG'] 0.42321109771728516
['/mnt/dsc3032-gaya-shared/group6/datasets/VisA/visa_pytorch/pcb1/test/bad/010.JPG'] 0.4137137532234192
['/mnt/dsc3032-gaya-shared/group6/datasets/VisA/visa_pytorch/pcb1/test/bad/011.JPG'] 0.3976917266845703
['/mnt/dsc3032-gaya-shared/group6/datasets/VisA/visa_pytorch/pcb1/test/bad/012.JPG'] 0.39479824900627136
['/mnt/dsc3032-gaya-shared/group6/datasets/VisA/visa_pytorch/pcb1/test/bad/013.JPG'] 0.4277193248271942
['/mnt/dsc3032-gaya-shared/group6/datasets/VisA/visa_pytorch/pcb1/test/bad/014.JPG'] 0.39966505765914917
['/mnt/dsc3032-gaya-shared/group6/datasets/VisA/visa_pytorch/pcb1/test/bad/015.JPG'] 0.38435572385787964
['/mnt/dsc3032-gaya-shared/group6/datasets/VisA/visa_pytorch/pcb1/test/bad/016.JPG'] 0.4350529611110687
['/mnt/dsc3032-gaya-shared/group6/datasets/VisA/visa_pytorch/pcb1/test/bad/017.JPG'] 0.3857225775718689
['/mnt/dsc3032-gaya-shared/group6/datasets/VisA/visa_pytorch/pcb1/test/bad/018.JPG'] 0.39255255460739136
['/mnt/dsc3032-gaya-shared/group6/datasets/VisA/visa_pytorch/pcb1/test/bad/019.JPG'] 0.39728856086730957
['/mnt/dsc3032-gaya-shared/group6/datasets/VisA/visa_pytorch/pcb1/test/bad/020.JPG'] 0.3925408720970154
['/mnt/dsc3032-gaya-shared/group6/datasets/VisA/visa_pytorch/pcb1/test/bad/021.JPG'] 0.4211158752441406
['/mnt/dsc3032-gaya-shared/group6/datasets/VisA/visa_pytorch/pcb1/test/bad/022.JPG'] 0.4386499524116516
['/mnt/dsc3032-gaya-shared/group6/datasets/VisA/visa_pytorch/pcb1/test/bad/023.JPG'] 0.44892653822898865
['/mnt/dsc3032-gaya-shared/group6/datasets/VisA/visa_pytorch/pcb1/test/bad/024.JPG'] 0.36488649249076843
['/mnt/dsc3032-gaya-shared/group6/datasets/VisA/visa_pytorch/pcb1/test/bad/025.JPG'] 0.37363383173942566
['/mnt/dsc3032-gaya-shared/group6/datasets/VisA/visa_pytorch/pcb1/test/bad/026.JPG'] 0.38606250286102295
['/mnt/dsc3032-gaya-shared/group6/datasets/VisA/visa_pytorch/pcb1/test/bad/027.JPG'] 0.3778926730155945
['/mnt/dsc3032-gaya-shared/group6/datasets/VisA/visa_pytorch/pcb1/test/bad/028.JPG'] 0.4262988567352295
['/mnt/dsc3032-gaya-shared/group6/datasets/VisA/visa_pytorch/pcb1/test/bad/029.JPG'] 0.4245634078979492
['/mnt/dsc3032-gaya-shared/group6/datasets/VisA/visa_pytorch/pcb1/test/bad/030.JPG'] 0.4132407307624817
['/mnt/dsc3032-gaya-shared/group6/datasets/VisA/visa_pytorch/pcb1/test/bad/031.JPG'] 0.39915189146995544
['/mnt/dsc3032-gaya-shared/group6/datasets/VisA/visa_pytorch/pcb1/test/bad/032.JPG'] 0.41420692205429077
['/mnt/dsc3032-gaya-shared/group6/datasets/VisA/visa_pytorch/pcb1/test/bad/033.JPG'] 0.3765944242477417
['/mnt/dsc3032-gaya-shared/group6/datasets/VisA/visa_pytorch/pcb1/test/bad/034.JPG'] 0.4000108242034912
['/mnt/dsc3032-gaya-shared/group6/datasets/VisA/visa_pytorch/pcb1/test/bad/035.JPG'] 0.38271141052246094
['/mnt/dsc3032-gaya-shared/group6/datasets/VisA/visa_pytorch/pcb1/test/bad/036.JPG'] 0.35804665088653564
['/mnt/dsc3032-gaya-shared/group6/datasets/VisA/visa_pytorch/pcb1/test/bad/037.JPG'] 0.4454261362552643
['/mnt/dsc3032-gaya-shared/group6/datasets/VisA/visa_pytorch/pcb1/test/bad/038.JPG'] 0.40088361501693726
['/mnt/dsc3032-gaya-shared/group6/datasets/VisA/visa_pytorch/pcb1/test/bad/039.JPG'] 0.40987086296081543
['/mnt/dsc3032-gaya-shared/group6/datasets/VisA/visa_pytorch/pcb1/test/bad/040.JPG'] 0.4029747247695923
['/mnt/dsc3032-gaya-shared/group6/datasets/VisA/visa_pytorch/pcb1/test/bad/041.JPG'] 0.4863486886024475
['/mnt/dsc3032-gaya-shared/group6/datasets/VisA/visa_pytorch/pcb1/test/bad/042.JPG'] 0.43085235357284546
['/mnt/dsc3032-gaya-shared/group6/datasets/VisA/visa_pytorch/pcb1/test/bad/043.JPG'] 0.5173171758651733
['/mnt/dsc3032-gaya-shared/group6/datasets/VisA/visa_pytorch/pcb1/test/bad/044.JPG'] 0.42343342304229736
['/mnt/dsc3032-gaya-shared/group6/datasets/VisA/visa_pytorch/pcb1/test/bad/045.JPG'] 0.42506110668182373
['/mnt/dsc3032-gaya-shared/group6/datasets/VisA/visa_pytorch/pcb1/test/bad/046.JPG'] 0.4744521379470825
['/mnt/dsc3032-gaya-shared/group6/datasets/VisA/visa_pytorch/pcb1/test/bad/047.JPG'] 0.41156548261642456
['/mnt/dsc3032-gaya-shared/group6/datasets/VisA/visa_pytorch/pcb1/test/bad/048.JPG'] 0.4184988737106323
['/mnt/dsc3032-gaya-shared/group6/datasets/VisA/visa_pytorch/pcb1/test/bad/049.JPG'] 0.3687310218811035
['/mnt/dsc3032-gaya-shared/group6/datasets/VisA/visa_pytorch/pcb1/test/bad/050.JPG'] 0.48253440856933594
['/mnt/dsc3032-gaya-shared/group6/datasets/VisA/visa_pytorch/pcb1/test/bad/051.JPG'] 0.37533384561538696
['/mnt/dsc3032-gaya-shared/group6/datasets/VisA/visa_pytorch/pcb1/test/bad/052.JPG'] 0.3598824143409729
['/mnt/dsc3032-gaya-shared/group6/datasets/VisA/visa_pytorch/pcb1/test/bad/053.JPG'] 0.37010902166366577
['/mnt/dsc3032-gaya-shared/group6/datasets/VisA/visa_pytorch/pcb1/test/bad/054.JPG'] 0.4179467558860779
['/mnt/dsc3032-gaya-shared/group6/datasets/VisA/visa_pytorch/pcb1/test/bad/055.JPG'] 0.41786062717437744
['/mnt/dsc3032-gaya-shared/group6/datasets/VisA/visa_pytorch/pcb1/test/bad/056.JPG'] 0.3537098467350006
['/mnt/dsc3032-gaya-shared/group6/datasets/VisA/visa_pytorch/pcb1/test/bad/057.JPG'] 0.38988441228866577
['/mnt/dsc3032-gaya-shared/group6/datasets/VisA/visa_pytorch/pcb1/test/bad/058.JPG'] 0.43577146530151367
['/mnt/dsc3032-gaya-shared/group6/datasets/VisA/visa_pytorch/pcb1/test/bad/059.JPG'] 0.4632766842842102
['/mnt/dsc3032-gaya-shared/group6/datasets/VisA/visa_pytorch/pcb1/test/bad/060.JPG'] 0.3670942187309265
['/mnt/dsc3032-gaya-shared/group6/datasets/VisA/visa_pytorch/pcb1/test/bad/061.JPG'] 0.38484838604927063
['/mnt/dsc3032-gaya-shared/group6/datasets/VisA/visa_pytorch/pcb1/test/bad/062.JPG'] 0.36730247735977173
['/mnt/dsc3032-gaya-shared/group6/datasets/VisA/visa_pytorch/pcb1/test/bad/063.JPG'] 0.4160385727882385
['/mnt/dsc3032-gaya-shared/group6/datasets/VisA/visa_pytorch/pcb1/test/bad/064.JPG'] 0.3771602511405945
['/mnt/dsc3032-gaya-shared/group6/datasets/VisA/visa_pytorch/pcb1/test/bad/065.JPG'] 0.42734402418136597
['/mnt/dsc3032-gaya-shared/group6/datasets/VisA/visa_pytorch/pcb1/test/bad/066.JPG'] 0.3824538588523865
['/mnt/dsc3032-gaya-shared/group6/datasets/VisA/visa_pytorch/pcb1/test/bad/067.JPG'] 0.36058828234672546
['/mnt/dsc3032-gaya-shared/group6/datasets/VisA/visa_pytorch/pcb1/test/bad/068.JPG'] 0.4170510172843933
['/mnt/dsc3032-gaya-shared/group6/datasets/VisA/visa_pytorch/pcb1/test/bad/069.JPG'] 0.42657384276390076
['/mnt/dsc3032-gaya-shared/group6/datasets/VisA/visa_pytorch/pcb1/test/bad/070.JPG'] 0.4140452742576599
['/mnt/dsc3032-gaya-shared/group6/datasets/VisA/visa_pytorch/pcb1/test/bad/071.JPG'] 0.4148300290107727
['/mnt/dsc3032-gaya-shared/group6/datasets/VisA/visa_pytorch/pcb1/test/bad/072.JPG'] 0.4367465674877167
['/mnt/dsc3032-gaya-shared/group6/datasets/VisA/visa_pytorch/pcb1/test/bad/073.JPG'] 0.40067219734191895
['/mnt/dsc3032-gaya-shared/group6/datasets/VisA/visa_pytorch/pcb1/test/bad/074.JPG'] 0.3619542717933655
['/mnt/dsc3032-gaya-shared/group6/datasets/VisA/visa_pytorch/pcb1/test/bad/075.JPG'] 0.4369337260723114
['/mnt/dsc3032-gaya-shared/group6/datasets/VisA/visa_pytorch/pcb1/test/bad/076.JPG'] 0.3655819296836853
['/mnt/dsc3032-gaya-shared/group6/datasets/VisA/visa_pytorch/pcb1/test/bad/077.JPG'] 0.4184044599533081
['/mnt/dsc3032-gaya-shared/group6/datasets/VisA/visa_pytorch/pcb1/test/bad/078.JPG'] 0.4135642647743225
['/mnt/dsc3032-gaya-shared/group6/datasets/VisA/visa_pytorch/pcb1/test/bad/079.JPG'] 0.42746320366859436
['/mnt/dsc3032-gaya-shared/group6/datasets/VisA/visa_pytorch/pcb1/test/bad/080.JPG'] 0.42387357354164124
['/mnt/dsc3032-gaya-shared/group6/datasets/VisA/visa_pytorch/pcb1/test/bad/081.JPG'] 0.4360472559928894
['/mnt/dsc3032-gaya-shared/group6/datasets/VisA/visa_pytorch/pcb1/test/bad/082.JPG'] 0.31473851203918457
['/mnt/dsc3032-gaya-shared/group6/datasets/VisA/visa_pytorch/pcb1/test/bad/083.JPG'] 0.2992013096809387
['/mnt/dsc3032-gaya-shared/group6/datasets/VisA/visa_pytorch/pcb1/test/bad/084.JPG'] 0.3395847678184509
['/mnt/dsc3032-gaya-shared/group6/datasets/VisA/visa_pytorch/pcb1/test/bad/085.JPG'] 0.37065085768699646
['/mnt/dsc3032-gaya-shared/group6/datasets/VisA/visa_pytorch/pcb1/test/bad/086.JPG'] 0.3350491225719452
['/mnt/dsc3032-gaya-shared/group6/datasets/VisA/visa_pytorch/pcb1/test/bad/087.JPG'] 0.3778974413871765
['/mnt/dsc3032-gaya-shared/group6/datasets/VisA/visa_pytorch/pcb1/test/bad/088.JPG'] 0.3844660520553589
['/mnt/dsc3032-gaya-shared/group6/datasets/VisA/visa_pytorch/pcb1/test/bad/089.JPG'] 0.4229449927806854
['/mnt/dsc3032-gaya-shared/group6/datasets/VisA/visa_pytorch/pcb1/test/bad/090.JPG'] 0.4497259259223938
['/mnt/dsc3032-gaya-shared/group6/datasets/VisA/visa_pytorch/pcb1/test/bad/091.JPG'] 0.4646628201007843
['/mnt/dsc3032-gaya-shared/group6/datasets/VisA/visa_pytorch/pcb1/test/bad/092.JPG'] 0.40606600046157837
['/mnt/dsc3032-gaya-shared/group6/datasets/VisA/visa_pytorch/pcb1/test/bad/093.JPG'] 0.39540088176727295
['/mnt/dsc3032-gaya-shared/group6/datasets/VisA/visa_pytorch/pcb1/test/bad/094.JPG'] 0.3666301965713501
['/mnt/dsc3032-gaya-shared/group6/datasets/VisA/visa_pytorch/pcb1/test/bad/095.JPG'] 0.39597997069358826
['/mnt/dsc3032-gaya-shared/group6/datasets/VisA/visa_pytorch/pcb1/test/bad/096.JPG'] 0.35340946912765503
['/mnt/dsc3032-gaya-shared/group6/datasets/VisA/visa_pytorch/pcb1/test/bad/097.JPG'] 0.4129468500614166
['/mnt/dsc3032-gaya-shared/group6/datasets/VisA/visa_pytorch/pcb1/test/bad/098.JPG'] 0.3782305121421814
['/mnt/dsc3032-gaya-shared/group6/datasets/VisA/visa_pytorch/pcb1/test/bad/099.JPG'] 0.43411341309547424
['/mnt/dsc3032-gaya-shared/group6/datasets/VisA/visa_pytorch/pcb1/test/good/0011.JPG'] 0.29327553510665894
['/mnt/dsc3032-gaya-shared/group6/datasets/VisA/visa_pytorch/pcb1/test/good/0013.JPG'] 0.2879548668861389
['/mnt/dsc3032-gaya-shared/group6/datasets/VisA/visa_pytorch/pcb1/test/good/0016.JPG'] 0.2781130075454712
['/mnt/dsc3032-gaya-shared/group6/datasets/VisA/visa_pytorch/pcb1/test/good/0024.JPG'] 0.24581953883171082
['/mnt/dsc3032-gaya-shared/group6/datasets/VisA/visa_pytorch/pcb1/test/good/0026.JPG'] 0.2578786611557007
['/mnt/dsc3032-gaya-shared/group6/datasets/VisA/visa_pytorch/pcb1/test/good/0027.JPG'] 0.26587873697280884
['/mnt/dsc3032-gaya-shared/group6/datasets/VisA/visa_pytorch/pcb1/test/good/0046.JPG'] 0.2544865012168884
['/mnt/dsc3032-gaya-shared/group6/datasets/VisA/visa_pytorch/pcb1/test/good/0100.JPG'] 0.2965927720069885
['/mnt/dsc3032-gaya-shared/group6/datasets/VisA/visa_pytorch/pcb1/test/good/0107.JPG'] 0.2925930917263031
['/mnt/dsc3032-gaya-shared/group6/datasets/VisA/visa_pytorch/pcb1/test/good/0159.JPG'] 0.29792869091033936
['/mnt/dsc3032-gaya-shared/group6/datasets/VisA/visa_pytorch/pcb1/test/good/0168.JPG'] 0.28300437331199646
['/mnt/dsc3032-gaya-shared/group6/datasets/VisA/visa_pytorch/pcb1/test/good/0170.JPG'] 0.2731006145477295
['/mnt/dsc3032-gaya-shared/group6/datasets/VisA/visa_pytorch/pcb1/test/good/0172.JPG'] 0.2696114182472229
['/mnt/dsc3032-gaya-shared/group6/datasets/VisA/visa_pytorch/pcb1/test/good/0174.JPG'] 0.3755827248096466
['/mnt/dsc3032-gaya-shared/group6/datasets/VisA/visa_pytorch/pcb1/test/good/0178.JPG'] 0.2815092206001282
['/mnt/dsc3032-gaya-shared/group6/datasets/VisA/visa_pytorch/pcb1/test/good/0187.JPG'] 0.2788774073123932
['/mnt/dsc3032-gaya-shared/group6/datasets/VisA/visa_pytorch/pcb1/test/good/0196.JPG'] 0.26476067304611206
['/mnt/dsc3032-gaya-shared/group6/datasets/VisA/visa_pytorch/pcb1/test/good/0208.JPG'] 0.25167107582092285
['/mnt/dsc3032-gaya-shared/group6/datasets/VisA/visa_pytorch/pcb1/test/good/0214.JPG'] 0.3762734532356262
['/mnt/dsc3032-gaya-shared/group6/datasets/VisA/visa_pytorch/pcb1/test/good/0215.JPG'] 0.28961604833602905
['/mnt/dsc3032-gaya-shared/group6/datasets/VisA/visa_pytorch/pcb1/test/good/0237.JPG'] 0.25798654556274414
['/mnt/dsc3032-gaya-shared/group6/datasets/VisA/visa_pytorch/pcb1/test/good/0261.JPG'] 0.3379220962524414
['/mnt/dsc3032-gaya-shared/group6/datasets/VisA/visa_pytorch/pcb1/test/good/0286.JPG'] 0.2554504871368408
['/mnt/dsc3032-gaya-shared/group6/datasets/VisA/visa_pytorch/pcb1/test/good/0294.JPG'] 0.24900716543197632
['/mnt/dsc3032-gaya-shared/group6/datasets/VisA/visa_pytorch/pcb1/test/good/0297.JPG'] 0.2764447331428528
['/mnt/dsc3032-gaya-shared/group6/datasets/VisA/visa_pytorch/pcb1/test/good/0303.JPG'] 0.32942426204681396
['/mnt/dsc3032-gaya-shared/group6/datasets/VisA/visa_pytorch/pcb1/test/good/0306.JPG'] 0.3936498761177063
['/mnt/dsc3032-gaya-shared/group6/datasets/VisA/visa_pytorch/pcb1/test/good/0320.JPG'] 0.29835790395736694
['/mnt/dsc3032-gaya-shared/group6/datasets/VisA/visa_pytorch/pcb1/test/good/0333.JPG'] 0.3393216133117676
['/mnt/dsc3032-gaya-shared/group6/datasets/VisA/visa_pytorch/pcb1/test/good/0363.JPG'] 0.2555033564567566
['/mnt/dsc3032-gaya-shared/group6/datasets/VisA/visa_pytorch/pcb1/test/good/0377.JPG'] 0.3207387328147888
['/mnt/dsc3032-gaya-shared/group6/datasets/VisA/visa_pytorch/pcb1/test/good/0394.JPG'] 0.28299838304519653
['/mnt/dsc3032-gaya-shared/group6/datasets/VisA/visa_pytorch/pcb1/test/good/0400.JPG'] 0.2786611318588257
['/mnt/dsc3032-gaya-shared/group6/datasets/VisA/visa_pytorch/pcb1/test/good/0402.JPG'] 0.26889273524284363
['/mnt/dsc3032-gaya-shared/group6/datasets/VisA/visa_pytorch/pcb1/test/good/0417.JPG'] 0.29429155588150024
['/mnt/dsc3032-gaya-shared/group6/datasets/VisA/visa_pytorch/pcb1/test/good/0423.JPG'] 0.27811455726623535
['/mnt/dsc3032-gaya-shared/group6/datasets/VisA/visa_pytorch/pcb1/test/good/0427.JPG'] 0.4262661933898926
['/mnt/dsc3032-gaya-shared/group6/datasets/VisA/visa_pytorch/pcb1/test/good/0457.JPG'] 0.3023708760738373
['/mnt/dsc3032-gaya-shared/group6/datasets/VisA/visa_pytorch/pcb1/test/good/0469.JPG'] 0.2714405655860901
['/mnt/dsc3032-gaya-shared/group6/datasets/VisA/visa_pytorch/pcb1/test/good/0479.JPG'] 0.2988978624343872
['/mnt/dsc3032-gaya-shared/group6/datasets/VisA/visa_pytorch/pcb1/test/good/0483.JPG'] 0.2550388276576996
['/mnt/dsc3032-gaya-shared/group6/datasets/VisA/visa_pytorch/pcb1/test/good/0484.JPG'] 0.292625367641449
['/mnt/dsc3032-gaya-shared/group6/datasets/VisA/visa_pytorch/pcb1/test/good/0488.JPG'] 0.30695563554763794
['/mnt/dsc3032-gaya-shared/group6/datasets/VisA/visa_pytorch/pcb1/test/good/0490.JPG'] 0.2812905013561249
['/mnt/dsc3032-gaya-shared/group6/datasets/VisA/visa_pytorch/pcb1/test/good/0514.JPG'] 0.2921273708343506
['/mnt/dsc3032-gaya-shared/group6/datasets/VisA/visa_pytorch/pcb1/test/good/0518.JPG'] 0.27230972051620483
['/mnt/dsc3032-gaya-shared/group6/datasets/VisA/visa_pytorch/pcb1/test/good/0520.JPG'] 0.2486106902360916
['/mnt/dsc3032-gaya-shared/group6/datasets/VisA/visa_pytorch/pcb1/test/good/0525.JPG'] 0.2511407136917114
['/mnt/dsc3032-gaya-shared/group6/datasets/VisA/visa_pytorch/pcb1/test/good/0545.JPG'] 0.3043375015258789
['/mnt/dsc3032-gaya-shared/group6/datasets/VisA/visa_pytorch/pcb1/test/good/0552.JPG'] 0.2893291115760803
['/mnt/dsc3032-gaya-shared/group6/datasets/VisA/visa_pytorch/pcb1/test/good/0569.JPG'] 0.31961455941200256
['/mnt/dsc3032-gaya-shared/group6/datasets/VisA/visa_pytorch/pcb1/test/good/0615.JPG'] 0.3813861608505249
['/mnt/dsc3032-gaya-shared/group6/datasets/VisA/visa_pytorch/pcb1/test/good/0617.JPG'] 0.34761476516723633
['/mnt/dsc3032-gaya-shared/group6/datasets/VisA/visa_pytorch/pcb1/test/good/0619.JPG'] 0.35291486978530884
['/mnt/dsc3032-gaya-shared/group6/datasets/VisA/visa_pytorch/pcb1/test/good/0621.JPG'] 0.4345434308052063
['/mnt/dsc3032-gaya-shared/group6/datasets/VisA/visa_pytorch/pcb1/test/good/0629.JPG'] 0.418900728225708
['/mnt/dsc3032-gaya-shared/group6/datasets/VisA/visa_pytorch/pcb1/test/good/0631.JPG'] 0.35195446014404297
['/mnt/dsc3032-gaya-shared/group6/datasets/VisA/visa_pytorch/pcb1/test/good/0648.JPG'] 0.36955296993255615
['/mnt/dsc3032-gaya-shared/group6/datasets/VisA/visa_pytorch/pcb1/test/good/0654.JPG'] 0.3791043758392334
['/mnt/dsc3032-gaya-shared/group6/datasets/VisA/visa_pytorch/pcb1/test/good/0657.JPG'] 0.34331661462783813
['/mnt/dsc3032-gaya-shared/group6/datasets/VisA/visa_pytorch/pcb1/test/good/0659.JPG'] 0.4143363833427429
['/mnt/dsc3032-gaya-shared/group6/datasets/VisA/visa_pytorch/pcb1/test/good/0674.JPG'] 0.3734118342399597
['/mnt/dsc3032-gaya-shared/group6/datasets/VisA/visa_pytorch/pcb1/test/good/0684.JPG'] 0.4332562983036041
['/mnt/dsc3032-gaya-shared/group6/datasets/VisA/visa_pytorch/pcb1/test/good/0685.JPG'] 0.4098407030105591
['/mnt/dsc3032-gaya-shared/group6/datasets/VisA/visa_pytorch/pcb1/test/good/0688.JPG'] 0.40145057439804077
['/mnt/dsc3032-gaya-shared/group6/datasets/VisA/visa_pytorch/pcb1/test/good/0690.JPG'] 0.4295143485069275
['/mnt/dsc3032-gaya-shared/group6/datasets/VisA/visa_pytorch/pcb1/test/good/0694.JPG'] 0.3864259123802185
['/mnt/dsc3032-gaya-shared/group6/datasets/VisA/visa_pytorch/pcb1/test/good/0705.JPG'] 0.4246971309185028
['/mnt/dsc3032-gaya-shared/group6/datasets/VisA/visa_pytorch/pcb1/test/good/0725.JPG'] 0.36648356914520264
['/mnt/dsc3032-gaya-shared/group6/datasets/VisA/visa_pytorch/pcb1/test/good/0730.JPG'] 0.43170374631881714
['/mnt/dsc3032-gaya-shared/group6/datasets/VisA/visa_pytorch/pcb1/test/good/0735.JPG'] 0.4002072513103485
['/mnt/dsc3032-gaya-shared/group6/datasets/VisA/visa_pytorch/pcb1/test/good/0739.JPG'] 0.36383670568466187
['/mnt/dsc3032-gaya-shared/group6/datasets/VisA/visa_pytorch/pcb1/test/good/0751.JPG'] 0.3991461396217346
['/mnt/dsc3032-gaya-shared/group6/datasets/VisA/visa_pytorch/pcb1/test/good/0755.JPG'] 0.4260379672050476
['/mnt/dsc3032-gaya-shared/group6/datasets/VisA/visa_pytorch/pcb1/test/good/0764.JPG'] 0.35230928659439087
['/mnt/dsc3032-gaya-shared/group6/datasets/VisA/visa_pytorch/pcb1/test/good/0768.JPG'] 0.4246973395347595
['/mnt/dsc3032-gaya-shared/group6/datasets/VisA/visa_pytorch/pcb1/test/good/0779.JPG'] 0.35936683416366577
['/mnt/dsc3032-gaya-shared/group6/datasets/VisA/visa_pytorch/pcb1/test/good/0784.JPG'] 0.4103414714336395
['/mnt/dsc3032-gaya-shared/group6/datasets/VisA/visa_pytorch/pcb1/test/good/0796.JPG'] 0.404646635055542
['/mnt/dsc3032-gaya-shared/group6/datasets/VisA/visa_pytorch/pcb1/test/good/0797.JPG'] 0.34718865156173706
['/mnt/dsc3032-gaya-shared/group6/datasets/VisA/visa_pytorch/pcb1/test/good/0800.JPG'] 0.3539854884147644
['/mnt/dsc3032-gaya-shared/group6/datasets/VisA/visa_pytorch/pcb1/test/good/0804.JPG'] 0.42169785499572754
['/mnt/dsc3032-gaya-shared/group6/datasets/VisA/visa_pytorch/pcb1/test/good/0811.JPG'] 0.3682560622692108
['/mnt/dsc3032-gaya-shared/group6/datasets/VisA/visa_pytorch/pcb1/test/good/0844.JPG'] 0.2507454752922058
['/mnt/dsc3032-gaya-shared/group6/datasets/VisA/visa_pytorch/pcb1/test/good/0869.JPG'] 0.2928415834903717
['/mnt/dsc3032-gaya-shared/group6/datasets/VisA/visa_pytorch/pcb1/test/good/0871.JPG'] 0.2722773253917694
['/mnt/dsc3032-gaya-shared/group6/datasets/VisA/visa_pytorch/pcb1/test/good/0892.JPG'] 0.26261818408966064
['/mnt/dsc3032-gaya-shared/group6/datasets/VisA/visa_pytorch/pcb1/test/good/0900.JPG'] 0.2625420391559601
['/mnt/dsc3032-gaya-shared/group6/datasets/VisA/visa_pytorch/pcb1/test/good/0920.JPG'] 0.37341010570526123
['/mnt/dsc3032-gaya-shared/group6/datasets/VisA/visa_pytorch/pcb1/test/good/0923.JPG'] 0.3303985893726349
['/mnt/dsc3032-gaya-shared/group6/datasets/VisA/visa_pytorch/pcb1/test/good/0935.JPG'] 0.25737667083740234
['/mnt/dsc3032-gaya-shared/group6/datasets/VisA/visa_pytorch/pcb1/test/good/0940.JPG'] 0.26720666885375977
['/mnt/dsc3032-gaya-shared/group6/datasets/VisA/visa_pytorch/pcb1/test/good/0952.JPG'] 0.2469421923160553
['/mnt/dsc3032-gaya-shared/group6/datasets/VisA/visa_pytorch/pcb1/test/good/0957.JPG'] 0.2913358807563782
['/mnt/dsc3032-gaya-shared/group6/datasets/VisA/visa_pytorch/pcb1/test/good/0964.JPG'] 0.28714102506637573
['/mnt/dsc3032-gaya-shared/group6/datasets/VisA/visa_pytorch/pcb1/test/good/0971.JPG'] 0.2663622498512268
['/mnt/dsc3032-gaya-shared/group6/datasets/VisA/visa_pytorch/pcb1/test/good/0974.JPG'] 0.276394248008728
['/mnt/dsc3032-gaya-shared/group6/datasets/VisA/visa_pytorch/pcb1/test/good/0989.JPG'] 0.2826753854751587
['/mnt/dsc3032-gaya-shared/group6/datasets/VisA/visa_pytorch/pcb1/test/good/0994.JPG'] 0.3477800488471985
['/mnt/dsc3032-gaya-shared/group6/datasets/VisA/visa_pytorch/pcb1/test/good/1000.JPG'] 0.2811381220817566
26-06-02 16:31:45.333 - INFO: 
| category   |   K-shots |   F1-Max(image) |   AUROC(image) |   F1-Max(pixel) |   AUROC(pixel) |
|:-----------|----------:|----------------:|---------------:|----------------:|---------------:|
| pcb1       |         1 |           84.58 |          85.11 |           52.45 |          98.04 |
