/home/gaya6/LogSAD/dinov2/dinov2/layers/swiglu_ffn.py:43: UserWarning: xFormers is available (SwiGLU)
  warnings.warn("xFormers is available (SwiGLU)")
/home/gaya6/LogSAD/dinov2/dinov2/layers/attention.py:27: UserWarning: xFormers is available (Attention)
  warnings.warn("xFormers is available (Attention)")
/home/gaya6/LogSAD/dinov2/dinov2/layers/block.py:33: UserWarning: xFormers is available (Block)
  warnings.warn("xFormers is available (Block)")
['/mnt/dsc3032-gaya-shared/group6/datasets/VisA/visa_pytorch/pcb2/test/bad/000.JPG'] 0.3336869478225708
['/mnt/dsc3032-gaya-shared/group6/datasets/VisA/visa_pytorch/pcb2/test/bad/001.JPG'] 0.3421403169631958
['/mnt/dsc3032-gaya-shared/group6/datasets/VisA/visa_pytorch/pcb2/test/bad/002.JPG'] 0.3579510748386383
['/mnt/dsc3032-gaya-shared/group6/datasets/VisA/visa_pytorch/pcb2/test/bad/003.JPG'] 0.31320899724960327
['/mnt/dsc3032-gaya-shared/group6/datasets/VisA/visa_pytorch/pcb2/test/bad/004.JPG'] 0.34647223353385925
['/mnt/dsc3032-gaya-shared/group6/datasets/VisA/visa_pytorch/pcb2/test/bad/005.JPG'] 0.27830004692077637
['/mnt/dsc3032-gaya-shared/group6/datasets/VisA/visa_pytorch/pcb2/test/bad/006.JPG'] 0.3270910084247589
['/mnt/dsc3032-gaya-shared/group6/datasets/VisA/visa_pytorch/pcb2/test/bad/007.JPG'] 0.31759271025657654
['/mnt/dsc3032-gaya-shared/group6/datasets/VisA/visa_pytorch/pcb2/test/bad/008.JPG'] 0.3484901189804077
['/mnt/dsc3032-gaya-shared/group6/datasets/VisA/visa_pytorch/pcb2/test/bad/009.JPG'] 0.3555041551589966
['/mnt/dsc3032-gaya-shared/group6/datasets/VisA/visa_pytorch/pcb2/test/bad/010.JPG'] 0.25493454933166504
['/mnt/dsc3032-gaya-shared/group6/datasets/VisA/visa_pytorch/pcb2/test/bad/011.JPG'] 0.3598823547363281
['/mnt/dsc3032-gaya-shared/group6/datasets/VisA/visa_pytorch/pcb2/test/bad/012.JPG'] 0.30025869607925415
['/mnt/dsc3032-gaya-shared/group6/datasets/VisA/visa_pytorch/pcb2/test/bad/013.JPG'] 0.38297533988952637
['/mnt/dsc3032-gaya-shared/group6/datasets/VisA/visa_pytorch/pcb2/test/bad/014.JPG'] 0.26060813665390015
['/mnt/dsc3032-gaya-shared/group6/datasets/VisA/visa_pytorch/pcb2/test/bad/015.JPG'] 0.3162195682525635
['/mnt/dsc3032-gaya-shared/group6/datasets/VisA/visa_pytorch/pcb2/test/bad/016.JPG'] 0.3863167464733124
['/mnt/dsc3032-gaya-shared/group6/datasets/VisA/visa_pytorch/pcb2/test/bad/017.JPG'] 0.29261064529418945
['/mnt/dsc3032-gaya-shared/group6/datasets/VisA/visa_pytorch/pcb2/test/bad/018.JPG'] 0.41899818181991577
['/mnt/dsc3032-gaya-shared/group6/datasets/VisA/visa_pytorch/pcb2/test/bad/019.JPG'] 0.32714465260505676
['/mnt/dsc3032-gaya-shared/group6/datasets/VisA/visa_pytorch/pcb2/test/bad/020.JPG'] 0.325082391500473
['/mnt/dsc3032-gaya-shared/group6/datasets/VisA/visa_pytorch/pcb2/test/bad/021.JPG'] 0.34714341163635254
['/mnt/dsc3032-gaya-shared/group6/datasets/VisA/visa_pytorch/pcb2/test/bad/022.JPG'] 0.2759932279586792
['/mnt/dsc3032-gaya-shared/group6/datasets/VisA/visa_pytorch/pcb2/test/bad/023.JPG'] 0.31450656056404114
['/mnt/dsc3032-gaya-shared/group6/datasets/VisA/visa_pytorch/pcb2/test/bad/024.JPG'] 0.34675660729408264
['/mnt/dsc3032-gaya-shared/group6/datasets/VisA/visa_pytorch/pcb2/test/bad/025.JPG'] 0.35318782925605774
['/mnt/dsc3032-gaya-shared/group6/datasets/VisA/visa_pytorch/pcb2/test/bad/026.JPG'] 0.38206514716148376
['/mnt/dsc3032-gaya-shared/group6/datasets/VisA/visa_pytorch/pcb2/test/bad/027.JPG'] 0.36069297790527344
['/mnt/dsc3032-gaya-shared/group6/datasets/VisA/visa_pytorch/pcb2/test/bad/028.JPG'] 0.3779282867908478
['/mnt/dsc3032-gaya-shared/group6/datasets/VisA/visa_pytorch/pcb2/test/bad/029.JPG'] 0.41261976957321167
['/mnt/dsc3032-gaya-shared/group6/datasets/VisA/visa_pytorch/pcb2/test/bad/030.JPG'] 0.4286991059780121
['/mnt/dsc3032-gaya-shared/group6/datasets/VisA/visa_pytorch/pcb2/test/bad/031.JPG'] 0.2981824278831482
['/mnt/dsc3032-gaya-shared/group6/datasets/VisA/visa_pytorch/pcb2/test/bad/032.JPG'] 0.30307722091674805
['/mnt/dsc3032-gaya-shared/group6/datasets/VisA/visa_pytorch/pcb2/test/bad/033.JPG'] 0.2849167585372925
['/mnt/dsc3032-gaya-shared/group6/datasets/VisA/visa_pytorch/pcb2/test/bad/034.JPG'] 0.36005404591560364
['/mnt/dsc3032-gaya-shared/group6/datasets/VisA/visa_pytorch/pcb2/test/bad/035.JPG'] 0.27879226207733154
['/mnt/dsc3032-gaya-shared/group6/datasets/VisA/visa_pytorch/pcb2/test/bad/036.JPG'] 0.27421075105667114
['/mnt/dsc3032-gaya-shared/group6/datasets/VisA/visa_pytorch/pcb2/test/bad/037.JPG'] 0.33714401721954346
['/mnt/dsc3032-gaya-shared/group6/datasets/VisA/visa_pytorch/pcb2/test/bad/038.JPG'] 0.26145249605178833
['/mnt/dsc3032-gaya-shared/group6/datasets/VisA/visa_pytorch/pcb2/test/bad/039.JPG'] 0.37558674812316895
['/mnt/dsc3032-gaya-shared/group6/datasets/VisA/visa_pytorch/pcb2/test/bad/040.JPG'] 0.438527375459671
['/mnt/dsc3032-gaya-shared/group6/datasets/VisA/visa_pytorch/pcb2/test/bad/041.JPG'] 0.4446769952774048
['/mnt/dsc3032-gaya-shared/group6/datasets/VisA/visa_pytorch/pcb2/test/bad/042.JPG'] 0.3252521753311157
['/mnt/dsc3032-gaya-shared/group6/datasets/VisA/visa_pytorch/pcb2/test/bad/043.JPG'] 0.32265394926071167
['/mnt/dsc3032-gaya-shared/group6/datasets/VisA/visa_pytorch/pcb2/test/bad/044.JPG'] 0.3556394577026367
['/mnt/dsc3032-gaya-shared/group6/datasets/VisA/visa_pytorch/pcb2/test/bad/045.JPG'] 0.3282374143600464
['/mnt/dsc3032-gaya-shared/group6/datasets/VisA/visa_pytorch/pcb2/test/bad/046.JPG'] 0.40980082750320435
['/mnt/dsc3032-gaya-shared/group6/datasets/VisA/visa_pytorch/pcb2/test/bad/047.JPG'] 0.4273974299430847
['/mnt/dsc3032-gaya-shared/group6/datasets/VisA/visa_pytorch/pcb2/test/bad/048.JPG'] 0.290828138589859
['/mnt/dsc3032-gaya-shared/group6/datasets/VisA/visa_pytorch/pcb2/test/bad/049.JPG'] 0.2919422388076782
['/mnt/dsc3032-gaya-shared/group6/datasets/VisA/visa_pytorch/pcb2/test/bad/050.JPG'] 0.29796361923217773
['/mnt/dsc3032-gaya-shared/group6/datasets/VisA/visa_pytorch/pcb2/test/bad/051.JPG'] 0.31254684925079346
['/mnt/dsc3032-gaya-shared/group6/datasets/VisA/visa_pytorch/pcb2/test/bad/052.JPG'] 0.34358158707618713
['/mnt/dsc3032-gaya-shared/group6/datasets/VisA/visa_pytorch/pcb2/test/bad/053.JPG'] 0.2618183493614197
['/mnt/dsc3032-gaya-shared/group6/datasets/VisA/visa_pytorch/pcb2/test/bad/054.JPG'] 0.36405470967292786
['/mnt/dsc3032-gaya-shared/group6/datasets/VisA/visa_pytorch/pcb2/test/bad/055.JPG'] 0.29961907863616943
['/mnt/dsc3032-gaya-shared/group6/datasets/VisA/visa_pytorch/pcb2/test/bad/056.JPG'] 0.33916518092155457
['/mnt/dsc3032-gaya-shared/group6/datasets/VisA/visa_pytorch/pcb2/test/bad/057.JPG'] 0.2710378170013428
['/mnt/dsc3032-gaya-shared/group6/datasets/VisA/visa_pytorch/pcb2/test/bad/058.JPG'] 0.31786948442459106
['/mnt/dsc3032-gaya-shared/group6/datasets/VisA/visa_pytorch/pcb2/test/bad/059.JPG'] 0.31744563579559326
['/mnt/dsc3032-gaya-shared/group6/datasets/VisA/visa_pytorch/pcb2/test/bad/060.JPG'] 0.31027737259864807
['/mnt/dsc3032-gaya-shared/group6/datasets/VisA/visa_pytorch/pcb2/test/bad/061.JPG'] 0.3757551908493042
['/mnt/dsc3032-gaya-shared/group6/datasets/VisA/visa_pytorch/pcb2/test/bad/062.JPG'] 0.31271231174468994
['/mnt/dsc3032-gaya-shared/group6/datasets/VisA/visa_pytorch/pcb2/test/bad/063.JPG'] 0.35221314430236816
['/mnt/dsc3032-gaya-shared/group6/datasets/VisA/visa_pytorch/pcb2/test/bad/064.JPG'] 0.38620811700820923
['/mnt/dsc3032-gaya-shared/group6/datasets/VisA/visa_pytorch/pcb2/test/bad/065.JPG'] 0.32130783796310425
['/mnt/dsc3032-gaya-shared/group6/datasets/VisA/visa_pytorch/pcb2/test/bad/066.JPG'] 0.35907891392707825
['/mnt/dsc3032-gaya-shared/group6/datasets/VisA/visa_pytorch/pcb2/test/bad/067.JPG'] 0.34557268023490906
['/mnt/dsc3032-gaya-shared/group6/datasets/VisA/visa_pytorch/pcb2/test/bad/068.JPG'] 0.32341504096984863
['/mnt/dsc3032-gaya-shared/group6/datasets/VisA/visa_pytorch/pcb2/test/bad/069.JPG'] 0.3584446310997009
['/mnt/dsc3032-gaya-shared/group6/datasets/VisA/visa_pytorch/pcb2/test/bad/070.JPG'] 0.33260810375213623
['/mnt/dsc3032-gaya-shared/group6/datasets/VisA/visa_pytorch/pcb2/test/bad/071.JPG'] 0.3605693280696869
['/mnt/dsc3032-gaya-shared/group6/datasets/VisA/visa_pytorch/pcb2/test/bad/072.JPG'] 0.2551129460334778
['/mnt/dsc3032-gaya-shared/group6/datasets/VisA/visa_pytorch/pcb2/test/bad/073.JPG'] 0.30822479724884033
['/mnt/dsc3032-gaya-shared/group6/datasets/VisA/visa_pytorch/pcb2/test/bad/074.JPG'] 0.38734400272369385
['/mnt/dsc3032-gaya-shared/group6/datasets/VisA/visa_pytorch/pcb2/test/bad/075.JPG'] 0.39372384548187256
['/mnt/dsc3032-gaya-shared/group6/datasets/VisA/visa_pytorch/pcb2/test/bad/076.JPG'] 0.283923864364624
['/mnt/dsc3032-gaya-shared/group6/datasets/VisA/visa_pytorch/pcb2/test/bad/077.JPG'] 0.338165283203125
['/mnt/dsc3032-gaya-shared/group6/datasets/VisA/visa_pytorch/pcb2/test/bad/078.JPG'] 0.3622501492500305
['/mnt/dsc3032-gaya-shared/group6/datasets/VisA/visa_pytorch/pcb2/test/bad/079.JPG'] 0.3468969166278839
['/mnt/dsc3032-gaya-shared/group6/datasets/VisA/visa_pytorch/pcb2/test/bad/080.JPG'] 0.2984175384044647
['/mnt/dsc3032-gaya-shared/group6/datasets/VisA/visa_pytorch/pcb2/test/bad/081.JPG'] 0.3141286373138428
['/mnt/dsc3032-gaya-shared/group6/datasets/VisA/visa_pytorch/pcb2/test/bad/082.JPG'] 0.3180384337902069
['/mnt/dsc3032-gaya-shared/group6/datasets/VisA/visa_pytorch/pcb2/test/bad/083.JPG'] 0.29899081587791443
['/mnt/dsc3032-gaya-shared/group6/datasets/VisA/visa_pytorch/pcb2/test/bad/084.JPG'] 0.36957451701164246
['/mnt/dsc3032-gaya-shared/group6/datasets/VisA/visa_pytorch/pcb2/test/bad/085.JPG'] 0.35118257999420166
['/mnt/dsc3032-gaya-shared/group6/datasets/VisA/visa_pytorch/pcb2/test/bad/086.JPG'] 0.4306687116622925
['/mnt/dsc3032-gaya-shared/group6/datasets/VisA/visa_pytorch/pcb2/test/bad/087.JPG'] 0.4323626756668091
['/mnt/dsc3032-gaya-shared/group6/datasets/VisA/visa_pytorch/pcb2/test/bad/088.JPG'] 0.40592819452285767
['/mnt/dsc3032-gaya-shared/group6/datasets/VisA/visa_pytorch/pcb2/test/bad/089.JPG'] 0.4920879006385803
['/mnt/dsc3032-gaya-shared/group6/datasets/VisA/visa_pytorch/pcb2/test/bad/090.JPG'] 0.393676221370697
['/mnt/dsc3032-gaya-shared/group6/datasets/VisA/visa_pytorch/pcb2/test/bad/091.JPG'] 0.43043553829193115
['/mnt/dsc3032-gaya-shared/group6/datasets/VisA/visa_pytorch/pcb2/test/bad/092.JPG'] 0.3775564432144165
['/mnt/dsc3032-gaya-shared/group6/datasets/VisA/visa_pytorch/pcb2/test/bad/093.JPG'] 0.4481832981109619
['/mnt/dsc3032-gaya-shared/group6/datasets/VisA/visa_pytorch/pcb2/test/bad/094.JPG'] 0.38576918840408325
['/mnt/dsc3032-gaya-shared/group6/datasets/VisA/visa_pytorch/pcb2/test/bad/095.JPG'] 0.38654351234436035
['/mnt/dsc3032-gaya-shared/group6/datasets/VisA/visa_pytorch/pcb2/test/bad/096.JPG'] 0.38842660188674927
['/mnt/dsc3032-gaya-shared/group6/datasets/VisA/visa_pytorch/pcb2/test/bad/097.JPG'] 0.3387497067451477
['/mnt/dsc3032-gaya-shared/group6/datasets/VisA/visa_pytorch/pcb2/test/bad/098.JPG'] 0.41145676374435425
['/mnt/dsc3032-gaya-shared/group6/datasets/VisA/visa_pytorch/pcb2/test/bad/099.JPG'] 0.3334362804889679
['/mnt/dsc3032-gaya-shared/group6/datasets/VisA/visa_pytorch/pcb2/test/good/0011.JPG'] 0.4112599492073059
['/mnt/dsc3032-gaya-shared/group6/datasets/VisA/visa_pytorch/pcb2/test/good/0013.JPG'] 0.35740262269973755
['/mnt/dsc3032-gaya-shared/group6/datasets/VisA/visa_pytorch/pcb2/test/good/0016.JPG'] 0.2629016637802124
['/mnt/dsc3032-gaya-shared/group6/datasets/VisA/visa_pytorch/pcb2/test/good/0024.JPG'] 0.4120005667209625
['/mnt/dsc3032-gaya-shared/group6/datasets/VisA/visa_pytorch/pcb2/test/good/0026.JPG'] 0.23322567343711853
['/mnt/dsc3032-gaya-shared/group6/datasets/VisA/visa_pytorch/pcb2/test/good/0027.JPG'] 0.31999051570892334
['/mnt/dsc3032-gaya-shared/group6/datasets/VisA/visa_pytorch/pcb2/test/good/0046.JPG'] 0.2685222029685974
['/mnt/dsc3032-gaya-shared/group6/datasets/VisA/visa_pytorch/pcb2/test/good/0100.JPG'] 0.27708935737609863
['/mnt/dsc3032-gaya-shared/group6/datasets/VisA/visa_pytorch/pcb2/test/good/0107.JPG'] 0.3295685052871704
['/mnt/dsc3032-gaya-shared/group6/datasets/VisA/visa_pytorch/pcb2/test/good/0159.JPG'] 0.27594417333602905
['/mnt/dsc3032-gaya-shared/group6/datasets/VisA/visa_pytorch/pcb2/test/good/0168.JPG'] 0.2453436255455017
['/mnt/dsc3032-gaya-shared/group6/datasets/VisA/visa_pytorch/pcb2/test/good/0170.JPG'] 0.27666085958480835
['/mnt/dsc3032-gaya-shared/group6/datasets/VisA/visa_pytorch/pcb2/test/good/0172.JPG'] 0.2810428738594055
['/mnt/dsc3032-gaya-shared/group6/datasets/VisA/visa_pytorch/pcb2/test/good/0174.JPG'] 0.3390967547893524
['/mnt/dsc3032-gaya-shared/group6/datasets/VisA/visa_pytorch/pcb2/test/good/0178.JPG'] 0.2920825481414795
['/mnt/dsc3032-gaya-shared/group6/datasets/VisA/visa_pytorch/pcb2/test/good/0187.JPG'] 0.3093317747116089
['/mnt/dsc3032-gaya-shared/group6/datasets/VisA/visa_pytorch/pcb2/test/good/0196.JPG'] 0.26235103607177734
['/mnt/dsc3032-gaya-shared/group6/datasets/VisA/visa_pytorch/pcb2/test/good/0208.JPG'] 0.2608754634857178
['/mnt/dsc3032-gaya-shared/group6/datasets/VisA/visa_pytorch/pcb2/test/good/0214.JPG'] 0.2888777256011963
['/mnt/dsc3032-gaya-shared/group6/datasets/VisA/visa_pytorch/pcb2/test/good/0215.JPG'] 0.3327934145927429
['/mnt/dsc3032-gaya-shared/group6/datasets/VisA/visa_pytorch/pcb2/test/good/0237.JPG'] 0.2845745086669922
['/mnt/dsc3032-gaya-shared/group6/datasets/VisA/visa_pytorch/pcb2/test/good/0261.JPG'] 0.3334559202194214
['/mnt/dsc3032-gaya-shared/group6/datasets/VisA/visa_pytorch/pcb2/test/good/0286.JPG'] 0.3002447485923767
['/mnt/dsc3032-gaya-shared/group6/datasets/VisA/visa_pytorch/pcb2/test/good/0294.JPG'] 0.2749788761138916
['/mnt/dsc3032-gaya-shared/group6/datasets/VisA/visa_pytorch/pcb2/test/good/0297.JPG'] 0.29542142152786255
['/mnt/dsc3032-gaya-shared/group6/datasets/VisA/visa_pytorch/pcb2/test/good/0303.JPG'] 0.2687804102897644
['/mnt/dsc3032-gaya-shared/group6/datasets/VisA/visa_pytorch/pcb2/test/good/0306.JPG'] 0.3224411606788635
['/mnt/dsc3032-gaya-shared/group6/datasets/VisA/visa_pytorch/pcb2/test/good/0320.JPG'] 0.2720327079296112
['/mnt/dsc3032-gaya-shared/group6/datasets/VisA/visa_pytorch/pcb2/test/good/0333.JPG'] 0.2725621461868286
['/mnt/dsc3032-gaya-shared/group6/datasets/VisA/visa_pytorch/pcb2/test/good/0363.JPG'] 0.28652268648147583
['/mnt/dsc3032-gaya-shared/group6/datasets/VisA/visa_pytorch/pcb2/test/good/0377.JPG'] 0.30536508560180664
['/mnt/dsc3032-gaya-shared/group6/datasets/VisA/visa_pytorch/pcb2/test/good/0394.JPG'] 0.34314414858818054
['/mnt/dsc3032-gaya-shared/group6/datasets/VisA/visa_pytorch/pcb2/test/good/0400.JPG'] 0.2848561406135559
['/mnt/dsc3032-gaya-shared/group6/datasets/VisA/visa_pytorch/pcb2/test/good/0402.JPG'] 0.32429468631744385
['/mnt/dsc3032-gaya-shared/group6/datasets/VisA/visa_pytorch/pcb2/test/good/0417.JPG'] 0.28928035497665405
['/mnt/dsc3032-gaya-shared/group6/datasets/VisA/visa_pytorch/pcb2/test/good/0423.JPG'] 0.3332556486129761
['/mnt/dsc3032-gaya-shared/group6/datasets/VisA/visa_pytorch/pcb2/test/good/0427.JPG'] 0.2908599376678467
['/mnt/dsc3032-gaya-shared/group6/datasets/VisA/visa_pytorch/pcb2/test/good/0457.JPG'] 0.3313695192337036
['/mnt/dsc3032-gaya-shared/group6/datasets/VisA/visa_pytorch/pcb2/test/good/0469.JPG'] 0.2893553674221039
['/mnt/dsc3032-gaya-shared/group6/datasets/VisA/visa_pytorch/pcb2/test/good/0479.JPG'] 0.27372241020202637
['/mnt/dsc3032-gaya-shared/group6/datasets/VisA/visa_pytorch/pcb2/test/good/0483.JPG'] 0.3475119471549988
['/mnt/dsc3032-gaya-shared/group6/datasets/VisA/visa_pytorch/pcb2/test/good/0484.JPG'] 0.30328798294067383
['/mnt/dsc3032-gaya-shared/group6/datasets/VisA/visa_pytorch/pcb2/test/good/0488.JPG'] 0.287919282913208
['/mnt/dsc3032-gaya-shared/group6/datasets/VisA/visa_pytorch/pcb2/test/good/0490.JPG'] 0.28495144844055176
['/mnt/dsc3032-gaya-shared/group6/datasets/VisA/visa_pytorch/pcb2/test/good/0514.JPG'] 0.3153845965862274
['/mnt/dsc3032-gaya-shared/group6/datasets/VisA/visa_pytorch/pcb2/test/good/0518.JPG'] 0.31381821632385254
['/mnt/dsc3032-gaya-shared/group6/datasets/VisA/visa_pytorch/pcb2/test/good/0520.JPG'] 0.2594235837459564
['/mnt/dsc3032-gaya-shared/group6/datasets/VisA/visa_pytorch/pcb2/test/good/0525.JPG'] 0.32044824957847595
['/mnt/dsc3032-gaya-shared/group6/datasets/VisA/visa_pytorch/pcb2/test/good/0545.JPG'] 0.30707135796546936
['/mnt/dsc3032-gaya-shared/group6/datasets/VisA/visa_pytorch/pcb2/test/good/0552.JPG'] 0.3639841079711914
['/mnt/dsc3032-gaya-shared/group6/datasets/VisA/visa_pytorch/pcb2/test/good/0569.JPG'] 0.2776595652103424
['/mnt/dsc3032-gaya-shared/group6/datasets/VisA/visa_pytorch/pcb2/test/good/0615.JPG'] 0.281946063041687
['/mnt/dsc3032-gaya-shared/group6/datasets/VisA/visa_pytorch/pcb2/test/good/0617.JPG'] 0.2858460545539856
['/mnt/dsc3032-gaya-shared/group6/datasets/VisA/visa_pytorch/pcb2/test/good/0619.JPG'] 0.2676057815551758
['/mnt/dsc3032-gaya-shared/group6/datasets/VisA/visa_pytorch/pcb2/test/good/0621.JPG'] 0.31775298714637756
['/mnt/dsc3032-gaya-shared/group6/datasets/VisA/visa_pytorch/pcb2/test/good/0629.JPG'] 0.3114742040634155
['/mnt/dsc3032-gaya-shared/group6/datasets/VisA/visa_pytorch/pcb2/test/good/0631.JPG'] 0.3110915422439575
['/mnt/dsc3032-gaya-shared/group6/datasets/VisA/visa_pytorch/pcb2/test/good/0648.JPG'] 0.276906281709671
['/mnt/dsc3032-gaya-shared/group6/datasets/VisA/visa_pytorch/pcb2/test/good/0654.JPG'] 0.30340176820755005
['/mnt/dsc3032-gaya-shared/group6/datasets/VisA/visa_pytorch/pcb2/test/good/0657.JPG'] 0.30417054891586304
['/mnt/dsc3032-gaya-shared/group6/datasets/VisA/visa_pytorch/pcb2/test/good/0659.JPG'] 0.27832359075546265
['/mnt/dsc3032-gaya-shared/group6/datasets/VisA/visa_pytorch/pcb2/test/good/0674.JPG'] 0.3001423478126526
['/mnt/dsc3032-gaya-shared/group6/datasets/VisA/visa_pytorch/pcb2/test/good/0684.JPG'] 0.28911325335502625
['/mnt/dsc3032-gaya-shared/group6/datasets/VisA/visa_pytorch/pcb2/test/good/0685.JPG'] 0.298556923866272
['/mnt/dsc3032-gaya-shared/group6/datasets/VisA/visa_pytorch/pcb2/test/good/0688.JPG'] 0.26056230068206787
['/mnt/dsc3032-gaya-shared/group6/datasets/VisA/visa_pytorch/pcb2/test/good/0690.JPG'] 0.3193797469139099
['/mnt/dsc3032-gaya-shared/group6/datasets/VisA/visa_pytorch/pcb2/test/good/0694.JPG'] 0.2880379557609558
['/mnt/dsc3032-gaya-shared/group6/datasets/VisA/visa_pytorch/pcb2/test/good/0705.JPG'] 0.279174268245697
['/mnt/dsc3032-gaya-shared/group6/datasets/VisA/visa_pytorch/pcb2/test/good/0725.JPG'] 0.2898097634315491
['/mnt/dsc3032-gaya-shared/group6/datasets/VisA/visa_pytorch/pcb2/test/good/0730.JPG'] 0.305629700422287
['/mnt/dsc3032-gaya-shared/group6/datasets/VisA/visa_pytorch/pcb2/test/good/0735.JPG'] 0.2787742018699646
['/mnt/dsc3032-gaya-shared/group6/datasets/VisA/visa_pytorch/pcb2/test/good/0739.JPG'] 0.28196775913238525
['/mnt/dsc3032-gaya-shared/group6/datasets/VisA/visa_pytorch/pcb2/test/good/0751.JPG'] 0.3515712022781372
['/mnt/dsc3032-gaya-shared/group6/datasets/VisA/visa_pytorch/pcb2/test/good/0755.JPG'] 0.30200427770614624
['/mnt/dsc3032-gaya-shared/group6/datasets/VisA/visa_pytorch/pcb2/test/good/0764.JPG'] 0.3130020499229431
['/mnt/dsc3032-gaya-shared/group6/datasets/VisA/visa_pytorch/pcb2/test/good/0768.JPG'] 0.26867568492889404
['/mnt/dsc3032-gaya-shared/group6/datasets/VisA/visa_pytorch/pcb2/test/good/0779.JPG'] 0.2818928360939026
['/mnt/dsc3032-gaya-shared/group6/datasets/VisA/visa_pytorch/pcb2/test/good/0784.JPG'] 0.2759374976158142
['/mnt/dsc3032-gaya-shared/group6/datasets/VisA/visa_pytorch/pcb2/test/good/0796.JPG'] 0.2642098069190979
['/mnt/dsc3032-gaya-shared/group6/datasets/VisA/visa_pytorch/pcb2/test/good/0797.JPG'] 0.280379980802536
['/mnt/dsc3032-gaya-shared/group6/datasets/VisA/visa_pytorch/pcb2/test/good/0800.JPG'] 0.290372371673584
['/mnt/dsc3032-gaya-shared/group6/datasets/VisA/visa_pytorch/pcb2/test/good/0804.JPG'] 0.331843763589859
['/mnt/dsc3032-gaya-shared/group6/datasets/VisA/visa_pytorch/pcb2/test/good/0811.JPG'] 0.2917061448097229
['/mnt/dsc3032-gaya-shared/group6/datasets/VisA/visa_pytorch/pcb2/test/good/0844.JPG'] 0.3093261122703552
['/mnt/dsc3032-gaya-shared/group6/datasets/VisA/visa_pytorch/pcb2/test/good/0869.JPG'] 0.2557297945022583
['/mnt/dsc3032-gaya-shared/group6/datasets/VisA/visa_pytorch/pcb2/test/good/0871.JPG'] 0.28701052069664
['/mnt/dsc3032-gaya-shared/group6/datasets/VisA/visa_pytorch/pcb2/test/good/0892.JPG'] 0.2962971329689026
['/mnt/dsc3032-gaya-shared/group6/datasets/VisA/visa_pytorch/pcb2/test/good/0900.JPG'] 0.2885369658470154
['/mnt/dsc3032-gaya-shared/group6/datasets/VisA/visa_pytorch/pcb2/test/good/0920.JPG'] 0.2923539876937866
['/mnt/dsc3032-gaya-shared/group6/datasets/VisA/visa_pytorch/pcb2/test/good/0923.JPG'] 0.3042490482330322
['/mnt/dsc3032-gaya-shared/group6/datasets/VisA/visa_pytorch/pcb2/test/good/0935.JPG'] 0.2918640375137329
['/mnt/dsc3032-gaya-shared/group6/datasets/VisA/visa_pytorch/pcb2/test/good/0940.JPG'] 0.28332599997520447
['/mnt/dsc3032-gaya-shared/group6/datasets/VisA/visa_pytorch/pcb2/test/good/0952.JPG'] 0.33326974511146545
['/mnt/dsc3032-gaya-shared/group6/datasets/VisA/visa_pytorch/pcb2/test/good/0954.JPG'] 0.33043405413627625
['/mnt/dsc3032-gaya-shared/group6/datasets/VisA/visa_pytorch/pcb2/test/good/0964.JPG'] 0.2793917655944824
['/mnt/dsc3032-gaya-shared/group6/datasets/VisA/visa_pytorch/pcb2/test/good/0968.JPG'] 0.2965344786643982
['/mnt/dsc3032-gaya-shared/group6/datasets/VisA/visa_pytorch/pcb2/test/good/0974.JPG'] 0.280825674533844
['/mnt/dsc3032-gaya-shared/group6/datasets/VisA/visa_pytorch/pcb2/test/good/0986.JPG'] 0.338489294052124
['/mnt/dsc3032-gaya-shared/group6/datasets/VisA/visa_pytorch/pcb2/test/good/0994.JPG'] 0.3132331371307373
['/mnt/dsc3032-gaya-shared/group6/datasets/VisA/visa_pytorch/pcb2/test/good/0997.JPG'] 0.2845456004142761
26-06-02 16:33:06.460 - INFO: 
| category   |   K-shots |   F1-Max(image) |   AUROC(image) |   F1-Max(pixel) |   AUROC(pixel) |
|:-----------|----------:|----------------:|---------------:|----------------:|---------------:|
| pcb2       |         1 |           74.89 |          79.25 |           34.53 |          97.71 |
