/home/gaya6/LogSAD/dinov2/dinov2/layers/swiglu_ffn.py:43: UserWarning: xFormers is available (SwiGLU)
  warnings.warn("xFormers is available (SwiGLU)")
/home/gaya6/LogSAD/dinov2/dinov2/layers/attention.py:27: UserWarning: xFormers is available (Attention)
  warnings.warn("xFormers is available (Attention)")
/home/gaya6/LogSAD/dinov2/dinov2/layers/block.py:33: UserWarning: xFormers is available (Block)
  warnings.warn("xFormers is available (Block)")
['/mnt/dsc3032-gaya-shared/group6/datasets/VisA/visa_pytorch/pcb3/test/bad/000.JPG'] 0.3740706741809845
['/mnt/dsc3032-gaya-shared/group6/datasets/VisA/visa_pytorch/pcb3/test/bad/001.JPG'] 0.3812873959541321
['/mnt/dsc3032-gaya-shared/group6/datasets/VisA/visa_pytorch/pcb3/test/bad/002.JPG'] 0.3344031572341919
['/mnt/dsc3032-gaya-shared/group6/datasets/VisA/visa_pytorch/pcb3/test/bad/003.JPG'] 0.3423835337162018
['/mnt/dsc3032-gaya-shared/group6/datasets/VisA/visa_pytorch/pcb3/test/bad/004.JPG'] 0.3511112332344055
['/mnt/dsc3032-gaya-shared/group6/datasets/VisA/visa_pytorch/pcb3/test/bad/005.JPG'] 0.3237473964691162
['/mnt/dsc3032-gaya-shared/group6/datasets/VisA/visa_pytorch/pcb3/test/bad/006.JPG'] 0.41826820373535156
['/mnt/dsc3032-gaya-shared/group6/datasets/VisA/visa_pytorch/pcb3/test/bad/007.JPG'] 0.33661139011383057
['/mnt/dsc3032-gaya-shared/group6/datasets/VisA/visa_pytorch/pcb3/test/bad/008.JPG'] 0.37540730834007263
['/mnt/dsc3032-gaya-shared/group6/datasets/VisA/visa_pytorch/pcb3/test/bad/009.JPG'] 0.35168856382369995
['/mnt/dsc3032-gaya-shared/group6/datasets/VisA/visa_pytorch/pcb3/test/bad/010.JPG'] 0.32884281873703003
['/mnt/dsc3032-gaya-shared/group6/datasets/VisA/visa_pytorch/pcb3/test/bad/011.JPG'] 0.33829227089881897
['/mnt/dsc3032-gaya-shared/group6/datasets/VisA/visa_pytorch/pcb3/test/bad/012.JPG'] 0.4679509997367859
['/mnt/dsc3032-gaya-shared/group6/datasets/VisA/visa_pytorch/pcb3/test/bad/013.JPG'] 0.3484739661216736
['/mnt/dsc3032-gaya-shared/group6/datasets/VisA/visa_pytorch/pcb3/test/bad/014.JPG'] 0.2558460235595703
['/mnt/dsc3032-gaya-shared/group6/datasets/VisA/visa_pytorch/pcb3/test/bad/015.JPG'] 0.29222673177719116
['/mnt/dsc3032-gaya-shared/group6/datasets/VisA/visa_pytorch/pcb3/test/bad/016.JPG'] 0.31841254234313965
['/mnt/dsc3032-gaya-shared/group6/datasets/VisA/visa_pytorch/pcb3/test/bad/017.JPG'] 0.34704214334487915
['/mnt/dsc3032-gaya-shared/group6/datasets/VisA/visa_pytorch/pcb3/test/bad/018.JPG'] 0.35410743951797485
['/mnt/dsc3032-gaya-shared/group6/datasets/VisA/visa_pytorch/pcb3/test/bad/019.JPG'] 0.3272261619567871
['/mnt/dsc3032-gaya-shared/group6/datasets/VisA/visa_pytorch/pcb3/test/bad/020.JPG'] 0.29379045963287354
['/mnt/dsc3032-gaya-shared/group6/datasets/VisA/visa_pytorch/pcb3/test/bad/021.JPG'] 0.27354907989501953
['/mnt/dsc3032-gaya-shared/group6/datasets/VisA/visa_pytorch/pcb3/test/bad/022.JPG'] 0.3098839223384857
['/mnt/dsc3032-gaya-shared/group6/datasets/VisA/visa_pytorch/pcb3/test/bad/023.JPG'] 0.2441675364971161
['/mnt/dsc3032-gaya-shared/group6/datasets/VisA/visa_pytorch/pcb3/test/bad/024.JPG'] 0.3197243809700012
['/mnt/dsc3032-gaya-shared/group6/datasets/VisA/visa_pytorch/pcb3/test/bad/025.JPG'] 0.3329087495803833
['/mnt/dsc3032-gaya-shared/group6/datasets/VisA/visa_pytorch/pcb3/test/bad/026.JPG'] 0.2824035584926605
['/mnt/dsc3032-gaya-shared/group6/datasets/VisA/visa_pytorch/pcb3/test/bad/027.JPG'] 0.32574954628944397
['/mnt/dsc3032-gaya-shared/group6/datasets/VisA/visa_pytorch/pcb3/test/bad/028.JPG'] 0.3551056683063507
['/mnt/dsc3032-gaya-shared/group6/datasets/VisA/visa_pytorch/pcb3/test/bad/029.JPG'] 0.3252416253089905
['/mnt/dsc3032-gaya-shared/group6/datasets/VisA/visa_pytorch/pcb3/test/bad/030.JPG'] 0.3626301884651184
['/mnt/dsc3032-gaya-shared/group6/datasets/VisA/visa_pytorch/pcb3/test/bad/031.JPG'] 0.3194299340248108
['/mnt/dsc3032-gaya-shared/group6/datasets/VisA/visa_pytorch/pcb3/test/bad/032.JPG'] 0.3295783996582031
['/mnt/dsc3032-gaya-shared/group6/datasets/VisA/visa_pytorch/pcb3/test/bad/033.JPG'] 0.2765533924102783
['/mnt/dsc3032-gaya-shared/group6/datasets/VisA/visa_pytorch/pcb3/test/bad/034.JPG'] 0.2815094590187073
['/mnt/dsc3032-gaya-shared/group6/datasets/VisA/visa_pytorch/pcb3/test/bad/035.JPG'] 0.3032445013523102
['/mnt/dsc3032-gaya-shared/group6/datasets/VisA/visa_pytorch/pcb3/test/bad/036.JPG'] 0.3491149842739105
['/mnt/dsc3032-gaya-shared/group6/datasets/VisA/visa_pytorch/pcb3/test/bad/037.JPG'] 0.31339263916015625
['/mnt/dsc3032-gaya-shared/group6/datasets/VisA/visa_pytorch/pcb3/test/bad/038.JPG'] 0.3444816768169403
['/mnt/dsc3032-gaya-shared/group6/datasets/VisA/visa_pytorch/pcb3/test/bad/039.JPG'] 0.3225841224193573
['/mnt/dsc3032-gaya-shared/group6/datasets/VisA/visa_pytorch/pcb3/test/bad/040.JPG'] 0.2841748893260956
['/mnt/dsc3032-gaya-shared/group6/datasets/VisA/visa_pytorch/pcb3/test/bad/041.JPG'] 0.3192293643951416
['/mnt/dsc3032-gaya-shared/group6/datasets/VisA/visa_pytorch/pcb3/test/bad/042.JPG'] 0.267680287361145
['/mnt/dsc3032-gaya-shared/group6/datasets/VisA/visa_pytorch/pcb3/test/bad/043.JPG'] 0.35059723258018494
['/mnt/dsc3032-gaya-shared/group6/datasets/VisA/visa_pytorch/pcb3/test/bad/044.JPG'] 0.2492295205593109
['/mnt/dsc3032-gaya-shared/group6/datasets/VisA/visa_pytorch/pcb3/test/bad/045.JPG'] 0.29745492339134216
['/mnt/dsc3032-gaya-shared/group6/datasets/VisA/visa_pytorch/pcb3/test/bad/046.JPG'] 0.2864828109741211
['/mnt/dsc3032-gaya-shared/group6/datasets/VisA/visa_pytorch/pcb3/test/bad/047.JPG'] 0.3071693181991577
['/mnt/dsc3032-gaya-shared/group6/datasets/VisA/visa_pytorch/pcb3/test/bad/048.JPG'] 0.25933077931404114
['/mnt/dsc3032-gaya-shared/group6/datasets/VisA/visa_pytorch/pcb3/test/bad/049.JPG'] 0.36777883768081665
['/mnt/dsc3032-gaya-shared/group6/datasets/VisA/visa_pytorch/pcb3/test/bad/050.JPG'] 0.26937729120254517
['/mnt/dsc3032-gaya-shared/group6/datasets/VisA/visa_pytorch/pcb3/test/bad/051.JPG'] 0.32452887296676636
['/mnt/dsc3032-gaya-shared/group6/datasets/VisA/visa_pytorch/pcb3/test/bad/052.JPG'] 0.31945526599884033
['/mnt/dsc3032-gaya-shared/group6/datasets/VisA/visa_pytorch/pcb3/test/bad/053.JPG'] 0.4066157042980194
['/mnt/dsc3032-gaya-shared/group6/datasets/VisA/visa_pytorch/pcb3/test/bad/054.JPG'] 0.3902679681777954
['/mnt/dsc3032-gaya-shared/group6/datasets/VisA/visa_pytorch/pcb3/test/bad/055.JPG'] 0.2798932194709778
['/mnt/dsc3032-gaya-shared/group6/datasets/VisA/visa_pytorch/pcb3/test/bad/056.JPG'] 0.2593216001987457
['/mnt/dsc3032-gaya-shared/group6/datasets/VisA/visa_pytorch/pcb3/test/bad/057.JPG'] 0.2672788202762604
['/mnt/dsc3032-gaya-shared/group6/datasets/VisA/visa_pytorch/pcb3/test/bad/058.JPG'] 0.27715611457824707
['/mnt/dsc3032-gaya-shared/group6/datasets/VisA/visa_pytorch/pcb3/test/bad/059.JPG'] 0.3007678687572479
['/mnt/dsc3032-gaya-shared/group6/datasets/VisA/visa_pytorch/pcb3/test/bad/060.JPG'] 0.33808785676956177
['/mnt/dsc3032-gaya-shared/group6/datasets/VisA/visa_pytorch/pcb3/test/bad/061.JPG'] 0.29595649242401123
['/mnt/dsc3032-gaya-shared/group6/datasets/VisA/visa_pytorch/pcb3/test/bad/062.JPG'] 0.3310825824737549
['/mnt/dsc3032-gaya-shared/group6/datasets/VisA/visa_pytorch/pcb3/test/bad/063.JPG'] 0.3083021640777588
['/mnt/dsc3032-gaya-shared/group6/datasets/VisA/visa_pytorch/pcb3/test/bad/064.JPG'] 0.31435203552246094
['/mnt/dsc3032-gaya-shared/group6/datasets/VisA/visa_pytorch/pcb3/test/bad/065.JPG'] 0.26739734411239624
['/mnt/dsc3032-gaya-shared/group6/datasets/VisA/visa_pytorch/pcb3/test/bad/066.JPG'] 0.2870042324066162
['/mnt/dsc3032-gaya-shared/group6/datasets/VisA/visa_pytorch/pcb3/test/bad/067.JPG'] 0.319122314453125
['/mnt/dsc3032-gaya-shared/group6/datasets/VisA/visa_pytorch/pcb3/test/bad/068.JPG'] 0.2798684239387512
['/mnt/dsc3032-gaya-shared/group6/datasets/VisA/visa_pytorch/pcb3/test/bad/069.JPG'] 0.2999644875526428
['/mnt/dsc3032-gaya-shared/group6/datasets/VisA/visa_pytorch/pcb3/test/bad/070.JPG'] 0.33923590183258057
['/mnt/dsc3032-gaya-shared/group6/datasets/VisA/visa_pytorch/pcb3/test/bad/071.JPG'] 0.3206786811351776
['/mnt/dsc3032-gaya-shared/group6/datasets/VisA/visa_pytorch/pcb3/test/bad/072.JPG'] 0.2705940306186676
['/mnt/dsc3032-gaya-shared/group6/datasets/VisA/visa_pytorch/pcb3/test/bad/073.JPG'] 0.3267289698123932
['/mnt/dsc3032-gaya-shared/group6/datasets/VisA/visa_pytorch/pcb3/test/bad/074.JPG'] 0.3032970428466797
['/mnt/dsc3032-gaya-shared/group6/datasets/VisA/visa_pytorch/pcb3/test/bad/075.JPG'] 0.27829885482788086
['/mnt/dsc3032-gaya-shared/group6/datasets/VisA/visa_pytorch/pcb3/test/bad/076.JPG'] 0.37657982110977173
['/mnt/dsc3032-gaya-shared/group6/datasets/VisA/visa_pytorch/pcb3/test/bad/077.JPG'] 0.38412773609161377
['/mnt/dsc3032-gaya-shared/group6/datasets/VisA/visa_pytorch/pcb3/test/bad/078.JPG'] 0.26735904812812805
['/mnt/dsc3032-gaya-shared/group6/datasets/VisA/visa_pytorch/pcb3/test/bad/079.JPG'] 0.2759900689125061
['/mnt/dsc3032-gaya-shared/group6/datasets/VisA/visa_pytorch/pcb3/test/bad/080.JPG'] 0.29683297872543335
['/mnt/dsc3032-gaya-shared/group6/datasets/VisA/visa_pytorch/pcb3/test/bad/081.JPG'] 0.4490845203399658
['/mnt/dsc3032-gaya-shared/group6/datasets/VisA/visa_pytorch/pcb3/test/bad/082.JPG'] 0.3953703045845032
['/mnt/dsc3032-gaya-shared/group6/datasets/VisA/visa_pytorch/pcb3/test/bad/083.JPG'] 0.3271254897117615
['/mnt/dsc3032-gaya-shared/group6/datasets/VisA/visa_pytorch/pcb3/test/bad/084.JPG'] 0.29685530066490173
['/mnt/dsc3032-gaya-shared/group6/datasets/VisA/visa_pytorch/pcb3/test/bad/085.JPG'] 0.3566353917121887
['/mnt/dsc3032-gaya-shared/group6/datasets/VisA/visa_pytorch/pcb3/test/bad/086.JPG'] 0.4334399104118347
['/mnt/dsc3032-gaya-shared/group6/datasets/VisA/visa_pytorch/pcb3/test/bad/087.JPG'] 0.3266458511352539
['/mnt/dsc3032-gaya-shared/group6/datasets/VisA/visa_pytorch/pcb3/test/bad/088.JPG'] 0.35285717248916626
['/mnt/dsc3032-gaya-shared/group6/datasets/VisA/visa_pytorch/pcb3/test/bad/089.JPG'] 0.378071129322052
['/mnt/dsc3032-gaya-shared/group6/datasets/VisA/visa_pytorch/pcb3/test/bad/090.JPG'] 0.31073689460754395
['/mnt/dsc3032-gaya-shared/group6/datasets/VisA/visa_pytorch/pcb3/test/bad/091.JPG'] 0.3107576072216034
['/mnt/dsc3032-gaya-shared/group6/datasets/VisA/visa_pytorch/pcb3/test/bad/092.JPG'] 0.32366952300071716
['/mnt/dsc3032-gaya-shared/group6/datasets/VisA/visa_pytorch/pcb3/test/bad/093.JPG'] 0.3310887813568115
['/mnt/dsc3032-gaya-shared/group6/datasets/VisA/visa_pytorch/pcb3/test/bad/094.JPG'] 0.31975722312927246
['/mnt/dsc3032-gaya-shared/group6/datasets/VisA/visa_pytorch/pcb3/test/bad/095.JPG'] 0.34377115964889526
['/mnt/dsc3032-gaya-shared/group6/datasets/VisA/visa_pytorch/pcb3/test/bad/096.JPG'] 0.3151663541793823
['/mnt/dsc3032-gaya-shared/group6/datasets/VisA/visa_pytorch/pcb3/test/bad/097.JPG'] 0.3271954655647278
['/mnt/dsc3032-gaya-shared/group6/datasets/VisA/visa_pytorch/pcb3/test/bad/098.JPG'] 0.29335957765579224
['/mnt/dsc3032-gaya-shared/group6/datasets/VisA/visa_pytorch/pcb3/test/bad/099.JPG'] 0.39591389894485474
['/mnt/dsc3032-gaya-shared/group6/datasets/VisA/visa_pytorch/pcb3/test/good/0011.JPG'] 0.37132757902145386
['/mnt/dsc3032-gaya-shared/group6/datasets/VisA/visa_pytorch/pcb3/test/good/0013.JPG'] 0.31212180852890015
['/mnt/dsc3032-gaya-shared/group6/datasets/VisA/visa_pytorch/pcb3/test/good/0016.JPG'] 0.3104711174964905
['/mnt/dsc3032-gaya-shared/group6/datasets/VisA/visa_pytorch/pcb3/test/good/0024.JPG'] 0.28124743700027466
['/mnt/dsc3032-gaya-shared/group6/datasets/VisA/visa_pytorch/pcb3/test/good/0026.JPG'] 0.301081120967865
['/mnt/dsc3032-gaya-shared/group6/datasets/VisA/visa_pytorch/pcb3/test/good/0027.JPG'] 0.350973904132843
['/mnt/dsc3032-gaya-shared/group6/datasets/VisA/visa_pytorch/pcb3/test/good/0046.JPG'] 0.29889795184135437
['/mnt/dsc3032-gaya-shared/group6/datasets/VisA/visa_pytorch/pcb3/test/good/0100.JPG'] 0.3097672462463379
['/mnt/dsc3032-gaya-shared/group6/datasets/VisA/visa_pytorch/pcb3/test/good/0107.JPG'] 0.3245721459388733
['/mnt/dsc3032-gaya-shared/group6/datasets/VisA/visa_pytorch/pcb3/test/good/0159.JPG'] 0.2812426686286926
['/mnt/dsc3032-gaya-shared/group6/datasets/VisA/visa_pytorch/pcb3/test/good/0168.JPG'] 0.3179593086242676
['/mnt/dsc3032-gaya-shared/group6/datasets/VisA/visa_pytorch/pcb3/test/good/0170.JPG'] 0.31272614002227783
['/mnt/dsc3032-gaya-shared/group6/datasets/VisA/visa_pytorch/pcb3/test/good/0172.JPG'] 0.2984614372253418
['/mnt/dsc3032-gaya-shared/group6/datasets/VisA/visa_pytorch/pcb3/test/good/0174.JPG'] 0.28354471921920776
['/mnt/dsc3032-gaya-shared/group6/datasets/VisA/visa_pytorch/pcb3/test/good/0178.JPG'] 0.28683215379714966
['/mnt/dsc3032-gaya-shared/group6/datasets/VisA/visa_pytorch/pcb3/test/good/0187.JPG'] 0.2735268473625183
['/mnt/dsc3032-gaya-shared/group6/datasets/VisA/visa_pytorch/pcb3/test/good/0196.JPG'] 0.2476864755153656
['/mnt/dsc3032-gaya-shared/group6/datasets/VisA/visa_pytorch/pcb3/test/good/0208.JPG'] 0.2831597924232483
['/mnt/dsc3032-gaya-shared/group6/datasets/VisA/visa_pytorch/pcb3/test/good/0214.JPG'] 0.29160231351852417
['/mnt/dsc3032-gaya-shared/group6/datasets/VisA/visa_pytorch/pcb3/test/good/0215.JPG'] 0.34710633754730225
['/mnt/dsc3032-gaya-shared/group6/datasets/VisA/visa_pytorch/pcb3/test/good/0237.JPG'] 0.33093583583831787
['/mnt/dsc3032-gaya-shared/group6/datasets/VisA/visa_pytorch/pcb3/test/good/0261.JPG'] 0.2885071039199829
['/mnt/dsc3032-gaya-shared/group6/datasets/VisA/visa_pytorch/pcb3/test/good/0286.JPG'] 0.26918694376945496
['/mnt/dsc3032-gaya-shared/group6/datasets/VisA/visa_pytorch/pcb3/test/good/0294.JPG'] 0.26140961050987244
['/mnt/dsc3032-gaya-shared/group6/datasets/VisA/visa_pytorch/pcb3/test/good/0297.JPG'] 0.30502650141716003
['/mnt/dsc3032-gaya-shared/group6/datasets/VisA/visa_pytorch/pcb3/test/good/0303.JPG'] 0.30991458892822266
['/mnt/dsc3032-gaya-shared/group6/datasets/VisA/visa_pytorch/pcb3/test/good/0306.JPG'] 0.2907054126262665
['/mnt/dsc3032-gaya-shared/group6/datasets/VisA/visa_pytorch/pcb3/test/good/0320.JPG'] 0.27408117055892944
['/mnt/dsc3032-gaya-shared/group6/datasets/VisA/visa_pytorch/pcb3/test/good/0333.JPG'] 0.26730915904045105
['/mnt/dsc3032-gaya-shared/group6/datasets/VisA/visa_pytorch/pcb3/test/good/0363.JPG'] 0.3139345049858093
['/mnt/dsc3032-gaya-shared/group6/datasets/VisA/visa_pytorch/pcb3/test/good/0377.JPG'] 0.2882811427116394
['/mnt/dsc3032-gaya-shared/group6/datasets/VisA/visa_pytorch/pcb3/test/good/0394.JPG'] 0.28082597255706787
['/mnt/dsc3032-gaya-shared/group6/datasets/VisA/visa_pytorch/pcb3/test/good/0400.JPG'] 0.29263776540756226
['/mnt/dsc3032-gaya-shared/group6/datasets/VisA/visa_pytorch/pcb3/test/good/0402.JPG'] 0.26516205072402954
['/mnt/dsc3032-gaya-shared/group6/datasets/VisA/visa_pytorch/pcb3/test/good/0417.JPG'] 0.2963906526565552
['/mnt/dsc3032-gaya-shared/group6/datasets/VisA/visa_pytorch/pcb3/test/good/0423.JPG'] 0.2868300676345825
['/mnt/dsc3032-gaya-shared/group6/datasets/VisA/visa_pytorch/pcb3/test/good/0427.JPG'] 0.2937721908092499
['/mnt/dsc3032-gaya-shared/group6/datasets/VisA/visa_pytorch/pcb3/test/good/0457.JPG'] 0.31464552879333496
['/mnt/dsc3032-gaya-shared/group6/datasets/VisA/visa_pytorch/pcb3/test/good/0469.JPG'] 0.30668365955352783
['/mnt/dsc3032-gaya-shared/group6/datasets/VisA/visa_pytorch/pcb3/test/good/0479.JPG'] 0.31018829345703125
['/mnt/dsc3032-gaya-shared/group6/datasets/VisA/visa_pytorch/pcb3/test/good/0483.JPG'] 0.2936815023422241
['/mnt/dsc3032-gaya-shared/group6/datasets/VisA/visa_pytorch/pcb3/test/good/0484.JPG'] 0.30824780464172363
['/mnt/dsc3032-gaya-shared/group6/datasets/VisA/visa_pytorch/pcb3/test/good/0488.JPG'] 0.2982082962989807
['/mnt/dsc3032-gaya-shared/group6/datasets/VisA/visa_pytorch/pcb3/test/good/0490.JPG'] 0.29979369044303894
['/mnt/dsc3032-gaya-shared/group6/datasets/VisA/visa_pytorch/pcb3/test/good/0514.JPG'] 0.315020352602005
['/mnt/dsc3032-gaya-shared/group6/datasets/VisA/visa_pytorch/pcb3/test/good/0518.JPG'] 0.3048323690891266
['/mnt/dsc3032-gaya-shared/group6/datasets/VisA/visa_pytorch/pcb3/test/good/0520.JPG'] 0.296024888753891
['/mnt/dsc3032-gaya-shared/group6/datasets/VisA/visa_pytorch/pcb3/test/good/0525.JPG'] 0.266901433467865
['/mnt/dsc3032-gaya-shared/group6/datasets/VisA/visa_pytorch/pcb3/test/good/0545.JPG'] 0.28743958473205566
['/mnt/dsc3032-gaya-shared/group6/datasets/VisA/visa_pytorch/pcb3/test/good/0552.JPG'] 0.3031120300292969
['/mnt/dsc3032-gaya-shared/group6/datasets/VisA/visa_pytorch/pcb3/test/good/0569.JPG'] 0.3056942820549011
['/mnt/dsc3032-gaya-shared/group6/datasets/VisA/visa_pytorch/pcb3/test/good/0615.JPG'] 0.2883290946483612
['/mnt/dsc3032-gaya-shared/group6/datasets/VisA/visa_pytorch/pcb3/test/good/0617.JPG'] 0.3135644793510437
['/mnt/dsc3032-gaya-shared/group6/datasets/VisA/visa_pytorch/pcb3/test/good/0619.JPG'] 0.29342448711395264
['/mnt/dsc3032-gaya-shared/group6/datasets/VisA/visa_pytorch/pcb3/test/good/0621.JPG'] 0.3023902177810669
['/mnt/dsc3032-gaya-shared/group6/datasets/VisA/visa_pytorch/pcb3/test/good/0629.JPG'] 0.30051594972610474
['/mnt/dsc3032-gaya-shared/group6/datasets/VisA/visa_pytorch/pcb3/test/good/0631.JPG'] 0.3622819185256958
['/mnt/dsc3032-gaya-shared/group6/datasets/VisA/visa_pytorch/pcb3/test/good/0648.JPG'] 0.2601846754550934
['/mnt/dsc3032-gaya-shared/group6/datasets/VisA/visa_pytorch/pcb3/test/good/0654.JPG'] 0.29066452383995056
['/mnt/dsc3032-gaya-shared/group6/datasets/VisA/visa_pytorch/pcb3/test/good/0657.JPG'] 0.28873324394226074
['/mnt/dsc3032-gaya-shared/group6/datasets/VisA/visa_pytorch/pcb3/test/good/0659.JPG'] 0.2768532931804657
['/mnt/dsc3032-gaya-shared/group6/datasets/VisA/visa_pytorch/pcb3/test/good/0674.JPG'] 0.29293227195739746
['/mnt/dsc3032-gaya-shared/group6/datasets/VisA/visa_pytorch/pcb3/test/good/0684.JPG'] 0.34801602363586426
['/mnt/dsc3032-gaya-shared/group6/datasets/VisA/visa_pytorch/pcb3/test/good/0685.JPG'] 0.32684385776519775
['/mnt/dsc3032-gaya-shared/group6/datasets/VisA/visa_pytorch/pcb3/test/good/0688.JPG'] 0.303882360458374
['/mnt/dsc3032-gaya-shared/group6/datasets/VisA/visa_pytorch/pcb3/test/good/0690.JPG'] 0.28939157724380493
['/mnt/dsc3032-gaya-shared/group6/datasets/VisA/visa_pytorch/pcb3/test/good/0694.JPG'] 0.2809189260005951
['/mnt/dsc3032-gaya-shared/group6/datasets/VisA/visa_pytorch/pcb3/test/good/0705.JPG'] 0.29440879821777344
['/mnt/dsc3032-gaya-shared/group6/datasets/VisA/visa_pytorch/pcb3/test/good/0725.JPG'] 0.319536030292511
['/mnt/dsc3032-gaya-shared/group6/datasets/VisA/visa_pytorch/pcb3/test/good/0730.JPG'] 0.31418943405151367
['/mnt/dsc3032-gaya-shared/group6/datasets/VisA/visa_pytorch/pcb3/test/good/0735.JPG'] 0.25195109844207764
['/mnt/dsc3032-gaya-shared/group6/datasets/VisA/visa_pytorch/pcb3/test/good/0739.JPG'] 0.26779693365097046
['/mnt/dsc3032-gaya-shared/group6/datasets/VisA/visa_pytorch/pcb3/test/good/0751.JPG'] 0.27869367599487305
['/mnt/dsc3032-gaya-shared/group6/datasets/VisA/visa_pytorch/pcb3/test/good/0755.JPG'] 0.29659491777420044
['/mnt/dsc3032-gaya-shared/group6/datasets/VisA/visa_pytorch/pcb3/test/good/0764.JPG'] 0.27475205063819885
['/mnt/dsc3032-gaya-shared/group6/datasets/VisA/visa_pytorch/pcb3/test/good/0768.JPG'] 0.3137810230255127
['/mnt/dsc3032-gaya-shared/group6/datasets/VisA/visa_pytorch/pcb3/test/good/0779.JPG'] 0.31503164768218994
['/mnt/dsc3032-gaya-shared/group6/datasets/VisA/visa_pytorch/pcb3/test/good/0784.JPG'] 0.32926610112190247
['/mnt/dsc3032-gaya-shared/group6/datasets/VisA/visa_pytorch/pcb3/test/good/0796.JPG'] 0.326377809047699
['/mnt/dsc3032-gaya-shared/group6/datasets/VisA/visa_pytorch/pcb3/test/good/0797.JPG'] 0.3135300874710083
['/mnt/dsc3032-gaya-shared/group6/datasets/VisA/visa_pytorch/pcb3/test/good/0800.JPG'] 0.2880028486251831
['/mnt/dsc3032-gaya-shared/group6/datasets/VisA/visa_pytorch/pcb3/test/good/0804.JPG'] 0.2590942084789276
['/mnt/dsc3032-gaya-shared/group6/datasets/VisA/visa_pytorch/pcb3/test/good/0811.JPG'] 0.30045098066329956
['/mnt/dsc3032-gaya-shared/group6/datasets/VisA/visa_pytorch/pcb3/test/good/0844.JPG'] 0.237807035446167
['/mnt/dsc3032-gaya-shared/group6/datasets/VisA/visa_pytorch/pcb3/test/good/0869.JPG'] 0.28501877188682556
['/mnt/dsc3032-gaya-shared/group6/datasets/VisA/visa_pytorch/pcb3/test/good/0871.JPG'] 0.2595924139022827
['/mnt/dsc3032-gaya-shared/group6/datasets/VisA/visa_pytorch/pcb3/test/good/0892.JPG'] 0.3033055067062378
['/mnt/dsc3032-gaya-shared/group6/datasets/VisA/visa_pytorch/pcb3/test/good/0900.JPG'] 0.31600484251976013
['/mnt/dsc3032-gaya-shared/group6/datasets/VisA/visa_pytorch/pcb3/test/good/0920.JPG'] 0.29797691106796265
['/mnt/dsc3032-gaya-shared/group6/datasets/VisA/visa_pytorch/pcb3/test/good/0923.JPG'] 0.2803911566734314
['/mnt/dsc3032-gaya-shared/group6/datasets/VisA/visa_pytorch/pcb3/test/good/0935.JPG'] 0.28306958079338074
['/mnt/dsc3032-gaya-shared/group6/datasets/VisA/visa_pytorch/pcb3/test/good/0940.JPG'] 0.2813637852668762
['/mnt/dsc3032-gaya-shared/group6/datasets/VisA/visa_pytorch/pcb3/test/good/0952.JPG'] 0.29681575298309326
['/mnt/dsc3032-gaya-shared/group6/datasets/VisA/visa_pytorch/pcb3/test/good/0958.JPG'] 0.29094213247299194
['/mnt/dsc3032-gaya-shared/group6/datasets/VisA/visa_pytorch/pcb3/test/good/0964.JPG'] 0.27560853958129883
['/mnt/dsc3032-gaya-shared/group6/datasets/VisA/visa_pytorch/pcb3/test/good/0972.JPG'] 0.2739754319190979
['/mnt/dsc3032-gaya-shared/group6/datasets/VisA/visa_pytorch/pcb3/test/good/0974.JPG'] 0.2836894392967224
['/mnt/dsc3032-gaya-shared/group6/datasets/VisA/visa_pytorch/pcb3/test/good/0977.JPG'] 0.2851322889328003
['/mnt/dsc3032-gaya-shared/group6/datasets/VisA/visa_pytorch/pcb3/test/good/0991.JPG'] 0.2905828356742859
['/mnt/dsc3032-gaya-shared/group6/datasets/VisA/visa_pytorch/pcb3/test/good/0994.JPG'] 0.33516186475753784
['/mnt/dsc3032-gaya-shared/group6/datasets/VisA/visa_pytorch/pcb3/test/good/1002.JPG'] 0.3745920658111572
26-06-02 16:34:27.866 - INFO: 
| category   |   K-shots |   F1-Max(image) |   AUROC(image) |   F1-Max(pixel) |   AUROC(pixel) |
|:-----------|----------:|----------------:|---------------:|----------------:|---------------:|
| pcb3       |         1 |           67.84 |          70.08 |           40.04 |          97.64 |
