/home/gaya6/LogSAD/dinov2/dinov2/layers/swiglu_ffn.py:43: UserWarning: xFormers is available (SwiGLU)
  warnings.warn("xFormers is available (SwiGLU)")
/home/gaya6/LogSAD/dinov2/dinov2/layers/attention.py:27: UserWarning: xFormers is available (Attention)
  warnings.warn("xFormers is available (Attention)")
/home/gaya6/LogSAD/dinov2/dinov2/layers/block.py:33: UserWarning: xFormers is available (Block)
  warnings.warn("xFormers is available (Block)")
['/mnt/dsc3032-gaya-shared/group6/datasets/VisA/visa_pytorch/pcb4/test/bad/000.JPG'] 0.31893211603164673
['/mnt/dsc3032-gaya-shared/group6/datasets/VisA/visa_pytorch/pcb4/test/bad/001.JPG'] 0.35970672965049744
['/mnt/dsc3032-gaya-shared/group6/datasets/VisA/visa_pytorch/pcb4/test/bad/002.JPG'] 0.41098612546920776
['/mnt/dsc3032-gaya-shared/group6/datasets/VisA/visa_pytorch/pcb4/test/bad/003.JPG'] 0.3899771571159363
['/mnt/dsc3032-gaya-shared/group6/datasets/VisA/visa_pytorch/pcb4/test/bad/004.JPG'] 0.33581018447875977
['/mnt/dsc3032-gaya-shared/group6/datasets/VisA/visa_pytorch/pcb4/test/bad/005.JPG'] 0.3442482352256775
['/mnt/dsc3032-gaya-shared/group6/datasets/VisA/visa_pytorch/pcb4/test/bad/006.JPG'] 0.3364194631576538
['/mnt/dsc3032-gaya-shared/group6/datasets/VisA/visa_pytorch/pcb4/test/bad/007.JPG'] 0.3504311442375183
['/mnt/dsc3032-gaya-shared/group6/datasets/VisA/visa_pytorch/pcb4/test/bad/008.JPG'] 0.3552350401878357
['/mnt/dsc3032-gaya-shared/group6/datasets/VisA/visa_pytorch/pcb4/test/bad/009.JPG'] 0.29798078536987305
['/mnt/dsc3032-gaya-shared/group6/datasets/VisA/visa_pytorch/pcb4/test/bad/010.JPG'] 0.33100825548171997
['/mnt/dsc3032-gaya-shared/group6/datasets/VisA/visa_pytorch/pcb4/test/bad/011.JPG'] 0.37054023146629333
['/mnt/dsc3032-gaya-shared/group6/datasets/VisA/visa_pytorch/pcb4/test/bad/012.JPG'] 0.2816794812679291
['/mnt/dsc3032-gaya-shared/group6/datasets/VisA/visa_pytorch/pcb4/test/bad/013.JPG'] 0.2907187342643738
['/mnt/dsc3032-gaya-shared/group6/datasets/VisA/visa_pytorch/pcb4/test/bad/014.JPG'] 0.3406522572040558
['/mnt/dsc3032-gaya-shared/group6/datasets/VisA/visa_pytorch/pcb4/test/bad/015.JPG'] 0.286909818649292
['/mnt/dsc3032-gaya-shared/group6/datasets/VisA/visa_pytorch/pcb4/test/bad/016.JPG'] 0.40181899070739746
['/mnt/dsc3032-gaya-shared/group6/datasets/VisA/visa_pytorch/pcb4/test/bad/017.JPG'] 0.350436270236969
['/mnt/dsc3032-gaya-shared/group6/datasets/VisA/visa_pytorch/pcb4/test/bad/018.JPG'] 0.34229281544685364
['/mnt/dsc3032-gaya-shared/group6/datasets/VisA/visa_pytorch/pcb4/test/bad/019.JPG'] 0.32538795471191406
['/mnt/dsc3032-gaya-shared/group6/datasets/VisA/visa_pytorch/pcb4/test/bad/020.JPG'] 0.3311637341976166
['/mnt/dsc3032-gaya-shared/group6/datasets/VisA/visa_pytorch/pcb4/test/bad/021.JPG'] 0.28049734234809875
['/mnt/dsc3032-gaya-shared/group6/datasets/VisA/visa_pytorch/pcb4/test/bad/022.JPG'] 0.30948948860168457
['/mnt/dsc3032-gaya-shared/group6/datasets/VisA/visa_pytorch/pcb4/test/bad/023.JPG'] 0.2871711552143097
['/mnt/dsc3032-gaya-shared/group6/datasets/VisA/visa_pytorch/pcb4/test/bad/024.JPG'] 0.3203236758708954
['/mnt/dsc3032-gaya-shared/group6/datasets/VisA/visa_pytorch/pcb4/test/bad/025.JPG'] 0.3953947126865387
['/mnt/dsc3032-gaya-shared/group6/datasets/VisA/visa_pytorch/pcb4/test/bad/026.JPG'] 0.343600869178772
['/mnt/dsc3032-gaya-shared/group6/datasets/VisA/visa_pytorch/pcb4/test/bad/027.JPG'] 0.4013766646385193
['/mnt/dsc3032-gaya-shared/group6/datasets/VisA/visa_pytorch/pcb4/test/bad/028.JPG'] 0.3212275505065918
['/mnt/dsc3032-gaya-shared/group6/datasets/VisA/visa_pytorch/pcb4/test/bad/029.JPG'] 0.33529412746429443
['/mnt/dsc3032-gaya-shared/group6/datasets/VisA/visa_pytorch/pcb4/test/bad/030.JPG'] 0.32676011323928833
['/mnt/dsc3032-gaya-shared/group6/datasets/VisA/visa_pytorch/pcb4/test/bad/031.JPG'] 0.34831467270851135
['/mnt/dsc3032-gaya-shared/group6/datasets/VisA/visa_pytorch/pcb4/test/bad/032.JPG'] 0.316713809967041
['/mnt/dsc3032-gaya-shared/group6/datasets/VisA/visa_pytorch/pcb4/test/bad/033.JPG'] 0.3072136342525482
['/mnt/dsc3032-gaya-shared/group6/datasets/VisA/visa_pytorch/pcb4/test/bad/034.JPG'] 0.3567378520965576
['/mnt/dsc3032-gaya-shared/group6/datasets/VisA/visa_pytorch/pcb4/test/bad/035.JPG'] 0.39633995294570923
['/mnt/dsc3032-gaya-shared/group6/datasets/VisA/visa_pytorch/pcb4/test/bad/036.JPG'] 0.48848599195480347
['/mnt/dsc3032-gaya-shared/group6/datasets/VisA/visa_pytorch/pcb4/test/bad/037.JPG'] 0.41635704040527344
['/mnt/dsc3032-gaya-shared/group6/datasets/VisA/visa_pytorch/pcb4/test/bad/038.JPG'] 0.41907963156700134
['/mnt/dsc3032-gaya-shared/group6/datasets/VisA/visa_pytorch/pcb4/test/bad/039.JPG'] 0.4336874485015869
['/mnt/dsc3032-gaya-shared/group6/datasets/VisA/visa_pytorch/pcb4/test/bad/040.JPG'] 0.30729320645332336
['/mnt/dsc3032-gaya-shared/group6/datasets/VisA/visa_pytorch/pcb4/test/bad/041.JPG'] 0.4281025826931
['/mnt/dsc3032-gaya-shared/group6/datasets/VisA/visa_pytorch/pcb4/test/bad/042.JPG'] 0.32951855659484863
['/mnt/dsc3032-gaya-shared/group6/datasets/VisA/visa_pytorch/pcb4/test/bad/043.JPG'] 0.460437148809433
['/mnt/dsc3032-gaya-shared/group6/datasets/VisA/visa_pytorch/pcb4/test/bad/044.JPG'] 0.3330780267715454
['/mnt/dsc3032-gaya-shared/group6/datasets/VisA/visa_pytorch/pcb4/test/bad/045.JPG'] 0.3067886233329773
['/mnt/dsc3032-gaya-shared/group6/datasets/VisA/visa_pytorch/pcb4/test/bad/046.JPG'] 0.2788161635398865
['/mnt/dsc3032-gaya-shared/group6/datasets/VisA/visa_pytorch/pcb4/test/bad/047.JPG'] 0.3430613875389099
['/mnt/dsc3032-gaya-shared/group6/datasets/VisA/visa_pytorch/pcb4/test/bad/048.JPG'] 0.32892054319381714
['/mnt/dsc3032-gaya-shared/group6/datasets/VisA/visa_pytorch/pcb4/test/bad/049.JPG'] 0.3269032835960388
['/mnt/dsc3032-gaya-shared/group6/datasets/VisA/visa_pytorch/pcb4/test/bad/050.JPG'] 0.3539096415042877
['/mnt/dsc3032-gaya-shared/group6/datasets/VisA/visa_pytorch/pcb4/test/bad/051.JPG'] 0.287051260471344
['/mnt/dsc3032-gaya-shared/group6/datasets/VisA/visa_pytorch/pcb4/test/bad/052.JPG'] 0.31321173906326294
['/mnt/dsc3032-gaya-shared/group6/datasets/VisA/visa_pytorch/pcb4/test/bad/053.JPG'] 0.31087619066238403
['/mnt/dsc3032-gaya-shared/group6/datasets/VisA/visa_pytorch/pcb4/test/bad/054.JPG'] 0.3039657175540924
['/mnt/dsc3032-gaya-shared/group6/datasets/VisA/visa_pytorch/pcb4/test/bad/055.JPG'] 0.30813872814178467
['/mnt/dsc3032-gaya-shared/group6/datasets/VisA/visa_pytorch/pcb4/test/bad/056.JPG'] 0.3575294017791748
['/mnt/dsc3032-gaya-shared/group6/datasets/VisA/visa_pytorch/pcb4/test/bad/057.JPG'] 0.330730676651001
['/mnt/dsc3032-gaya-shared/group6/datasets/VisA/visa_pytorch/pcb4/test/bad/058.JPG'] 0.35025620460510254
['/mnt/dsc3032-gaya-shared/group6/datasets/VisA/visa_pytorch/pcb4/test/bad/059.JPG'] 0.31695789098739624
['/mnt/dsc3032-gaya-shared/group6/datasets/VisA/visa_pytorch/pcb4/test/bad/060.JPG'] 0.33304494619369507
['/mnt/dsc3032-gaya-shared/group6/datasets/VisA/visa_pytorch/pcb4/test/bad/061.JPG'] 0.2939273715019226
['/mnt/dsc3032-gaya-shared/group6/datasets/VisA/visa_pytorch/pcb4/test/bad/062.JPG'] 0.33279475569725037
['/mnt/dsc3032-gaya-shared/group6/datasets/VisA/visa_pytorch/pcb4/test/bad/063.JPG'] 0.3038349151611328
['/mnt/dsc3032-gaya-shared/group6/datasets/VisA/visa_pytorch/pcb4/test/bad/064.JPG'] 0.28982895612716675
['/mnt/dsc3032-gaya-shared/group6/datasets/VisA/visa_pytorch/pcb4/test/bad/065.JPG'] 0.3401883840560913
['/mnt/dsc3032-gaya-shared/group6/datasets/VisA/visa_pytorch/pcb4/test/bad/066.JPG'] 0.3067828118801117
['/mnt/dsc3032-gaya-shared/group6/datasets/VisA/visa_pytorch/pcb4/test/bad/067.JPG'] 0.3294568657875061
['/mnt/dsc3032-gaya-shared/group6/datasets/VisA/visa_pytorch/pcb4/test/bad/068.JPG'] 0.32544180750846863
['/mnt/dsc3032-gaya-shared/group6/datasets/VisA/visa_pytorch/pcb4/test/bad/069.JPG'] 0.31368646025657654
['/mnt/dsc3032-gaya-shared/group6/datasets/VisA/visa_pytorch/pcb4/test/bad/070.JPG'] 0.31127017736434937
['/mnt/dsc3032-gaya-shared/group6/datasets/VisA/visa_pytorch/pcb4/test/bad/071.JPG'] 0.31753164529800415
['/mnt/dsc3032-gaya-shared/group6/datasets/VisA/visa_pytorch/pcb4/test/bad/072.JPG'] 0.31052541732788086
['/mnt/dsc3032-gaya-shared/group6/datasets/VisA/visa_pytorch/pcb4/test/bad/073.JPG'] 0.33455896377563477
['/mnt/dsc3032-gaya-shared/group6/datasets/VisA/visa_pytorch/pcb4/test/bad/074.JPG'] 0.3170790672302246
['/mnt/dsc3032-gaya-shared/group6/datasets/VisA/visa_pytorch/pcb4/test/bad/075.JPG'] 0.40241941809654236
['/mnt/dsc3032-gaya-shared/group6/datasets/VisA/visa_pytorch/pcb4/test/bad/076.JPG'] 0.41136887669563293
['/mnt/dsc3032-gaya-shared/group6/datasets/VisA/visa_pytorch/pcb4/test/bad/077.JPG'] 0.4223915934562683
['/mnt/dsc3032-gaya-shared/group6/datasets/VisA/visa_pytorch/pcb4/test/bad/078.JPG'] 0.3774673342704773
['/mnt/dsc3032-gaya-shared/group6/datasets/VisA/visa_pytorch/pcb4/test/bad/079.JPG'] 0.3657415509223938
['/mnt/dsc3032-gaya-shared/group6/datasets/VisA/visa_pytorch/pcb4/test/bad/080.JPG'] 0.3633366823196411
['/mnt/dsc3032-gaya-shared/group6/datasets/VisA/visa_pytorch/pcb4/test/bad/081.JPG'] 0.33234238624572754
['/mnt/dsc3032-gaya-shared/group6/datasets/VisA/visa_pytorch/pcb4/test/bad/082.JPG'] 0.33811241388320923
['/mnt/dsc3032-gaya-shared/group6/datasets/VisA/visa_pytorch/pcb4/test/bad/083.JPG'] 0.3365429639816284
['/mnt/dsc3032-gaya-shared/group6/datasets/VisA/visa_pytorch/pcb4/test/bad/084.JPG'] 0.3358798027038574
['/mnt/dsc3032-gaya-shared/group6/datasets/VisA/visa_pytorch/pcb4/test/bad/085.JPG'] 0.33776772022247314
['/mnt/dsc3032-gaya-shared/group6/datasets/VisA/visa_pytorch/pcb4/test/bad/086.JPG'] 0.34341222047805786
['/mnt/dsc3032-gaya-shared/group6/datasets/VisA/visa_pytorch/pcb4/test/bad/087.JPG'] 0.31209051609039307
['/mnt/dsc3032-gaya-shared/group6/datasets/VisA/visa_pytorch/pcb4/test/bad/088.JPG'] 0.30365288257598877
['/mnt/dsc3032-gaya-shared/group6/datasets/VisA/visa_pytorch/pcb4/test/bad/089.JPG'] 0.34031587839126587
['/mnt/dsc3032-gaya-shared/group6/datasets/VisA/visa_pytorch/pcb4/test/bad/090.JPG'] 0.2948673367500305
['/mnt/dsc3032-gaya-shared/group6/datasets/VisA/visa_pytorch/pcb4/test/bad/091.JPG'] 0.3448755145072937
['/mnt/dsc3032-gaya-shared/group6/datasets/VisA/visa_pytorch/pcb4/test/bad/092.JPG'] 0.3076093792915344
['/mnt/dsc3032-gaya-shared/group6/datasets/VisA/visa_pytorch/pcb4/test/bad/093.JPG'] 0.33981406688690186
['/mnt/dsc3032-gaya-shared/group6/datasets/VisA/visa_pytorch/pcb4/test/bad/094.JPG'] 0.3180891275405884
['/mnt/dsc3032-gaya-shared/group6/datasets/VisA/visa_pytorch/pcb4/test/bad/095.JPG'] 0.3286345899105072
['/mnt/dsc3032-gaya-shared/group6/datasets/VisA/visa_pytorch/pcb4/test/bad/096.JPG'] 0.2923155426979065
['/mnt/dsc3032-gaya-shared/group6/datasets/VisA/visa_pytorch/pcb4/test/bad/097.JPG'] 0.31362783908843994
['/mnt/dsc3032-gaya-shared/group6/datasets/VisA/visa_pytorch/pcb4/test/bad/098.JPG'] 0.31948816776275635
['/mnt/dsc3032-gaya-shared/group6/datasets/VisA/visa_pytorch/pcb4/test/bad/099.JPG'] 0.367307186126709
['/mnt/dsc3032-gaya-shared/group6/datasets/VisA/visa_pytorch/pcb4/test/good/0011.JPG'] 0.31169408559799194
['/mnt/dsc3032-gaya-shared/group6/datasets/VisA/visa_pytorch/pcb4/test/good/0013.JPG'] 0.2930786907672882
['/mnt/dsc3032-gaya-shared/group6/datasets/VisA/visa_pytorch/pcb4/test/good/0016.JPG'] 0.30960193276405334
['/mnt/dsc3032-gaya-shared/group6/datasets/VisA/visa_pytorch/pcb4/test/good/0024.JPG'] 0.34702545404434204
['/mnt/dsc3032-gaya-shared/group6/datasets/VisA/visa_pytorch/pcb4/test/good/0026.JPG'] 0.35175466537475586
['/mnt/dsc3032-gaya-shared/group6/datasets/VisA/visa_pytorch/pcb4/test/good/0027.JPG'] 0.3229506015777588
['/mnt/dsc3032-gaya-shared/group6/datasets/VisA/visa_pytorch/pcb4/test/good/0046.JPG'] 0.37575459480285645
['/mnt/dsc3032-gaya-shared/group6/datasets/VisA/visa_pytorch/pcb4/test/good/0100.JPG'] 0.3259941339492798
['/mnt/dsc3032-gaya-shared/group6/datasets/VisA/visa_pytorch/pcb4/test/good/0107.JPG'] 0.3556120693683624
['/mnt/dsc3032-gaya-shared/group6/datasets/VisA/visa_pytorch/pcb4/test/good/0159.JPG'] 0.3364686369895935
['/mnt/dsc3032-gaya-shared/group6/datasets/VisA/visa_pytorch/pcb4/test/good/0168.JPG'] 0.3230718672275543
['/mnt/dsc3032-gaya-shared/group6/datasets/VisA/visa_pytorch/pcb4/test/good/0170.JPG'] 0.29774945974349976
['/mnt/dsc3032-gaya-shared/group6/datasets/VisA/visa_pytorch/pcb4/test/good/0172.JPG'] 0.3306386470794678
['/mnt/dsc3032-gaya-shared/group6/datasets/VisA/visa_pytorch/pcb4/test/good/0174.JPG'] 0.3313399851322174
['/mnt/dsc3032-gaya-shared/group6/datasets/VisA/visa_pytorch/pcb4/test/good/0178.JPG'] 0.3617551326751709
['/mnt/dsc3032-gaya-shared/group6/datasets/VisA/visa_pytorch/pcb4/test/good/0187.JPG'] 0.3687084913253784
['/mnt/dsc3032-gaya-shared/group6/datasets/VisA/visa_pytorch/pcb4/test/good/0196.JPG'] 0.3581809401512146
['/mnt/dsc3032-gaya-shared/group6/datasets/VisA/visa_pytorch/pcb4/test/good/0208.JPG'] 0.35981279611587524
['/mnt/dsc3032-gaya-shared/group6/datasets/VisA/visa_pytorch/pcb4/test/good/0214.JPG'] 0.3866063952445984
['/mnt/dsc3032-gaya-shared/group6/datasets/VisA/visa_pytorch/pcb4/test/good/0215.JPG'] 0.38360708951950073
['/mnt/dsc3032-gaya-shared/group6/datasets/VisA/visa_pytorch/pcb4/test/good/0237.JPG'] 0.38562047481536865
['/mnt/dsc3032-gaya-shared/group6/datasets/VisA/visa_pytorch/pcb4/test/good/0261.JPG'] 0.3538910746574402
['/mnt/dsc3032-gaya-shared/group6/datasets/VisA/visa_pytorch/pcb4/test/good/0286.JPG'] 0.31200870871543884
['/mnt/dsc3032-gaya-shared/group6/datasets/VisA/visa_pytorch/pcb4/test/good/0294.JPG'] 0.3641710877418518
['/mnt/dsc3032-gaya-shared/group6/datasets/VisA/visa_pytorch/pcb4/test/good/0297.JPG'] 0.3228932023048401
['/mnt/dsc3032-gaya-shared/group6/datasets/VisA/visa_pytorch/pcb4/test/good/0303.JPG'] 0.3143383860588074
['/mnt/dsc3032-gaya-shared/group6/datasets/VisA/visa_pytorch/pcb4/test/good/0306.JPG'] 0.31874561309814453
['/mnt/dsc3032-gaya-shared/group6/datasets/VisA/visa_pytorch/pcb4/test/good/0320.JPG'] 0.4717579483985901
['/mnt/dsc3032-gaya-shared/group6/datasets/VisA/visa_pytorch/pcb4/test/good/0333.JPG'] 0.3750622868537903
['/mnt/dsc3032-gaya-shared/group6/datasets/VisA/visa_pytorch/pcb4/test/good/0363.JPG'] 0.35425031185150146
['/mnt/dsc3032-gaya-shared/group6/datasets/VisA/visa_pytorch/pcb4/test/good/0377.JPG'] 0.3415885269641876
['/mnt/dsc3032-gaya-shared/group6/datasets/VisA/visa_pytorch/pcb4/test/good/0394.JPG'] 0.3365444839000702
['/mnt/dsc3032-gaya-shared/group6/datasets/VisA/visa_pytorch/pcb4/test/good/0400.JPG'] 0.3805422782897949
['/mnt/dsc3032-gaya-shared/group6/datasets/VisA/visa_pytorch/pcb4/test/good/0402.JPG'] 0.33904004096984863
['/mnt/dsc3032-gaya-shared/group6/datasets/VisA/visa_pytorch/pcb4/test/good/0417.JPG'] 0.35100799798965454
['/mnt/dsc3032-gaya-shared/group6/datasets/VisA/visa_pytorch/pcb4/test/good/0423.JPG'] 0.3259628415107727
['/mnt/dsc3032-gaya-shared/group6/datasets/VisA/visa_pytorch/pcb4/test/good/0427.JPG'] 0.3204229772090912
['/mnt/dsc3032-gaya-shared/group6/datasets/VisA/visa_pytorch/pcb4/test/good/0457.JPG'] 0.3330077528953552
['/mnt/dsc3032-gaya-shared/group6/datasets/VisA/visa_pytorch/pcb4/test/good/0469.JPG'] 0.33042728900909424
['/mnt/dsc3032-gaya-shared/group6/datasets/VisA/visa_pytorch/pcb4/test/good/0479.JPG'] 0.32180094718933105
['/mnt/dsc3032-gaya-shared/group6/datasets/VisA/visa_pytorch/pcb4/test/good/0483.JPG'] 0.3360256552696228
['/mnt/dsc3032-gaya-shared/group6/datasets/VisA/visa_pytorch/pcb4/test/good/0484.JPG'] 0.32632315158843994
['/mnt/dsc3032-gaya-shared/group6/datasets/VisA/visa_pytorch/pcb4/test/good/0488.JPG'] 0.33317431807518005
['/mnt/dsc3032-gaya-shared/group6/datasets/VisA/visa_pytorch/pcb4/test/good/0490.JPG'] 0.34555941820144653
['/mnt/dsc3032-gaya-shared/group6/datasets/VisA/visa_pytorch/pcb4/test/good/0514.JPG'] 0.3405822813510895
['/mnt/dsc3032-gaya-shared/group6/datasets/VisA/visa_pytorch/pcb4/test/good/0518.JPG'] 0.31028318405151367
['/mnt/dsc3032-gaya-shared/group6/datasets/VisA/visa_pytorch/pcb4/test/good/0520.JPG'] 0.33051690459251404
['/mnt/dsc3032-gaya-shared/group6/datasets/VisA/visa_pytorch/pcb4/test/good/0525.JPG'] 0.34348899126052856
['/mnt/dsc3032-gaya-shared/group6/datasets/VisA/visa_pytorch/pcb4/test/good/0545.JPG'] 0.3395865559577942
['/mnt/dsc3032-gaya-shared/group6/datasets/VisA/visa_pytorch/pcb4/test/good/0552.JPG'] 0.3504018187522888
['/mnt/dsc3032-gaya-shared/group6/datasets/VisA/visa_pytorch/pcb4/test/good/0569.JPG'] 0.32771891355514526
['/mnt/dsc3032-gaya-shared/group6/datasets/VisA/visa_pytorch/pcb4/test/good/0615.JPG'] 0.3550986051559448
['/mnt/dsc3032-gaya-shared/group6/datasets/VisA/visa_pytorch/pcb4/test/good/0617.JPG'] 0.3301173448562622
['/mnt/dsc3032-gaya-shared/group6/datasets/VisA/visa_pytorch/pcb4/test/good/0619.JPG'] 0.3368208408355713
['/mnt/dsc3032-gaya-shared/group6/datasets/VisA/visa_pytorch/pcb4/test/good/0621.JPG'] 0.2898809313774109
['/mnt/dsc3032-gaya-shared/group6/datasets/VisA/visa_pytorch/pcb4/test/good/0629.JPG'] 0.35331398248672485
['/mnt/dsc3032-gaya-shared/group6/datasets/VisA/visa_pytorch/pcb4/test/good/0631.JPG'] 0.3150654435157776
['/mnt/dsc3032-gaya-shared/group6/datasets/VisA/visa_pytorch/pcb4/test/good/0648.JPG'] 0.3185938596725464
['/mnt/dsc3032-gaya-shared/group6/datasets/VisA/visa_pytorch/pcb4/test/good/0654.JPG'] 0.2938963770866394
['/mnt/dsc3032-gaya-shared/group6/datasets/VisA/visa_pytorch/pcb4/test/good/0657.JPG'] 0.3281605839729309
['/mnt/dsc3032-gaya-shared/group6/datasets/VisA/visa_pytorch/pcb4/test/good/0659.JPG'] 0.31444814801216125
['/mnt/dsc3032-gaya-shared/group6/datasets/VisA/visa_pytorch/pcb4/test/good/0674.JPG'] 0.32405567169189453
['/mnt/dsc3032-gaya-shared/group6/datasets/VisA/visa_pytorch/pcb4/test/good/0684.JPG'] 0.33276647329330444
['/mnt/dsc3032-gaya-shared/group6/datasets/VisA/visa_pytorch/pcb4/test/good/0685.JPG'] 0.3434189558029175
['/mnt/dsc3032-gaya-shared/group6/datasets/VisA/visa_pytorch/pcb4/test/good/0688.JPG'] 0.4568921625614166
['/mnt/dsc3032-gaya-shared/group6/datasets/VisA/visa_pytorch/pcb4/test/good/0690.JPG'] 0.3390832543373108
['/mnt/dsc3032-gaya-shared/group6/datasets/VisA/visa_pytorch/pcb4/test/good/0694.JPG'] 0.3924572467803955
['/mnt/dsc3032-gaya-shared/group6/datasets/VisA/visa_pytorch/pcb4/test/good/0705.JPG'] 0.3633310794830322
['/mnt/dsc3032-gaya-shared/group6/datasets/VisA/visa_pytorch/pcb4/test/good/0725.JPG'] 0.3191162645816803
['/mnt/dsc3032-gaya-shared/group6/datasets/VisA/visa_pytorch/pcb4/test/good/0730.JPG'] 0.3526524305343628
['/mnt/dsc3032-gaya-shared/group6/datasets/VisA/visa_pytorch/pcb4/test/good/0735.JPG'] 0.31959208846092224
['/mnt/dsc3032-gaya-shared/group6/datasets/VisA/visa_pytorch/pcb4/test/good/0739.JPG'] 0.33660823106765747
['/mnt/dsc3032-gaya-shared/group6/datasets/VisA/visa_pytorch/pcb4/test/good/0751.JPG'] 0.3290684223175049
['/mnt/dsc3032-gaya-shared/group6/datasets/VisA/visa_pytorch/pcb4/test/good/0755.JPG'] 0.33602577447891235
['/mnt/dsc3032-gaya-shared/group6/datasets/VisA/visa_pytorch/pcb4/test/good/0764.JPG'] 0.34644731879234314
['/mnt/dsc3032-gaya-shared/group6/datasets/VisA/visa_pytorch/pcb4/test/good/0768.JPG'] 0.30849140882492065
['/mnt/dsc3032-gaya-shared/group6/datasets/VisA/visa_pytorch/pcb4/test/good/0779.JPG'] 0.32114189863204956
['/mnt/dsc3032-gaya-shared/group6/datasets/VisA/visa_pytorch/pcb4/test/good/0784.JPG'] 0.35804063081741333
['/mnt/dsc3032-gaya-shared/group6/datasets/VisA/visa_pytorch/pcb4/test/good/0796.JPG'] 0.340532124042511
['/mnt/dsc3032-gaya-shared/group6/datasets/VisA/visa_pytorch/pcb4/test/good/0797.JPG'] 0.3311636447906494
['/mnt/dsc3032-gaya-shared/group6/datasets/VisA/visa_pytorch/pcb4/test/good/0800.JPG'] 0.32631993293762207
['/mnt/dsc3032-gaya-shared/group6/datasets/VisA/visa_pytorch/pcb4/test/good/0804.JPG'] 0.32718342542648315
['/mnt/dsc3032-gaya-shared/group6/datasets/VisA/visa_pytorch/pcb4/test/good/0811.JPG'] 0.3326400816440582
['/mnt/dsc3032-gaya-shared/group6/datasets/VisA/visa_pytorch/pcb4/test/good/0844.JPG'] 0.3342883884906769
['/mnt/dsc3032-gaya-shared/group6/datasets/VisA/visa_pytorch/pcb4/test/good/0869.JPG'] 0.311525821685791
['/mnt/dsc3032-gaya-shared/group6/datasets/VisA/visa_pytorch/pcb4/test/good/0871.JPG'] 0.3991675078868866
['/mnt/dsc3032-gaya-shared/group6/datasets/VisA/visa_pytorch/pcb4/test/good/0892.JPG'] 0.2717178463935852
['/mnt/dsc3032-gaya-shared/group6/datasets/VisA/visa_pytorch/pcb4/test/good/0900.JPG'] 0.363025426864624
['/mnt/dsc3032-gaya-shared/group6/datasets/VisA/visa_pytorch/pcb4/test/good/0920.JPG'] 0.33317509293556213
['/mnt/dsc3032-gaya-shared/group6/datasets/VisA/visa_pytorch/pcb4/test/good/0923.JPG'] 0.3184506893157959
['/mnt/dsc3032-gaya-shared/group6/datasets/VisA/visa_pytorch/pcb4/test/good/0935.JPG'] 0.3235216736793518
['/mnt/dsc3032-gaya-shared/group6/datasets/VisA/visa_pytorch/pcb4/test/good/0940.JPG'] 0.32709720730781555
['/mnt/dsc3032-gaya-shared/group6/datasets/VisA/visa_pytorch/pcb4/test/good/0952.JPG'] 0.29926154017448425
['/mnt/dsc3032-gaya-shared/group6/datasets/VisA/visa_pytorch/pcb4/test/good/0957.JPG'] 0.3427157402038574
['/mnt/dsc3032-gaya-shared/group6/datasets/VisA/visa_pytorch/pcb4/test/good/0964.JPG'] 0.3384336829185486
['/mnt/dsc3032-gaya-shared/group6/datasets/VisA/visa_pytorch/pcb4/test/good/0971.JPG'] 0.3975371718406677
['/mnt/dsc3032-gaya-shared/group6/datasets/VisA/visa_pytorch/pcb4/test/good/0974.JPG'] 0.2528107166290283
['/mnt/dsc3032-gaya-shared/group6/datasets/VisA/visa_pytorch/pcb4/test/good/0977.JPG'] 0.279060959815979
['/mnt/dsc3032-gaya-shared/group6/datasets/VisA/visa_pytorch/pcb4/test/good/0990.JPG'] 0.2859184145927429
['/mnt/dsc3032-gaya-shared/group6/datasets/VisA/visa_pytorch/pcb4/test/good/0994.JPG'] 0.35243478417396545
['/mnt/dsc3032-gaya-shared/group6/datasets/VisA/visa_pytorch/pcb4/test/good/1001.JPG'] 0.2817298173904419
26-06-02 16:35:37.449 - INFO: 
| category   |   K-shots |   F1-Max(image) |   AUROC(image) |   F1-Max(pixel) |   AUROC(pixel) |
|:-----------|----------:|----------------:|---------------:|----------------:|---------------:|
| pcb4       |         1 |           66.89 |           47.7 |           39.99 |          94.61 |
