/home/gaya6/LogSAD/dinov2/dinov2/layers/swiglu_ffn.py:43: UserWarning: xFormers is available (SwiGLU)
  warnings.warn("xFormers is available (SwiGLU)")
/home/gaya6/LogSAD/dinov2/dinov2/layers/attention.py:27: UserWarning: xFormers is available (Attention)
  warnings.warn("xFormers is available (Attention)")
/home/gaya6/LogSAD/dinov2/dinov2/layers/block.py:33: UserWarning: xFormers is available (Block)
  warnings.warn("xFormers is available (Block)")
['/mnt/dsc3032-gaya-shared/group6/datasets/VisA/visa_pytorch/pipe_fryum/test/bad/000.JPG'] 0.4775876998901367
['/mnt/dsc3032-gaya-shared/group6/datasets/VisA/visa_pytorch/pipe_fryum/test/bad/001.JPG'] 0.4754609167575836
['/mnt/dsc3032-gaya-shared/group6/datasets/VisA/visa_pytorch/pipe_fryum/test/bad/002.JPG'] 0.5284605026245117
['/mnt/dsc3032-gaya-shared/group6/datasets/VisA/visa_pytorch/pipe_fryum/test/bad/003.JPG'] 0.5265377759933472
['/mnt/dsc3032-gaya-shared/group6/datasets/VisA/visa_pytorch/pipe_fryum/test/bad/004.JPG'] 0.43850177526474
['/mnt/dsc3032-gaya-shared/group6/datasets/VisA/visa_pytorch/pipe_fryum/test/bad/005.JPG'] 0.517776370048523
['/mnt/dsc3032-gaya-shared/group6/datasets/VisA/visa_pytorch/pipe_fryum/test/bad/006.JPG'] 0.4186899960041046
['/mnt/dsc3032-gaya-shared/group6/datasets/VisA/visa_pytorch/pipe_fryum/test/bad/007.JPG'] 0.47619906067848206
['/mnt/dsc3032-gaya-shared/group6/datasets/VisA/visa_pytorch/pipe_fryum/test/bad/008.JPG'] 0.4921976923942566
['/mnt/dsc3032-gaya-shared/group6/datasets/VisA/visa_pytorch/pipe_fryum/test/bad/009.JPG'] 0.43055468797683716
['/mnt/dsc3032-gaya-shared/group6/datasets/VisA/visa_pytorch/pipe_fryum/test/bad/010.JPG'] 0.5108505487442017
['/mnt/dsc3032-gaya-shared/group6/datasets/VisA/visa_pytorch/pipe_fryum/test/bad/011.JPG'] 0.42282354831695557
['/mnt/dsc3032-gaya-shared/group6/datasets/VisA/visa_pytorch/pipe_fryum/test/bad/012.JPG'] 0.4874439239501953
['/mnt/dsc3032-gaya-shared/group6/datasets/VisA/visa_pytorch/pipe_fryum/test/bad/013.JPG'] 0.45590877532958984
['/mnt/dsc3032-gaya-shared/group6/datasets/VisA/visa_pytorch/pipe_fryum/test/bad/014.JPG'] 0.5109076499938965
['/mnt/dsc3032-gaya-shared/group6/datasets/VisA/visa_pytorch/pipe_fryum/test/bad/015.JPG'] 0.3890642821788788
['/mnt/dsc3032-gaya-shared/group6/datasets/VisA/visa_pytorch/pipe_fryum/test/bad/016.JPG'] 0.34291237592697144
['/mnt/dsc3032-gaya-shared/group6/datasets/VisA/visa_pytorch/pipe_fryum/test/bad/017.JPG'] 0.35036295652389526
['/mnt/dsc3032-gaya-shared/group6/datasets/VisA/visa_pytorch/pipe_fryum/test/bad/018.JPG'] 0.3609035611152649
['/mnt/dsc3032-gaya-shared/group6/datasets/VisA/visa_pytorch/pipe_fryum/test/bad/019.JPG'] 0.39548641443252563
['/mnt/dsc3032-gaya-shared/group6/datasets/VisA/visa_pytorch/pipe_fryum/test/bad/020.JPG'] 0.3190918564796448
['/mnt/dsc3032-gaya-shared/group6/datasets/VisA/visa_pytorch/pipe_fryum/test/bad/021.JPG'] 0.42434489727020264
['/mnt/dsc3032-gaya-shared/group6/datasets/VisA/visa_pytorch/pipe_fryum/test/bad/022.JPG'] 0.38127216696739197
['/mnt/dsc3032-gaya-shared/group6/datasets/VisA/visa_pytorch/pipe_fryum/test/bad/023.JPG'] 0.3841490149497986
['/mnt/dsc3032-gaya-shared/group6/datasets/VisA/visa_pytorch/pipe_fryum/test/bad/024.JPG'] 0.3623320460319519
['/mnt/dsc3032-gaya-shared/group6/datasets/VisA/visa_pytorch/pipe_fryum/test/bad/025.JPG'] 0.4184592068195343
['/mnt/dsc3032-gaya-shared/group6/datasets/VisA/visa_pytorch/pipe_fryum/test/bad/026.JPG'] 0.42794269323349
['/mnt/dsc3032-gaya-shared/group6/datasets/VisA/visa_pytorch/pipe_fryum/test/bad/027.JPG'] 0.3206709027290344
['/mnt/dsc3032-gaya-shared/group6/datasets/VisA/visa_pytorch/pipe_fryum/test/bad/028.JPG'] 0.33703532814979553
['/mnt/dsc3032-gaya-shared/group6/datasets/VisA/visa_pytorch/pipe_fryum/test/bad/029.JPG'] 0.32601621747016907
['/mnt/dsc3032-gaya-shared/group6/datasets/VisA/visa_pytorch/pipe_fryum/test/bad/030.JPG'] 0.5063461661338806
['/mnt/dsc3032-gaya-shared/group6/datasets/VisA/visa_pytorch/pipe_fryum/test/bad/031.JPG'] 0.5046521425247192
['/mnt/dsc3032-gaya-shared/group6/datasets/VisA/visa_pytorch/pipe_fryum/test/bad/032.JPG'] 0.5313485860824585
['/mnt/dsc3032-gaya-shared/group6/datasets/VisA/visa_pytorch/pipe_fryum/test/bad/033.JPG'] 0.46295881271362305
['/mnt/dsc3032-gaya-shared/group6/datasets/VisA/visa_pytorch/pipe_fryum/test/bad/034.JPG'] 0.49448055028915405
['/mnt/dsc3032-gaya-shared/group6/datasets/VisA/visa_pytorch/pipe_fryum/test/bad/035.JPG'] 0.5364971160888672
['/mnt/dsc3032-gaya-shared/group6/datasets/VisA/visa_pytorch/pipe_fryum/test/bad/036.JPG'] 0.5479358434677124
['/mnt/dsc3032-gaya-shared/group6/datasets/VisA/visa_pytorch/pipe_fryum/test/bad/037.JPG'] 0.5264935493469238
['/mnt/dsc3032-gaya-shared/group6/datasets/VisA/visa_pytorch/pipe_fryum/test/bad/038.JPG'] 0.5229771137237549
['/mnt/dsc3032-gaya-shared/group6/datasets/VisA/visa_pytorch/pipe_fryum/test/bad/039.JPG'] 0.5045516490936279
['/mnt/dsc3032-gaya-shared/group6/datasets/VisA/visa_pytorch/pipe_fryum/test/bad/040.JPG'] 0.5259044170379639
['/mnt/dsc3032-gaya-shared/group6/datasets/VisA/visa_pytorch/pipe_fryum/test/bad/041.JPG'] 0.5131582021713257
['/mnt/dsc3032-gaya-shared/group6/datasets/VisA/visa_pytorch/pipe_fryum/test/bad/042.JPG'] 0.5573854446411133
['/mnt/dsc3032-gaya-shared/group6/datasets/VisA/visa_pytorch/pipe_fryum/test/bad/043.JPG'] 0.5572636127471924
['/mnt/dsc3032-gaya-shared/group6/datasets/VisA/visa_pytorch/pipe_fryum/test/bad/044.JPG'] 0.5244737863540649
['/mnt/dsc3032-gaya-shared/group6/datasets/VisA/visa_pytorch/pipe_fryum/test/bad/045.JPG'] 0.573009192943573
['/mnt/dsc3032-gaya-shared/group6/datasets/VisA/visa_pytorch/pipe_fryum/test/bad/046.JPG'] 0.5388453006744385
['/mnt/dsc3032-gaya-shared/group6/datasets/VisA/visa_pytorch/pipe_fryum/test/bad/047.JPG'] 0.5086509585380554
['/mnt/dsc3032-gaya-shared/group6/datasets/VisA/visa_pytorch/pipe_fryum/test/bad/048.JPG'] 0.5617814064025879
['/mnt/dsc3032-gaya-shared/group6/datasets/VisA/visa_pytorch/pipe_fryum/test/bad/049.JPG'] 0.5210790634155273
['/mnt/dsc3032-gaya-shared/group6/datasets/VisA/visa_pytorch/pipe_fryum/test/bad/050.JPG'] 0.43138203024864197
['/mnt/dsc3032-gaya-shared/group6/datasets/VisA/visa_pytorch/pipe_fryum/test/bad/051.JPG'] 0.4390098452568054
['/mnt/dsc3032-gaya-shared/group6/datasets/VisA/visa_pytorch/pipe_fryum/test/bad/052.JPG'] 0.39917364716529846
['/mnt/dsc3032-gaya-shared/group6/datasets/VisA/visa_pytorch/pipe_fryum/test/bad/053.JPG'] 0.39936238527297974
['/mnt/dsc3032-gaya-shared/group6/datasets/VisA/visa_pytorch/pipe_fryum/test/bad/054.JPG'] 0.4369569420814514
['/mnt/dsc3032-gaya-shared/group6/datasets/VisA/visa_pytorch/pipe_fryum/test/bad/055.JPG'] 0.3674430251121521
['/mnt/dsc3032-gaya-shared/group6/datasets/VisA/visa_pytorch/pipe_fryum/test/bad/056.JPG'] 0.47817009687423706
['/mnt/dsc3032-gaya-shared/group6/datasets/VisA/visa_pytorch/pipe_fryum/test/bad/057.JPG'] 0.4158479571342468
['/mnt/dsc3032-gaya-shared/group6/datasets/VisA/visa_pytorch/pipe_fryum/test/bad/058.JPG'] 0.4488809406757355
['/mnt/dsc3032-gaya-shared/group6/datasets/VisA/visa_pytorch/pipe_fryum/test/bad/059.JPG'] 0.4917064309120178
['/mnt/dsc3032-gaya-shared/group6/datasets/VisA/visa_pytorch/pipe_fryum/test/bad/060.JPG'] 0.4274379014968872
['/mnt/dsc3032-gaya-shared/group6/datasets/VisA/visa_pytorch/pipe_fryum/test/bad/061.JPG'] 0.49234843254089355
['/mnt/dsc3032-gaya-shared/group6/datasets/VisA/visa_pytorch/pipe_fryum/test/bad/062.JPG'] 0.3822297155857086
['/mnt/dsc3032-gaya-shared/group6/datasets/VisA/visa_pytorch/pipe_fryum/test/bad/063.JPG'] 0.3890734910964966
['/mnt/dsc3032-gaya-shared/group6/datasets/VisA/visa_pytorch/pipe_fryum/test/bad/064.JPG'] 0.39181965589523315
['/mnt/dsc3032-gaya-shared/group6/datasets/VisA/visa_pytorch/pipe_fryum/test/bad/065.JPG'] 0.44909507036209106
['/mnt/dsc3032-gaya-shared/group6/datasets/VisA/visa_pytorch/pipe_fryum/test/bad/066.JPG'] 0.5158427953720093
['/mnt/dsc3032-gaya-shared/group6/datasets/VisA/visa_pytorch/pipe_fryum/test/bad/067.JPG'] 0.4862465262413025
['/mnt/dsc3032-gaya-shared/group6/datasets/VisA/visa_pytorch/pipe_fryum/test/bad/068.JPG'] 0.40635567903518677
['/mnt/dsc3032-gaya-shared/group6/datasets/VisA/visa_pytorch/pipe_fryum/test/bad/069.JPG'] 0.36465930938720703
['/mnt/dsc3032-gaya-shared/group6/datasets/VisA/visa_pytorch/pipe_fryum/test/bad/070.JPG'] 0.35649776458740234
['/mnt/dsc3032-gaya-shared/group6/datasets/VisA/visa_pytorch/pipe_fryum/test/bad/071.JPG'] 0.4477161169052124
['/mnt/dsc3032-gaya-shared/group6/datasets/VisA/visa_pytorch/pipe_fryum/test/bad/072.JPG'] 0.3941496014595032
['/mnt/dsc3032-gaya-shared/group6/datasets/VisA/visa_pytorch/pipe_fryum/test/bad/073.JPG'] 0.37281444668769836
['/mnt/dsc3032-gaya-shared/group6/datasets/VisA/visa_pytorch/pipe_fryum/test/bad/074.JPG'] 0.37316060066223145
['/mnt/dsc3032-gaya-shared/group6/datasets/VisA/visa_pytorch/pipe_fryum/test/bad/075.JPG'] 0.3709180951118469
['/mnt/dsc3032-gaya-shared/group6/datasets/VisA/visa_pytorch/pipe_fryum/test/bad/076.JPG'] 0.375837504863739
['/mnt/dsc3032-gaya-shared/group6/datasets/VisA/visa_pytorch/pipe_fryum/test/bad/077.JPG'] 0.4074174761772156
['/mnt/dsc3032-gaya-shared/group6/datasets/VisA/visa_pytorch/pipe_fryum/test/bad/078.JPG'] 0.4523143172264099
['/mnt/dsc3032-gaya-shared/group6/datasets/VisA/visa_pytorch/pipe_fryum/test/bad/079.JPG'] 0.4414525628089905
['/mnt/dsc3032-gaya-shared/group6/datasets/VisA/visa_pytorch/pipe_fryum/test/bad/080.JPG'] 0.416683554649353
['/mnt/dsc3032-gaya-shared/group6/datasets/VisA/visa_pytorch/pipe_fryum/test/bad/081.JPG'] 0.3786749839782715
['/mnt/dsc3032-gaya-shared/group6/datasets/VisA/visa_pytorch/pipe_fryum/test/bad/082.JPG'] 0.3569469153881073
['/mnt/dsc3032-gaya-shared/group6/datasets/VisA/visa_pytorch/pipe_fryum/test/bad/083.JPG'] 0.38430285453796387
['/mnt/dsc3032-gaya-shared/group6/datasets/VisA/visa_pytorch/pipe_fryum/test/bad/084.JPG'] 0.49340274930000305
['/mnt/dsc3032-gaya-shared/group6/datasets/VisA/visa_pytorch/pipe_fryum/test/bad/085.JPG'] 0.329059362411499
['/mnt/dsc3032-gaya-shared/group6/datasets/VisA/visa_pytorch/pipe_fryum/test/bad/086.JPG'] 0.4406249523162842
['/mnt/dsc3032-gaya-shared/group6/datasets/VisA/visa_pytorch/pipe_fryum/test/bad/087.JPG'] 0.3904483914375305
['/mnt/dsc3032-gaya-shared/group6/datasets/VisA/visa_pytorch/pipe_fryum/test/bad/088.JPG'] 0.32276758551597595
['/mnt/dsc3032-gaya-shared/group6/datasets/VisA/visa_pytorch/pipe_fryum/test/bad/089.JPG'] 0.2928798496723175
['/mnt/dsc3032-gaya-shared/group6/datasets/VisA/visa_pytorch/pipe_fryum/test/bad/090.JPG'] 0.506283700466156
['/mnt/dsc3032-gaya-shared/group6/datasets/VisA/visa_pytorch/pipe_fryum/test/bad/091.JPG'] 0.5215163826942444
['/mnt/dsc3032-gaya-shared/group6/datasets/VisA/visa_pytorch/pipe_fryum/test/bad/092.JPG'] 0.43412038683891296
['/mnt/dsc3032-gaya-shared/group6/datasets/VisA/visa_pytorch/pipe_fryum/test/bad/093.JPG'] 0.48446375131607056
['/mnt/dsc3032-gaya-shared/group6/datasets/VisA/visa_pytorch/pipe_fryum/test/bad/094.JPG'] 0.4734399914741516
['/mnt/dsc3032-gaya-shared/group6/datasets/VisA/visa_pytorch/pipe_fryum/test/bad/095.JPG'] 0.4691675901412964
['/mnt/dsc3032-gaya-shared/group6/datasets/VisA/visa_pytorch/pipe_fryum/test/bad/096.JPG'] 0.4933375120162964
['/mnt/dsc3032-gaya-shared/group6/datasets/VisA/visa_pytorch/pipe_fryum/test/bad/097.JPG'] 0.4122828543186188
['/mnt/dsc3032-gaya-shared/group6/datasets/VisA/visa_pytorch/pipe_fryum/test/bad/098.JPG'] 0.459494948387146
['/mnt/dsc3032-gaya-shared/group6/datasets/VisA/visa_pytorch/pipe_fryum/test/bad/099.JPG'] 0.39942508935928345
['/mnt/dsc3032-gaya-shared/group6/datasets/VisA/visa_pytorch/pipe_fryum/test/good/006.JPG'] 0.2661066949367523
['/mnt/dsc3032-gaya-shared/group6/datasets/VisA/visa_pytorch/pipe_fryum/test/good/012.JPG'] 0.19082453846931458
['/mnt/dsc3032-gaya-shared/group6/datasets/VisA/visa_pytorch/pipe_fryum/test/good/013.JPG'] 0.28714925050735474
['/mnt/dsc3032-gaya-shared/group6/datasets/VisA/visa_pytorch/pipe_fryum/test/good/023.JPG'] 0.27263009548187256
['/mnt/dsc3032-gaya-shared/group6/datasets/VisA/visa_pytorch/pipe_fryum/test/good/050.JPG'] 0.27759498357772827
['/mnt/dsc3032-gaya-shared/group6/datasets/VisA/visa_pytorch/pipe_fryum/test/good/084.JPG'] 0.28324902057647705
['/mnt/dsc3032-gaya-shared/group6/datasets/VisA/visa_pytorch/pipe_fryum/test/good/087.JPG'] 0.2549401521682739
['/mnt/dsc3032-gaya-shared/group6/datasets/VisA/visa_pytorch/pipe_fryum/test/good/089.JPG'] 0.27640974521636963
['/mnt/dsc3032-gaya-shared/group6/datasets/VisA/visa_pytorch/pipe_fryum/test/good/093.JPG'] 0.28480884432792664
['/mnt/dsc3032-gaya-shared/group6/datasets/VisA/visa_pytorch/pipe_fryum/test/good/098.JPG'] 0.2650122046470642
['/mnt/dsc3032-gaya-shared/group6/datasets/VisA/visa_pytorch/pipe_fryum/test/good/104.JPG'] 0.28652504086494446
['/mnt/dsc3032-gaya-shared/group6/datasets/VisA/visa_pytorch/pipe_fryum/test/good/130.JPG'] 0.27452999353408813
['/mnt/dsc3032-gaya-shared/group6/datasets/VisA/visa_pytorch/pipe_fryum/test/good/143.JPG'] 0.24664194881916046
['/mnt/dsc3032-gaya-shared/group6/datasets/VisA/visa_pytorch/pipe_fryum/test/good/148.JPG'] 0.23967242240905762
['/mnt/dsc3032-gaya-shared/group6/datasets/VisA/visa_pytorch/pipe_fryum/test/good/166.JPG'] 0.2613094449043274
['/mnt/dsc3032-gaya-shared/group6/datasets/VisA/visa_pytorch/pipe_fryum/test/good/181.JPG'] 0.2546050548553467
['/mnt/dsc3032-gaya-shared/group6/datasets/VisA/visa_pytorch/pipe_fryum/test/good/213.JPG'] 0.26538294553756714
['/mnt/dsc3032-gaya-shared/group6/datasets/VisA/visa_pytorch/pipe_fryum/test/good/228.JPG'] 0.23821598291397095
['/mnt/dsc3032-gaya-shared/group6/datasets/VisA/visa_pytorch/pipe_fryum/test/good/239.JPG'] 0.3007550835609436
['/mnt/dsc3032-gaya-shared/group6/datasets/VisA/visa_pytorch/pipe_fryum/test/good/244.JPG'] 0.27803143858909607
['/mnt/dsc3032-gaya-shared/group6/datasets/VisA/visa_pytorch/pipe_fryum/test/good/245.JPG'] 0.3001399040222168
['/mnt/dsc3032-gaya-shared/group6/datasets/VisA/visa_pytorch/pipe_fryum/test/good/260.JPG'] 0.31089863181114197
['/mnt/dsc3032-gaya-shared/group6/datasets/VisA/visa_pytorch/pipe_fryum/test/good/272.JPG'] 0.2668663263320923
['/mnt/dsc3032-gaya-shared/group6/datasets/VisA/visa_pytorch/pipe_fryum/test/good/276.JPG'] 0.26597440242767334
['/mnt/dsc3032-gaya-shared/group6/datasets/VisA/visa_pytorch/pipe_fryum/test/good/284.JPG'] 0.2903425693511963
['/mnt/dsc3032-gaya-shared/group6/datasets/VisA/visa_pytorch/pipe_fryum/test/good/307.JPG'] 0.24027694761753082
['/mnt/dsc3032-gaya-shared/group6/datasets/VisA/visa_pytorch/pipe_fryum/test/good/309.JPG'] 0.27039647102355957
['/mnt/dsc3032-gaya-shared/group6/datasets/VisA/visa_pytorch/pipe_fryum/test/good/324.JPG'] 0.2812082767486572
['/mnt/dsc3032-gaya-shared/group6/datasets/VisA/visa_pytorch/pipe_fryum/test/good/337.JPG'] 0.25947409868240356
['/mnt/dsc3032-gaya-shared/group6/datasets/VisA/visa_pytorch/pipe_fryum/test/good/342.JPG'] 0.2638348340988159
['/mnt/dsc3032-gaya-shared/group6/datasets/VisA/visa_pytorch/pipe_fryum/test/good/344.JPG'] 0.2886524498462677
['/mnt/dsc3032-gaya-shared/group6/datasets/VisA/visa_pytorch/pipe_fryum/test/good/352.JPG'] 0.3323550820350647
['/mnt/dsc3032-gaya-shared/group6/datasets/VisA/visa_pytorch/pipe_fryum/test/good/367.JPG'] 0.2527684271335602
['/mnt/dsc3032-gaya-shared/group6/datasets/VisA/visa_pytorch/pipe_fryum/test/good/369.JPG'] 0.2815273404121399
['/mnt/dsc3032-gaya-shared/group6/datasets/VisA/visa_pytorch/pipe_fryum/test/good/377.JPG'] 0.2527150511741638
['/mnt/dsc3032-gaya-shared/group6/datasets/VisA/visa_pytorch/pipe_fryum/test/good/384.JPG'] 0.27498865127563477
['/mnt/dsc3032-gaya-shared/group6/datasets/VisA/visa_pytorch/pipe_fryum/test/good/389.JPG'] 0.2508705258369446
['/mnt/dsc3032-gaya-shared/group6/datasets/VisA/visa_pytorch/pipe_fryum/test/good/392.JPG'] 0.2817288637161255
['/mnt/dsc3032-gaya-shared/group6/datasets/VisA/visa_pytorch/pipe_fryum/test/good/398.JPG'] 0.2706395387649536
['/mnt/dsc3032-gaya-shared/group6/datasets/VisA/visa_pytorch/pipe_fryum/test/good/400.JPG'] 0.29815930128097534
['/mnt/dsc3032-gaya-shared/group6/datasets/VisA/visa_pytorch/pipe_fryum/test/good/402.JPG'] 0.2069048136472702
['/mnt/dsc3032-gaya-shared/group6/datasets/VisA/visa_pytorch/pipe_fryum/test/good/405.JPG'] 0.260537326335907
['/mnt/dsc3032-gaya-shared/group6/datasets/VisA/visa_pytorch/pipe_fryum/test/good/435.JPG'] 0.4357660114765167
['/mnt/dsc3032-gaya-shared/group6/datasets/VisA/visa_pytorch/pipe_fryum/test/good/446.JPG'] 0.28970474004745483
['/mnt/dsc3032-gaya-shared/group6/datasets/VisA/visa_pytorch/pipe_fryum/test/good/460.JPG'] 0.2516305148601532
['/mnt/dsc3032-gaya-shared/group6/datasets/VisA/visa_pytorch/pipe_fryum/test/good/461.JPG'] 0.22216114401817322
['/mnt/dsc3032-gaya-shared/group6/datasets/VisA/visa_pytorch/pipe_fryum/test/good/467.JPG'] 0.28414690494537354
['/mnt/dsc3032-gaya-shared/group6/datasets/VisA/visa_pytorch/pipe_fryum/test/good/482.JPG'] 0.27359670400619507
['/mnt/dsc3032-gaya-shared/group6/datasets/VisA/visa_pytorch/pipe_fryum/test/good/484.JPG'] 0.2622426450252533
['/mnt/dsc3032-gaya-shared/group6/datasets/VisA/visa_pytorch/pipe_fryum/test/good/487.JPG'] 0.23689784109592438
26-06-02 16:36:32.718 - INFO: 
| category   |   K-shots |   F1-Max(image) |   AUROC(image) |   F1-Max(pixel) |   AUROC(pixel) |
|:-----------|----------:|----------------:|---------------:|----------------:|---------------:|
| pipe_fryum |         1 |           98.51 |          98.86 |           58.38 |          99.07 |
