/home/gaya6/LogSAD/dinov2/dinov2/layers/swiglu_ffn.py:43: UserWarning: xFormers is available (SwiGLU)
  warnings.warn("xFormers is available (SwiGLU)")
/home/gaya6/LogSAD/dinov2/dinov2/layers/attention.py:27: UserWarning: xFormers is available (Attention)
  warnings.warn("xFormers is available (Attention)")
/home/gaya6/LogSAD/dinov2/dinov2/layers/block.py:33: UserWarning: xFormers is available (Block)
  warnings.warn("xFormers is available (Block)")
['/mnt/dsc3032-gaya-shared/group6/datasets/VisA/visa_pytorch/candle/test/bad/000.JPG'] 0.2815559506416321
['/mnt/dsc3032-gaya-shared/group6/datasets/VisA/visa_pytorch/candle/test/bad/001.JPG'] 0.4873431921005249
['/mnt/dsc3032-gaya-shared/group6/datasets/VisA/visa_pytorch/candle/test/bad/002.JPG'] 0.35045090317726135
['/mnt/dsc3032-gaya-shared/group6/datasets/VisA/visa_pytorch/candle/test/bad/003.JPG'] 0.37522560358047485
['/mnt/dsc3032-gaya-shared/group6/datasets/VisA/visa_pytorch/candle/test/bad/004.JPG'] 0.42078691720962524
['/mnt/dsc3032-gaya-shared/group6/datasets/VisA/visa_pytorch/candle/test/bad/005.JPG'] 0.4762217104434967
['/mnt/dsc3032-gaya-shared/group6/datasets/VisA/visa_pytorch/candle/test/bad/006.JPG'] 0.37998366355895996
['/mnt/dsc3032-gaya-shared/group6/datasets/VisA/visa_pytorch/candle/test/bad/007.JPG'] 0.42410391569137573
['/mnt/dsc3032-gaya-shared/group6/datasets/VisA/visa_pytorch/candle/test/bad/008.JPG'] 0.35620537400245667
['/mnt/dsc3032-gaya-shared/group6/datasets/VisA/visa_pytorch/candle/test/bad/009.JPG'] 0.4477589726448059
['/mnt/dsc3032-gaya-shared/group6/datasets/VisA/visa_pytorch/candle/test/bad/010.JPG'] 0.32620522379875183
['/mnt/dsc3032-gaya-shared/group6/datasets/VisA/visa_pytorch/candle/test/bad/011.JPG'] 0.33691930770874023
['/mnt/dsc3032-gaya-shared/group6/datasets/VisA/visa_pytorch/candle/test/bad/012.JPG'] 0.33798372745513916
['/mnt/dsc3032-gaya-shared/group6/datasets/VisA/visa_pytorch/candle/test/bad/013.JPG'] 0.39052069187164307
['/mnt/dsc3032-gaya-shared/group6/datasets/VisA/visa_pytorch/candle/test/bad/014.JPG'] 0.32079005241394043
['/mnt/dsc3032-gaya-shared/group6/datasets/VisA/visa_pytorch/candle/test/bad/015.JPG'] 0.27311253547668457
['/mnt/dsc3032-gaya-shared/group6/datasets/VisA/visa_pytorch/candle/test/bad/016.JPG'] 0.2632560431957245
['/mnt/dsc3032-gaya-shared/group6/datasets/VisA/visa_pytorch/candle/test/bad/017.JPG'] 0.23628991842269897
['/mnt/dsc3032-gaya-shared/group6/datasets/VisA/visa_pytorch/candle/test/bad/018.JPG'] 0.2937559485435486
['/mnt/dsc3032-gaya-shared/group6/datasets/VisA/visa_pytorch/candle/test/bad/019.JPG'] 0.27575868368148804
['/mnt/dsc3032-gaya-shared/group6/datasets/VisA/visa_pytorch/candle/test/bad/020.JPG'] 0.30165088176727295
['/mnt/dsc3032-gaya-shared/group6/datasets/VisA/visa_pytorch/candle/test/bad/021.JPG'] 0.25886619091033936
['/mnt/dsc3032-gaya-shared/group6/datasets/VisA/visa_pytorch/candle/test/bad/022.JPG'] 0.2921557128429413
['/mnt/dsc3032-gaya-shared/group6/datasets/VisA/visa_pytorch/candle/test/bad/023.JPG'] 0.31283462047576904
['/mnt/dsc3032-gaya-shared/group6/datasets/VisA/visa_pytorch/candle/test/bad/024.JPG'] 0.32587483525276184
['/mnt/dsc3032-gaya-shared/group6/datasets/VisA/visa_pytorch/candle/test/bad/025.JPG'] 0.3467765748500824
['/mnt/dsc3032-gaya-shared/group6/datasets/VisA/visa_pytorch/candle/test/bad/026.JPG'] 0.31195878982543945
['/mnt/dsc3032-gaya-shared/group6/datasets/VisA/visa_pytorch/candle/test/bad/027.JPG'] 0.23047754168510437
['/mnt/dsc3032-gaya-shared/group6/datasets/VisA/visa_pytorch/candle/test/bad/028.JPG'] 0.276019811630249
['/mnt/dsc3032-gaya-shared/group6/datasets/VisA/visa_pytorch/candle/test/bad/029.JPG'] 0.27413612604141235
['/mnt/dsc3032-gaya-shared/group6/datasets/VisA/visa_pytorch/candle/test/bad/030.JPG'] 0.3672492206096649
['/mnt/dsc3032-gaya-shared/group6/datasets/VisA/visa_pytorch/candle/test/bad/031.JPG'] 0.2493528425693512
['/mnt/dsc3032-gaya-shared/group6/datasets/VisA/visa_pytorch/candle/test/bad/032.JPG'] 0.3567134141921997
['/mnt/dsc3032-gaya-shared/group6/datasets/VisA/visa_pytorch/candle/test/bad/033.JPG'] 0.28489750623703003
['/mnt/dsc3032-gaya-shared/group6/datasets/VisA/visa_pytorch/candle/test/bad/034.JPG'] 0.31060752272605896
['/mnt/dsc3032-gaya-shared/group6/datasets/VisA/visa_pytorch/candle/test/bad/035.JPG'] 0.2714735269546509
['/mnt/dsc3032-gaya-shared/group6/datasets/VisA/visa_pytorch/candle/test/bad/036.JPG'] 0.24353837966918945
['/mnt/dsc3032-gaya-shared/group6/datasets/VisA/visa_pytorch/candle/test/bad/037.JPG'] 0.26610079407691956
['/mnt/dsc3032-gaya-shared/group6/datasets/VisA/visa_pytorch/candle/test/bad/038.JPG'] 0.3555787205696106
['/mnt/dsc3032-gaya-shared/group6/datasets/VisA/visa_pytorch/candle/test/bad/039.JPG'] 0.2855057716369629
['/mnt/dsc3032-gaya-shared/group6/datasets/VisA/visa_pytorch/candle/test/bad/040.JPG'] 0.45393508672714233
['/mnt/dsc3032-gaya-shared/group6/datasets/VisA/visa_pytorch/candle/test/bad/041.JPG'] 0.46822983026504517
['/mnt/dsc3032-gaya-shared/group6/datasets/VisA/visa_pytorch/candle/test/bad/042.JPG'] 0.4716975688934326
['/mnt/dsc3032-gaya-shared/group6/datasets/VisA/visa_pytorch/candle/test/bad/043.JPG'] 0.4992084801197052
['/mnt/dsc3032-gaya-shared/group6/datasets/VisA/visa_pytorch/candle/test/bad/044.JPG'] 0.4448123276233673
['/mnt/dsc3032-gaya-shared/group6/datasets/VisA/visa_pytorch/candle/test/bad/045.JPG'] 0.541465163230896
['/mnt/dsc3032-gaya-shared/group6/datasets/VisA/visa_pytorch/candle/test/bad/046.JPG'] 0.38472896814346313
['/mnt/dsc3032-gaya-shared/group6/datasets/VisA/visa_pytorch/candle/test/bad/047.JPG'] 0.36918526887893677
['/mnt/dsc3032-gaya-shared/group6/datasets/VisA/visa_pytorch/candle/test/bad/048.JPG'] 0.4161841869354248
['/mnt/dsc3032-gaya-shared/group6/datasets/VisA/visa_pytorch/candle/test/bad/049.JPG'] 0.4181486964225769
['/mnt/dsc3032-gaya-shared/group6/datasets/VisA/visa_pytorch/candle/test/bad/050.JPG'] 0.3908059597015381
['/mnt/dsc3032-gaya-shared/group6/datasets/VisA/visa_pytorch/candle/test/bad/051.JPG'] 0.36536484956741333
['/mnt/dsc3032-gaya-shared/group6/datasets/VisA/visa_pytorch/candle/test/bad/052.JPG'] 0.42837077379226685
['/mnt/dsc3032-gaya-shared/group6/datasets/VisA/visa_pytorch/candle/test/bad/053.JPG'] 0.3642868399620056
['/mnt/dsc3032-gaya-shared/group6/datasets/VisA/visa_pytorch/candle/test/bad/054.JPG'] 0.43425196409225464
['/mnt/dsc3032-gaya-shared/group6/datasets/VisA/visa_pytorch/candle/test/bad/055.JPG'] 0.4019216299057007
['/mnt/dsc3032-gaya-shared/group6/datasets/VisA/visa_pytorch/candle/test/bad/056.JPG'] 0.43471527099609375
['/mnt/dsc3032-gaya-shared/group6/datasets/VisA/visa_pytorch/candle/test/bad/057.JPG'] 0.39424532651901245
['/mnt/dsc3032-gaya-shared/group6/datasets/VisA/visa_pytorch/candle/test/bad/058.JPG'] 0.4019851088523865
['/mnt/dsc3032-gaya-shared/group6/datasets/VisA/visa_pytorch/candle/test/bad/059.JPG'] 0.3674857020378113
['/mnt/dsc3032-gaya-shared/group6/datasets/VisA/visa_pytorch/candle/test/bad/060.JPG'] 0.22149154543876648
['/mnt/dsc3032-gaya-shared/group6/datasets/VisA/visa_pytorch/candle/test/bad/061.JPG'] 0.3688053488731384
['/mnt/dsc3032-gaya-shared/group6/datasets/VisA/visa_pytorch/candle/test/bad/062.JPG'] 0.3035663962364197
['/mnt/dsc3032-gaya-shared/group6/datasets/VisA/visa_pytorch/candle/test/bad/063.JPG'] 0.31007805466651917
['/mnt/dsc3032-gaya-shared/group6/datasets/VisA/visa_pytorch/candle/test/bad/064.JPG'] 0.35628819465637207
['/mnt/dsc3032-gaya-shared/group6/datasets/VisA/visa_pytorch/candle/test/bad/065.JPG'] 0.3224028944969177
['/mnt/dsc3032-gaya-shared/group6/datasets/VisA/visa_pytorch/candle/test/bad/066.JPG'] 0.3338916301727295
['/mnt/dsc3032-gaya-shared/group6/datasets/VisA/visa_pytorch/candle/test/bad/067.JPG'] 0.3980681300163269
['/mnt/dsc3032-gaya-shared/group6/datasets/VisA/visa_pytorch/candle/test/bad/068.JPG'] 0.4102417826652527
['/mnt/dsc3032-gaya-shared/group6/datasets/VisA/visa_pytorch/candle/test/bad/069.JPG'] 0.2799857258796692
['/mnt/dsc3032-gaya-shared/group6/datasets/VisA/visa_pytorch/candle/test/bad/070.JPG'] 0.5539761185646057
['/mnt/dsc3032-gaya-shared/group6/datasets/VisA/visa_pytorch/candle/test/bad/071.JPG'] 0.46227914094924927
['/mnt/dsc3032-gaya-shared/group6/datasets/VisA/visa_pytorch/candle/test/bad/072.JPG'] 0.4499010443687439
['/mnt/dsc3032-gaya-shared/group6/datasets/VisA/visa_pytorch/candle/test/bad/073.JPG'] 0.44686704874038696
['/mnt/dsc3032-gaya-shared/group6/datasets/VisA/visa_pytorch/candle/test/bad/074.JPG'] 0.5121777057647705
['/mnt/dsc3032-gaya-shared/group6/datasets/VisA/visa_pytorch/candle/test/bad/075.JPG'] 0.48021018505096436
['/mnt/dsc3032-gaya-shared/group6/datasets/VisA/visa_pytorch/candle/test/bad/076.JPG'] 0.4375879466533661
['/mnt/dsc3032-gaya-shared/group6/datasets/VisA/visa_pytorch/candle/test/bad/077.JPG'] 0.4996914863586426
['/mnt/dsc3032-gaya-shared/group6/datasets/VisA/visa_pytorch/candle/test/bad/078.JPG'] 0.5443078875541687
['/mnt/dsc3032-gaya-shared/group6/datasets/VisA/visa_pytorch/candle/test/bad/079.JPG'] 0.5456563234329224
['/mnt/dsc3032-gaya-shared/group6/datasets/VisA/visa_pytorch/candle/test/bad/080.JPG'] 0.49318090081214905
['/mnt/dsc3032-gaya-shared/group6/datasets/VisA/visa_pytorch/candle/test/bad/081.JPG'] 0.5175224542617798
['/mnt/dsc3032-gaya-shared/group6/datasets/VisA/visa_pytorch/candle/test/bad/082.JPG'] 0.3655250072479248
['/mnt/dsc3032-gaya-shared/group6/datasets/VisA/visa_pytorch/candle/test/bad/083.JPG'] 0.5085120797157288
['/mnt/dsc3032-gaya-shared/group6/datasets/VisA/visa_pytorch/candle/test/bad/084.JPG'] 0.5388123989105225
['/mnt/dsc3032-gaya-shared/group6/datasets/VisA/visa_pytorch/candle/test/bad/085.JPG'] 0.35564929246902466
['/mnt/dsc3032-gaya-shared/group6/datasets/VisA/visa_pytorch/candle/test/bad/086.JPG'] 0.3854284882545471
['/mnt/dsc3032-gaya-shared/group6/datasets/VisA/visa_pytorch/candle/test/bad/087.JPG'] 0.3389755189418793
['/mnt/dsc3032-gaya-shared/group6/datasets/VisA/visa_pytorch/candle/test/bad/088.JPG'] 0.35405832529067993
['/mnt/dsc3032-gaya-shared/group6/datasets/VisA/visa_pytorch/candle/test/bad/089.JPG'] 0.34437546133995056
['/mnt/dsc3032-gaya-shared/group6/datasets/VisA/visa_pytorch/candle/test/bad/090.JPG'] 0.32563304901123047
['/mnt/dsc3032-gaya-shared/group6/datasets/VisA/visa_pytorch/candle/test/bad/091.JPG'] 0.26304519176483154
['/mnt/dsc3032-gaya-shared/group6/datasets/VisA/visa_pytorch/candle/test/bad/092.JPG'] 0.32375383377075195
['/mnt/dsc3032-gaya-shared/group6/datasets/VisA/visa_pytorch/candle/test/bad/093.JPG'] 0.3530699610710144
['/mnt/dsc3032-gaya-shared/group6/datasets/VisA/visa_pytorch/candle/test/bad/094.JPG'] 0.312530517578125
['/mnt/dsc3032-gaya-shared/group6/datasets/VisA/visa_pytorch/candle/test/bad/095.JPG'] 0.31283754110336304
['/mnt/dsc3032-gaya-shared/group6/datasets/VisA/visa_pytorch/candle/test/bad/096.JPG'] 0.35540932416915894
['/mnt/dsc3032-gaya-shared/group6/datasets/VisA/visa_pytorch/candle/test/bad/097.JPG'] 0.3431302011013031
['/mnt/dsc3032-gaya-shared/group6/datasets/VisA/visa_pytorch/candle/test/bad/098.JPG'] 0.2910900115966797
['/mnt/dsc3032-gaya-shared/group6/datasets/VisA/visa_pytorch/candle/test/bad/099.JPG'] 0.39455726742744446
['/mnt/dsc3032-gaya-shared/group6/datasets/VisA/visa_pytorch/candle/test/good/0011.JPG'] 0.18577878177165985
['/mnt/dsc3032-gaya-shared/group6/datasets/VisA/visa_pytorch/candle/test/good/0013.JPG'] 0.19202227890491486
['/mnt/dsc3032-gaya-shared/group6/datasets/VisA/visa_pytorch/candle/test/good/0016.JPG'] 0.20915021002292633
['/mnt/dsc3032-gaya-shared/group6/datasets/VisA/visa_pytorch/candle/test/good/0024.JPG'] 0.2387905716896057
['/mnt/dsc3032-gaya-shared/group6/datasets/VisA/visa_pytorch/candle/test/good/0026.JPG'] 0.24106965959072113
['/mnt/dsc3032-gaya-shared/group6/datasets/VisA/visa_pytorch/candle/test/good/0027.JPG'] 0.20043227076530457
['/mnt/dsc3032-gaya-shared/group6/datasets/VisA/visa_pytorch/candle/test/good/0046.JPG'] 0.2416771799325943
['/mnt/dsc3032-gaya-shared/group6/datasets/VisA/visa_pytorch/candle/test/good/0100.JPG'] 0.31146472692489624
['/mnt/dsc3032-gaya-shared/group6/datasets/VisA/visa_pytorch/candle/test/good/0107.JPG'] 0.39312881231307983
['/mnt/dsc3032-gaya-shared/group6/datasets/VisA/visa_pytorch/candle/test/good/0159.JPG'] 0.24920456111431122
['/mnt/dsc3032-gaya-shared/group6/datasets/VisA/visa_pytorch/candle/test/good/0168.JPG'] 0.21118682622909546
['/mnt/dsc3032-gaya-shared/group6/datasets/VisA/visa_pytorch/candle/test/good/0170.JPG'] 0.25833025574684143
['/mnt/dsc3032-gaya-shared/group6/datasets/VisA/visa_pytorch/candle/test/good/0172.JPG'] 0.23718392848968506
['/mnt/dsc3032-gaya-shared/group6/datasets/VisA/visa_pytorch/candle/test/good/0174.JPG'] 0.27842622995376587
['/mnt/dsc3032-gaya-shared/group6/datasets/VisA/visa_pytorch/candle/test/good/0178.JPG'] 0.25790154933929443
['/mnt/dsc3032-gaya-shared/group6/datasets/VisA/visa_pytorch/candle/test/good/0187.JPG'] 0.1917094737291336
['/mnt/dsc3032-gaya-shared/group6/datasets/VisA/visa_pytorch/candle/test/good/0196.JPG'] 0.24953824281692505
['/mnt/dsc3032-gaya-shared/group6/datasets/VisA/visa_pytorch/candle/test/good/0208.JPG'] 0.24712622165679932
['/mnt/dsc3032-gaya-shared/group6/datasets/VisA/visa_pytorch/candle/test/good/0214.JPG'] 0.24866890907287598
['/mnt/dsc3032-gaya-shared/group6/datasets/VisA/visa_pytorch/candle/test/good/0215.JPG'] 0.35055458545684814
['/mnt/dsc3032-gaya-shared/group6/datasets/VisA/visa_pytorch/candle/test/good/0237.JPG'] 0.2224980741739273
['/mnt/dsc3032-gaya-shared/group6/datasets/VisA/visa_pytorch/candle/test/good/0261.JPG'] 0.3016119599342346
['/mnt/dsc3032-gaya-shared/group6/datasets/VisA/visa_pytorch/candle/test/good/0286.JPG'] 0.19576305150985718
['/mnt/dsc3032-gaya-shared/group6/datasets/VisA/visa_pytorch/candle/test/good/0294.JPG'] 0.209996297955513
['/mnt/dsc3032-gaya-shared/group6/datasets/VisA/visa_pytorch/candle/test/good/0297.JPG'] 0.2347722351551056
['/mnt/dsc3032-gaya-shared/group6/datasets/VisA/visa_pytorch/candle/test/good/0303.JPG'] 0.22937780618667603
['/mnt/dsc3032-gaya-shared/group6/datasets/VisA/visa_pytorch/candle/test/good/0306.JPG'] 0.2250862568616867
['/mnt/dsc3032-gaya-shared/group6/datasets/VisA/visa_pytorch/candle/test/good/0320.JPG'] 0.21940095722675323
['/mnt/dsc3032-gaya-shared/group6/datasets/VisA/visa_pytorch/candle/test/good/0333.JPG'] 0.21218200027942657
['/mnt/dsc3032-gaya-shared/group6/datasets/VisA/visa_pytorch/candle/test/good/0363.JPG'] 0.22440795600414276
['/mnt/dsc3032-gaya-shared/group6/datasets/VisA/visa_pytorch/candle/test/good/0377.JPG'] 0.2729484438896179
['/mnt/dsc3032-gaya-shared/group6/datasets/VisA/visa_pytorch/candle/test/good/0394.JPG'] 0.2566228210926056
['/mnt/dsc3032-gaya-shared/group6/datasets/VisA/visa_pytorch/candle/test/good/0400.JPG'] 0.27759915590286255
['/mnt/dsc3032-gaya-shared/group6/datasets/VisA/visa_pytorch/candle/test/good/0402.JPG'] 0.24184107780456543
['/mnt/dsc3032-gaya-shared/group6/datasets/VisA/visa_pytorch/candle/test/good/0417.JPG'] 0.23131334781646729
['/mnt/dsc3032-gaya-shared/group6/datasets/VisA/visa_pytorch/candle/test/good/0423.JPG'] 0.25374549627304077
['/mnt/dsc3032-gaya-shared/group6/datasets/VisA/visa_pytorch/candle/test/good/0427.JPG'] 0.31295543909072876
['/mnt/dsc3032-gaya-shared/group6/datasets/VisA/visa_pytorch/candle/test/good/0457.JPG'] 0.21060724556446075
['/mnt/dsc3032-gaya-shared/group6/datasets/VisA/visa_pytorch/candle/test/good/0469.JPG'] 0.2319396734237671
['/mnt/dsc3032-gaya-shared/group6/datasets/VisA/visa_pytorch/candle/test/good/0479.JPG'] 0.23904211819171906
['/mnt/dsc3032-gaya-shared/group6/datasets/VisA/visa_pytorch/candle/test/good/0483.JPG'] 0.24292080104351044
['/mnt/dsc3032-gaya-shared/group6/datasets/VisA/visa_pytorch/candle/test/good/0484.JPG'] 0.19948101043701172
['/mnt/dsc3032-gaya-shared/group6/datasets/VisA/visa_pytorch/candle/test/good/0488.JPG'] 0.3302844166755676
['/mnt/dsc3032-gaya-shared/group6/datasets/VisA/visa_pytorch/candle/test/good/0490.JPG'] 0.26574957370758057
['/mnt/dsc3032-gaya-shared/group6/datasets/VisA/visa_pytorch/candle/test/good/0514.JPG'] 0.253615140914917
['/mnt/dsc3032-gaya-shared/group6/datasets/VisA/visa_pytorch/candle/test/good/0518.JPG'] 0.22763371467590332
['/mnt/dsc3032-gaya-shared/group6/datasets/VisA/visa_pytorch/candle/test/good/0520.JPG'] 0.23045967519283295
['/mnt/dsc3032-gaya-shared/group6/datasets/VisA/visa_pytorch/candle/test/good/0525.JPG'] 0.27928295731544495
['/mnt/dsc3032-gaya-shared/group6/datasets/VisA/visa_pytorch/candle/test/good/0545.JPG'] 0.3496055006980896
['/mnt/dsc3032-gaya-shared/group6/datasets/VisA/visa_pytorch/candle/test/good/0552.JPG'] 0.26252761483192444
['/mnt/dsc3032-gaya-shared/group6/datasets/VisA/visa_pytorch/candle/test/good/0569.JPG'] 0.22786296904087067
['/mnt/dsc3032-gaya-shared/group6/datasets/VisA/visa_pytorch/candle/test/good/0615.JPG'] 0.2248002290725708
['/mnt/dsc3032-gaya-shared/group6/datasets/VisA/visa_pytorch/candle/test/good/0617.JPG'] 0.2490607053041458
['/mnt/dsc3032-gaya-shared/group6/datasets/VisA/visa_pytorch/candle/test/good/0619.JPG'] 0.20380868017673492
['/mnt/dsc3032-gaya-shared/group6/datasets/VisA/visa_pytorch/candle/test/good/0621.JPG'] 0.20555607974529266
['/mnt/dsc3032-gaya-shared/group6/datasets/VisA/visa_pytorch/candle/test/good/0629.JPG'] 0.24269677698612213
['/mnt/dsc3032-gaya-shared/group6/datasets/VisA/visa_pytorch/candle/test/good/0631.JPG'] 0.19806289672851562
['/mnt/dsc3032-gaya-shared/group6/datasets/VisA/visa_pytorch/candle/test/good/0648.JPG'] 0.2730206847190857
['/mnt/dsc3032-gaya-shared/group6/datasets/VisA/visa_pytorch/candle/test/good/0654.JPG'] 0.21212062239646912
['/mnt/dsc3032-gaya-shared/group6/datasets/VisA/visa_pytorch/candle/test/good/0657.JPG'] 0.18718326091766357
['/mnt/dsc3032-gaya-shared/group6/datasets/VisA/visa_pytorch/candle/test/good/0659.JPG'] 0.23831628262996674
['/mnt/dsc3032-gaya-shared/group6/datasets/VisA/visa_pytorch/candle/test/good/0674.JPG'] 0.22169369459152222
['/mnt/dsc3032-gaya-shared/group6/datasets/VisA/visa_pytorch/candle/test/good/0684.JPG'] 0.21000251173973083
['/mnt/dsc3032-gaya-shared/group6/datasets/VisA/visa_pytorch/candle/test/good/0685.JPG'] 0.24291229248046875
['/mnt/dsc3032-gaya-shared/group6/datasets/VisA/visa_pytorch/candle/test/good/0688.JPG'] 0.2064625471830368
['/mnt/dsc3032-gaya-shared/group6/datasets/VisA/visa_pytorch/candle/test/good/0690.JPG'] 0.19164422154426575
['/mnt/dsc3032-gaya-shared/group6/datasets/VisA/visa_pytorch/candle/test/good/0694.JPG'] 0.22254881262779236
['/mnt/dsc3032-gaya-shared/group6/datasets/VisA/visa_pytorch/candle/test/good/0705.JPG'] 0.27060309052467346
['/mnt/dsc3032-gaya-shared/group6/datasets/VisA/visa_pytorch/candle/test/good/0725.JPG'] 0.2644268870353699
['/mnt/dsc3032-gaya-shared/group6/datasets/VisA/visa_pytorch/candle/test/good/0730.JPG'] 0.2892005443572998
['/mnt/dsc3032-gaya-shared/group6/datasets/VisA/visa_pytorch/candle/test/good/0735.JPG'] 0.19975441694259644
['/mnt/dsc3032-gaya-shared/group6/datasets/VisA/visa_pytorch/candle/test/good/0739.JPG'] 0.1966751217842102
['/mnt/dsc3032-gaya-shared/group6/datasets/VisA/visa_pytorch/candle/test/good/0751.JPG'] 0.4017573595046997
['/mnt/dsc3032-gaya-shared/group6/datasets/VisA/visa_pytorch/candle/test/good/0755.JPG'] 0.23388884961605072
['/mnt/dsc3032-gaya-shared/group6/datasets/VisA/visa_pytorch/candle/test/good/0764.JPG'] 0.19065344333648682
['/mnt/dsc3032-gaya-shared/group6/datasets/VisA/visa_pytorch/candle/test/good/0768.JPG'] 0.21649129688739777
['/mnt/dsc3032-gaya-shared/group6/datasets/VisA/visa_pytorch/candle/test/good/0779.JPG'] 0.30308812856674194
['/mnt/dsc3032-gaya-shared/group6/datasets/VisA/visa_pytorch/candle/test/good/0784.JPG'] 0.3253278136253357
['/mnt/dsc3032-gaya-shared/group6/datasets/VisA/visa_pytorch/candle/test/good/0790.JPG'] 0.221139594912529
['/mnt/dsc3032-gaya-shared/group6/datasets/VisA/visa_pytorch/candle/test/good/0796.JPG'] 0.27467089891433716
['/mnt/dsc3032-gaya-shared/group6/datasets/VisA/visa_pytorch/candle/test/good/0797.JPG'] 0.23174677789211273
['/mnt/dsc3032-gaya-shared/group6/datasets/VisA/visa_pytorch/candle/test/good/0800.JPG'] 0.3524136543273926
['/mnt/dsc3032-gaya-shared/group6/datasets/VisA/visa_pytorch/candle/test/good/0804.JPG'] 0.26421183347702026
['/mnt/dsc3032-gaya-shared/group6/datasets/VisA/visa_pytorch/candle/test/good/0811.JPG'] 0.27485930919647217
['/mnt/dsc3032-gaya-shared/group6/datasets/VisA/visa_pytorch/candle/test/good/0844.JPG'] 0.21835868060588837
['/mnt/dsc3032-gaya-shared/group6/datasets/VisA/visa_pytorch/candle/test/good/0869.JPG'] 0.2073822021484375
['/mnt/dsc3032-gaya-shared/group6/datasets/VisA/visa_pytorch/candle/test/good/0871.JPG'] 0.21587809920310974
['/mnt/dsc3032-gaya-shared/group6/datasets/VisA/visa_pytorch/candle/test/good/0892.JPG'] 0.24105143547058105
['/mnt/dsc3032-gaya-shared/group6/datasets/VisA/visa_pytorch/candle/test/good/0900.JPG'] 0.22851258516311646
['/mnt/dsc3032-gaya-shared/group6/datasets/VisA/visa_pytorch/candle/test/good/0920.JPG'] 0.210621178150177
['/mnt/dsc3032-gaya-shared/group6/datasets/VisA/visa_pytorch/candle/test/good/0923.JPG'] 0.24282273650169373
['/mnt/dsc3032-gaya-shared/group6/datasets/VisA/visa_pytorch/candle/test/good/0935.JPG'] 0.3078385293483734
['/mnt/dsc3032-gaya-shared/group6/datasets/VisA/visa_pytorch/candle/test/good/0952.JPG'] 0.2702234983444214
['/mnt/dsc3032-gaya-shared/group6/datasets/VisA/visa_pytorch/candle/test/good/0953.JPG'] 0.21811828017234802
['/mnt/dsc3032-gaya-shared/group6/datasets/VisA/visa_pytorch/candle/test/good/0964.JPG'] 0.2541136145591736
['/mnt/dsc3032-gaya-shared/group6/datasets/VisA/visa_pytorch/candle/test/good/0967.JPG'] 0.27222323417663574
['/mnt/dsc3032-gaya-shared/group6/datasets/VisA/visa_pytorch/candle/test/good/0974.JPG'] 0.2406262457370758
['/mnt/dsc3032-gaya-shared/group6/datasets/VisA/visa_pytorch/candle/test/good/0985.JPG'] 0.22528837621212006
['/mnt/dsc3032-gaya-shared/group6/datasets/VisA/visa_pytorch/candle/test/good/0994.JPG'] 0.30632123351097107
['/mnt/dsc3032-gaya-shared/group6/datasets/VisA/visa_pytorch/candle/test/good/0996.JPG'] 0.25890862941741943
26-06-02 16:37:37.253 - INFO: 
| category   |   K-shots |   F1-Max(image) |   AUROC(image) |   F1-Max(pixel) |   AUROC(pixel) |
|:-----------|----------:|----------------:|---------------:|----------------:|---------------:|
| candle     |         2 |           86.12 |          92.51 |            35.7 |          98.94 |
