/home/gaya6/LogSAD/dinov2/dinov2/layers/swiglu_ffn.py:43: UserWarning: xFormers is available (SwiGLU)
  warnings.warn("xFormers is available (SwiGLU)")
/home/gaya6/LogSAD/dinov2/dinov2/layers/attention.py:27: UserWarning: xFormers is available (Attention)
  warnings.warn("xFormers is available (Attention)")
/home/gaya6/LogSAD/dinov2/dinov2/layers/block.py:33: UserWarning: xFormers is available (Block)
  warnings.warn("xFormers is available (Block)")
['/mnt/dsc3032-gaya-shared/group6/datasets/VisA/visa_pytorch/capsules/test/bad/000.JPG'] 0.29560965299606323
['/mnt/dsc3032-gaya-shared/group6/datasets/VisA/visa_pytorch/capsules/test/bad/001.JPG'] 0.2897469997406006
['/mnt/dsc3032-gaya-shared/group6/datasets/VisA/visa_pytorch/capsules/test/bad/002.JPG'] 0.2814181447029114
['/mnt/dsc3032-gaya-shared/group6/datasets/VisA/visa_pytorch/capsules/test/bad/003.JPG'] 0.32371020317077637
['/mnt/dsc3032-gaya-shared/group6/datasets/VisA/visa_pytorch/capsules/test/bad/004.JPG'] 0.32933539152145386
['/mnt/dsc3032-gaya-shared/group6/datasets/VisA/visa_pytorch/capsules/test/bad/005.JPG'] 0.34590452909469604
['/mnt/dsc3032-gaya-shared/group6/datasets/VisA/visa_pytorch/capsules/test/bad/006.JPG'] 0.2920600175857544
['/mnt/dsc3032-gaya-shared/group6/datasets/VisA/visa_pytorch/capsules/test/bad/007.JPG'] 0.3188416361808777
['/mnt/dsc3032-gaya-shared/group6/datasets/VisA/visa_pytorch/capsules/test/bad/008.JPG'] 0.3001892566680908
['/mnt/dsc3032-gaya-shared/group6/datasets/VisA/visa_pytorch/capsules/test/bad/009.JPG'] 0.37075275182724
['/mnt/dsc3032-gaya-shared/group6/datasets/VisA/visa_pytorch/capsules/test/bad/010.JPG'] 0.3537586033344269
['/mnt/dsc3032-gaya-shared/group6/datasets/VisA/visa_pytorch/capsules/test/bad/011.JPG'] 0.34183216094970703
['/mnt/dsc3032-gaya-shared/group6/datasets/VisA/visa_pytorch/capsules/test/bad/012.JPG'] 0.2883063554763794
['/mnt/dsc3032-gaya-shared/group6/datasets/VisA/visa_pytorch/capsules/test/bad/013.JPG'] 0.30100929737091064
['/mnt/dsc3032-gaya-shared/group6/datasets/VisA/visa_pytorch/capsules/test/bad/014.JPG'] 0.34931033849716187
['/mnt/dsc3032-gaya-shared/group6/datasets/VisA/visa_pytorch/capsules/test/bad/015.JPG'] 0.3145090639591217
['/mnt/dsc3032-gaya-shared/group6/datasets/VisA/visa_pytorch/capsules/test/bad/016.JPG'] 0.35997647047042847
['/mnt/dsc3032-gaya-shared/group6/datasets/VisA/visa_pytorch/capsules/test/bad/017.JPG'] 0.37064364552497864
['/mnt/dsc3032-gaya-shared/group6/datasets/VisA/visa_pytorch/capsules/test/bad/018.JPG'] 0.3108755946159363
['/mnt/dsc3032-gaya-shared/group6/datasets/VisA/visa_pytorch/capsules/test/bad/019.JPG'] 0.30347740650177
['/mnt/dsc3032-gaya-shared/group6/datasets/VisA/visa_pytorch/capsules/test/bad/020.JPG'] 0.31144922971725464
['/mnt/dsc3032-gaya-shared/group6/datasets/VisA/visa_pytorch/capsules/test/bad/021.JPG'] 0.3398473858833313
['/mnt/dsc3032-gaya-shared/group6/datasets/VisA/visa_pytorch/capsules/test/bad/022.JPG'] 0.29394757747650146
['/mnt/dsc3032-gaya-shared/group6/datasets/VisA/visa_pytorch/capsules/test/bad/023.JPG'] 0.31103646755218506
['/mnt/dsc3032-gaya-shared/group6/datasets/VisA/visa_pytorch/capsules/test/bad/024.JPG'] 0.39914125204086304
['/mnt/dsc3032-gaya-shared/group6/datasets/VisA/visa_pytorch/capsules/test/bad/025.JPG'] 0.32223379611968994
['/mnt/dsc3032-gaya-shared/group6/datasets/VisA/visa_pytorch/capsules/test/bad/026.JPG'] 0.3908456563949585
['/mnt/dsc3032-gaya-shared/group6/datasets/VisA/visa_pytorch/capsules/test/bad/027.JPG'] 0.2980214059352875
['/mnt/dsc3032-gaya-shared/group6/datasets/VisA/visa_pytorch/capsules/test/bad/028.JPG'] 0.3078271746635437
['/mnt/dsc3032-gaya-shared/group6/datasets/VisA/visa_pytorch/capsules/test/bad/029.JPG'] 0.2642132639884949
['/mnt/dsc3032-gaya-shared/group6/datasets/VisA/visa_pytorch/capsules/test/bad/030.JPG'] 0.40909600257873535
['/mnt/dsc3032-gaya-shared/group6/datasets/VisA/visa_pytorch/capsules/test/bad/031.JPG'] 0.33915770053863525
['/mnt/dsc3032-gaya-shared/group6/datasets/VisA/visa_pytorch/capsules/test/bad/032.JPG'] 0.3838903307914734
['/mnt/dsc3032-gaya-shared/group6/datasets/VisA/visa_pytorch/capsules/test/bad/033.JPG'] 0.3914420008659363
['/mnt/dsc3032-gaya-shared/group6/datasets/VisA/visa_pytorch/capsules/test/bad/034.JPG'] 0.31176331639289856
['/mnt/dsc3032-gaya-shared/group6/datasets/VisA/visa_pytorch/capsules/test/bad/035.JPG'] 0.43115004897117615
['/mnt/dsc3032-gaya-shared/group6/datasets/VisA/visa_pytorch/capsules/test/bad/036.JPG'] 0.36041250824928284
['/mnt/dsc3032-gaya-shared/group6/datasets/VisA/visa_pytorch/capsules/test/bad/037.JPG'] 0.42802706360816956
['/mnt/dsc3032-gaya-shared/group6/datasets/VisA/visa_pytorch/capsules/test/bad/038.JPG'] 0.4278922975063324
['/mnt/dsc3032-gaya-shared/group6/datasets/VisA/visa_pytorch/capsules/test/bad/039.JPG'] 0.4000469744205475
['/mnt/dsc3032-gaya-shared/group6/datasets/VisA/visa_pytorch/capsules/test/bad/040.JPG'] 0.33629894256591797
['/mnt/dsc3032-gaya-shared/group6/datasets/VisA/visa_pytorch/capsules/test/bad/041.JPG'] 0.3468419313430786
['/mnt/dsc3032-gaya-shared/group6/datasets/VisA/visa_pytorch/capsules/test/bad/042.JPG'] 0.3271856904029846
['/mnt/dsc3032-gaya-shared/group6/datasets/VisA/visa_pytorch/capsules/test/bad/043.JPG'] 0.4183800220489502
['/mnt/dsc3032-gaya-shared/group6/datasets/VisA/visa_pytorch/capsules/test/bad/044.JPG'] 0.3508884310722351
['/mnt/dsc3032-gaya-shared/group6/datasets/VisA/visa_pytorch/capsules/test/bad/045.JPG'] 0.45206671953201294
['/mnt/dsc3032-gaya-shared/group6/datasets/VisA/visa_pytorch/capsules/test/bad/046.JPG'] 0.4122314453125
['/mnt/dsc3032-gaya-shared/group6/datasets/VisA/visa_pytorch/capsules/test/bad/047.JPG'] 0.4794680178165436
['/mnt/dsc3032-gaya-shared/group6/datasets/VisA/visa_pytorch/capsules/test/bad/048.JPG'] 0.5323115587234497
['/mnt/dsc3032-gaya-shared/group6/datasets/VisA/visa_pytorch/capsules/test/bad/049.JPG'] 0.45760321617126465
['/mnt/dsc3032-gaya-shared/group6/datasets/VisA/visa_pytorch/capsules/test/bad/050.JPG'] 0.4516740143299103
['/mnt/dsc3032-gaya-shared/group6/datasets/VisA/visa_pytorch/capsules/test/bad/051.JPG'] 0.429201602935791
['/mnt/dsc3032-gaya-shared/group6/datasets/VisA/visa_pytorch/capsules/test/bad/052.JPG'] 0.48267337679862976
['/mnt/dsc3032-gaya-shared/group6/datasets/VisA/visa_pytorch/capsules/test/bad/053.JPG'] 0.3958359956741333
['/mnt/dsc3032-gaya-shared/group6/datasets/VisA/visa_pytorch/capsules/test/bad/054.JPG'] 0.41370710730552673
['/mnt/dsc3032-gaya-shared/group6/datasets/VisA/visa_pytorch/capsules/test/bad/055.JPG'] 0.45452335476875305
['/mnt/dsc3032-gaya-shared/group6/datasets/VisA/visa_pytorch/capsules/test/bad/056.JPG'] 0.3188370168209076
['/mnt/dsc3032-gaya-shared/group6/datasets/VisA/visa_pytorch/capsules/test/bad/057.JPG'] 0.4236728549003601
['/mnt/dsc3032-gaya-shared/group6/datasets/VisA/visa_pytorch/capsules/test/bad/058.JPG'] 0.477146178483963
['/mnt/dsc3032-gaya-shared/group6/datasets/VisA/visa_pytorch/capsules/test/bad/059.JPG'] 0.3954356908798218
['/mnt/dsc3032-gaya-shared/group6/datasets/VisA/visa_pytorch/capsules/test/bad/060.JPG'] 0.423580527305603
['/mnt/dsc3032-gaya-shared/group6/datasets/VisA/visa_pytorch/capsules/test/bad/061.JPG'] 0.3982408940792084
['/mnt/dsc3032-gaya-shared/group6/datasets/VisA/visa_pytorch/capsules/test/bad/062.JPG'] 0.42327237129211426
['/mnt/dsc3032-gaya-shared/group6/datasets/VisA/visa_pytorch/capsules/test/bad/063.JPG'] 0.49160999059677124
['/mnt/dsc3032-gaya-shared/group6/datasets/VisA/visa_pytorch/capsules/test/bad/064.JPG'] 0.4686341881752014
['/mnt/dsc3032-gaya-shared/group6/datasets/VisA/visa_pytorch/capsules/test/bad/065.JPG'] 0.3356652855873108
['/mnt/dsc3032-gaya-shared/group6/datasets/VisA/visa_pytorch/capsules/test/bad/066.JPG'] 0.2869110107421875
['/mnt/dsc3032-gaya-shared/group6/datasets/VisA/visa_pytorch/capsules/test/bad/067.JPG'] 0.30342382192611694
['/mnt/dsc3032-gaya-shared/group6/datasets/VisA/visa_pytorch/capsules/test/bad/068.JPG'] 0.30014291405677795
['/mnt/dsc3032-gaya-shared/group6/datasets/VisA/visa_pytorch/capsules/test/bad/069.JPG'] 0.3438252806663513
['/mnt/dsc3032-gaya-shared/group6/datasets/VisA/visa_pytorch/capsules/test/bad/070.JPG'] 0.33312779664993286
['/mnt/dsc3032-gaya-shared/group6/datasets/VisA/visa_pytorch/capsules/test/bad/071.JPG'] 0.3127865791320801
['/mnt/dsc3032-gaya-shared/group6/datasets/VisA/visa_pytorch/capsules/test/bad/072.JPG'] 0.3786875605583191
['/mnt/dsc3032-gaya-shared/group6/datasets/VisA/visa_pytorch/capsules/test/bad/073.JPG'] 0.4692120850086212
['/mnt/dsc3032-gaya-shared/group6/datasets/VisA/visa_pytorch/capsules/test/bad/074.JPG'] 0.3315933346748352
['/mnt/dsc3032-gaya-shared/group6/datasets/VisA/visa_pytorch/capsules/test/bad/075.JPG'] 0.3539957106113434
['/mnt/dsc3032-gaya-shared/group6/datasets/VisA/visa_pytorch/capsules/test/bad/076.JPG'] 0.3426477909088135
['/mnt/dsc3032-gaya-shared/group6/datasets/VisA/visa_pytorch/capsules/test/bad/077.JPG'] 0.3303086757659912
['/mnt/dsc3032-gaya-shared/group6/datasets/VisA/visa_pytorch/capsules/test/bad/078.JPG'] 0.31722182035446167
['/mnt/dsc3032-gaya-shared/group6/datasets/VisA/visa_pytorch/capsules/test/bad/079.JPG'] 0.3740715980529785
['/mnt/dsc3032-gaya-shared/group6/datasets/VisA/visa_pytorch/capsules/test/bad/080.JPG'] 0.36701518297195435
['/mnt/dsc3032-gaya-shared/group6/datasets/VisA/visa_pytorch/capsules/test/bad/081.JPG'] 0.35757431387901306
['/mnt/dsc3032-gaya-shared/group6/datasets/VisA/visa_pytorch/capsules/test/bad/082.JPG'] 0.43434882164001465
['/mnt/dsc3032-gaya-shared/group6/datasets/VisA/visa_pytorch/capsules/test/bad/083.JPG'] 0.44821596145629883
['/mnt/dsc3032-gaya-shared/group6/datasets/VisA/visa_pytorch/capsules/test/bad/084.JPG'] 0.43349796533584595
['/mnt/dsc3032-gaya-shared/group6/datasets/VisA/visa_pytorch/capsules/test/bad/085.JPG'] 0.41826099157333374
['/mnt/dsc3032-gaya-shared/group6/datasets/VisA/visa_pytorch/capsules/test/bad/086.JPG'] 0.2935448884963989
['/mnt/dsc3032-gaya-shared/group6/datasets/VisA/visa_pytorch/capsules/test/bad/087.JPG'] 0.2704710364341736
['/mnt/dsc3032-gaya-shared/group6/datasets/VisA/visa_pytorch/capsules/test/bad/088.JPG'] 0.31928855180740356
['/mnt/dsc3032-gaya-shared/group6/datasets/VisA/visa_pytorch/capsules/test/bad/089.JPG'] 0.31304484605789185
['/mnt/dsc3032-gaya-shared/group6/datasets/VisA/visa_pytorch/capsules/test/bad/090.JPG'] 0.29327064752578735
['/mnt/dsc3032-gaya-shared/group6/datasets/VisA/visa_pytorch/capsules/test/bad/091.JPG'] 0.27344584465026855
['/mnt/dsc3032-gaya-shared/group6/datasets/VisA/visa_pytorch/capsules/test/bad/092.JPG'] 0.3283294439315796
['/mnt/dsc3032-gaya-shared/group6/datasets/VisA/visa_pytorch/capsules/test/bad/093.JPG'] 0.3175780773162842
['/mnt/dsc3032-gaya-shared/group6/datasets/VisA/visa_pytorch/capsules/test/bad/094.JPG'] 0.28667789697647095
['/mnt/dsc3032-gaya-shared/group6/datasets/VisA/visa_pytorch/capsules/test/bad/095.JPG'] 0.3144674599170685
['/mnt/dsc3032-gaya-shared/group6/datasets/VisA/visa_pytorch/capsules/test/bad/096.JPG'] 0.3171181082725525
['/mnt/dsc3032-gaya-shared/group6/datasets/VisA/visa_pytorch/capsules/test/bad/097.JPG'] 0.30865752696990967
['/mnt/dsc3032-gaya-shared/group6/datasets/VisA/visa_pytorch/capsules/test/bad/098.JPG'] 0.36631515622138977
['/mnt/dsc3032-gaya-shared/group6/datasets/VisA/visa_pytorch/capsules/test/bad/099.JPG'] 0.3082866966724396
['/mnt/dsc3032-gaya-shared/group6/datasets/VisA/visa_pytorch/capsules/test/good/011.JPG'] 0.2590178847312927
['/mnt/dsc3032-gaya-shared/group6/datasets/VisA/visa_pytorch/capsules/test/good/013.JPG'] 0.26482003927230835
['/mnt/dsc3032-gaya-shared/group6/datasets/VisA/visa_pytorch/capsules/test/good/016.JPG'] 0.2894938886165619
['/mnt/dsc3032-gaya-shared/group6/datasets/VisA/visa_pytorch/capsules/test/good/024.JPG'] 0.2981269955635071
['/mnt/dsc3032-gaya-shared/group6/datasets/VisA/visa_pytorch/capsules/test/good/026.JPG'] 0.32076942920684814
['/mnt/dsc3032-gaya-shared/group6/datasets/VisA/visa_pytorch/capsules/test/good/027.JPG'] 0.24792353808879852
['/mnt/dsc3032-gaya-shared/group6/datasets/VisA/visa_pytorch/capsules/test/good/046.JPG'] 0.2944721579551697
['/mnt/dsc3032-gaya-shared/group6/datasets/VisA/visa_pytorch/capsules/test/good/062.JPG'] 0.2604660391807556
['/mnt/dsc3032-gaya-shared/group6/datasets/VisA/visa_pytorch/capsules/test/good/100.JPG'] 0.26679888367652893
['/mnt/dsc3032-gaya-shared/group6/datasets/VisA/visa_pytorch/capsules/test/good/107.JPG'] 0.2936311364173889
['/mnt/dsc3032-gaya-shared/group6/datasets/VisA/visa_pytorch/capsules/test/good/152.JPG'] 0.281209260225296
['/mnt/dsc3032-gaya-shared/group6/datasets/VisA/visa_pytorch/capsules/test/good/159.JPG'] 0.27034246921539307
['/mnt/dsc3032-gaya-shared/group6/datasets/VisA/visa_pytorch/capsules/test/good/168.JPG'] 0.28944265842437744
['/mnt/dsc3032-gaya-shared/group6/datasets/VisA/visa_pytorch/capsules/test/good/170.JPG'] 0.27421557903289795
['/mnt/dsc3032-gaya-shared/group6/datasets/VisA/visa_pytorch/capsules/test/good/172.JPG'] 0.34955596923828125
['/mnt/dsc3032-gaya-shared/group6/datasets/VisA/visa_pytorch/capsules/test/good/174.JPG'] 0.25721532106399536
['/mnt/dsc3032-gaya-shared/group6/datasets/VisA/visa_pytorch/capsules/test/good/178.JPG'] 0.2694968283176422
['/mnt/dsc3032-gaya-shared/group6/datasets/VisA/visa_pytorch/capsules/test/good/179.JPG'] 0.24733835458755493
['/mnt/dsc3032-gaya-shared/group6/datasets/VisA/visa_pytorch/capsules/test/good/187.JPG'] 0.25590115785598755
['/mnt/dsc3032-gaya-shared/group6/datasets/VisA/visa_pytorch/capsules/test/good/196.JPG'] 0.26174548268318176
['/mnt/dsc3032-gaya-shared/group6/datasets/VisA/visa_pytorch/capsules/test/good/208.JPG'] 0.262388676404953
['/mnt/dsc3032-gaya-shared/group6/datasets/VisA/visa_pytorch/capsules/test/good/214.JPG'] 0.26099205017089844
['/mnt/dsc3032-gaya-shared/group6/datasets/VisA/visa_pytorch/capsules/test/good/215.JPG'] 0.26838529109954834
['/mnt/dsc3032-gaya-shared/group6/datasets/VisA/visa_pytorch/capsules/test/good/237.JPG'] 0.24923819303512573
['/mnt/dsc3032-gaya-shared/group6/datasets/VisA/visa_pytorch/capsules/test/good/240.JPG'] 0.26093947887420654
['/mnt/dsc3032-gaya-shared/group6/datasets/VisA/visa_pytorch/capsules/test/good/261.JPG'] 0.2640395760536194
['/mnt/dsc3032-gaya-shared/group6/datasets/VisA/visa_pytorch/capsules/test/good/286.JPG'] 0.2592396140098572
['/mnt/dsc3032-gaya-shared/group6/datasets/VisA/visa_pytorch/capsules/test/good/288.JPG'] 0.2702764868736267
['/mnt/dsc3032-gaya-shared/group6/datasets/VisA/visa_pytorch/capsules/test/good/294.JPG'] 0.2562481164932251
['/mnt/dsc3032-gaya-shared/group6/datasets/VisA/visa_pytorch/capsules/test/good/297.JPG'] 0.2834542989730835
['/mnt/dsc3032-gaya-shared/group6/datasets/VisA/visa_pytorch/capsules/test/good/303.JPG'] 0.3275568187236786
['/mnt/dsc3032-gaya-shared/group6/datasets/VisA/visa_pytorch/capsules/test/good/306.JPG'] 0.24017465114593506
['/mnt/dsc3032-gaya-shared/group6/datasets/VisA/visa_pytorch/capsules/test/good/320.JPG'] 0.30748358368873596
['/mnt/dsc3032-gaya-shared/group6/datasets/VisA/visa_pytorch/capsules/test/good/324.JPG'] 0.27627378702163696
['/mnt/dsc3032-gaya-shared/group6/datasets/VisA/visa_pytorch/capsules/test/good/333.JPG'] 0.2648647427558899
['/mnt/dsc3032-gaya-shared/group6/datasets/VisA/visa_pytorch/capsules/test/good/363.JPG'] 0.2640902101993561
['/mnt/dsc3032-gaya-shared/group6/datasets/VisA/visa_pytorch/capsules/test/good/377.JPG'] 0.2704375982284546
['/mnt/dsc3032-gaya-shared/group6/datasets/VisA/visa_pytorch/capsules/test/good/394.JPG'] 0.2483200877904892
['/mnt/dsc3032-gaya-shared/group6/datasets/VisA/visa_pytorch/capsules/test/good/400.JPG'] 0.26332223415374756
['/mnt/dsc3032-gaya-shared/group6/datasets/VisA/visa_pytorch/capsules/test/good/402.JPG'] 0.2732945680618286
['/mnt/dsc3032-gaya-shared/group6/datasets/VisA/visa_pytorch/capsules/test/good/417.JPG'] 0.2828008532524109
['/mnt/dsc3032-gaya-shared/group6/datasets/VisA/visa_pytorch/capsules/test/good/423.JPG'] 0.3032225966453552
['/mnt/dsc3032-gaya-shared/group6/datasets/VisA/visa_pytorch/capsules/test/good/427.JPG'] 0.2726667821407318
['/mnt/dsc3032-gaya-shared/group6/datasets/VisA/visa_pytorch/capsules/test/good/457.JPG'] 0.3048824667930603
['/mnt/dsc3032-gaya-shared/group6/datasets/VisA/visa_pytorch/capsules/test/good/469.JPG'] 0.2718486189842224
['/mnt/dsc3032-gaya-shared/group6/datasets/VisA/visa_pytorch/capsules/test/good/479.JPG'] 0.27725404500961304
['/mnt/dsc3032-gaya-shared/group6/datasets/VisA/visa_pytorch/capsules/test/good/483.JPG'] 0.2574045658111572
['/mnt/dsc3032-gaya-shared/group6/datasets/VisA/visa_pytorch/capsules/test/good/484.JPG'] 0.25798889994621277
['/mnt/dsc3032-gaya-shared/group6/datasets/VisA/visa_pytorch/capsules/test/good/488.JPG'] 0.26576024293899536
['/mnt/dsc3032-gaya-shared/group6/datasets/VisA/visa_pytorch/capsules/test/good/490.JPG'] 0.2699269652366638
['/mnt/dsc3032-gaya-shared/group6/datasets/VisA/visa_pytorch/capsules/test/good/514.JPG'] 0.30451083183288574
['/mnt/dsc3032-gaya-shared/group6/datasets/VisA/visa_pytorch/capsules/test/good/518.JPG'] 0.2938656508922577
['/mnt/dsc3032-gaya-shared/group6/datasets/VisA/visa_pytorch/capsules/test/good/520.JPG'] 0.2654206156730652
['/mnt/dsc3032-gaya-shared/group6/datasets/VisA/visa_pytorch/capsules/test/good/525.JPG'] 0.27843016386032104
['/mnt/dsc3032-gaya-shared/group6/datasets/VisA/visa_pytorch/capsules/test/good/545.JPG'] 0.25464755296707153
['/mnt/dsc3032-gaya-shared/group6/datasets/VisA/visa_pytorch/capsules/test/good/552.JPG'] 0.2675475776195526
['/mnt/dsc3032-gaya-shared/group6/datasets/VisA/visa_pytorch/capsules/test/good/569.JPG'] 0.30250632762908936
['/mnt/dsc3032-gaya-shared/group6/datasets/VisA/visa_pytorch/capsules/test/good/576.JPG'] 0.2673490047454834
['/mnt/dsc3032-gaya-shared/group6/datasets/VisA/visa_pytorch/capsules/test/good/580.JPG'] 0.2973933517932892
['/mnt/dsc3032-gaya-shared/group6/datasets/VisA/visa_pytorch/capsules/test/good/594.JPG'] 0.2704693078994751
26-06-02 16:38:37.026 - INFO: 
| category   |   K-shots |   F1-Max(image) |   AUROC(image) |   F1-Max(pixel) |   AUROC(pixel) |
|:-----------|----------:|----------------:|---------------:|----------------:|---------------:|
| capsules   |         2 |              91 |          94.37 |           41.74 |           96.8 |
