/home/gaya6/LogSAD/dinov2/dinov2/layers/swiglu_ffn.py:43: UserWarning: xFormers is available (SwiGLU)
  warnings.warn("xFormers is available (SwiGLU)")
/home/gaya6/LogSAD/dinov2/dinov2/layers/attention.py:27: UserWarning: xFormers is available (Attention)
  warnings.warn("xFormers is available (Attention)")
/home/gaya6/LogSAD/dinov2/dinov2/layers/block.py:33: UserWarning: xFormers is available (Block)
  warnings.warn("xFormers is available (Block)")
['/mnt/dsc3032-gaya-shared/group6/datasets/VisA/visa_pytorch/cashew/test/bad/000.JPG'] 0.41117191314697266
['/mnt/dsc3032-gaya-shared/group6/datasets/VisA/visa_pytorch/cashew/test/bad/001.JPG'] 0.3362513780593872
['/mnt/dsc3032-gaya-shared/group6/datasets/VisA/visa_pytorch/cashew/test/bad/002.JPG'] 0.30779391527175903
['/mnt/dsc3032-gaya-shared/group6/datasets/VisA/visa_pytorch/cashew/test/bad/003.JPG'] 0.26221245527267456
['/mnt/dsc3032-gaya-shared/group6/datasets/VisA/visa_pytorch/cashew/test/bad/004.JPG'] 0.26966410875320435
['/mnt/dsc3032-gaya-shared/group6/datasets/VisA/visa_pytorch/cashew/test/bad/005.JPG'] 0.3578588366508484
['/mnt/dsc3032-gaya-shared/group6/datasets/VisA/visa_pytorch/cashew/test/bad/006.JPG'] 0.41151705384254456
['/mnt/dsc3032-gaya-shared/group6/datasets/VisA/visa_pytorch/cashew/test/bad/007.JPG'] 0.3767080307006836
['/mnt/dsc3032-gaya-shared/group6/datasets/VisA/visa_pytorch/cashew/test/bad/008.JPG'] 0.28327620029449463
['/mnt/dsc3032-gaya-shared/group6/datasets/VisA/visa_pytorch/cashew/test/bad/009.JPG'] 0.3223174810409546
['/mnt/dsc3032-gaya-shared/group6/datasets/VisA/visa_pytorch/cashew/test/bad/010.JPG'] 0.3189292252063751
['/mnt/dsc3032-gaya-shared/group6/datasets/VisA/visa_pytorch/cashew/test/bad/011.JPG'] 0.32053685188293457
['/mnt/dsc3032-gaya-shared/group6/datasets/VisA/visa_pytorch/cashew/test/bad/012.JPG'] 0.4527573585510254
['/mnt/dsc3032-gaya-shared/group6/datasets/VisA/visa_pytorch/cashew/test/bad/013.JPG'] 0.3124947249889374
['/mnt/dsc3032-gaya-shared/group6/datasets/VisA/visa_pytorch/cashew/test/bad/014.JPG'] 0.38401517271995544
['/mnt/dsc3032-gaya-shared/group6/datasets/VisA/visa_pytorch/cashew/test/bad/015.JPG'] 0.34442371129989624
['/mnt/dsc3032-gaya-shared/group6/datasets/VisA/visa_pytorch/cashew/test/bad/016.JPG'] 0.35930007696151733
['/mnt/dsc3032-gaya-shared/group6/datasets/VisA/visa_pytorch/cashew/test/bad/017.JPG'] 0.4504716992378235
['/mnt/dsc3032-gaya-shared/group6/datasets/VisA/visa_pytorch/cashew/test/bad/018.JPG'] 0.30980491638183594
['/mnt/dsc3032-gaya-shared/group6/datasets/VisA/visa_pytorch/cashew/test/bad/019.JPG'] 0.3740336000919342
['/mnt/dsc3032-gaya-shared/group6/datasets/VisA/visa_pytorch/cashew/test/bad/020.JPG'] 0.419011652469635
['/mnt/dsc3032-gaya-shared/group6/datasets/VisA/visa_pytorch/cashew/test/bad/021.JPG'] 0.2630123496055603
['/mnt/dsc3032-gaya-shared/group6/datasets/VisA/visa_pytorch/cashew/test/bad/022.JPG'] 0.4140741527080536
['/mnt/dsc3032-gaya-shared/group6/datasets/VisA/visa_pytorch/cashew/test/bad/023.JPG'] 0.27695679664611816
['/mnt/dsc3032-gaya-shared/group6/datasets/VisA/visa_pytorch/cashew/test/bad/024.JPG'] 0.30557793378829956
['/mnt/dsc3032-gaya-shared/group6/datasets/VisA/visa_pytorch/cashew/test/bad/025.JPG'] 0.4445587992668152
['/mnt/dsc3032-gaya-shared/group6/datasets/VisA/visa_pytorch/cashew/test/bad/026.JPG'] 0.4389296770095825
['/mnt/dsc3032-gaya-shared/group6/datasets/VisA/visa_pytorch/cashew/test/bad/027.JPG'] 0.39406511187553406
['/mnt/dsc3032-gaya-shared/group6/datasets/VisA/visa_pytorch/cashew/test/bad/028.JPG'] 0.383253276348114
['/mnt/dsc3032-gaya-shared/group6/datasets/VisA/visa_pytorch/cashew/test/bad/029.JPG'] 0.4618048667907715
['/mnt/dsc3032-gaya-shared/group6/datasets/VisA/visa_pytorch/cashew/test/bad/030.JPG'] 0.46655309200286865
['/mnt/dsc3032-gaya-shared/group6/datasets/VisA/visa_pytorch/cashew/test/bad/031.JPG'] 0.45178884267807007
['/mnt/dsc3032-gaya-shared/group6/datasets/VisA/visa_pytorch/cashew/test/bad/032.JPG'] 0.4492186903953552
['/mnt/dsc3032-gaya-shared/group6/datasets/VisA/visa_pytorch/cashew/test/bad/033.JPG'] 0.44772768020629883
['/mnt/dsc3032-gaya-shared/group6/datasets/VisA/visa_pytorch/cashew/test/bad/034.JPG'] 0.4063681364059448
['/mnt/dsc3032-gaya-shared/group6/datasets/VisA/visa_pytorch/cashew/test/bad/035.JPG'] 0.3878839313983917
['/mnt/dsc3032-gaya-shared/group6/datasets/VisA/visa_pytorch/cashew/test/bad/036.JPG'] 0.3344053626060486
['/mnt/dsc3032-gaya-shared/group6/datasets/VisA/visa_pytorch/cashew/test/bad/037.JPG'] 0.3996473550796509
['/mnt/dsc3032-gaya-shared/group6/datasets/VisA/visa_pytorch/cashew/test/bad/038.JPG'] 0.4319384694099426
['/mnt/dsc3032-gaya-shared/group6/datasets/VisA/visa_pytorch/cashew/test/bad/039.JPG'] 0.45291078090667725
['/mnt/dsc3032-gaya-shared/group6/datasets/VisA/visa_pytorch/cashew/test/bad/040.JPG'] 0.3745668828487396
['/mnt/dsc3032-gaya-shared/group6/datasets/VisA/visa_pytorch/cashew/test/bad/041.JPG'] 0.4380972981452942
['/mnt/dsc3032-gaya-shared/group6/datasets/VisA/visa_pytorch/cashew/test/bad/042.JPG'] 0.40345001220703125
['/mnt/dsc3032-gaya-shared/group6/datasets/VisA/visa_pytorch/cashew/test/bad/043.JPG'] 0.339945912361145
['/mnt/dsc3032-gaya-shared/group6/datasets/VisA/visa_pytorch/cashew/test/bad/044.JPG'] 0.24955573678016663
['/mnt/dsc3032-gaya-shared/group6/datasets/VisA/visa_pytorch/cashew/test/bad/045.JPG'] 0.32699570059776306
['/mnt/dsc3032-gaya-shared/group6/datasets/VisA/visa_pytorch/cashew/test/bad/046.JPG'] 0.31236737966537476
['/mnt/dsc3032-gaya-shared/group6/datasets/VisA/visa_pytorch/cashew/test/bad/047.JPG'] 0.2801401615142822
['/mnt/dsc3032-gaya-shared/group6/datasets/VisA/visa_pytorch/cashew/test/bad/048.JPG'] 0.36375874280929565
['/mnt/dsc3032-gaya-shared/group6/datasets/VisA/visa_pytorch/cashew/test/bad/049.JPG'] 0.272500216960907
['/mnt/dsc3032-gaya-shared/group6/datasets/VisA/visa_pytorch/cashew/test/bad/050.JPG'] 0.31353408098220825
['/mnt/dsc3032-gaya-shared/group6/datasets/VisA/visa_pytorch/cashew/test/bad/051.JPG'] 0.2446732372045517
['/mnt/dsc3032-gaya-shared/group6/datasets/VisA/visa_pytorch/cashew/test/bad/052.JPG'] 0.28984951972961426
['/mnt/dsc3032-gaya-shared/group6/datasets/VisA/visa_pytorch/cashew/test/bad/053.JPG'] 0.23384134471416473
['/mnt/dsc3032-gaya-shared/group6/datasets/VisA/visa_pytorch/cashew/test/bad/054.JPG'] 0.2459227740764618
['/mnt/dsc3032-gaya-shared/group6/datasets/VisA/visa_pytorch/cashew/test/bad/055.JPG'] 0.2204856127500534
['/mnt/dsc3032-gaya-shared/group6/datasets/VisA/visa_pytorch/cashew/test/bad/056.JPG'] 0.26154056191444397
['/mnt/dsc3032-gaya-shared/group6/datasets/VisA/visa_pytorch/cashew/test/bad/057.JPG'] 0.3435458540916443
['/mnt/dsc3032-gaya-shared/group6/datasets/VisA/visa_pytorch/cashew/test/bad/058.JPG'] 0.24480488896369934
['/mnt/dsc3032-gaya-shared/group6/datasets/VisA/visa_pytorch/cashew/test/bad/059.JPG'] 0.2883918881416321
['/mnt/dsc3032-gaya-shared/group6/datasets/VisA/visa_pytorch/cashew/test/bad/060.JPG'] 0.2904561161994934
['/mnt/dsc3032-gaya-shared/group6/datasets/VisA/visa_pytorch/cashew/test/bad/061.JPG'] 0.3435819745063782
['/mnt/dsc3032-gaya-shared/group6/datasets/VisA/visa_pytorch/cashew/test/bad/062.JPG'] 0.3731362819671631
['/mnt/dsc3032-gaya-shared/group6/datasets/VisA/visa_pytorch/cashew/test/bad/063.JPG'] 0.2862127423286438
['/mnt/dsc3032-gaya-shared/group6/datasets/VisA/visa_pytorch/cashew/test/bad/064.JPG'] 0.4057806134223938
['/mnt/dsc3032-gaya-shared/group6/datasets/VisA/visa_pytorch/cashew/test/bad/065.JPG'] 0.4473050832748413
['/mnt/dsc3032-gaya-shared/group6/datasets/VisA/visa_pytorch/cashew/test/bad/066.JPG'] 0.26404500007629395
['/mnt/dsc3032-gaya-shared/group6/datasets/VisA/visa_pytorch/cashew/test/bad/067.JPG'] 0.2605414390563965
['/mnt/dsc3032-gaya-shared/group6/datasets/VisA/visa_pytorch/cashew/test/bad/068.JPG'] 0.3662397265434265
['/mnt/dsc3032-gaya-shared/group6/datasets/VisA/visa_pytorch/cashew/test/bad/069.JPG'] 0.2753227949142456
['/mnt/dsc3032-gaya-shared/group6/datasets/VisA/visa_pytorch/cashew/test/bad/070.JPG'] 0.3897601366043091
['/mnt/dsc3032-gaya-shared/group6/datasets/VisA/visa_pytorch/cashew/test/bad/071.JPG'] 0.3175320029258728
['/mnt/dsc3032-gaya-shared/group6/datasets/VisA/visa_pytorch/cashew/test/bad/072.JPG'] 0.37141892313957214
['/mnt/dsc3032-gaya-shared/group6/datasets/VisA/visa_pytorch/cashew/test/bad/073.JPG'] 0.31000399589538574
['/mnt/dsc3032-gaya-shared/group6/datasets/VisA/visa_pytorch/cashew/test/bad/074.JPG'] 0.3224552869796753
['/mnt/dsc3032-gaya-shared/group6/datasets/VisA/visa_pytorch/cashew/test/bad/075.JPG'] 0.3810424506664276
['/mnt/dsc3032-gaya-shared/group6/datasets/VisA/visa_pytorch/cashew/test/bad/076.JPG'] 0.3745492100715637
['/mnt/dsc3032-gaya-shared/group6/datasets/VisA/visa_pytorch/cashew/test/bad/077.JPG'] 0.3053736686706543
['/mnt/dsc3032-gaya-shared/group6/datasets/VisA/visa_pytorch/cashew/test/bad/078.JPG'] 0.2904003858566284
['/mnt/dsc3032-gaya-shared/group6/datasets/VisA/visa_pytorch/cashew/test/bad/079.JPG'] 0.24899011850357056
['/mnt/dsc3032-gaya-shared/group6/datasets/VisA/visa_pytorch/cashew/test/bad/080.JPG'] 0.25905025005340576
['/mnt/dsc3032-gaya-shared/group6/datasets/VisA/visa_pytorch/cashew/test/bad/081.JPG'] 0.2510720491409302
['/mnt/dsc3032-gaya-shared/group6/datasets/VisA/visa_pytorch/cashew/test/bad/082.JPG'] 0.2517419457435608
['/mnt/dsc3032-gaya-shared/group6/datasets/VisA/visa_pytorch/cashew/test/bad/083.JPG'] 0.27874231338500977
['/mnt/dsc3032-gaya-shared/group6/datasets/VisA/visa_pytorch/cashew/test/bad/084.JPG'] 0.29512640833854675
['/mnt/dsc3032-gaya-shared/group6/datasets/VisA/visa_pytorch/cashew/test/bad/085.JPG'] 0.23549193143844604
['/mnt/dsc3032-gaya-shared/group6/datasets/VisA/visa_pytorch/cashew/test/bad/086.JPG'] 0.26691731810569763
['/mnt/dsc3032-gaya-shared/group6/datasets/VisA/visa_pytorch/cashew/test/bad/087.JPG'] 0.24224072694778442
['/mnt/dsc3032-gaya-shared/group6/datasets/VisA/visa_pytorch/cashew/test/bad/088.JPG'] 0.30239617824554443
['/mnt/dsc3032-gaya-shared/group6/datasets/VisA/visa_pytorch/cashew/test/bad/089.JPG'] 0.3009362816810608
['/mnt/dsc3032-gaya-shared/group6/datasets/VisA/visa_pytorch/cashew/test/bad/090.JPG'] 0.2347836196422577
['/mnt/dsc3032-gaya-shared/group6/datasets/VisA/visa_pytorch/cashew/test/bad/091.JPG'] 0.2640115022659302
['/mnt/dsc3032-gaya-shared/group6/datasets/VisA/visa_pytorch/cashew/test/bad/092.JPG'] 0.2321351319551468
['/mnt/dsc3032-gaya-shared/group6/datasets/VisA/visa_pytorch/cashew/test/bad/093.JPG'] 0.21824710071086884
['/mnt/dsc3032-gaya-shared/group6/datasets/VisA/visa_pytorch/cashew/test/bad/094.JPG'] 0.4586162567138672
['/mnt/dsc3032-gaya-shared/group6/datasets/VisA/visa_pytorch/cashew/test/bad/095.JPG'] 0.4294062852859497
['/mnt/dsc3032-gaya-shared/group6/datasets/VisA/visa_pytorch/cashew/test/bad/096.JPG'] 0.3912082314491272
['/mnt/dsc3032-gaya-shared/group6/datasets/VisA/visa_pytorch/cashew/test/bad/097.JPG'] 0.40723949670791626
['/mnt/dsc3032-gaya-shared/group6/datasets/VisA/visa_pytorch/cashew/test/bad/098.JPG'] 0.4022660255432129
['/mnt/dsc3032-gaya-shared/group6/datasets/VisA/visa_pytorch/cashew/test/bad/099.JPG'] 0.4208526611328125
['/mnt/dsc3032-gaya-shared/group6/datasets/VisA/visa_pytorch/cashew/test/good/006.JPG'] 0.25647518038749695
['/mnt/dsc3032-gaya-shared/group6/datasets/VisA/visa_pytorch/cashew/test/good/012.JPG'] 0.22809520363807678
['/mnt/dsc3032-gaya-shared/group6/datasets/VisA/visa_pytorch/cashew/test/good/013.JPG'] 0.2543547749519348
['/mnt/dsc3032-gaya-shared/group6/datasets/VisA/visa_pytorch/cashew/test/good/023.JPG'] 0.2818302810192108
['/mnt/dsc3032-gaya-shared/group6/datasets/VisA/visa_pytorch/cashew/test/good/050.JPG'] 0.26174652576446533
['/mnt/dsc3032-gaya-shared/group6/datasets/VisA/visa_pytorch/cashew/test/good/084.JPG'] 0.22339516878128052
['/mnt/dsc3032-gaya-shared/group6/datasets/VisA/visa_pytorch/cashew/test/good/087.JPG'] 0.3004032373428345
['/mnt/dsc3032-gaya-shared/group6/datasets/VisA/visa_pytorch/cashew/test/good/089.JPG'] 0.3756582736968994
['/mnt/dsc3032-gaya-shared/group6/datasets/VisA/visa_pytorch/cashew/test/good/093.JPG'] 0.24930569529533386
['/mnt/dsc3032-gaya-shared/group6/datasets/VisA/visa_pytorch/cashew/test/good/098.JPG'] 0.25371867418289185
['/mnt/dsc3032-gaya-shared/group6/datasets/VisA/visa_pytorch/cashew/test/good/104.JPG'] 0.22727042436599731
['/mnt/dsc3032-gaya-shared/group6/datasets/VisA/visa_pytorch/cashew/test/good/130.JPG'] 0.279256135225296
['/mnt/dsc3032-gaya-shared/group6/datasets/VisA/visa_pytorch/cashew/test/good/143.JPG'] 0.22410395741462708
['/mnt/dsc3032-gaya-shared/group6/datasets/VisA/visa_pytorch/cashew/test/good/148.JPG'] 0.24790167808532715
['/mnt/dsc3032-gaya-shared/group6/datasets/VisA/visa_pytorch/cashew/test/good/166.JPG'] 0.23723149299621582
['/mnt/dsc3032-gaya-shared/group6/datasets/VisA/visa_pytorch/cashew/test/good/181.JPG'] 0.24743831157684326
['/mnt/dsc3032-gaya-shared/group6/datasets/VisA/visa_pytorch/cashew/test/good/213.JPG'] 0.22275422513484955
['/mnt/dsc3032-gaya-shared/group6/datasets/VisA/visa_pytorch/cashew/test/good/228.JPG'] 0.2607852816581726
['/mnt/dsc3032-gaya-shared/group6/datasets/VisA/visa_pytorch/cashew/test/good/239.JPG'] 0.2217394858598709
['/mnt/dsc3032-gaya-shared/group6/datasets/VisA/visa_pytorch/cashew/test/good/244.JPG'] 0.22749926149845123
['/mnt/dsc3032-gaya-shared/group6/datasets/VisA/visa_pytorch/cashew/test/good/245.JPG'] 0.21107882261276245
['/mnt/dsc3032-gaya-shared/group6/datasets/VisA/visa_pytorch/cashew/test/good/260.JPG'] 0.22883962094783783
['/mnt/dsc3032-gaya-shared/group6/datasets/VisA/visa_pytorch/cashew/test/good/272.JPG'] 0.21904294192790985
['/mnt/dsc3032-gaya-shared/group6/datasets/VisA/visa_pytorch/cashew/test/good/276.JPG'] 0.21595782041549683
['/mnt/dsc3032-gaya-shared/group6/datasets/VisA/visa_pytorch/cashew/test/good/284.JPG'] 0.23262308537960052
['/mnt/dsc3032-gaya-shared/group6/datasets/VisA/visa_pytorch/cashew/test/good/307.JPG'] 0.24583826959133148
['/mnt/dsc3032-gaya-shared/group6/datasets/VisA/visa_pytorch/cashew/test/good/309.JPG'] 0.2225048989057541
['/mnt/dsc3032-gaya-shared/group6/datasets/VisA/visa_pytorch/cashew/test/good/324.JPG'] 0.27300870418548584
['/mnt/dsc3032-gaya-shared/group6/datasets/VisA/visa_pytorch/cashew/test/good/337.JPG'] 0.2668606638908386
['/mnt/dsc3032-gaya-shared/group6/datasets/VisA/visa_pytorch/cashew/test/good/342.JPG'] 0.25897449254989624
['/mnt/dsc3032-gaya-shared/group6/datasets/VisA/visa_pytorch/cashew/test/good/344.JPG'] 0.29475605487823486
['/mnt/dsc3032-gaya-shared/group6/datasets/VisA/visa_pytorch/cashew/test/good/352.JPG'] 0.2462688386440277
['/mnt/dsc3032-gaya-shared/group6/datasets/VisA/visa_pytorch/cashew/test/good/367.JPG'] 0.25910240411758423
['/mnt/dsc3032-gaya-shared/group6/datasets/VisA/visa_pytorch/cashew/test/good/369.JPG'] 0.30534249544143677
['/mnt/dsc3032-gaya-shared/group6/datasets/VisA/visa_pytorch/cashew/test/good/377.JPG'] 0.2589530348777771
['/mnt/dsc3032-gaya-shared/group6/datasets/VisA/visa_pytorch/cashew/test/good/384.JPG'] 0.2292892336845398
['/mnt/dsc3032-gaya-shared/group6/datasets/VisA/visa_pytorch/cashew/test/good/389.JPG'] 0.3007691502571106
['/mnt/dsc3032-gaya-shared/group6/datasets/VisA/visa_pytorch/cashew/test/good/392.JPG'] 0.21832796931266785
['/mnt/dsc3032-gaya-shared/group6/datasets/VisA/visa_pytorch/cashew/test/good/398.JPG'] 0.26702481508255005
['/mnt/dsc3032-gaya-shared/group6/datasets/VisA/visa_pytorch/cashew/test/good/400.JPG'] 0.2323303520679474
['/mnt/dsc3032-gaya-shared/group6/datasets/VisA/visa_pytorch/cashew/test/good/402.JPG'] 0.21713541448116302
['/mnt/dsc3032-gaya-shared/group6/datasets/VisA/visa_pytorch/cashew/test/good/405.JPG'] 0.28262898325920105
['/mnt/dsc3032-gaya-shared/group6/datasets/VisA/visa_pytorch/cashew/test/good/435.JPG'] 0.25237777829170227
['/mnt/dsc3032-gaya-shared/group6/datasets/VisA/visa_pytorch/cashew/test/good/446.JPG'] 0.25049182772636414
['/mnt/dsc3032-gaya-shared/group6/datasets/VisA/visa_pytorch/cashew/test/good/460.JPG'] 0.24996237456798553
['/mnt/dsc3032-gaya-shared/group6/datasets/VisA/visa_pytorch/cashew/test/good/461.JPG'] 0.26519885659217834
['/mnt/dsc3032-gaya-shared/group6/datasets/VisA/visa_pytorch/cashew/test/good/467.JPG'] 0.24989935755729675
['/mnt/dsc3032-gaya-shared/group6/datasets/VisA/visa_pytorch/cashew/test/good/482.JPG'] 0.27396437525749207
['/mnt/dsc3032-gaya-shared/group6/datasets/VisA/visa_pytorch/cashew/test/good/484.JPG'] 0.29101380705833435
['/mnt/dsc3032-gaya-shared/group6/datasets/VisA/visa_pytorch/cashew/test/good/487.JPG'] 0.24148103594779968
26-06-02 16:39:33.709 - INFO: 
| category   |   K-shots |   F1-Max(image) |   AUROC(image) |   F1-Max(pixel) |   AUROC(pixel) |
|:-----------|----------:|----------------:|---------------:|----------------:|---------------:|
| cashew     |         2 |           84.73 |          86.12 |           62.07 |          98.58 |
