/home/gaya6/LogSAD/dinov2/dinov2/layers/swiglu_ffn.py:43: UserWarning: xFormers is available (SwiGLU)
  warnings.warn("xFormers is available (SwiGLU)")
/home/gaya6/LogSAD/dinov2/dinov2/layers/attention.py:27: UserWarning: xFormers is available (Attention)
  warnings.warn("xFormers is available (Attention)")
/home/gaya6/LogSAD/dinov2/dinov2/layers/block.py:33: UserWarning: xFormers is available (Block)
  warnings.warn("xFormers is available (Block)")
['/mnt/dsc3032-gaya-shared/group6/datasets/VisA/visa_pytorch/chewinggum/test/bad/000.JPG'] 0.5725400447845459
['/mnt/dsc3032-gaya-shared/group6/datasets/VisA/visa_pytorch/chewinggum/test/bad/001.JPG'] 0.4084358215332031
['/mnt/dsc3032-gaya-shared/group6/datasets/VisA/visa_pytorch/chewinggum/test/bad/002.JPG'] 0.5024212598800659
['/mnt/dsc3032-gaya-shared/group6/datasets/VisA/visa_pytorch/chewinggum/test/bad/003.JPG'] 0.40648263692855835
['/mnt/dsc3032-gaya-shared/group6/datasets/VisA/visa_pytorch/chewinggum/test/bad/004.JPG'] 0.5304854512214661
['/mnt/dsc3032-gaya-shared/group6/datasets/VisA/visa_pytorch/chewinggum/test/bad/005.JPG'] 0.4990786910057068
['/mnt/dsc3032-gaya-shared/group6/datasets/VisA/visa_pytorch/chewinggum/test/bad/006.JPG'] 0.5422289371490479
['/mnt/dsc3032-gaya-shared/group6/datasets/VisA/visa_pytorch/chewinggum/test/bad/007.JPG'] 0.5190443992614746
['/mnt/dsc3032-gaya-shared/group6/datasets/VisA/visa_pytorch/chewinggum/test/bad/008.JPG'] 0.45105481147766113
['/mnt/dsc3032-gaya-shared/group6/datasets/VisA/visa_pytorch/chewinggum/test/bad/009.JPG'] 0.5855576992034912
['/mnt/dsc3032-gaya-shared/group6/datasets/VisA/visa_pytorch/chewinggum/test/bad/010.JPG'] 0.4062933027744293
['/mnt/dsc3032-gaya-shared/group6/datasets/VisA/visa_pytorch/chewinggum/test/bad/011.JPG'] 0.5360687971115112
['/mnt/dsc3032-gaya-shared/group6/datasets/VisA/visa_pytorch/chewinggum/test/bad/012.JPG'] 0.5202696919441223
['/mnt/dsc3032-gaya-shared/group6/datasets/VisA/visa_pytorch/chewinggum/test/bad/013.JPG'] 0.5030118227005005
['/mnt/dsc3032-gaya-shared/group6/datasets/VisA/visa_pytorch/chewinggum/test/bad/014.JPG'] 0.5133970975875854
['/mnt/dsc3032-gaya-shared/group6/datasets/VisA/visa_pytorch/chewinggum/test/bad/015.JPG'] 0.5050094723701477
['/mnt/dsc3032-gaya-shared/group6/datasets/VisA/visa_pytorch/chewinggum/test/bad/016.JPG'] 0.470747709274292
['/mnt/dsc3032-gaya-shared/group6/datasets/VisA/visa_pytorch/chewinggum/test/bad/017.JPG'] 0.4742280840873718
['/mnt/dsc3032-gaya-shared/group6/datasets/VisA/visa_pytorch/chewinggum/test/bad/018.JPG'] 0.5190318822860718
['/mnt/dsc3032-gaya-shared/group6/datasets/VisA/visa_pytorch/chewinggum/test/bad/019.JPG'] 0.5183025002479553
['/mnt/dsc3032-gaya-shared/group6/datasets/VisA/visa_pytorch/chewinggum/test/bad/020.JPG'] 0.4800240993499756
['/mnt/dsc3032-gaya-shared/group6/datasets/VisA/visa_pytorch/chewinggum/test/bad/021.JPG'] 0.5429559946060181
['/mnt/dsc3032-gaya-shared/group6/datasets/VisA/visa_pytorch/chewinggum/test/bad/022.JPG'] 0.4590182900428772
['/mnt/dsc3032-gaya-shared/group6/datasets/VisA/visa_pytorch/chewinggum/test/bad/023.JPG'] 0.39323171973228455
['/mnt/dsc3032-gaya-shared/group6/datasets/VisA/visa_pytorch/chewinggum/test/bad/024.JPG'] 0.5315150022506714
['/mnt/dsc3032-gaya-shared/group6/datasets/VisA/visa_pytorch/chewinggum/test/bad/025.JPG'] 0.27329474687576294
['/mnt/dsc3032-gaya-shared/group6/datasets/VisA/visa_pytorch/chewinggum/test/bad/026.JPG'] 0.2798479199409485
['/mnt/dsc3032-gaya-shared/group6/datasets/VisA/visa_pytorch/chewinggum/test/bad/027.JPG'] 0.36705997586250305
['/mnt/dsc3032-gaya-shared/group6/datasets/VisA/visa_pytorch/chewinggum/test/bad/028.JPG'] 0.2788352370262146
['/mnt/dsc3032-gaya-shared/group6/datasets/VisA/visa_pytorch/chewinggum/test/bad/029.JPG'] 0.32008838653564453
['/mnt/dsc3032-gaya-shared/group6/datasets/VisA/visa_pytorch/chewinggum/test/bad/030.JPG'] 0.4019024074077606
['/mnt/dsc3032-gaya-shared/group6/datasets/VisA/visa_pytorch/chewinggum/test/bad/031.JPG'] 0.23544363677501678
['/mnt/dsc3032-gaya-shared/group6/datasets/VisA/visa_pytorch/chewinggum/test/bad/032.JPG'] 0.3073643743991852
['/mnt/dsc3032-gaya-shared/group6/datasets/VisA/visa_pytorch/chewinggum/test/bad/033.JPG'] 0.2540450096130371
['/mnt/dsc3032-gaya-shared/group6/datasets/VisA/visa_pytorch/chewinggum/test/bad/034.JPG'] 0.26239079236984253
['/mnt/dsc3032-gaya-shared/group6/datasets/VisA/visa_pytorch/chewinggum/test/bad/035.JPG'] 0.35525965690612793
['/mnt/dsc3032-gaya-shared/group6/datasets/VisA/visa_pytorch/chewinggum/test/bad/036.JPG'] 0.3603426218032837
['/mnt/dsc3032-gaya-shared/group6/datasets/VisA/visa_pytorch/chewinggum/test/bad/037.JPG'] 0.24946093559265137
['/mnt/dsc3032-gaya-shared/group6/datasets/VisA/visa_pytorch/chewinggum/test/bad/038.JPG'] 0.38988715410232544
['/mnt/dsc3032-gaya-shared/group6/datasets/VisA/visa_pytorch/chewinggum/test/bad/039.JPG'] 0.3465275168418884
['/mnt/dsc3032-gaya-shared/group6/datasets/VisA/visa_pytorch/chewinggum/test/bad/040.JPG'] 0.4601106643676758
['/mnt/dsc3032-gaya-shared/group6/datasets/VisA/visa_pytorch/chewinggum/test/bad/041.JPG'] 0.41779541969299316
['/mnt/dsc3032-gaya-shared/group6/datasets/VisA/visa_pytorch/chewinggum/test/bad/042.JPG'] 0.4265974760055542
['/mnt/dsc3032-gaya-shared/group6/datasets/VisA/visa_pytorch/chewinggum/test/bad/043.JPG'] 0.45003610849380493
['/mnt/dsc3032-gaya-shared/group6/datasets/VisA/visa_pytorch/chewinggum/test/bad/044.JPG'] 0.45190393924713135
['/mnt/dsc3032-gaya-shared/group6/datasets/VisA/visa_pytorch/chewinggum/test/bad/045.JPG'] 0.5142053365707397
['/mnt/dsc3032-gaya-shared/group6/datasets/VisA/visa_pytorch/chewinggum/test/bad/046.JPG'] 0.4935353100299835
['/mnt/dsc3032-gaya-shared/group6/datasets/VisA/visa_pytorch/chewinggum/test/bad/047.JPG'] 0.5005893707275391
['/mnt/dsc3032-gaya-shared/group6/datasets/VisA/visa_pytorch/chewinggum/test/bad/048.JPG'] 0.5134261846542358
['/mnt/dsc3032-gaya-shared/group6/datasets/VisA/visa_pytorch/chewinggum/test/bad/049.JPG'] 0.50719153881073
['/mnt/dsc3032-gaya-shared/group6/datasets/VisA/visa_pytorch/chewinggum/test/bad/050.JPG'] 0.517354428768158
['/mnt/dsc3032-gaya-shared/group6/datasets/VisA/visa_pytorch/chewinggum/test/bad/051.JPG'] 0.4633793830871582
['/mnt/dsc3032-gaya-shared/group6/datasets/VisA/visa_pytorch/chewinggum/test/bad/052.JPG'] 0.5289437770843506
['/mnt/dsc3032-gaya-shared/group6/datasets/VisA/visa_pytorch/chewinggum/test/bad/053.JPG'] 0.5385955572128296
['/mnt/dsc3032-gaya-shared/group6/datasets/VisA/visa_pytorch/chewinggum/test/bad/054.JPG'] 0.4526914358139038
['/mnt/dsc3032-gaya-shared/group6/datasets/VisA/visa_pytorch/chewinggum/test/bad/055.JPG'] 0.5132541060447693
['/mnt/dsc3032-gaya-shared/group6/datasets/VisA/visa_pytorch/chewinggum/test/bad/056.JPG'] 0.5203433632850647
['/mnt/dsc3032-gaya-shared/group6/datasets/VisA/visa_pytorch/chewinggum/test/bad/057.JPG'] 0.43974316120147705
['/mnt/dsc3032-gaya-shared/group6/datasets/VisA/visa_pytorch/chewinggum/test/bad/058.JPG'] 0.41691166162490845
['/mnt/dsc3032-gaya-shared/group6/datasets/VisA/visa_pytorch/chewinggum/test/bad/059.JPG'] 0.49431973695755005
['/mnt/dsc3032-gaya-shared/group6/datasets/VisA/visa_pytorch/chewinggum/test/bad/060.JPG'] 0.51472008228302
['/mnt/dsc3032-gaya-shared/group6/datasets/VisA/visa_pytorch/chewinggum/test/bad/061.JPG'] 0.5428480505943298
['/mnt/dsc3032-gaya-shared/group6/datasets/VisA/visa_pytorch/chewinggum/test/bad/062.JPG'] 0.4288623631000519
['/mnt/dsc3032-gaya-shared/group6/datasets/VisA/visa_pytorch/chewinggum/test/bad/063.JPG'] 0.506355881690979
['/mnt/dsc3032-gaya-shared/group6/datasets/VisA/visa_pytorch/chewinggum/test/bad/064.JPG'] 0.5038772225379944
['/mnt/dsc3032-gaya-shared/group6/datasets/VisA/visa_pytorch/chewinggum/test/bad/065.JPG'] 0.37369710206985474
['/mnt/dsc3032-gaya-shared/group6/datasets/VisA/visa_pytorch/chewinggum/test/bad/066.JPG'] 0.368175208568573
['/mnt/dsc3032-gaya-shared/group6/datasets/VisA/visa_pytorch/chewinggum/test/bad/067.JPG'] 0.3745018541812897
['/mnt/dsc3032-gaya-shared/group6/datasets/VisA/visa_pytorch/chewinggum/test/bad/068.JPG'] 0.32479268312454224
['/mnt/dsc3032-gaya-shared/group6/datasets/VisA/visa_pytorch/chewinggum/test/bad/069.JPG'] 0.2882983088493347
['/mnt/dsc3032-gaya-shared/group6/datasets/VisA/visa_pytorch/chewinggum/test/bad/070.JPG'] 0.34556668996810913
['/mnt/dsc3032-gaya-shared/group6/datasets/VisA/visa_pytorch/chewinggum/test/bad/071.JPG'] 0.34491658210754395
['/mnt/dsc3032-gaya-shared/group6/datasets/VisA/visa_pytorch/chewinggum/test/bad/072.JPG'] 0.3150702118873596
['/mnt/dsc3032-gaya-shared/group6/datasets/VisA/visa_pytorch/chewinggum/test/bad/073.JPG'] 0.23655302822589874
['/mnt/dsc3032-gaya-shared/group6/datasets/VisA/visa_pytorch/chewinggum/test/bad/074.JPG'] 0.36861351132392883
['/mnt/dsc3032-gaya-shared/group6/datasets/VisA/visa_pytorch/chewinggum/test/bad/075.JPG'] 0.3645939230918884
['/mnt/dsc3032-gaya-shared/group6/datasets/VisA/visa_pytorch/chewinggum/test/bad/076.JPG'] 0.4000324010848999
['/mnt/dsc3032-gaya-shared/group6/datasets/VisA/visa_pytorch/chewinggum/test/bad/077.JPG'] 0.42049986124038696
['/mnt/dsc3032-gaya-shared/group6/datasets/VisA/visa_pytorch/chewinggum/test/bad/078.JPG'] 0.3582484722137451
['/mnt/dsc3032-gaya-shared/group6/datasets/VisA/visa_pytorch/chewinggum/test/bad/079.JPG'] 0.4094764292240143
['/mnt/dsc3032-gaya-shared/group6/datasets/VisA/visa_pytorch/chewinggum/test/bad/080.JPG'] 0.4224446415901184
['/mnt/dsc3032-gaya-shared/group6/datasets/VisA/visa_pytorch/chewinggum/test/bad/081.JPG'] 0.44569453597068787
['/mnt/dsc3032-gaya-shared/group6/datasets/VisA/visa_pytorch/chewinggum/test/bad/082.JPG'] 0.45324426889419556
['/mnt/dsc3032-gaya-shared/group6/datasets/VisA/visa_pytorch/chewinggum/test/bad/083.JPG'] 0.46857118606567383
['/mnt/dsc3032-gaya-shared/group6/datasets/VisA/visa_pytorch/chewinggum/test/bad/084.JPG'] 0.4627477526664734
['/mnt/dsc3032-gaya-shared/group6/datasets/VisA/visa_pytorch/chewinggum/test/bad/085.JPG'] 0.38946181535720825
['/mnt/dsc3032-gaya-shared/group6/datasets/VisA/visa_pytorch/chewinggum/test/bad/086.JPG'] 0.3722039461135864
['/mnt/dsc3032-gaya-shared/group6/datasets/VisA/visa_pytorch/chewinggum/test/bad/087.JPG'] 0.39388561248779297
['/mnt/dsc3032-gaya-shared/group6/datasets/VisA/visa_pytorch/chewinggum/test/bad/088.JPG'] 0.4363340139389038
['/mnt/dsc3032-gaya-shared/group6/datasets/VisA/visa_pytorch/chewinggum/test/bad/089.JPG'] 0.3789534866809845
['/mnt/dsc3032-gaya-shared/group6/datasets/VisA/visa_pytorch/chewinggum/test/bad/090.JPG'] 0.430439829826355
['/mnt/dsc3032-gaya-shared/group6/datasets/VisA/visa_pytorch/chewinggum/test/bad/091.JPG'] 0.36944061517715454
['/mnt/dsc3032-gaya-shared/group6/datasets/VisA/visa_pytorch/chewinggum/test/bad/092.JPG'] 0.4315263330936432
['/mnt/dsc3032-gaya-shared/group6/datasets/VisA/visa_pytorch/chewinggum/test/bad/093.JPG'] 0.4655846953392029
['/mnt/dsc3032-gaya-shared/group6/datasets/VisA/visa_pytorch/chewinggum/test/bad/094.JPG'] 0.3617504835128784
['/mnt/dsc3032-gaya-shared/group6/datasets/VisA/visa_pytorch/chewinggum/test/bad/095.JPG'] 0.39928731322288513
['/mnt/dsc3032-gaya-shared/group6/datasets/VisA/visa_pytorch/chewinggum/test/bad/096.JPG'] 0.4153555929660797
['/mnt/dsc3032-gaya-shared/group6/datasets/VisA/visa_pytorch/chewinggum/test/bad/097.JPG'] 0.4000359773635864
['/mnt/dsc3032-gaya-shared/group6/datasets/VisA/visa_pytorch/chewinggum/test/bad/098.JPG'] 0.45892882347106934
['/mnt/dsc3032-gaya-shared/group6/datasets/VisA/visa_pytorch/chewinggum/test/bad/099.JPG'] 0.41443711519241333
['/mnt/dsc3032-gaya-shared/group6/datasets/VisA/visa_pytorch/chewinggum/test/good/006.JPG'] 0.239778071641922
['/mnt/dsc3032-gaya-shared/group6/datasets/VisA/visa_pytorch/chewinggum/test/good/012.JPG'] 0.2370021492242813
['/mnt/dsc3032-gaya-shared/group6/datasets/VisA/visa_pytorch/chewinggum/test/good/013.JPG'] 0.22518189251422882
['/mnt/dsc3032-gaya-shared/group6/datasets/VisA/visa_pytorch/chewinggum/test/good/050.JPG'] 0.2742975950241089
['/mnt/dsc3032-gaya-shared/group6/datasets/VisA/visa_pytorch/chewinggum/test/good/084.JPG'] 0.2637607455253601
['/mnt/dsc3032-gaya-shared/group6/datasets/VisA/visa_pytorch/chewinggum/test/good/087.JPG'] 0.22417233884334564
['/mnt/dsc3032-gaya-shared/group6/datasets/VisA/visa_pytorch/chewinggum/test/good/089.JPG'] 0.2526719570159912
['/mnt/dsc3032-gaya-shared/group6/datasets/VisA/visa_pytorch/chewinggum/test/good/093.JPG'] 0.28351667523384094
['/mnt/dsc3032-gaya-shared/group6/datasets/VisA/visa_pytorch/chewinggum/test/good/098.JPG'] 0.27028363943099976
['/mnt/dsc3032-gaya-shared/group6/datasets/VisA/visa_pytorch/chewinggum/test/good/104.JPG'] 0.22569173574447632
['/mnt/dsc3032-gaya-shared/group6/datasets/VisA/visa_pytorch/chewinggum/test/good/130.JPG'] 0.2702932357788086
['/mnt/dsc3032-gaya-shared/group6/datasets/VisA/visa_pytorch/chewinggum/test/good/143.JPG'] 0.3022991418838501
['/mnt/dsc3032-gaya-shared/group6/datasets/VisA/visa_pytorch/chewinggum/test/good/148.JPG'] 0.3276166021823883
['/mnt/dsc3032-gaya-shared/group6/datasets/VisA/visa_pytorch/chewinggum/test/good/166.JPG'] 0.22425048053264618
['/mnt/dsc3032-gaya-shared/group6/datasets/VisA/visa_pytorch/chewinggum/test/good/181.JPG'] 0.2341066151857376
['/mnt/dsc3032-gaya-shared/group6/datasets/VisA/visa_pytorch/chewinggum/test/good/213.JPG'] 0.2772540748119354
['/mnt/dsc3032-gaya-shared/group6/datasets/VisA/visa_pytorch/chewinggum/test/good/228.JPG'] 0.2171248197555542
['/mnt/dsc3032-gaya-shared/group6/datasets/VisA/visa_pytorch/chewinggum/test/good/239.JPG'] 0.2657603621482849
['/mnt/dsc3032-gaya-shared/group6/datasets/VisA/visa_pytorch/chewinggum/test/good/244.JPG'] 0.23372621834278107
['/mnt/dsc3032-gaya-shared/group6/datasets/VisA/visa_pytorch/chewinggum/test/good/245.JPG'] 0.23966138064861298
['/mnt/dsc3032-gaya-shared/group6/datasets/VisA/visa_pytorch/chewinggum/test/good/260.JPG'] 0.21991349756717682
['/mnt/dsc3032-gaya-shared/group6/datasets/VisA/visa_pytorch/chewinggum/test/good/272.JPG'] 0.24408437311649323
['/mnt/dsc3032-gaya-shared/group6/datasets/VisA/visa_pytorch/chewinggum/test/good/276.JPG'] 0.2184925377368927
['/mnt/dsc3032-gaya-shared/group6/datasets/VisA/visa_pytorch/chewinggum/test/good/284.JPG'] 0.32272395491600037
['/mnt/dsc3032-gaya-shared/group6/datasets/VisA/visa_pytorch/chewinggum/test/good/307.JPG'] 0.28391343355178833
['/mnt/dsc3032-gaya-shared/group6/datasets/VisA/visa_pytorch/chewinggum/test/good/309.JPG'] 0.22463275492191315
['/mnt/dsc3032-gaya-shared/group6/datasets/VisA/visa_pytorch/chewinggum/test/good/324.JPG'] 0.2604362964630127
['/mnt/dsc3032-gaya-shared/group6/datasets/VisA/visa_pytorch/chewinggum/test/good/337.JPG'] 0.29588043689727783
['/mnt/dsc3032-gaya-shared/group6/datasets/VisA/visa_pytorch/chewinggum/test/good/342.JPG'] 0.25497204065322876
['/mnt/dsc3032-gaya-shared/group6/datasets/VisA/visa_pytorch/chewinggum/test/good/344.JPG'] 0.23349067568778992
['/mnt/dsc3032-gaya-shared/group6/datasets/VisA/visa_pytorch/chewinggum/test/good/352.JPG'] 0.21607446670532227
['/mnt/dsc3032-gaya-shared/group6/datasets/VisA/visa_pytorch/chewinggum/test/good/367.JPG'] 0.2394193559885025
['/mnt/dsc3032-gaya-shared/group6/datasets/VisA/visa_pytorch/chewinggum/test/good/369.JPG'] 0.22756589949131012
['/mnt/dsc3032-gaya-shared/group6/datasets/VisA/visa_pytorch/chewinggum/test/good/377.JPG'] 0.25784146785736084
['/mnt/dsc3032-gaya-shared/group6/datasets/VisA/visa_pytorch/chewinggum/test/good/384.JPG'] 0.3409194052219391
['/mnt/dsc3032-gaya-shared/group6/datasets/VisA/visa_pytorch/chewinggum/test/good/389.JPG'] 0.23106412589550018
['/mnt/dsc3032-gaya-shared/group6/datasets/VisA/visa_pytorch/chewinggum/test/good/392.JPG'] 0.21586453914642334
['/mnt/dsc3032-gaya-shared/group6/datasets/VisA/visa_pytorch/chewinggum/test/good/398.JPG'] 0.26479849219322205
['/mnt/dsc3032-gaya-shared/group6/datasets/VisA/visa_pytorch/chewinggum/test/good/400.JPG'] 0.24767151474952698
['/mnt/dsc3032-gaya-shared/group6/datasets/VisA/visa_pytorch/chewinggum/test/good/402.JPG'] 0.24674905836582184
['/mnt/dsc3032-gaya-shared/group6/datasets/VisA/visa_pytorch/chewinggum/test/good/405.JPG'] 0.2603691816329956
['/mnt/dsc3032-gaya-shared/group6/datasets/VisA/visa_pytorch/chewinggum/test/good/435.JPG'] 0.22490546107292175
['/mnt/dsc3032-gaya-shared/group6/datasets/VisA/visa_pytorch/chewinggum/test/good/446.JPG'] 0.2590753436088562
['/mnt/dsc3032-gaya-shared/group6/datasets/VisA/visa_pytorch/chewinggum/test/good/460.JPG'] 0.24171288311481476
['/mnt/dsc3032-gaya-shared/group6/datasets/VisA/visa_pytorch/chewinggum/test/good/461.JPG'] 0.23204925656318665
['/mnt/dsc3032-gaya-shared/group6/datasets/VisA/visa_pytorch/chewinggum/test/good/467.JPG'] 0.2646544575691223
['/mnt/dsc3032-gaya-shared/group6/datasets/VisA/visa_pytorch/chewinggum/test/good/482.JPG'] 0.2765829265117645
['/mnt/dsc3032-gaya-shared/group6/datasets/VisA/visa_pytorch/chewinggum/test/good/486.JPG'] 0.25294816493988037
['/mnt/dsc3032-gaya-shared/group6/datasets/VisA/visa_pytorch/chewinggum/test/good/487.JPG'] 0.2470690757036209
['/mnt/dsc3032-gaya-shared/group6/datasets/VisA/visa_pytorch/chewinggum/test/good/497.JPG'] 0.26821425557136536
26-06-02 16:40:31.095 - INFO: 
| category   |   K-shots |   F1-Max(image) |   AUROC(image) |   F1-Max(pixel) |   AUROC(pixel) |
|:-----------|----------:|----------------:|---------------:|----------------:|---------------:|
| chewinggum |         2 |           93.81 |          96.62 |            69.4 |          99.57 |
