/home/gaya6/LogSAD/dinov2/dinov2/layers/swiglu_ffn.py:43: UserWarning: xFormers is available (SwiGLU)
  warnings.warn("xFormers is available (SwiGLU)")
/home/gaya6/LogSAD/dinov2/dinov2/layers/attention.py:27: UserWarning: xFormers is available (Attention)
  warnings.warn("xFormers is available (Attention)")
/home/gaya6/LogSAD/dinov2/dinov2/layers/block.py:33: UserWarning: xFormers is available (Block)
  warnings.warn("xFormers is available (Block)")
['/mnt/dsc3032-gaya-shared/group6/datasets/VisA/visa_pytorch/fryum/test/bad/000.JPG'] 0.5723897218704224
['/mnt/dsc3032-gaya-shared/group6/datasets/VisA/visa_pytorch/fryum/test/bad/001.JPG'] 0.49930763244628906
['/mnt/dsc3032-gaya-shared/group6/datasets/VisA/visa_pytorch/fryum/test/bad/002.JPG'] 0.4990902543067932
['/mnt/dsc3032-gaya-shared/group6/datasets/VisA/visa_pytorch/fryum/test/bad/003.JPG'] 0.4688754379749298
['/mnt/dsc3032-gaya-shared/group6/datasets/VisA/visa_pytorch/fryum/test/bad/004.JPG'] 0.5638070702552795
['/mnt/dsc3032-gaya-shared/group6/datasets/VisA/visa_pytorch/fryum/test/bad/005.JPG'] 0.5204228162765503
['/mnt/dsc3032-gaya-shared/group6/datasets/VisA/visa_pytorch/fryum/test/bad/006.JPG'] 0.35587233304977417
['/mnt/dsc3032-gaya-shared/group6/datasets/VisA/visa_pytorch/fryum/test/bad/007.JPG'] 0.3983490467071533
['/mnt/dsc3032-gaya-shared/group6/datasets/VisA/visa_pytorch/fryum/test/bad/008.JPG'] 0.6034148335456848
['/mnt/dsc3032-gaya-shared/group6/datasets/VisA/visa_pytorch/fryum/test/bad/009.JPG'] 0.5250664353370667
['/mnt/dsc3032-gaya-shared/group6/datasets/VisA/visa_pytorch/fryum/test/bad/010.JPG'] 0.27442365884780884
['/mnt/dsc3032-gaya-shared/group6/datasets/VisA/visa_pytorch/fryum/test/bad/011.JPG'] 0.37424904108047485
['/mnt/dsc3032-gaya-shared/group6/datasets/VisA/visa_pytorch/fryum/test/bad/012.JPG'] 0.33258914947509766
['/mnt/dsc3032-gaya-shared/group6/datasets/VisA/visa_pytorch/fryum/test/bad/013.JPG'] 0.34288644790649414
['/mnt/dsc3032-gaya-shared/group6/datasets/VisA/visa_pytorch/fryum/test/bad/014.JPG'] 0.4101875126361847
['/mnt/dsc3032-gaya-shared/group6/datasets/VisA/visa_pytorch/fryum/test/bad/015.JPG'] 0.24457769095897675
['/mnt/dsc3032-gaya-shared/group6/datasets/VisA/visa_pytorch/fryum/test/bad/016.JPG'] 0.39284467697143555
['/mnt/dsc3032-gaya-shared/group6/datasets/VisA/visa_pytorch/fryum/test/bad/017.JPG'] 0.3228096663951874
['/mnt/dsc3032-gaya-shared/group6/datasets/VisA/visa_pytorch/fryum/test/bad/018.JPG'] 0.3801475167274475
['/mnt/dsc3032-gaya-shared/group6/datasets/VisA/visa_pytorch/fryum/test/bad/019.JPG'] 0.35958731174468994
['/mnt/dsc3032-gaya-shared/group6/datasets/VisA/visa_pytorch/fryum/test/bad/020.JPG'] 0.35584306716918945
['/mnt/dsc3032-gaya-shared/group6/datasets/VisA/visa_pytorch/fryum/test/bad/021.JPG'] 0.41911986470222473
['/mnt/dsc3032-gaya-shared/group6/datasets/VisA/visa_pytorch/fryum/test/bad/022.JPG'] 0.3103058934211731
['/mnt/dsc3032-gaya-shared/group6/datasets/VisA/visa_pytorch/fryum/test/bad/023.JPG'] 0.3005252182483673
['/mnt/dsc3032-gaya-shared/group6/datasets/VisA/visa_pytorch/fryum/test/bad/024.JPG'] 0.2810294032096863
['/mnt/dsc3032-gaya-shared/group6/datasets/VisA/visa_pytorch/fryum/test/bad/025.JPG'] 0.323208212852478
['/mnt/dsc3032-gaya-shared/group6/datasets/VisA/visa_pytorch/fryum/test/bad/026.JPG'] 0.38805103302001953
['/mnt/dsc3032-gaya-shared/group6/datasets/VisA/visa_pytorch/fryum/test/bad/027.JPG'] 0.3613645136356354
['/mnt/dsc3032-gaya-shared/group6/datasets/VisA/visa_pytorch/fryum/test/bad/028.JPG'] 0.21606752276420593
['/mnt/dsc3032-gaya-shared/group6/datasets/VisA/visa_pytorch/fryum/test/bad/029.JPG'] 0.43772321939468384
['/mnt/dsc3032-gaya-shared/group6/datasets/VisA/visa_pytorch/fryum/test/bad/030.JPG'] 0.41934627294540405
['/mnt/dsc3032-gaya-shared/group6/datasets/VisA/visa_pytorch/fryum/test/bad/031.JPG'] 0.35837674140930176
['/mnt/dsc3032-gaya-shared/group6/datasets/VisA/visa_pytorch/fryum/test/bad/032.JPG'] 0.3276817798614502
['/mnt/dsc3032-gaya-shared/group6/datasets/VisA/visa_pytorch/fryum/test/bad/033.JPG'] 0.41414451599121094
['/mnt/dsc3032-gaya-shared/group6/datasets/VisA/visa_pytorch/fryum/test/bad/034.JPG'] 0.30543994903564453
['/mnt/dsc3032-gaya-shared/group6/datasets/VisA/visa_pytorch/fryum/test/bad/035.JPG'] 0.4118097126483917
['/mnt/dsc3032-gaya-shared/group6/datasets/VisA/visa_pytorch/fryum/test/bad/036.JPG'] 0.29118824005126953
['/mnt/dsc3032-gaya-shared/group6/datasets/VisA/visa_pytorch/fryum/test/bad/037.JPG'] 0.3228985071182251
['/mnt/dsc3032-gaya-shared/group6/datasets/VisA/visa_pytorch/fryum/test/bad/038.JPG'] 0.3013008236885071
['/mnt/dsc3032-gaya-shared/group6/datasets/VisA/visa_pytorch/fryum/test/bad/039.JPG'] 0.35604482889175415
['/mnt/dsc3032-gaya-shared/group6/datasets/VisA/visa_pytorch/fryum/test/bad/040.JPG'] 0.29996341466903687
['/mnt/dsc3032-gaya-shared/group6/datasets/VisA/visa_pytorch/fryum/test/bad/041.JPG'] 0.42942577600479126
['/mnt/dsc3032-gaya-shared/group6/datasets/VisA/visa_pytorch/fryum/test/bad/042.JPG'] 0.2903810143470764
['/mnt/dsc3032-gaya-shared/group6/datasets/VisA/visa_pytorch/fryum/test/bad/043.JPG'] 0.4105415940284729
['/mnt/dsc3032-gaya-shared/group6/datasets/VisA/visa_pytorch/fryum/test/bad/044.JPG'] 0.45038408041000366
['/mnt/dsc3032-gaya-shared/group6/datasets/VisA/visa_pytorch/fryum/test/bad/045.JPG'] 0.4339066743850708
['/mnt/dsc3032-gaya-shared/group6/datasets/VisA/visa_pytorch/fryum/test/bad/046.JPG'] 0.37592142820358276
['/mnt/dsc3032-gaya-shared/group6/datasets/VisA/visa_pytorch/fryum/test/bad/047.JPG'] 0.2654438614845276
['/mnt/dsc3032-gaya-shared/group6/datasets/VisA/visa_pytorch/fryum/test/bad/048.JPG'] 0.3037387728691101
['/mnt/dsc3032-gaya-shared/group6/datasets/VisA/visa_pytorch/fryum/test/bad/049.JPG'] 0.343275249004364
['/mnt/dsc3032-gaya-shared/group6/datasets/VisA/visa_pytorch/fryum/test/bad/050.JPG'] 0.3224515914916992
['/mnt/dsc3032-gaya-shared/group6/datasets/VisA/visa_pytorch/fryum/test/bad/051.JPG'] 0.3856332302093506
['/mnt/dsc3032-gaya-shared/group6/datasets/VisA/visa_pytorch/fryum/test/bad/052.JPG'] 0.39794033765792847
['/mnt/dsc3032-gaya-shared/group6/datasets/VisA/visa_pytorch/fryum/test/bad/053.JPG'] 0.37525683641433716
['/mnt/dsc3032-gaya-shared/group6/datasets/VisA/visa_pytorch/fryum/test/bad/054.JPG'] 0.2768127918243408
['/mnt/dsc3032-gaya-shared/group6/datasets/VisA/visa_pytorch/fryum/test/bad/055.JPG'] 0.4083367586135864
['/mnt/dsc3032-gaya-shared/group6/datasets/VisA/visa_pytorch/fryum/test/bad/056.JPG'] 0.29965588450431824
['/mnt/dsc3032-gaya-shared/group6/datasets/VisA/visa_pytorch/fryum/test/bad/057.JPG'] 0.30189400911331177
['/mnt/dsc3032-gaya-shared/group6/datasets/VisA/visa_pytorch/fryum/test/bad/058.JPG'] 0.3632517457008362
['/mnt/dsc3032-gaya-shared/group6/datasets/VisA/visa_pytorch/fryum/test/bad/059.JPG'] 0.4155295491218567
['/mnt/dsc3032-gaya-shared/group6/datasets/VisA/visa_pytorch/fryum/test/bad/060.JPG'] 0.2803995609283447
['/mnt/dsc3032-gaya-shared/group6/datasets/VisA/visa_pytorch/fryum/test/bad/061.JPG'] 0.24426484107971191
['/mnt/dsc3032-gaya-shared/group6/datasets/VisA/visa_pytorch/fryum/test/bad/062.JPG'] 0.3249943256378174
['/mnt/dsc3032-gaya-shared/group6/datasets/VisA/visa_pytorch/fryum/test/bad/063.JPG'] 0.3364599347114563
['/mnt/dsc3032-gaya-shared/group6/datasets/VisA/visa_pytorch/fryum/test/bad/064.JPG'] 0.30930280685424805
['/mnt/dsc3032-gaya-shared/group6/datasets/VisA/visa_pytorch/fryum/test/bad/065.JPG'] 0.2648913860321045
['/mnt/dsc3032-gaya-shared/group6/datasets/VisA/visa_pytorch/fryum/test/bad/066.JPG'] 0.2450685352087021
['/mnt/dsc3032-gaya-shared/group6/datasets/VisA/visa_pytorch/fryum/test/bad/067.JPG'] 0.2688283920288086
['/mnt/dsc3032-gaya-shared/group6/datasets/VisA/visa_pytorch/fryum/test/bad/068.JPG'] 0.3318645656108856
['/mnt/dsc3032-gaya-shared/group6/datasets/VisA/visa_pytorch/fryum/test/bad/069.JPG'] 0.33791759610176086
['/mnt/dsc3032-gaya-shared/group6/datasets/VisA/visa_pytorch/fryum/test/bad/070.JPG'] 0.3201417922973633
['/mnt/dsc3032-gaya-shared/group6/datasets/VisA/visa_pytorch/fryum/test/bad/071.JPG'] 0.29541921615600586
['/mnt/dsc3032-gaya-shared/group6/datasets/VisA/visa_pytorch/fryum/test/bad/072.JPG'] 0.3395269513130188
['/mnt/dsc3032-gaya-shared/group6/datasets/VisA/visa_pytorch/fryum/test/bad/073.JPG'] 0.27297621965408325
['/mnt/dsc3032-gaya-shared/group6/datasets/VisA/visa_pytorch/fryum/test/bad/074.JPG'] 0.35955843329429626
['/mnt/dsc3032-gaya-shared/group6/datasets/VisA/visa_pytorch/fryum/test/bad/075.JPG'] 0.31809788942337036
['/mnt/dsc3032-gaya-shared/group6/datasets/VisA/visa_pytorch/fryum/test/bad/076.JPG'] 0.3401470482349396
['/mnt/dsc3032-gaya-shared/group6/datasets/VisA/visa_pytorch/fryum/test/bad/077.JPG'] 0.29998019337654114
['/mnt/dsc3032-gaya-shared/group6/datasets/VisA/visa_pytorch/fryum/test/bad/078.JPG'] 0.385500967502594
['/mnt/dsc3032-gaya-shared/group6/datasets/VisA/visa_pytorch/fryum/test/bad/079.JPG'] 0.2542654275894165
['/mnt/dsc3032-gaya-shared/group6/datasets/VisA/visa_pytorch/fryum/test/bad/080.JPG'] 0.40887215733528137
['/mnt/dsc3032-gaya-shared/group6/datasets/VisA/visa_pytorch/fryum/test/bad/081.JPG'] 0.32313770055770874
['/mnt/dsc3032-gaya-shared/group6/datasets/VisA/visa_pytorch/fryum/test/bad/082.JPG'] 0.40817540884017944
['/mnt/dsc3032-gaya-shared/group6/datasets/VisA/visa_pytorch/fryum/test/bad/083.JPG'] 0.4800325930118561
['/mnt/dsc3032-gaya-shared/group6/datasets/VisA/visa_pytorch/fryum/test/bad/084.JPG'] 0.4386918544769287
['/mnt/dsc3032-gaya-shared/group6/datasets/VisA/visa_pytorch/fryum/test/bad/085.JPG'] 0.4639620780944824
['/mnt/dsc3032-gaya-shared/group6/datasets/VisA/visa_pytorch/fryum/test/bad/086.JPG'] 0.5114306211471558
['/mnt/dsc3032-gaya-shared/group6/datasets/VisA/visa_pytorch/fryum/test/bad/087.JPG'] 0.3258032500743866
['/mnt/dsc3032-gaya-shared/group6/datasets/VisA/visa_pytorch/fryum/test/bad/088.JPG'] 0.3015962243080139
['/mnt/dsc3032-gaya-shared/group6/datasets/VisA/visa_pytorch/fryum/test/bad/089.JPG'] 0.3691730499267578
['/mnt/dsc3032-gaya-shared/group6/datasets/VisA/visa_pytorch/fryum/test/bad/090.JPG'] 0.23385626077651978
['/mnt/dsc3032-gaya-shared/group6/datasets/VisA/visa_pytorch/fryum/test/bad/091.JPG'] 0.23741334676742554
['/mnt/dsc3032-gaya-shared/group6/datasets/VisA/visa_pytorch/fryum/test/bad/092.JPG'] 0.21558848023414612
['/mnt/dsc3032-gaya-shared/group6/datasets/VisA/visa_pytorch/fryum/test/bad/093.JPG'] 0.2577130198478699
['/mnt/dsc3032-gaya-shared/group6/datasets/VisA/visa_pytorch/fryum/test/bad/094.JPG'] 0.20230525732040405
['/mnt/dsc3032-gaya-shared/group6/datasets/VisA/visa_pytorch/fryum/test/bad/095.JPG'] 0.22208745777606964
['/mnt/dsc3032-gaya-shared/group6/datasets/VisA/visa_pytorch/fryum/test/bad/096.JPG'] 0.36541807651519775
['/mnt/dsc3032-gaya-shared/group6/datasets/VisA/visa_pytorch/fryum/test/bad/097.JPG'] 0.2846158742904663
['/mnt/dsc3032-gaya-shared/group6/datasets/VisA/visa_pytorch/fryum/test/bad/098.JPG'] 0.2600973844528198
['/mnt/dsc3032-gaya-shared/group6/datasets/VisA/visa_pytorch/fryum/test/bad/099.JPG'] 0.32367390394210815
['/mnt/dsc3032-gaya-shared/group6/datasets/VisA/visa_pytorch/fryum/test/good/006.JPG'] 0.2013072371482849
['/mnt/dsc3032-gaya-shared/group6/datasets/VisA/visa_pytorch/fryum/test/good/012.JPG'] 0.28771281242370605
['/mnt/dsc3032-gaya-shared/group6/datasets/VisA/visa_pytorch/fryum/test/good/013.JPG'] 0.25209206342697144
['/mnt/dsc3032-gaya-shared/group6/datasets/VisA/visa_pytorch/fryum/test/good/023.JPG'] 0.24389103055000305
['/mnt/dsc3032-gaya-shared/group6/datasets/VisA/visa_pytorch/fryum/test/good/050.JPG'] 0.18860016763210297
['/mnt/dsc3032-gaya-shared/group6/datasets/VisA/visa_pytorch/fryum/test/good/084.JPG'] 0.20775176584720612
['/mnt/dsc3032-gaya-shared/group6/datasets/VisA/visa_pytorch/fryum/test/good/087.JPG'] 0.2057311236858368
['/mnt/dsc3032-gaya-shared/group6/datasets/VisA/visa_pytorch/fryum/test/good/089.JPG'] 0.20420995354652405
['/mnt/dsc3032-gaya-shared/group6/datasets/VisA/visa_pytorch/fryum/test/good/093.JPG'] 0.19526059925556183
['/mnt/dsc3032-gaya-shared/group6/datasets/VisA/visa_pytorch/fryum/test/good/098.JPG'] 0.22258734703063965
['/mnt/dsc3032-gaya-shared/group6/datasets/VisA/visa_pytorch/fryum/test/good/104.JPG'] 0.21889349818229675
['/mnt/dsc3032-gaya-shared/group6/datasets/VisA/visa_pytorch/fryum/test/good/130.JPG'] 0.20464091002941132
['/mnt/dsc3032-gaya-shared/group6/datasets/VisA/visa_pytorch/fryum/test/good/143.JPG'] 0.32558315992355347
['/mnt/dsc3032-gaya-shared/group6/datasets/VisA/visa_pytorch/fryum/test/good/148.JPG'] 0.19229720532894135
['/mnt/dsc3032-gaya-shared/group6/datasets/VisA/visa_pytorch/fryum/test/good/166.JPG'] 0.18613608181476593
['/mnt/dsc3032-gaya-shared/group6/datasets/VisA/visa_pytorch/fryum/test/good/181.JPG'] 0.23051851987838745
['/mnt/dsc3032-gaya-shared/group6/datasets/VisA/visa_pytorch/fryum/test/good/213.JPG'] 0.22043071687221527
['/mnt/dsc3032-gaya-shared/group6/datasets/VisA/visa_pytorch/fryum/test/good/228.JPG'] 0.2790854573249817
['/mnt/dsc3032-gaya-shared/group6/datasets/VisA/visa_pytorch/fryum/test/good/239.JPG'] 0.2488696575164795
['/mnt/dsc3032-gaya-shared/group6/datasets/VisA/visa_pytorch/fryum/test/good/244.JPG'] 0.293867826461792
['/mnt/dsc3032-gaya-shared/group6/datasets/VisA/visa_pytorch/fryum/test/good/245.JPG'] 0.21023954451084137
['/mnt/dsc3032-gaya-shared/group6/datasets/VisA/visa_pytorch/fryum/test/good/260.JPG'] 0.20761924982070923
['/mnt/dsc3032-gaya-shared/group6/datasets/VisA/visa_pytorch/fryum/test/good/272.JPG'] 0.2563364505767822
['/mnt/dsc3032-gaya-shared/group6/datasets/VisA/visa_pytorch/fryum/test/good/276.JPG'] 0.22729939222335815
['/mnt/dsc3032-gaya-shared/group6/datasets/VisA/visa_pytorch/fryum/test/good/284.JPG'] 0.2418527454137802
['/mnt/dsc3032-gaya-shared/group6/datasets/VisA/visa_pytorch/fryum/test/good/307.JPG'] 0.24310728907585144
['/mnt/dsc3032-gaya-shared/group6/datasets/VisA/visa_pytorch/fryum/test/good/309.JPG'] 0.21147361397743225
['/mnt/dsc3032-gaya-shared/group6/datasets/VisA/visa_pytorch/fryum/test/good/324.JPG'] 0.23872418701648712
['/mnt/dsc3032-gaya-shared/group6/datasets/VisA/visa_pytorch/fryum/test/good/337.JPG'] 0.2930958867073059
['/mnt/dsc3032-gaya-shared/group6/datasets/VisA/visa_pytorch/fryum/test/good/342.JPG'] 0.2059464454650879
['/mnt/dsc3032-gaya-shared/group6/datasets/VisA/visa_pytorch/fryum/test/good/344.JPG'] 0.2085181325674057
['/mnt/dsc3032-gaya-shared/group6/datasets/VisA/visa_pytorch/fryum/test/good/352.JPG'] 0.21886387467384338
['/mnt/dsc3032-gaya-shared/group6/datasets/VisA/visa_pytorch/fryum/test/good/367.JPG'] 0.221547469496727
['/mnt/dsc3032-gaya-shared/group6/datasets/VisA/visa_pytorch/fryum/test/good/369.JPG'] 0.19908252358436584
['/mnt/dsc3032-gaya-shared/group6/datasets/VisA/visa_pytorch/fryum/test/good/377.JPG'] 0.2624053359031677
['/mnt/dsc3032-gaya-shared/group6/datasets/VisA/visa_pytorch/fryum/test/good/384.JPG'] 0.2494768649339676
['/mnt/dsc3032-gaya-shared/group6/datasets/VisA/visa_pytorch/fryum/test/good/389.JPG'] 0.24130557477474213
['/mnt/dsc3032-gaya-shared/group6/datasets/VisA/visa_pytorch/fryum/test/good/392.JPG'] 0.23685406148433685
['/mnt/dsc3032-gaya-shared/group6/datasets/VisA/visa_pytorch/fryum/test/good/398.JPG'] 0.21021272242069244
['/mnt/dsc3032-gaya-shared/group6/datasets/VisA/visa_pytorch/fryum/test/good/400.JPG'] 0.2815886437892914
['/mnt/dsc3032-gaya-shared/group6/datasets/VisA/visa_pytorch/fryum/test/good/402.JPG'] 0.22402769327163696
['/mnt/dsc3032-gaya-shared/group6/datasets/VisA/visa_pytorch/fryum/test/good/405.JPG'] 0.22799882292747498
['/mnt/dsc3032-gaya-shared/group6/datasets/VisA/visa_pytorch/fryum/test/good/435.JPG'] 0.22596710920333862
['/mnt/dsc3032-gaya-shared/group6/datasets/VisA/visa_pytorch/fryum/test/good/446.JPG'] 0.24819445610046387
['/mnt/dsc3032-gaya-shared/group6/datasets/VisA/visa_pytorch/fryum/test/good/460.JPG'] 0.22167538106441498
['/mnt/dsc3032-gaya-shared/group6/datasets/VisA/visa_pytorch/fryum/test/good/461.JPG'] 0.2522915005683899
['/mnt/dsc3032-gaya-shared/group6/datasets/VisA/visa_pytorch/fryum/test/good/467.JPG'] 0.23792146146297455
['/mnt/dsc3032-gaya-shared/group6/datasets/VisA/visa_pytorch/fryum/test/good/482.JPG'] 0.20023106038570404
['/mnt/dsc3032-gaya-shared/group6/datasets/VisA/visa_pytorch/fryum/test/good/484.JPG'] 0.2030612677335739
['/mnt/dsc3032-gaya-shared/group6/datasets/VisA/visa_pytorch/fryum/test/good/487.JPG'] 0.1997438669204712
26-06-02 16:41:29.857 - INFO: 
| category   |   K-shots |   F1-Max(image) |   AUROC(image) |   F1-Max(pixel) |   AUROC(pixel) |
|:-----------|----------:|----------------:|---------------:|----------------:|---------------:|
| fryum      |         2 |           91.46 |          93.86 |           38.65 |          95.08 |
