/home/gaya6/LogSAD/dinov2/dinov2/layers/swiglu_ffn.py:43: UserWarning: xFormers is available (SwiGLU)
  warnings.warn("xFormers is available (SwiGLU)")
/home/gaya6/LogSAD/dinov2/dinov2/layers/attention.py:27: UserWarning: xFormers is available (Attention)
  warnings.warn("xFormers is available (Attention)")
/home/gaya6/LogSAD/dinov2/dinov2/layers/block.py:33: UserWarning: xFormers is available (Block)
  warnings.warn("xFormers is available (Block)")
['/mnt/dsc3032-gaya-shared/group6/datasets/VisA/visa_pytorch/macaroni1/test/bad/000.JPG'] 0.2451433390378952
['/mnt/dsc3032-gaya-shared/group6/datasets/VisA/visa_pytorch/macaroni1/test/bad/001.JPG'] 0.23513707518577576
['/mnt/dsc3032-gaya-shared/group6/datasets/VisA/visa_pytorch/macaroni1/test/bad/002.JPG'] 0.2638363242149353
['/mnt/dsc3032-gaya-shared/group6/datasets/VisA/visa_pytorch/macaroni1/test/bad/003.JPG'] 0.24882295727729797
['/mnt/dsc3032-gaya-shared/group6/datasets/VisA/visa_pytorch/macaroni1/test/bad/004.JPG'] 0.2797076106071472
['/mnt/dsc3032-gaya-shared/group6/datasets/VisA/visa_pytorch/macaroni1/test/bad/005.JPG'] 0.24892070889472961
['/mnt/dsc3032-gaya-shared/group6/datasets/VisA/visa_pytorch/macaroni1/test/bad/006.JPG'] 0.24910952150821686
['/mnt/dsc3032-gaya-shared/group6/datasets/VisA/visa_pytorch/macaroni1/test/bad/007.JPG'] 0.2431752234697342
['/mnt/dsc3032-gaya-shared/group6/datasets/VisA/visa_pytorch/macaroni1/test/bad/008.JPG'] 0.2564550042152405
['/mnt/dsc3032-gaya-shared/group6/datasets/VisA/visa_pytorch/macaroni1/test/bad/009.JPG'] 0.30645084381103516
['/mnt/dsc3032-gaya-shared/group6/datasets/VisA/visa_pytorch/macaroni1/test/bad/010.JPG'] 0.25862783193588257
['/mnt/dsc3032-gaya-shared/group6/datasets/VisA/visa_pytorch/macaroni1/test/bad/011.JPG'] 0.25584518909454346
['/mnt/dsc3032-gaya-shared/group6/datasets/VisA/visa_pytorch/macaroni1/test/bad/012.JPG'] 0.24974671006202698
['/mnt/dsc3032-gaya-shared/group6/datasets/VisA/visa_pytorch/macaroni1/test/bad/013.JPG'] 0.23636530339717865
['/mnt/dsc3032-gaya-shared/group6/datasets/VisA/visa_pytorch/macaroni1/test/bad/014.JPG'] 0.27362698316574097
['/mnt/dsc3032-gaya-shared/group6/datasets/VisA/visa_pytorch/macaroni1/test/bad/015.JPG'] 0.23443365097045898
['/mnt/dsc3032-gaya-shared/group6/datasets/VisA/visa_pytorch/macaroni1/test/bad/016.JPG'] 0.2650378942489624
['/mnt/dsc3032-gaya-shared/group6/datasets/VisA/visa_pytorch/macaroni1/test/bad/017.JPG'] 0.226536363363266
['/mnt/dsc3032-gaya-shared/group6/datasets/VisA/visa_pytorch/macaroni1/test/bad/018.JPG'] 0.25017833709716797
['/mnt/dsc3032-gaya-shared/group6/datasets/VisA/visa_pytorch/macaroni1/test/bad/019.JPG'] 0.2571079134941101
['/mnt/dsc3032-gaya-shared/group6/datasets/VisA/visa_pytorch/macaroni1/test/bad/020.JPG'] 0.24892400205135345
['/mnt/dsc3032-gaya-shared/group6/datasets/VisA/visa_pytorch/macaroni1/test/bad/021.JPG'] 0.28597068786621094
['/mnt/dsc3032-gaya-shared/group6/datasets/VisA/visa_pytorch/macaroni1/test/bad/022.JPG'] 0.2443859577178955
['/mnt/dsc3032-gaya-shared/group6/datasets/VisA/visa_pytorch/macaroni1/test/bad/023.JPG'] 0.3754146993160248
['/mnt/dsc3032-gaya-shared/group6/datasets/VisA/visa_pytorch/macaroni1/test/bad/024.JPG'] 0.4745670557022095
['/mnt/dsc3032-gaya-shared/group6/datasets/VisA/visa_pytorch/macaroni1/test/bad/025.JPG'] 0.48736608028411865
['/mnt/dsc3032-gaya-shared/group6/datasets/VisA/visa_pytorch/macaroni1/test/bad/026.JPG'] 0.4632973074913025
['/mnt/dsc3032-gaya-shared/group6/datasets/VisA/visa_pytorch/macaroni1/test/bad/027.JPG'] 0.4761554002761841
['/mnt/dsc3032-gaya-shared/group6/datasets/VisA/visa_pytorch/macaroni1/test/bad/028.JPG'] 0.4015173614025116
['/mnt/dsc3032-gaya-shared/group6/datasets/VisA/visa_pytorch/macaroni1/test/bad/029.JPG'] 0.5121617317199707
['/mnt/dsc3032-gaya-shared/group6/datasets/VisA/visa_pytorch/macaroni1/test/bad/030.JPG'] 0.3917912244796753
['/mnt/dsc3032-gaya-shared/group6/datasets/VisA/visa_pytorch/macaroni1/test/bad/031.JPG'] 0.4742201566696167
['/mnt/dsc3032-gaya-shared/group6/datasets/VisA/visa_pytorch/macaroni1/test/bad/032.JPG'] 0.4624725580215454
['/mnt/dsc3032-gaya-shared/group6/datasets/VisA/visa_pytorch/macaroni1/test/bad/033.JPG'] 0.5046958923339844
['/mnt/dsc3032-gaya-shared/group6/datasets/VisA/visa_pytorch/macaroni1/test/bad/034.JPG'] 0.3638841211795807
['/mnt/dsc3032-gaya-shared/group6/datasets/VisA/visa_pytorch/macaroni1/test/bad/035.JPG'] 0.42762285470962524
['/mnt/dsc3032-gaya-shared/group6/datasets/VisA/visa_pytorch/macaroni1/test/bad/036.JPG'] 0.44136694073677063
['/mnt/dsc3032-gaya-shared/group6/datasets/VisA/visa_pytorch/macaroni1/test/bad/037.JPG'] 0.48001599311828613
['/mnt/dsc3032-gaya-shared/group6/datasets/VisA/visa_pytorch/macaroni1/test/bad/038.JPG'] 0.41043949127197266
['/mnt/dsc3032-gaya-shared/group6/datasets/VisA/visa_pytorch/macaroni1/test/bad/039.JPG'] 0.33126217126846313
['/mnt/dsc3032-gaya-shared/group6/datasets/VisA/visa_pytorch/macaroni1/test/bad/040.JPG'] 0.3949267864227295
['/mnt/dsc3032-gaya-shared/group6/datasets/VisA/visa_pytorch/macaroni1/test/bad/041.JPG'] 0.3345484137535095
['/mnt/dsc3032-gaya-shared/group6/datasets/VisA/visa_pytorch/macaroni1/test/bad/042.JPG'] 0.36280715465545654
['/mnt/dsc3032-gaya-shared/group6/datasets/VisA/visa_pytorch/macaroni1/test/bad/043.JPG'] 0.36659693717956543
['/mnt/dsc3032-gaya-shared/group6/datasets/VisA/visa_pytorch/macaroni1/test/bad/044.JPG'] 0.34106209874153137
['/mnt/dsc3032-gaya-shared/group6/datasets/VisA/visa_pytorch/macaroni1/test/bad/045.JPG'] 0.3705264627933502
['/mnt/dsc3032-gaya-shared/group6/datasets/VisA/visa_pytorch/macaroni1/test/bad/046.JPG'] 0.4191814661026001
['/mnt/dsc3032-gaya-shared/group6/datasets/VisA/visa_pytorch/macaroni1/test/bad/047.JPG'] 0.36335766315460205
['/mnt/dsc3032-gaya-shared/group6/datasets/VisA/visa_pytorch/macaroni1/test/bad/048.JPG'] 0.34612494707107544
['/mnt/dsc3032-gaya-shared/group6/datasets/VisA/visa_pytorch/macaroni1/test/bad/049.JPG'] 0.2753683924674988
['/mnt/dsc3032-gaya-shared/group6/datasets/VisA/visa_pytorch/macaroni1/test/bad/050.JPG'] 0.3886070251464844
['/mnt/dsc3032-gaya-shared/group6/datasets/VisA/visa_pytorch/macaroni1/test/bad/051.JPG'] 0.38838422298431396
['/mnt/dsc3032-gaya-shared/group6/datasets/VisA/visa_pytorch/macaroni1/test/bad/052.JPG'] 0.39517083764076233
['/mnt/dsc3032-gaya-shared/group6/datasets/VisA/visa_pytorch/macaroni1/test/bad/053.JPG'] 0.38441741466522217
['/mnt/dsc3032-gaya-shared/group6/datasets/VisA/visa_pytorch/macaroni1/test/bad/054.JPG'] 0.3658122420310974
['/mnt/dsc3032-gaya-shared/group6/datasets/VisA/visa_pytorch/macaroni1/test/bad/055.JPG'] 0.35366958379745483
['/mnt/dsc3032-gaya-shared/group6/datasets/VisA/visa_pytorch/macaroni1/test/bad/056.JPG'] 0.41392630338668823
['/mnt/dsc3032-gaya-shared/group6/datasets/VisA/visa_pytorch/macaroni1/test/bad/057.JPG'] 0.3925844132900238
['/mnt/dsc3032-gaya-shared/group6/datasets/VisA/visa_pytorch/macaroni1/test/bad/058.JPG'] 0.37733906507492065
['/mnt/dsc3032-gaya-shared/group6/datasets/VisA/visa_pytorch/macaroni1/test/bad/059.JPG'] 0.37723398208618164
['/mnt/dsc3032-gaya-shared/group6/datasets/VisA/visa_pytorch/macaroni1/test/bad/060.JPG'] 0.3756923973560333
['/mnt/dsc3032-gaya-shared/group6/datasets/VisA/visa_pytorch/macaroni1/test/bad/061.JPG'] 0.33795297145843506
['/mnt/dsc3032-gaya-shared/group6/datasets/VisA/visa_pytorch/macaroni1/test/bad/062.JPG'] 0.42003539204597473
['/mnt/dsc3032-gaya-shared/group6/datasets/VisA/visa_pytorch/macaroni1/test/bad/063.JPG'] 0.3258337378501892
['/mnt/dsc3032-gaya-shared/group6/datasets/VisA/visa_pytorch/macaroni1/test/bad/064.JPG'] 0.41033875942230225
['/mnt/dsc3032-gaya-shared/group6/datasets/VisA/visa_pytorch/macaroni1/test/bad/065.JPG'] 0.384735643863678
['/mnt/dsc3032-gaya-shared/group6/datasets/VisA/visa_pytorch/macaroni1/test/bad/066.JPG'] 0.33440113067626953
['/mnt/dsc3032-gaya-shared/group6/datasets/VisA/visa_pytorch/macaroni1/test/bad/067.JPG'] 0.31783655285835266
['/mnt/dsc3032-gaya-shared/group6/datasets/VisA/visa_pytorch/macaroni1/test/bad/068.JPG'] 0.32771387696266174
['/mnt/dsc3032-gaya-shared/group6/datasets/VisA/visa_pytorch/macaroni1/test/bad/069.JPG'] 0.427915096282959
['/mnt/dsc3032-gaya-shared/group6/datasets/VisA/visa_pytorch/macaroni1/test/bad/070.JPG'] 0.2598445415496826
['/mnt/dsc3032-gaya-shared/group6/datasets/VisA/visa_pytorch/macaroni1/test/bad/071.JPG'] 0.22785604000091553
['/mnt/dsc3032-gaya-shared/group6/datasets/VisA/visa_pytorch/macaroni1/test/bad/072.JPG'] 0.28795093297958374
['/mnt/dsc3032-gaya-shared/group6/datasets/VisA/visa_pytorch/macaroni1/test/bad/073.JPG'] 0.2674391269683838
['/mnt/dsc3032-gaya-shared/group6/datasets/VisA/visa_pytorch/macaroni1/test/bad/074.JPG'] 0.2966920733451843
['/mnt/dsc3032-gaya-shared/group6/datasets/VisA/visa_pytorch/macaroni1/test/bad/075.JPG'] 0.22017891705036163
['/mnt/dsc3032-gaya-shared/group6/datasets/VisA/visa_pytorch/macaroni1/test/bad/076.JPG'] 0.2251259833574295
['/mnt/dsc3032-gaya-shared/group6/datasets/VisA/visa_pytorch/macaroni1/test/bad/077.JPG'] 0.27090126276016235
['/mnt/dsc3032-gaya-shared/group6/datasets/VisA/visa_pytorch/macaroni1/test/bad/078.JPG'] 0.2943883538246155
['/mnt/dsc3032-gaya-shared/group6/datasets/VisA/visa_pytorch/macaroni1/test/bad/079.JPG'] 0.26524752378463745
['/mnt/dsc3032-gaya-shared/group6/datasets/VisA/visa_pytorch/macaroni1/test/bad/080.JPG'] 0.2791689932346344
['/mnt/dsc3032-gaya-shared/group6/datasets/VisA/visa_pytorch/macaroni1/test/bad/081.JPG'] 0.3109912872314453
['/mnt/dsc3032-gaya-shared/group6/datasets/VisA/visa_pytorch/macaroni1/test/bad/082.JPG'] 0.23103411495685577
['/mnt/dsc3032-gaya-shared/group6/datasets/VisA/visa_pytorch/macaroni1/test/bad/083.JPG'] 0.2531988322734833
['/mnt/dsc3032-gaya-shared/group6/datasets/VisA/visa_pytorch/macaroni1/test/bad/084.JPG'] 0.27209731936454773
['/mnt/dsc3032-gaya-shared/group6/datasets/VisA/visa_pytorch/macaroni1/test/bad/085.JPG'] 0.2606264352798462
['/mnt/dsc3032-gaya-shared/group6/datasets/VisA/visa_pytorch/macaroni1/test/bad/086.JPG'] 0.2592375874519348
['/mnt/dsc3032-gaya-shared/group6/datasets/VisA/visa_pytorch/macaroni1/test/bad/087.JPG'] 0.23318904638290405
['/mnt/dsc3032-gaya-shared/group6/datasets/VisA/visa_pytorch/macaroni1/test/bad/088.JPG'] 0.2533351480960846
['/mnt/dsc3032-gaya-shared/group6/datasets/VisA/visa_pytorch/macaroni1/test/bad/089.JPG'] 0.2504499852657318
['/mnt/dsc3032-gaya-shared/group6/datasets/VisA/visa_pytorch/macaroni1/test/bad/090.JPG'] 0.2805728316307068
['/mnt/dsc3032-gaya-shared/group6/datasets/VisA/visa_pytorch/macaroni1/test/bad/091.JPG'] 0.23667925596237183
['/mnt/dsc3032-gaya-shared/group6/datasets/VisA/visa_pytorch/macaroni1/test/bad/092.JPG'] 0.3088010549545288
['/mnt/dsc3032-gaya-shared/group6/datasets/VisA/visa_pytorch/macaroni1/test/bad/093.JPG'] 0.28285911679267883
['/mnt/dsc3032-gaya-shared/group6/datasets/VisA/visa_pytorch/macaroni1/test/bad/094.JPG'] 0.2453852891921997
['/mnt/dsc3032-gaya-shared/group6/datasets/VisA/visa_pytorch/macaroni1/test/bad/095.JPG'] 0.25603458285331726
['/mnt/dsc3032-gaya-shared/group6/datasets/VisA/visa_pytorch/macaroni1/test/bad/096.JPG'] 0.24571560323238373
['/mnt/dsc3032-gaya-shared/group6/datasets/VisA/visa_pytorch/macaroni1/test/bad/097.JPG'] 0.24548344314098358
['/mnt/dsc3032-gaya-shared/group6/datasets/VisA/visa_pytorch/macaroni1/test/bad/098.JPG'] 0.26413363218307495
['/mnt/dsc3032-gaya-shared/group6/datasets/VisA/visa_pytorch/macaroni1/test/bad/099.JPG'] 0.3279450535774231
['/mnt/dsc3032-gaya-shared/group6/datasets/VisA/visa_pytorch/macaroni1/test/good/0011.JPG'] 0.19784975051879883
['/mnt/dsc3032-gaya-shared/group6/datasets/VisA/visa_pytorch/macaroni1/test/good/0013.JPG'] 0.23726920783519745
['/mnt/dsc3032-gaya-shared/group6/datasets/VisA/visa_pytorch/macaroni1/test/good/0016.JPG'] 0.18997004628181458
['/mnt/dsc3032-gaya-shared/group6/datasets/VisA/visa_pytorch/macaroni1/test/good/0024.JPG'] 0.20224633812904358
['/mnt/dsc3032-gaya-shared/group6/datasets/VisA/visa_pytorch/macaroni1/test/good/0026.JPG'] 0.22394810616970062
['/mnt/dsc3032-gaya-shared/group6/datasets/VisA/visa_pytorch/macaroni1/test/good/0027.JPG'] 0.2541842460632324
['/mnt/dsc3032-gaya-shared/group6/datasets/VisA/visa_pytorch/macaroni1/test/good/0046.JPG'] 0.2503034472465515
['/mnt/dsc3032-gaya-shared/group6/datasets/VisA/visa_pytorch/macaroni1/test/good/0100.JPG'] 0.21885992586612701
['/mnt/dsc3032-gaya-shared/group6/datasets/VisA/visa_pytorch/macaroni1/test/good/0107.JPG'] 0.2713441550731659
['/mnt/dsc3032-gaya-shared/group6/datasets/VisA/visa_pytorch/macaroni1/test/good/0159.JPG'] 0.2444806694984436
['/mnt/dsc3032-gaya-shared/group6/datasets/VisA/visa_pytorch/macaroni1/test/good/0168.JPG'] 0.24476587772369385
['/mnt/dsc3032-gaya-shared/group6/datasets/VisA/visa_pytorch/macaroni1/test/good/0170.JPG'] 0.2105272114276886
['/mnt/dsc3032-gaya-shared/group6/datasets/VisA/visa_pytorch/macaroni1/test/good/0172.JPG'] 0.21805469691753387
['/mnt/dsc3032-gaya-shared/group6/datasets/VisA/visa_pytorch/macaroni1/test/good/0174.JPG'] 0.2585638761520386
['/mnt/dsc3032-gaya-shared/group6/datasets/VisA/visa_pytorch/macaroni1/test/good/0178.JPG'] 0.22219844162464142
['/mnt/dsc3032-gaya-shared/group6/datasets/VisA/visa_pytorch/macaroni1/test/good/0187.JPG'] 0.21168045699596405
['/mnt/dsc3032-gaya-shared/group6/datasets/VisA/visa_pytorch/macaroni1/test/good/0196.JPG'] 0.22862650454044342
['/mnt/dsc3032-gaya-shared/group6/datasets/VisA/visa_pytorch/macaroni1/test/good/0208.JPG'] 0.2592236399650574
['/mnt/dsc3032-gaya-shared/group6/datasets/VisA/visa_pytorch/macaroni1/test/good/0214.JPG'] 0.2051256150007248
['/mnt/dsc3032-gaya-shared/group6/datasets/VisA/visa_pytorch/macaroni1/test/good/0215.JPG'] 0.23366403579711914
['/mnt/dsc3032-gaya-shared/group6/datasets/VisA/visa_pytorch/macaroni1/test/good/0237.JPG'] 0.20729324221611023
['/mnt/dsc3032-gaya-shared/group6/datasets/VisA/visa_pytorch/macaroni1/test/good/0261.JPG'] 0.2193077951669693
['/mnt/dsc3032-gaya-shared/group6/datasets/VisA/visa_pytorch/macaroni1/test/good/0286.JPG'] 0.18980908393859863
['/mnt/dsc3032-gaya-shared/group6/datasets/VisA/visa_pytorch/macaroni1/test/good/0294.JPG'] 0.2260037660598755
['/mnt/dsc3032-gaya-shared/group6/datasets/VisA/visa_pytorch/macaroni1/test/good/0297.JPG'] 0.22705718874931335
['/mnt/dsc3032-gaya-shared/group6/datasets/VisA/visa_pytorch/macaroni1/test/good/0303.JPG'] 0.22933317720890045
['/mnt/dsc3032-gaya-shared/group6/datasets/VisA/visa_pytorch/macaroni1/test/good/0306.JPG'] 0.2522183656692505
['/mnt/dsc3032-gaya-shared/group6/datasets/VisA/visa_pytorch/macaroni1/test/good/0320.JPG'] 0.199942484498024
['/mnt/dsc3032-gaya-shared/group6/datasets/VisA/visa_pytorch/macaroni1/test/good/0333.JPG'] 0.22537022829055786
['/mnt/dsc3032-gaya-shared/group6/datasets/VisA/visa_pytorch/macaroni1/test/good/0363.JPG'] 0.208719402551651
['/mnt/dsc3032-gaya-shared/group6/datasets/VisA/visa_pytorch/macaroni1/test/good/0377.JPG'] 0.23613004386425018
['/mnt/dsc3032-gaya-shared/group6/datasets/VisA/visa_pytorch/macaroni1/test/good/0394.JPG'] 0.20542529225349426
['/mnt/dsc3032-gaya-shared/group6/datasets/VisA/visa_pytorch/macaroni1/test/good/0400.JPG'] 0.21613816916942596
['/mnt/dsc3032-gaya-shared/group6/datasets/VisA/visa_pytorch/macaroni1/test/good/0402.JPG'] 0.22762326896190643
['/mnt/dsc3032-gaya-shared/group6/datasets/VisA/visa_pytorch/macaroni1/test/good/0417.JPG'] 0.24351657927036285
['/mnt/dsc3032-gaya-shared/group6/datasets/VisA/visa_pytorch/macaroni1/test/good/0423.JPG'] 0.2363470196723938
['/mnt/dsc3032-gaya-shared/group6/datasets/VisA/visa_pytorch/macaroni1/test/good/0427.JPG'] 0.2564317584037781
['/mnt/dsc3032-gaya-shared/group6/datasets/VisA/visa_pytorch/macaroni1/test/good/0457.JPG'] 0.22774221003055573
['/mnt/dsc3032-gaya-shared/group6/datasets/VisA/visa_pytorch/macaroni1/test/good/0469.JPG'] 0.20008091628551483
['/mnt/dsc3032-gaya-shared/group6/datasets/VisA/visa_pytorch/macaroni1/test/good/0479.JPG'] 0.23568816483020782
['/mnt/dsc3032-gaya-shared/group6/datasets/VisA/visa_pytorch/macaroni1/test/good/0483.JPG'] 0.22339259088039398
['/mnt/dsc3032-gaya-shared/group6/datasets/VisA/visa_pytorch/macaroni1/test/good/0484.JPG'] 0.25665193796157837
['/mnt/dsc3032-gaya-shared/group6/datasets/VisA/visa_pytorch/macaroni1/test/good/0488.JPG'] 0.2263665348291397
['/mnt/dsc3032-gaya-shared/group6/datasets/VisA/visa_pytorch/macaroni1/test/good/0490.JPG'] 0.20518524944782257
['/mnt/dsc3032-gaya-shared/group6/datasets/VisA/visa_pytorch/macaroni1/test/good/0514.JPG'] 0.2175748199224472
['/mnt/dsc3032-gaya-shared/group6/datasets/VisA/visa_pytorch/macaroni1/test/good/0518.JPG'] 0.23055435717105865
['/mnt/dsc3032-gaya-shared/group6/datasets/VisA/visa_pytorch/macaroni1/test/good/0520.JPG'] 0.2025923877954483
['/mnt/dsc3032-gaya-shared/group6/datasets/VisA/visa_pytorch/macaroni1/test/good/0525.JPG'] 0.20146444439888
['/mnt/dsc3032-gaya-shared/group6/datasets/VisA/visa_pytorch/macaroni1/test/good/0545.JPG'] 0.24897001683712006
['/mnt/dsc3032-gaya-shared/group6/datasets/VisA/visa_pytorch/macaroni1/test/good/0552.JPG'] 0.20141804218292236
['/mnt/dsc3032-gaya-shared/group6/datasets/VisA/visa_pytorch/macaroni1/test/good/0569.JPG'] 0.24536138772964478
['/mnt/dsc3032-gaya-shared/group6/datasets/VisA/visa_pytorch/macaroni1/test/good/0615.JPG'] 0.2909683585166931
['/mnt/dsc3032-gaya-shared/group6/datasets/VisA/visa_pytorch/macaroni1/test/good/0617.JPG'] 0.2999650835990906
['/mnt/dsc3032-gaya-shared/group6/datasets/VisA/visa_pytorch/macaroni1/test/good/0619.JPG'] 0.2757243514060974
['/mnt/dsc3032-gaya-shared/group6/datasets/VisA/visa_pytorch/macaroni1/test/good/0621.JPG'] 0.2874138355255127
['/mnt/dsc3032-gaya-shared/group6/datasets/VisA/visa_pytorch/macaroni1/test/good/0629.JPG'] 0.23460322618484497
['/mnt/dsc3032-gaya-shared/group6/datasets/VisA/visa_pytorch/macaroni1/test/good/0631.JPG'] 0.23343656957149506
['/mnt/dsc3032-gaya-shared/group6/datasets/VisA/visa_pytorch/macaroni1/test/good/0648.JPG'] 0.2443924993276596
['/mnt/dsc3032-gaya-shared/group6/datasets/VisA/visa_pytorch/macaroni1/test/good/0654.JPG'] 0.2508013844490051
['/mnt/dsc3032-gaya-shared/group6/datasets/VisA/visa_pytorch/macaroni1/test/good/0657.JPG'] 0.2370131015777588
['/mnt/dsc3032-gaya-shared/group6/datasets/VisA/visa_pytorch/macaroni1/test/good/0659.JPG'] 0.23668378591537476
['/mnt/dsc3032-gaya-shared/group6/datasets/VisA/visa_pytorch/macaroni1/test/good/0674.JPG'] 0.2552981972694397
['/mnt/dsc3032-gaya-shared/group6/datasets/VisA/visa_pytorch/macaroni1/test/good/0684.JPG'] 0.2484930157661438
['/mnt/dsc3032-gaya-shared/group6/datasets/VisA/visa_pytorch/macaroni1/test/good/0685.JPG'] 0.24031586945056915
['/mnt/dsc3032-gaya-shared/group6/datasets/VisA/visa_pytorch/macaroni1/test/good/0688.JPG'] 0.2586151957511902
['/mnt/dsc3032-gaya-shared/group6/datasets/VisA/visa_pytorch/macaroni1/test/good/0690.JPG'] 0.26183050870895386
['/mnt/dsc3032-gaya-shared/group6/datasets/VisA/visa_pytorch/macaroni1/test/good/0694.JPG'] 0.22612884640693665
['/mnt/dsc3032-gaya-shared/group6/datasets/VisA/visa_pytorch/macaroni1/test/good/0705.JPG'] 0.2437155842781067
['/mnt/dsc3032-gaya-shared/group6/datasets/VisA/visa_pytorch/macaroni1/test/good/0725.JPG'] 0.26075202226638794
['/mnt/dsc3032-gaya-shared/group6/datasets/VisA/visa_pytorch/macaroni1/test/good/0730.JPG'] 0.2570750117301941
['/mnt/dsc3032-gaya-shared/group6/datasets/VisA/visa_pytorch/macaroni1/test/good/0735.JPG'] 0.24206258356571198
['/mnt/dsc3032-gaya-shared/group6/datasets/VisA/visa_pytorch/macaroni1/test/good/0739.JPG'] 0.24145205318927765
['/mnt/dsc3032-gaya-shared/group6/datasets/VisA/visa_pytorch/macaroni1/test/good/0751.JPG'] 0.24689075350761414
['/mnt/dsc3032-gaya-shared/group6/datasets/VisA/visa_pytorch/macaroni1/test/good/0755.JPG'] 0.22862182557582855
['/mnt/dsc3032-gaya-shared/group6/datasets/VisA/visa_pytorch/macaroni1/test/good/0764.JPG'] 0.2427440732717514
['/mnt/dsc3032-gaya-shared/group6/datasets/VisA/visa_pytorch/macaroni1/test/good/0768.JPG'] 0.24220189452171326
['/mnt/dsc3032-gaya-shared/group6/datasets/VisA/visa_pytorch/macaroni1/test/good/0779.JPG'] 0.23025928437709808
['/mnt/dsc3032-gaya-shared/group6/datasets/VisA/visa_pytorch/macaroni1/test/good/0784.JPG'] 0.23746727406978607
['/mnt/dsc3032-gaya-shared/group6/datasets/VisA/visa_pytorch/macaroni1/test/good/0790.JPG'] 0.2576918303966522
['/mnt/dsc3032-gaya-shared/group6/datasets/VisA/visa_pytorch/macaroni1/test/good/0796.JPG'] 0.24274979531764984
['/mnt/dsc3032-gaya-shared/group6/datasets/VisA/visa_pytorch/macaroni1/test/good/0797.JPG'] 0.22641681134700775
['/mnt/dsc3032-gaya-shared/group6/datasets/VisA/visa_pytorch/macaroni1/test/good/0800.JPG'] 0.23319914937019348
['/mnt/dsc3032-gaya-shared/group6/datasets/VisA/visa_pytorch/macaroni1/test/good/0804.JPG'] 0.25004273653030396
['/mnt/dsc3032-gaya-shared/group6/datasets/VisA/visa_pytorch/macaroni1/test/good/0811.JPG'] 0.24929843842983246
['/mnt/dsc3032-gaya-shared/group6/datasets/VisA/visa_pytorch/macaroni1/test/good/0844.JPG'] 0.26636067032814026
['/mnt/dsc3032-gaya-shared/group6/datasets/VisA/visa_pytorch/macaroni1/test/good/0869.JPG'] 0.2321523129940033
['/mnt/dsc3032-gaya-shared/group6/datasets/VisA/visa_pytorch/macaroni1/test/good/0871.JPG'] 0.2348390519618988
['/mnt/dsc3032-gaya-shared/group6/datasets/VisA/visa_pytorch/macaroni1/test/good/0892.JPG'] 0.21658311784267426
['/mnt/dsc3032-gaya-shared/group6/datasets/VisA/visa_pytorch/macaroni1/test/good/0900.JPG'] 0.2285696566104889
['/mnt/dsc3032-gaya-shared/group6/datasets/VisA/visa_pytorch/macaroni1/test/good/0920.JPG'] 0.25427716970443726
['/mnt/dsc3032-gaya-shared/group6/datasets/VisA/visa_pytorch/macaroni1/test/good/0923.JPG'] 0.24882426857948303
['/mnt/dsc3032-gaya-shared/group6/datasets/VisA/visa_pytorch/macaroni1/test/good/0935.JPG'] 0.25672298669815063
['/mnt/dsc3032-gaya-shared/group6/datasets/VisA/visa_pytorch/macaroni1/test/good/0952.JPG'] 0.22698211669921875
['/mnt/dsc3032-gaya-shared/group6/datasets/VisA/visa_pytorch/macaroni1/test/good/0953.JPG'] 0.24082912504673004
['/mnt/dsc3032-gaya-shared/group6/datasets/VisA/visa_pytorch/macaroni1/test/good/0964.JPG'] 0.24911583960056305
['/mnt/dsc3032-gaya-shared/group6/datasets/VisA/visa_pytorch/macaroni1/test/good/0967.JPG'] 0.2411668300628662
['/mnt/dsc3032-gaya-shared/group6/datasets/VisA/visa_pytorch/macaroni1/test/good/0974.JPG'] 0.2679128646850586
['/mnt/dsc3032-gaya-shared/group6/datasets/VisA/visa_pytorch/macaroni1/test/good/0985.JPG'] 0.2572471797466278
['/mnt/dsc3032-gaya-shared/group6/datasets/VisA/visa_pytorch/macaroni1/test/good/0994.JPG'] 0.24590185284614563
['/mnt/dsc3032-gaya-shared/group6/datasets/VisA/visa_pytorch/macaroni1/test/good/0996.JPG'] 0.27626335620880127
26-06-02 16:42:39.569 - INFO: 
| category   |   K-shots |   F1-Max(image) |   AUROC(image) |   F1-Max(pixel) |   AUROC(pixel) |
|:-----------|----------:|----------------:|---------------:|----------------:|---------------:|
| macaroni1  |         2 |           79.28 |          87.45 |           28.67 |          98.73 |
