/home/gaya6/LogSAD/dinov2/dinov2/layers/swiglu_ffn.py:43: UserWarning: xFormers is available (SwiGLU)
  warnings.warn("xFormers is available (SwiGLU)")
/home/gaya6/LogSAD/dinov2/dinov2/layers/attention.py:27: UserWarning: xFormers is available (Attention)
  warnings.warn("xFormers is available (Attention)")
/home/gaya6/LogSAD/dinov2/dinov2/layers/block.py:33: UserWarning: xFormers is available (Block)
  warnings.warn("xFormers is available (Block)")
['/mnt/dsc3032-gaya-shared/group6/datasets/VisA/visa_pytorch/macaroni2/test/bad/000.JPG'] 0.34656864404678345
['/mnt/dsc3032-gaya-shared/group6/datasets/VisA/visa_pytorch/macaroni2/test/bad/001.JPG'] 0.360209584236145
['/mnt/dsc3032-gaya-shared/group6/datasets/VisA/visa_pytorch/macaroni2/test/bad/002.JPG'] 0.4254140257835388
['/mnt/dsc3032-gaya-shared/group6/datasets/VisA/visa_pytorch/macaroni2/test/bad/003.JPG'] 0.3348342478275299
['/mnt/dsc3032-gaya-shared/group6/datasets/VisA/visa_pytorch/macaroni2/test/bad/004.JPG'] 0.3895571827888489
['/mnt/dsc3032-gaya-shared/group6/datasets/VisA/visa_pytorch/macaroni2/test/bad/005.JPG'] 0.31111329793930054
['/mnt/dsc3032-gaya-shared/group6/datasets/VisA/visa_pytorch/macaroni2/test/bad/006.JPG'] 0.36994096636772156
['/mnt/dsc3032-gaya-shared/group6/datasets/VisA/visa_pytorch/macaroni2/test/bad/007.JPG'] 0.4116727113723755
['/mnt/dsc3032-gaya-shared/group6/datasets/VisA/visa_pytorch/macaroni2/test/bad/008.JPG'] 0.3562091588973999
['/mnt/dsc3032-gaya-shared/group6/datasets/VisA/visa_pytorch/macaroni2/test/bad/009.JPG'] 0.3667078912258148
['/mnt/dsc3032-gaya-shared/group6/datasets/VisA/visa_pytorch/macaroni2/test/bad/010.JPG'] 0.47979772090911865
['/mnt/dsc3032-gaya-shared/group6/datasets/VisA/visa_pytorch/macaroni2/test/bad/011.JPG'] 0.4475984573364258
['/mnt/dsc3032-gaya-shared/group6/datasets/VisA/visa_pytorch/macaroni2/test/bad/012.JPG'] 0.40074244141578674
['/mnt/dsc3032-gaya-shared/group6/datasets/VisA/visa_pytorch/macaroni2/test/bad/013.JPG'] 0.4462202489376068
['/mnt/dsc3032-gaya-shared/group6/datasets/VisA/visa_pytorch/macaroni2/test/bad/014.JPG'] 0.3388967514038086
['/mnt/dsc3032-gaya-shared/group6/datasets/VisA/visa_pytorch/macaroni2/test/bad/015.JPG'] 0.45834141969680786
['/mnt/dsc3032-gaya-shared/group6/datasets/VisA/visa_pytorch/macaroni2/test/bad/016.JPG'] 0.47394517064094543
['/mnt/dsc3032-gaya-shared/group6/datasets/VisA/visa_pytorch/macaroni2/test/bad/017.JPG'] 0.444252073764801
['/mnt/dsc3032-gaya-shared/group6/datasets/VisA/visa_pytorch/macaroni2/test/bad/018.JPG'] 0.44752195477485657
['/mnt/dsc3032-gaya-shared/group6/datasets/VisA/visa_pytorch/macaroni2/test/bad/019.JPG'] 0.4349071979522705
['/mnt/dsc3032-gaya-shared/group6/datasets/VisA/visa_pytorch/macaroni2/test/bad/020.JPG'] 0.40770936012268066
['/mnt/dsc3032-gaya-shared/group6/datasets/VisA/visa_pytorch/macaroni2/test/bad/021.JPG'] 0.42889267206192017
['/mnt/dsc3032-gaya-shared/group6/datasets/VisA/visa_pytorch/macaroni2/test/bad/022.JPG'] 0.44891566038131714
['/mnt/dsc3032-gaya-shared/group6/datasets/VisA/visa_pytorch/macaroni2/test/bad/023.JPG'] 0.3979271948337555
['/mnt/dsc3032-gaya-shared/group6/datasets/VisA/visa_pytorch/macaroni2/test/bad/024.JPG'] 0.4908917248249054
['/mnt/dsc3032-gaya-shared/group6/datasets/VisA/visa_pytorch/macaroni2/test/bad/025.JPG'] 0.5003323554992676
['/mnt/dsc3032-gaya-shared/group6/datasets/VisA/visa_pytorch/macaroni2/test/bad/026.JPG'] 0.34142300486564636
['/mnt/dsc3032-gaya-shared/group6/datasets/VisA/visa_pytorch/macaroni2/test/bad/027.JPG'] 0.4262179136276245
['/mnt/dsc3032-gaya-shared/group6/datasets/VisA/visa_pytorch/macaroni2/test/bad/028.JPG'] 0.361955463886261
['/mnt/dsc3032-gaya-shared/group6/datasets/VisA/visa_pytorch/macaroni2/test/bad/029.JPG'] 0.44993120431900024
['/mnt/dsc3032-gaya-shared/group6/datasets/VisA/visa_pytorch/macaroni2/test/bad/030.JPG'] 0.42510199546813965
['/mnt/dsc3032-gaya-shared/group6/datasets/VisA/visa_pytorch/macaroni2/test/bad/031.JPG'] 0.40582582354545593
['/mnt/dsc3032-gaya-shared/group6/datasets/VisA/visa_pytorch/macaroni2/test/bad/032.JPG'] 0.3937695622444153
['/mnt/dsc3032-gaya-shared/group6/datasets/VisA/visa_pytorch/macaroni2/test/bad/033.JPG'] 0.452554851770401
['/mnt/dsc3032-gaya-shared/group6/datasets/VisA/visa_pytorch/macaroni2/test/bad/034.JPG'] 0.3936811685562134
['/mnt/dsc3032-gaya-shared/group6/datasets/VisA/visa_pytorch/macaroni2/test/bad/035.JPG'] 0.43522417545318604
['/mnt/dsc3032-gaya-shared/group6/datasets/VisA/visa_pytorch/macaroni2/test/bad/036.JPG'] 0.39736562967300415
['/mnt/dsc3032-gaya-shared/group6/datasets/VisA/visa_pytorch/macaroni2/test/bad/037.JPG'] 0.4835497736930847
['/mnt/dsc3032-gaya-shared/group6/datasets/VisA/visa_pytorch/macaroni2/test/bad/038.JPG'] 0.46666616201400757
['/mnt/dsc3032-gaya-shared/group6/datasets/VisA/visa_pytorch/macaroni2/test/bad/039.JPG'] 0.40136000514030457
['/mnt/dsc3032-gaya-shared/group6/datasets/VisA/visa_pytorch/macaroni2/test/bad/040.JPG'] 0.4357184171676636
['/mnt/dsc3032-gaya-shared/group6/datasets/VisA/visa_pytorch/macaroni2/test/bad/041.JPG'] 0.3098478317260742
['/mnt/dsc3032-gaya-shared/group6/datasets/VisA/visa_pytorch/macaroni2/test/bad/042.JPG'] 0.35405412316322327
['/mnt/dsc3032-gaya-shared/group6/datasets/VisA/visa_pytorch/macaroni2/test/bad/043.JPG'] 0.3489391803741455
['/mnt/dsc3032-gaya-shared/group6/datasets/VisA/visa_pytorch/macaroni2/test/bad/044.JPG'] 0.4320887327194214
['/mnt/dsc3032-gaya-shared/group6/datasets/VisA/visa_pytorch/macaroni2/test/bad/045.JPG'] 0.31286466121673584
['/mnt/dsc3032-gaya-shared/group6/datasets/VisA/visa_pytorch/macaroni2/test/bad/046.JPG'] 0.3085767328739166
['/mnt/dsc3032-gaya-shared/group6/datasets/VisA/visa_pytorch/macaroni2/test/bad/047.JPG'] 0.291628897190094
['/mnt/dsc3032-gaya-shared/group6/datasets/VisA/visa_pytorch/macaroni2/test/bad/048.JPG'] 0.322610080242157
['/mnt/dsc3032-gaya-shared/group6/datasets/VisA/visa_pytorch/macaroni2/test/bad/049.JPG'] 0.349012553691864
['/mnt/dsc3032-gaya-shared/group6/datasets/VisA/visa_pytorch/macaroni2/test/bad/050.JPG'] 0.30734312534332275
['/mnt/dsc3032-gaya-shared/group6/datasets/VisA/visa_pytorch/macaroni2/test/bad/051.JPG'] 0.32503169775009155
['/mnt/dsc3032-gaya-shared/group6/datasets/VisA/visa_pytorch/macaroni2/test/bad/052.JPG'] 0.33201420307159424
['/mnt/dsc3032-gaya-shared/group6/datasets/VisA/visa_pytorch/macaroni2/test/bad/053.JPG'] 0.30394119024276733
['/mnt/dsc3032-gaya-shared/group6/datasets/VisA/visa_pytorch/macaroni2/test/bad/054.JPG'] 0.30798083543777466
['/mnt/dsc3032-gaya-shared/group6/datasets/VisA/visa_pytorch/macaroni2/test/bad/055.JPG'] 0.39958029985427856
['/mnt/dsc3032-gaya-shared/group6/datasets/VisA/visa_pytorch/macaroni2/test/bad/056.JPG'] 0.2928347885608673
['/mnt/dsc3032-gaya-shared/group6/datasets/VisA/visa_pytorch/macaroni2/test/bad/057.JPG'] 0.299205482006073
['/mnt/dsc3032-gaya-shared/group6/datasets/VisA/visa_pytorch/macaroni2/test/bad/058.JPG'] 0.33927133679389954
['/mnt/dsc3032-gaya-shared/group6/datasets/VisA/visa_pytorch/macaroni2/test/bad/059.JPG'] 0.30463066697120667
['/mnt/dsc3032-gaya-shared/group6/datasets/VisA/visa_pytorch/macaroni2/test/bad/060.JPG'] 0.34932971000671387
['/mnt/dsc3032-gaya-shared/group6/datasets/VisA/visa_pytorch/macaroni2/test/bad/061.JPG'] 0.3182804584503174
['/mnt/dsc3032-gaya-shared/group6/datasets/VisA/visa_pytorch/macaroni2/test/bad/062.JPG'] 0.32872578501701355
['/mnt/dsc3032-gaya-shared/group6/datasets/VisA/visa_pytorch/macaroni2/test/bad/063.JPG'] 0.3404873311519623
['/mnt/dsc3032-gaya-shared/group6/datasets/VisA/visa_pytorch/macaroni2/test/bad/064.JPG'] 0.29110950231552124
['/mnt/dsc3032-gaya-shared/group6/datasets/VisA/visa_pytorch/macaroni2/test/bad/065.JPG'] 0.2833002209663391
['/mnt/dsc3032-gaya-shared/group6/datasets/VisA/visa_pytorch/macaroni2/test/bad/066.JPG'] 0.33462315797805786
['/mnt/dsc3032-gaya-shared/group6/datasets/VisA/visa_pytorch/macaroni2/test/bad/067.JPG'] 0.35179340839385986
['/mnt/dsc3032-gaya-shared/group6/datasets/VisA/visa_pytorch/macaroni2/test/bad/068.JPG'] 0.30406007170677185
['/mnt/dsc3032-gaya-shared/group6/datasets/VisA/visa_pytorch/macaroni2/test/bad/069.JPG'] 0.28519207239151
['/mnt/dsc3032-gaya-shared/group6/datasets/VisA/visa_pytorch/macaroni2/test/bad/070.JPG'] 0.27790889143943787
['/mnt/dsc3032-gaya-shared/group6/datasets/VisA/visa_pytorch/macaroni2/test/bad/071.JPG'] 0.2954365015029907
['/mnt/dsc3032-gaya-shared/group6/datasets/VisA/visa_pytorch/macaroni2/test/bad/072.JPG'] 0.2933669090270996
['/mnt/dsc3032-gaya-shared/group6/datasets/VisA/visa_pytorch/macaroni2/test/bad/073.JPG'] 0.35875847935676575
['/mnt/dsc3032-gaya-shared/group6/datasets/VisA/visa_pytorch/macaroni2/test/bad/074.JPG'] 0.3255203366279602
['/mnt/dsc3032-gaya-shared/group6/datasets/VisA/visa_pytorch/macaroni2/test/bad/075.JPG'] 0.2931651771068573
['/mnt/dsc3032-gaya-shared/group6/datasets/VisA/visa_pytorch/macaroni2/test/bad/076.JPG'] 0.33075448870658875
['/mnt/dsc3032-gaya-shared/group6/datasets/VisA/visa_pytorch/macaroni2/test/bad/077.JPG'] 0.3212084174156189
['/mnt/dsc3032-gaya-shared/group6/datasets/VisA/visa_pytorch/macaroni2/test/bad/078.JPG'] 0.3061315715312958
['/mnt/dsc3032-gaya-shared/group6/datasets/VisA/visa_pytorch/macaroni2/test/bad/079.JPG'] 0.31046146154403687
['/mnt/dsc3032-gaya-shared/group6/datasets/VisA/visa_pytorch/macaroni2/test/bad/080.JPG'] 0.31485313177108765
['/mnt/dsc3032-gaya-shared/group6/datasets/VisA/visa_pytorch/macaroni2/test/bad/081.JPG'] 0.3224014937877655
['/mnt/dsc3032-gaya-shared/group6/datasets/VisA/visa_pytorch/macaroni2/test/bad/082.JPG'] 0.3094961643218994
['/mnt/dsc3032-gaya-shared/group6/datasets/VisA/visa_pytorch/macaroni2/test/bad/083.JPG'] 0.28150051832199097
['/mnt/dsc3032-gaya-shared/group6/datasets/VisA/visa_pytorch/macaroni2/test/bad/084.JPG'] 0.31957703828811646
['/mnt/dsc3032-gaya-shared/group6/datasets/VisA/visa_pytorch/macaroni2/test/bad/085.JPG'] 0.3576948046684265
['/mnt/dsc3032-gaya-shared/group6/datasets/VisA/visa_pytorch/macaroni2/test/bad/086.JPG'] 0.36964476108551025
['/mnt/dsc3032-gaya-shared/group6/datasets/VisA/visa_pytorch/macaroni2/test/bad/087.JPG'] 0.25265955924987793
['/mnt/dsc3032-gaya-shared/group6/datasets/VisA/visa_pytorch/macaroni2/test/bad/088.JPG'] 0.310158908367157
['/mnt/dsc3032-gaya-shared/group6/datasets/VisA/visa_pytorch/macaroni2/test/bad/089.JPG'] 0.3939390778541565
['/mnt/dsc3032-gaya-shared/group6/datasets/VisA/visa_pytorch/macaroni2/test/bad/090.JPG'] 0.35882699489593506
['/mnt/dsc3032-gaya-shared/group6/datasets/VisA/visa_pytorch/macaroni2/test/bad/091.JPG'] 0.3235352337360382
['/mnt/dsc3032-gaya-shared/group6/datasets/VisA/visa_pytorch/macaroni2/test/bad/092.JPG'] 0.297063946723938
['/mnt/dsc3032-gaya-shared/group6/datasets/VisA/visa_pytorch/macaroni2/test/bad/093.JPG'] 0.2773958146572113
['/mnt/dsc3032-gaya-shared/group6/datasets/VisA/visa_pytorch/macaroni2/test/bad/094.JPG'] 0.3910493850708008
['/mnt/dsc3032-gaya-shared/group6/datasets/VisA/visa_pytorch/macaroni2/test/bad/095.JPG'] 0.2861540913581848
['/mnt/dsc3032-gaya-shared/group6/datasets/VisA/visa_pytorch/macaroni2/test/bad/096.JPG'] 0.33445876836776733
['/mnt/dsc3032-gaya-shared/group6/datasets/VisA/visa_pytorch/macaroni2/test/bad/097.JPG'] 0.2807057797908783
['/mnt/dsc3032-gaya-shared/group6/datasets/VisA/visa_pytorch/macaroni2/test/bad/098.JPG'] 0.2979035973548889
['/mnt/dsc3032-gaya-shared/group6/datasets/VisA/visa_pytorch/macaroni2/test/bad/099.JPG'] 0.295282244682312
['/mnt/dsc3032-gaya-shared/group6/datasets/VisA/visa_pytorch/macaroni2/test/good/0011.JPG'] 0.28875643014907837
['/mnt/dsc3032-gaya-shared/group6/datasets/VisA/visa_pytorch/macaroni2/test/good/0013.JPG'] 0.3402203917503357
['/mnt/dsc3032-gaya-shared/group6/datasets/VisA/visa_pytorch/macaroni2/test/good/0016.JPG'] 0.3236822485923767
['/mnt/dsc3032-gaya-shared/group6/datasets/VisA/visa_pytorch/macaroni2/test/good/0024.JPG'] 0.2721026539802551
['/mnt/dsc3032-gaya-shared/group6/datasets/VisA/visa_pytorch/macaroni2/test/good/0026.JPG'] 0.4050416350364685
['/mnt/dsc3032-gaya-shared/group6/datasets/VisA/visa_pytorch/macaroni2/test/good/0027.JPG'] 0.30771636962890625
['/mnt/dsc3032-gaya-shared/group6/datasets/VisA/visa_pytorch/macaroni2/test/good/0046.JPG'] 0.3227004408836365
['/mnt/dsc3032-gaya-shared/group6/datasets/VisA/visa_pytorch/macaroni2/test/good/0100.JPG'] 0.2875015139579773
['/mnt/dsc3032-gaya-shared/group6/datasets/VisA/visa_pytorch/macaroni2/test/good/0107.JPG'] 0.31490564346313477
['/mnt/dsc3032-gaya-shared/group6/datasets/VisA/visa_pytorch/macaroni2/test/good/0159.JPG'] 0.3109818696975708
['/mnt/dsc3032-gaya-shared/group6/datasets/VisA/visa_pytorch/macaroni2/test/good/0168.JPG'] 0.30739426612854004
['/mnt/dsc3032-gaya-shared/group6/datasets/VisA/visa_pytorch/macaroni2/test/good/0170.JPG'] 0.26533043384552
['/mnt/dsc3032-gaya-shared/group6/datasets/VisA/visa_pytorch/macaroni2/test/good/0172.JPG'] 0.296818345785141
['/mnt/dsc3032-gaya-shared/group6/datasets/VisA/visa_pytorch/macaroni2/test/good/0174.JPG'] 0.3074108958244324
['/mnt/dsc3032-gaya-shared/group6/datasets/VisA/visa_pytorch/macaroni2/test/good/0178.JPG'] 0.27892813086509705
['/mnt/dsc3032-gaya-shared/group6/datasets/VisA/visa_pytorch/macaroni2/test/good/0187.JPG'] 0.3947499990463257
['/mnt/dsc3032-gaya-shared/group6/datasets/VisA/visa_pytorch/macaroni2/test/good/0196.JPG'] 0.3523147702217102
['/mnt/dsc3032-gaya-shared/group6/datasets/VisA/visa_pytorch/macaroni2/test/good/0208.JPG'] 0.29297736287117004
['/mnt/dsc3032-gaya-shared/group6/datasets/VisA/visa_pytorch/macaroni2/test/good/0214.JPG'] 0.3073796033859253
['/mnt/dsc3032-gaya-shared/group6/datasets/VisA/visa_pytorch/macaroni2/test/good/0215.JPG'] 0.35725298523902893
['/mnt/dsc3032-gaya-shared/group6/datasets/VisA/visa_pytorch/macaroni2/test/good/0237.JPG'] 0.2729142904281616
['/mnt/dsc3032-gaya-shared/group6/datasets/VisA/visa_pytorch/macaroni2/test/good/0261.JPG'] 0.3210409879684448
['/mnt/dsc3032-gaya-shared/group6/datasets/VisA/visa_pytorch/macaroni2/test/good/0286.JPG'] 0.31796979904174805
['/mnt/dsc3032-gaya-shared/group6/datasets/VisA/visa_pytorch/macaroni2/test/good/0294.JPG'] 0.3150453567504883
['/mnt/dsc3032-gaya-shared/group6/datasets/VisA/visa_pytorch/macaroni2/test/good/0297.JPG'] 0.2610022723674774
['/mnt/dsc3032-gaya-shared/group6/datasets/VisA/visa_pytorch/macaroni2/test/good/0303.JPG'] 0.3236205279827118
['/mnt/dsc3032-gaya-shared/group6/datasets/VisA/visa_pytorch/macaroni2/test/good/0306.JPG'] 0.2704034447669983
['/mnt/dsc3032-gaya-shared/group6/datasets/VisA/visa_pytorch/macaroni2/test/good/0320.JPG'] 0.29581785202026367
['/mnt/dsc3032-gaya-shared/group6/datasets/VisA/visa_pytorch/macaroni2/test/good/0333.JPG'] 0.3246384561061859
['/mnt/dsc3032-gaya-shared/group6/datasets/VisA/visa_pytorch/macaroni2/test/good/0363.JPG'] 0.28562039136886597
['/mnt/dsc3032-gaya-shared/group6/datasets/VisA/visa_pytorch/macaroni2/test/good/0377.JPG'] 0.2916543483734131
['/mnt/dsc3032-gaya-shared/group6/datasets/VisA/visa_pytorch/macaroni2/test/good/0394.JPG'] 0.3289443254470825
['/mnt/dsc3032-gaya-shared/group6/datasets/VisA/visa_pytorch/macaroni2/test/good/0400.JPG'] 0.2797284722328186
['/mnt/dsc3032-gaya-shared/group6/datasets/VisA/visa_pytorch/macaroni2/test/good/0402.JPG'] 0.2877931594848633
['/mnt/dsc3032-gaya-shared/group6/datasets/VisA/visa_pytorch/macaroni2/test/good/0417.JPG'] 0.3307441771030426
['/mnt/dsc3032-gaya-shared/group6/datasets/VisA/visa_pytorch/macaroni2/test/good/0423.JPG'] 0.30685552954673767
['/mnt/dsc3032-gaya-shared/group6/datasets/VisA/visa_pytorch/macaroni2/test/good/0427.JPG'] 0.3560115694999695
['/mnt/dsc3032-gaya-shared/group6/datasets/VisA/visa_pytorch/macaroni2/test/good/0457.JPG'] 0.3284538686275482
['/mnt/dsc3032-gaya-shared/group6/datasets/VisA/visa_pytorch/macaroni2/test/good/0469.JPG'] 0.3090122938156128
['/mnt/dsc3032-gaya-shared/group6/datasets/VisA/visa_pytorch/macaroni2/test/good/0479.JPG'] 0.3054116368293762
['/mnt/dsc3032-gaya-shared/group6/datasets/VisA/visa_pytorch/macaroni2/test/good/0483.JPG'] 0.35319554805755615
['/mnt/dsc3032-gaya-shared/group6/datasets/VisA/visa_pytorch/macaroni2/test/good/0484.JPG'] 0.36423608660697937
['/mnt/dsc3032-gaya-shared/group6/datasets/VisA/visa_pytorch/macaroni2/test/good/0488.JPG'] 0.3212440311908722
['/mnt/dsc3032-gaya-shared/group6/datasets/VisA/visa_pytorch/macaroni2/test/good/0490.JPG'] 0.3623523712158203
['/mnt/dsc3032-gaya-shared/group6/datasets/VisA/visa_pytorch/macaroni2/test/good/0514.JPG'] 0.2742581367492676
['/mnt/dsc3032-gaya-shared/group6/datasets/VisA/visa_pytorch/macaroni2/test/good/0518.JPG'] 0.36617955565452576
['/mnt/dsc3032-gaya-shared/group6/datasets/VisA/visa_pytorch/macaroni2/test/good/0520.JPG'] 0.28929609060287476
['/mnt/dsc3032-gaya-shared/group6/datasets/VisA/visa_pytorch/macaroni2/test/good/0525.JPG'] 0.2896593511104584
['/mnt/dsc3032-gaya-shared/group6/datasets/VisA/visa_pytorch/macaroni2/test/good/0545.JPG'] 0.306275874376297
['/mnt/dsc3032-gaya-shared/group6/datasets/VisA/visa_pytorch/macaroni2/test/good/0552.JPG'] 0.30744442343711853
['/mnt/dsc3032-gaya-shared/group6/datasets/VisA/visa_pytorch/macaroni2/test/good/0569.JPG'] 0.30648303031921387
['/mnt/dsc3032-gaya-shared/group6/datasets/VisA/visa_pytorch/macaroni2/test/good/0615.JPG'] 0.3582165539264679
['/mnt/dsc3032-gaya-shared/group6/datasets/VisA/visa_pytorch/macaroni2/test/good/0617.JPG'] 0.2679902911186218
['/mnt/dsc3032-gaya-shared/group6/datasets/VisA/visa_pytorch/macaroni2/test/good/0619.JPG'] 0.2833968698978424
['/mnt/dsc3032-gaya-shared/group6/datasets/VisA/visa_pytorch/macaroni2/test/good/0621.JPG'] 0.34401780366897583
['/mnt/dsc3032-gaya-shared/group6/datasets/VisA/visa_pytorch/macaroni2/test/good/0629.JPG'] 0.2955005168914795
['/mnt/dsc3032-gaya-shared/group6/datasets/VisA/visa_pytorch/macaroni2/test/good/0631.JPG'] 0.28721919655799866
['/mnt/dsc3032-gaya-shared/group6/datasets/VisA/visa_pytorch/macaroni2/test/good/0648.JPG'] 0.29322630167007446
['/mnt/dsc3032-gaya-shared/group6/datasets/VisA/visa_pytorch/macaroni2/test/good/0654.JPG'] 0.28180187940597534
['/mnt/dsc3032-gaya-shared/group6/datasets/VisA/visa_pytorch/macaroni2/test/good/0657.JPG'] 0.3645158112049103
['/mnt/dsc3032-gaya-shared/group6/datasets/VisA/visa_pytorch/macaroni2/test/good/0659.JPG'] 0.3101760745048523
['/mnt/dsc3032-gaya-shared/group6/datasets/VisA/visa_pytorch/macaroni2/test/good/0674.JPG'] 0.3531898856163025
['/mnt/dsc3032-gaya-shared/group6/datasets/VisA/visa_pytorch/macaroni2/test/good/0684.JPG'] 0.409431517124176
['/mnt/dsc3032-gaya-shared/group6/datasets/VisA/visa_pytorch/macaroni2/test/good/0685.JPG'] 0.32295292615890503
['/mnt/dsc3032-gaya-shared/group6/datasets/VisA/visa_pytorch/macaroni2/test/good/0688.JPG'] 0.34514063596725464
['/mnt/dsc3032-gaya-shared/group6/datasets/VisA/visa_pytorch/macaroni2/test/good/0690.JPG'] 0.28405818343162537
['/mnt/dsc3032-gaya-shared/group6/datasets/VisA/visa_pytorch/macaroni2/test/good/0694.JPG'] 0.2815069258213043
['/mnt/dsc3032-gaya-shared/group6/datasets/VisA/visa_pytorch/macaroni2/test/good/0705.JPG'] 0.3312247693538666
['/mnt/dsc3032-gaya-shared/group6/datasets/VisA/visa_pytorch/macaroni2/test/good/0725.JPG'] 0.3519197702407837
['/mnt/dsc3032-gaya-shared/group6/datasets/VisA/visa_pytorch/macaroni2/test/good/0730.JPG'] 0.2698413133621216
['/mnt/dsc3032-gaya-shared/group6/datasets/VisA/visa_pytorch/macaroni2/test/good/0735.JPG'] 0.3040243685245514
['/mnt/dsc3032-gaya-shared/group6/datasets/VisA/visa_pytorch/macaroni2/test/good/0739.JPG'] 0.36462175846099854
['/mnt/dsc3032-gaya-shared/group6/datasets/VisA/visa_pytorch/macaroni2/test/good/0751.JPG'] 0.30055710673332214
['/mnt/dsc3032-gaya-shared/group6/datasets/VisA/visa_pytorch/macaroni2/test/good/0755.JPG'] 0.30198341608047485
['/mnt/dsc3032-gaya-shared/group6/datasets/VisA/visa_pytorch/macaroni2/test/good/0764.JPG'] 0.31731492280960083
['/mnt/dsc3032-gaya-shared/group6/datasets/VisA/visa_pytorch/macaroni2/test/good/0768.JPG'] 0.2877901792526245
['/mnt/dsc3032-gaya-shared/group6/datasets/VisA/visa_pytorch/macaroni2/test/good/0779.JPG'] 0.3230540156364441
['/mnt/dsc3032-gaya-shared/group6/datasets/VisA/visa_pytorch/macaroni2/test/good/0784.JPG'] 0.31692540645599365
['/mnt/dsc3032-gaya-shared/group6/datasets/VisA/visa_pytorch/macaroni2/test/good/0790.JPG'] 0.2608755826950073
['/mnt/dsc3032-gaya-shared/group6/datasets/VisA/visa_pytorch/macaroni2/test/good/0796.JPG'] 0.2933899760246277
['/mnt/dsc3032-gaya-shared/group6/datasets/VisA/visa_pytorch/macaroni2/test/good/0797.JPG'] 0.29757237434387207
['/mnt/dsc3032-gaya-shared/group6/datasets/VisA/visa_pytorch/macaroni2/test/good/0800.JPG'] 0.3900138735771179
['/mnt/dsc3032-gaya-shared/group6/datasets/VisA/visa_pytorch/macaroni2/test/good/0804.JPG'] 0.3894597291946411
['/mnt/dsc3032-gaya-shared/group6/datasets/VisA/visa_pytorch/macaroni2/test/good/0811.JPG'] 0.2936256229877472
['/mnt/dsc3032-gaya-shared/group6/datasets/VisA/visa_pytorch/macaroni2/test/good/0844.JPG'] 0.35162103176116943
['/mnt/dsc3032-gaya-shared/group6/datasets/VisA/visa_pytorch/macaroni2/test/good/0869.JPG'] 0.32214629650115967
['/mnt/dsc3032-gaya-shared/group6/datasets/VisA/visa_pytorch/macaroni2/test/good/0871.JPG'] 0.300523966550827
['/mnt/dsc3032-gaya-shared/group6/datasets/VisA/visa_pytorch/macaroni2/test/good/0892.JPG'] 0.36755210161209106
['/mnt/dsc3032-gaya-shared/group6/datasets/VisA/visa_pytorch/macaroni2/test/good/0900.JPG'] 0.29203760623931885
['/mnt/dsc3032-gaya-shared/group6/datasets/VisA/visa_pytorch/macaroni2/test/good/0920.JPG'] 0.32149454951286316
['/mnt/dsc3032-gaya-shared/group6/datasets/VisA/visa_pytorch/macaroni2/test/good/0923.JPG'] 0.35486727952957153
['/mnt/dsc3032-gaya-shared/group6/datasets/VisA/visa_pytorch/macaroni2/test/good/0935.JPG'] 0.35046082735061646
['/mnt/dsc3032-gaya-shared/group6/datasets/VisA/visa_pytorch/macaroni2/test/good/0952.JPG'] 0.3091585636138916
['/mnt/dsc3032-gaya-shared/group6/datasets/VisA/visa_pytorch/macaroni2/test/good/0953.JPG'] 0.31628328561782837
['/mnt/dsc3032-gaya-shared/group6/datasets/VisA/visa_pytorch/macaroni2/test/good/0964.JPG'] 0.3300606906414032
['/mnt/dsc3032-gaya-shared/group6/datasets/VisA/visa_pytorch/macaroni2/test/good/0967.JPG'] 0.3751308023929596
['/mnt/dsc3032-gaya-shared/group6/datasets/VisA/visa_pytorch/macaroni2/test/good/0974.JPG'] 0.33321094512939453
['/mnt/dsc3032-gaya-shared/group6/datasets/VisA/visa_pytorch/macaroni2/test/good/0985.JPG'] 0.3242248594760895
['/mnt/dsc3032-gaya-shared/group6/datasets/VisA/visa_pytorch/macaroni2/test/good/0994.JPG'] 0.34487593173980713
['/mnt/dsc3032-gaya-shared/group6/datasets/VisA/visa_pytorch/macaroni2/test/good/0996.JPG'] 0.36118268966674805
26-06-02 16:43:52.033 - INFO: 
| category   |   K-shots |   F1-Max(image) |   AUROC(image) |   F1-Max(pixel) |   AUROC(pixel) |
|:-----------|----------:|----------------:|---------------:|----------------:|---------------:|
| macaroni2  |         2 |            68.4 |          69.41 |            11.1 |          97.68 |
