/home/gaya6/LogSAD/dinov2/dinov2/layers/swiglu_ffn.py:43: UserWarning: xFormers is available (SwiGLU)
  warnings.warn("xFormers is available (SwiGLU)")
/home/gaya6/LogSAD/dinov2/dinov2/layers/attention.py:27: UserWarning: xFormers is available (Attention)
  warnings.warn("xFormers is available (Attention)")
/home/gaya6/LogSAD/dinov2/dinov2/layers/block.py:33: UserWarning: xFormers is available (Block)
  warnings.warn("xFormers is available (Block)")
['/mnt/dsc3032-gaya-shared/group6/datasets/VisA/visa_pytorch/pcb1/test/bad/000.JPG'] 0.3577606678009033
['/mnt/dsc3032-gaya-shared/group6/datasets/VisA/visa_pytorch/pcb1/test/bad/001.JPG'] 0.3383137583732605
['/mnt/dsc3032-gaya-shared/group6/datasets/VisA/visa_pytorch/pcb1/test/bad/002.JPG'] 0.39184409379959106
['/mnt/dsc3032-gaya-shared/group6/datasets/VisA/visa_pytorch/pcb1/test/bad/003.JPG'] 0.3537219762802124
['/mnt/dsc3032-gaya-shared/group6/datasets/VisA/visa_pytorch/pcb1/test/bad/004.JPG'] 0.37481582164764404
['/mnt/dsc3032-gaya-shared/group6/datasets/VisA/visa_pytorch/pcb1/test/bad/005.JPG'] 0.37798115611076355
['/mnt/dsc3032-gaya-shared/group6/datasets/VisA/visa_pytorch/pcb1/test/bad/006.JPG'] 0.3758491277694702
['/mnt/dsc3032-gaya-shared/group6/datasets/VisA/visa_pytorch/pcb1/test/bad/007.JPG'] 0.35424333810806274
['/mnt/dsc3032-gaya-shared/group6/datasets/VisA/visa_pytorch/pcb1/test/bad/008.JPG'] 0.4149067997932434
['/mnt/dsc3032-gaya-shared/group6/datasets/VisA/visa_pytorch/pcb1/test/bad/009.JPG'] 0.40197235345840454
['/mnt/dsc3032-gaya-shared/group6/datasets/VisA/visa_pytorch/pcb1/test/bad/010.JPG'] 0.4004855751991272
['/mnt/dsc3032-gaya-shared/group6/datasets/VisA/visa_pytorch/pcb1/test/bad/011.JPG'] 0.36927157640457153
['/mnt/dsc3032-gaya-shared/group6/datasets/VisA/visa_pytorch/pcb1/test/bad/012.JPG'] 0.3768395185470581
['/mnt/dsc3032-gaya-shared/group6/datasets/VisA/visa_pytorch/pcb1/test/bad/013.JPG'] 0.40435922145843506
['/mnt/dsc3032-gaya-shared/group6/datasets/VisA/visa_pytorch/pcb1/test/bad/014.JPG'] 0.39966505765914917
['/mnt/dsc3032-gaya-shared/group6/datasets/VisA/visa_pytorch/pcb1/test/bad/015.JPG'] 0.3610570430755615
['/mnt/dsc3032-gaya-shared/group6/datasets/VisA/visa_pytorch/pcb1/test/bad/016.JPG'] 0.4029772877693176
['/mnt/dsc3032-gaya-shared/group6/datasets/VisA/visa_pytorch/pcb1/test/bad/017.JPG'] 0.38572269678115845
['/mnt/dsc3032-gaya-shared/group6/datasets/VisA/visa_pytorch/pcb1/test/bad/018.JPG'] 0.36883723735809326
['/mnt/dsc3032-gaya-shared/group6/datasets/VisA/visa_pytorch/pcb1/test/bad/019.JPG'] 0.39587998390197754
['/mnt/dsc3032-gaya-shared/group6/datasets/VisA/visa_pytorch/pcb1/test/bad/020.JPG'] 0.37708190083503723
['/mnt/dsc3032-gaya-shared/group6/datasets/VisA/visa_pytorch/pcb1/test/bad/021.JPG'] 0.39611220359802246
['/mnt/dsc3032-gaya-shared/group6/datasets/VisA/visa_pytorch/pcb1/test/bad/022.JPG'] 0.41148048639297485
['/mnt/dsc3032-gaya-shared/group6/datasets/VisA/visa_pytorch/pcb1/test/bad/023.JPG'] 0.41457200050354004
['/mnt/dsc3032-gaya-shared/group6/datasets/VisA/visa_pytorch/pcb1/test/bad/024.JPG'] 0.3640223741531372
['/mnt/dsc3032-gaya-shared/group6/datasets/VisA/visa_pytorch/pcb1/test/bad/025.JPG'] 0.3732406795024872
['/mnt/dsc3032-gaya-shared/group6/datasets/VisA/visa_pytorch/pcb1/test/bad/026.JPG'] 0.3812740445137024
['/mnt/dsc3032-gaya-shared/group6/datasets/VisA/visa_pytorch/pcb1/test/bad/027.JPG'] 0.3646726906299591
['/mnt/dsc3032-gaya-shared/group6/datasets/VisA/visa_pytorch/pcb1/test/bad/028.JPG'] 0.40378737449645996
['/mnt/dsc3032-gaya-shared/group6/datasets/VisA/visa_pytorch/pcb1/test/bad/029.JPG'] 0.39661943912506104
['/mnt/dsc3032-gaya-shared/group6/datasets/VisA/visa_pytorch/pcb1/test/bad/030.JPG'] 0.4114709496498108
['/mnt/dsc3032-gaya-shared/group6/datasets/VisA/visa_pytorch/pcb1/test/bad/031.JPG'] 0.3947896361351013
['/mnt/dsc3032-gaya-shared/group6/datasets/VisA/visa_pytorch/pcb1/test/bad/032.JPG'] 0.3952375054359436
['/mnt/dsc3032-gaya-shared/group6/datasets/VisA/visa_pytorch/pcb1/test/bad/033.JPG'] 0.360819935798645
['/mnt/dsc3032-gaya-shared/group6/datasets/VisA/visa_pytorch/pcb1/test/bad/034.JPG'] 0.3721579909324646
['/mnt/dsc3032-gaya-shared/group6/datasets/VisA/visa_pytorch/pcb1/test/bad/035.JPG'] 0.3822906017303467
['/mnt/dsc3032-gaya-shared/group6/datasets/VisA/visa_pytorch/pcb1/test/bad/036.JPG'] 0.3496822714805603
['/mnt/dsc3032-gaya-shared/group6/datasets/VisA/visa_pytorch/pcb1/test/bad/037.JPG'] 0.4038332402706146
['/mnt/dsc3032-gaya-shared/group6/datasets/VisA/visa_pytorch/pcb1/test/bad/038.JPG'] 0.3909810781478882
['/mnt/dsc3032-gaya-shared/group6/datasets/VisA/visa_pytorch/pcb1/test/bad/039.JPG'] 0.40038344264030457
['/mnt/dsc3032-gaya-shared/group6/datasets/VisA/visa_pytorch/pcb1/test/bad/040.JPG'] 0.3974282741546631
['/mnt/dsc3032-gaya-shared/group6/datasets/VisA/visa_pytorch/pcb1/test/bad/041.JPG'] 0.47130706906318665
['/mnt/dsc3032-gaya-shared/group6/datasets/VisA/visa_pytorch/pcb1/test/bad/042.JPG'] 0.3967766761779785
['/mnt/dsc3032-gaya-shared/group6/datasets/VisA/visa_pytorch/pcb1/test/bad/043.JPG'] 0.4991776943206787
['/mnt/dsc3032-gaya-shared/group6/datasets/VisA/visa_pytorch/pcb1/test/bad/044.JPG'] 0.3903510570526123
['/mnt/dsc3032-gaya-shared/group6/datasets/VisA/visa_pytorch/pcb1/test/bad/045.JPG'] 0.41747045516967773
['/mnt/dsc3032-gaya-shared/group6/datasets/VisA/visa_pytorch/pcb1/test/bad/046.JPG'] 0.45990681648254395
['/mnt/dsc3032-gaya-shared/group6/datasets/VisA/visa_pytorch/pcb1/test/bad/047.JPG'] 0.3908463716506958
['/mnt/dsc3032-gaya-shared/group6/datasets/VisA/visa_pytorch/pcb1/test/bad/048.JPG'] 0.3989240825176239
['/mnt/dsc3032-gaya-shared/group6/datasets/VisA/visa_pytorch/pcb1/test/bad/049.JPG'] 0.36110395193099976
['/mnt/dsc3032-gaya-shared/group6/datasets/VisA/visa_pytorch/pcb1/test/bad/050.JPG'] 0.4589086174964905
['/mnt/dsc3032-gaya-shared/group6/datasets/VisA/visa_pytorch/pcb1/test/bad/051.JPG'] 0.3535342216491699
['/mnt/dsc3032-gaya-shared/group6/datasets/VisA/visa_pytorch/pcb1/test/bad/052.JPG'] 0.35745397210121155
['/mnt/dsc3032-gaya-shared/group6/datasets/VisA/visa_pytorch/pcb1/test/bad/053.JPG'] 0.3594329357147217
['/mnt/dsc3032-gaya-shared/group6/datasets/VisA/visa_pytorch/pcb1/test/bad/054.JPG'] 0.4123438894748688
['/mnt/dsc3032-gaya-shared/group6/datasets/VisA/visa_pytorch/pcb1/test/bad/055.JPG'] 0.4079607427120209
['/mnt/dsc3032-gaya-shared/group6/datasets/VisA/visa_pytorch/pcb1/test/bad/056.JPG'] 0.34970518946647644
['/mnt/dsc3032-gaya-shared/group6/datasets/VisA/visa_pytorch/pcb1/test/bad/057.JPG'] 0.3758101165294647
['/mnt/dsc3032-gaya-shared/group6/datasets/VisA/visa_pytorch/pcb1/test/bad/058.JPG'] 0.3955581784248352
['/mnt/dsc3032-gaya-shared/group6/datasets/VisA/visa_pytorch/pcb1/test/bad/059.JPG'] 0.43599212169647217
['/mnt/dsc3032-gaya-shared/group6/datasets/VisA/visa_pytorch/pcb1/test/bad/060.JPG'] 0.35911571979522705
['/mnt/dsc3032-gaya-shared/group6/datasets/VisA/visa_pytorch/pcb1/test/bad/061.JPG'] 0.36698397994041443
['/mnt/dsc3032-gaya-shared/group6/datasets/VisA/visa_pytorch/pcb1/test/bad/062.JPG'] 0.36377257108688354
['/mnt/dsc3032-gaya-shared/group6/datasets/VisA/visa_pytorch/pcb1/test/bad/063.JPG'] 0.39001530408859253
['/mnt/dsc3032-gaya-shared/group6/datasets/VisA/visa_pytorch/pcb1/test/bad/064.JPG'] 0.36810290813446045
['/mnt/dsc3032-gaya-shared/group6/datasets/VisA/visa_pytorch/pcb1/test/bad/065.JPG'] 0.41139495372772217
['/mnt/dsc3032-gaya-shared/group6/datasets/VisA/visa_pytorch/pcb1/test/bad/066.JPG'] 0.3641089200973511
['/mnt/dsc3032-gaya-shared/group6/datasets/VisA/visa_pytorch/pcb1/test/bad/067.JPG'] 0.34719279408454895
['/mnt/dsc3032-gaya-shared/group6/datasets/VisA/visa_pytorch/pcb1/test/bad/068.JPG'] 0.38853704929351807
['/mnt/dsc3032-gaya-shared/group6/datasets/VisA/visa_pytorch/pcb1/test/bad/069.JPG'] 0.40729522705078125
['/mnt/dsc3032-gaya-shared/group6/datasets/VisA/visa_pytorch/pcb1/test/bad/070.JPG'] 0.3882759213447571
['/mnt/dsc3032-gaya-shared/group6/datasets/VisA/visa_pytorch/pcb1/test/bad/071.JPG'] 0.4104194641113281
['/mnt/dsc3032-gaya-shared/group6/datasets/VisA/visa_pytorch/pcb1/test/bad/072.JPG'] 0.4220696687698364
['/mnt/dsc3032-gaya-shared/group6/datasets/VisA/visa_pytorch/pcb1/test/bad/073.JPG'] 0.3848602771759033
['/mnt/dsc3032-gaya-shared/group6/datasets/VisA/visa_pytorch/pcb1/test/bad/074.JPG'] 0.3614163100719452
['/mnt/dsc3032-gaya-shared/group6/datasets/VisA/visa_pytorch/pcb1/test/bad/075.JPG'] 0.39320844411849976
['/mnt/dsc3032-gaya-shared/group6/datasets/VisA/visa_pytorch/pcb1/test/bad/076.JPG'] 0.3570937514305115
['/mnt/dsc3032-gaya-shared/group6/datasets/VisA/visa_pytorch/pcb1/test/bad/077.JPG'] 0.38675934076309204
['/mnt/dsc3032-gaya-shared/group6/datasets/VisA/visa_pytorch/pcb1/test/bad/078.JPG'] 0.3921319842338562
['/mnt/dsc3032-gaya-shared/group6/datasets/VisA/visa_pytorch/pcb1/test/bad/079.JPG'] 0.4047544002532959
['/mnt/dsc3032-gaya-shared/group6/datasets/VisA/visa_pytorch/pcb1/test/bad/080.JPG'] 0.4128931760787964
['/mnt/dsc3032-gaya-shared/group6/datasets/VisA/visa_pytorch/pcb1/test/bad/081.JPG'] 0.3836374878883362
['/mnt/dsc3032-gaya-shared/group6/datasets/VisA/visa_pytorch/pcb1/test/bad/082.JPG'] 0.3116241991519928
['/mnt/dsc3032-gaya-shared/group6/datasets/VisA/visa_pytorch/pcb1/test/bad/083.JPG'] 0.2729923129081726
['/mnt/dsc3032-gaya-shared/group6/datasets/VisA/visa_pytorch/pcb1/test/bad/084.JPG'] 0.3384385406970978
['/mnt/dsc3032-gaya-shared/group6/datasets/VisA/visa_pytorch/pcb1/test/bad/085.JPG'] 0.364560067653656
['/mnt/dsc3032-gaya-shared/group6/datasets/VisA/visa_pytorch/pcb1/test/bad/086.JPG'] 0.3347351551055908
['/mnt/dsc3032-gaya-shared/group6/datasets/VisA/visa_pytorch/pcb1/test/bad/087.JPG'] 0.373925119638443
['/mnt/dsc3032-gaya-shared/group6/datasets/VisA/visa_pytorch/pcb1/test/bad/088.JPG'] 0.36866140365600586
['/mnt/dsc3032-gaya-shared/group6/datasets/VisA/visa_pytorch/pcb1/test/bad/089.JPG'] 0.39258360862731934
['/mnt/dsc3032-gaya-shared/group6/datasets/VisA/visa_pytorch/pcb1/test/bad/090.JPG'] 0.4025844931602478
['/mnt/dsc3032-gaya-shared/group6/datasets/VisA/visa_pytorch/pcb1/test/bad/091.JPG'] 0.4350106716156006
['/mnt/dsc3032-gaya-shared/group6/datasets/VisA/visa_pytorch/pcb1/test/bad/092.JPG'] 0.3922472894191742
['/mnt/dsc3032-gaya-shared/group6/datasets/VisA/visa_pytorch/pcb1/test/bad/093.JPG'] 0.3857917785644531
['/mnt/dsc3032-gaya-shared/group6/datasets/VisA/visa_pytorch/pcb1/test/bad/094.JPG'] 0.36011189222335815
['/mnt/dsc3032-gaya-shared/group6/datasets/VisA/visa_pytorch/pcb1/test/bad/095.JPG'] 0.39164555072784424
['/mnt/dsc3032-gaya-shared/group6/datasets/VisA/visa_pytorch/pcb1/test/bad/096.JPG'] 0.348516047000885
['/mnt/dsc3032-gaya-shared/group6/datasets/VisA/visa_pytorch/pcb1/test/bad/097.JPG'] 0.38114285469055176
['/mnt/dsc3032-gaya-shared/group6/datasets/VisA/visa_pytorch/pcb1/test/bad/098.JPG'] 0.3670063316822052
['/mnt/dsc3032-gaya-shared/group6/datasets/VisA/visa_pytorch/pcb1/test/bad/099.JPG'] 0.4178786873817444
['/mnt/dsc3032-gaya-shared/group6/datasets/VisA/visa_pytorch/pcb1/test/good/0011.JPG'] 0.2546404004096985
['/mnt/dsc3032-gaya-shared/group6/datasets/VisA/visa_pytorch/pcb1/test/good/0013.JPG'] 0.24436183273792267
['/mnt/dsc3032-gaya-shared/group6/datasets/VisA/visa_pytorch/pcb1/test/good/0016.JPG'] 0.2587682902812958
['/mnt/dsc3032-gaya-shared/group6/datasets/VisA/visa_pytorch/pcb1/test/good/0024.JPG'] 0.21879743039608002
['/mnt/dsc3032-gaya-shared/group6/datasets/VisA/visa_pytorch/pcb1/test/good/0026.JPG'] 0.24415989220142365
['/mnt/dsc3032-gaya-shared/group6/datasets/VisA/visa_pytorch/pcb1/test/good/0027.JPG'] 0.23724322021007538
['/mnt/dsc3032-gaya-shared/group6/datasets/VisA/visa_pytorch/pcb1/test/good/0046.JPG'] 0.2466319054365158
['/mnt/dsc3032-gaya-shared/group6/datasets/VisA/visa_pytorch/pcb1/test/good/0100.JPG'] 0.22657205164432526
['/mnt/dsc3032-gaya-shared/group6/datasets/VisA/visa_pytorch/pcb1/test/good/0107.JPG'] 0.26093196868896484
['/mnt/dsc3032-gaya-shared/group6/datasets/VisA/visa_pytorch/pcb1/test/good/0159.JPG'] 0.2487771362066269
['/mnt/dsc3032-gaya-shared/group6/datasets/VisA/visa_pytorch/pcb1/test/good/0168.JPG'] 0.25542256236076355
['/mnt/dsc3032-gaya-shared/group6/datasets/VisA/visa_pytorch/pcb1/test/good/0170.JPG'] 0.2640606164932251
['/mnt/dsc3032-gaya-shared/group6/datasets/VisA/visa_pytorch/pcb1/test/good/0172.JPG'] 0.25448501110076904
['/mnt/dsc3032-gaya-shared/group6/datasets/VisA/visa_pytorch/pcb1/test/good/0174.JPG'] 0.3270086944103241
['/mnt/dsc3032-gaya-shared/group6/datasets/VisA/visa_pytorch/pcb1/test/good/0178.JPG'] 0.2532047629356384
['/mnt/dsc3032-gaya-shared/group6/datasets/VisA/visa_pytorch/pcb1/test/good/0187.JPG'] 0.2675815224647522
['/mnt/dsc3032-gaya-shared/group6/datasets/VisA/visa_pytorch/pcb1/test/good/0196.JPG'] 0.2530432641506195
['/mnt/dsc3032-gaya-shared/group6/datasets/VisA/visa_pytorch/pcb1/test/good/0208.JPG'] 0.21294628083705902
['/mnt/dsc3032-gaya-shared/group6/datasets/VisA/visa_pytorch/pcb1/test/good/0214.JPG'] 0.3517327904701233
['/mnt/dsc3032-gaya-shared/group6/datasets/VisA/visa_pytorch/pcb1/test/good/0215.JPG'] 0.2788432240486145
['/mnt/dsc3032-gaya-shared/group6/datasets/VisA/visa_pytorch/pcb1/test/good/0237.JPG'] 0.24225971102714539
['/mnt/dsc3032-gaya-shared/group6/datasets/VisA/visa_pytorch/pcb1/test/good/0261.JPG'] 0.2933806777000427
['/mnt/dsc3032-gaya-shared/group6/datasets/VisA/visa_pytorch/pcb1/test/good/0286.JPG'] 0.24667297303676605
['/mnt/dsc3032-gaya-shared/group6/datasets/VisA/visa_pytorch/pcb1/test/good/0294.JPG'] 0.2436498999595642
['/mnt/dsc3032-gaya-shared/group6/datasets/VisA/visa_pytorch/pcb1/test/good/0297.JPG'] 0.2613069415092468
['/mnt/dsc3032-gaya-shared/group6/datasets/VisA/visa_pytorch/pcb1/test/good/0303.JPG'] 0.30246788263320923
['/mnt/dsc3032-gaya-shared/group6/datasets/VisA/visa_pytorch/pcb1/test/good/0306.JPG'] 0.3936499059200287
['/mnt/dsc3032-gaya-shared/group6/datasets/VisA/visa_pytorch/pcb1/test/good/0320.JPG'] 0.26689186692237854
['/mnt/dsc3032-gaya-shared/group6/datasets/VisA/visa_pytorch/pcb1/test/good/0333.JPG'] 0.33916574716567993
['/mnt/dsc3032-gaya-shared/group6/datasets/VisA/visa_pytorch/pcb1/test/good/0363.JPG'] 0.2452973872423172
['/mnt/dsc3032-gaya-shared/group6/datasets/VisA/visa_pytorch/pcb1/test/good/0377.JPG'] 0.2520411014556885
['/mnt/dsc3032-gaya-shared/group6/datasets/VisA/visa_pytorch/pcb1/test/good/0394.JPG'] 0.2694241404533386
['/mnt/dsc3032-gaya-shared/group6/datasets/VisA/visa_pytorch/pcb1/test/good/0400.JPG'] 0.24178586900234222
['/mnt/dsc3032-gaya-shared/group6/datasets/VisA/visa_pytorch/pcb1/test/good/0402.JPG'] 0.23215797543525696
['/mnt/dsc3032-gaya-shared/group6/datasets/VisA/visa_pytorch/pcb1/test/good/0417.JPG'] 0.25639885663986206
['/mnt/dsc3032-gaya-shared/group6/datasets/VisA/visa_pytorch/pcb1/test/good/0423.JPG'] 0.25124800205230713
['/mnt/dsc3032-gaya-shared/group6/datasets/VisA/visa_pytorch/pcb1/test/good/0427.JPG'] 0.4030158817768097
['/mnt/dsc3032-gaya-shared/group6/datasets/VisA/visa_pytorch/pcb1/test/good/0457.JPG'] 0.2663257420063019
['/mnt/dsc3032-gaya-shared/group6/datasets/VisA/visa_pytorch/pcb1/test/good/0469.JPG'] 0.23296089470386505
['/mnt/dsc3032-gaya-shared/group6/datasets/VisA/visa_pytorch/pcb1/test/good/0479.JPG'] 0.26824554800987244
['/mnt/dsc3032-gaya-shared/group6/datasets/VisA/visa_pytorch/pcb1/test/good/0483.JPG'] 0.22487901151180267
['/mnt/dsc3032-gaya-shared/group6/datasets/VisA/visa_pytorch/pcb1/test/good/0484.JPG'] 0.27970725297927856
['/mnt/dsc3032-gaya-shared/group6/datasets/VisA/visa_pytorch/pcb1/test/good/0488.JPG'] 0.2760513126850128
['/mnt/dsc3032-gaya-shared/group6/datasets/VisA/visa_pytorch/pcb1/test/good/0490.JPG'] 0.26307153701782227
['/mnt/dsc3032-gaya-shared/group6/datasets/VisA/visa_pytorch/pcb1/test/good/0514.JPG'] 0.26335856318473816
['/mnt/dsc3032-gaya-shared/group6/datasets/VisA/visa_pytorch/pcb1/test/good/0518.JPG'] 0.2367451786994934
['/mnt/dsc3032-gaya-shared/group6/datasets/VisA/visa_pytorch/pcb1/test/good/0520.JPG'] 0.23370586335659027
['/mnt/dsc3032-gaya-shared/group6/datasets/VisA/visa_pytorch/pcb1/test/good/0525.JPG'] 0.2424563318490982
['/mnt/dsc3032-gaya-shared/group6/datasets/VisA/visa_pytorch/pcb1/test/good/0545.JPG'] 0.2492809295654297
['/mnt/dsc3032-gaya-shared/group6/datasets/VisA/visa_pytorch/pcb1/test/good/0552.JPG'] 0.23402675986289978
['/mnt/dsc3032-gaya-shared/group6/datasets/VisA/visa_pytorch/pcb1/test/good/0569.JPG'] 0.2954687476158142
['/mnt/dsc3032-gaya-shared/group6/datasets/VisA/visa_pytorch/pcb1/test/good/0615.JPG'] 0.3680450916290283
['/mnt/dsc3032-gaya-shared/group6/datasets/VisA/visa_pytorch/pcb1/test/good/0617.JPG'] 0.33441323041915894
['/mnt/dsc3032-gaya-shared/group6/datasets/VisA/visa_pytorch/pcb1/test/good/0619.JPG'] 0.33804020285606384
['/mnt/dsc3032-gaya-shared/group6/datasets/VisA/visa_pytorch/pcb1/test/good/0621.JPG'] 0.40789908170700073
['/mnt/dsc3032-gaya-shared/group6/datasets/VisA/visa_pytorch/pcb1/test/good/0629.JPG'] 0.3862990140914917
['/mnt/dsc3032-gaya-shared/group6/datasets/VisA/visa_pytorch/pcb1/test/good/0631.JPG'] 0.35065239667892456
['/mnt/dsc3032-gaya-shared/group6/datasets/VisA/visa_pytorch/pcb1/test/good/0648.JPG'] 0.3689253330230713
['/mnt/dsc3032-gaya-shared/group6/datasets/VisA/visa_pytorch/pcb1/test/good/0654.JPG'] 0.37910449504852295
['/mnt/dsc3032-gaya-shared/group6/datasets/VisA/visa_pytorch/pcb1/test/good/0657.JPG'] 0.33685046434402466
['/mnt/dsc3032-gaya-shared/group6/datasets/VisA/visa_pytorch/pcb1/test/good/0659.JPG'] 0.3888423442840576
['/mnt/dsc3032-gaya-shared/group6/datasets/VisA/visa_pytorch/pcb1/test/good/0674.JPG'] 0.36041098833084106
['/mnt/dsc3032-gaya-shared/group6/datasets/VisA/visa_pytorch/pcb1/test/good/0684.JPG'] 0.4001316428184509
['/mnt/dsc3032-gaya-shared/group6/datasets/VisA/visa_pytorch/pcb1/test/good/0685.JPG'] 0.38103923201560974
['/mnt/dsc3032-gaya-shared/group6/datasets/VisA/visa_pytorch/pcb1/test/good/0688.JPG'] 0.37476062774658203
['/mnt/dsc3032-gaya-shared/group6/datasets/VisA/visa_pytorch/pcb1/test/good/0690.JPG'] 0.3920383155345917
['/mnt/dsc3032-gaya-shared/group6/datasets/VisA/visa_pytorch/pcb1/test/good/0694.JPG'] 0.3770289421081543
['/mnt/dsc3032-gaya-shared/group6/datasets/VisA/visa_pytorch/pcb1/test/good/0705.JPG'] 0.3970763087272644
['/mnt/dsc3032-gaya-shared/group6/datasets/VisA/visa_pytorch/pcb1/test/good/0725.JPG'] 0.35569366812705994
['/mnt/dsc3032-gaya-shared/group6/datasets/VisA/visa_pytorch/pcb1/test/good/0730.JPG'] 0.40141552686691284
['/mnt/dsc3032-gaya-shared/group6/datasets/VisA/visa_pytorch/pcb1/test/good/0735.JPG'] 0.37215474247932434
['/mnt/dsc3032-gaya-shared/group6/datasets/VisA/visa_pytorch/pcb1/test/good/0739.JPG'] 0.35911479592323303
['/mnt/dsc3032-gaya-shared/group6/datasets/VisA/visa_pytorch/pcb1/test/good/0751.JPG'] 0.39914608001708984
['/mnt/dsc3032-gaya-shared/group6/datasets/VisA/visa_pytorch/pcb1/test/good/0755.JPG'] 0.3917047679424286
['/mnt/dsc3032-gaya-shared/group6/datasets/VisA/visa_pytorch/pcb1/test/good/0764.JPG'] 0.3495035171508789
['/mnt/dsc3032-gaya-shared/group6/datasets/VisA/visa_pytorch/pcb1/test/good/0768.JPG'] 0.3951638340950012
['/mnt/dsc3032-gaya-shared/group6/datasets/VisA/visa_pytorch/pcb1/test/good/0779.JPG'] 0.3530174493789673
['/mnt/dsc3032-gaya-shared/group6/datasets/VisA/visa_pytorch/pcb1/test/good/0784.JPG'] 0.40696248412132263
['/mnt/dsc3032-gaya-shared/group6/datasets/VisA/visa_pytorch/pcb1/test/good/0796.JPG'] 0.3594939112663269
['/mnt/dsc3032-gaya-shared/group6/datasets/VisA/visa_pytorch/pcb1/test/good/0797.JPG'] 0.3470097780227661
['/mnt/dsc3032-gaya-shared/group6/datasets/VisA/visa_pytorch/pcb1/test/good/0800.JPG'] 0.34531858563423157
['/mnt/dsc3032-gaya-shared/group6/datasets/VisA/visa_pytorch/pcb1/test/good/0804.JPG'] 0.3899199366569519
['/mnt/dsc3032-gaya-shared/group6/datasets/VisA/visa_pytorch/pcb1/test/good/0811.JPG'] 0.3407379686832428
['/mnt/dsc3032-gaya-shared/group6/datasets/VisA/visa_pytorch/pcb1/test/good/0844.JPG'] 0.23921796679496765
['/mnt/dsc3032-gaya-shared/group6/datasets/VisA/visa_pytorch/pcb1/test/good/0869.JPG'] 0.2308128923177719
['/mnt/dsc3032-gaya-shared/group6/datasets/VisA/visa_pytorch/pcb1/test/good/0871.JPG'] 0.23678314685821533
['/mnt/dsc3032-gaya-shared/group6/datasets/VisA/visa_pytorch/pcb1/test/good/0892.JPG'] 0.24768473207950592
['/mnt/dsc3032-gaya-shared/group6/datasets/VisA/visa_pytorch/pcb1/test/good/0900.JPG'] 0.2269415706396103
['/mnt/dsc3032-gaya-shared/group6/datasets/VisA/visa_pytorch/pcb1/test/good/0920.JPG'] 0.3476228713989258
['/mnt/dsc3032-gaya-shared/group6/datasets/VisA/visa_pytorch/pcb1/test/good/0923.JPG'] 0.31871411204338074
['/mnt/dsc3032-gaya-shared/group6/datasets/VisA/visa_pytorch/pcb1/test/good/0935.JPG'] 0.2237059473991394
['/mnt/dsc3032-gaya-shared/group6/datasets/VisA/visa_pytorch/pcb1/test/good/0940.JPG'] 0.25362855195999146
['/mnt/dsc3032-gaya-shared/group6/datasets/VisA/visa_pytorch/pcb1/test/good/0952.JPG'] 0.2348509132862091
['/mnt/dsc3032-gaya-shared/group6/datasets/VisA/visa_pytorch/pcb1/test/good/0957.JPG'] 0.21308375895023346
['/mnt/dsc3032-gaya-shared/group6/datasets/VisA/visa_pytorch/pcb1/test/good/0964.JPG'] 0.2742610573768616
['/mnt/dsc3032-gaya-shared/group6/datasets/VisA/visa_pytorch/pcb1/test/good/0971.JPG'] 0.2582011818885803
['/mnt/dsc3032-gaya-shared/group6/datasets/VisA/visa_pytorch/pcb1/test/good/0974.JPG'] 0.2674405574798584
['/mnt/dsc3032-gaya-shared/group6/datasets/VisA/visa_pytorch/pcb1/test/good/0989.JPG'] 0.2669888436794281
['/mnt/dsc3032-gaya-shared/group6/datasets/VisA/visa_pytorch/pcb1/test/good/0994.JPG'] 0.3367983102798462
['/mnt/dsc3032-gaya-shared/group6/datasets/VisA/visa_pytorch/pcb1/test/good/1000.JPG'] 0.2695339620113373
26-06-02 16:45:13.896 - INFO: 
| category   |   K-shots |   F1-Max(image) |   AUROC(image) |   F1-Max(pixel) |   AUROC(pixel) |
|:-----------|----------:|----------------:|---------------:|----------------:|---------------:|
| pcb1       |         2 |           84.44 |          86.83 |           49.01 |          98.16 |
