/home/gaya6/LogSAD/dinov2/dinov2/layers/swiglu_ffn.py:43: UserWarning: xFormers is available (SwiGLU)
  warnings.warn("xFormers is available (SwiGLU)")
/home/gaya6/LogSAD/dinov2/dinov2/layers/attention.py:27: UserWarning: xFormers is available (Attention)
  warnings.warn("xFormers is available (Attention)")
/home/gaya6/LogSAD/dinov2/dinov2/layers/block.py:33: UserWarning: xFormers is available (Block)
  warnings.warn("xFormers is available (Block)")
['/mnt/dsc3032-gaya-shared/group6/datasets/VisA/visa_pytorch/pcb2/test/bad/000.JPG'] 0.3336869478225708
['/mnt/dsc3032-gaya-shared/group6/datasets/VisA/visa_pytorch/pcb2/test/bad/001.JPG'] 0.3175809979438782
['/mnt/dsc3032-gaya-shared/group6/datasets/VisA/visa_pytorch/pcb2/test/bad/002.JPG'] 0.35239508748054504
['/mnt/dsc3032-gaya-shared/group6/datasets/VisA/visa_pytorch/pcb2/test/bad/003.JPG'] 0.3091699481010437
['/mnt/dsc3032-gaya-shared/group6/datasets/VisA/visa_pytorch/pcb2/test/bad/004.JPG'] 0.3101375997066498
['/mnt/dsc3032-gaya-shared/group6/datasets/VisA/visa_pytorch/pcb2/test/bad/005.JPG'] 0.2652129530906677
['/mnt/dsc3032-gaya-shared/group6/datasets/VisA/visa_pytorch/pcb2/test/bad/006.JPG'] 0.32360464334487915
['/mnt/dsc3032-gaya-shared/group6/datasets/VisA/visa_pytorch/pcb2/test/bad/007.JPG'] 0.29444754123687744
['/mnt/dsc3032-gaya-shared/group6/datasets/VisA/visa_pytorch/pcb2/test/bad/008.JPG'] 0.34079933166503906
['/mnt/dsc3032-gaya-shared/group6/datasets/VisA/visa_pytorch/pcb2/test/bad/009.JPG'] 0.30130741000175476
['/mnt/dsc3032-gaya-shared/group6/datasets/VisA/visa_pytorch/pcb2/test/bad/010.JPG'] 0.24251067638397217
['/mnt/dsc3032-gaya-shared/group6/datasets/VisA/visa_pytorch/pcb2/test/bad/011.JPG'] 0.35656851530075073
['/mnt/dsc3032-gaya-shared/group6/datasets/VisA/visa_pytorch/pcb2/test/bad/012.JPG'] 0.26981112360954285
['/mnt/dsc3032-gaya-shared/group6/datasets/VisA/visa_pytorch/pcb2/test/bad/013.JPG'] 0.3621574938297272
['/mnt/dsc3032-gaya-shared/group6/datasets/VisA/visa_pytorch/pcb2/test/bad/014.JPG'] 0.24360856413841248
['/mnt/dsc3032-gaya-shared/group6/datasets/VisA/visa_pytorch/pcb2/test/bad/015.JPG'] 0.2800624966621399
['/mnt/dsc3032-gaya-shared/group6/datasets/VisA/visa_pytorch/pcb2/test/bad/016.JPG'] 0.3844009041786194
['/mnt/dsc3032-gaya-shared/group6/datasets/VisA/visa_pytorch/pcb2/test/bad/017.JPG'] 0.26163017749786377
['/mnt/dsc3032-gaya-shared/group6/datasets/VisA/visa_pytorch/pcb2/test/bad/018.JPG'] 0.4052228033542633
['/mnt/dsc3032-gaya-shared/group6/datasets/VisA/visa_pytorch/pcb2/test/bad/019.JPG'] 0.32673078775405884
['/mnt/dsc3032-gaya-shared/group6/datasets/VisA/visa_pytorch/pcb2/test/bad/020.JPG'] 0.3247615098953247
['/mnt/dsc3032-gaya-shared/group6/datasets/VisA/visa_pytorch/pcb2/test/bad/021.JPG'] 0.34474214911460876
['/mnt/dsc3032-gaya-shared/group6/datasets/VisA/visa_pytorch/pcb2/test/bad/022.JPG'] 0.25652527809143066
['/mnt/dsc3032-gaya-shared/group6/datasets/VisA/visa_pytorch/pcb2/test/bad/023.JPG'] 0.30601248145103455
['/mnt/dsc3032-gaya-shared/group6/datasets/VisA/visa_pytorch/pcb2/test/bad/024.JPG'] 0.3025691509246826
['/mnt/dsc3032-gaya-shared/group6/datasets/VisA/visa_pytorch/pcb2/test/bad/025.JPG'] 0.34957799315452576
['/mnt/dsc3032-gaya-shared/group6/datasets/VisA/visa_pytorch/pcb2/test/bad/026.JPG'] 0.3559194803237915
['/mnt/dsc3032-gaya-shared/group6/datasets/VisA/visa_pytorch/pcb2/test/bad/027.JPG'] 0.3550146222114563
['/mnt/dsc3032-gaya-shared/group6/datasets/VisA/visa_pytorch/pcb2/test/bad/028.JPG'] 0.3648110628128052
['/mnt/dsc3032-gaya-shared/group6/datasets/VisA/visa_pytorch/pcb2/test/bad/029.JPG'] 0.3996084928512573
['/mnt/dsc3032-gaya-shared/group6/datasets/VisA/visa_pytorch/pcb2/test/bad/030.JPG'] 0.4231650233268738
['/mnt/dsc3032-gaya-shared/group6/datasets/VisA/visa_pytorch/pcb2/test/bad/031.JPG'] 0.2714657783508301
['/mnt/dsc3032-gaya-shared/group6/datasets/VisA/visa_pytorch/pcb2/test/bad/032.JPG'] 0.3027309775352478
['/mnt/dsc3032-gaya-shared/group6/datasets/VisA/visa_pytorch/pcb2/test/bad/033.JPG'] 0.2812228798866272
['/mnt/dsc3032-gaya-shared/group6/datasets/VisA/visa_pytorch/pcb2/test/bad/034.JPG'] 0.34545353055000305
['/mnt/dsc3032-gaya-shared/group6/datasets/VisA/visa_pytorch/pcb2/test/bad/035.JPG'] 0.2759343683719635
['/mnt/dsc3032-gaya-shared/group6/datasets/VisA/visa_pytorch/pcb2/test/bad/036.JPG'] 0.26628127694129944
['/mnt/dsc3032-gaya-shared/group6/datasets/VisA/visa_pytorch/pcb2/test/bad/037.JPG'] 0.31259530782699585
['/mnt/dsc3032-gaya-shared/group6/datasets/VisA/visa_pytorch/pcb2/test/bad/038.JPG'] 0.22763894498348236
['/mnt/dsc3032-gaya-shared/group6/datasets/VisA/visa_pytorch/pcb2/test/bad/039.JPG'] 0.36554867029190063
['/mnt/dsc3032-gaya-shared/group6/datasets/VisA/visa_pytorch/pcb2/test/bad/040.JPG'] 0.3737410604953766
['/mnt/dsc3032-gaya-shared/group6/datasets/VisA/visa_pytorch/pcb2/test/bad/041.JPG'] 0.41100525856018066
['/mnt/dsc3032-gaya-shared/group6/datasets/VisA/visa_pytorch/pcb2/test/bad/042.JPG'] 0.29381275177001953
['/mnt/dsc3032-gaya-shared/group6/datasets/VisA/visa_pytorch/pcb2/test/bad/043.JPG'] 0.3140031397342682
['/mnt/dsc3032-gaya-shared/group6/datasets/VisA/visa_pytorch/pcb2/test/bad/044.JPG'] 0.348105251789093
['/mnt/dsc3032-gaya-shared/group6/datasets/VisA/visa_pytorch/pcb2/test/bad/045.JPG'] 0.28214317560195923
['/mnt/dsc3032-gaya-shared/group6/datasets/VisA/visa_pytorch/pcb2/test/bad/046.JPG'] 0.39101797342300415
['/mnt/dsc3032-gaya-shared/group6/datasets/VisA/visa_pytorch/pcb2/test/bad/047.JPG'] 0.4093080163002014
['/mnt/dsc3032-gaya-shared/group6/datasets/VisA/visa_pytorch/pcb2/test/bad/048.JPG'] 0.2852349877357483
['/mnt/dsc3032-gaya-shared/group6/datasets/VisA/visa_pytorch/pcb2/test/bad/049.JPG'] 0.28027528524398804
['/mnt/dsc3032-gaya-shared/group6/datasets/VisA/visa_pytorch/pcb2/test/bad/050.JPG'] 0.27926701307296753
['/mnt/dsc3032-gaya-shared/group6/datasets/VisA/visa_pytorch/pcb2/test/bad/051.JPG'] 0.26266366243362427
['/mnt/dsc3032-gaya-shared/group6/datasets/VisA/visa_pytorch/pcb2/test/bad/052.JPG'] 0.33564919233322144
['/mnt/dsc3032-gaya-shared/group6/datasets/VisA/visa_pytorch/pcb2/test/bad/053.JPG'] 0.2574499249458313
['/mnt/dsc3032-gaya-shared/group6/datasets/VisA/visa_pytorch/pcb2/test/bad/054.JPG'] 0.36134111881256104
['/mnt/dsc3032-gaya-shared/group6/datasets/VisA/visa_pytorch/pcb2/test/bad/055.JPG'] 0.2564813792705536
['/mnt/dsc3032-gaya-shared/group6/datasets/VisA/visa_pytorch/pcb2/test/bad/056.JPG'] 0.3379591107368469
['/mnt/dsc3032-gaya-shared/group6/datasets/VisA/visa_pytorch/pcb2/test/bad/057.JPG'] 0.2616574764251709
['/mnt/dsc3032-gaya-shared/group6/datasets/VisA/visa_pytorch/pcb2/test/bad/058.JPG'] 0.2777969241142273
['/mnt/dsc3032-gaya-shared/group6/datasets/VisA/visa_pytorch/pcb2/test/bad/059.JPG'] 0.31010064482688904
['/mnt/dsc3032-gaya-shared/group6/datasets/VisA/visa_pytorch/pcb2/test/bad/060.JPG'] 0.29225262999534607
['/mnt/dsc3032-gaya-shared/group6/datasets/VisA/visa_pytorch/pcb2/test/bad/061.JPG'] 0.36857134103775024
['/mnt/dsc3032-gaya-shared/group6/datasets/VisA/visa_pytorch/pcb2/test/bad/062.JPG'] 0.2972787618637085
['/mnt/dsc3032-gaya-shared/group6/datasets/VisA/visa_pytorch/pcb2/test/bad/063.JPG'] 0.3332391381263733
['/mnt/dsc3032-gaya-shared/group6/datasets/VisA/visa_pytorch/pcb2/test/bad/064.JPG'] 0.35702013969421387
['/mnt/dsc3032-gaya-shared/group6/datasets/VisA/visa_pytorch/pcb2/test/bad/065.JPG'] 0.27796369791030884
['/mnt/dsc3032-gaya-shared/group6/datasets/VisA/visa_pytorch/pcb2/test/bad/066.JPG'] 0.33201831579208374
['/mnt/dsc3032-gaya-shared/group6/datasets/VisA/visa_pytorch/pcb2/test/bad/067.JPG'] 0.3046363294124603
['/mnt/dsc3032-gaya-shared/group6/datasets/VisA/visa_pytorch/pcb2/test/bad/068.JPG'] 0.3182358145713806
['/mnt/dsc3032-gaya-shared/group6/datasets/VisA/visa_pytorch/pcb2/test/bad/069.JPG'] 0.3117496371269226
['/mnt/dsc3032-gaya-shared/group6/datasets/VisA/visa_pytorch/pcb2/test/bad/070.JPG'] 0.3238450288772583
['/mnt/dsc3032-gaya-shared/group6/datasets/VisA/visa_pytorch/pcb2/test/bad/071.JPG'] 0.35760071873664856
['/mnt/dsc3032-gaya-shared/group6/datasets/VisA/visa_pytorch/pcb2/test/bad/072.JPG'] 0.2423522174358368
['/mnt/dsc3032-gaya-shared/group6/datasets/VisA/visa_pytorch/pcb2/test/bad/073.JPG'] 0.2620234191417694
['/mnt/dsc3032-gaya-shared/group6/datasets/VisA/visa_pytorch/pcb2/test/bad/074.JPG'] 0.3655700087547302
['/mnt/dsc3032-gaya-shared/group6/datasets/VisA/visa_pytorch/pcb2/test/bad/075.JPG'] 0.3636062741279602
['/mnt/dsc3032-gaya-shared/group6/datasets/VisA/visa_pytorch/pcb2/test/bad/076.JPG'] 0.2815791964530945
['/mnt/dsc3032-gaya-shared/group6/datasets/VisA/visa_pytorch/pcb2/test/bad/077.JPG'] 0.30444401502609253
['/mnt/dsc3032-gaya-shared/group6/datasets/VisA/visa_pytorch/pcb2/test/bad/078.JPG'] 0.34331342577934265
['/mnt/dsc3032-gaya-shared/group6/datasets/VisA/visa_pytorch/pcb2/test/bad/079.JPG'] 0.3408017158508301
['/mnt/dsc3032-gaya-shared/group6/datasets/VisA/visa_pytorch/pcb2/test/bad/080.JPG'] 0.2977886199951172
['/mnt/dsc3032-gaya-shared/group6/datasets/VisA/visa_pytorch/pcb2/test/bad/081.JPG'] 0.2974291741847992
['/mnt/dsc3032-gaya-shared/group6/datasets/VisA/visa_pytorch/pcb2/test/bad/082.JPG'] 0.3180384039878845
['/mnt/dsc3032-gaya-shared/group6/datasets/VisA/visa_pytorch/pcb2/test/bad/083.JPG'] 0.26922541856765747
['/mnt/dsc3032-gaya-shared/group6/datasets/VisA/visa_pytorch/pcb2/test/bad/084.JPG'] 0.36271679401397705
['/mnt/dsc3032-gaya-shared/group6/datasets/VisA/visa_pytorch/pcb2/test/bad/085.JPG'] 0.3442850708961487
['/mnt/dsc3032-gaya-shared/group6/datasets/VisA/visa_pytorch/pcb2/test/bad/086.JPG'] 0.383282870054245
['/mnt/dsc3032-gaya-shared/group6/datasets/VisA/visa_pytorch/pcb2/test/bad/087.JPG'] 0.3882688879966736
['/mnt/dsc3032-gaya-shared/group6/datasets/VisA/visa_pytorch/pcb2/test/bad/088.JPG'] 0.3662481904029846
['/mnt/dsc3032-gaya-shared/group6/datasets/VisA/visa_pytorch/pcb2/test/bad/089.JPG'] 0.4686020612716675
['/mnt/dsc3032-gaya-shared/group6/datasets/VisA/visa_pytorch/pcb2/test/bad/090.JPG'] 0.37175676226615906
['/mnt/dsc3032-gaya-shared/group6/datasets/VisA/visa_pytorch/pcb2/test/bad/091.JPG'] 0.3634371757507324
['/mnt/dsc3032-gaya-shared/group6/datasets/VisA/visa_pytorch/pcb2/test/bad/092.JPG'] 0.35412144660949707
['/mnt/dsc3032-gaya-shared/group6/datasets/VisA/visa_pytorch/pcb2/test/bad/093.JPG'] 0.421356201171875
['/mnt/dsc3032-gaya-shared/group6/datasets/VisA/visa_pytorch/pcb2/test/bad/094.JPG'] 0.3408619165420532
['/mnt/dsc3032-gaya-shared/group6/datasets/VisA/visa_pytorch/pcb2/test/bad/095.JPG'] 0.3706483244895935
['/mnt/dsc3032-gaya-shared/group6/datasets/VisA/visa_pytorch/pcb2/test/bad/096.JPG'] 0.36913689970970154
['/mnt/dsc3032-gaya-shared/group6/datasets/VisA/visa_pytorch/pcb2/test/bad/097.JPG'] 0.3387497663497925
['/mnt/dsc3032-gaya-shared/group6/datasets/VisA/visa_pytorch/pcb2/test/bad/098.JPG'] 0.4002973437309265
['/mnt/dsc3032-gaya-shared/group6/datasets/VisA/visa_pytorch/pcb2/test/bad/099.JPG'] 0.32570064067840576
['/mnt/dsc3032-gaya-shared/group6/datasets/VisA/visa_pytorch/pcb2/test/good/0011.JPG'] 0.4006724953651428
['/mnt/dsc3032-gaya-shared/group6/datasets/VisA/visa_pytorch/pcb2/test/good/0013.JPG'] 0.32250094413757324
['/mnt/dsc3032-gaya-shared/group6/datasets/VisA/visa_pytorch/pcb2/test/good/0016.JPG'] 0.2550181448459625
['/mnt/dsc3032-gaya-shared/group6/datasets/VisA/visa_pytorch/pcb2/test/good/0024.JPG'] 0.4044370651245117
['/mnt/dsc3032-gaya-shared/group6/datasets/VisA/visa_pytorch/pcb2/test/good/0026.JPG'] 0.23274685442447662
['/mnt/dsc3032-gaya-shared/group6/datasets/VisA/visa_pytorch/pcb2/test/good/0027.JPG'] 0.2785935401916504
['/mnt/dsc3032-gaya-shared/group6/datasets/VisA/visa_pytorch/pcb2/test/good/0046.JPG'] 0.2685222029685974
['/mnt/dsc3032-gaya-shared/group6/datasets/VisA/visa_pytorch/pcb2/test/good/0100.JPG'] 0.23513221740722656
['/mnt/dsc3032-gaya-shared/group6/datasets/VisA/visa_pytorch/pcb2/test/good/0107.JPG'] 0.2636669874191284
['/mnt/dsc3032-gaya-shared/group6/datasets/VisA/visa_pytorch/pcb2/test/good/0159.JPG'] 0.2576228976249695
['/mnt/dsc3032-gaya-shared/group6/datasets/VisA/visa_pytorch/pcb2/test/good/0168.JPG'] 0.23773954808712006
['/mnt/dsc3032-gaya-shared/group6/datasets/VisA/visa_pytorch/pcb2/test/good/0170.JPG'] 0.2623405456542969
['/mnt/dsc3032-gaya-shared/group6/datasets/VisA/visa_pytorch/pcb2/test/good/0172.JPG'] 0.2511417865753174
['/mnt/dsc3032-gaya-shared/group6/datasets/VisA/visa_pytorch/pcb2/test/good/0174.JPG'] 0.28322696685791016
['/mnt/dsc3032-gaya-shared/group6/datasets/VisA/visa_pytorch/pcb2/test/good/0178.JPG'] 0.21895986795425415
['/mnt/dsc3032-gaya-shared/group6/datasets/VisA/visa_pytorch/pcb2/test/good/0187.JPG'] 0.30933189392089844
['/mnt/dsc3032-gaya-shared/group6/datasets/VisA/visa_pytorch/pcb2/test/good/0196.JPG'] 0.23057420551776886
['/mnt/dsc3032-gaya-shared/group6/datasets/VisA/visa_pytorch/pcb2/test/good/0208.JPG'] 0.22875504195690155
['/mnt/dsc3032-gaya-shared/group6/datasets/VisA/visa_pytorch/pcb2/test/good/0214.JPG'] 0.25355884432792664
['/mnt/dsc3032-gaya-shared/group6/datasets/VisA/visa_pytorch/pcb2/test/good/0215.JPG'] 0.2993119955062866
['/mnt/dsc3032-gaya-shared/group6/datasets/VisA/visa_pytorch/pcb2/test/good/0237.JPG'] 0.2687876224517822
['/mnt/dsc3032-gaya-shared/group6/datasets/VisA/visa_pytorch/pcb2/test/good/0261.JPG'] 0.2869997024536133
['/mnt/dsc3032-gaya-shared/group6/datasets/VisA/visa_pytorch/pcb2/test/good/0286.JPG'] 0.28092479705810547
['/mnt/dsc3032-gaya-shared/group6/datasets/VisA/visa_pytorch/pcb2/test/good/0294.JPG'] 0.25424855947494507
['/mnt/dsc3032-gaya-shared/group6/datasets/VisA/visa_pytorch/pcb2/test/good/0297.JPG'] 0.25638049840927124
['/mnt/dsc3032-gaya-shared/group6/datasets/VisA/visa_pytorch/pcb2/test/good/0303.JPG'] 0.26878035068511963
['/mnt/dsc3032-gaya-shared/group6/datasets/VisA/visa_pytorch/pcb2/test/good/0306.JPG'] 0.2877079248428345
['/mnt/dsc3032-gaya-shared/group6/datasets/VisA/visa_pytorch/pcb2/test/good/0320.JPG'] 0.2585870921611786
['/mnt/dsc3032-gaya-shared/group6/datasets/VisA/visa_pytorch/pcb2/test/good/0333.JPG'] 0.25835832953453064
['/mnt/dsc3032-gaya-shared/group6/datasets/VisA/visa_pytorch/pcb2/test/good/0363.JPG'] 0.2530405521392822
['/mnt/dsc3032-gaya-shared/group6/datasets/VisA/visa_pytorch/pcb2/test/good/0377.JPG'] 0.26786166429519653
['/mnt/dsc3032-gaya-shared/group6/datasets/VisA/visa_pytorch/pcb2/test/good/0394.JPG'] 0.2742336392402649
['/mnt/dsc3032-gaya-shared/group6/datasets/VisA/visa_pytorch/pcb2/test/good/0400.JPG'] 0.23992712795734406
['/mnt/dsc3032-gaya-shared/group6/datasets/VisA/visa_pytorch/pcb2/test/good/0402.JPG'] 0.23867444694042206
['/mnt/dsc3032-gaya-shared/group6/datasets/VisA/visa_pytorch/pcb2/test/good/0417.JPG'] 0.2564746141433716
['/mnt/dsc3032-gaya-shared/group6/datasets/VisA/visa_pytorch/pcb2/test/good/0423.JPG'] 0.2986266613006592
['/mnt/dsc3032-gaya-shared/group6/datasets/VisA/visa_pytorch/pcb2/test/good/0427.JPG'] 0.26813602447509766
['/mnt/dsc3032-gaya-shared/group6/datasets/VisA/visa_pytorch/pcb2/test/good/0457.JPG'] 0.296642005443573
['/mnt/dsc3032-gaya-shared/group6/datasets/VisA/visa_pytorch/pcb2/test/good/0469.JPG'] 0.28215259313583374
['/mnt/dsc3032-gaya-shared/group6/datasets/VisA/visa_pytorch/pcb2/test/good/0479.JPG'] 0.25641071796417236
['/mnt/dsc3032-gaya-shared/group6/datasets/VisA/visa_pytorch/pcb2/test/good/0483.JPG'] 0.29655617475509644
['/mnt/dsc3032-gaya-shared/group6/datasets/VisA/visa_pytorch/pcb2/test/good/0484.JPG'] 0.28887420892715454
['/mnt/dsc3032-gaya-shared/group6/datasets/VisA/visa_pytorch/pcb2/test/good/0488.JPG'] 0.27739715576171875
['/mnt/dsc3032-gaya-shared/group6/datasets/VisA/visa_pytorch/pcb2/test/good/0490.JPG'] 0.23533524572849274
['/mnt/dsc3032-gaya-shared/group6/datasets/VisA/visa_pytorch/pcb2/test/good/0514.JPG'] 0.282473623752594
['/mnt/dsc3032-gaya-shared/group6/datasets/VisA/visa_pytorch/pcb2/test/good/0518.JPG'] 0.2785387337207794
['/mnt/dsc3032-gaya-shared/group6/datasets/VisA/visa_pytorch/pcb2/test/good/0520.JPG'] 0.25942355394363403
['/mnt/dsc3032-gaya-shared/group6/datasets/VisA/visa_pytorch/pcb2/test/good/0525.JPG'] 0.29347479343414307
['/mnt/dsc3032-gaya-shared/group6/datasets/VisA/visa_pytorch/pcb2/test/good/0545.JPG'] 0.2610473334789276
['/mnt/dsc3032-gaya-shared/group6/datasets/VisA/visa_pytorch/pcb2/test/good/0552.JPG'] 0.2886805534362793
['/mnt/dsc3032-gaya-shared/group6/datasets/VisA/visa_pytorch/pcb2/test/good/0569.JPG'] 0.267703652381897
['/mnt/dsc3032-gaya-shared/group6/datasets/VisA/visa_pytorch/pcb2/test/good/0615.JPG'] 0.27910172939300537
['/mnt/dsc3032-gaya-shared/group6/datasets/VisA/visa_pytorch/pcb2/test/good/0617.JPG'] 0.2827073931694031
['/mnt/dsc3032-gaya-shared/group6/datasets/VisA/visa_pytorch/pcb2/test/good/0619.JPG'] 0.2554468512535095
['/mnt/dsc3032-gaya-shared/group6/datasets/VisA/visa_pytorch/pcb2/test/good/0621.JPG'] 0.31082263588905334
['/mnt/dsc3032-gaya-shared/group6/datasets/VisA/visa_pytorch/pcb2/test/good/0629.JPG'] 0.2647259533405304
['/mnt/dsc3032-gaya-shared/group6/datasets/VisA/visa_pytorch/pcb2/test/good/0631.JPG'] 0.2774755358695984
['/mnt/dsc3032-gaya-shared/group6/datasets/VisA/visa_pytorch/pcb2/test/good/0648.JPG'] 0.2639939785003662
['/mnt/dsc3032-gaya-shared/group6/datasets/VisA/visa_pytorch/pcb2/test/good/0654.JPG'] 0.2663987874984741
['/mnt/dsc3032-gaya-shared/group6/datasets/VisA/visa_pytorch/pcb2/test/good/0657.JPG'] 0.27746737003326416
['/mnt/dsc3032-gaya-shared/group6/datasets/VisA/visa_pytorch/pcb2/test/good/0659.JPG'] 0.24950186908245087
['/mnt/dsc3032-gaya-shared/group6/datasets/VisA/visa_pytorch/pcb2/test/good/0674.JPG'] 0.253290057182312
['/mnt/dsc3032-gaya-shared/group6/datasets/VisA/visa_pytorch/pcb2/test/good/0684.JPG'] 0.2755555510520935
['/mnt/dsc3032-gaya-shared/group6/datasets/VisA/visa_pytorch/pcb2/test/good/0685.JPG'] 0.27142685651779175
['/mnt/dsc3032-gaya-shared/group6/datasets/VisA/visa_pytorch/pcb2/test/good/0688.JPG'] 0.26056230068206787
['/mnt/dsc3032-gaya-shared/group6/datasets/VisA/visa_pytorch/pcb2/test/good/0690.JPG'] 0.30612605810165405
['/mnt/dsc3032-gaya-shared/group6/datasets/VisA/visa_pytorch/pcb2/test/good/0694.JPG'] 0.24459333717823029
['/mnt/dsc3032-gaya-shared/group6/datasets/VisA/visa_pytorch/pcb2/test/good/0705.JPG'] 0.2654997408390045
['/mnt/dsc3032-gaya-shared/group6/datasets/VisA/visa_pytorch/pcb2/test/good/0725.JPG'] 0.2765887975692749
['/mnt/dsc3032-gaya-shared/group6/datasets/VisA/visa_pytorch/pcb2/test/good/0730.JPG'] 0.2616739273071289
['/mnt/dsc3032-gaya-shared/group6/datasets/VisA/visa_pytorch/pcb2/test/good/0735.JPG'] 0.26546329259872437
['/mnt/dsc3032-gaya-shared/group6/datasets/VisA/visa_pytorch/pcb2/test/good/0739.JPG'] 0.2527680993080139
['/mnt/dsc3032-gaya-shared/group6/datasets/VisA/visa_pytorch/pcb2/test/good/0751.JPG'] 0.24959023296833038
['/mnt/dsc3032-gaya-shared/group6/datasets/VisA/visa_pytorch/pcb2/test/good/0755.JPG'] 0.2893278896808624
['/mnt/dsc3032-gaya-shared/group6/datasets/VisA/visa_pytorch/pcb2/test/good/0764.JPG'] 0.2931663990020752
['/mnt/dsc3032-gaya-shared/group6/datasets/VisA/visa_pytorch/pcb2/test/good/0768.JPG'] 0.26156550645828247
['/mnt/dsc3032-gaya-shared/group6/datasets/VisA/visa_pytorch/pcb2/test/good/0779.JPG'] 0.26989319920539856
['/mnt/dsc3032-gaya-shared/group6/datasets/VisA/visa_pytorch/pcb2/test/good/0784.JPG'] 0.24454055726528168
['/mnt/dsc3032-gaya-shared/group6/datasets/VisA/visa_pytorch/pcb2/test/good/0796.JPG'] 0.2620013952255249
['/mnt/dsc3032-gaya-shared/group6/datasets/VisA/visa_pytorch/pcb2/test/good/0797.JPG'] 0.2797796428203583
['/mnt/dsc3032-gaya-shared/group6/datasets/VisA/visa_pytorch/pcb2/test/good/0800.JPG'] 0.2724838852882385
['/mnt/dsc3032-gaya-shared/group6/datasets/VisA/visa_pytorch/pcb2/test/good/0804.JPG'] 0.2797463834285736
['/mnt/dsc3032-gaya-shared/group6/datasets/VisA/visa_pytorch/pcb2/test/good/0811.JPG'] 0.27218490839004517
['/mnt/dsc3032-gaya-shared/group6/datasets/VisA/visa_pytorch/pcb2/test/good/0844.JPG'] 0.28775328397750854
['/mnt/dsc3032-gaya-shared/group6/datasets/VisA/visa_pytorch/pcb2/test/good/0869.JPG'] 0.2530284523963928
['/mnt/dsc3032-gaya-shared/group6/datasets/VisA/visa_pytorch/pcb2/test/good/0871.JPG'] 0.2683563828468323
['/mnt/dsc3032-gaya-shared/group6/datasets/VisA/visa_pytorch/pcb2/test/good/0892.JPG'] 0.24038784205913544
['/mnt/dsc3032-gaya-shared/group6/datasets/VisA/visa_pytorch/pcb2/test/good/0900.JPG'] 0.2629815936088562
['/mnt/dsc3032-gaya-shared/group6/datasets/VisA/visa_pytorch/pcb2/test/good/0920.JPG'] 0.27495548129081726
['/mnt/dsc3032-gaya-shared/group6/datasets/VisA/visa_pytorch/pcb2/test/good/0923.JPG'] 0.29454922676086426
['/mnt/dsc3032-gaya-shared/group6/datasets/VisA/visa_pytorch/pcb2/test/good/0935.JPG'] 0.26635974645614624
['/mnt/dsc3032-gaya-shared/group6/datasets/VisA/visa_pytorch/pcb2/test/good/0940.JPG'] 0.24586522579193115
['/mnt/dsc3032-gaya-shared/group6/datasets/VisA/visa_pytorch/pcb2/test/good/0952.JPG'] 0.29021695256233215
['/mnt/dsc3032-gaya-shared/group6/datasets/VisA/visa_pytorch/pcb2/test/good/0954.JPG'] 0.2925329804420471
['/mnt/dsc3032-gaya-shared/group6/datasets/VisA/visa_pytorch/pcb2/test/good/0964.JPG'] 0.27047374844551086
['/mnt/dsc3032-gaya-shared/group6/datasets/VisA/visa_pytorch/pcb2/test/good/0968.JPG'] 0.2816953659057617
['/mnt/dsc3032-gaya-shared/group6/datasets/VisA/visa_pytorch/pcb2/test/good/0974.JPG'] 0.24424245953559875
['/mnt/dsc3032-gaya-shared/group6/datasets/VisA/visa_pytorch/pcb2/test/good/0986.JPG'] 0.31333035230636597
['/mnt/dsc3032-gaya-shared/group6/datasets/VisA/visa_pytorch/pcb2/test/good/0994.JPG'] 0.27608978748321533
['/mnt/dsc3032-gaya-shared/group6/datasets/VisA/visa_pytorch/pcb2/test/good/0997.JPG'] 0.2556445598602295
26-06-02 16:46:36.526 - INFO: 
| category   |   K-shots |   F1-Max(image) |   AUROC(image) |   F1-Max(pixel) |   AUROC(pixel) |
|:-----------|----------:|----------------:|---------------:|----------------:|---------------:|
| pcb2       |         2 |           78.92 |           83.9 |            34.8 |          97.73 |
