/home/gaya6/LogSAD/dinov2/dinov2/layers/swiglu_ffn.py:43: UserWarning: xFormers is available (SwiGLU)
  warnings.warn("xFormers is available (SwiGLU)")
/home/gaya6/LogSAD/dinov2/dinov2/layers/attention.py:27: UserWarning: xFormers is available (Attention)
  warnings.warn("xFormers is available (Attention)")
/home/gaya6/LogSAD/dinov2/dinov2/layers/block.py:33: UserWarning: xFormers is available (Block)
  warnings.warn("xFormers is available (Block)")
['/mnt/dsc3032-gaya-shared/group6/datasets/VisA/visa_pytorch/pcb3/test/bad/000.JPG'] 0.3644546866416931
['/mnt/dsc3032-gaya-shared/group6/datasets/VisA/visa_pytorch/pcb3/test/bad/001.JPG'] 0.37265145778656006
['/mnt/dsc3032-gaya-shared/group6/datasets/VisA/visa_pytorch/pcb3/test/bad/002.JPG'] 0.29422539472579956
['/mnt/dsc3032-gaya-shared/group6/datasets/VisA/visa_pytorch/pcb3/test/bad/003.JPG'] 0.30693382024765015
['/mnt/dsc3032-gaya-shared/group6/datasets/VisA/visa_pytorch/pcb3/test/bad/004.JPG'] 0.3324550688266754
['/mnt/dsc3032-gaya-shared/group6/datasets/VisA/visa_pytorch/pcb3/test/bad/005.JPG'] 0.29487502574920654
['/mnt/dsc3032-gaya-shared/group6/datasets/VisA/visa_pytorch/pcb3/test/bad/006.JPG'] 0.3982778787612915
['/mnt/dsc3032-gaya-shared/group6/datasets/VisA/visa_pytorch/pcb3/test/bad/007.JPG'] 0.30509597063064575
['/mnt/dsc3032-gaya-shared/group6/datasets/VisA/visa_pytorch/pcb3/test/bad/008.JPG'] 0.3727033734321594
['/mnt/dsc3032-gaya-shared/group6/datasets/VisA/visa_pytorch/pcb3/test/bad/009.JPG'] 0.3474990725517273
['/mnt/dsc3032-gaya-shared/group6/datasets/VisA/visa_pytorch/pcb3/test/bad/010.JPG'] 0.3247915506362915
['/mnt/dsc3032-gaya-shared/group6/datasets/VisA/visa_pytorch/pcb3/test/bad/011.JPG'] 0.3261299133300781
['/mnt/dsc3032-gaya-shared/group6/datasets/VisA/visa_pytorch/pcb3/test/bad/012.JPG'] 0.46136581897735596
['/mnt/dsc3032-gaya-shared/group6/datasets/VisA/visa_pytorch/pcb3/test/bad/013.JPG'] 0.3299023509025574
['/mnt/dsc3032-gaya-shared/group6/datasets/VisA/visa_pytorch/pcb3/test/bad/014.JPG'] 0.24347107112407684
['/mnt/dsc3032-gaya-shared/group6/datasets/VisA/visa_pytorch/pcb3/test/bad/015.JPG'] 0.2833716869354248
['/mnt/dsc3032-gaya-shared/group6/datasets/VisA/visa_pytorch/pcb3/test/bad/016.JPG'] 0.308348685503006
['/mnt/dsc3032-gaya-shared/group6/datasets/VisA/visa_pytorch/pcb3/test/bad/017.JPG'] 0.3076290488243103
['/mnt/dsc3032-gaya-shared/group6/datasets/VisA/visa_pytorch/pcb3/test/bad/018.JPG'] 0.34008699655532837
['/mnt/dsc3032-gaya-shared/group6/datasets/VisA/visa_pytorch/pcb3/test/bad/019.JPG'] 0.3030683994293213
['/mnt/dsc3032-gaya-shared/group6/datasets/VisA/visa_pytorch/pcb3/test/bad/020.JPG'] 0.2913426458835602
['/mnt/dsc3032-gaya-shared/group6/datasets/VisA/visa_pytorch/pcb3/test/bad/021.JPG'] 0.2321779578924179
['/mnt/dsc3032-gaya-shared/group6/datasets/VisA/visa_pytorch/pcb3/test/bad/022.JPG'] 0.24470122158527374
['/mnt/dsc3032-gaya-shared/group6/datasets/VisA/visa_pytorch/pcb3/test/bad/023.JPG'] 0.24416755139827728
['/mnt/dsc3032-gaya-shared/group6/datasets/VisA/visa_pytorch/pcb3/test/bad/024.JPG'] 0.2788505554199219
['/mnt/dsc3032-gaya-shared/group6/datasets/VisA/visa_pytorch/pcb3/test/bad/025.JPG'] 0.3020014762878418
['/mnt/dsc3032-gaya-shared/group6/datasets/VisA/visa_pytorch/pcb3/test/bad/026.JPG'] 0.26743900775909424
['/mnt/dsc3032-gaya-shared/group6/datasets/VisA/visa_pytorch/pcb3/test/bad/027.JPG'] 0.3047163486480713
['/mnt/dsc3032-gaya-shared/group6/datasets/VisA/visa_pytorch/pcb3/test/bad/028.JPG'] 0.3530842661857605
['/mnt/dsc3032-gaya-shared/group6/datasets/VisA/visa_pytorch/pcb3/test/bad/029.JPG'] 0.31276634335517883
['/mnt/dsc3032-gaya-shared/group6/datasets/VisA/visa_pytorch/pcb3/test/bad/030.JPG'] 0.3219698965549469
['/mnt/dsc3032-gaya-shared/group6/datasets/VisA/visa_pytorch/pcb3/test/bad/031.JPG'] 0.29596638679504395
['/mnt/dsc3032-gaya-shared/group6/datasets/VisA/visa_pytorch/pcb3/test/bad/032.JPG'] 0.26914697885513306
['/mnt/dsc3032-gaya-shared/group6/datasets/VisA/visa_pytorch/pcb3/test/bad/033.JPG'] 0.26818713545799255
['/mnt/dsc3032-gaya-shared/group6/datasets/VisA/visa_pytorch/pcb3/test/bad/034.JPG'] 0.2784684896469116
['/mnt/dsc3032-gaya-shared/group6/datasets/VisA/visa_pytorch/pcb3/test/bad/035.JPG'] 0.260944128036499
['/mnt/dsc3032-gaya-shared/group6/datasets/VisA/visa_pytorch/pcb3/test/bad/036.JPG'] 0.3491149842739105
['/mnt/dsc3032-gaya-shared/group6/datasets/VisA/visa_pytorch/pcb3/test/bad/037.JPG'] 0.27965137362480164
['/mnt/dsc3032-gaya-shared/group6/datasets/VisA/visa_pytorch/pcb3/test/bad/038.JPG'] 0.30402815341949463
['/mnt/dsc3032-gaya-shared/group6/datasets/VisA/visa_pytorch/pcb3/test/bad/039.JPG'] 0.30677247047424316
['/mnt/dsc3032-gaya-shared/group6/datasets/VisA/visa_pytorch/pcb3/test/bad/040.JPG'] 0.23954248428344727
['/mnt/dsc3032-gaya-shared/group6/datasets/VisA/visa_pytorch/pcb3/test/bad/041.JPG'] 0.30757319927215576
['/mnt/dsc3032-gaya-shared/group6/datasets/VisA/visa_pytorch/pcb3/test/bad/042.JPG'] 0.254771888256073
['/mnt/dsc3032-gaya-shared/group6/datasets/VisA/visa_pytorch/pcb3/test/bad/043.JPG'] 0.3432263135910034
['/mnt/dsc3032-gaya-shared/group6/datasets/VisA/visa_pytorch/pcb3/test/bad/044.JPG'] 0.21878744661808014
['/mnt/dsc3032-gaya-shared/group6/datasets/VisA/visa_pytorch/pcb3/test/bad/045.JPG'] 0.27409547567367554
['/mnt/dsc3032-gaya-shared/group6/datasets/VisA/visa_pytorch/pcb3/test/bad/046.JPG'] 0.26560717821121216
['/mnt/dsc3032-gaya-shared/group6/datasets/VisA/visa_pytorch/pcb3/test/bad/047.JPG'] 0.29870355129241943
['/mnt/dsc3032-gaya-shared/group6/datasets/VisA/visa_pytorch/pcb3/test/bad/048.JPG'] 0.24896042048931122
['/mnt/dsc3032-gaya-shared/group6/datasets/VisA/visa_pytorch/pcb3/test/bad/049.JPG'] 0.352547287940979
['/mnt/dsc3032-gaya-shared/group6/datasets/VisA/visa_pytorch/pcb3/test/bad/050.JPG'] 0.25422579050064087
['/mnt/dsc3032-gaya-shared/group6/datasets/VisA/visa_pytorch/pcb3/test/bad/051.JPG'] 0.30945152044296265
['/mnt/dsc3032-gaya-shared/group6/datasets/VisA/visa_pytorch/pcb3/test/bad/052.JPG'] 0.28853797912597656
['/mnt/dsc3032-gaya-shared/group6/datasets/VisA/visa_pytorch/pcb3/test/bad/053.JPG'] 0.39556244015693665
['/mnt/dsc3032-gaya-shared/group6/datasets/VisA/visa_pytorch/pcb3/test/bad/054.JPG'] 0.36732542514801025
['/mnt/dsc3032-gaya-shared/group6/datasets/VisA/visa_pytorch/pcb3/test/bad/055.JPG'] 0.24176767468452454
['/mnt/dsc3032-gaya-shared/group6/datasets/VisA/visa_pytorch/pcb3/test/bad/056.JPG'] 0.2593216300010681
['/mnt/dsc3032-gaya-shared/group6/datasets/VisA/visa_pytorch/pcb3/test/bad/057.JPG'] 0.25821810960769653
['/mnt/dsc3032-gaya-shared/group6/datasets/VisA/visa_pytorch/pcb3/test/bad/058.JPG'] 0.2652890682220459
['/mnt/dsc3032-gaya-shared/group6/datasets/VisA/visa_pytorch/pcb3/test/bad/059.JPG'] 0.27402210235595703
['/mnt/dsc3032-gaya-shared/group6/datasets/VisA/visa_pytorch/pcb3/test/bad/060.JPG'] 0.31999582052230835
['/mnt/dsc3032-gaya-shared/group6/datasets/VisA/visa_pytorch/pcb3/test/bad/061.JPG'] 0.26487410068511963
['/mnt/dsc3032-gaya-shared/group6/datasets/VisA/visa_pytorch/pcb3/test/bad/062.JPG'] 0.3046179413795471
['/mnt/dsc3032-gaya-shared/group6/datasets/VisA/visa_pytorch/pcb3/test/bad/063.JPG'] 0.2949973940849304
['/mnt/dsc3032-gaya-shared/group6/datasets/VisA/visa_pytorch/pcb3/test/bad/064.JPG'] 0.30395781993865967
['/mnt/dsc3032-gaya-shared/group6/datasets/VisA/visa_pytorch/pcb3/test/bad/065.JPG'] 0.26206591725349426
['/mnt/dsc3032-gaya-shared/group6/datasets/VisA/visa_pytorch/pcb3/test/bad/066.JPG'] 0.23528075218200684
['/mnt/dsc3032-gaya-shared/group6/datasets/VisA/visa_pytorch/pcb3/test/bad/067.JPG'] 0.28414586186408997
['/mnt/dsc3032-gaya-shared/group6/datasets/VisA/visa_pytorch/pcb3/test/bad/068.JPG'] 0.2526108920574188
['/mnt/dsc3032-gaya-shared/group6/datasets/VisA/visa_pytorch/pcb3/test/bad/069.JPG'] 0.2926519513130188
['/mnt/dsc3032-gaya-shared/group6/datasets/VisA/visa_pytorch/pcb3/test/bad/070.JPG'] 0.3167625367641449
['/mnt/dsc3032-gaya-shared/group6/datasets/VisA/visa_pytorch/pcb3/test/bad/071.JPG'] 0.29268497228622437
['/mnt/dsc3032-gaya-shared/group6/datasets/VisA/visa_pytorch/pcb3/test/bad/072.JPG'] 0.27004575729370117
['/mnt/dsc3032-gaya-shared/group6/datasets/VisA/visa_pytorch/pcb3/test/bad/073.JPG'] 0.32114285230636597
['/mnt/dsc3032-gaya-shared/group6/datasets/VisA/visa_pytorch/pcb3/test/bad/074.JPG'] 0.2977195084095001
['/mnt/dsc3032-gaya-shared/group6/datasets/VisA/visa_pytorch/pcb3/test/bad/075.JPG'] 0.25331342220306396
['/mnt/dsc3032-gaya-shared/group6/datasets/VisA/visa_pytorch/pcb3/test/bad/076.JPG'] 0.35468733310699463
['/mnt/dsc3032-gaya-shared/group6/datasets/VisA/visa_pytorch/pcb3/test/bad/077.JPG'] 0.3780108094215393
['/mnt/dsc3032-gaya-shared/group6/datasets/VisA/visa_pytorch/pcb3/test/bad/078.JPG'] 0.2673591375350952
['/mnt/dsc3032-gaya-shared/group6/datasets/VisA/visa_pytorch/pcb3/test/bad/079.JPG'] 0.24822242558002472
['/mnt/dsc3032-gaya-shared/group6/datasets/VisA/visa_pytorch/pcb3/test/bad/080.JPG'] 0.29014813899993896
['/mnt/dsc3032-gaya-shared/group6/datasets/VisA/visa_pytorch/pcb3/test/bad/081.JPG'] 0.412722647190094
['/mnt/dsc3032-gaya-shared/group6/datasets/VisA/visa_pytorch/pcb3/test/bad/082.JPG'] 0.3698742985725403
['/mnt/dsc3032-gaya-shared/group6/datasets/VisA/visa_pytorch/pcb3/test/bad/083.JPG'] 0.3065185248851776
['/mnt/dsc3032-gaya-shared/group6/datasets/VisA/visa_pytorch/pcb3/test/bad/084.JPG'] 0.29685527086257935
['/mnt/dsc3032-gaya-shared/group6/datasets/VisA/visa_pytorch/pcb3/test/bad/085.JPG'] 0.3277167081832886
['/mnt/dsc3032-gaya-shared/group6/datasets/VisA/visa_pytorch/pcb3/test/bad/086.JPG'] 0.41213321685791016
['/mnt/dsc3032-gaya-shared/group6/datasets/VisA/visa_pytorch/pcb3/test/bad/087.JPG'] 0.31898412108421326
['/mnt/dsc3032-gaya-shared/group6/datasets/VisA/visa_pytorch/pcb3/test/bad/088.JPG'] 0.3423946499824524
['/mnt/dsc3032-gaya-shared/group6/datasets/VisA/visa_pytorch/pcb3/test/bad/089.JPG'] 0.3584044575691223
['/mnt/dsc3032-gaya-shared/group6/datasets/VisA/visa_pytorch/pcb3/test/bad/090.JPG'] 0.27534592151641846
['/mnt/dsc3032-gaya-shared/group6/datasets/VisA/visa_pytorch/pcb3/test/bad/091.JPG'] 0.3093808889389038
['/mnt/dsc3032-gaya-shared/group6/datasets/VisA/visa_pytorch/pcb3/test/bad/092.JPG'] 0.3129725158214569
['/mnt/dsc3032-gaya-shared/group6/datasets/VisA/visa_pytorch/pcb3/test/bad/093.JPG'] 0.3122555613517761
['/mnt/dsc3032-gaya-shared/group6/datasets/VisA/visa_pytorch/pcb3/test/bad/094.JPG'] 0.3123764395713806
['/mnt/dsc3032-gaya-shared/group6/datasets/VisA/visa_pytorch/pcb3/test/bad/095.JPG'] 0.3409254550933838
['/mnt/dsc3032-gaya-shared/group6/datasets/VisA/visa_pytorch/pcb3/test/bad/096.JPG'] 0.29699307680130005
['/mnt/dsc3032-gaya-shared/group6/datasets/VisA/visa_pytorch/pcb3/test/bad/097.JPG'] 0.30596083402633667
['/mnt/dsc3032-gaya-shared/group6/datasets/VisA/visa_pytorch/pcb3/test/bad/098.JPG'] 0.28514277935028076
['/mnt/dsc3032-gaya-shared/group6/datasets/VisA/visa_pytorch/pcb3/test/bad/099.JPG'] 0.38232946395874023
['/mnt/dsc3032-gaya-shared/group6/datasets/VisA/visa_pytorch/pcb3/test/good/0011.JPG'] 0.2525782585144043
['/mnt/dsc3032-gaya-shared/group6/datasets/VisA/visa_pytorch/pcb3/test/good/0013.JPG'] 0.27109700441360474
['/mnt/dsc3032-gaya-shared/group6/datasets/VisA/visa_pytorch/pcb3/test/good/0016.JPG'] 0.23592199385166168
['/mnt/dsc3032-gaya-shared/group6/datasets/VisA/visa_pytorch/pcb3/test/good/0024.JPG'] 0.2763320505619049
['/mnt/dsc3032-gaya-shared/group6/datasets/VisA/visa_pytorch/pcb3/test/good/0026.JPG'] 0.2588496804237366
['/mnt/dsc3032-gaya-shared/group6/datasets/VisA/visa_pytorch/pcb3/test/good/0027.JPG'] 0.3225894570350647
['/mnt/dsc3032-gaya-shared/group6/datasets/VisA/visa_pytorch/pcb3/test/good/0046.JPG'] 0.2653387188911438
['/mnt/dsc3032-gaya-shared/group6/datasets/VisA/visa_pytorch/pcb3/test/good/0100.JPG'] 0.2678087651729584
['/mnt/dsc3032-gaya-shared/group6/datasets/VisA/visa_pytorch/pcb3/test/good/0107.JPG'] 0.2608559727668762
['/mnt/dsc3032-gaya-shared/group6/datasets/VisA/visa_pytorch/pcb3/test/good/0159.JPG'] 0.25926417112350464
['/mnt/dsc3032-gaya-shared/group6/datasets/VisA/visa_pytorch/pcb3/test/good/0168.JPG'] 0.3123459219932556
['/mnt/dsc3032-gaya-shared/group6/datasets/VisA/visa_pytorch/pcb3/test/good/0170.JPG'] 0.275549054145813
['/mnt/dsc3032-gaya-shared/group6/datasets/VisA/visa_pytorch/pcb3/test/good/0172.JPG'] 0.29099389910697937
['/mnt/dsc3032-gaya-shared/group6/datasets/VisA/visa_pytorch/pcb3/test/good/0174.JPG'] 0.26641371846199036
['/mnt/dsc3032-gaya-shared/group6/datasets/VisA/visa_pytorch/pcb3/test/good/0178.JPG'] 0.2667820453643799
['/mnt/dsc3032-gaya-shared/group6/datasets/VisA/visa_pytorch/pcb3/test/good/0187.JPG'] 0.24790750443935394
['/mnt/dsc3032-gaya-shared/group6/datasets/VisA/visa_pytorch/pcb3/test/good/0196.JPG'] 0.2288663387298584
['/mnt/dsc3032-gaya-shared/group6/datasets/VisA/visa_pytorch/pcb3/test/good/0208.JPG'] 0.2558056116104126
['/mnt/dsc3032-gaya-shared/group6/datasets/VisA/visa_pytorch/pcb3/test/good/0214.JPG'] 0.2695542871952057
['/mnt/dsc3032-gaya-shared/group6/datasets/VisA/visa_pytorch/pcb3/test/good/0215.JPG'] 0.33156341314315796
['/mnt/dsc3032-gaya-shared/group6/datasets/VisA/visa_pytorch/pcb3/test/good/0237.JPG'] 0.3169553279876709
['/mnt/dsc3032-gaya-shared/group6/datasets/VisA/visa_pytorch/pcb3/test/good/0261.JPG'] 0.2376239150762558
['/mnt/dsc3032-gaya-shared/group6/datasets/VisA/visa_pytorch/pcb3/test/good/0286.JPG'] 0.22855371236801147
['/mnt/dsc3032-gaya-shared/group6/datasets/VisA/visa_pytorch/pcb3/test/good/0294.JPG'] 0.22278542816638947
['/mnt/dsc3032-gaya-shared/group6/datasets/VisA/visa_pytorch/pcb3/test/good/0297.JPG'] 0.2981088161468506
['/mnt/dsc3032-gaya-shared/group6/datasets/VisA/visa_pytorch/pcb3/test/good/0303.JPG'] 0.24547427892684937
['/mnt/dsc3032-gaya-shared/group6/datasets/VisA/visa_pytorch/pcb3/test/good/0306.JPG'] 0.26587963104248047
['/mnt/dsc3032-gaya-shared/group6/datasets/VisA/visa_pytorch/pcb3/test/good/0320.JPG'] 0.2443559616804123
['/mnt/dsc3032-gaya-shared/group6/datasets/VisA/visa_pytorch/pcb3/test/good/0333.JPG'] 0.24340367317199707
['/mnt/dsc3032-gaya-shared/group6/datasets/VisA/visa_pytorch/pcb3/test/good/0363.JPG'] 0.3139345645904541
['/mnt/dsc3032-gaya-shared/group6/datasets/VisA/visa_pytorch/pcb3/test/good/0377.JPG'] 0.24532584846019745
['/mnt/dsc3032-gaya-shared/group6/datasets/VisA/visa_pytorch/pcb3/test/good/0394.JPG'] 0.2785309851169586
['/mnt/dsc3032-gaya-shared/group6/datasets/VisA/visa_pytorch/pcb3/test/good/0400.JPG'] 0.2782350778579712
['/mnt/dsc3032-gaya-shared/group6/datasets/VisA/visa_pytorch/pcb3/test/good/0402.JPG'] 0.21820151805877686
['/mnt/dsc3032-gaya-shared/group6/datasets/VisA/visa_pytorch/pcb3/test/good/0417.JPG'] 0.2618256211280823
['/mnt/dsc3032-gaya-shared/group6/datasets/VisA/visa_pytorch/pcb3/test/good/0423.JPG'] 0.24779506027698517
['/mnt/dsc3032-gaya-shared/group6/datasets/VisA/visa_pytorch/pcb3/test/good/0427.JPG'] 0.2804855704307556
['/mnt/dsc3032-gaya-shared/group6/datasets/VisA/visa_pytorch/pcb3/test/good/0457.JPG'] 0.2601572573184967
['/mnt/dsc3032-gaya-shared/group6/datasets/VisA/visa_pytorch/pcb3/test/good/0469.JPG'] 0.24579231441020966
['/mnt/dsc3032-gaya-shared/group6/datasets/VisA/visa_pytorch/pcb3/test/good/0479.JPG'] 0.26771605014801025
['/mnt/dsc3032-gaya-shared/group6/datasets/VisA/visa_pytorch/pcb3/test/good/0483.JPG'] 0.29179614782333374
['/mnt/dsc3032-gaya-shared/group6/datasets/VisA/visa_pytorch/pcb3/test/good/0484.JPG'] 0.290959894657135
['/mnt/dsc3032-gaya-shared/group6/datasets/VisA/visa_pytorch/pcb3/test/good/0488.JPG'] 0.2681071162223816
['/mnt/dsc3032-gaya-shared/group6/datasets/VisA/visa_pytorch/pcb3/test/good/0490.JPG'] 0.22910644114017487
['/mnt/dsc3032-gaya-shared/group6/datasets/VisA/visa_pytorch/pcb3/test/good/0514.JPG'] 0.24802812933921814
['/mnt/dsc3032-gaya-shared/group6/datasets/VisA/visa_pytorch/pcb3/test/good/0518.JPG'] 0.27047061920166016
['/mnt/dsc3032-gaya-shared/group6/datasets/VisA/visa_pytorch/pcb3/test/good/0520.JPG'] 0.24843449890613556
['/mnt/dsc3032-gaya-shared/group6/datasets/VisA/visa_pytorch/pcb3/test/good/0525.JPG'] 0.26196855306625366
['/mnt/dsc3032-gaya-shared/group6/datasets/VisA/visa_pytorch/pcb3/test/good/0545.JPG'] 0.2431979477405548
['/mnt/dsc3032-gaya-shared/group6/datasets/VisA/visa_pytorch/pcb3/test/good/0552.JPG'] 0.29664361476898193
['/mnt/dsc3032-gaya-shared/group6/datasets/VisA/visa_pytorch/pcb3/test/good/0569.JPG'] 0.2607859969139099
['/mnt/dsc3032-gaya-shared/group6/datasets/VisA/visa_pytorch/pcb3/test/good/0615.JPG'] 0.25303271412849426
['/mnt/dsc3032-gaya-shared/group6/datasets/VisA/visa_pytorch/pcb3/test/good/0617.JPG'] 0.24018427729606628
['/mnt/dsc3032-gaya-shared/group6/datasets/VisA/visa_pytorch/pcb3/test/good/0619.JPG'] 0.24287813901901245
['/mnt/dsc3032-gaya-shared/group6/datasets/VisA/visa_pytorch/pcb3/test/good/0621.JPG'] 0.2450512945652008
['/mnt/dsc3032-gaya-shared/group6/datasets/VisA/visa_pytorch/pcb3/test/good/0629.JPG'] 0.24927151203155518
['/mnt/dsc3032-gaya-shared/group6/datasets/VisA/visa_pytorch/pcb3/test/good/0631.JPG'] 0.2469027191400528
['/mnt/dsc3032-gaya-shared/group6/datasets/VisA/visa_pytorch/pcb3/test/good/0648.JPG'] 0.25354358553886414
['/mnt/dsc3032-gaya-shared/group6/datasets/VisA/visa_pytorch/pcb3/test/good/0654.JPG'] 0.2902388274669647
['/mnt/dsc3032-gaya-shared/group6/datasets/VisA/visa_pytorch/pcb3/test/good/0657.JPG'] 0.25538864731788635
['/mnt/dsc3032-gaya-shared/group6/datasets/VisA/visa_pytorch/pcb3/test/good/0659.JPG'] 0.25794774293899536
['/mnt/dsc3032-gaya-shared/group6/datasets/VisA/visa_pytorch/pcb3/test/good/0674.JPG'] 0.2866585850715637
['/mnt/dsc3032-gaya-shared/group6/datasets/VisA/visa_pytorch/pcb3/test/good/0684.JPG'] 0.22781582176685333
['/mnt/dsc3032-gaya-shared/group6/datasets/VisA/visa_pytorch/pcb3/test/good/0685.JPG'] 0.3146706521511078
['/mnt/dsc3032-gaya-shared/group6/datasets/VisA/visa_pytorch/pcb3/test/good/0688.JPG'] 0.2659265697002411
['/mnt/dsc3032-gaya-shared/group6/datasets/VisA/visa_pytorch/pcb3/test/good/0690.JPG'] 0.25753408670425415
['/mnt/dsc3032-gaya-shared/group6/datasets/VisA/visa_pytorch/pcb3/test/good/0694.JPG'] 0.27398979663848877
['/mnt/dsc3032-gaya-shared/group6/datasets/VisA/visa_pytorch/pcb3/test/good/0705.JPG'] 0.2944088578224182
['/mnt/dsc3032-gaya-shared/group6/datasets/VisA/visa_pytorch/pcb3/test/good/0725.JPG'] 0.29349660873413086
['/mnt/dsc3032-gaya-shared/group6/datasets/VisA/visa_pytorch/pcb3/test/good/0730.JPG'] 0.2837831974029541
['/mnt/dsc3032-gaya-shared/group6/datasets/VisA/visa_pytorch/pcb3/test/good/0735.JPG'] 0.23520110547542572
['/mnt/dsc3032-gaya-shared/group6/datasets/VisA/visa_pytorch/pcb3/test/good/0739.JPG'] 0.25572773814201355
['/mnt/dsc3032-gaya-shared/group6/datasets/VisA/visa_pytorch/pcb3/test/good/0751.JPG'] 0.21820877492427826
['/mnt/dsc3032-gaya-shared/group6/datasets/VisA/visa_pytorch/pcb3/test/good/0755.JPG'] 0.2584901750087738
['/mnt/dsc3032-gaya-shared/group6/datasets/VisA/visa_pytorch/pcb3/test/good/0764.JPG'] 0.26338499784469604
['/mnt/dsc3032-gaya-shared/group6/datasets/VisA/visa_pytorch/pcb3/test/good/0768.JPG'] 0.29374581575393677
['/mnt/dsc3032-gaya-shared/group6/datasets/VisA/visa_pytorch/pcb3/test/good/0779.JPG'] 0.28580260276794434
['/mnt/dsc3032-gaya-shared/group6/datasets/VisA/visa_pytorch/pcb3/test/good/0784.JPG'] 0.26601874828338623
['/mnt/dsc3032-gaya-shared/group6/datasets/VisA/visa_pytorch/pcb3/test/good/0796.JPG'] 0.31274300813674927
['/mnt/dsc3032-gaya-shared/group6/datasets/VisA/visa_pytorch/pcb3/test/good/0797.JPG'] 0.2502538859844208
['/mnt/dsc3032-gaya-shared/group6/datasets/VisA/visa_pytorch/pcb3/test/good/0800.JPG'] 0.2620120048522949
['/mnt/dsc3032-gaya-shared/group6/datasets/VisA/visa_pytorch/pcb3/test/good/0804.JPG'] 0.2311878204345703
['/mnt/dsc3032-gaya-shared/group6/datasets/VisA/visa_pytorch/pcb3/test/good/0811.JPG'] 0.25038397312164307
['/mnt/dsc3032-gaya-shared/group6/datasets/VisA/visa_pytorch/pcb3/test/good/0844.JPG'] 0.2213495820760727
['/mnt/dsc3032-gaya-shared/group6/datasets/VisA/visa_pytorch/pcb3/test/good/0869.JPG'] 0.27637743949890137
['/mnt/dsc3032-gaya-shared/group6/datasets/VisA/visa_pytorch/pcb3/test/good/0871.JPG'] 0.24109356105327606
['/mnt/dsc3032-gaya-shared/group6/datasets/VisA/visa_pytorch/pcb3/test/good/0892.JPG'] 0.28545910120010376
['/mnt/dsc3032-gaya-shared/group6/datasets/VisA/visa_pytorch/pcb3/test/good/0900.JPG'] 0.24269123375415802
['/mnt/dsc3032-gaya-shared/group6/datasets/VisA/visa_pytorch/pcb3/test/good/0920.JPG'] 0.29475080966949463
['/mnt/dsc3032-gaya-shared/group6/datasets/VisA/visa_pytorch/pcb3/test/good/0923.JPG'] 0.27107250690460205
['/mnt/dsc3032-gaya-shared/group6/datasets/VisA/visa_pytorch/pcb3/test/good/0935.JPG'] 0.27702653408050537
['/mnt/dsc3032-gaya-shared/group6/datasets/VisA/visa_pytorch/pcb3/test/good/0940.JPG'] 0.21486011147499084
['/mnt/dsc3032-gaya-shared/group6/datasets/VisA/visa_pytorch/pcb3/test/good/0952.JPG'] 0.2793107032775879
['/mnt/dsc3032-gaya-shared/group6/datasets/VisA/visa_pytorch/pcb3/test/good/0958.JPG'] 0.2747637927532196
['/mnt/dsc3032-gaya-shared/group6/datasets/VisA/visa_pytorch/pcb3/test/good/0964.JPG'] 0.2577308416366577
['/mnt/dsc3032-gaya-shared/group6/datasets/VisA/visa_pytorch/pcb3/test/good/0972.JPG'] 0.24761967360973358
['/mnt/dsc3032-gaya-shared/group6/datasets/VisA/visa_pytorch/pcb3/test/good/0974.JPG'] 0.24103128910064697
['/mnt/dsc3032-gaya-shared/group6/datasets/VisA/visa_pytorch/pcb3/test/good/0977.JPG'] 0.2761586010456085
['/mnt/dsc3032-gaya-shared/group6/datasets/VisA/visa_pytorch/pcb3/test/good/0991.JPG'] 0.24816906452178955
['/mnt/dsc3032-gaya-shared/group6/datasets/VisA/visa_pytorch/pcb3/test/good/0994.JPG'] 0.24410325288772583
['/mnt/dsc3032-gaya-shared/group6/datasets/VisA/visa_pytorch/pcb3/test/good/1002.JPG'] 0.26739269495010376
26-06-02 16:47:47.214 - INFO: 
| category   |   K-shots |   F1-Max(image) |   AUROC(image) |   F1-Max(pixel) |   AUROC(pixel) |
|:-----------|----------:|----------------:|---------------:|----------------:|---------------:|
| pcb3       |         2 |           72.82 |          78.97 |           38.96 |          98.08 |
