/home/gaya6/LogSAD/dinov2/dinov2/layers/swiglu_ffn.py:43: UserWarning: xFormers is available (SwiGLU)
  warnings.warn("xFormers is available (SwiGLU)")
/home/gaya6/LogSAD/dinov2/dinov2/layers/attention.py:27: UserWarning: xFormers is available (Attention)
  warnings.warn("xFormers is available (Attention)")
/home/gaya6/LogSAD/dinov2/dinov2/layers/block.py:33: UserWarning: xFormers is available (Block)
  warnings.warn("xFormers is available (Block)")
['/mnt/dsc3032-gaya-shared/group6/datasets/VisA/visa_pytorch/pcb4/test/bad/000.JPG'] 0.3152439594268799
['/mnt/dsc3032-gaya-shared/group6/datasets/VisA/visa_pytorch/pcb4/test/bad/001.JPG'] 0.34703731536865234
['/mnt/dsc3032-gaya-shared/group6/datasets/VisA/visa_pytorch/pcb4/test/bad/002.JPG'] 0.35343533754348755
['/mnt/dsc3032-gaya-shared/group6/datasets/VisA/visa_pytorch/pcb4/test/bad/003.JPG'] 0.3866153955459595
['/mnt/dsc3032-gaya-shared/group6/datasets/VisA/visa_pytorch/pcb4/test/bad/004.JPG'] 0.3197542428970337
['/mnt/dsc3032-gaya-shared/group6/datasets/VisA/visa_pytorch/pcb4/test/bad/005.JPG'] 0.2799742519855499
['/mnt/dsc3032-gaya-shared/group6/datasets/VisA/visa_pytorch/pcb4/test/bad/006.JPG'] 0.2932109236717224
['/mnt/dsc3032-gaya-shared/group6/datasets/VisA/visa_pytorch/pcb4/test/bad/007.JPG'] 0.3453604280948639
['/mnt/dsc3032-gaya-shared/group6/datasets/VisA/visa_pytorch/pcb4/test/bad/008.JPG'] 0.347347617149353
['/mnt/dsc3032-gaya-shared/group6/datasets/VisA/visa_pytorch/pcb4/test/bad/009.JPG'] 0.27235424518585205
['/mnt/dsc3032-gaya-shared/group6/datasets/VisA/visa_pytorch/pcb4/test/bad/010.JPG'] 0.3202401399612427
['/mnt/dsc3032-gaya-shared/group6/datasets/VisA/visa_pytorch/pcb4/test/bad/011.JPG'] 0.34699177742004395
['/mnt/dsc3032-gaya-shared/group6/datasets/VisA/visa_pytorch/pcb4/test/bad/012.JPG'] 0.2524939775466919
['/mnt/dsc3032-gaya-shared/group6/datasets/VisA/visa_pytorch/pcb4/test/bad/013.JPG'] 0.2730697989463806
['/mnt/dsc3032-gaya-shared/group6/datasets/VisA/visa_pytorch/pcb4/test/bad/014.JPG'] 0.32081061601638794
['/mnt/dsc3032-gaya-shared/group6/datasets/VisA/visa_pytorch/pcb4/test/bad/015.JPG'] 0.27176883816719055
['/mnt/dsc3032-gaya-shared/group6/datasets/VisA/visa_pytorch/pcb4/test/bad/016.JPG'] 0.3957526981830597
['/mnt/dsc3032-gaya-shared/group6/datasets/VisA/visa_pytorch/pcb4/test/bad/017.JPG'] 0.2922021746635437
['/mnt/dsc3032-gaya-shared/group6/datasets/VisA/visa_pytorch/pcb4/test/bad/018.JPG'] 0.3350714445114136
['/mnt/dsc3032-gaya-shared/group6/datasets/VisA/visa_pytorch/pcb4/test/bad/019.JPG'] 0.3166574537754059
['/mnt/dsc3032-gaya-shared/group6/datasets/VisA/visa_pytorch/pcb4/test/bad/020.JPG'] 0.31666988134384155
['/mnt/dsc3032-gaya-shared/group6/datasets/VisA/visa_pytorch/pcb4/test/bad/021.JPG'] 0.26470130681991577
['/mnt/dsc3032-gaya-shared/group6/datasets/VisA/visa_pytorch/pcb4/test/bad/022.JPG'] 0.26003509759902954
['/mnt/dsc3032-gaya-shared/group6/datasets/VisA/visa_pytorch/pcb4/test/bad/023.JPG'] 0.2752712368965149
['/mnt/dsc3032-gaya-shared/group6/datasets/VisA/visa_pytorch/pcb4/test/bad/024.JPG'] 0.3016710579395294
['/mnt/dsc3032-gaya-shared/group6/datasets/VisA/visa_pytorch/pcb4/test/bad/025.JPG'] 0.3616526126861572
['/mnt/dsc3032-gaya-shared/group6/datasets/VisA/visa_pytorch/pcb4/test/bad/026.JPG'] 0.33159708976745605
['/mnt/dsc3032-gaya-shared/group6/datasets/VisA/visa_pytorch/pcb4/test/bad/027.JPG'] 0.39106857776641846
['/mnt/dsc3032-gaya-shared/group6/datasets/VisA/visa_pytorch/pcb4/test/bad/028.JPG'] 0.3083842396736145
['/mnt/dsc3032-gaya-shared/group6/datasets/VisA/visa_pytorch/pcb4/test/bad/029.JPG'] 0.3210969567298889
['/mnt/dsc3032-gaya-shared/group6/datasets/VisA/visa_pytorch/pcb4/test/bad/030.JPG'] 0.2937524616718292
['/mnt/dsc3032-gaya-shared/group6/datasets/VisA/visa_pytorch/pcb4/test/bad/031.JPG'] 0.34831488132476807
['/mnt/dsc3032-gaya-shared/group6/datasets/VisA/visa_pytorch/pcb4/test/bad/032.JPG'] 0.316713809967041
['/mnt/dsc3032-gaya-shared/group6/datasets/VisA/visa_pytorch/pcb4/test/bad/033.JPG'] 0.29168957471847534
['/mnt/dsc3032-gaya-shared/group6/datasets/VisA/visa_pytorch/pcb4/test/bad/034.JPG'] 0.3547755479812622
['/mnt/dsc3032-gaya-shared/group6/datasets/VisA/visa_pytorch/pcb4/test/bad/035.JPG'] 0.38276854157447815
['/mnt/dsc3032-gaya-shared/group6/datasets/VisA/visa_pytorch/pcb4/test/bad/036.JPG'] 0.4867435097694397
['/mnt/dsc3032-gaya-shared/group6/datasets/VisA/visa_pytorch/pcb4/test/bad/037.JPG'] 0.36939704418182373
['/mnt/dsc3032-gaya-shared/group6/datasets/VisA/visa_pytorch/pcb4/test/bad/038.JPG'] 0.4123132824897766
['/mnt/dsc3032-gaya-shared/group6/datasets/VisA/visa_pytorch/pcb4/test/bad/039.JPG'] 0.41683170199394226
['/mnt/dsc3032-gaya-shared/group6/datasets/VisA/visa_pytorch/pcb4/test/bad/040.JPG'] 0.30703604221343994
['/mnt/dsc3032-gaya-shared/group6/datasets/VisA/visa_pytorch/pcb4/test/bad/041.JPG'] 0.4098665416240692
['/mnt/dsc3032-gaya-shared/group6/datasets/VisA/visa_pytorch/pcb4/test/bad/042.JPG'] 0.32476288080215454
['/mnt/dsc3032-gaya-shared/group6/datasets/VisA/visa_pytorch/pcb4/test/bad/043.JPG'] 0.4500264823436737
['/mnt/dsc3032-gaya-shared/group6/datasets/VisA/visa_pytorch/pcb4/test/bad/044.JPG'] 0.32299384474754333
['/mnt/dsc3032-gaya-shared/group6/datasets/VisA/visa_pytorch/pcb4/test/bad/045.JPG'] 0.30187270045280457
['/mnt/dsc3032-gaya-shared/group6/datasets/VisA/visa_pytorch/pcb4/test/bad/046.JPG'] 0.2645989954471588
['/mnt/dsc3032-gaya-shared/group6/datasets/VisA/visa_pytorch/pcb4/test/bad/047.JPG'] 0.33185499906539917
['/mnt/dsc3032-gaya-shared/group6/datasets/VisA/visa_pytorch/pcb4/test/bad/048.JPG'] 0.2578811049461365
['/mnt/dsc3032-gaya-shared/group6/datasets/VisA/visa_pytorch/pcb4/test/bad/049.JPG'] 0.32490724325180054
['/mnt/dsc3032-gaya-shared/group6/datasets/VisA/visa_pytorch/pcb4/test/bad/050.JPG'] 0.2858614921569824
['/mnt/dsc3032-gaya-shared/group6/datasets/VisA/visa_pytorch/pcb4/test/bad/051.JPG'] 0.2664009928703308
['/mnt/dsc3032-gaya-shared/group6/datasets/VisA/visa_pytorch/pcb4/test/bad/052.JPG'] 0.3021804392337799
['/mnt/dsc3032-gaya-shared/group6/datasets/VisA/visa_pytorch/pcb4/test/bad/053.JPG'] 0.3064771592617035
['/mnt/dsc3032-gaya-shared/group6/datasets/VisA/visa_pytorch/pcb4/test/bad/054.JPG'] 0.29848095774650574
['/mnt/dsc3032-gaya-shared/group6/datasets/VisA/visa_pytorch/pcb4/test/bad/055.JPG'] 0.2842666506767273
['/mnt/dsc3032-gaya-shared/group6/datasets/VisA/visa_pytorch/pcb4/test/bad/056.JPG'] 0.28744322061538696
['/mnt/dsc3032-gaya-shared/group6/datasets/VisA/visa_pytorch/pcb4/test/bad/057.JPG'] 0.31552404165267944
['/mnt/dsc3032-gaya-shared/group6/datasets/VisA/visa_pytorch/pcb4/test/bad/058.JPG'] 0.30548095703125
['/mnt/dsc3032-gaya-shared/group6/datasets/VisA/visa_pytorch/pcb4/test/bad/059.JPG'] 0.3169578015804291
['/mnt/dsc3032-gaya-shared/group6/datasets/VisA/visa_pytorch/pcb4/test/bad/060.JPG'] 0.30426639318466187
['/mnt/dsc3032-gaya-shared/group6/datasets/VisA/visa_pytorch/pcb4/test/bad/061.JPG'] 0.27441829442977905
['/mnt/dsc3032-gaya-shared/group6/datasets/VisA/visa_pytorch/pcb4/test/bad/062.JPG'] 0.3162417411804199
['/mnt/dsc3032-gaya-shared/group6/datasets/VisA/visa_pytorch/pcb4/test/bad/063.JPG'] 0.2947806715965271
['/mnt/dsc3032-gaya-shared/group6/datasets/VisA/visa_pytorch/pcb4/test/bad/064.JPG'] 0.27832484245300293
['/mnt/dsc3032-gaya-shared/group6/datasets/VisA/visa_pytorch/pcb4/test/bad/065.JPG'] 0.33634281158447266
['/mnt/dsc3032-gaya-shared/group6/datasets/VisA/visa_pytorch/pcb4/test/bad/066.JPG'] 0.2583274245262146
['/mnt/dsc3032-gaya-shared/group6/datasets/VisA/visa_pytorch/pcb4/test/bad/067.JPG'] 0.29665833711624146
['/mnt/dsc3032-gaya-shared/group6/datasets/VisA/visa_pytorch/pcb4/test/bad/068.JPG'] 0.30962246656417847
['/mnt/dsc3032-gaya-shared/group6/datasets/VisA/visa_pytorch/pcb4/test/bad/069.JPG'] 0.2972104549407959
['/mnt/dsc3032-gaya-shared/group6/datasets/VisA/visa_pytorch/pcb4/test/bad/070.JPG'] 0.29822906851768494
['/mnt/dsc3032-gaya-shared/group6/datasets/VisA/visa_pytorch/pcb4/test/bad/071.JPG'] 0.28460925817489624
['/mnt/dsc3032-gaya-shared/group6/datasets/VisA/visa_pytorch/pcb4/test/bad/072.JPG'] 0.2993258833885193
['/mnt/dsc3032-gaya-shared/group6/datasets/VisA/visa_pytorch/pcb4/test/bad/073.JPG'] 0.30348795652389526
['/mnt/dsc3032-gaya-shared/group6/datasets/VisA/visa_pytorch/pcb4/test/bad/074.JPG'] 0.28991639614105225
['/mnt/dsc3032-gaya-shared/group6/datasets/VisA/visa_pytorch/pcb4/test/bad/075.JPG'] 0.36745160818099976
['/mnt/dsc3032-gaya-shared/group6/datasets/VisA/visa_pytorch/pcb4/test/bad/076.JPG'] 0.3839181661605835
['/mnt/dsc3032-gaya-shared/group6/datasets/VisA/visa_pytorch/pcb4/test/bad/077.JPG'] 0.400251567363739
['/mnt/dsc3032-gaya-shared/group6/datasets/VisA/visa_pytorch/pcb4/test/bad/078.JPG'] 0.34238508343696594
['/mnt/dsc3032-gaya-shared/group6/datasets/VisA/visa_pytorch/pcb4/test/bad/079.JPG'] 0.3614707887172699
['/mnt/dsc3032-gaya-shared/group6/datasets/VisA/visa_pytorch/pcb4/test/bad/080.JPG'] 0.30842071771621704
['/mnt/dsc3032-gaya-shared/group6/datasets/VisA/visa_pytorch/pcb4/test/bad/081.JPG'] 0.32369810342788696
['/mnt/dsc3032-gaya-shared/group6/datasets/VisA/visa_pytorch/pcb4/test/bad/082.JPG'] 0.2935847043991089
['/mnt/dsc3032-gaya-shared/group6/datasets/VisA/visa_pytorch/pcb4/test/bad/083.JPG'] 0.3236224055290222
['/mnt/dsc3032-gaya-shared/group6/datasets/VisA/visa_pytorch/pcb4/test/bad/084.JPG'] 0.32383763790130615
['/mnt/dsc3032-gaya-shared/group6/datasets/VisA/visa_pytorch/pcb4/test/bad/085.JPG'] 0.32935041189193726
['/mnt/dsc3032-gaya-shared/group6/datasets/VisA/visa_pytorch/pcb4/test/bad/086.JPG'] 0.342465877532959
['/mnt/dsc3032-gaya-shared/group6/datasets/VisA/visa_pytorch/pcb4/test/bad/087.JPG'] 0.27418991923332214
['/mnt/dsc3032-gaya-shared/group6/datasets/VisA/visa_pytorch/pcb4/test/bad/088.JPG'] 0.27977222204208374
['/mnt/dsc3032-gaya-shared/group6/datasets/VisA/visa_pytorch/pcb4/test/bad/089.JPG'] 0.32332468032836914
['/mnt/dsc3032-gaya-shared/group6/datasets/VisA/visa_pytorch/pcb4/test/bad/090.JPG'] 0.29486745595932007
['/mnt/dsc3032-gaya-shared/group6/datasets/VisA/visa_pytorch/pcb4/test/bad/091.JPG'] 0.3360334634780884
['/mnt/dsc3032-gaya-shared/group6/datasets/VisA/visa_pytorch/pcb4/test/bad/092.JPG'] 0.2812349200248718
['/mnt/dsc3032-gaya-shared/group6/datasets/VisA/visa_pytorch/pcb4/test/bad/093.JPG'] 0.32652097940444946
['/mnt/dsc3032-gaya-shared/group6/datasets/VisA/visa_pytorch/pcb4/test/bad/094.JPG'] 0.2721160054206848
['/mnt/dsc3032-gaya-shared/group6/datasets/VisA/visa_pytorch/pcb4/test/bad/095.JPG'] 0.32771506905555725
['/mnt/dsc3032-gaya-shared/group6/datasets/VisA/visa_pytorch/pcb4/test/bad/096.JPG'] 0.2792571187019348
['/mnt/dsc3032-gaya-shared/group6/datasets/VisA/visa_pytorch/pcb4/test/bad/097.JPG'] 0.297213613986969
['/mnt/dsc3032-gaya-shared/group6/datasets/VisA/visa_pytorch/pcb4/test/bad/098.JPG'] 0.3003047704696655
['/mnt/dsc3032-gaya-shared/group6/datasets/VisA/visa_pytorch/pcb4/test/bad/099.JPG'] 0.36020398139953613
['/mnt/dsc3032-gaya-shared/group6/datasets/VisA/visa_pytorch/pcb4/test/good/0011.JPG'] 0.3116939067840576
['/mnt/dsc3032-gaya-shared/group6/datasets/VisA/visa_pytorch/pcb4/test/good/0013.JPG'] 0.29178765416145325
['/mnt/dsc3032-gaya-shared/group6/datasets/VisA/visa_pytorch/pcb4/test/good/0016.JPG'] 0.2822159230709076
['/mnt/dsc3032-gaya-shared/group6/datasets/VisA/visa_pytorch/pcb4/test/good/0024.JPG'] 0.33453571796417236
['/mnt/dsc3032-gaya-shared/group6/datasets/VisA/visa_pytorch/pcb4/test/good/0026.JPG'] 0.34195464849472046
['/mnt/dsc3032-gaya-shared/group6/datasets/VisA/visa_pytorch/pcb4/test/good/0027.JPG'] 0.31812649965286255
['/mnt/dsc3032-gaya-shared/group6/datasets/VisA/visa_pytorch/pcb4/test/good/0046.JPG'] 0.36231496930122375
['/mnt/dsc3032-gaya-shared/group6/datasets/VisA/visa_pytorch/pcb4/test/good/0100.JPG'] 0.30929893255233765
['/mnt/dsc3032-gaya-shared/group6/datasets/VisA/visa_pytorch/pcb4/test/good/0107.JPG'] 0.32261329889297485
['/mnt/dsc3032-gaya-shared/group6/datasets/VisA/visa_pytorch/pcb4/test/good/0159.JPG'] 0.3294907510280609
['/mnt/dsc3032-gaya-shared/group6/datasets/VisA/visa_pytorch/pcb4/test/good/0168.JPG'] 0.3059667646884918
['/mnt/dsc3032-gaya-shared/group6/datasets/VisA/visa_pytorch/pcb4/test/good/0170.JPG'] 0.27628135681152344
['/mnt/dsc3032-gaya-shared/group6/datasets/VisA/visa_pytorch/pcb4/test/good/0172.JPG'] 0.3290325999259949
['/mnt/dsc3032-gaya-shared/group6/datasets/VisA/visa_pytorch/pcb4/test/good/0174.JPG'] 0.3086126148700714
['/mnt/dsc3032-gaya-shared/group6/datasets/VisA/visa_pytorch/pcb4/test/good/0178.JPG'] 0.32949262857437134
['/mnt/dsc3032-gaya-shared/group6/datasets/VisA/visa_pytorch/pcb4/test/good/0187.JPG'] 0.3422379493713379
['/mnt/dsc3032-gaya-shared/group6/datasets/VisA/visa_pytorch/pcb4/test/good/0196.JPG'] 0.3276638388633728
['/mnt/dsc3032-gaya-shared/group6/datasets/VisA/visa_pytorch/pcb4/test/good/0208.JPG'] 0.3451887369155884
['/mnt/dsc3032-gaya-shared/group6/datasets/VisA/visa_pytorch/pcb4/test/good/0214.JPG'] 0.3838605284690857
['/mnt/dsc3032-gaya-shared/group6/datasets/VisA/visa_pytorch/pcb4/test/good/0215.JPG'] 0.36832714080810547
['/mnt/dsc3032-gaya-shared/group6/datasets/VisA/visa_pytorch/pcb4/test/good/0237.JPG'] 0.3743591904640198
['/mnt/dsc3032-gaya-shared/group6/datasets/VisA/visa_pytorch/pcb4/test/good/0261.JPG'] 0.3380225896835327
['/mnt/dsc3032-gaya-shared/group6/datasets/VisA/visa_pytorch/pcb4/test/good/0286.JPG'] 0.3103647232055664
['/mnt/dsc3032-gaya-shared/group6/datasets/VisA/visa_pytorch/pcb4/test/good/0294.JPG'] 0.34481486678123474
['/mnt/dsc3032-gaya-shared/group6/datasets/VisA/visa_pytorch/pcb4/test/good/0297.JPG'] 0.29165375232696533
['/mnt/dsc3032-gaya-shared/group6/datasets/VisA/visa_pytorch/pcb4/test/good/0303.JPG'] 0.3093043565750122
['/mnt/dsc3032-gaya-shared/group6/datasets/VisA/visa_pytorch/pcb4/test/good/0306.JPG'] 0.3065395951271057
['/mnt/dsc3032-gaya-shared/group6/datasets/VisA/visa_pytorch/pcb4/test/good/0320.JPG'] 0.4535630941390991
['/mnt/dsc3032-gaya-shared/group6/datasets/VisA/visa_pytorch/pcb4/test/good/0333.JPG'] 0.37311241030693054
['/mnt/dsc3032-gaya-shared/group6/datasets/VisA/visa_pytorch/pcb4/test/good/0363.JPG'] 0.3393407464027405
['/mnt/dsc3032-gaya-shared/group6/datasets/VisA/visa_pytorch/pcb4/test/good/0377.JPG'] 0.33306750655174255
['/mnt/dsc3032-gaya-shared/group6/datasets/VisA/visa_pytorch/pcb4/test/good/0394.JPG'] 0.31526029109954834
['/mnt/dsc3032-gaya-shared/group6/datasets/VisA/visa_pytorch/pcb4/test/good/0400.JPG'] 0.36963629722595215
['/mnt/dsc3032-gaya-shared/group6/datasets/VisA/visa_pytorch/pcb4/test/good/0402.JPG'] 0.3183385729789734
['/mnt/dsc3032-gaya-shared/group6/datasets/VisA/visa_pytorch/pcb4/test/good/0417.JPG'] 0.3439217805862427
['/mnt/dsc3032-gaya-shared/group6/datasets/VisA/visa_pytorch/pcb4/test/good/0423.JPG'] 0.29491233825683594
['/mnt/dsc3032-gaya-shared/group6/datasets/VisA/visa_pytorch/pcb4/test/good/0427.JPG'] 0.3092036247253418
['/mnt/dsc3032-gaya-shared/group6/datasets/VisA/visa_pytorch/pcb4/test/good/0457.JPG'] 0.31752967834472656
['/mnt/dsc3032-gaya-shared/group6/datasets/VisA/visa_pytorch/pcb4/test/good/0469.JPG'] 0.3195650577545166
['/mnt/dsc3032-gaya-shared/group6/datasets/VisA/visa_pytorch/pcb4/test/good/0479.JPG'] 0.3190062642097473
['/mnt/dsc3032-gaya-shared/group6/datasets/VisA/visa_pytorch/pcb4/test/good/0483.JPG'] 0.3320831060409546
['/mnt/dsc3032-gaya-shared/group6/datasets/VisA/visa_pytorch/pcb4/test/good/0484.JPG'] 0.3087914288043976
['/mnt/dsc3032-gaya-shared/group6/datasets/VisA/visa_pytorch/pcb4/test/good/0488.JPG'] 0.3275623321533203
['/mnt/dsc3032-gaya-shared/group6/datasets/VisA/visa_pytorch/pcb4/test/good/0490.JPG'] 0.32696080207824707
['/mnt/dsc3032-gaya-shared/group6/datasets/VisA/visa_pytorch/pcb4/test/good/0514.JPG'] 0.33017003536224365
['/mnt/dsc3032-gaya-shared/group6/datasets/VisA/visa_pytorch/pcb4/test/good/0518.JPG'] 0.2866911292076111
['/mnt/dsc3032-gaya-shared/group6/datasets/VisA/visa_pytorch/pcb4/test/good/0520.JPG'] 0.3305169939994812
['/mnt/dsc3032-gaya-shared/group6/datasets/VisA/visa_pytorch/pcb4/test/good/0525.JPG'] 0.3333706855773926
['/mnt/dsc3032-gaya-shared/group6/datasets/VisA/visa_pytorch/pcb4/test/good/0545.JPG'] 0.3258286118507385
['/mnt/dsc3032-gaya-shared/group6/datasets/VisA/visa_pytorch/pcb4/test/good/0552.JPG'] 0.29982900619506836
['/mnt/dsc3032-gaya-shared/group6/datasets/VisA/visa_pytorch/pcb4/test/good/0569.JPG'] 0.31639808416366577
['/mnt/dsc3032-gaya-shared/group6/datasets/VisA/visa_pytorch/pcb4/test/good/0615.JPG'] 0.3353918492794037
['/mnt/dsc3032-gaya-shared/group6/datasets/VisA/visa_pytorch/pcb4/test/good/0617.JPG'] 0.2958195209503174
['/mnt/dsc3032-gaya-shared/group6/datasets/VisA/visa_pytorch/pcb4/test/good/0619.JPG'] 0.32963094115257263
['/mnt/dsc3032-gaya-shared/group6/datasets/VisA/visa_pytorch/pcb4/test/good/0621.JPG'] 0.2898808717727661
['/mnt/dsc3032-gaya-shared/group6/datasets/VisA/visa_pytorch/pcb4/test/good/0629.JPG'] 0.349914014339447
['/mnt/dsc3032-gaya-shared/group6/datasets/VisA/visa_pytorch/pcb4/test/good/0631.JPG'] 0.31016862392425537
['/mnt/dsc3032-gaya-shared/group6/datasets/VisA/visa_pytorch/pcb4/test/good/0648.JPG'] 0.3078955113887787
['/mnt/dsc3032-gaya-shared/group6/datasets/VisA/visa_pytorch/pcb4/test/good/0654.JPG'] 0.2930505871772766
['/mnt/dsc3032-gaya-shared/group6/datasets/VisA/visa_pytorch/pcb4/test/good/0657.JPG'] 0.316548228263855
['/mnt/dsc3032-gaya-shared/group6/datasets/VisA/visa_pytorch/pcb4/test/good/0659.JPG'] 0.3053346276283264
['/mnt/dsc3032-gaya-shared/group6/datasets/VisA/visa_pytorch/pcb4/test/good/0674.JPG'] 0.30455780029296875
['/mnt/dsc3032-gaya-shared/group6/datasets/VisA/visa_pytorch/pcb4/test/good/0684.JPG'] 0.30502820014953613
['/mnt/dsc3032-gaya-shared/group6/datasets/VisA/visa_pytorch/pcb4/test/good/0685.JPG'] 0.3430352210998535
['/mnt/dsc3032-gaya-shared/group6/datasets/VisA/visa_pytorch/pcb4/test/good/0688.JPG'] 0.4441758394241333
['/mnt/dsc3032-gaya-shared/group6/datasets/VisA/visa_pytorch/pcb4/test/good/0690.JPG'] 0.31968748569488525
['/mnt/dsc3032-gaya-shared/group6/datasets/VisA/visa_pytorch/pcb4/test/good/0694.JPG'] 0.37801307439804077
['/mnt/dsc3032-gaya-shared/group6/datasets/VisA/visa_pytorch/pcb4/test/good/0705.JPG'] 0.3547372817993164
['/mnt/dsc3032-gaya-shared/group6/datasets/VisA/visa_pytorch/pcb4/test/good/0725.JPG'] 0.30265772342681885
['/mnt/dsc3032-gaya-shared/group6/datasets/VisA/visa_pytorch/pcb4/test/good/0730.JPG'] 0.3340103030204773
['/mnt/dsc3032-gaya-shared/group6/datasets/VisA/visa_pytorch/pcb4/test/good/0735.JPG'] 0.3153705596923828
['/mnt/dsc3032-gaya-shared/group6/datasets/VisA/visa_pytorch/pcb4/test/good/0739.JPG'] 0.3275461196899414
['/mnt/dsc3032-gaya-shared/group6/datasets/VisA/visa_pytorch/pcb4/test/good/0751.JPG'] 0.29358774423599243
['/mnt/dsc3032-gaya-shared/group6/datasets/VisA/visa_pytorch/pcb4/test/good/0755.JPG'] 0.3268788456916809
['/mnt/dsc3032-gaya-shared/group6/datasets/VisA/visa_pytorch/pcb4/test/good/0764.JPG'] 0.3027936816215515
['/mnt/dsc3032-gaya-shared/group6/datasets/VisA/visa_pytorch/pcb4/test/good/0768.JPG'] 0.2966349124908447
['/mnt/dsc3032-gaya-shared/group6/datasets/VisA/visa_pytorch/pcb4/test/good/0779.JPG'] 0.2965230345726013
['/mnt/dsc3032-gaya-shared/group6/datasets/VisA/visa_pytorch/pcb4/test/good/0784.JPG'] 0.34681060910224915
['/mnt/dsc3032-gaya-shared/group6/datasets/VisA/visa_pytorch/pcb4/test/good/0796.JPG'] 0.32603615522384644
['/mnt/dsc3032-gaya-shared/group6/datasets/VisA/visa_pytorch/pcb4/test/good/0797.JPG'] 0.32673829793930054
['/mnt/dsc3032-gaya-shared/group6/datasets/VisA/visa_pytorch/pcb4/test/good/0800.JPG'] 0.28870463371276855
['/mnt/dsc3032-gaya-shared/group6/datasets/VisA/visa_pytorch/pcb4/test/good/0804.JPG'] 0.31751495599746704
['/mnt/dsc3032-gaya-shared/group6/datasets/VisA/visa_pytorch/pcb4/test/good/0811.JPG'] 0.32157379388809204
['/mnt/dsc3032-gaya-shared/group6/datasets/VisA/visa_pytorch/pcb4/test/good/0844.JPG'] 0.32473495602607727
['/mnt/dsc3032-gaya-shared/group6/datasets/VisA/visa_pytorch/pcb4/test/good/0869.JPG'] 0.29931145906448364
['/mnt/dsc3032-gaya-shared/group6/datasets/VisA/visa_pytorch/pcb4/test/good/0871.JPG'] 0.381457656621933
['/mnt/dsc3032-gaya-shared/group6/datasets/VisA/visa_pytorch/pcb4/test/good/0892.JPG'] 0.26681095361709595
['/mnt/dsc3032-gaya-shared/group6/datasets/VisA/visa_pytorch/pcb4/test/good/0900.JPG'] 0.3496236205101013
['/mnt/dsc3032-gaya-shared/group6/datasets/VisA/visa_pytorch/pcb4/test/good/0920.JPG'] 0.30525290966033936
['/mnt/dsc3032-gaya-shared/group6/datasets/VisA/visa_pytorch/pcb4/test/good/0923.JPG'] 0.23383906483650208
['/mnt/dsc3032-gaya-shared/group6/datasets/VisA/visa_pytorch/pcb4/test/good/0935.JPG'] 0.32255852222442627
['/mnt/dsc3032-gaya-shared/group6/datasets/VisA/visa_pytorch/pcb4/test/good/0940.JPG'] 0.31948205828666687
['/mnt/dsc3032-gaya-shared/group6/datasets/VisA/visa_pytorch/pcb4/test/good/0952.JPG'] 0.2649042010307312
['/mnt/dsc3032-gaya-shared/group6/datasets/VisA/visa_pytorch/pcb4/test/good/0957.JPG'] 0.28353285789489746
['/mnt/dsc3032-gaya-shared/group6/datasets/VisA/visa_pytorch/pcb4/test/good/0964.JPG'] 0.32793354988098145
['/mnt/dsc3032-gaya-shared/group6/datasets/VisA/visa_pytorch/pcb4/test/good/0971.JPG'] 0.3550112247467041
['/mnt/dsc3032-gaya-shared/group6/datasets/VisA/visa_pytorch/pcb4/test/good/0974.JPG'] 0.2333015501499176
['/mnt/dsc3032-gaya-shared/group6/datasets/VisA/visa_pytorch/pcb4/test/good/0977.JPG'] 0.24811992049217224
['/mnt/dsc3032-gaya-shared/group6/datasets/VisA/visa_pytorch/pcb4/test/good/0990.JPG'] 0.23227061331272125
['/mnt/dsc3032-gaya-shared/group6/datasets/VisA/visa_pytorch/pcb4/test/good/0994.JPG'] 0.3220396637916565
['/mnt/dsc3032-gaya-shared/group6/datasets/VisA/visa_pytorch/pcb4/test/good/1001.JPG'] 0.2279304414987564
26-06-02 16:48:58.173 - INFO: 
| category   |   K-shots |   F1-Max(image) |   AUROC(image) |   F1-Max(pixel) |   AUROC(pixel) |
|:-----------|----------:|----------------:|---------------:|----------------:|---------------:|
| pcb4       |         2 |           67.57 |          45.02 |           39.93 |          94.28 |
