/home/gaya6/LogSAD/dinov2/dinov2/layers/swiglu_ffn.py:43: UserWarning: xFormers is available (SwiGLU)
  warnings.warn("xFormers is available (SwiGLU)")
/home/gaya6/LogSAD/dinov2/dinov2/layers/attention.py:27: UserWarning: xFormers is available (Attention)
  warnings.warn("xFormers is available (Attention)")
/home/gaya6/LogSAD/dinov2/dinov2/layers/block.py:33: UserWarning: xFormers is available (Block)
  warnings.warn("xFormers is available (Block)")
['/mnt/dsc3032-gaya-shared/group6/datasets/VisA/visa_pytorch/pipe_fryum/test/bad/000.JPG'] 0.4770625829696655
['/mnt/dsc3032-gaya-shared/group6/datasets/VisA/visa_pytorch/pipe_fryum/test/bad/001.JPG'] 0.4603789150714874
['/mnt/dsc3032-gaya-shared/group6/datasets/VisA/visa_pytorch/pipe_fryum/test/bad/002.JPG'] 0.5256893634796143
['/mnt/dsc3032-gaya-shared/group6/datasets/VisA/visa_pytorch/pipe_fryum/test/bad/003.JPG'] 0.5224817395210266
['/mnt/dsc3032-gaya-shared/group6/datasets/VisA/visa_pytorch/pipe_fryum/test/bad/004.JPG'] 0.43254682421684265
['/mnt/dsc3032-gaya-shared/group6/datasets/VisA/visa_pytorch/pipe_fryum/test/bad/005.JPG'] 0.5059415698051453
['/mnt/dsc3032-gaya-shared/group6/datasets/VisA/visa_pytorch/pipe_fryum/test/bad/006.JPG'] 0.4186899662017822
['/mnt/dsc3032-gaya-shared/group6/datasets/VisA/visa_pytorch/pipe_fryum/test/bad/007.JPG'] 0.47117334604263306
['/mnt/dsc3032-gaya-shared/group6/datasets/VisA/visa_pytorch/pipe_fryum/test/bad/008.JPG'] 0.48395276069641113
['/mnt/dsc3032-gaya-shared/group6/datasets/VisA/visa_pytorch/pipe_fryum/test/bad/009.JPG'] 0.4254165291786194
['/mnt/dsc3032-gaya-shared/group6/datasets/VisA/visa_pytorch/pipe_fryum/test/bad/010.JPG'] 0.4964996576309204
['/mnt/dsc3032-gaya-shared/group6/datasets/VisA/visa_pytorch/pipe_fryum/test/bad/011.JPG'] 0.4210524559020996
['/mnt/dsc3032-gaya-shared/group6/datasets/VisA/visa_pytorch/pipe_fryum/test/bad/012.JPG'] 0.4853546619415283
['/mnt/dsc3032-gaya-shared/group6/datasets/VisA/visa_pytorch/pipe_fryum/test/bad/013.JPG'] 0.4438272714614868
['/mnt/dsc3032-gaya-shared/group6/datasets/VisA/visa_pytorch/pipe_fryum/test/bad/014.JPG'] 0.5031419992446899
['/mnt/dsc3032-gaya-shared/group6/datasets/VisA/visa_pytorch/pipe_fryum/test/bad/015.JPG'] 0.3763788938522339
['/mnt/dsc3032-gaya-shared/group6/datasets/VisA/visa_pytorch/pipe_fryum/test/bad/016.JPG'] 0.3369966149330139
['/mnt/dsc3032-gaya-shared/group6/datasets/VisA/visa_pytorch/pipe_fryum/test/bad/017.JPG'] 0.3247533440589905
['/mnt/dsc3032-gaya-shared/group6/datasets/VisA/visa_pytorch/pipe_fryum/test/bad/018.JPG'] 0.35352590680122375
['/mnt/dsc3032-gaya-shared/group6/datasets/VisA/visa_pytorch/pipe_fryum/test/bad/019.JPG'] 0.3888266086578369
['/mnt/dsc3032-gaya-shared/group6/datasets/VisA/visa_pytorch/pipe_fryum/test/bad/020.JPG'] 0.31807833909988403
['/mnt/dsc3032-gaya-shared/group6/datasets/VisA/visa_pytorch/pipe_fryum/test/bad/021.JPG'] 0.4216543138027191
['/mnt/dsc3032-gaya-shared/group6/datasets/VisA/visa_pytorch/pipe_fryum/test/bad/022.JPG'] 0.3618674874305725
['/mnt/dsc3032-gaya-shared/group6/datasets/VisA/visa_pytorch/pipe_fryum/test/bad/023.JPG'] 0.3612225651741028
['/mnt/dsc3032-gaya-shared/group6/datasets/VisA/visa_pytorch/pipe_fryum/test/bad/024.JPG'] 0.3623321056365967
['/mnt/dsc3032-gaya-shared/group6/datasets/VisA/visa_pytorch/pipe_fryum/test/bad/025.JPG'] 0.41816622018814087
['/mnt/dsc3032-gaya-shared/group6/datasets/VisA/visa_pytorch/pipe_fryum/test/bad/026.JPG'] 0.40459340810775757
['/mnt/dsc3032-gaya-shared/group6/datasets/VisA/visa_pytorch/pipe_fryum/test/bad/027.JPG'] 0.309889018535614
['/mnt/dsc3032-gaya-shared/group6/datasets/VisA/visa_pytorch/pipe_fryum/test/bad/028.JPG'] 0.3214205801486969
['/mnt/dsc3032-gaya-shared/group6/datasets/VisA/visa_pytorch/pipe_fryum/test/bad/029.JPG'] 0.3090740442276001
['/mnt/dsc3032-gaya-shared/group6/datasets/VisA/visa_pytorch/pipe_fryum/test/bad/030.JPG'] 0.4657291769981384
['/mnt/dsc3032-gaya-shared/group6/datasets/VisA/visa_pytorch/pipe_fryum/test/bad/031.JPG'] 0.475949227809906
['/mnt/dsc3032-gaya-shared/group6/datasets/VisA/visa_pytorch/pipe_fryum/test/bad/032.JPG'] 0.5024586319923401
['/mnt/dsc3032-gaya-shared/group6/datasets/VisA/visa_pytorch/pipe_fryum/test/bad/033.JPG'] 0.43058109283447266
['/mnt/dsc3032-gaya-shared/group6/datasets/VisA/visa_pytorch/pipe_fryum/test/bad/034.JPG'] 0.4764789044857025
['/mnt/dsc3032-gaya-shared/group6/datasets/VisA/visa_pytorch/pipe_fryum/test/bad/035.JPG'] 0.5069388151168823
['/mnt/dsc3032-gaya-shared/group6/datasets/VisA/visa_pytorch/pipe_fryum/test/bad/036.JPG'] 0.5142383575439453
['/mnt/dsc3032-gaya-shared/group6/datasets/VisA/visa_pytorch/pipe_fryum/test/bad/037.JPG'] 0.5030282735824585
['/mnt/dsc3032-gaya-shared/group6/datasets/VisA/visa_pytorch/pipe_fryum/test/bad/038.JPG'] 0.5051121711730957
['/mnt/dsc3032-gaya-shared/group6/datasets/VisA/visa_pytorch/pipe_fryum/test/bad/039.JPG'] 0.4680074155330658
['/mnt/dsc3032-gaya-shared/group6/datasets/VisA/visa_pytorch/pipe_fryum/test/bad/040.JPG'] 0.5247789025306702
['/mnt/dsc3032-gaya-shared/group6/datasets/VisA/visa_pytorch/pipe_fryum/test/bad/041.JPG'] 0.5075063705444336
['/mnt/dsc3032-gaya-shared/group6/datasets/VisA/visa_pytorch/pipe_fryum/test/bad/042.JPG'] 0.543595016002655
['/mnt/dsc3032-gaya-shared/group6/datasets/VisA/visa_pytorch/pipe_fryum/test/bad/043.JPG'] 0.5402825474739075
['/mnt/dsc3032-gaya-shared/group6/datasets/VisA/visa_pytorch/pipe_fryum/test/bad/044.JPG'] 0.50730961561203
['/mnt/dsc3032-gaya-shared/group6/datasets/VisA/visa_pytorch/pipe_fryum/test/bad/045.JPG'] 0.5664312243461609
['/mnt/dsc3032-gaya-shared/group6/datasets/VisA/visa_pytorch/pipe_fryum/test/bad/046.JPG'] 0.5315085649490356
['/mnt/dsc3032-gaya-shared/group6/datasets/VisA/visa_pytorch/pipe_fryum/test/bad/047.JPG'] 0.5029045939445496
['/mnt/dsc3032-gaya-shared/group6/datasets/VisA/visa_pytorch/pipe_fryum/test/bad/048.JPG'] 0.5463411808013916
['/mnt/dsc3032-gaya-shared/group6/datasets/VisA/visa_pytorch/pipe_fryum/test/bad/049.JPG'] 0.5132652521133423
['/mnt/dsc3032-gaya-shared/group6/datasets/VisA/visa_pytorch/pipe_fryum/test/bad/050.JPG'] 0.4131203889846802
['/mnt/dsc3032-gaya-shared/group6/datasets/VisA/visa_pytorch/pipe_fryum/test/bad/051.JPG'] 0.4175187349319458
['/mnt/dsc3032-gaya-shared/group6/datasets/VisA/visa_pytorch/pipe_fryum/test/bad/052.JPG'] 0.37808525562286377
['/mnt/dsc3032-gaya-shared/group6/datasets/VisA/visa_pytorch/pipe_fryum/test/bad/053.JPG'] 0.39009201526641846
['/mnt/dsc3032-gaya-shared/group6/datasets/VisA/visa_pytorch/pipe_fryum/test/bad/054.JPG'] 0.43388596177101135
['/mnt/dsc3032-gaya-shared/group6/datasets/VisA/visa_pytorch/pipe_fryum/test/bad/055.JPG'] 0.3597536087036133
['/mnt/dsc3032-gaya-shared/group6/datasets/VisA/visa_pytorch/pipe_fryum/test/bad/056.JPG'] 0.44689759612083435
['/mnt/dsc3032-gaya-shared/group6/datasets/VisA/visa_pytorch/pipe_fryum/test/bad/057.JPG'] 0.40403053164482117
['/mnt/dsc3032-gaya-shared/group6/datasets/VisA/visa_pytorch/pipe_fryum/test/bad/058.JPG'] 0.4352809190750122
['/mnt/dsc3032-gaya-shared/group6/datasets/VisA/visa_pytorch/pipe_fryum/test/bad/059.JPG'] 0.4711434841156006
['/mnt/dsc3032-gaya-shared/group6/datasets/VisA/visa_pytorch/pipe_fryum/test/bad/060.JPG'] 0.4050031900405884
['/mnt/dsc3032-gaya-shared/group6/datasets/VisA/visa_pytorch/pipe_fryum/test/bad/061.JPG'] 0.45069292187690735
['/mnt/dsc3032-gaya-shared/group6/datasets/VisA/visa_pytorch/pipe_fryum/test/bad/062.JPG'] 0.3521479368209839
['/mnt/dsc3032-gaya-shared/group6/datasets/VisA/visa_pytorch/pipe_fryum/test/bad/063.JPG'] 0.38062214851379395
['/mnt/dsc3032-gaya-shared/group6/datasets/VisA/visa_pytorch/pipe_fryum/test/bad/064.JPG'] 0.38853180408477783
['/mnt/dsc3032-gaya-shared/group6/datasets/VisA/visa_pytorch/pipe_fryum/test/bad/065.JPG'] 0.4313722252845764
['/mnt/dsc3032-gaya-shared/group6/datasets/VisA/visa_pytorch/pipe_fryum/test/bad/066.JPG'] 0.4855665862560272
['/mnt/dsc3032-gaya-shared/group6/datasets/VisA/visa_pytorch/pipe_fryum/test/bad/067.JPG'] 0.44781357049942017
['/mnt/dsc3032-gaya-shared/group6/datasets/VisA/visa_pytorch/pipe_fryum/test/bad/068.JPG'] 0.4016602039337158
['/mnt/dsc3032-gaya-shared/group6/datasets/VisA/visa_pytorch/pipe_fryum/test/bad/069.JPG'] 0.3646593987941742
['/mnt/dsc3032-gaya-shared/group6/datasets/VisA/visa_pytorch/pipe_fryum/test/bad/070.JPG'] 0.3444228172302246
['/mnt/dsc3032-gaya-shared/group6/datasets/VisA/visa_pytorch/pipe_fryum/test/bad/071.JPG'] 0.4368995726108551
['/mnt/dsc3032-gaya-shared/group6/datasets/VisA/visa_pytorch/pipe_fryum/test/bad/072.JPG'] 0.3879883885383606
['/mnt/dsc3032-gaya-shared/group6/datasets/VisA/visa_pytorch/pipe_fryum/test/bad/073.JPG'] 0.36255109310150146
['/mnt/dsc3032-gaya-shared/group6/datasets/VisA/visa_pytorch/pipe_fryum/test/bad/074.JPG'] 0.364391952753067
['/mnt/dsc3032-gaya-shared/group6/datasets/VisA/visa_pytorch/pipe_fryum/test/bad/075.JPG'] 0.36300215125083923
['/mnt/dsc3032-gaya-shared/group6/datasets/VisA/visa_pytorch/pipe_fryum/test/bad/076.JPG'] 0.3723565340042114
['/mnt/dsc3032-gaya-shared/group6/datasets/VisA/visa_pytorch/pipe_fryum/test/bad/077.JPG'] 0.3876307010650635
['/mnt/dsc3032-gaya-shared/group6/datasets/VisA/visa_pytorch/pipe_fryum/test/bad/078.JPG'] 0.44283267855644226
['/mnt/dsc3032-gaya-shared/group6/datasets/VisA/visa_pytorch/pipe_fryum/test/bad/079.JPG'] 0.4317978024482727
['/mnt/dsc3032-gaya-shared/group6/datasets/VisA/visa_pytorch/pipe_fryum/test/bad/080.JPG'] 0.39269259572029114
['/mnt/dsc3032-gaya-shared/group6/datasets/VisA/visa_pytorch/pipe_fryum/test/bad/081.JPG'] 0.35745951533317566
['/mnt/dsc3032-gaya-shared/group6/datasets/VisA/visa_pytorch/pipe_fryum/test/bad/082.JPG'] 0.3218250870704651
['/mnt/dsc3032-gaya-shared/group6/datasets/VisA/visa_pytorch/pipe_fryum/test/bad/083.JPG'] 0.37889817357063293
['/mnt/dsc3032-gaya-shared/group6/datasets/VisA/visa_pytorch/pipe_fryum/test/bad/084.JPG'] 0.4808328151702881
['/mnt/dsc3032-gaya-shared/group6/datasets/VisA/visa_pytorch/pipe_fryum/test/bad/085.JPG'] 0.32905930280685425
['/mnt/dsc3032-gaya-shared/group6/datasets/VisA/visa_pytorch/pipe_fryum/test/bad/086.JPG'] 0.4235968291759491
['/mnt/dsc3032-gaya-shared/group6/datasets/VisA/visa_pytorch/pipe_fryum/test/bad/087.JPG'] 0.38965466618537903
['/mnt/dsc3032-gaya-shared/group6/datasets/VisA/visa_pytorch/pipe_fryum/test/bad/088.JPG'] 0.30279889702796936
['/mnt/dsc3032-gaya-shared/group6/datasets/VisA/visa_pytorch/pipe_fryum/test/bad/089.JPG'] 0.29287993907928467
['/mnt/dsc3032-gaya-shared/group6/datasets/VisA/visa_pytorch/pipe_fryum/test/bad/090.JPG'] 0.4923062324523926
['/mnt/dsc3032-gaya-shared/group6/datasets/VisA/visa_pytorch/pipe_fryum/test/bad/091.JPG'] 0.5103635787963867
['/mnt/dsc3032-gaya-shared/group6/datasets/VisA/visa_pytorch/pipe_fryum/test/bad/092.JPG'] 0.4024154543876648
['/mnt/dsc3032-gaya-shared/group6/datasets/VisA/visa_pytorch/pipe_fryum/test/bad/093.JPG'] 0.48446378111839294
['/mnt/dsc3032-gaya-shared/group6/datasets/VisA/visa_pytorch/pipe_fryum/test/bad/094.JPG'] 0.45904842019081116
['/mnt/dsc3032-gaya-shared/group6/datasets/VisA/visa_pytorch/pipe_fryum/test/bad/095.JPG'] 0.44756585359573364
['/mnt/dsc3032-gaya-shared/group6/datasets/VisA/visa_pytorch/pipe_fryum/test/bad/096.JPG'] 0.4807147979736328
['/mnt/dsc3032-gaya-shared/group6/datasets/VisA/visa_pytorch/pipe_fryum/test/bad/097.JPG'] 0.40654709935188293
['/mnt/dsc3032-gaya-shared/group6/datasets/VisA/visa_pytorch/pipe_fryum/test/bad/098.JPG'] 0.42417365312576294
['/mnt/dsc3032-gaya-shared/group6/datasets/VisA/visa_pytorch/pipe_fryum/test/bad/099.JPG'] 0.3861345648765564
['/mnt/dsc3032-gaya-shared/group6/datasets/VisA/visa_pytorch/pipe_fryum/test/good/006.JPG'] 0.2588809132575989
['/mnt/dsc3032-gaya-shared/group6/datasets/VisA/visa_pytorch/pipe_fryum/test/good/012.JPG'] 0.18120495975017548
['/mnt/dsc3032-gaya-shared/group6/datasets/VisA/visa_pytorch/pipe_fryum/test/good/013.JPG'] 0.2776968777179718
['/mnt/dsc3032-gaya-shared/group6/datasets/VisA/visa_pytorch/pipe_fryum/test/good/023.JPG'] 0.2436845749616623
['/mnt/dsc3032-gaya-shared/group6/datasets/VisA/visa_pytorch/pipe_fryum/test/good/050.JPG'] 0.25290483236312866
['/mnt/dsc3032-gaya-shared/group6/datasets/VisA/visa_pytorch/pipe_fryum/test/good/084.JPG'] 0.2726503014564514
['/mnt/dsc3032-gaya-shared/group6/datasets/VisA/visa_pytorch/pipe_fryum/test/good/087.JPG'] 0.21971261501312256
['/mnt/dsc3032-gaya-shared/group6/datasets/VisA/visa_pytorch/pipe_fryum/test/good/089.JPG'] 0.245400071144104
['/mnt/dsc3032-gaya-shared/group6/datasets/VisA/visa_pytorch/pipe_fryum/test/good/093.JPG'] 0.2617685794830322
['/mnt/dsc3032-gaya-shared/group6/datasets/VisA/visa_pytorch/pipe_fryum/test/good/098.JPG'] 0.2518632411956787
['/mnt/dsc3032-gaya-shared/group6/datasets/VisA/visa_pytorch/pipe_fryum/test/good/104.JPG'] 0.2762085199356079
['/mnt/dsc3032-gaya-shared/group6/datasets/VisA/visa_pytorch/pipe_fryum/test/good/130.JPG'] 0.24882178008556366
['/mnt/dsc3032-gaya-shared/group6/datasets/VisA/visa_pytorch/pipe_fryum/test/good/143.JPG'] 0.2399335503578186
['/mnt/dsc3032-gaya-shared/group6/datasets/VisA/visa_pytorch/pipe_fryum/test/good/148.JPG'] 0.21120060980319977
['/mnt/dsc3032-gaya-shared/group6/datasets/VisA/visa_pytorch/pipe_fryum/test/good/166.JPG'] 0.23898100852966309
['/mnt/dsc3032-gaya-shared/group6/datasets/VisA/visa_pytorch/pipe_fryum/test/good/181.JPG'] 0.2408258020877838
['/mnt/dsc3032-gaya-shared/group6/datasets/VisA/visa_pytorch/pipe_fryum/test/good/213.JPG'] 0.21540674567222595
['/mnt/dsc3032-gaya-shared/group6/datasets/VisA/visa_pytorch/pipe_fryum/test/good/228.JPG'] 0.23068653047084808
['/mnt/dsc3032-gaya-shared/group6/datasets/VisA/visa_pytorch/pipe_fryum/test/good/239.JPG'] 0.2884373962879181
['/mnt/dsc3032-gaya-shared/group6/datasets/VisA/visa_pytorch/pipe_fryum/test/good/244.JPG'] 0.2780314087867737
['/mnt/dsc3032-gaya-shared/group6/datasets/VisA/visa_pytorch/pipe_fryum/test/good/245.JPG'] 0.2761341333389282
['/mnt/dsc3032-gaya-shared/group6/datasets/VisA/visa_pytorch/pipe_fryum/test/good/260.JPG'] 0.31089863181114197
['/mnt/dsc3032-gaya-shared/group6/datasets/VisA/visa_pytorch/pipe_fryum/test/good/272.JPG'] 0.22662894427776337
['/mnt/dsc3032-gaya-shared/group6/datasets/VisA/visa_pytorch/pipe_fryum/test/good/276.JPG'] 0.2491016387939453
['/mnt/dsc3032-gaya-shared/group6/datasets/VisA/visa_pytorch/pipe_fryum/test/good/284.JPG'] 0.2757070064544678
['/mnt/dsc3032-gaya-shared/group6/datasets/VisA/visa_pytorch/pipe_fryum/test/good/307.JPG'] 0.21173979341983795
['/mnt/dsc3032-gaya-shared/group6/datasets/VisA/visa_pytorch/pipe_fryum/test/good/309.JPG'] 0.22004161775112152
['/mnt/dsc3032-gaya-shared/group6/datasets/VisA/visa_pytorch/pipe_fryum/test/good/324.JPG'] 0.2747124433517456
['/mnt/dsc3032-gaya-shared/group6/datasets/VisA/visa_pytorch/pipe_fryum/test/good/337.JPG'] 0.25184017419815063
['/mnt/dsc3032-gaya-shared/group6/datasets/VisA/visa_pytorch/pipe_fryum/test/good/342.JPG'] 0.23756031692028046
['/mnt/dsc3032-gaya-shared/group6/datasets/VisA/visa_pytorch/pipe_fryum/test/good/344.JPG'] 0.27032166719436646
['/mnt/dsc3032-gaya-shared/group6/datasets/VisA/visa_pytorch/pipe_fryum/test/good/352.JPG'] 0.31494373083114624
['/mnt/dsc3032-gaya-shared/group6/datasets/VisA/visa_pytorch/pipe_fryum/test/good/367.JPG'] 0.22657671570777893
['/mnt/dsc3032-gaya-shared/group6/datasets/VisA/visa_pytorch/pipe_fryum/test/good/369.JPG'] 0.25953030586242676
['/mnt/dsc3032-gaya-shared/group6/datasets/VisA/visa_pytorch/pipe_fryum/test/good/377.JPG'] 0.23187297582626343
['/mnt/dsc3032-gaya-shared/group6/datasets/VisA/visa_pytorch/pipe_fryum/test/good/384.JPG'] 0.2694171667098999
['/mnt/dsc3032-gaya-shared/group6/datasets/VisA/visa_pytorch/pipe_fryum/test/good/389.JPG'] 0.2459845244884491
['/mnt/dsc3032-gaya-shared/group6/datasets/VisA/visa_pytorch/pipe_fryum/test/good/392.JPG'] 0.2603399455547333
['/mnt/dsc3032-gaya-shared/group6/datasets/VisA/visa_pytorch/pipe_fryum/test/good/398.JPG'] 0.22802531719207764
['/mnt/dsc3032-gaya-shared/group6/datasets/VisA/visa_pytorch/pipe_fryum/test/good/400.JPG'] 0.27548283338546753
['/mnt/dsc3032-gaya-shared/group6/datasets/VisA/visa_pytorch/pipe_fryum/test/good/402.JPG'] 0.2040654867887497
['/mnt/dsc3032-gaya-shared/group6/datasets/VisA/visa_pytorch/pipe_fryum/test/good/405.JPG'] 0.22853389382362366
['/mnt/dsc3032-gaya-shared/group6/datasets/VisA/visa_pytorch/pipe_fryum/test/good/435.JPG'] 0.4177135229110718
['/mnt/dsc3032-gaya-shared/group6/datasets/VisA/visa_pytorch/pipe_fryum/test/good/446.JPG'] 0.2447691112756729
['/mnt/dsc3032-gaya-shared/group6/datasets/VisA/visa_pytorch/pipe_fryum/test/good/460.JPG'] 0.24577102065086365
['/mnt/dsc3032-gaya-shared/group6/datasets/VisA/visa_pytorch/pipe_fryum/test/good/461.JPG'] 0.20362599194049835
['/mnt/dsc3032-gaya-shared/group6/datasets/VisA/visa_pytorch/pipe_fryum/test/good/467.JPG'] 0.2557957172393799
['/mnt/dsc3032-gaya-shared/group6/datasets/VisA/visa_pytorch/pipe_fryum/test/good/482.JPG'] 0.270199716091156
['/mnt/dsc3032-gaya-shared/group6/datasets/VisA/visa_pytorch/pipe_fryum/test/good/484.JPG'] 0.24364855885505676
['/mnt/dsc3032-gaya-shared/group6/datasets/VisA/visa_pytorch/pipe_fryum/test/good/487.JPG'] 0.22404153645038605
26-06-02 16:49:51.200 - INFO: 
| category   |   K-shots |   F1-Max(image) |   AUROC(image) |   F1-Max(pixel) |   AUROC(pixel) |
|:-----------|----------:|----------------:|---------------:|----------------:|---------------:|
| pipe_fryum |         2 |           98.52 |          98.98 |           57.43 |          99.08 |
