/home/gaya6/LogSAD/dinov2/dinov2/layers/swiglu_ffn.py:43: UserWarning: xFormers is available (SwiGLU)
  warnings.warn("xFormers is available (SwiGLU)")
/home/gaya6/LogSAD/dinov2/dinov2/layers/attention.py:27: UserWarning: xFormers is available (Attention)
  warnings.warn("xFormers is available (Attention)")
/home/gaya6/LogSAD/dinov2/dinov2/layers/block.py:33: UserWarning: xFormers is available (Block)
  warnings.warn("xFormers is available (Block)")
running k-means on cuda..
[running kmeans]: 0it [00:00, ?it/s][running kmeans]: 0it [00:00, ?it/s, center_shift=5.815133, iteration=1, tol=0.000100][running kmeans]: 1it [00:00,  5.10it/s, center_shift=5.815133, iteration=1, tol=0.000100][running kmeans]: 1it [00:00,  5.10it/s, center_shift=0.149273, iteration=2, tol=0.000100][running kmeans]: 2it [00:00,  5.93it/s, center_shift=0.149273, iteration=2, tol=0.000100][running kmeans]: 2it [00:00,  5.93it/s, center_shift=0.098983, iteration=3, tol=0.000100][running kmeans]: 3it [00:00,  6.29it/s, center_shift=0.098983, iteration=3, tol=0.000100][running kmeans]: 3it [00:00,  6.29it/s, center_shift=0.024888, iteration=4, tol=0.000100][running kmeans]: 4it [00:00,  6.61it/s, center_shift=0.024888, iteration=4, tol=0.000100][running kmeans]: 4it [00:00,  6.61it/s, center_shift=0.000891, iteration=5, tol=0.000100][running kmeans]: 5it [00:00,  6.38it/s, center_shift=0.000891, iteration=5, tol=0.000100][running kmeans]: 5it [00:00,  6.38it/s, center_shift=0.000046, iteration=6, tol=0.000100][running kmeans]: 6it [00:00,  6.59it/s, center_shift=0.000046, iteration=6, tol=0.000100][running kmeans]: 6it [00:00,  6.38it/s, center_shift=0.000046, iteration=6, tol=0.000100]
predicting on cuda..
predicting on cuda..
predicting on cuda..
['/home/gaya6/LogSAD/datasets/MVTec_LOCO/breakfast_box/test/good/000.png'] tensor(0.8664, dtype=torch.float64)
predicting on cuda..
['/home/gaya6/LogSAD/datasets/MVTec_LOCO/breakfast_box/test/good/001.png'] tensor(0.4897, dtype=torch.float64)
predicting on cuda..
['/home/gaya6/LogSAD/datasets/MVTec_LOCO/breakfast_box/test/good/002.png'] tensor(0.7545, dtype=torch.float64)
predicting on cuda..
['/home/gaya6/LogSAD/datasets/MVTec_LOCO/breakfast_box/test/good/003.png'] tensor(0.9337, dtype=torch.float64)
predicting on cuda..
['/home/gaya6/LogSAD/datasets/MVTec_LOCO/breakfast_box/test/good/004.png'] tensor(0.6424, dtype=torch.float64)
predicting on cuda..
['/home/gaya6/LogSAD/datasets/MVTec_LOCO/breakfast_box/test/good/005.png'] tensor(0.6903, dtype=torch.float64)
predicting on cuda..
['/home/gaya6/LogSAD/datasets/MVTec_LOCO/breakfast_box/test/good/006.png'] tensor(0.4509, dtype=torch.float64)
predicting on cuda..
['/home/gaya6/LogSAD/datasets/MVTec_LOCO/breakfast_box/test/good/007.png'] tensor(0.8489, dtype=torch.float64)
predicting on cuda..
['/home/gaya6/LogSAD/datasets/MVTec_LOCO/breakfast_box/test/good/008.png'] tensor(0.7479, dtype=torch.float64)
predicting on cuda..
['/home/gaya6/LogSAD/datasets/MVTec_LOCO/breakfast_box/test/good/009.png'] tensor(0.7269, dtype=torch.float64)
predicting on cuda..
['/home/gaya6/LogSAD/datasets/MVTec_LOCO/breakfast_box/test/good/010.png'] tensor(0.8434, dtype=torch.float64)
predicting on cuda..
['/home/gaya6/LogSAD/datasets/MVTec_LOCO/breakfast_box/test/good/011.png'] tensor(0.8419, dtype=torch.float64)
predicting on cuda..
['/home/gaya6/LogSAD/datasets/MVTec_LOCO/breakfast_box/test/good/012.png'] tensor(0.9275, dtype=torch.float64)
predicting on cuda..
['/home/gaya6/LogSAD/datasets/MVTec_LOCO/breakfast_box/test/good/013.png'] tensor(0.6902, dtype=torch.float64)
predicting on cuda..
['/home/gaya6/LogSAD/datasets/MVTec_LOCO/breakfast_box/test/good/014.png'] tensor(0.8070, dtype=torch.float64)
predicting on cuda..
['/home/gaya6/LogSAD/datasets/MVTec_LOCO/breakfast_box/test/good/015.png'] tensor(0.5987, dtype=torch.float64)
predicting on cuda..
['/home/gaya6/LogSAD/datasets/MVTec_LOCO/breakfast_box/test/good/016.png'] tensor(0.7895, dtype=torch.float64)
predicting on cuda..
['/home/gaya6/LogSAD/datasets/MVTec_LOCO/breakfast_box/test/good/017.png'] tensor(0.6580, dtype=torch.float64)
predicting on cuda..
['/home/gaya6/LogSAD/datasets/MVTec_LOCO/breakfast_box/test/good/018.png'] tensor(0.8527, dtype=torch.float64)
predicting on cuda..
['/home/gaya6/LogSAD/datasets/MVTec_LOCO/breakfast_box/test/good/019.png'] tensor(0.4604, dtype=torch.float64)
predicting on cuda..
['/home/gaya6/LogSAD/datasets/MVTec_LOCO/breakfast_box/test/good/020.png'] tensor(0.9175, dtype=torch.float64)
predicting on cuda..
['/home/gaya6/LogSAD/datasets/MVTec_LOCO/breakfast_box/test/good/021.png'] tensor(0.8040, dtype=torch.float64)
predicting on cuda..
['/home/gaya6/LogSAD/datasets/MVTec_LOCO/breakfast_box/test/good/022.png'] tensor(0.9180, dtype=torch.float64)
predicting on cuda..
['/home/gaya6/LogSAD/datasets/MVTec_LOCO/breakfast_box/test/good/023.png'] tensor(0.6806, dtype=torch.float64)
predicting on cuda..
['/home/gaya6/LogSAD/datasets/MVTec_LOCO/breakfast_box/test/good/024.png'] tensor(0.6703, dtype=torch.float64)
predicting on cuda..
['/home/gaya6/LogSAD/datasets/MVTec_LOCO/breakfast_box/test/good/025.png'] tensor(0.7558, dtype=torch.float64)
predicting on cuda..
['/home/gaya6/LogSAD/datasets/MVTec_LOCO/breakfast_box/test/good/026.png'] tensor(0.6391, dtype=torch.float64)
predicting on cuda..
['/home/gaya6/LogSAD/datasets/MVTec_LOCO/breakfast_box/test/good/027.png'] tensor(0.7782, dtype=torch.float64)
predicting on cuda..
['/home/gaya6/LogSAD/datasets/MVTec_LOCO/breakfast_box/test/good/028.png'] tensor(0.3580, dtype=torch.float64)
predicting on cuda..
['/home/gaya6/LogSAD/datasets/MVTec_LOCO/breakfast_box/test/good/029.png'] tensor(0.9667, dtype=torch.float64)
predicting on cuda..
['/home/gaya6/LogSAD/datasets/MVTec_LOCO/breakfast_box/test/good/030.png'] tensor(0.8987, dtype=torch.float64)
predicting on cuda..
['/home/gaya6/LogSAD/datasets/MVTec_LOCO/breakfast_box/test/good/031.png'] tensor(0.7655, dtype=torch.float64)
predicting on cuda..
['/home/gaya6/LogSAD/datasets/MVTec_LOCO/breakfast_box/test/good/032.png'] tensor(0.6243, dtype=torch.float64)
predicting on cuda..
['/home/gaya6/LogSAD/datasets/MVTec_LOCO/breakfast_box/test/good/033.png'] tensor(0.9402, dtype=torch.float64)
predicting on cuda..
['/home/gaya6/LogSAD/datasets/MVTec_LOCO/breakfast_box/test/good/034.png'] tensor(0.8989, dtype=torch.float64)
predicting on cuda..
['/home/gaya6/LogSAD/datasets/MVTec_LOCO/breakfast_box/test/good/035.png'] tensor(0.7793, dtype=torch.float64)
predicting on cuda..
['/home/gaya6/LogSAD/datasets/MVTec_LOCO/breakfast_box/test/good/036.png'] tensor(0.8617, dtype=torch.float64)
predicting on cuda..
['/home/gaya6/LogSAD/datasets/MVTec_LOCO/breakfast_box/test/good/037.png'] tensor(0.7105, dtype=torch.float64)
predicting on cuda..
['/home/gaya6/LogSAD/datasets/MVTec_LOCO/breakfast_box/test/good/038.png'] tensor(0.6875, dtype=torch.float64)
predicting on cuda..
['/home/gaya6/LogSAD/datasets/MVTec_LOCO/breakfast_box/test/good/039.png'] tensor(0.9234, dtype=torch.float64)
predicting on cuda..
['/home/gaya6/LogSAD/datasets/MVTec_LOCO/breakfast_box/test/good/040.png'] tensor(0.5214, dtype=torch.float64)
predicting on cuda..
['/home/gaya6/LogSAD/datasets/MVTec_LOCO/breakfast_box/test/good/041.png'] tensor(0.7703, dtype=torch.float64)
predicting on cuda..
['/home/gaya6/LogSAD/datasets/MVTec_LOCO/breakfast_box/test/good/042.png'] tensor(0.9282, dtype=torch.float64)
predicting on cuda..
['/home/gaya6/LogSAD/datasets/MVTec_LOCO/breakfast_box/test/good/043.png'] tensor(0.7456, dtype=torch.float64)
predicting on cuda..
['/home/gaya6/LogSAD/datasets/MVTec_LOCO/breakfast_box/test/good/044.png'] tensor(0.9612, dtype=torch.float64)
predicting on cuda..
['/home/gaya6/LogSAD/datasets/MVTec_LOCO/breakfast_box/test/good/045.png'] tensor(0.8681, dtype=torch.float64)
predicting on cuda..
['/home/gaya6/LogSAD/datasets/MVTec_LOCO/breakfast_box/test/good/046.png'] tensor(0.4575, dtype=torch.float64)
predicting on cuda..
['/home/gaya6/LogSAD/datasets/MVTec_LOCO/breakfast_box/test/good/047.png'] tensor(0.9334, dtype=torch.float64)
predicting on cuda..
['/home/gaya6/LogSAD/datasets/MVTec_LOCO/breakfast_box/test/good/048.png'] tensor(0.6584, dtype=torch.float64)
predicting on cuda..
['/home/gaya6/LogSAD/datasets/MVTec_LOCO/breakfast_box/test/good/049.png'] tensor(0.6450, dtype=torch.float64)
predicting on cuda..
['/home/gaya6/LogSAD/datasets/MVTec_LOCO/breakfast_box/test/good/050.png'] tensor(0.7585, dtype=torch.float64)
predicting on cuda..
['/home/gaya6/LogSAD/datasets/MVTec_LOCO/breakfast_box/test/good/051.png'] tensor(0.6865, dtype=torch.float64)
predicting on cuda..
['/home/gaya6/LogSAD/datasets/MVTec_LOCO/breakfast_box/test/good/052.png'] tensor(0.9388, dtype=torch.float64)
predicting on cuda..
['/home/gaya6/LogSAD/datasets/MVTec_LOCO/breakfast_box/test/good/053.png'] tensor(0.7976, dtype=torch.float64)
predicting on cuda..
['/home/gaya6/LogSAD/datasets/MVTec_LOCO/breakfast_box/test/good/054.png'] tensor(0.6067, dtype=torch.float64)
predicting on cuda..
['/home/gaya6/LogSAD/datasets/MVTec_LOCO/breakfast_box/test/good/055.png'] tensor(0.8993, dtype=torch.float64)
predicting on cuda..
['/home/gaya6/LogSAD/datasets/MVTec_LOCO/breakfast_box/test/good/056.png'] tensor(0.5664, dtype=torch.float64)
predicting on cuda..
['/home/gaya6/LogSAD/datasets/MVTec_LOCO/breakfast_box/test/good/057.png'] tensor(0.6605, dtype=torch.float64)
predicting on cuda..
['/home/gaya6/LogSAD/datasets/MVTec_LOCO/breakfast_box/test/good/058.png'] tensor(0.7829, dtype=torch.float64)
predicting on cuda..
['/home/gaya6/LogSAD/datasets/MVTec_LOCO/breakfast_box/test/good/059.png'] tensor(0.9886, dtype=torch.float64)
predicting on cuda..
['/home/gaya6/LogSAD/datasets/MVTec_LOCO/breakfast_box/test/good/060.png'] tensor(0.9681, dtype=torch.float64)
predicting on cuda..
['/home/gaya6/LogSAD/datasets/MVTec_LOCO/breakfast_box/test/good/061.png'] tensor(0.4790, dtype=torch.float64)
predicting on cuda..
['/home/gaya6/LogSAD/datasets/MVTec_LOCO/breakfast_box/test/good/062.png'] tensor(0.5303, dtype=torch.float64)
predicting on cuda..
['/home/gaya6/LogSAD/datasets/MVTec_LOCO/breakfast_box/test/good/063.png'] tensor(0.3492, dtype=torch.float64)
predicting on cuda..
['/home/gaya6/LogSAD/datasets/MVTec_LOCO/breakfast_box/test/good/064.png'] tensor(0.9283, dtype=torch.float64)
predicting on cuda..
['/home/gaya6/LogSAD/datasets/MVTec_LOCO/breakfast_box/test/good/065.png'] tensor(0.7334, dtype=torch.float64)
predicting on cuda..
['/home/gaya6/LogSAD/datasets/MVTec_LOCO/breakfast_box/test/good/066.png'] tensor(0.8694, dtype=torch.float64)
predicting on cuda..
['/home/gaya6/LogSAD/datasets/MVTec_LOCO/breakfast_box/test/good/067.png'] tensor(0.8048, dtype=torch.float64)
predicting on cuda..
['/home/gaya6/LogSAD/datasets/MVTec_LOCO/breakfast_box/test/good/068.png'] tensor(0.9910, dtype=torch.float64)
predicting on cuda..
['/home/gaya6/LogSAD/datasets/MVTec_LOCO/breakfast_box/test/good/069.png'] tensor(0.5556, dtype=torch.float64)
predicting on cuda..
['/home/gaya6/LogSAD/datasets/MVTec_LOCO/breakfast_box/test/good/070.png'] tensor(0.8446, dtype=torch.float64)
predicting on cuda..
['/home/gaya6/LogSAD/datasets/MVTec_LOCO/breakfast_box/test/good/071.png'] tensor(0.5317, dtype=torch.float64)
predicting on cuda..
['/home/gaya6/LogSAD/datasets/MVTec_LOCO/breakfast_box/test/good/072.png'] tensor(0.4283, dtype=torch.float64)
predicting on cuda..
['/home/gaya6/LogSAD/datasets/MVTec_LOCO/breakfast_box/test/good/073.png'] tensor(0.7260, dtype=torch.float64)
predicting on cuda..
['/home/gaya6/LogSAD/datasets/MVTec_LOCO/breakfast_box/test/good/074.png'] tensor(0.9121, dtype=torch.float64)
predicting on cuda..
['/home/gaya6/LogSAD/datasets/MVTec_LOCO/breakfast_box/test/good/075.png'] tensor(0.8459, dtype=torch.float64)
predicting on cuda..
['/home/gaya6/LogSAD/datasets/MVTec_LOCO/breakfast_box/test/good/076.png'] tensor(0.9540, dtype=torch.float64)
predicting on cuda..
['/home/gaya6/LogSAD/datasets/MVTec_LOCO/breakfast_box/test/good/077.png'] tensor(0.6143, dtype=torch.float64)
predicting on cuda..
['/home/gaya6/LogSAD/datasets/MVTec_LOCO/breakfast_box/test/good/078.png'] tensor(0.9869, dtype=torch.float64)
predicting on cuda..
['/home/gaya6/LogSAD/datasets/MVTec_LOCO/breakfast_box/test/good/079.png'] tensor(0.7368, dtype=torch.float64)
predicting on cuda..
['/home/gaya6/LogSAD/datasets/MVTec_LOCO/breakfast_box/test/good/080.png'] tensor(0.7599, dtype=torch.float64)
predicting on cuda..
['/home/gaya6/LogSAD/datasets/MVTec_LOCO/breakfast_box/test/good/081.png'] tensor(0.7662, dtype=torch.float64)
predicting on cuda..
['/home/gaya6/LogSAD/datasets/MVTec_LOCO/breakfast_box/test/good/082.png'] tensor(0.5931, dtype=torch.float64)
predicting on cuda..
['/home/gaya6/LogSAD/datasets/MVTec_LOCO/breakfast_box/test/good/083.png'] tensor(0.6863, dtype=torch.float64)
predicting on cuda..
['/home/gaya6/LogSAD/datasets/MVTec_LOCO/breakfast_box/test/good/084.png'] tensor(0.4771, dtype=torch.float64)
predicting on cuda..
['/home/gaya6/LogSAD/datasets/MVTec_LOCO/breakfast_box/test/good/085.png'] tensor(0.8649, dtype=torch.float64)
predicting on cuda..
['/home/gaya6/LogSAD/datasets/MVTec_LOCO/breakfast_box/test/good/086.png'] tensor(0.8942, dtype=torch.float64)
predicting on cuda..
['/home/gaya6/LogSAD/datasets/MVTec_LOCO/breakfast_box/test/good/087.png'] tensor(0.7963, dtype=torch.float64)
predicting on cuda..
['/home/gaya6/LogSAD/datasets/MVTec_LOCO/breakfast_box/test/good/088.png'] tensor(0.7842, dtype=torch.float64)
predicting on cuda..
['/home/gaya6/LogSAD/datasets/MVTec_LOCO/breakfast_box/test/good/089.png'] tensor(0.8031, dtype=torch.float64)
predicting on cuda..
['/home/gaya6/LogSAD/datasets/MVTec_LOCO/breakfast_box/test/good/090.png'] tensor(0.7934, dtype=torch.float64)
predicting on cuda..
['/home/gaya6/LogSAD/datasets/MVTec_LOCO/breakfast_box/test/good/091.png'] tensor(0.8131, dtype=torch.float64)
predicting on cuda..
['/home/gaya6/LogSAD/datasets/MVTec_LOCO/breakfast_box/test/good/092.png'] tensor(0.2959, dtype=torch.float64)
predicting on cuda..
['/home/gaya6/LogSAD/datasets/MVTec_LOCO/breakfast_box/test/good/093.png'] tensor(0.8024, dtype=torch.float64)
predicting on cuda..
['/home/gaya6/LogSAD/datasets/MVTec_LOCO/breakfast_box/test/good/094.png'] tensor(0.5026, dtype=torch.float64)
predicting on cuda..
['/home/gaya6/LogSAD/datasets/MVTec_LOCO/breakfast_box/test/good/095.png'] tensor(0.9417, dtype=torch.float64)
predicting on cuda..
['/home/gaya6/LogSAD/datasets/MVTec_LOCO/breakfast_box/test/good/096.png'] tensor(0.6985, dtype=torch.float64)
predicting on cuda..
['/home/gaya6/LogSAD/datasets/MVTec_LOCO/breakfast_box/test/good/097.png'] tensor(0.8307, dtype=torch.float64)
predicting on cuda..
['/home/gaya6/LogSAD/datasets/MVTec_LOCO/breakfast_box/test/good/098.png'] tensor(0.7788, dtype=torch.float64)
predicting on cuda..
['/home/gaya6/LogSAD/datasets/MVTec_LOCO/breakfast_box/test/good/099.png'] tensor(0.8490, dtype=torch.float64)
predicting on cuda..
['/home/gaya6/LogSAD/datasets/MVTec_LOCO/breakfast_box/test/good/100.png'] tensor(0.9012, dtype=torch.float64)
predicting on cuda..
['/home/gaya6/LogSAD/datasets/MVTec_LOCO/breakfast_box/test/good/101.png'] tensor(0.7195, dtype=torch.float64)
predicting on cuda..
['/home/gaya6/LogSAD/datasets/MVTec_LOCO/breakfast_box/test/logical_anomalies/000.png'] tensor(1.0000, dtype=torch.float64)
predicting on cuda..
['/home/gaya6/LogSAD/datasets/MVTec_LOCO/breakfast_box/test/logical_anomalies/001.png'] tensor(1.0000, dtype=torch.float64)
predicting on cuda..
['/home/gaya6/LogSAD/datasets/MVTec_LOCO/breakfast_box/test/logical_anomalies/002.png'] tensor(1.0000, dtype=torch.float64)
predicting on cuda..
['/home/gaya6/LogSAD/datasets/MVTec_LOCO/breakfast_box/test/logical_anomalies/003.png'] tensor(0.9945, dtype=torch.float64)
predicting on cuda..
['/home/gaya6/LogSAD/datasets/MVTec_LOCO/breakfast_box/test/logical_anomalies/004.png'] tensor(0.9347, dtype=torch.float64)
predicting on cuda..
['/home/gaya6/LogSAD/datasets/MVTec_LOCO/breakfast_box/test/logical_anomalies/005.png'] tensor(0.9589, dtype=torch.float64)
predicting on cuda..
['/home/gaya6/LogSAD/datasets/MVTec_LOCO/breakfast_box/test/logical_anomalies/006.png'] tensor(0.9022, dtype=torch.float64)
predicting on cuda..
['/home/gaya6/LogSAD/datasets/MVTec_LOCO/breakfast_box/test/logical_anomalies/007.png'] tensor(0.9050, dtype=torch.float64)
predicting on cuda..
['/home/gaya6/LogSAD/datasets/MVTec_LOCO/breakfast_box/test/logical_anomalies/008.png'] tensor(0.8420, dtype=torch.float64)
predicting on cuda..
['/home/gaya6/LogSAD/datasets/MVTec_LOCO/breakfast_box/test/logical_anomalies/009.png'] tensor(0.7982, dtype=torch.float64)
predicting on cuda..
['/home/gaya6/LogSAD/datasets/MVTec_LOCO/breakfast_box/test/logical_anomalies/010.png'] tensor(0.7842, dtype=torch.float64)
predicting on cuda..
['/home/gaya6/LogSAD/datasets/MVTec_LOCO/breakfast_box/test/logical_anomalies/011.png'] tensor(0.9715, dtype=torch.float64)
predicting on cuda..
['/home/gaya6/LogSAD/datasets/MVTec_LOCO/breakfast_box/test/logical_anomalies/012.png'] tensor(0.7448, dtype=torch.float64)
predicting on cuda..
['/home/gaya6/LogSAD/datasets/MVTec_LOCO/breakfast_box/test/logical_anomalies/013.png'] tensor(0.5868, dtype=torch.float64)
predicting on cuda..
['/home/gaya6/LogSAD/datasets/MVTec_LOCO/breakfast_box/test/logical_anomalies/014.png'] tensor(0.9975, dtype=torch.float64)
predicting on cuda..
['/home/gaya6/LogSAD/datasets/MVTec_LOCO/breakfast_box/test/logical_anomalies/015.png'] tensor(0.9993, dtype=torch.float64)
predicting on cuda..
['/home/gaya6/LogSAD/datasets/MVTec_LOCO/breakfast_box/test/logical_anomalies/016.png'] tensor(0.9993, dtype=torch.float64)
predicting on cuda..
['/home/gaya6/LogSAD/datasets/MVTec_LOCO/breakfast_box/test/logical_anomalies/017.png'] tensor(0.9997, dtype=torch.float64)
predicting on cuda..
['/home/gaya6/LogSAD/datasets/MVTec_LOCO/breakfast_box/test/logical_anomalies/018.png'] tensor(0.9992, dtype=torch.float64)
predicting on cuda..
['/home/gaya6/LogSAD/datasets/MVTec_LOCO/breakfast_box/test/logical_anomalies/019.png'] tensor(0.9995, dtype=torch.float64)
predicting on cuda..
['/home/gaya6/LogSAD/datasets/MVTec_LOCO/breakfast_box/test/logical_anomalies/020.png'] tensor(1.0000, dtype=torch.float64)
predicting on cuda..
['/home/gaya6/LogSAD/datasets/MVTec_LOCO/breakfast_box/test/logical_anomalies/021.png'] tensor(0.9999, dtype=torch.float64)
predicting on cuda..
['/home/gaya6/LogSAD/datasets/MVTec_LOCO/breakfast_box/test/logical_anomalies/022.png'] tensor(0.9999, dtype=torch.float64)
predicting on cuda..
['/home/gaya6/LogSAD/datasets/MVTec_LOCO/breakfast_box/test/logical_anomalies/023.png'] tensor(0.9991, dtype=torch.float64)
predicting on cuda..
['/home/gaya6/LogSAD/datasets/MVTec_LOCO/breakfast_box/test/logical_anomalies/024.png'] tensor(0.9996, dtype=torch.float64)
predicting on cuda..
['/home/gaya6/LogSAD/datasets/MVTec_LOCO/breakfast_box/test/logical_anomalies/025.png'] tensor(1., dtype=torch.float64)
predicting on cuda..
['/home/gaya6/LogSAD/datasets/MVTec_LOCO/breakfast_box/test/logical_anomalies/026.png'] tensor(1., dtype=torch.float64)
predicting on cuda..
['/home/gaya6/LogSAD/datasets/MVTec_LOCO/breakfast_box/test/logical_anomalies/027.png'] tensor(1., dtype=torch.float64)
predicting on cuda..
['/home/gaya6/LogSAD/datasets/MVTec_LOCO/breakfast_box/test/logical_anomalies/028.png'] tensor(1., dtype=torch.float64)
predicting on cuda..
['/home/gaya6/LogSAD/datasets/MVTec_LOCO/breakfast_box/test/logical_anomalies/029.png'] tensor(1., dtype=torch.float64)
predicting on cuda..
['/home/gaya6/LogSAD/datasets/MVTec_LOCO/breakfast_box/test/logical_anomalies/030.png'] tensor(1., dtype=torch.float64)
predicting on cuda..
['/home/gaya6/LogSAD/datasets/MVTec_LOCO/breakfast_box/test/logical_anomalies/031.png'] tensor(1., dtype=torch.float64)
predicting on cuda..
['/home/gaya6/LogSAD/datasets/MVTec_LOCO/breakfast_box/test/logical_anomalies/032.png'] tensor(1., dtype=torch.float64)
predicting on cuda..
['/home/gaya6/LogSAD/datasets/MVTec_LOCO/breakfast_box/test/logical_anomalies/033.png'] tensor(1., dtype=torch.float64)
predicting on cuda..
['/home/gaya6/LogSAD/datasets/MVTec_LOCO/breakfast_box/test/logical_anomalies/034.png'] tensor(1., dtype=torch.float64)
predicting on cuda..
['/home/gaya6/LogSAD/datasets/MVTec_LOCO/breakfast_box/test/logical_anomalies/035.png'] tensor(1., dtype=torch.float64)
predicting on cuda..
['/home/gaya6/LogSAD/datasets/MVTec_LOCO/breakfast_box/test/logical_anomalies/036.png'] tensor(1., dtype=torch.float64)
predicting on cuda..
['/home/gaya6/LogSAD/datasets/MVTec_LOCO/breakfast_box/test/logical_anomalies/037.png'] tensor(1.0000, dtype=torch.float64)
predicting on cuda..
['/home/gaya6/LogSAD/datasets/MVTec_LOCO/breakfast_box/test/logical_anomalies/038.png'] tensor(1.0000, dtype=torch.float64)
predicting on cuda..
['/home/gaya6/LogSAD/datasets/MVTec_LOCO/breakfast_box/test/logical_anomalies/039.png'] tensor(1.0000, dtype=torch.float64)
predicting on cuda..
['/home/gaya6/LogSAD/datasets/MVTec_LOCO/breakfast_box/test/logical_anomalies/040.png'] tensor(1.0000, dtype=torch.float64)
predicting on cuda..
['/home/gaya6/LogSAD/datasets/MVTec_LOCO/breakfast_box/test/logical_anomalies/041.png'] tensor(1.0000, dtype=torch.float64)
predicting on cuda..
['/home/gaya6/LogSAD/datasets/MVTec_LOCO/breakfast_box/test/logical_anomalies/042.png'] tensor(1.0000, dtype=torch.float64)
predicting on cuda..
['/home/gaya6/LogSAD/datasets/MVTec_LOCO/breakfast_box/test/logical_anomalies/043.png'] tensor(1.0000, dtype=torch.float64)
predicting on cuda..
['/home/gaya6/LogSAD/datasets/MVTec_LOCO/breakfast_box/test/logical_anomalies/044.png'] tensor(0.9806, dtype=torch.float64)
predicting on cuda..
['/home/gaya6/LogSAD/datasets/MVTec_LOCO/breakfast_box/test/logical_anomalies/045.png'] tensor(0.9789, dtype=torch.float64)
predicting on cuda..
['/home/gaya6/LogSAD/datasets/MVTec_LOCO/breakfast_box/test/logical_anomalies/046.png'] tensor(0.9952, dtype=torch.float64)
predicting on cuda..
['/home/gaya6/LogSAD/datasets/MVTec_LOCO/breakfast_box/test/logical_anomalies/047.png'] tensor(0.9976, dtype=torch.float64)
predicting on cuda..
['/home/gaya6/LogSAD/datasets/MVTec_LOCO/breakfast_box/test/logical_anomalies/048.png'] tensor(0.9310, dtype=torch.float64)
predicting on cuda..
['/home/gaya6/LogSAD/datasets/MVTec_LOCO/breakfast_box/test/logical_anomalies/049.png'] tensor(0.9994, dtype=torch.float64)
predicting on cuda..
['/home/gaya6/LogSAD/datasets/MVTec_LOCO/breakfast_box/test/logical_anomalies/050.png'] tensor(0.9999, dtype=torch.float64)
predicting on cuda..
['/home/gaya6/LogSAD/datasets/MVTec_LOCO/breakfast_box/test/logical_anomalies/051.png'] tensor(0.9991, dtype=torch.float64)
predicting on cuda..
['/home/gaya6/LogSAD/datasets/MVTec_LOCO/breakfast_box/test/logical_anomalies/052.png'] tensor(0.9998, dtype=torch.float64)
predicting on cuda..
['/home/gaya6/LogSAD/datasets/MVTec_LOCO/breakfast_box/test/logical_anomalies/053.png'] tensor(0.9983, dtype=torch.float64)
predicting on cuda..
['/home/gaya6/LogSAD/datasets/MVTec_LOCO/breakfast_box/test/logical_anomalies/054.png'] tensor(0.8769, dtype=torch.float64)
predicting on cuda..
['/home/gaya6/LogSAD/datasets/MVTec_LOCO/breakfast_box/test/logical_anomalies/055.png'] tensor(0.9578, dtype=torch.float64)
predicting on cuda..
['/home/gaya6/LogSAD/datasets/MVTec_LOCO/breakfast_box/test/logical_anomalies/056.png'] tensor(0.9564, dtype=torch.float64)
predicting on cuda..
['/home/gaya6/LogSAD/datasets/MVTec_LOCO/breakfast_box/test/logical_anomalies/057.png'] tensor(0.9688, dtype=torch.float64)
predicting on cuda..
['/home/gaya6/LogSAD/datasets/MVTec_LOCO/breakfast_box/test/logical_anomalies/058.png'] tensor(1.0000, dtype=torch.float64)
predicting on cuda..
['/home/gaya6/LogSAD/datasets/MVTec_LOCO/breakfast_box/test/logical_anomalies/059.png'] tensor(0.9974, dtype=torch.float64)
predicting on cuda..
['/home/gaya6/LogSAD/datasets/MVTec_LOCO/breakfast_box/test/logical_anomalies/060.png'] tensor(0.9999, dtype=torch.float64)
predicting on cuda..
['/home/gaya6/LogSAD/datasets/MVTec_LOCO/breakfast_box/test/logical_anomalies/061.png'] tensor(1.0000, dtype=torch.float64)
predicting on cuda..
['/home/gaya6/LogSAD/datasets/MVTec_LOCO/breakfast_box/test/logical_anomalies/062.png'] tensor(0.9664, dtype=torch.float64)
predicting on cuda..
['/home/gaya6/LogSAD/datasets/MVTec_LOCO/breakfast_box/test/logical_anomalies/063.png'] tensor(0.9996, dtype=torch.float64)
predicting on cuda..
['/home/gaya6/LogSAD/datasets/MVTec_LOCO/breakfast_box/test/logical_anomalies/064.png'] tensor(0.9614, dtype=torch.float64)
predicting on cuda..
['/home/gaya6/LogSAD/datasets/MVTec_LOCO/breakfast_box/test/logical_anomalies/065.png'] tensor(1., dtype=torch.float64)
predicting on cuda..
['/home/gaya6/LogSAD/datasets/MVTec_LOCO/breakfast_box/test/logical_anomalies/066.png'] tensor(0.9751, dtype=torch.float64)
predicting on cuda..
['/home/gaya6/LogSAD/datasets/MVTec_LOCO/breakfast_box/test/logical_anomalies/067.png'] tensor(1., dtype=torch.float64)
predicting on cuda..
['/home/gaya6/LogSAD/datasets/MVTec_LOCO/breakfast_box/test/logical_anomalies/068.png'] tensor(0.9903, dtype=torch.float64)
predicting on cuda..
['/home/gaya6/LogSAD/datasets/MVTec_LOCO/breakfast_box/test/logical_anomalies/069.png'] tensor(0.9999, dtype=torch.float64)
predicting on cuda..
['/home/gaya6/LogSAD/datasets/MVTec_LOCO/breakfast_box/test/logical_anomalies/070.png'] tensor(0.9921, dtype=torch.float64)
predicting on cuda..
['/home/gaya6/LogSAD/datasets/MVTec_LOCO/breakfast_box/test/logical_anomalies/071.png'] tensor(0.9993, dtype=torch.float64)
predicting on cuda..
['/home/gaya6/LogSAD/datasets/MVTec_LOCO/breakfast_box/test/logical_anomalies/072.png'] tensor(1.0000, dtype=torch.float64)
predicting on cuda..
['/home/gaya6/LogSAD/datasets/MVTec_LOCO/breakfast_box/test/logical_anomalies/073.png'] tensor(0.9993, dtype=torch.float64)
predicting on cuda..
['/home/gaya6/LogSAD/datasets/MVTec_LOCO/breakfast_box/test/logical_anomalies/074.png'] tensor(0.9998, dtype=torch.float64)
predicting on cuda..
['/home/gaya6/LogSAD/datasets/MVTec_LOCO/breakfast_box/test/logical_anomalies/075.png'] tensor(1.0000, dtype=torch.float64)
predicting on cuda..
['/home/gaya6/LogSAD/datasets/MVTec_LOCO/breakfast_box/test/logical_anomalies/076.png'] tensor(0.9939, dtype=torch.float64)
predicting on cuda..
['/home/gaya6/LogSAD/datasets/MVTec_LOCO/breakfast_box/test/logical_anomalies/077.png'] tensor(0.9888, dtype=torch.float64)
predicting on cuda..
['/home/gaya6/LogSAD/datasets/MVTec_LOCO/breakfast_box/test/logical_anomalies/078.png'] tensor(1., dtype=torch.float64)
predicting on cuda..
['/home/gaya6/LogSAD/datasets/MVTec_LOCO/breakfast_box/test/logical_anomalies/079.png'] tensor(1.0000, dtype=torch.float64)
predicting on cuda..
['/home/gaya6/LogSAD/datasets/MVTec_LOCO/breakfast_box/test/logical_anomalies/080.png'] tensor(1.0000, dtype=torch.float64)
predicting on cuda..
['/home/gaya6/LogSAD/datasets/MVTec_LOCO/breakfast_box/test/logical_anomalies/081.png'] tensor(1.0000, dtype=torch.float64)
predicting on cuda..
['/home/gaya6/LogSAD/datasets/MVTec_LOCO/breakfast_box/test/logical_anomalies/082.png'] tensor(1.0000, dtype=torch.float64)
predicting on cuda..
['/home/gaya6/LogSAD/datasets/MVTec_LOCO/breakfast_box/test/structural_anomalies/000.png'] tensor(0.9277, dtype=torch.float64)
predicting on cuda..
['/home/gaya6/LogSAD/datasets/MVTec_LOCO/breakfast_box/test/structural_anomalies/001.png'] tensor(0.4570, dtype=torch.float64)
predicting on cuda..
['/home/gaya6/LogSAD/datasets/MVTec_LOCO/breakfast_box/test/structural_anomalies/002.png'] tensor(0.9193, dtype=torch.float64)
predicting on cuda..
['/home/gaya6/LogSAD/datasets/MVTec_LOCO/breakfast_box/test/structural_anomalies/003.png'] tensor(0.9835, dtype=torch.float64)
predicting on cuda..
['/home/gaya6/LogSAD/datasets/MVTec_LOCO/breakfast_box/test/structural_anomalies/004.png'] tensor(0.9980, dtype=torch.float64)
predicting on cuda..
['/home/gaya6/LogSAD/datasets/MVTec_LOCO/breakfast_box/test/structural_anomalies/005.png'] tensor(0.5379, dtype=torch.float64)
predicting on cuda..
['/home/gaya6/LogSAD/datasets/MVTec_LOCO/breakfast_box/test/structural_anomalies/006.png'] tensor(0.8264, dtype=torch.float64)
predicting on cuda..
['/home/gaya6/LogSAD/datasets/MVTec_LOCO/breakfast_box/test/structural_anomalies/007.png'] tensor(0.8512, dtype=torch.float64)
predicting on cuda..
['/home/gaya6/LogSAD/datasets/MVTec_LOCO/breakfast_box/test/structural_anomalies/008.png'] tensor(0.9862, dtype=torch.float64)
predicting on cuda..
['/home/gaya6/LogSAD/datasets/MVTec_LOCO/breakfast_box/test/structural_anomalies/009.png'] tensor(0.6669, dtype=torch.float64)
predicting on cuda..
['/home/gaya6/LogSAD/datasets/MVTec_LOCO/breakfast_box/test/structural_anomalies/010.png'] tensor(0.9983, dtype=torch.float64)
predicting on cuda..
['/home/gaya6/LogSAD/datasets/MVTec_LOCO/breakfast_box/test/structural_anomalies/011.png'] tensor(0.9908, dtype=torch.float64)
predicting on cuda..
['/home/gaya6/LogSAD/datasets/MVTec_LOCO/breakfast_box/test/structural_anomalies/012.png'] tensor(0.9998, dtype=torch.float64)
predicting on cuda..
['/home/gaya6/LogSAD/datasets/MVTec_LOCO/breakfast_box/test/structural_anomalies/013.png'] tensor(0.9830, dtype=torch.float64)
predicting on cuda..
['/home/gaya6/LogSAD/datasets/MVTec_LOCO/breakfast_box/test/structural_anomalies/014.png'] tensor(1.0000, dtype=torch.float64)
predicting on cuda..
['/home/gaya6/LogSAD/datasets/MVTec_LOCO/breakfast_box/test/structural_anomalies/015.png'] tensor(0.9546, dtype=torch.float64)
predicting on cuda..
['/home/gaya6/LogSAD/datasets/MVTec_LOCO/breakfast_box/test/structural_anomalies/016.png'] tensor(0.9399, dtype=torch.float64)
predicting on cuda..
['/home/gaya6/LogSAD/datasets/MVTec_LOCO/breakfast_box/test/structural_anomalies/017.png'] tensor(0.9610, dtype=torch.float64)
predicting on cuda..
['/home/gaya6/LogSAD/datasets/MVTec_LOCO/breakfast_box/test/structural_anomalies/018.png'] tensor(0.9998, dtype=torch.float64)
predicting on cuda..
['/home/gaya6/LogSAD/datasets/MVTec_LOCO/breakfast_box/test/structural_anomalies/019.png'] tensor(0.9812, dtype=torch.float64)
predicting on cuda..
['/home/gaya6/LogSAD/datasets/MVTec_LOCO/breakfast_box/test/structural_anomalies/020.png'] tensor(1.0000, dtype=torch.float64)
predicting on cuda..
['/home/gaya6/LogSAD/datasets/MVTec_LOCO/breakfast_box/test/structural_anomalies/021.png'] tensor(1.0000, dtype=torch.float64)
predicting on cuda..
['/home/gaya6/LogSAD/datasets/MVTec_LOCO/breakfast_box/test/structural_anomalies/022.png'] tensor(0.9169, dtype=torch.float64)
predicting on cuda..
['/home/gaya6/LogSAD/datasets/MVTec_LOCO/breakfast_box/test/structural_anomalies/023.png'] tensor(0.9908, dtype=torch.float64)
predicting on cuda..
['/home/gaya6/LogSAD/datasets/MVTec_LOCO/breakfast_box/test/structural_anomalies/024.png'] tensor(0.9905, dtype=torch.float64)
predicting on cuda..
['/home/gaya6/LogSAD/datasets/MVTec_LOCO/breakfast_box/test/structural_anomalies/025.png'] tensor(0.9969, dtype=torch.float64)
predicting on cuda..
['/home/gaya6/LogSAD/datasets/MVTec_LOCO/breakfast_box/test/structural_anomalies/026.png'] tensor(0.9999, dtype=torch.float64)
predicting on cuda..
['/home/gaya6/LogSAD/datasets/MVTec_LOCO/breakfast_box/test/structural_anomalies/027.png'] tensor(0.9990, dtype=torch.float64)
predicting on cuda..
['/home/gaya6/LogSAD/datasets/MVTec_LOCO/breakfast_box/test/structural_anomalies/028.png'] tensor(0.8082, dtype=torch.float64)
predicting on cuda..
['/home/gaya6/LogSAD/datasets/MVTec_LOCO/breakfast_box/test/structural_anomalies/029.png'] tensor(0.9911, dtype=torch.float64)
predicting on cuda..
['/home/gaya6/LogSAD/datasets/MVTec_LOCO/breakfast_box/test/structural_anomalies/030.png'] tensor(0.9984, dtype=torch.float64)
predicting on cuda..
['/home/gaya6/LogSAD/datasets/MVTec_LOCO/breakfast_box/test/structural_anomalies/031.png'] tensor(0.9984, dtype=torch.float64)
predicting on cuda..
['/home/gaya6/LogSAD/datasets/MVTec_LOCO/breakfast_box/test/structural_anomalies/032.png'] tensor(0.9459, dtype=torch.float64)
predicting on cuda..
['/home/gaya6/LogSAD/datasets/MVTec_LOCO/breakfast_box/test/structural_anomalies/033.png'] tensor(0.9977, dtype=torch.float64)
predicting on cuda..
['/home/gaya6/LogSAD/datasets/MVTec_LOCO/breakfast_box/test/structural_anomalies/034.png'] tensor(0.8187, dtype=torch.float64)
predicting on cuda..
['/home/gaya6/LogSAD/datasets/MVTec_LOCO/breakfast_box/test/structural_anomalies/035.png'] tensor(0.9999, dtype=torch.float64)
predicting on cuda..
['/home/gaya6/LogSAD/datasets/MVTec_LOCO/breakfast_box/test/structural_anomalies/036.png'] tensor(0.9913, dtype=torch.float64)
predicting on cuda..
['/home/gaya6/LogSAD/datasets/MVTec_LOCO/breakfast_box/test/structural_anomalies/037.png'] tensor(0.8840, dtype=torch.float64)
predicting on cuda..
['/home/gaya6/LogSAD/datasets/MVTec_LOCO/breakfast_box/test/structural_anomalies/038.png'] tensor(0.7553, dtype=torch.float64)
predicting on cuda..
['/home/gaya6/LogSAD/datasets/MVTec_LOCO/breakfast_box/test/structural_anomalies/039.png'] tensor(0.9999, dtype=torch.float64)
predicting on cuda..
['/home/gaya6/LogSAD/datasets/MVTec_LOCO/breakfast_box/test/structural_anomalies/040.png'] tensor(0.9966, dtype=torch.float64)
predicting on cuda..
['/home/gaya6/LogSAD/datasets/MVTec_LOCO/breakfast_box/test/structural_anomalies/041.png'] tensor(0.9743, dtype=torch.float64)
predicting on cuda..
['/home/gaya6/LogSAD/datasets/MVTec_LOCO/breakfast_box/test/structural_anomalies/042.png'] tensor(0.9998, dtype=torch.float64)
predicting on cuda..
['/home/gaya6/LogSAD/datasets/MVTec_LOCO/breakfast_box/test/structural_anomalies/043.png'] tensor(0.9969, dtype=torch.float64)
predicting on cuda..
['/home/gaya6/LogSAD/datasets/MVTec_LOCO/breakfast_box/test/structural_anomalies/044.png'] tensor(0.9973, dtype=torch.float64)
predicting on cuda..
['/home/gaya6/LogSAD/datasets/MVTec_LOCO/breakfast_box/test/structural_anomalies/045.png'] tensor(0.9549, dtype=torch.float64)
predicting on cuda..
['/home/gaya6/LogSAD/datasets/MVTec_LOCO/breakfast_box/test/structural_anomalies/046.png'] tensor(0.9987, dtype=torch.float64)
predicting on cuda..
['/home/gaya6/LogSAD/datasets/MVTec_LOCO/breakfast_box/test/structural_anomalies/047.png'] tensor(0.9765, dtype=torch.float64)
predicting on cuda..
['/home/gaya6/LogSAD/datasets/MVTec_LOCO/breakfast_box/test/structural_anomalies/048.png'] tensor(0.9968, dtype=torch.float64)
predicting on cuda..
['/home/gaya6/LogSAD/datasets/MVTec_LOCO/breakfast_box/test/structural_anomalies/049.png'] tensor(0.8526, dtype=torch.float64)
predicting on cuda..
['/home/gaya6/LogSAD/datasets/MVTec_LOCO/breakfast_box/test/structural_anomalies/050.png'] tensor(0.9971, dtype=torch.float64)
predicting on cuda..
['/home/gaya6/LogSAD/datasets/MVTec_LOCO/breakfast_box/test/structural_anomalies/051.png'] tensor(0.9764, dtype=torch.float64)
predicting on cuda..
['/home/gaya6/LogSAD/datasets/MVTec_LOCO/breakfast_box/test/structural_anomalies/052.png'] tensor(0.9957, dtype=torch.float64)
predicting on cuda..
['/home/gaya6/LogSAD/datasets/MVTec_LOCO/breakfast_box/test/structural_anomalies/053.png'] tensor(0.9977, dtype=torch.float64)
predicting on cuda..
['/home/gaya6/LogSAD/datasets/MVTec_LOCO/breakfast_box/test/structural_anomalies/054.png'] tensor(0.9368, dtype=torch.float64)
predicting on cuda..
['/home/gaya6/LogSAD/datasets/MVTec_LOCO/breakfast_box/test/structural_anomalies/055.png'] tensor(0.9479, dtype=torch.float64)
predicting on cuda..
['/home/gaya6/LogSAD/datasets/MVTec_LOCO/breakfast_box/test/structural_anomalies/056.png'] tensor(0.9896, dtype=torch.float64)
predicting on cuda..
['/home/gaya6/LogSAD/datasets/MVTec_LOCO/breakfast_box/test/structural_anomalies/057.png'] tensor(0.5618, dtype=torch.float64)
predicting on cuda..
['/home/gaya6/LogSAD/datasets/MVTec_LOCO/breakfast_box/test/structural_anomalies/058.png'] tensor(0.9873, dtype=torch.float64)
predicting on cuda..
['/home/gaya6/LogSAD/datasets/MVTec_LOCO/breakfast_box/test/structural_anomalies/059.png'] tensor(0.9962, dtype=torch.float64)
predicting on cuda..
['/home/gaya6/LogSAD/datasets/MVTec_LOCO/breakfast_box/test/structural_anomalies/060.png'] tensor(0.6490, dtype=torch.float64)
predicting on cuda..
['/home/gaya6/LogSAD/datasets/MVTec_LOCO/breakfast_box/test/structural_anomalies/061.png'] tensor(0.9025, dtype=torch.float64)
predicting on cuda..
['/home/gaya6/LogSAD/datasets/MVTec_LOCO/breakfast_box/test/structural_anomalies/062.png'] tensor(0.9989, dtype=torch.float64)
predicting on cuda..
['/home/gaya6/LogSAD/datasets/MVTec_LOCO/breakfast_box/test/structural_anomalies/063.png'] tensor(0.9231, dtype=torch.float64)
predicting on cuda..
['/home/gaya6/LogSAD/datasets/MVTec_LOCO/breakfast_box/test/structural_anomalies/064.png'] tensor(0.9979, dtype=torch.float64)
predicting on cuda..
['/home/gaya6/LogSAD/datasets/MVTec_LOCO/breakfast_box/test/structural_anomalies/065.png'] tensor(0.9795, dtype=torch.float64)
predicting on cuda..
['/home/gaya6/LogSAD/datasets/MVTec_LOCO/breakfast_box/test/structural_anomalies/066.png'] tensor(0.5738, dtype=torch.float64)
predicting on cuda..
['/home/gaya6/LogSAD/datasets/MVTec_LOCO/breakfast_box/test/structural_anomalies/067.png'] tensor(0.9866, dtype=torch.float64)
predicting on cuda..
['/home/gaya6/LogSAD/datasets/MVTec_LOCO/breakfast_box/test/structural_anomalies/068.png'] tensor(0.9965, dtype=torch.float64)
predicting on cuda..
['/home/gaya6/LogSAD/datasets/MVTec_LOCO/breakfast_box/test/structural_anomalies/069.png'] tensor(0.8324, dtype=torch.float64)
predicting on cuda..
['/home/gaya6/LogSAD/datasets/MVTec_LOCO/breakfast_box/test/structural_anomalies/070.png'] tensor(0.9958, dtype=torch.float64)
predicting on cuda..
['/home/gaya6/LogSAD/datasets/MVTec_LOCO/breakfast_box/test/structural_anomalies/071.png'] tensor(0.7266, dtype=torch.float64)
predicting on cuda..
['/home/gaya6/LogSAD/datasets/MVTec_LOCO/breakfast_box/test/structural_anomalies/072.png'] tensor(0.9955, dtype=torch.float64)
predicting on cuda..
['/home/gaya6/LogSAD/datasets/MVTec_LOCO/breakfast_box/test/structural_anomalies/073.png'] tensor(0.9603, dtype=torch.float64)
predicting on cuda..
['/home/gaya6/LogSAD/datasets/MVTec_LOCO/breakfast_box/test/structural_anomalies/074.png'] tensor(0.7892, dtype=torch.float64)
predicting on cuda..
['/home/gaya6/LogSAD/datasets/MVTec_LOCO/breakfast_box/test/structural_anomalies/075.png'] tensor(0.9730, dtype=torch.float64)
predicting on cuda..
['/home/gaya6/LogSAD/datasets/MVTec_LOCO/breakfast_box/test/structural_anomalies/076.png'] tensor(1.0000, dtype=torch.float64)
predicting on cuda..
['/home/gaya6/LogSAD/datasets/MVTec_LOCO/breakfast_box/test/structural_anomalies/077.png'] tensor(0.9999, dtype=torch.float64)
predicting on cuda..
['/home/gaya6/LogSAD/datasets/MVTec_LOCO/breakfast_box/test/structural_anomalies/078.png'] tensor(0.9999, dtype=torch.float64)
predicting on cuda..
['/home/gaya6/LogSAD/datasets/MVTec_LOCO/breakfast_box/test/structural_anomalies/079.png'] tensor(1.0000, dtype=torch.float64)
predicting on cuda..
['/home/gaya6/LogSAD/datasets/MVTec_LOCO/breakfast_box/test/structural_anomalies/080.png'] tensor(0.9987, dtype=torch.float64)
predicting on cuda..
['/home/gaya6/LogSAD/datasets/MVTec_LOCO/breakfast_box/test/structural_anomalies/081.png'] tensor(1.0000, dtype=torch.float64)
predicting on cuda..
['/home/gaya6/LogSAD/datasets/MVTec_LOCO/breakfast_box/test/structural_anomalies/082.png'] tensor(0.9746, dtype=torch.float64)
predicting on cuda..
['/home/gaya6/LogSAD/datasets/MVTec_LOCO/breakfast_box/test/structural_anomalies/083.png'] tensor(0.9999, dtype=torch.float64)
predicting on cuda..
['/home/gaya6/LogSAD/datasets/MVTec_LOCO/breakfast_box/test/structural_anomalies/084.png'] tensor(1.0000, dtype=torch.float64)
predicting on cuda..
['/home/gaya6/LogSAD/datasets/MVTec_LOCO/breakfast_box/test/structural_anomalies/085.png'] tensor(1.0000, dtype=torch.float64)
predicting on cuda..
['/home/gaya6/LogSAD/datasets/MVTec_LOCO/breakfast_box/test/structural_anomalies/086.png'] tensor(0.9997, dtype=torch.float64)
predicting on cuda..
['/home/gaya6/LogSAD/datasets/MVTec_LOCO/breakfast_box/test/structural_anomalies/087.png'] tensor(0.9999, dtype=torch.float64)
predicting on cuda..
['/home/gaya6/LogSAD/datasets/MVTec_LOCO/breakfast_box/test/structural_anomalies/088.png'] tensor(0.9999, dtype=torch.float64)
predicting on cuda..
['/home/gaya6/LogSAD/datasets/MVTec_LOCO/breakfast_box/test/structural_anomalies/089.png'] tensor(1.0000, dtype=torch.float64)
26-05-14 03:32:12.971 - INFO: 
| category      |   K-shots |   F1-Max(image) |   AUROC(image) |   F1-Max (logical) |   AUROC (logical) |   F1-Max (structural) |   AUROC (structural) |
|:--------------|----------:|----------------:|---------------:|-------------------:|------------------:|----------------------:|---------------------:|
| breakfast_box |         2 |           88.05 |          91.54 |              90.12 |             95.25 |                 81.71 |                88.12 |
