/home/gaya6/LogSAD/dinov2/dinov2/layers/swiglu_ffn.py:43: UserWarning: xFormers is available (SwiGLU)
  warnings.warn("xFormers is available (SwiGLU)")
/home/gaya6/LogSAD/dinov2/dinov2/layers/attention.py:27: UserWarning: xFormers is available (Attention)
  warnings.warn("xFormers is available (Attention)")
/home/gaya6/LogSAD/dinov2/dinov2/layers/block.py:33: UserWarning: xFormers is available (Block)
  warnings.warn("xFormers is available (Block)")
['/mnt/dsc3032-gaya-shared/group6/datasets/VisA/visa_pytorch/candle/test/bad/000.JPG'] 0.26888054609298706
['/mnt/dsc3032-gaya-shared/group6/datasets/VisA/visa_pytorch/candle/test/bad/001.JPG'] 0.47002094984054565
['/mnt/dsc3032-gaya-shared/group6/datasets/VisA/visa_pytorch/candle/test/bad/002.JPG'] 0.34667420387268066
['/mnt/dsc3032-gaya-shared/group6/datasets/VisA/visa_pytorch/candle/test/bad/003.JPG'] 0.35312968492507935
['/mnt/dsc3032-gaya-shared/group6/datasets/VisA/visa_pytorch/candle/test/bad/004.JPG'] 0.41678136587142944
['/mnt/dsc3032-gaya-shared/group6/datasets/VisA/visa_pytorch/candle/test/bad/005.JPG'] 0.46683061122894287
['/mnt/dsc3032-gaya-shared/group6/datasets/VisA/visa_pytorch/candle/test/bad/006.JPG'] 0.37384721636772156
['/mnt/dsc3032-gaya-shared/group6/datasets/VisA/visa_pytorch/candle/test/bad/007.JPG'] 0.4095827341079712
['/mnt/dsc3032-gaya-shared/group6/datasets/VisA/visa_pytorch/candle/test/bad/008.JPG'] 0.33983755111694336
['/mnt/dsc3032-gaya-shared/group6/datasets/VisA/visa_pytorch/candle/test/bad/009.JPG'] 0.43521326780319214
['/mnt/dsc3032-gaya-shared/group6/datasets/VisA/visa_pytorch/candle/test/bad/010.JPG'] 0.3194260895252228
['/mnt/dsc3032-gaya-shared/group6/datasets/VisA/visa_pytorch/candle/test/bad/011.JPG'] 0.3209313154220581
['/mnt/dsc3032-gaya-shared/group6/datasets/VisA/visa_pytorch/candle/test/bad/012.JPG'] 0.3148035407066345
['/mnt/dsc3032-gaya-shared/group6/datasets/VisA/visa_pytorch/candle/test/bad/013.JPG'] 0.37582284212112427
['/mnt/dsc3032-gaya-shared/group6/datasets/VisA/visa_pytorch/candle/test/bad/014.JPG'] 0.3199143409729004
['/mnt/dsc3032-gaya-shared/group6/datasets/VisA/visa_pytorch/candle/test/bad/015.JPG'] 0.26470860838890076
['/mnt/dsc3032-gaya-shared/group6/datasets/VisA/visa_pytorch/candle/test/bad/016.JPG'] 0.25601279735565186
['/mnt/dsc3032-gaya-shared/group6/datasets/VisA/visa_pytorch/candle/test/bad/017.JPG'] 0.20805306732654572
['/mnt/dsc3032-gaya-shared/group6/datasets/VisA/visa_pytorch/candle/test/bad/018.JPG'] 0.2837693691253662
['/mnt/dsc3032-gaya-shared/group6/datasets/VisA/visa_pytorch/candle/test/bad/019.JPG'] 0.27367544174194336
['/mnt/dsc3032-gaya-shared/group6/datasets/VisA/visa_pytorch/candle/test/bad/020.JPG'] 0.28900542855262756
['/mnt/dsc3032-gaya-shared/group6/datasets/VisA/visa_pytorch/candle/test/bad/021.JPG'] 0.25480782985687256
['/mnt/dsc3032-gaya-shared/group6/datasets/VisA/visa_pytorch/candle/test/bad/022.JPG'] 0.2895687520503998
['/mnt/dsc3032-gaya-shared/group6/datasets/VisA/visa_pytorch/candle/test/bad/023.JPG'] 0.3127520680427551
['/mnt/dsc3032-gaya-shared/group6/datasets/VisA/visa_pytorch/candle/test/bad/024.JPG'] 0.27602648735046387
['/mnt/dsc3032-gaya-shared/group6/datasets/VisA/visa_pytorch/candle/test/bad/025.JPG'] 0.31497061252593994
['/mnt/dsc3032-gaya-shared/group6/datasets/VisA/visa_pytorch/candle/test/bad/026.JPG'] 0.3022426962852478
['/mnt/dsc3032-gaya-shared/group6/datasets/VisA/visa_pytorch/candle/test/bad/027.JPG'] 0.22666603326797485
['/mnt/dsc3032-gaya-shared/group6/datasets/VisA/visa_pytorch/candle/test/bad/028.JPG'] 0.267533540725708
['/mnt/dsc3032-gaya-shared/group6/datasets/VisA/visa_pytorch/candle/test/bad/029.JPG'] 0.25343480706214905
['/mnt/dsc3032-gaya-shared/group6/datasets/VisA/visa_pytorch/candle/test/bad/030.JPG'] 0.3626277446746826
['/mnt/dsc3032-gaya-shared/group6/datasets/VisA/visa_pytorch/candle/test/bad/031.JPG'] 0.24567240476608276
['/mnt/dsc3032-gaya-shared/group6/datasets/VisA/visa_pytorch/candle/test/bad/032.JPG'] 0.34767860174179077
['/mnt/dsc3032-gaya-shared/group6/datasets/VisA/visa_pytorch/candle/test/bad/033.JPG'] 0.22801239788532257
['/mnt/dsc3032-gaya-shared/group6/datasets/VisA/visa_pytorch/candle/test/bad/034.JPG'] 0.30713051557540894
['/mnt/dsc3032-gaya-shared/group6/datasets/VisA/visa_pytorch/candle/test/bad/035.JPG'] 0.27102717757225037
['/mnt/dsc3032-gaya-shared/group6/datasets/VisA/visa_pytorch/candle/test/bad/036.JPG'] 0.2339995801448822
['/mnt/dsc3032-gaya-shared/group6/datasets/VisA/visa_pytorch/candle/test/bad/037.JPG'] 0.2657836079597473
['/mnt/dsc3032-gaya-shared/group6/datasets/VisA/visa_pytorch/candle/test/bad/038.JPG'] 0.34699082374572754
['/mnt/dsc3032-gaya-shared/group6/datasets/VisA/visa_pytorch/candle/test/bad/039.JPG'] 0.2448706328868866
['/mnt/dsc3032-gaya-shared/group6/datasets/VisA/visa_pytorch/candle/test/bad/040.JPG'] 0.4353639483451843
['/mnt/dsc3032-gaya-shared/group6/datasets/VisA/visa_pytorch/candle/test/bad/041.JPG'] 0.440540611743927
['/mnt/dsc3032-gaya-shared/group6/datasets/VisA/visa_pytorch/candle/test/bad/042.JPG'] 0.44723570346832275
['/mnt/dsc3032-gaya-shared/group6/datasets/VisA/visa_pytorch/candle/test/bad/043.JPG'] 0.48305732011795044
['/mnt/dsc3032-gaya-shared/group6/datasets/VisA/visa_pytorch/candle/test/bad/044.JPG'] 0.42371731996536255
['/mnt/dsc3032-gaya-shared/group6/datasets/VisA/visa_pytorch/candle/test/bad/045.JPG'] 0.5262317657470703
['/mnt/dsc3032-gaya-shared/group6/datasets/VisA/visa_pytorch/candle/test/bad/046.JPG'] 0.37725937366485596
['/mnt/dsc3032-gaya-shared/group6/datasets/VisA/visa_pytorch/candle/test/bad/047.JPG'] 0.3569449186325073
['/mnt/dsc3032-gaya-shared/group6/datasets/VisA/visa_pytorch/candle/test/bad/048.JPG'] 0.40542876720428467
['/mnt/dsc3032-gaya-shared/group6/datasets/VisA/visa_pytorch/candle/test/bad/049.JPG'] 0.4074152112007141
['/mnt/dsc3032-gaya-shared/group6/datasets/VisA/visa_pytorch/candle/test/bad/050.JPG'] 0.36283349990844727
['/mnt/dsc3032-gaya-shared/group6/datasets/VisA/visa_pytorch/candle/test/bad/051.JPG'] 0.3556569516658783
['/mnt/dsc3032-gaya-shared/group6/datasets/VisA/visa_pytorch/candle/test/bad/052.JPG'] 0.4166876971721649
['/mnt/dsc3032-gaya-shared/group6/datasets/VisA/visa_pytorch/candle/test/bad/053.JPG'] 0.36360877752304077
['/mnt/dsc3032-gaya-shared/group6/datasets/VisA/visa_pytorch/candle/test/bad/054.JPG'] 0.42602968215942383
['/mnt/dsc3032-gaya-shared/group6/datasets/VisA/visa_pytorch/candle/test/bad/055.JPG'] 0.37321358919143677
['/mnt/dsc3032-gaya-shared/group6/datasets/VisA/visa_pytorch/candle/test/bad/056.JPG'] 0.41592851281166077
['/mnt/dsc3032-gaya-shared/group6/datasets/VisA/visa_pytorch/candle/test/bad/057.JPG'] 0.38832131028175354
['/mnt/dsc3032-gaya-shared/group6/datasets/VisA/visa_pytorch/candle/test/bad/058.JPG'] 0.3870500922203064
['/mnt/dsc3032-gaya-shared/group6/datasets/VisA/visa_pytorch/candle/test/bad/059.JPG'] 0.3488301634788513
['/mnt/dsc3032-gaya-shared/group6/datasets/VisA/visa_pytorch/candle/test/bad/060.JPG'] 0.2205718606710434
['/mnt/dsc3032-gaya-shared/group6/datasets/VisA/visa_pytorch/candle/test/bad/061.JPG'] 0.35463765263557434
['/mnt/dsc3032-gaya-shared/group6/datasets/VisA/visa_pytorch/candle/test/bad/062.JPG'] 0.2958962917327881
['/mnt/dsc3032-gaya-shared/group6/datasets/VisA/visa_pytorch/candle/test/bad/063.JPG'] 0.3045670986175537
['/mnt/dsc3032-gaya-shared/group6/datasets/VisA/visa_pytorch/candle/test/bad/064.JPG'] 0.34168997406959534
['/mnt/dsc3032-gaya-shared/group6/datasets/VisA/visa_pytorch/candle/test/bad/065.JPG'] 0.3044586181640625
['/mnt/dsc3032-gaya-shared/group6/datasets/VisA/visa_pytorch/candle/test/bad/066.JPG'] 0.33244165778160095
['/mnt/dsc3032-gaya-shared/group6/datasets/VisA/visa_pytorch/candle/test/bad/067.JPG'] 0.3783130645751953
['/mnt/dsc3032-gaya-shared/group6/datasets/VisA/visa_pytorch/candle/test/bad/068.JPG'] 0.4067487120628357
['/mnt/dsc3032-gaya-shared/group6/datasets/VisA/visa_pytorch/candle/test/bad/069.JPG'] 0.26022398471832275
['/mnt/dsc3032-gaya-shared/group6/datasets/VisA/visa_pytorch/candle/test/bad/070.JPG'] 0.5451099872589111
['/mnt/dsc3032-gaya-shared/group6/datasets/VisA/visa_pytorch/candle/test/bad/071.JPG'] 0.4622790515422821
['/mnt/dsc3032-gaya-shared/group6/datasets/VisA/visa_pytorch/candle/test/bad/072.JPG'] 0.43765342235565186
['/mnt/dsc3032-gaya-shared/group6/datasets/VisA/visa_pytorch/candle/test/bad/073.JPG'] 0.4359503984451294
['/mnt/dsc3032-gaya-shared/group6/datasets/VisA/visa_pytorch/candle/test/bad/074.JPG'] 0.5012931823730469
['/mnt/dsc3032-gaya-shared/group6/datasets/VisA/visa_pytorch/candle/test/bad/075.JPG'] 0.46240997314453125
['/mnt/dsc3032-gaya-shared/group6/datasets/VisA/visa_pytorch/candle/test/bad/076.JPG'] 0.4190242290496826
['/mnt/dsc3032-gaya-shared/group6/datasets/VisA/visa_pytorch/candle/test/bad/077.JPG'] 0.483350932598114
['/mnt/dsc3032-gaya-shared/group6/datasets/VisA/visa_pytorch/candle/test/bad/078.JPG'] 0.5357555150985718
['/mnt/dsc3032-gaya-shared/group6/datasets/VisA/visa_pytorch/candle/test/bad/079.JPG'] 0.5203301906585693
['/mnt/dsc3032-gaya-shared/group6/datasets/VisA/visa_pytorch/candle/test/bad/080.JPG'] 0.487221896648407
['/mnt/dsc3032-gaya-shared/group6/datasets/VisA/visa_pytorch/candle/test/bad/081.JPG'] 0.49696820974349976
['/mnt/dsc3032-gaya-shared/group6/datasets/VisA/visa_pytorch/candle/test/bad/082.JPG'] 0.35544344782829285
['/mnt/dsc3032-gaya-shared/group6/datasets/VisA/visa_pytorch/candle/test/bad/083.JPG'] 0.5063222646713257
['/mnt/dsc3032-gaya-shared/group6/datasets/VisA/visa_pytorch/candle/test/bad/084.JPG'] 0.5218374729156494
['/mnt/dsc3032-gaya-shared/group6/datasets/VisA/visa_pytorch/candle/test/bad/085.JPG'] 0.3411144018173218
['/mnt/dsc3032-gaya-shared/group6/datasets/VisA/visa_pytorch/candle/test/bad/086.JPG'] 0.38472044467926025
['/mnt/dsc3032-gaya-shared/group6/datasets/VisA/visa_pytorch/candle/test/bad/087.JPG'] 0.33506402373313904
['/mnt/dsc3032-gaya-shared/group6/datasets/VisA/visa_pytorch/candle/test/bad/088.JPG'] 0.3477586507797241
['/mnt/dsc3032-gaya-shared/group6/datasets/VisA/visa_pytorch/candle/test/bad/089.JPG'] 0.33600470423698425
['/mnt/dsc3032-gaya-shared/group6/datasets/VisA/visa_pytorch/candle/test/bad/090.JPG'] 0.32296350598335266
['/mnt/dsc3032-gaya-shared/group6/datasets/VisA/visa_pytorch/candle/test/bad/091.JPG'] 0.25957149267196655
['/mnt/dsc3032-gaya-shared/group6/datasets/VisA/visa_pytorch/candle/test/bad/092.JPG'] 0.31364357471466064
['/mnt/dsc3032-gaya-shared/group6/datasets/VisA/visa_pytorch/candle/test/bad/093.JPG'] 0.35133737325668335
['/mnt/dsc3032-gaya-shared/group6/datasets/VisA/visa_pytorch/candle/test/bad/094.JPG'] 0.29943886399269104
['/mnt/dsc3032-gaya-shared/group6/datasets/VisA/visa_pytorch/candle/test/bad/095.JPG'] 0.30894410610198975
['/mnt/dsc3032-gaya-shared/group6/datasets/VisA/visa_pytorch/candle/test/bad/096.JPG'] 0.34961315989494324
['/mnt/dsc3032-gaya-shared/group6/datasets/VisA/visa_pytorch/candle/test/bad/097.JPG'] 0.33292657136917114
['/mnt/dsc3032-gaya-shared/group6/datasets/VisA/visa_pytorch/candle/test/bad/098.JPG'] 0.2853524386882782
['/mnt/dsc3032-gaya-shared/group6/datasets/VisA/visa_pytorch/candle/test/bad/099.JPG'] 0.37823477387428284
['/mnt/dsc3032-gaya-shared/group6/datasets/VisA/visa_pytorch/candle/test/good/0011.JPG'] 0.15977346897125244
['/mnt/dsc3032-gaya-shared/group6/datasets/VisA/visa_pytorch/candle/test/good/0013.JPG'] 0.16852813959121704
['/mnt/dsc3032-gaya-shared/group6/datasets/VisA/visa_pytorch/candle/test/good/0016.JPG'] 0.18237580358982086
['/mnt/dsc3032-gaya-shared/group6/datasets/VisA/visa_pytorch/candle/test/good/0024.JPG'] 0.2306753695011139
['/mnt/dsc3032-gaya-shared/group6/datasets/VisA/visa_pytorch/candle/test/good/0026.JPG'] 0.2383611500263214
['/mnt/dsc3032-gaya-shared/group6/datasets/VisA/visa_pytorch/candle/test/good/0027.JPG'] 0.1953614056110382
['/mnt/dsc3032-gaya-shared/group6/datasets/VisA/visa_pytorch/candle/test/good/0046.JPG'] 0.23735757172107697
['/mnt/dsc3032-gaya-shared/group6/datasets/VisA/visa_pytorch/candle/test/good/0100.JPG'] 0.29944294691085815
['/mnt/dsc3032-gaya-shared/group6/datasets/VisA/visa_pytorch/candle/test/good/0107.JPG'] 0.3763660788536072
['/mnt/dsc3032-gaya-shared/group6/datasets/VisA/visa_pytorch/candle/test/good/0159.JPG'] 0.24444209039211273
['/mnt/dsc3032-gaya-shared/group6/datasets/VisA/visa_pytorch/candle/test/good/0168.JPG'] 0.20413829386234283
['/mnt/dsc3032-gaya-shared/group6/datasets/VisA/visa_pytorch/candle/test/good/0170.JPG'] 0.2552703619003296
['/mnt/dsc3032-gaya-shared/group6/datasets/VisA/visa_pytorch/candle/test/good/0172.JPG'] 0.23718415200710297
['/mnt/dsc3032-gaya-shared/group6/datasets/VisA/visa_pytorch/candle/test/good/0174.JPG'] 0.2637505531311035
['/mnt/dsc3032-gaya-shared/group6/datasets/VisA/visa_pytorch/candle/test/good/0178.JPG'] 0.2573022246360779
['/mnt/dsc3032-gaya-shared/group6/datasets/VisA/visa_pytorch/candle/test/good/0187.JPG'] 0.18652787804603577
['/mnt/dsc3032-gaya-shared/group6/datasets/VisA/visa_pytorch/candle/test/good/0196.JPG'] 0.20797574520111084
['/mnt/dsc3032-gaya-shared/group6/datasets/VisA/visa_pytorch/candle/test/good/0208.JPG'] 0.2374967783689499
['/mnt/dsc3032-gaya-shared/group6/datasets/VisA/visa_pytorch/candle/test/good/0214.JPG'] 0.2361880987882614
['/mnt/dsc3032-gaya-shared/group6/datasets/VisA/visa_pytorch/candle/test/good/0215.JPG'] 0.32989978790283203
['/mnt/dsc3032-gaya-shared/group6/datasets/VisA/visa_pytorch/candle/test/good/0237.JPG'] 0.20316584408283234
['/mnt/dsc3032-gaya-shared/group6/datasets/VisA/visa_pytorch/candle/test/good/0261.JPG'] 0.29957863688468933
['/mnt/dsc3032-gaya-shared/group6/datasets/VisA/visa_pytorch/candle/test/good/0286.JPG'] 0.18318437039852142
['/mnt/dsc3032-gaya-shared/group6/datasets/VisA/visa_pytorch/candle/test/good/0294.JPG'] 0.20477698743343353
['/mnt/dsc3032-gaya-shared/group6/datasets/VisA/visa_pytorch/candle/test/good/0297.JPG'] 0.22639182209968567
['/mnt/dsc3032-gaya-shared/group6/datasets/VisA/visa_pytorch/candle/test/good/0303.JPG'] 0.21980325877666473
['/mnt/dsc3032-gaya-shared/group6/datasets/VisA/visa_pytorch/candle/test/good/0306.JPG'] 0.20903758704662323
['/mnt/dsc3032-gaya-shared/group6/datasets/VisA/visa_pytorch/candle/test/good/0320.JPG'] 0.20277485251426697
['/mnt/dsc3032-gaya-shared/group6/datasets/VisA/visa_pytorch/candle/test/good/0333.JPG'] 0.2042211890220642
['/mnt/dsc3032-gaya-shared/group6/datasets/VisA/visa_pytorch/candle/test/good/0363.JPG'] 0.21998827159404755
['/mnt/dsc3032-gaya-shared/group6/datasets/VisA/visa_pytorch/candle/test/good/0377.JPG'] 0.24144451320171356
['/mnt/dsc3032-gaya-shared/group6/datasets/VisA/visa_pytorch/candle/test/good/0394.JPG'] 0.24987654387950897
['/mnt/dsc3032-gaya-shared/group6/datasets/VisA/visa_pytorch/candle/test/good/0400.JPG'] 0.2775992155075073
['/mnt/dsc3032-gaya-shared/group6/datasets/VisA/visa_pytorch/candle/test/good/0402.JPG'] 0.20715399086475372
['/mnt/dsc3032-gaya-shared/group6/datasets/VisA/visa_pytorch/candle/test/good/0417.JPG'] 0.21723635494709015
['/mnt/dsc3032-gaya-shared/group6/datasets/VisA/visa_pytorch/candle/test/good/0423.JPG'] 0.2457338571548462
['/mnt/dsc3032-gaya-shared/group6/datasets/VisA/visa_pytorch/candle/test/good/0427.JPG'] 0.29111969470977783
['/mnt/dsc3032-gaya-shared/group6/datasets/VisA/visa_pytorch/candle/test/good/0457.JPG'] 0.1904238760471344
['/mnt/dsc3032-gaya-shared/group6/datasets/VisA/visa_pytorch/candle/test/good/0469.JPG'] 0.2265527844429016
['/mnt/dsc3032-gaya-shared/group6/datasets/VisA/visa_pytorch/candle/test/good/0479.JPG'] 0.23065896332263947
['/mnt/dsc3032-gaya-shared/group6/datasets/VisA/visa_pytorch/candle/test/good/0483.JPG'] 0.22827190160751343
['/mnt/dsc3032-gaya-shared/group6/datasets/VisA/visa_pytorch/candle/test/good/0484.JPG'] 0.196354478597641
['/mnt/dsc3032-gaya-shared/group6/datasets/VisA/visa_pytorch/candle/test/good/0488.JPG'] 0.31926751136779785
['/mnt/dsc3032-gaya-shared/group6/datasets/VisA/visa_pytorch/candle/test/good/0490.JPG'] 0.2602360248565674
['/mnt/dsc3032-gaya-shared/group6/datasets/VisA/visa_pytorch/candle/test/good/0514.JPG'] 0.20967577397823334
['/mnt/dsc3032-gaya-shared/group6/datasets/VisA/visa_pytorch/candle/test/good/0518.JPG'] 0.2211824357509613
['/mnt/dsc3032-gaya-shared/group6/datasets/VisA/visa_pytorch/candle/test/good/0520.JPG'] 0.22310250997543335
['/mnt/dsc3032-gaya-shared/group6/datasets/VisA/visa_pytorch/candle/test/good/0525.JPG'] 0.2660822570323944
['/mnt/dsc3032-gaya-shared/group6/datasets/VisA/visa_pytorch/candle/test/good/0545.JPG'] 0.32826900482177734
['/mnt/dsc3032-gaya-shared/group6/datasets/VisA/visa_pytorch/candle/test/good/0552.JPG'] 0.2591503858566284
['/mnt/dsc3032-gaya-shared/group6/datasets/VisA/visa_pytorch/candle/test/good/0569.JPG'] 0.20951294898986816
['/mnt/dsc3032-gaya-shared/group6/datasets/VisA/visa_pytorch/candle/test/good/0615.JPG'] 0.2211671769618988
['/mnt/dsc3032-gaya-shared/group6/datasets/VisA/visa_pytorch/candle/test/good/0617.JPG'] 0.2406919002532959
['/mnt/dsc3032-gaya-shared/group6/datasets/VisA/visa_pytorch/candle/test/good/0619.JPG'] 0.19481785595417023
['/mnt/dsc3032-gaya-shared/group6/datasets/VisA/visa_pytorch/candle/test/good/0621.JPG'] 0.20157186686992645
['/mnt/dsc3032-gaya-shared/group6/datasets/VisA/visa_pytorch/candle/test/good/0629.JPG'] 0.24269700050354004
['/mnt/dsc3032-gaya-shared/group6/datasets/VisA/visa_pytorch/candle/test/good/0631.JPG'] 0.1980629563331604
['/mnt/dsc3032-gaya-shared/group6/datasets/VisA/visa_pytorch/candle/test/good/0648.JPG'] 0.2401067167520523
['/mnt/dsc3032-gaya-shared/group6/datasets/VisA/visa_pytorch/candle/test/good/0654.JPG'] 0.18768823146820068
['/mnt/dsc3032-gaya-shared/group6/datasets/VisA/visa_pytorch/candle/test/good/0657.JPG'] 0.1802021712064743
['/mnt/dsc3032-gaya-shared/group6/datasets/VisA/visa_pytorch/candle/test/good/0659.JPG'] 0.23831628262996674
['/mnt/dsc3032-gaya-shared/group6/datasets/VisA/visa_pytorch/candle/test/good/0674.JPG'] 0.20244359970092773
['/mnt/dsc3032-gaya-shared/group6/datasets/VisA/visa_pytorch/candle/test/good/0684.JPG'] 0.18807633221149445
['/mnt/dsc3032-gaya-shared/group6/datasets/VisA/visa_pytorch/candle/test/good/0685.JPG'] 0.21073928475379944
['/mnt/dsc3032-gaya-shared/group6/datasets/VisA/visa_pytorch/candle/test/good/0688.JPG'] 0.19391217827796936
['/mnt/dsc3032-gaya-shared/group6/datasets/VisA/visa_pytorch/candle/test/good/0690.JPG'] 0.16451868414878845
['/mnt/dsc3032-gaya-shared/group6/datasets/VisA/visa_pytorch/candle/test/good/0694.JPG'] 0.20325511693954468
['/mnt/dsc3032-gaya-shared/group6/datasets/VisA/visa_pytorch/candle/test/good/0705.JPG'] 0.27060312032699585
['/mnt/dsc3032-gaya-shared/group6/datasets/VisA/visa_pytorch/candle/test/good/0725.JPG'] 0.20965798199176788
['/mnt/dsc3032-gaya-shared/group6/datasets/VisA/visa_pytorch/candle/test/good/0730.JPG'] 0.2720639705657959
['/mnt/dsc3032-gaya-shared/group6/datasets/VisA/visa_pytorch/candle/test/good/0735.JPG'] 0.19551269710063934
['/mnt/dsc3032-gaya-shared/group6/datasets/VisA/visa_pytorch/candle/test/good/0739.JPG'] 0.1920316517353058
['/mnt/dsc3032-gaya-shared/group6/datasets/VisA/visa_pytorch/candle/test/good/0751.JPG'] 0.3472597897052765
['/mnt/dsc3032-gaya-shared/group6/datasets/VisA/visa_pytorch/candle/test/good/0755.JPG'] 0.19422152638435364
['/mnt/dsc3032-gaya-shared/group6/datasets/VisA/visa_pytorch/candle/test/good/0764.JPG'] 0.1860487461090088
['/mnt/dsc3032-gaya-shared/group6/datasets/VisA/visa_pytorch/candle/test/good/0768.JPG'] 0.19182075560092926
['/mnt/dsc3032-gaya-shared/group6/datasets/VisA/visa_pytorch/candle/test/good/0779.JPG'] 0.30061811208724976
['/mnt/dsc3032-gaya-shared/group6/datasets/VisA/visa_pytorch/candle/test/good/0784.JPG'] 0.313804030418396
['/mnt/dsc3032-gaya-shared/group6/datasets/VisA/visa_pytorch/candle/test/good/0790.JPG'] 0.20680516958236694
['/mnt/dsc3032-gaya-shared/group6/datasets/VisA/visa_pytorch/candle/test/good/0796.JPG'] 0.23719052970409393
['/mnt/dsc3032-gaya-shared/group6/datasets/VisA/visa_pytorch/candle/test/good/0797.JPG'] 0.2192770540714264
['/mnt/dsc3032-gaya-shared/group6/datasets/VisA/visa_pytorch/candle/test/good/0800.JPG'] 0.3524136543273926
['/mnt/dsc3032-gaya-shared/group6/datasets/VisA/visa_pytorch/candle/test/good/0804.JPG'] 0.24025653302669525
['/mnt/dsc3032-gaya-shared/group6/datasets/VisA/visa_pytorch/candle/test/good/0811.JPG'] 0.27222132682800293
['/mnt/dsc3032-gaya-shared/group6/datasets/VisA/visa_pytorch/candle/test/good/0844.JPG'] 0.2172061651945114
['/mnt/dsc3032-gaya-shared/group6/datasets/VisA/visa_pytorch/candle/test/good/0869.JPG'] 0.19964659214019775
['/mnt/dsc3032-gaya-shared/group6/datasets/VisA/visa_pytorch/candle/test/good/0871.JPG'] 0.21069985628128052
['/mnt/dsc3032-gaya-shared/group6/datasets/VisA/visa_pytorch/candle/test/good/0892.JPG'] 0.2324112355709076
['/mnt/dsc3032-gaya-shared/group6/datasets/VisA/visa_pytorch/candle/test/good/0900.JPG'] 0.2252292037010193
['/mnt/dsc3032-gaya-shared/group6/datasets/VisA/visa_pytorch/candle/test/good/0920.JPG'] 0.20041798055171967
['/mnt/dsc3032-gaya-shared/group6/datasets/VisA/visa_pytorch/candle/test/good/0923.JPG'] 0.236511692404747
['/mnt/dsc3032-gaya-shared/group6/datasets/VisA/visa_pytorch/candle/test/good/0935.JPG'] 0.28634899854660034
['/mnt/dsc3032-gaya-shared/group6/datasets/VisA/visa_pytorch/candle/test/good/0952.JPG'] 0.2634414732456207
['/mnt/dsc3032-gaya-shared/group6/datasets/VisA/visa_pytorch/candle/test/good/0953.JPG'] 0.2131892293691635
['/mnt/dsc3032-gaya-shared/group6/datasets/VisA/visa_pytorch/candle/test/good/0964.JPG'] 0.2131234109401703
['/mnt/dsc3032-gaya-shared/group6/datasets/VisA/visa_pytorch/candle/test/good/0967.JPG'] 0.2537060081958771
['/mnt/dsc3032-gaya-shared/group6/datasets/VisA/visa_pytorch/candle/test/good/0974.JPG'] 0.2280471920967102
['/mnt/dsc3032-gaya-shared/group6/datasets/VisA/visa_pytorch/candle/test/good/0985.JPG'] 0.1985040009021759
['/mnt/dsc3032-gaya-shared/group6/datasets/VisA/visa_pytorch/candle/test/good/0994.JPG'] 0.303505539894104
['/mnt/dsc3032-gaya-shared/group6/datasets/VisA/visa_pytorch/candle/test/good/0996.JPG'] 0.2556959390640259
26-06-02 16:51:08.734 - INFO: 
| category   |   K-shots |   F1-Max(image) |   AUROC(image) |   F1-Max(pixel) |   AUROC(pixel) |
|:-----------|----------:|----------------:|---------------:|----------------:|---------------:|
| candle     |         4 |           85.44 |          92.57 |           35.51 |          98.91 |
