/home/gaya6/LogSAD/dinov2/dinov2/layers/swiglu_ffn.py:43: UserWarning: xFormers is available (SwiGLU)
  warnings.warn("xFormers is available (SwiGLU)")
/home/gaya6/LogSAD/dinov2/dinov2/layers/attention.py:27: UserWarning: xFormers is available (Attention)
  warnings.warn("xFormers is available (Attention)")
/home/gaya6/LogSAD/dinov2/dinov2/layers/block.py:33: UserWarning: xFormers is available (Block)
  warnings.warn("xFormers is available (Block)")
['/mnt/dsc3032-gaya-shared/group6/datasets/VisA/visa_pytorch/capsules/test/bad/000.JPG'] 0.280922532081604
['/mnt/dsc3032-gaya-shared/group6/datasets/VisA/visa_pytorch/capsules/test/bad/001.JPG'] 0.27422744035720825
['/mnt/dsc3032-gaya-shared/group6/datasets/VisA/visa_pytorch/capsules/test/bad/002.JPG'] 0.26454126834869385
['/mnt/dsc3032-gaya-shared/group6/datasets/VisA/visa_pytorch/capsules/test/bad/003.JPG'] 0.30562159419059753
['/mnt/dsc3032-gaya-shared/group6/datasets/VisA/visa_pytorch/capsules/test/bad/004.JPG'] 0.31453773379325867
['/mnt/dsc3032-gaya-shared/group6/datasets/VisA/visa_pytorch/capsules/test/bad/005.JPG'] 0.3067808151245117
['/mnt/dsc3032-gaya-shared/group6/datasets/VisA/visa_pytorch/capsules/test/bad/006.JPG'] 0.29205983877182007
['/mnt/dsc3032-gaya-shared/group6/datasets/VisA/visa_pytorch/capsules/test/bad/007.JPG'] 0.30498597025871277
['/mnt/dsc3032-gaya-shared/group6/datasets/VisA/visa_pytorch/capsules/test/bad/008.JPG'] 0.2792755365371704
['/mnt/dsc3032-gaya-shared/group6/datasets/VisA/visa_pytorch/capsules/test/bad/009.JPG'] 0.35406920313835144
['/mnt/dsc3032-gaya-shared/group6/datasets/VisA/visa_pytorch/capsules/test/bad/010.JPG'] 0.3394846022129059
['/mnt/dsc3032-gaya-shared/group6/datasets/VisA/visa_pytorch/capsules/test/bad/011.JPG'] 0.3199939727783203
['/mnt/dsc3032-gaya-shared/group6/datasets/VisA/visa_pytorch/capsules/test/bad/012.JPG'] 0.253048300743103
['/mnt/dsc3032-gaya-shared/group6/datasets/VisA/visa_pytorch/capsules/test/bad/013.JPG'] 0.2749226689338684
['/mnt/dsc3032-gaya-shared/group6/datasets/VisA/visa_pytorch/capsules/test/bad/014.JPG'] 0.31307297945022583
['/mnt/dsc3032-gaya-shared/group6/datasets/VisA/visa_pytorch/capsules/test/bad/015.JPG'] 0.2967900335788727
['/mnt/dsc3032-gaya-shared/group6/datasets/VisA/visa_pytorch/capsules/test/bad/016.JPG'] 0.33746159076690674
['/mnt/dsc3032-gaya-shared/group6/datasets/VisA/visa_pytorch/capsules/test/bad/017.JPG'] 0.31189191341400146
['/mnt/dsc3032-gaya-shared/group6/datasets/VisA/visa_pytorch/capsules/test/bad/018.JPG'] 0.2935653328895569
['/mnt/dsc3032-gaya-shared/group6/datasets/VisA/visa_pytorch/capsules/test/bad/019.JPG'] 0.28814810514450073
['/mnt/dsc3032-gaya-shared/group6/datasets/VisA/visa_pytorch/capsules/test/bad/020.JPG'] 0.297832727432251
['/mnt/dsc3032-gaya-shared/group6/datasets/VisA/visa_pytorch/capsules/test/bad/021.JPG'] 0.29985320568084717
['/mnt/dsc3032-gaya-shared/group6/datasets/VisA/visa_pytorch/capsules/test/bad/022.JPG'] 0.2885890603065491
['/mnt/dsc3032-gaya-shared/group6/datasets/VisA/visa_pytorch/capsules/test/bad/023.JPG'] 0.29337406158447266
['/mnt/dsc3032-gaya-shared/group6/datasets/VisA/visa_pytorch/capsules/test/bad/024.JPG'] 0.33926641941070557
['/mnt/dsc3032-gaya-shared/group6/datasets/VisA/visa_pytorch/capsules/test/bad/025.JPG'] 0.31674808263778687
['/mnt/dsc3032-gaya-shared/group6/datasets/VisA/visa_pytorch/capsules/test/bad/026.JPG'] 0.36864742636680603
['/mnt/dsc3032-gaya-shared/group6/datasets/VisA/visa_pytorch/capsules/test/bad/027.JPG'] 0.2562665343284607
['/mnt/dsc3032-gaya-shared/group6/datasets/VisA/visa_pytorch/capsules/test/bad/028.JPG'] 0.3009614646434784
['/mnt/dsc3032-gaya-shared/group6/datasets/VisA/visa_pytorch/capsules/test/bad/029.JPG'] 0.26421335339546204
['/mnt/dsc3032-gaya-shared/group6/datasets/VisA/visa_pytorch/capsules/test/bad/030.JPG'] 0.3754032254219055
['/mnt/dsc3032-gaya-shared/group6/datasets/VisA/visa_pytorch/capsules/test/bad/031.JPG'] 0.3281107544898987
['/mnt/dsc3032-gaya-shared/group6/datasets/VisA/visa_pytorch/capsules/test/bad/032.JPG'] 0.3492007553577423
['/mnt/dsc3032-gaya-shared/group6/datasets/VisA/visa_pytorch/capsules/test/bad/033.JPG'] 0.36741766333580017
['/mnt/dsc3032-gaya-shared/group6/datasets/VisA/visa_pytorch/capsules/test/bad/034.JPG'] 0.31176334619522095
['/mnt/dsc3032-gaya-shared/group6/datasets/VisA/visa_pytorch/capsules/test/bad/035.JPG'] 0.4185734689235687
['/mnt/dsc3032-gaya-shared/group6/datasets/VisA/visa_pytorch/capsules/test/bad/036.JPG'] 0.33875757455825806
['/mnt/dsc3032-gaya-shared/group6/datasets/VisA/visa_pytorch/capsules/test/bad/037.JPG'] 0.3984103798866272
['/mnt/dsc3032-gaya-shared/group6/datasets/VisA/visa_pytorch/capsules/test/bad/038.JPG'] 0.40088844299316406
['/mnt/dsc3032-gaya-shared/group6/datasets/VisA/visa_pytorch/capsules/test/bad/039.JPG'] 0.37506407499313354
['/mnt/dsc3032-gaya-shared/group6/datasets/VisA/visa_pytorch/capsules/test/bad/040.JPG'] 0.27721989154815674
['/mnt/dsc3032-gaya-shared/group6/datasets/VisA/visa_pytorch/capsules/test/bad/041.JPG'] 0.28977537155151367
['/mnt/dsc3032-gaya-shared/group6/datasets/VisA/visa_pytorch/capsules/test/bad/042.JPG'] 0.2881818413734436
['/mnt/dsc3032-gaya-shared/group6/datasets/VisA/visa_pytorch/capsules/test/bad/043.JPG'] 0.39292657375335693
['/mnt/dsc3032-gaya-shared/group6/datasets/VisA/visa_pytorch/capsules/test/bad/044.JPG'] 0.3213168978691101
['/mnt/dsc3032-gaya-shared/group6/datasets/VisA/visa_pytorch/capsules/test/bad/045.JPG'] 0.42804014682769775
['/mnt/dsc3032-gaya-shared/group6/datasets/VisA/visa_pytorch/capsules/test/bad/046.JPG'] 0.39141035079956055
['/mnt/dsc3032-gaya-shared/group6/datasets/VisA/visa_pytorch/capsules/test/bad/047.JPG'] 0.417866051197052
['/mnt/dsc3032-gaya-shared/group6/datasets/VisA/visa_pytorch/capsules/test/bad/048.JPG'] 0.5038252472877502
['/mnt/dsc3032-gaya-shared/group6/datasets/VisA/visa_pytorch/capsules/test/bad/049.JPG'] 0.4428238272666931
['/mnt/dsc3032-gaya-shared/group6/datasets/VisA/visa_pytorch/capsules/test/bad/050.JPG'] 0.4516739845275879
['/mnt/dsc3032-gaya-shared/group6/datasets/VisA/visa_pytorch/capsules/test/bad/051.JPG'] 0.3657170534133911
['/mnt/dsc3032-gaya-shared/group6/datasets/VisA/visa_pytorch/capsules/test/bad/052.JPG'] 0.45583102107048035
['/mnt/dsc3032-gaya-shared/group6/datasets/VisA/visa_pytorch/capsules/test/bad/053.JPG'] 0.35657498240470886
['/mnt/dsc3032-gaya-shared/group6/datasets/VisA/visa_pytorch/capsules/test/bad/054.JPG'] 0.3977494239807129
['/mnt/dsc3032-gaya-shared/group6/datasets/VisA/visa_pytorch/capsules/test/bad/055.JPG'] 0.41295233368873596
['/mnt/dsc3032-gaya-shared/group6/datasets/VisA/visa_pytorch/capsules/test/bad/056.JPG'] 0.2989102602005005
['/mnt/dsc3032-gaya-shared/group6/datasets/VisA/visa_pytorch/capsules/test/bad/057.JPG'] 0.4127528965473175
['/mnt/dsc3032-gaya-shared/group6/datasets/VisA/visa_pytorch/capsules/test/bad/058.JPG'] 0.4624841809272766
['/mnt/dsc3032-gaya-shared/group6/datasets/VisA/visa_pytorch/capsules/test/bad/059.JPG'] 0.37993186712265015
['/mnt/dsc3032-gaya-shared/group6/datasets/VisA/visa_pytorch/capsules/test/bad/060.JPG'] 0.38364559412002563
['/mnt/dsc3032-gaya-shared/group6/datasets/VisA/visa_pytorch/capsules/test/bad/061.JPG'] 0.38353660702705383
['/mnt/dsc3032-gaya-shared/group6/datasets/VisA/visa_pytorch/capsules/test/bad/062.JPG'] 0.4165821671485901
['/mnt/dsc3032-gaya-shared/group6/datasets/VisA/visa_pytorch/capsules/test/bad/063.JPG'] 0.46851199865341187
['/mnt/dsc3032-gaya-shared/group6/datasets/VisA/visa_pytorch/capsules/test/bad/064.JPG'] 0.4551101326942444
['/mnt/dsc3032-gaya-shared/group6/datasets/VisA/visa_pytorch/capsules/test/bad/065.JPG'] 0.3100810647010803
['/mnt/dsc3032-gaya-shared/group6/datasets/VisA/visa_pytorch/capsules/test/bad/066.JPG'] 0.27446359395980835
['/mnt/dsc3032-gaya-shared/group6/datasets/VisA/visa_pytorch/capsules/test/bad/067.JPG'] 0.30336713790893555
['/mnt/dsc3032-gaya-shared/group6/datasets/VisA/visa_pytorch/capsules/test/bad/068.JPG'] 0.29688096046447754
['/mnt/dsc3032-gaya-shared/group6/datasets/VisA/visa_pytorch/capsules/test/bad/069.JPG'] 0.3074164390563965
['/mnt/dsc3032-gaya-shared/group6/datasets/VisA/visa_pytorch/capsules/test/bad/070.JPG'] 0.31735849380493164
['/mnt/dsc3032-gaya-shared/group6/datasets/VisA/visa_pytorch/capsules/test/bad/071.JPG'] 0.30646443367004395
['/mnt/dsc3032-gaya-shared/group6/datasets/VisA/visa_pytorch/capsules/test/bad/072.JPG'] 0.3481568694114685
['/mnt/dsc3032-gaya-shared/group6/datasets/VisA/visa_pytorch/capsules/test/bad/073.JPG'] 0.3955211043357849
['/mnt/dsc3032-gaya-shared/group6/datasets/VisA/visa_pytorch/capsules/test/bad/074.JPG'] 0.3208507299423218
['/mnt/dsc3032-gaya-shared/group6/datasets/VisA/visa_pytorch/capsules/test/bad/075.JPG'] 0.3408051133155823
['/mnt/dsc3032-gaya-shared/group6/datasets/VisA/visa_pytorch/capsules/test/bad/076.JPG'] 0.3253289461135864
['/mnt/dsc3032-gaya-shared/group6/datasets/VisA/visa_pytorch/capsules/test/bad/077.JPG'] 0.32259562611579895
['/mnt/dsc3032-gaya-shared/group6/datasets/VisA/visa_pytorch/capsules/test/bad/078.JPG'] 0.276027649641037
['/mnt/dsc3032-gaya-shared/group6/datasets/VisA/visa_pytorch/capsules/test/bad/079.JPG'] 0.34165528416633606
['/mnt/dsc3032-gaya-shared/group6/datasets/VisA/visa_pytorch/capsules/test/bad/080.JPG'] 0.3233335018157959
['/mnt/dsc3032-gaya-shared/group6/datasets/VisA/visa_pytorch/capsules/test/bad/081.JPG'] 0.35365962982177734
['/mnt/dsc3032-gaya-shared/group6/datasets/VisA/visa_pytorch/capsules/test/bad/082.JPG'] 0.38543856143951416
['/mnt/dsc3032-gaya-shared/group6/datasets/VisA/visa_pytorch/capsules/test/bad/083.JPG'] 0.42867061495780945
['/mnt/dsc3032-gaya-shared/group6/datasets/VisA/visa_pytorch/capsules/test/bad/084.JPG'] 0.40254640579223633
['/mnt/dsc3032-gaya-shared/group6/datasets/VisA/visa_pytorch/capsules/test/bad/085.JPG'] 0.4150850772857666
['/mnt/dsc3032-gaya-shared/group6/datasets/VisA/visa_pytorch/capsules/test/bad/086.JPG'] 0.2616461515426636
['/mnt/dsc3032-gaya-shared/group6/datasets/VisA/visa_pytorch/capsules/test/bad/087.JPG'] 0.25712794065475464
['/mnt/dsc3032-gaya-shared/group6/datasets/VisA/visa_pytorch/capsules/test/bad/088.JPG'] 0.2971132695674896
['/mnt/dsc3032-gaya-shared/group6/datasets/VisA/visa_pytorch/capsules/test/bad/089.JPG'] 0.29986387491226196
['/mnt/dsc3032-gaya-shared/group6/datasets/VisA/visa_pytorch/capsules/test/bad/090.JPG'] 0.2564898133277893
['/mnt/dsc3032-gaya-shared/group6/datasets/VisA/visa_pytorch/capsules/test/bad/091.JPG'] 0.2724969685077667
['/mnt/dsc3032-gaya-shared/group6/datasets/VisA/visa_pytorch/capsules/test/bad/092.JPG'] 0.3128575384616852
['/mnt/dsc3032-gaya-shared/group6/datasets/VisA/visa_pytorch/capsules/test/bad/093.JPG'] 0.30168044567108154
['/mnt/dsc3032-gaya-shared/group6/datasets/VisA/visa_pytorch/capsules/test/bad/094.JPG'] 0.2641536593437195
['/mnt/dsc3032-gaya-shared/group6/datasets/VisA/visa_pytorch/capsules/test/bad/095.JPG'] 0.31275564432144165
['/mnt/dsc3032-gaya-shared/group6/datasets/VisA/visa_pytorch/capsules/test/bad/096.JPG'] 0.3083336353302002
['/mnt/dsc3032-gaya-shared/group6/datasets/VisA/visa_pytorch/capsules/test/bad/097.JPG'] 0.2799845337867737
['/mnt/dsc3032-gaya-shared/group6/datasets/VisA/visa_pytorch/capsules/test/bad/098.JPG'] 0.3443005084991455
['/mnt/dsc3032-gaya-shared/group6/datasets/VisA/visa_pytorch/capsules/test/bad/099.JPG'] 0.2968478500843048
['/mnt/dsc3032-gaya-shared/group6/datasets/VisA/visa_pytorch/capsules/test/good/011.JPG'] 0.2553488612174988
['/mnt/dsc3032-gaya-shared/group6/datasets/VisA/visa_pytorch/capsules/test/good/013.JPG'] 0.2562825083732605
['/mnt/dsc3032-gaya-shared/group6/datasets/VisA/visa_pytorch/capsules/test/good/016.JPG'] 0.2458064705133438
['/mnt/dsc3032-gaya-shared/group6/datasets/VisA/visa_pytorch/capsules/test/good/024.JPG'] 0.27791130542755127
['/mnt/dsc3032-gaya-shared/group6/datasets/VisA/visa_pytorch/capsules/test/good/026.JPG'] 0.2738279402256012
['/mnt/dsc3032-gaya-shared/group6/datasets/VisA/visa_pytorch/capsules/test/good/027.JPG'] 0.24564456939697266
['/mnt/dsc3032-gaya-shared/group6/datasets/VisA/visa_pytorch/capsules/test/good/046.JPG'] 0.29284244775772095
['/mnt/dsc3032-gaya-shared/group6/datasets/VisA/visa_pytorch/capsules/test/good/062.JPG'] 0.24034026265144348
['/mnt/dsc3032-gaya-shared/group6/datasets/VisA/visa_pytorch/capsules/test/good/100.JPG'] 0.24887624382972717
['/mnt/dsc3032-gaya-shared/group6/datasets/VisA/visa_pytorch/capsules/test/good/107.JPG'] 0.23822274804115295
['/mnt/dsc3032-gaya-shared/group6/datasets/VisA/visa_pytorch/capsules/test/good/152.JPG'] 0.23834146559238434
['/mnt/dsc3032-gaya-shared/group6/datasets/VisA/visa_pytorch/capsules/test/good/159.JPG'] 0.24699412286281586
['/mnt/dsc3032-gaya-shared/group6/datasets/VisA/visa_pytorch/capsules/test/good/168.JPG'] 0.27760812640190125
['/mnt/dsc3032-gaya-shared/group6/datasets/VisA/visa_pytorch/capsules/test/good/170.JPG'] 0.2607008218765259
['/mnt/dsc3032-gaya-shared/group6/datasets/VisA/visa_pytorch/capsules/test/good/172.JPG'] 0.3350073993206024
['/mnt/dsc3032-gaya-shared/group6/datasets/VisA/visa_pytorch/capsules/test/good/174.JPG'] 0.22833624482154846
['/mnt/dsc3032-gaya-shared/group6/datasets/VisA/visa_pytorch/capsules/test/good/178.JPG'] 0.24760130047798157
['/mnt/dsc3032-gaya-shared/group6/datasets/VisA/visa_pytorch/capsules/test/good/179.JPG'] 0.2408251315355301
['/mnt/dsc3032-gaya-shared/group6/datasets/VisA/visa_pytorch/capsules/test/good/187.JPG'] 0.24234861135482788
['/mnt/dsc3032-gaya-shared/group6/datasets/VisA/visa_pytorch/capsules/test/good/196.JPG'] 0.22674216330051422
['/mnt/dsc3032-gaya-shared/group6/datasets/VisA/visa_pytorch/capsules/test/good/208.JPG'] 0.2606738209724426
['/mnt/dsc3032-gaya-shared/group6/datasets/VisA/visa_pytorch/capsules/test/good/214.JPG'] 0.23822839558124542
['/mnt/dsc3032-gaya-shared/group6/datasets/VisA/visa_pytorch/capsules/test/good/215.JPG'] 0.26500147581100464
['/mnt/dsc3032-gaya-shared/group6/datasets/VisA/visa_pytorch/capsules/test/good/237.JPG'] 0.2382739633321762
['/mnt/dsc3032-gaya-shared/group6/datasets/VisA/visa_pytorch/capsules/test/good/240.JPG'] 0.23888610303401947
['/mnt/dsc3032-gaya-shared/group6/datasets/VisA/visa_pytorch/capsules/test/good/261.JPG'] 0.23856890201568604
['/mnt/dsc3032-gaya-shared/group6/datasets/VisA/visa_pytorch/capsules/test/good/286.JPG'] 0.24956831336021423
['/mnt/dsc3032-gaya-shared/group6/datasets/VisA/visa_pytorch/capsules/test/good/288.JPG'] 0.24208122491836548
['/mnt/dsc3032-gaya-shared/group6/datasets/VisA/visa_pytorch/capsules/test/good/294.JPG'] 0.2500721514225006
['/mnt/dsc3032-gaya-shared/group6/datasets/VisA/visa_pytorch/capsules/test/good/297.JPG'] 0.26944881677627563
['/mnt/dsc3032-gaya-shared/group6/datasets/VisA/visa_pytorch/capsules/test/good/303.JPG'] 0.28226763010025024
['/mnt/dsc3032-gaya-shared/group6/datasets/VisA/visa_pytorch/capsules/test/good/306.JPG'] 0.231201171875
['/mnt/dsc3032-gaya-shared/group6/datasets/VisA/visa_pytorch/capsules/test/good/320.JPG'] 0.30562296509742737
['/mnt/dsc3032-gaya-shared/group6/datasets/VisA/visa_pytorch/capsules/test/good/324.JPG'] 0.23145407438278198
['/mnt/dsc3032-gaya-shared/group6/datasets/VisA/visa_pytorch/capsules/test/good/333.JPG'] 0.2648647129535675
['/mnt/dsc3032-gaya-shared/group6/datasets/VisA/visa_pytorch/capsules/test/good/363.JPG'] 0.2515873312950134
['/mnt/dsc3032-gaya-shared/group6/datasets/VisA/visa_pytorch/capsules/test/good/377.JPG'] 0.24342170357704163
['/mnt/dsc3032-gaya-shared/group6/datasets/VisA/visa_pytorch/capsules/test/good/394.JPG'] 0.23917897045612335
['/mnt/dsc3032-gaya-shared/group6/datasets/VisA/visa_pytorch/capsules/test/good/400.JPG'] 0.24052806198596954
['/mnt/dsc3032-gaya-shared/group6/datasets/VisA/visa_pytorch/capsules/test/good/402.JPG'] 0.2717425227165222
['/mnt/dsc3032-gaya-shared/group6/datasets/VisA/visa_pytorch/capsules/test/good/417.JPG'] 0.26993095874786377
['/mnt/dsc3032-gaya-shared/group6/datasets/VisA/visa_pytorch/capsules/test/good/423.JPG'] 0.2843970060348511
['/mnt/dsc3032-gaya-shared/group6/datasets/VisA/visa_pytorch/capsules/test/good/427.JPG'] 0.23975186049938202
['/mnt/dsc3032-gaya-shared/group6/datasets/VisA/visa_pytorch/capsules/test/good/457.JPG'] 0.2974202632904053
['/mnt/dsc3032-gaya-shared/group6/datasets/VisA/visa_pytorch/capsules/test/good/469.JPG'] 0.25447189807891846
['/mnt/dsc3032-gaya-shared/group6/datasets/VisA/visa_pytorch/capsules/test/good/479.JPG'] 0.24811279773712158
['/mnt/dsc3032-gaya-shared/group6/datasets/VisA/visa_pytorch/capsules/test/good/483.JPG'] 0.24164608120918274
['/mnt/dsc3032-gaya-shared/group6/datasets/VisA/visa_pytorch/capsules/test/good/484.JPG'] 0.2563777565956116
['/mnt/dsc3032-gaya-shared/group6/datasets/VisA/visa_pytorch/capsules/test/good/488.JPG'] 0.2432534098625183
['/mnt/dsc3032-gaya-shared/group6/datasets/VisA/visa_pytorch/capsules/test/good/490.JPG'] 0.2495972365140915
['/mnt/dsc3032-gaya-shared/group6/datasets/VisA/visa_pytorch/capsules/test/good/514.JPG'] 0.29937541484832764
['/mnt/dsc3032-gaya-shared/group6/datasets/VisA/visa_pytorch/capsules/test/good/518.JPG'] 0.26025569438934326
['/mnt/dsc3032-gaya-shared/group6/datasets/VisA/visa_pytorch/capsules/test/good/520.JPG'] 0.23599302768707275
['/mnt/dsc3032-gaya-shared/group6/datasets/VisA/visa_pytorch/capsules/test/good/525.JPG'] 0.2608984708786011
['/mnt/dsc3032-gaya-shared/group6/datasets/VisA/visa_pytorch/capsules/test/good/545.JPG'] 0.24292871356010437
['/mnt/dsc3032-gaya-shared/group6/datasets/VisA/visa_pytorch/capsules/test/good/552.JPG'] 0.2675475478172302
['/mnt/dsc3032-gaya-shared/group6/datasets/VisA/visa_pytorch/capsules/test/good/569.JPG'] 0.2979193925857544
['/mnt/dsc3032-gaya-shared/group6/datasets/VisA/visa_pytorch/capsules/test/good/576.JPG'] 0.24002674221992493
['/mnt/dsc3032-gaya-shared/group6/datasets/VisA/visa_pytorch/capsules/test/good/580.JPG'] 0.266393780708313
['/mnt/dsc3032-gaya-shared/group6/datasets/VisA/visa_pytorch/capsules/test/good/594.JPG'] 0.2500297725200653
26-06-02 16:52:17.570 - INFO: 
| category   |   K-shots |   F1-Max(image) |   AUROC(image) |   F1-Max(pixel) |   AUROC(pixel) |
|:-----------|----------:|----------------:|---------------:|----------------:|---------------:|
| capsules   |         4 |           90.64 |          94.13 |           44.72 |          97.72 |
