/home/gaya6/LogSAD/dinov2/dinov2/layers/swiglu_ffn.py:43: UserWarning: xFormers is available (SwiGLU)
  warnings.warn("xFormers is available (SwiGLU)")
/home/gaya6/LogSAD/dinov2/dinov2/layers/attention.py:27: UserWarning: xFormers is available (Attention)
  warnings.warn("xFormers is available (Attention)")
/home/gaya6/LogSAD/dinov2/dinov2/layers/block.py:33: UserWarning: xFormers is available (Block)
  warnings.warn("xFormers is available (Block)")
['/mnt/dsc3032-gaya-shared/group6/datasets/VisA/visa_pytorch/cashew/test/bad/000.JPG'] 0.39587849378585815
['/mnt/dsc3032-gaya-shared/group6/datasets/VisA/visa_pytorch/cashew/test/bad/001.JPG'] 0.3362513780593872
['/mnt/dsc3032-gaya-shared/group6/datasets/VisA/visa_pytorch/cashew/test/bad/002.JPG'] 0.3071546256542206
['/mnt/dsc3032-gaya-shared/group6/datasets/VisA/visa_pytorch/cashew/test/bad/003.JPG'] 0.2498946338891983
['/mnt/dsc3032-gaya-shared/group6/datasets/VisA/visa_pytorch/cashew/test/bad/004.JPG'] 0.25780385732650757
['/mnt/dsc3032-gaya-shared/group6/datasets/VisA/visa_pytorch/cashew/test/bad/005.JPG'] 0.35119369626045227
['/mnt/dsc3032-gaya-shared/group6/datasets/VisA/visa_pytorch/cashew/test/bad/006.JPG'] 0.391788512468338
['/mnt/dsc3032-gaya-shared/group6/datasets/VisA/visa_pytorch/cashew/test/bad/007.JPG'] 0.3677487373352051
['/mnt/dsc3032-gaya-shared/group6/datasets/VisA/visa_pytorch/cashew/test/bad/008.JPG'] 0.2828682065010071
['/mnt/dsc3032-gaya-shared/group6/datasets/VisA/visa_pytorch/cashew/test/bad/009.JPG'] 0.31527167558670044
['/mnt/dsc3032-gaya-shared/group6/datasets/VisA/visa_pytorch/cashew/test/bad/010.JPG'] 0.31385374069213867
['/mnt/dsc3032-gaya-shared/group6/datasets/VisA/visa_pytorch/cashew/test/bad/011.JPG'] 0.2859530448913574
['/mnt/dsc3032-gaya-shared/group6/datasets/VisA/visa_pytorch/cashew/test/bad/012.JPG'] 0.44612693786621094
['/mnt/dsc3032-gaya-shared/group6/datasets/VisA/visa_pytorch/cashew/test/bad/013.JPG'] 0.311484694480896
['/mnt/dsc3032-gaya-shared/group6/datasets/VisA/visa_pytorch/cashew/test/bad/014.JPG'] 0.3691518306732178
['/mnt/dsc3032-gaya-shared/group6/datasets/VisA/visa_pytorch/cashew/test/bad/015.JPG'] 0.2910637855529785
['/mnt/dsc3032-gaya-shared/group6/datasets/VisA/visa_pytorch/cashew/test/bad/016.JPG'] 0.3479416072368622
['/mnt/dsc3032-gaya-shared/group6/datasets/VisA/visa_pytorch/cashew/test/bad/017.JPG'] 0.44812801480293274
['/mnt/dsc3032-gaya-shared/group6/datasets/VisA/visa_pytorch/cashew/test/bad/018.JPG'] 0.2980315387248993
['/mnt/dsc3032-gaya-shared/group6/datasets/VisA/visa_pytorch/cashew/test/bad/019.JPG'] 0.36622047424316406
['/mnt/dsc3032-gaya-shared/group6/datasets/VisA/visa_pytorch/cashew/test/bad/020.JPG'] 0.4075050354003906
['/mnt/dsc3032-gaya-shared/group6/datasets/VisA/visa_pytorch/cashew/test/bad/021.JPG'] 0.2499934732913971
['/mnt/dsc3032-gaya-shared/group6/datasets/VisA/visa_pytorch/cashew/test/bad/022.JPG'] 0.3904877305030823
['/mnt/dsc3032-gaya-shared/group6/datasets/VisA/visa_pytorch/cashew/test/bad/023.JPG'] 0.2698703408241272
['/mnt/dsc3032-gaya-shared/group6/datasets/VisA/visa_pytorch/cashew/test/bad/024.JPG'] 0.30040520429611206
['/mnt/dsc3032-gaya-shared/group6/datasets/VisA/visa_pytorch/cashew/test/bad/025.JPG'] 0.43800264596939087
['/mnt/dsc3032-gaya-shared/group6/datasets/VisA/visa_pytorch/cashew/test/bad/026.JPG'] 0.43265533447265625
['/mnt/dsc3032-gaya-shared/group6/datasets/VisA/visa_pytorch/cashew/test/bad/027.JPG'] 0.39406511187553406
['/mnt/dsc3032-gaya-shared/group6/datasets/VisA/visa_pytorch/cashew/test/bad/028.JPG'] 0.37895074486732483
['/mnt/dsc3032-gaya-shared/group6/datasets/VisA/visa_pytorch/cashew/test/bad/029.JPG'] 0.45502138137817383
['/mnt/dsc3032-gaya-shared/group6/datasets/VisA/visa_pytorch/cashew/test/bad/030.JPG'] 0.4529741406440735
['/mnt/dsc3032-gaya-shared/group6/datasets/VisA/visa_pytorch/cashew/test/bad/031.JPG'] 0.4285769760608673
['/mnt/dsc3032-gaya-shared/group6/datasets/VisA/visa_pytorch/cashew/test/bad/032.JPG'] 0.4392321705818176
['/mnt/dsc3032-gaya-shared/group6/datasets/VisA/visa_pytorch/cashew/test/bad/033.JPG'] 0.41551849246025085
['/mnt/dsc3032-gaya-shared/group6/datasets/VisA/visa_pytorch/cashew/test/bad/034.JPG'] 0.40571773052215576
['/mnt/dsc3032-gaya-shared/group6/datasets/VisA/visa_pytorch/cashew/test/bad/035.JPG'] 0.33562755584716797
['/mnt/dsc3032-gaya-shared/group6/datasets/VisA/visa_pytorch/cashew/test/bad/036.JPG'] 0.33440548181533813
['/mnt/dsc3032-gaya-shared/group6/datasets/VisA/visa_pytorch/cashew/test/bad/037.JPG'] 0.3861081004142761
['/mnt/dsc3032-gaya-shared/group6/datasets/VisA/visa_pytorch/cashew/test/bad/038.JPG'] 0.4319385886192322
['/mnt/dsc3032-gaya-shared/group6/datasets/VisA/visa_pytorch/cashew/test/bad/039.JPG'] 0.4424850642681122
['/mnt/dsc3032-gaya-shared/group6/datasets/VisA/visa_pytorch/cashew/test/bad/040.JPG'] 0.37153518199920654
['/mnt/dsc3032-gaya-shared/group6/datasets/VisA/visa_pytorch/cashew/test/bad/041.JPG'] 0.4223604202270508
['/mnt/dsc3032-gaya-shared/group6/datasets/VisA/visa_pytorch/cashew/test/bad/042.JPG'] 0.40105581283569336
['/mnt/dsc3032-gaya-shared/group6/datasets/VisA/visa_pytorch/cashew/test/bad/043.JPG'] 0.33994585275650024
['/mnt/dsc3032-gaya-shared/group6/datasets/VisA/visa_pytorch/cashew/test/bad/044.JPG'] 0.21379093825817108
['/mnt/dsc3032-gaya-shared/group6/datasets/VisA/visa_pytorch/cashew/test/bad/045.JPG'] 0.3137756288051605
['/mnt/dsc3032-gaya-shared/group6/datasets/VisA/visa_pytorch/cashew/test/bad/046.JPG'] 0.28878265619277954
['/mnt/dsc3032-gaya-shared/group6/datasets/VisA/visa_pytorch/cashew/test/bad/047.JPG'] 0.2797355651855469
['/mnt/dsc3032-gaya-shared/group6/datasets/VisA/visa_pytorch/cashew/test/bad/048.JPG'] 0.33835849165916443
['/mnt/dsc3032-gaya-shared/group6/datasets/VisA/visa_pytorch/cashew/test/bad/049.JPG'] 0.27093803882598877
['/mnt/dsc3032-gaya-shared/group6/datasets/VisA/visa_pytorch/cashew/test/bad/050.JPG'] 0.30311527848243713
['/mnt/dsc3032-gaya-shared/group6/datasets/VisA/visa_pytorch/cashew/test/bad/051.JPG'] 0.23877839744091034
['/mnt/dsc3032-gaya-shared/group6/datasets/VisA/visa_pytorch/cashew/test/bad/052.JPG'] 0.2720176577568054
['/mnt/dsc3032-gaya-shared/group6/datasets/VisA/visa_pytorch/cashew/test/bad/053.JPG'] 0.2299664318561554
['/mnt/dsc3032-gaya-shared/group6/datasets/VisA/visa_pytorch/cashew/test/bad/054.JPG'] 0.23793886601924896
['/mnt/dsc3032-gaya-shared/group6/datasets/VisA/visa_pytorch/cashew/test/bad/055.JPG'] 0.21484868228435516
['/mnt/dsc3032-gaya-shared/group6/datasets/VisA/visa_pytorch/cashew/test/bad/056.JPG'] 0.2525678277015686
['/mnt/dsc3032-gaya-shared/group6/datasets/VisA/visa_pytorch/cashew/test/bad/057.JPG'] 0.32646530866622925
['/mnt/dsc3032-gaya-shared/group6/datasets/VisA/visa_pytorch/cashew/test/bad/058.JPG'] 0.235209658741951
['/mnt/dsc3032-gaya-shared/group6/datasets/VisA/visa_pytorch/cashew/test/bad/059.JPG'] 0.2677496075630188
['/mnt/dsc3032-gaya-shared/group6/datasets/VisA/visa_pytorch/cashew/test/bad/060.JPG'] 0.2882543206214905
['/mnt/dsc3032-gaya-shared/group6/datasets/VisA/visa_pytorch/cashew/test/bad/061.JPG'] 0.3153396248817444
['/mnt/dsc3032-gaya-shared/group6/datasets/VisA/visa_pytorch/cashew/test/bad/062.JPG'] 0.37313634157180786
['/mnt/dsc3032-gaya-shared/group6/datasets/VisA/visa_pytorch/cashew/test/bad/063.JPG'] 0.28621265292167664
['/mnt/dsc3032-gaya-shared/group6/datasets/VisA/visa_pytorch/cashew/test/bad/064.JPG'] 0.36582374572753906
['/mnt/dsc3032-gaya-shared/group6/datasets/VisA/visa_pytorch/cashew/test/bad/065.JPG'] 0.4246678650379181
['/mnt/dsc3032-gaya-shared/group6/datasets/VisA/visa_pytorch/cashew/test/bad/066.JPG'] 0.23278136551380157
['/mnt/dsc3032-gaya-shared/group6/datasets/VisA/visa_pytorch/cashew/test/bad/067.JPG'] 0.23659591376781464
['/mnt/dsc3032-gaya-shared/group6/datasets/VisA/visa_pytorch/cashew/test/bad/068.JPG'] 0.3648727834224701
['/mnt/dsc3032-gaya-shared/group6/datasets/VisA/visa_pytorch/cashew/test/bad/069.JPG'] 0.27300065755844116
['/mnt/dsc3032-gaya-shared/group6/datasets/VisA/visa_pytorch/cashew/test/bad/070.JPG'] 0.3485325574874878
['/mnt/dsc3032-gaya-shared/group6/datasets/VisA/visa_pytorch/cashew/test/bad/071.JPG'] 0.2949870526790619
['/mnt/dsc3032-gaya-shared/group6/datasets/VisA/visa_pytorch/cashew/test/bad/072.JPG'] 0.3673657774925232
['/mnt/dsc3032-gaya-shared/group6/datasets/VisA/visa_pytorch/cashew/test/bad/073.JPG'] 0.28144538402557373
['/mnt/dsc3032-gaya-shared/group6/datasets/VisA/visa_pytorch/cashew/test/bad/074.JPG'] 0.3153699040412903
['/mnt/dsc3032-gaya-shared/group6/datasets/VisA/visa_pytorch/cashew/test/bad/075.JPG'] 0.342258483171463
['/mnt/dsc3032-gaya-shared/group6/datasets/VisA/visa_pytorch/cashew/test/bad/076.JPG'] 0.37454932928085327
['/mnt/dsc3032-gaya-shared/group6/datasets/VisA/visa_pytorch/cashew/test/bad/077.JPG'] 0.29003146290779114
['/mnt/dsc3032-gaya-shared/group6/datasets/VisA/visa_pytorch/cashew/test/bad/078.JPG'] 0.28236451745033264
['/mnt/dsc3032-gaya-shared/group6/datasets/VisA/visa_pytorch/cashew/test/bad/079.JPG'] 0.23303337395191193
['/mnt/dsc3032-gaya-shared/group6/datasets/VisA/visa_pytorch/cashew/test/bad/080.JPG'] 0.21713842451572418
['/mnt/dsc3032-gaya-shared/group6/datasets/VisA/visa_pytorch/cashew/test/bad/081.JPG'] 0.22887443006038666
['/mnt/dsc3032-gaya-shared/group6/datasets/VisA/visa_pytorch/cashew/test/bad/082.JPG'] 0.22578205168247223
['/mnt/dsc3032-gaya-shared/group6/datasets/VisA/visa_pytorch/cashew/test/bad/083.JPG'] 0.27141761779785156
['/mnt/dsc3032-gaya-shared/group6/datasets/VisA/visa_pytorch/cashew/test/bad/084.JPG'] 0.2769377827644348
['/mnt/dsc3032-gaya-shared/group6/datasets/VisA/visa_pytorch/cashew/test/bad/085.JPG'] 0.22812071442604065
['/mnt/dsc3032-gaya-shared/group6/datasets/VisA/visa_pytorch/cashew/test/bad/086.JPG'] 0.2552120089530945
['/mnt/dsc3032-gaya-shared/group6/datasets/VisA/visa_pytorch/cashew/test/bad/087.JPG'] 0.23549655079841614
['/mnt/dsc3032-gaya-shared/group6/datasets/VisA/visa_pytorch/cashew/test/bad/088.JPG'] 0.2931845188140869
['/mnt/dsc3032-gaya-shared/group6/datasets/VisA/visa_pytorch/cashew/test/bad/089.JPG'] 0.295830100774765
['/mnt/dsc3032-gaya-shared/group6/datasets/VisA/visa_pytorch/cashew/test/bad/090.JPG'] 0.21287547051906586
['/mnt/dsc3032-gaya-shared/group6/datasets/VisA/visa_pytorch/cashew/test/bad/091.JPG'] 0.2388017326593399
['/mnt/dsc3032-gaya-shared/group6/datasets/VisA/visa_pytorch/cashew/test/bad/092.JPG'] 0.22860200703144073
['/mnt/dsc3032-gaya-shared/group6/datasets/VisA/visa_pytorch/cashew/test/bad/093.JPG'] 0.21246947348117828
['/mnt/dsc3032-gaya-shared/group6/datasets/VisA/visa_pytorch/cashew/test/bad/094.JPG'] 0.45580774545669556
['/mnt/dsc3032-gaya-shared/group6/datasets/VisA/visa_pytorch/cashew/test/bad/095.JPG'] 0.408951073884964
['/mnt/dsc3032-gaya-shared/group6/datasets/VisA/visa_pytorch/cashew/test/bad/096.JPG'] 0.3540726900100708
['/mnt/dsc3032-gaya-shared/group6/datasets/VisA/visa_pytorch/cashew/test/bad/097.JPG'] 0.3984515964984894
['/mnt/dsc3032-gaya-shared/group6/datasets/VisA/visa_pytorch/cashew/test/bad/098.JPG'] 0.3968726694583893
['/mnt/dsc3032-gaya-shared/group6/datasets/VisA/visa_pytorch/cashew/test/bad/099.JPG'] 0.4163072109222412
['/mnt/dsc3032-gaya-shared/group6/datasets/VisA/visa_pytorch/cashew/test/good/006.JPG'] 0.23906493186950684
['/mnt/dsc3032-gaya-shared/group6/datasets/VisA/visa_pytorch/cashew/test/good/012.JPG'] 0.2024502456188202
['/mnt/dsc3032-gaya-shared/group6/datasets/VisA/visa_pytorch/cashew/test/good/013.JPG'] 0.229869544506073
['/mnt/dsc3032-gaya-shared/group6/datasets/VisA/visa_pytorch/cashew/test/good/023.JPG'] 0.24000826478004456
['/mnt/dsc3032-gaya-shared/group6/datasets/VisA/visa_pytorch/cashew/test/good/050.JPG'] 0.21664144098758698
['/mnt/dsc3032-gaya-shared/group6/datasets/VisA/visa_pytorch/cashew/test/good/084.JPG'] 0.2049163579940796
['/mnt/dsc3032-gaya-shared/group6/datasets/VisA/visa_pytorch/cashew/test/good/087.JPG'] 0.2691146731376648
['/mnt/dsc3032-gaya-shared/group6/datasets/VisA/visa_pytorch/cashew/test/good/089.JPG'] 0.3477613925933838
['/mnt/dsc3032-gaya-shared/group6/datasets/VisA/visa_pytorch/cashew/test/good/093.JPG'] 0.22204400599002838
['/mnt/dsc3032-gaya-shared/group6/datasets/VisA/visa_pytorch/cashew/test/good/098.JPG'] 0.2290954440832138
['/mnt/dsc3032-gaya-shared/group6/datasets/VisA/visa_pytorch/cashew/test/good/104.JPG'] 0.21431832015514374
['/mnt/dsc3032-gaya-shared/group6/datasets/VisA/visa_pytorch/cashew/test/good/130.JPG'] 0.22459425032138824
['/mnt/dsc3032-gaya-shared/group6/datasets/VisA/visa_pytorch/cashew/test/good/143.JPG'] 0.221859872341156
['/mnt/dsc3032-gaya-shared/group6/datasets/VisA/visa_pytorch/cashew/test/good/148.JPG'] 0.22197076678276062
['/mnt/dsc3032-gaya-shared/group6/datasets/VisA/visa_pytorch/cashew/test/good/166.JPG'] 0.2227366417646408
['/mnt/dsc3032-gaya-shared/group6/datasets/VisA/visa_pytorch/cashew/test/good/181.JPG'] 0.22447320818901062
['/mnt/dsc3032-gaya-shared/group6/datasets/VisA/visa_pytorch/cashew/test/good/213.JPG'] 0.21003416180610657
['/mnt/dsc3032-gaya-shared/group6/datasets/VisA/visa_pytorch/cashew/test/good/228.JPG'] 0.2283116728067398
['/mnt/dsc3032-gaya-shared/group6/datasets/VisA/visa_pytorch/cashew/test/good/239.JPG'] 0.21476496756076813
['/mnt/dsc3032-gaya-shared/group6/datasets/VisA/visa_pytorch/cashew/test/good/244.JPG'] 0.22330576181411743
['/mnt/dsc3032-gaya-shared/group6/datasets/VisA/visa_pytorch/cashew/test/good/245.JPG'] 0.21075399219989777
['/mnt/dsc3032-gaya-shared/group6/datasets/VisA/visa_pytorch/cashew/test/good/260.JPG'] 0.22123679518699646
['/mnt/dsc3032-gaya-shared/group6/datasets/VisA/visa_pytorch/cashew/test/good/272.JPG'] 0.19621014595031738
['/mnt/dsc3032-gaya-shared/group6/datasets/VisA/visa_pytorch/cashew/test/good/276.JPG'] 0.19917023181915283
['/mnt/dsc3032-gaya-shared/group6/datasets/VisA/visa_pytorch/cashew/test/good/284.JPG'] 0.21501289308071136
['/mnt/dsc3032-gaya-shared/group6/datasets/VisA/visa_pytorch/cashew/test/good/307.JPG'] 0.2194807231426239
['/mnt/dsc3032-gaya-shared/group6/datasets/VisA/visa_pytorch/cashew/test/good/309.JPG'] 0.20446640253067017
['/mnt/dsc3032-gaya-shared/group6/datasets/VisA/visa_pytorch/cashew/test/good/324.JPG'] 0.24965673685073853
['/mnt/dsc3032-gaya-shared/group6/datasets/VisA/visa_pytorch/cashew/test/good/337.JPG'] 0.22887389361858368
['/mnt/dsc3032-gaya-shared/group6/datasets/VisA/visa_pytorch/cashew/test/good/342.JPG'] 0.2179928719997406
['/mnt/dsc3032-gaya-shared/group6/datasets/VisA/visa_pytorch/cashew/test/good/344.JPG'] 0.27584201097488403
['/mnt/dsc3032-gaya-shared/group6/datasets/VisA/visa_pytorch/cashew/test/good/352.JPG'] 0.2009231597185135
['/mnt/dsc3032-gaya-shared/group6/datasets/VisA/visa_pytorch/cashew/test/good/367.JPG'] 0.23278844356536865
['/mnt/dsc3032-gaya-shared/group6/datasets/VisA/visa_pytorch/cashew/test/good/369.JPG'] 0.24188366532325745
['/mnt/dsc3032-gaya-shared/group6/datasets/VisA/visa_pytorch/cashew/test/good/377.JPG'] 0.23866906762123108
['/mnt/dsc3032-gaya-shared/group6/datasets/VisA/visa_pytorch/cashew/test/good/384.JPG'] 0.21120479702949524
['/mnt/dsc3032-gaya-shared/group6/datasets/VisA/visa_pytorch/cashew/test/good/389.JPG'] 0.24043230712413788
['/mnt/dsc3032-gaya-shared/group6/datasets/VisA/visa_pytorch/cashew/test/good/392.JPG'] 0.19821828603744507
['/mnt/dsc3032-gaya-shared/group6/datasets/VisA/visa_pytorch/cashew/test/good/398.JPG'] 0.21519415080547333
['/mnt/dsc3032-gaya-shared/group6/datasets/VisA/visa_pytorch/cashew/test/good/400.JPG'] 0.21800807118415833
['/mnt/dsc3032-gaya-shared/group6/datasets/VisA/visa_pytorch/cashew/test/good/402.JPG'] 0.19630412757396698
['/mnt/dsc3032-gaya-shared/group6/datasets/VisA/visa_pytorch/cashew/test/good/405.JPG'] 0.2246219962835312
['/mnt/dsc3032-gaya-shared/group6/datasets/VisA/visa_pytorch/cashew/test/good/435.JPG'] 0.21383138000965118
['/mnt/dsc3032-gaya-shared/group6/datasets/VisA/visa_pytorch/cashew/test/good/446.JPG'] 0.216080904006958
['/mnt/dsc3032-gaya-shared/group6/datasets/VisA/visa_pytorch/cashew/test/good/460.JPG'] 0.21549534797668457
['/mnt/dsc3032-gaya-shared/group6/datasets/VisA/visa_pytorch/cashew/test/good/461.JPG'] 0.1995207816362381
['/mnt/dsc3032-gaya-shared/group6/datasets/VisA/visa_pytorch/cashew/test/good/467.JPG'] 0.23185552656650543
['/mnt/dsc3032-gaya-shared/group6/datasets/VisA/visa_pytorch/cashew/test/good/482.JPG'] 0.2433413714170456
['/mnt/dsc3032-gaya-shared/group6/datasets/VisA/visa_pytorch/cashew/test/good/484.JPG'] 0.2337295562028885
['/mnt/dsc3032-gaya-shared/group6/datasets/VisA/visa_pytorch/cashew/test/good/487.JPG'] 0.20760591328144073
26-06-02 16:53:24.327 - INFO: 
| category   |   K-shots |   F1-Max(image) |   AUROC(image) |   F1-Max(pixel) |   AUROC(pixel) |
|:-----------|----------:|----------------:|---------------:|----------------:|---------------:|
| cashew     |         4 |           89.62 |          92.16 |              62 |          98.47 |
