/home/gaya6/LogSAD/dinov2/dinov2/layers/swiglu_ffn.py:43: UserWarning: xFormers is available (SwiGLU)
  warnings.warn("xFormers is available (SwiGLU)")
/home/gaya6/LogSAD/dinov2/dinov2/layers/attention.py:27: UserWarning: xFormers is available (Attention)
  warnings.warn("xFormers is available (Attention)")
/home/gaya6/LogSAD/dinov2/dinov2/layers/block.py:33: UserWarning: xFormers is available (Block)
  warnings.warn("xFormers is available (Block)")
['/mnt/dsc3032-gaya-shared/group6/datasets/VisA/visa_pytorch/chewinggum/test/bad/000.JPG'] 0.5668867826461792
['/mnt/dsc3032-gaya-shared/group6/datasets/VisA/visa_pytorch/chewinggum/test/bad/001.JPG'] 0.39865562319755554
['/mnt/dsc3032-gaya-shared/group6/datasets/VisA/visa_pytorch/chewinggum/test/bad/002.JPG'] 0.4859614968299866
['/mnt/dsc3032-gaya-shared/group6/datasets/VisA/visa_pytorch/chewinggum/test/bad/003.JPG'] 0.3912005126476288
['/mnt/dsc3032-gaya-shared/group6/datasets/VisA/visa_pytorch/chewinggum/test/bad/004.JPG'] 0.5304856300354004
['/mnt/dsc3032-gaya-shared/group6/datasets/VisA/visa_pytorch/chewinggum/test/bad/005.JPG'] 0.4902164936065674
['/mnt/dsc3032-gaya-shared/group6/datasets/VisA/visa_pytorch/chewinggum/test/bad/006.JPG'] 0.539155125617981
['/mnt/dsc3032-gaya-shared/group6/datasets/VisA/visa_pytorch/chewinggum/test/bad/007.JPG'] 0.5148037672042847
['/mnt/dsc3032-gaya-shared/group6/datasets/VisA/visa_pytorch/chewinggum/test/bad/008.JPG'] 0.4505985379219055
['/mnt/dsc3032-gaya-shared/group6/datasets/VisA/visa_pytorch/chewinggum/test/bad/009.JPG'] 0.5724254846572876
['/mnt/dsc3032-gaya-shared/group6/datasets/VisA/visa_pytorch/chewinggum/test/bad/010.JPG'] 0.4022359251976013
['/mnt/dsc3032-gaya-shared/group6/datasets/VisA/visa_pytorch/chewinggum/test/bad/011.JPG'] 0.5140373706817627
['/mnt/dsc3032-gaya-shared/group6/datasets/VisA/visa_pytorch/chewinggum/test/bad/012.JPG'] 0.5178824663162231
['/mnt/dsc3032-gaya-shared/group6/datasets/VisA/visa_pytorch/chewinggum/test/bad/013.JPG'] 0.5030118823051453
['/mnt/dsc3032-gaya-shared/group6/datasets/VisA/visa_pytorch/chewinggum/test/bad/014.JPG'] 0.513047456741333
['/mnt/dsc3032-gaya-shared/group6/datasets/VisA/visa_pytorch/chewinggum/test/bad/015.JPG'] 0.5005778074264526
['/mnt/dsc3032-gaya-shared/group6/datasets/VisA/visa_pytorch/chewinggum/test/bad/016.JPG'] 0.47074782848358154
['/mnt/dsc3032-gaya-shared/group6/datasets/VisA/visa_pytorch/chewinggum/test/bad/017.JPG'] 0.4742282032966614
['/mnt/dsc3032-gaya-shared/group6/datasets/VisA/visa_pytorch/chewinggum/test/bad/018.JPG'] 0.5130906105041504
['/mnt/dsc3032-gaya-shared/group6/datasets/VisA/visa_pytorch/chewinggum/test/bad/019.JPG'] 0.5183026194572449
['/mnt/dsc3032-gaya-shared/group6/datasets/VisA/visa_pytorch/chewinggum/test/bad/020.JPG'] 0.4800242781639099
['/mnt/dsc3032-gaya-shared/group6/datasets/VisA/visa_pytorch/chewinggum/test/bad/021.JPG'] 0.5409597158432007
['/mnt/dsc3032-gaya-shared/group6/datasets/VisA/visa_pytorch/chewinggum/test/bad/022.JPG'] 0.45901840925216675
['/mnt/dsc3032-gaya-shared/group6/datasets/VisA/visa_pytorch/chewinggum/test/bad/023.JPG'] 0.3797459006309509
['/mnt/dsc3032-gaya-shared/group6/datasets/VisA/visa_pytorch/chewinggum/test/bad/024.JPG'] 0.5288097858428955
['/mnt/dsc3032-gaya-shared/group6/datasets/VisA/visa_pytorch/chewinggum/test/bad/025.JPG'] 0.23837913572788239
['/mnt/dsc3032-gaya-shared/group6/datasets/VisA/visa_pytorch/chewinggum/test/bad/026.JPG'] 0.24476519227027893
['/mnt/dsc3032-gaya-shared/group6/datasets/VisA/visa_pytorch/chewinggum/test/bad/027.JPG'] 0.35140886902809143
['/mnt/dsc3032-gaya-shared/group6/datasets/VisA/visa_pytorch/chewinggum/test/bad/028.JPG'] 0.2560562491416931
['/mnt/dsc3032-gaya-shared/group6/datasets/VisA/visa_pytorch/chewinggum/test/bad/029.JPG'] 0.305215984582901
['/mnt/dsc3032-gaya-shared/group6/datasets/VisA/visa_pytorch/chewinggum/test/bad/030.JPG'] 0.39193156361579895
['/mnt/dsc3032-gaya-shared/group6/datasets/VisA/visa_pytorch/chewinggum/test/bad/031.JPG'] 0.21110808849334717
['/mnt/dsc3032-gaya-shared/group6/datasets/VisA/visa_pytorch/chewinggum/test/bad/032.JPG'] 0.22158853709697723
['/mnt/dsc3032-gaya-shared/group6/datasets/VisA/visa_pytorch/chewinggum/test/bad/033.JPG'] 0.23188404738903046
['/mnt/dsc3032-gaya-shared/group6/datasets/VisA/visa_pytorch/chewinggum/test/bad/034.JPG'] 0.24210597574710846
['/mnt/dsc3032-gaya-shared/group6/datasets/VisA/visa_pytorch/chewinggum/test/bad/035.JPG'] 0.3192441463470459
['/mnt/dsc3032-gaya-shared/group6/datasets/VisA/visa_pytorch/chewinggum/test/bad/036.JPG'] 0.3596718907356262
['/mnt/dsc3032-gaya-shared/group6/datasets/VisA/visa_pytorch/chewinggum/test/bad/037.JPG'] 0.24946075677871704
['/mnt/dsc3032-gaya-shared/group6/datasets/VisA/visa_pytorch/chewinggum/test/bad/038.JPG'] 0.38670074939727783
['/mnt/dsc3032-gaya-shared/group6/datasets/VisA/visa_pytorch/chewinggum/test/bad/039.JPG'] 0.3134373426437378
['/mnt/dsc3032-gaya-shared/group6/datasets/VisA/visa_pytorch/chewinggum/test/bad/040.JPG'] 0.4560200572013855
['/mnt/dsc3032-gaya-shared/group6/datasets/VisA/visa_pytorch/chewinggum/test/bad/041.JPG'] 0.4116268754005432
['/mnt/dsc3032-gaya-shared/group6/datasets/VisA/visa_pytorch/chewinggum/test/bad/042.JPG'] 0.39233851432800293
['/mnt/dsc3032-gaya-shared/group6/datasets/VisA/visa_pytorch/chewinggum/test/bad/043.JPG'] 0.444840669631958
['/mnt/dsc3032-gaya-shared/group6/datasets/VisA/visa_pytorch/chewinggum/test/bad/044.JPG'] 0.4220922589302063
['/mnt/dsc3032-gaya-shared/group6/datasets/VisA/visa_pytorch/chewinggum/test/bad/045.JPG'] 0.5013096332550049
['/mnt/dsc3032-gaya-shared/group6/datasets/VisA/visa_pytorch/chewinggum/test/bad/046.JPG'] 0.49353551864624023
['/mnt/dsc3032-gaya-shared/group6/datasets/VisA/visa_pytorch/chewinggum/test/bad/047.JPG'] 0.5000820755958557
['/mnt/dsc3032-gaya-shared/group6/datasets/VisA/visa_pytorch/chewinggum/test/bad/048.JPG'] 0.5106080770492554
['/mnt/dsc3032-gaya-shared/group6/datasets/VisA/visa_pytorch/chewinggum/test/bad/049.JPG'] 0.48695075511932373
['/mnt/dsc3032-gaya-shared/group6/datasets/VisA/visa_pytorch/chewinggum/test/bad/050.JPG'] 0.5098319053649902
['/mnt/dsc3032-gaya-shared/group6/datasets/VisA/visa_pytorch/chewinggum/test/bad/051.JPG'] 0.46337947249412537
['/mnt/dsc3032-gaya-shared/group6/datasets/VisA/visa_pytorch/chewinggum/test/bad/052.JPG'] 0.5208990573883057
['/mnt/dsc3032-gaya-shared/group6/datasets/VisA/visa_pytorch/chewinggum/test/bad/053.JPG'] 0.5331418514251709
['/mnt/dsc3032-gaya-shared/group6/datasets/VisA/visa_pytorch/chewinggum/test/bad/054.JPG'] 0.4505619406700134
['/mnt/dsc3032-gaya-shared/group6/datasets/VisA/visa_pytorch/chewinggum/test/bad/055.JPG'] 0.5039505958557129
['/mnt/dsc3032-gaya-shared/group6/datasets/VisA/visa_pytorch/chewinggum/test/bad/056.JPG'] 0.5133442878723145
['/mnt/dsc3032-gaya-shared/group6/datasets/VisA/visa_pytorch/chewinggum/test/bad/057.JPG'] 0.4357529282569885
['/mnt/dsc3032-gaya-shared/group6/datasets/VisA/visa_pytorch/chewinggum/test/bad/058.JPG'] 0.40450167655944824
['/mnt/dsc3032-gaya-shared/group6/datasets/VisA/visa_pytorch/chewinggum/test/bad/059.JPG'] 0.48679208755493164
['/mnt/dsc3032-gaya-shared/group6/datasets/VisA/visa_pytorch/chewinggum/test/bad/060.JPG'] 0.4986920952796936
['/mnt/dsc3032-gaya-shared/group6/datasets/VisA/visa_pytorch/chewinggum/test/bad/061.JPG'] 0.532577633857727
['/mnt/dsc3032-gaya-shared/group6/datasets/VisA/visa_pytorch/chewinggum/test/bad/062.JPG'] 0.42457056045532227
['/mnt/dsc3032-gaya-shared/group6/datasets/VisA/visa_pytorch/chewinggum/test/bad/063.JPG'] 0.49759364128112793
['/mnt/dsc3032-gaya-shared/group6/datasets/VisA/visa_pytorch/chewinggum/test/bad/064.JPG'] 0.5023040771484375
['/mnt/dsc3032-gaya-shared/group6/datasets/VisA/visa_pytorch/chewinggum/test/bad/065.JPG'] 0.36608755588531494
['/mnt/dsc3032-gaya-shared/group6/datasets/VisA/visa_pytorch/chewinggum/test/bad/066.JPG'] 0.36486154794692993
['/mnt/dsc3032-gaya-shared/group6/datasets/VisA/visa_pytorch/chewinggum/test/bad/067.JPG'] 0.3745020031929016
['/mnt/dsc3032-gaya-shared/group6/datasets/VisA/visa_pytorch/chewinggum/test/bad/068.JPG'] 0.31846821308135986
['/mnt/dsc3032-gaya-shared/group6/datasets/VisA/visa_pytorch/chewinggum/test/bad/069.JPG'] 0.27552300691604614
['/mnt/dsc3032-gaya-shared/group6/datasets/VisA/visa_pytorch/chewinggum/test/bad/070.JPG'] 0.3375299274921417
['/mnt/dsc3032-gaya-shared/group6/datasets/VisA/visa_pytorch/chewinggum/test/bad/071.JPG'] 0.3367456793785095
['/mnt/dsc3032-gaya-shared/group6/datasets/VisA/visa_pytorch/chewinggum/test/bad/072.JPG'] 0.3006931245326996
['/mnt/dsc3032-gaya-shared/group6/datasets/VisA/visa_pytorch/chewinggum/test/bad/073.JPG'] 0.21838577091693878
['/mnt/dsc3032-gaya-shared/group6/datasets/VisA/visa_pytorch/chewinggum/test/bad/074.JPG'] 0.3494124710559845
['/mnt/dsc3032-gaya-shared/group6/datasets/VisA/visa_pytorch/chewinggum/test/bad/075.JPG'] 0.36004719138145447
['/mnt/dsc3032-gaya-shared/group6/datasets/VisA/visa_pytorch/chewinggum/test/bad/076.JPG'] 0.40003257989883423
['/mnt/dsc3032-gaya-shared/group6/datasets/VisA/visa_pytorch/chewinggum/test/bad/077.JPG'] 0.4150487780570984
['/mnt/dsc3032-gaya-shared/group6/datasets/VisA/visa_pytorch/chewinggum/test/bad/078.JPG'] 0.3485269844532013
['/mnt/dsc3032-gaya-shared/group6/datasets/VisA/visa_pytorch/chewinggum/test/bad/079.JPG'] 0.3969772458076477
['/mnt/dsc3032-gaya-shared/group6/datasets/VisA/visa_pytorch/chewinggum/test/bad/080.JPG'] 0.40411412715911865
['/mnt/dsc3032-gaya-shared/group6/datasets/VisA/visa_pytorch/chewinggum/test/bad/081.JPG'] 0.42801785469055176
['/mnt/dsc3032-gaya-shared/group6/datasets/VisA/visa_pytorch/chewinggum/test/bad/082.JPG'] 0.44360217452049255
['/mnt/dsc3032-gaya-shared/group6/datasets/VisA/visa_pytorch/chewinggum/test/bad/083.JPG'] 0.4685712456703186
['/mnt/dsc3032-gaya-shared/group6/datasets/VisA/visa_pytorch/chewinggum/test/bad/084.JPG'] 0.4470512270927429
['/mnt/dsc3032-gaya-shared/group6/datasets/VisA/visa_pytorch/chewinggum/test/bad/085.JPG'] 0.3821156322956085
['/mnt/dsc3032-gaya-shared/group6/datasets/VisA/visa_pytorch/chewinggum/test/bad/086.JPG'] 0.3584290146827698
['/mnt/dsc3032-gaya-shared/group6/datasets/VisA/visa_pytorch/chewinggum/test/bad/087.JPG'] 0.38029778003692627
['/mnt/dsc3032-gaya-shared/group6/datasets/VisA/visa_pytorch/chewinggum/test/bad/088.JPG'] 0.4316018223762512
['/mnt/dsc3032-gaya-shared/group6/datasets/VisA/visa_pytorch/chewinggum/test/bad/089.JPG'] 0.36630159616470337
['/mnt/dsc3032-gaya-shared/group6/datasets/VisA/visa_pytorch/chewinggum/test/bad/090.JPG'] 0.42166465520858765
['/mnt/dsc3032-gaya-shared/group6/datasets/VisA/visa_pytorch/chewinggum/test/bad/091.JPG'] 0.3624870181083679
['/mnt/dsc3032-gaya-shared/group6/datasets/VisA/visa_pytorch/chewinggum/test/bad/092.JPG'] 0.4297991991043091
['/mnt/dsc3032-gaya-shared/group6/datasets/VisA/visa_pytorch/chewinggum/test/bad/093.JPG'] 0.44421568512916565
['/mnt/dsc3032-gaya-shared/group6/datasets/VisA/visa_pytorch/chewinggum/test/bad/094.JPG'] 0.3617504835128784
['/mnt/dsc3032-gaya-shared/group6/datasets/VisA/visa_pytorch/chewinggum/test/bad/095.JPG'] 0.39928728342056274
['/mnt/dsc3032-gaya-shared/group6/datasets/VisA/visa_pytorch/chewinggum/test/bad/096.JPG'] 0.4145764112472534
['/mnt/dsc3032-gaya-shared/group6/datasets/VisA/visa_pytorch/chewinggum/test/bad/097.JPG'] 0.3995323181152344
['/mnt/dsc3032-gaya-shared/group6/datasets/VisA/visa_pytorch/chewinggum/test/bad/098.JPG'] 0.4582090675830841
['/mnt/dsc3032-gaya-shared/group6/datasets/VisA/visa_pytorch/chewinggum/test/bad/099.JPG'] 0.4144372344017029
['/mnt/dsc3032-gaya-shared/group6/datasets/VisA/visa_pytorch/chewinggum/test/good/006.JPG'] 0.23703141510486603
['/mnt/dsc3032-gaya-shared/group6/datasets/VisA/visa_pytorch/chewinggum/test/good/012.JPG'] 0.2253325879573822
['/mnt/dsc3032-gaya-shared/group6/datasets/VisA/visa_pytorch/chewinggum/test/good/013.JPG'] 0.22518178820610046
['/mnt/dsc3032-gaya-shared/group6/datasets/VisA/visa_pytorch/chewinggum/test/good/050.JPG'] 0.25015977025032043
['/mnt/dsc3032-gaya-shared/group6/datasets/VisA/visa_pytorch/chewinggum/test/good/084.JPG'] 0.21125765144824982
['/mnt/dsc3032-gaya-shared/group6/datasets/VisA/visa_pytorch/chewinggum/test/good/087.JPG'] 0.207647904753685
['/mnt/dsc3032-gaya-shared/group6/datasets/VisA/visa_pytorch/chewinggum/test/good/089.JPG'] 0.23095892369747162
['/mnt/dsc3032-gaya-shared/group6/datasets/VisA/visa_pytorch/chewinggum/test/good/093.JPG'] 0.2620830535888672
['/mnt/dsc3032-gaya-shared/group6/datasets/VisA/visa_pytorch/chewinggum/test/good/098.JPG'] 0.19454613327980042
['/mnt/dsc3032-gaya-shared/group6/datasets/VisA/visa_pytorch/chewinggum/test/good/104.JPG'] 0.21019870042800903
['/mnt/dsc3032-gaya-shared/group6/datasets/VisA/visa_pytorch/chewinggum/test/good/130.JPG'] 0.21879714727401733
['/mnt/dsc3032-gaya-shared/group6/datasets/VisA/visa_pytorch/chewinggum/test/good/143.JPG'] 0.20496763288974762
['/mnt/dsc3032-gaya-shared/group6/datasets/VisA/visa_pytorch/chewinggum/test/good/148.JPG'] 0.23204410076141357
['/mnt/dsc3032-gaya-shared/group6/datasets/VisA/visa_pytorch/chewinggum/test/good/166.JPG'] 0.19305123388767242
['/mnt/dsc3032-gaya-shared/group6/datasets/VisA/visa_pytorch/chewinggum/test/good/181.JPG'] 0.19841623306274414
['/mnt/dsc3032-gaya-shared/group6/datasets/VisA/visa_pytorch/chewinggum/test/good/213.JPG'] 0.24756759405136108
['/mnt/dsc3032-gaya-shared/group6/datasets/VisA/visa_pytorch/chewinggum/test/good/228.JPG'] 0.20716282725334167
['/mnt/dsc3032-gaya-shared/group6/datasets/VisA/visa_pytorch/chewinggum/test/good/239.JPG'] 0.24780412018299103
['/mnt/dsc3032-gaya-shared/group6/datasets/VisA/visa_pytorch/chewinggum/test/good/244.JPG'] 0.2036864310503006
['/mnt/dsc3032-gaya-shared/group6/datasets/VisA/visa_pytorch/chewinggum/test/good/245.JPG'] 0.21286290884017944
['/mnt/dsc3032-gaya-shared/group6/datasets/VisA/visa_pytorch/chewinggum/test/good/260.JPG'] 0.21921928226947784
['/mnt/dsc3032-gaya-shared/group6/datasets/VisA/visa_pytorch/chewinggum/test/good/272.JPG'] 0.2243877500295639
['/mnt/dsc3032-gaya-shared/group6/datasets/VisA/visa_pytorch/chewinggum/test/good/276.JPG'] 0.21655933558940887
['/mnt/dsc3032-gaya-shared/group6/datasets/VisA/visa_pytorch/chewinggum/test/good/284.JPG'] 0.22685422003269196
['/mnt/dsc3032-gaya-shared/group6/datasets/VisA/visa_pytorch/chewinggum/test/good/307.JPG'] 0.19912327826023102
['/mnt/dsc3032-gaya-shared/group6/datasets/VisA/visa_pytorch/chewinggum/test/good/309.JPG'] 0.21324972808361053
['/mnt/dsc3032-gaya-shared/group6/datasets/VisA/visa_pytorch/chewinggum/test/good/324.JPG'] 0.19568897783756256
['/mnt/dsc3032-gaya-shared/group6/datasets/VisA/visa_pytorch/chewinggum/test/good/337.JPG'] 0.21513988077640533
['/mnt/dsc3032-gaya-shared/group6/datasets/VisA/visa_pytorch/chewinggum/test/good/342.JPG'] 0.22582073509693146
['/mnt/dsc3032-gaya-shared/group6/datasets/VisA/visa_pytorch/chewinggum/test/good/344.JPG'] 0.22621430456638336
['/mnt/dsc3032-gaya-shared/group6/datasets/VisA/visa_pytorch/chewinggum/test/good/352.JPG'] 0.2034391462802887
['/mnt/dsc3032-gaya-shared/group6/datasets/VisA/visa_pytorch/chewinggum/test/good/367.JPG'] 0.20803025364875793
['/mnt/dsc3032-gaya-shared/group6/datasets/VisA/visa_pytorch/chewinggum/test/good/369.JPG'] 0.21981468796730042
['/mnt/dsc3032-gaya-shared/group6/datasets/VisA/visa_pytorch/chewinggum/test/good/377.JPG'] 0.21477125585079193
['/mnt/dsc3032-gaya-shared/group6/datasets/VisA/visa_pytorch/chewinggum/test/good/384.JPG'] 0.29643332958221436
['/mnt/dsc3032-gaya-shared/group6/datasets/VisA/visa_pytorch/chewinggum/test/good/389.JPG'] 0.21984225511550903
['/mnt/dsc3032-gaya-shared/group6/datasets/VisA/visa_pytorch/chewinggum/test/good/392.JPG'] 0.2051354944705963
['/mnt/dsc3032-gaya-shared/group6/datasets/VisA/visa_pytorch/chewinggum/test/good/398.JPG'] 0.2095925658941269
['/mnt/dsc3032-gaya-shared/group6/datasets/VisA/visa_pytorch/chewinggum/test/good/400.JPG'] 0.21124590933322906
['/mnt/dsc3032-gaya-shared/group6/datasets/VisA/visa_pytorch/chewinggum/test/good/402.JPG'] 0.20149685442447662
['/mnt/dsc3032-gaya-shared/group6/datasets/VisA/visa_pytorch/chewinggum/test/good/405.JPG'] 0.2347351759672165
['/mnt/dsc3032-gaya-shared/group6/datasets/VisA/visa_pytorch/chewinggum/test/good/435.JPG'] 0.2225569188594818
['/mnt/dsc3032-gaya-shared/group6/datasets/VisA/visa_pytorch/chewinggum/test/good/446.JPG'] 0.21027706563472748
['/mnt/dsc3032-gaya-shared/group6/datasets/VisA/visa_pytorch/chewinggum/test/good/460.JPG'] 0.2110721468925476
['/mnt/dsc3032-gaya-shared/group6/datasets/VisA/visa_pytorch/chewinggum/test/good/461.JPG'] 0.19557242095470428
['/mnt/dsc3032-gaya-shared/group6/datasets/VisA/visa_pytorch/chewinggum/test/good/467.JPG'] 0.25523269176483154
['/mnt/dsc3032-gaya-shared/group6/datasets/VisA/visa_pytorch/chewinggum/test/good/482.JPG'] 0.2497360110282898
['/mnt/dsc3032-gaya-shared/group6/datasets/VisA/visa_pytorch/chewinggum/test/good/486.JPG'] 0.19911515712738037
['/mnt/dsc3032-gaya-shared/group6/datasets/VisA/visa_pytorch/chewinggum/test/good/487.JPG'] 0.24587641656398773
['/mnt/dsc3032-gaya-shared/group6/datasets/VisA/visa_pytorch/chewinggum/test/good/497.JPG'] 0.2509881854057312
26-06-02 16:54:29.951 - INFO: 
| category   |   K-shots |   F1-Max(image) |   AUROC(image) |   F1-Max(pixel) |   AUROC(pixel) |
|:-----------|----------:|----------------:|---------------:|----------------:|---------------:|
| chewinggum |         4 |           94.85 |          97.54 |           68.65 |          99.54 |
