/home/gaya6/LogSAD/dinov2/dinov2/layers/swiglu_ffn.py:43: UserWarning: xFormers is available (SwiGLU)
  warnings.warn("xFormers is available (SwiGLU)")
/home/gaya6/LogSAD/dinov2/dinov2/layers/attention.py:27: UserWarning: xFormers is available (Attention)
  warnings.warn("xFormers is available (Attention)")
/home/gaya6/LogSAD/dinov2/dinov2/layers/block.py:33: UserWarning: xFormers is available (Block)
  warnings.warn("xFormers is available (Block)")
['/mnt/dsc3032-gaya-shared/group6/datasets/VisA/visa_pytorch/fryum/test/bad/000.JPG'] 0.5531758069992065
['/mnt/dsc3032-gaya-shared/group6/datasets/VisA/visa_pytorch/fryum/test/bad/001.JPG'] 0.49930769205093384
['/mnt/dsc3032-gaya-shared/group6/datasets/VisA/visa_pytorch/fryum/test/bad/002.JPG'] 0.4856310486793518
['/mnt/dsc3032-gaya-shared/group6/datasets/VisA/visa_pytorch/fryum/test/bad/003.JPG'] 0.437583327293396
['/mnt/dsc3032-gaya-shared/group6/datasets/VisA/visa_pytorch/fryum/test/bad/004.JPG'] 0.5456368327140808
['/mnt/dsc3032-gaya-shared/group6/datasets/VisA/visa_pytorch/fryum/test/bad/005.JPG'] 0.47842034697532654
['/mnt/dsc3032-gaya-shared/group6/datasets/VisA/visa_pytorch/fryum/test/bad/006.JPG'] 0.3511572778224945
['/mnt/dsc3032-gaya-shared/group6/datasets/VisA/visa_pytorch/fryum/test/bad/007.JPG'] 0.39834898710250854
['/mnt/dsc3032-gaya-shared/group6/datasets/VisA/visa_pytorch/fryum/test/bad/008.JPG'] 0.5920284390449524
['/mnt/dsc3032-gaya-shared/group6/datasets/VisA/visa_pytorch/fryum/test/bad/009.JPG'] 0.49981391429901123
['/mnt/dsc3032-gaya-shared/group6/datasets/VisA/visa_pytorch/fryum/test/bad/010.JPG'] 0.27442359924316406
['/mnt/dsc3032-gaya-shared/group6/datasets/VisA/visa_pytorch/fryum/test/bad/011.JPG'] 0.3702137768268585
['/mnt/dsc3032-gaya-shared/group6/datasets/VisA/visa_pytorch/fryum/test/bad/012.JPG'] 0.3222227990627289
['/mnt/dsc3032-gaya-shared/group6/datasets/VisA/visa_pytorch/fryum/test/bad/013.JPG'] 0.33385568857192993
['/mnt/dsc3032-gaya-shared/group6/datasets/VisA/visa_pytorch/fryum/test/bad/014.JPG'] 0.4065268039703369
['/mnt/dsc3032-gaya-shared/group6/datasets/VisA/visa_pytorch/fryum/test/bad/015.JPG'] 0.22970353066921234
['/mnt/dsc3032-gaya-shared/group6/datasets/VisA/visa_pytorch/fryum/test/bad/016.JPG'] 0.3856990933418274
['/mnt/dsc3032-gaya-shared/group6/datasets/VisA/visa_pytorch/fryum/test/bad/017.JPG'] 0.2984668016433716
['/mnt/dsc3032-gaya-shared/group6/datasets/VisA/visa_pytorch/fryum/test/bad/018.JPG'] 0.3685205280780792
['/mnt/dsc3032-gaya-shared/group6/datasets/VisA/visa_pytorch/fryum/test/bad/019.JPG'] 0.3561754822731018
['/mnt/dsc3032-gaya-shared/group6/datasets/VisA/visa_pytorch/fryum/test/bad/020.JPG'] 0.34996116161346436
['/mnt/dsc3032-gaya-shared/group6/datasets/VisA/visa_pytorch/fryum/test/bad/021.JPG'] 0.410877525806427
['/mnt/dsc3032-gaya-shared/group6/datasets/VisA/visa_pytorch/fryum/test/bad/022.JPG'] 0.30176109075546265
['/mnt/dsc3032-gaya-shared/group6/datasets/VisA/visa_pytorch/fryum/test/bad/023.JPG'] 0.2716487646102905
['/mnt/dsc3032-gaya-shared/group6/datasets/VisA/visa_pytorch/fryum/test/bad/024.JPG'] 0.24666255712509155
['/mnt/dsc3032-gaya-shared/group6/datasets/VisA/visa_pytorch/fryum/test/bad/025.JPG'] 0.30369919538497925
['/mnt/dsc3032-gaya-shared/group6/datasets/VisA/visa_pytorch/fryum/test/bad/026.JPG'] 0.36963844299316406
['/mnt/dsc3032-gaya-shared/group6/datasets/VisA/visa_pytorch/fryum/test/bad/027.JPG'] 0.3247224688529968
['/mnt/dsc3032-gaya-shared/group6/datasets/VisA/visa_pytorch/fryum/test/bad/028.JPG'] 0.21606755256652832
['/mnt/dsc3032-gaya-shared/group6/datasets/VisA/visa_pytorch/fryum/test/bad/029.JPG'] 0.4079934358596802
['/mnt/dsc3032-gaya-shared/group6/datasets/VisA/visa_pytorch/fryum/test/bad/030.JPG'] 0.36912280321121216
['/mnt/dsc3032-gaya-shared/group6/datasets/VisA/visa_pytorch/fryum/test/bad/031.JPG'] 0.34668880701065063
['/mnt/dsc3032-gaya-shared/group6/datasets/VisA/visa_pytorch/fryum/test/bad/032.JPG'] 0.31505286693573
['/mnt/dsc3032-gaya-shared/group6/datasets/VisA/visa_pytorch/fryum/test/bad/033.JPG'] 0.39738935232162476
['/mnt/dsc3032-gaya-shared/group6/datasets/VisA/visa_pytorch/fryum/test/bad/034.JPG'] 0.2921677827835083
['/mnt/dsc3032-gaya-shared/group6/datasets/VisA/visa_pytorch/fryum/test/bad/035.JPG'] 0.40474429726600647
['/mnt/dsc3032-gaya-shared/group6/datasets/VisA/visa_pytorch/fryum/test/bad/036.JPG'] 0.23290282487869263
['/mnt/dsc3032-gaya-shared/group6/datasets/VisA/visa_pytorch/fryum/test/bad/037.JPG'] 0.3014964163303375
['/mnt/dsc3032-gaya-shared/group6/datasets/VisA/visa_pytorch/fryum/test/bad/038.JPG'] 0.2917075753211975
['/mnt/dsc3032-gaya-shared/group6/datasets/VisA/visa_pytorch/fryum/test/bad/039.JPG'] 0.3172881007194519
['/mnt/dsc3032-gaya-shared/group6/datasets/VisA/visa_pytorch/fryum/test/bad/040.JPG'] 0.29016339778900146
['/mnt/dsc3032-gaya-shared/group6/datasets/VisA/visa_pytorch/fryum/test/bad/041.JPG'] 0.42942574620246887
['/mnt/dsc3032-gaya-shared/group6/datasets/VisA/visa_pytorch/fryum/test/bad/042.JPG'] 0.26760149002075195
['/mnt/dsc3032-gaya-shared/group6/datasets/VisA/visa_pytorch/fryum/test/bad/043.JPG'] 0.3972606658935547
['/mnt/dsc3032-gaya-shared/group6/datasets/VisA/visa_pytorch/fryum/test/bad/044.JPG'] 0.434262216091156
['/mnt/dsc3032-gaya-shared/group6/datasets/VisA/visa_pytorch/fryum/test/bad/045.JPG'] 0.4275053143501282
['/mnt/dsc3032-gaya-shared/group6/datasets/VisA/visa_pytorch/fryum/test/bad/046.JPG'] 0.3653440475463867
['/mnt/dsc3032-gaya-shared/group6/datasets/VisA/visa_pytorch/fryum/test/bad/047.JPG'] 0.25248169898986816
['/mnt/dsc3032-gaya-shared/group6/datasets/VisA/visa_pytorch/fryum/test/bad/048.JPG'] 0.29472458362579346
['/mnt/dsc3032-gaya-shared/group6/datasets/VisA/visa_pytorch/fryum/test/bad/049.JPG'] 0.33470618724823
['/mnt/dsc3032-gaya-shared/group6/datasets/VisA/visa_pytorch/fryum/test/bad/050.JPG'] 0.3107839822769165
['/mnt/dsc3032-gaya-shared/group6/datasets/VisA/visa_pytorch/fryum/test/bad/051.JPG'] 0.37676429748535156
['/mnt/dsc3032-gaya-shared/group6/datasets/VisA/visa_pytorch/fryum/test/bad/052.JPG'] 0.38883787393569946
['/mnt/dsc3032-gaya-shared/group6/datasets/VisA/visa_pytorch/fryum/test/bad/053.JPG'] 0.37358832359313965
['/mnt/dsc3032-gaya-shared/group6/datasets/VisA/visa_pytorch/fryum/test/bad/054.JPG'] 0.27023547887802124
['/mnt/dsc3032-gaya-shared/group6/datasets/VisA/visa_pytorch/fryum/test/bad/055.JPG'] 0.4008592665195465
['/mnt/dsc3032-gaya-shared/group6/datasets/VisA/visa_pytorch/fryum/test/bad/056.JPG'] 0.2851608991622925
['/mnt/dsc3032-gaya-shared/group6/datasets/VisA/visa_pytorch/fryum/test/bad/057.JPG'] 0.2964547872543335
['/mnt/dsc3032-gaya-shared/group6/datasets/VisA/visa_pytorch/fryum/test/bad/058.JPG'] 0.3594249486923218
['/mnt/dsc3032-gaya-shared/group6/datasets/VisA/visa_pytorch/fryum/test/bad/059.JPG'] 0.4070703983306885
['/mnt/dsc3032-gaya-shared/group6/datasets/VisA/visa_pytorch/fryum/test/bad/060.JPG'] 0.2803995609283447
['/mnt/dsc3032-gaya-shared/group6/datasets/VisA/visa_pytorch/fryum/test/bad/061.JPG'] 0.24426469206809998
['/mnt/dsc3032-gaya-shared/group6/datasets/VisA/visa_pytorch/fryum/test/bad/062.JPG'] 0.31755873560905457
['/mnt/dsc3032-gaya-shared/group6/datasets/VisA/visa_pytorch/fryum/test/bad/063.JPG'] 0.32396161556243896
['/mnt/dsc3032-gaya-shared/group6/datasets/VisA/visa_pytorch/fryum/test/bad/064.JPG'] 0.2901788651943207
['/mnt/dsc3032-gaya-shared/group6/datasets/VisA/visa_pytorch/fryum/test/bad/065.JPG'] 0.2574828267097473
['/mnt/dsc3032-gaya-shared/group6/datasets/VisA/visa_pytorch/fryum/test/bad/066.JPG'] 0.2450685203075409
['/mnt/dsc3032-gaya-shared/group6/datasets/VisA/visa_pytorch/fryum/test/bad/067.JPG'] 0.26760315895080566
['/mnt/dsc3032-gaya-shared/group6/datasets/VisA/visa_pytorch/fryum/test/bad/068.JPG'] 0.32077327370643616
['/mnt/dsc3032-gaya-shared/group6/datasets/VisA/visa_pytorch/fryum/test/bad/069.JPG'] 0.337849497795105
['/mnt/dsc3032-gaya-shared/group6/datasets/VisA/visa_pytorch/fryum/test/bad/070.JPG'] 0.3201417326927185
['/mnt/dsc3032-gaya-shared/group6/datasets/VisA/visa_pytorch/fryum/test/bad/071.JPG'] 0.2708081007003784
['/mnt/dsc3032-gaya-shared/group6/datasets/VisA/visa_pytorch/fryum/test/bad/072.JPG'] 0.32827356457710266
['/mnt/dsc3032-gaya-shared/group6/datasets/VisA/visa_pytorch/fryum/test/bad/073.JPG'] 0.27136290073394775
['/mnt/dsc3032-gaya-shared/group6/datasets/VisA/visa_pytorch/fryum/test/bad/074.JPG'] 0.3392172157764435
['/mnt/dsc3032-gaya-shared/group6/datasets/VisA/visa_pytorch/fryum/test/bad/075.JPG'] 0.31809794902801514
['/mnt/dsc3032-gaya-shared/group6/datasets/VisA/visa_pytorch/fryum/test/bad/076.JPG'] 0.3331148028373718
['/mnt/dsc3032-gaya-shared/group6/datasets/VisA/visa_pytorch/fryum/test/bad/077.JPG'] 0.2924174666404724
['/mnt/dsc3032-gaya-shared/group6/datasets/VisA/visa_pytorch/fryum/test/bad/078.JPG'] 0.3838273882865906
['/mnt/dsc3032-gaya-shared/group6/datasets/VisA/visa_pytorch/fryum/test/bad/079.JPG'] 0.2536543011665344
['/mnt/dsc3032-gaya-shared/group6/datasets/VisA/visa_pytorch/fryum/test/bad/080.JPG'] 0.3640594184398651
['/mnt/dsc3032-gaya-shared/group6/datasets/VisA/visa_pytorch/fryum/test/bad/081.JPG'] 0.2728673815727234
['/mnt/dsc3032-gaya-shared/group6/datasets/VisA/visa_pytorch/fryum/test/bad/082.JPG'] 0.3886200785636902
['/mnt/dsc3032-gaya-shared/group6/datasets/VisA/visa_pytorch/fryum/test/bad/083.JPG'] 0.4548696279525757
['/mnt/dsc3032-gaya-shared/group6/datasets/VisA/visa_pytorch/fryum/test/bad/084.JPG'] 0.4036843180656433
['/mnt/dsc3032-gaya-shared/group6/datasets/VisA/visa_pytorch/fryum/test/bad/085.JPG'] 0.45852893590927124
['/mnt/dsc3032-gaya-shared/group6/datasets/VisA/visa_pytorch/fryum/test/bad/086.JPG'] 0.49200889468193054
['/mnt/dsc3032-gaya-shared/group6/datasets/VisA/visa_pytorch/fryum/test/bad/087.JPG'] 0.3240683376789093
['/mnt/dsc3032-gaya-shared/group6/datasets/VisA/visa_pytorch/fryum/test/bad/088.JPG'] 0.2701309323310852
['/mnt/dsc3032-gaya-shared/group6/datasets/VisA/visa_pytorch/fryum/test/bad/089.JPG'] 0.34192073345184326
['/mnt/dsc3032-gaya-shared/group6/datasets/VisA/visa_pytorch/fryum/test/bad/090.JPG'] 0.209075927734375
['/mnt/dsc3032-gaya-shared/group6/datasets/VisA/visa_pytorch/fryum/test/bad/091.JPG'] 0.2251875102519989
['/mnt/dsc3032-gaya-shared/group6/datasets/VisA/visa_pytorch/fryum/test/bad/092.JPG'] 0.20372091233730316
['/mnt/dsc3032-gaya-shared/group6/datasets/VisA/visa_pytorch/fryum/test/bad/093.JPG'] 0.24089308083057404
['/mnt/dsc3032-gaya-shared/group6/datasets/VisA/visa_pytorch/fryum/test/bad/094.JPG'] 0.18810085952281952
['/mnt/dsc3032-gaya-shared/group6/datasets/VisA/visa_pytorch/fryum/test/bad/095.JPG'] 0.19850924611091614
['/mnt/dsc3032-gaya-shared/group6/datasets/VisA/visa_pytorch/fryum/test/bad/096.JPG'] 0.3524567782878876
['/mnt/dsc3032-gaya-shared/group6/datasets/VisA/visa_pytorch/fryum/test/bad/097.JPG'] 0.24919387698173523
['/mnt/dsc3032-gaya-shared/group6/datasets/VisA/visa_pytorch/fryum/test/bad/098.JPG'] 0.23751744627952576
['/mnt/dsc3032-gaya-shared/group6/datasets/VisA/visa_pytorch/fryum/test/bad/099.JPG'] 0.30953237414360046
['/mnt/dsc3032-gaya-shared/group6/datasets/VisA/visa_pytorch/fryum/test/good/006.JPG'] 0.20094817876815796
['/mnt/dsc3032-gaya-shared/group6/datasets/VisA/visa_pytorch/fryum/test/good/012.JPG'] 0.28771278262138367
['/mnt/dsc3032-gaya-shared/group6/datasets/VisA/visa_pytorch/fryum/test/good/013.JPG'] 0.21957363188266754
['/mnt/dsc3032-gaya-shared/group6/datasets/VisA/visa_pytorch/fryum/test/good/023.JPG'] 0.1983201801776886
['/mnt/dsc3032-gaya-shared/group6/datasets/VisA/visa_pytorch/fryum/test/good/050.JPG'] 0.1879856437444687
['/mnt/dsc3032-gaya-shared/group6/datasets/VisA/visa_pytorch/fryum/test/good/084.JPG'] 0.18116767704486847
['/mnt/dsc3032-gaya-shared/group6/datasets/VisA/visa_pytorch/fryum/test/good/087.JPG'] 0.20155219733715057
['/mnt/dsc3032-gaya-shared/group6/datasets/VisA/visa_pytorch/fryum/test/good/089.JPG'] 0.17714284360408783
['/mnt/dsc3032-gaya-shared/group6/datasets/VisA/visa_pytorch/fryum/test/good/093.JPG'] 0.17243482172489166
['/mnt/dsc3032-gaya-shared/group6/datasets/VisA/visa_pytorch/fryum/test/good/098.JPG'] 0.19304728507995605
['/mnt/dsc3032-gaya-shared/group6/datasets/VisA/visa_pytorch/fryum/test/good/104.JPG'] 0.18829245865345
['/mnt/dsc3032-gaya-shared/group6/datasets/VisA/visa_pytorch/fryum/test/good/130.JPG'] 0.18015140295028687
['/mnt/dsc3032-gaya-shared/group6/datasets/VisA/visa_pytorch/fryum/test/good/143.JPG'] 0.24593442678451538
['/mnt/dsc3032-gaya-shared/group6/datasets/VisA/visa_pytorch/fryum/test/good/148.JPG'] 0.17587193846702576
['/mnt/dsc3032-gaya-shared/group6/datasets/VisA/visa_pytorch/fryum/test/good/166.JPG'] 0.17036700248718262
['/mnt/dsc3032-gaya-shared/group6/datasets/VisA/visa_pytorch/fryum/test/good/181.JPG'] 0.1997252255678177
['/mnt/dsc3032-gaya-shared/group6/datasets/VisA/visa_pytorch/fryum/test/good/213.JPG'] 0.212062805891037
['/mnt/dsc3032-gaya-shared/group6/datasets/VisA/visa_pytorch/fryum/test/good/228.JPG'] 0.23164895176887512
['/mnt/dsc3032-gaya-shared/group6/datasets/VisA/visa_pytorch/fryum/test/good/239.JPG'] 0.206924706697464
['/mnt/dsc3032-gaya-shared/group6/datasets/VisA/visa_pytorch/fryum/test/good/244.JPG'] 0.20400694012641907
['/mnt/dsc3032-gaya-shared/group6/datasets/VisA/visa_pytorch/fryum/test/good/245.JPG'] 0.1891649216413498
['/mnt/dsc3032-gaya-shared/group6/datasets/VisA/visa_pytorch/fryum/test/good/260.JPG'] 0.20506708323955536
['/mnt/dsc3032-gaya-shared/group6/datasets/VisA/visa_pytorch/fryum/test/good/272.JPG'] 0.22603116929531097
['/mnt/dsc3032-gaya-shared/group6/datasets/VisA/visa_pytorch/fryum/test/good/276.JPG'] 0.20717501640319824
['/mnt/dsc3032-gaya-shared/group6/datasets/VisA/visa_pytorch/fryum/test/good/284.JPG'] 0.22018010914325714
['/mnt/dsc3032-gaya-shared/group6/datasets/VisA/visa_pytorch/fryum/test/good/307.JPG'] 0.1914244294166565
['/mnt/dsc3032-gaya-shared/group6/datasets/VisA/visa_pytorch/fryum/test/good/309.JPG'] 0.20095044374465942
['/mnt/dsc3032-gaya-shared/group6/datasets/VisA/visa_pytorch/fryum/test/good/324.JPG'] 0.20842333137989044
['/mnt/dsc3032-gaya-shared/group6/datasets/VisA/visa_pytorch/fryum/test/good/337.JPG'] 0.27970975637435913
['/mnt/dsc3032-gaya-shared/group6/datasets/VisA/visa_pytorch/fryum/test/good/342.JPG'] 0.1885925829410553
['/mnt/dsc3032-gaya-shared/group6/datasets/VisA/visa_pytorch/fryum/test/good/344.JPG'] 0.20755206048488617
['/mnt/dsc3032-gaya-shared/group6/datasets/VisA/visa_pytorch/fryum/test/good/352.JPG'] 0.19157378375530243
['/mnt/dsc3032-gaya-shared/group6/datasets/VisA/visa_pytorch/fryum/test/good/367.JPG'] 0.19446396827697754
['/mnt/dsc3032-gaya-shared/group6/datasets/VisA/visa_pytorch/fryum/test/good/369.JPG'] 0.1670045554637909
['/mnt/dsc3032-gaya-shared/group6/datasets/VisA/visa_pytorch/fryum/test/good/377.JPG'] 0.19581317901611328
['/mnt/dsc3032-gaya-shared/group6/datasets/VisA/visa_pytorch/fryum/test/good/384.JPG'] 0.20821666717529297
['/mnt/dsc3032-gaya-shared/group6/datasets/VisA/visa_pytorch/fryum/test/good/389.JPG'] 0.20964498817920685
['/mnt/dsc3032-gaya-shared/group6/datasets/VisA/visa_pytorch/fryum/test/good/392.JPG'] 0.1995132863521576
['/mnt/dsc3032-gaya-shared/group6/datasets/VisA/visa_pytorch/fryum/test/good/398.JPG'] 0.18275465071201324
['/mnt/dsc3032-gaya-shared/group6/datasets/VisA/visa_pytorch/fryum/test/good/400.JPG'] 0.23608265817165375
['/mnt/dsc3032-gaya-shared/group6/datasets/VisA/visa_pytorch/fryum/test/good/402.JPG'] 0.20663036406040192
['/mnt/dsc3032-gaya-shared/group6/datasets/VisA/visa_pytorch/fryum/test/good/405.JPG'] 0.19553165137767792
['/mnt/dsc3032-gaya-shared/group6/datasets/VisA/visa_pytorch/fryum/test/good/435.JPG'] 0.19447237253189087
['/mnt/dsc3032-gaya-shared/group6/datasets/VisA/visa_pytorch/fryum/test/good/446.JPG'] 0.23801927268505096
['/mnt/dsc3032-gaya-shared/group6/datasets/VisA/visa_pytorch/fryum/test/good/460.JPG'] 0.21562354266643524
['/mnt/dsc3032-gaya-shared/group6/datasets/VisA/visa_pytorch/fryum/test/good/461.JPG'] 0.20879055559635162
['/mnt/dsc3032-gaya-shared/group6/datasets/VisA/visa_pytorch/fryum/test/good/467.JPG'] 0.23063243925571442
['/mnt/dsc3032-gaya-shared/group6/datasets/VisA/visa_pytorch/fryum/test/good/482.JPG'] 0.1888151615858078
['/mnt/dsc3032-gaya-shared/group6/datasets/VisA/visa_pytorch/fryum/test/good/484.JPG'] 0.19138087332248688
['/mnt/dsc3032-gaya-shared/group6/datasets/VisA/visa_pytorch/fryum/test/good/487.JPG'] 0.19928428530693054
26-06-02 16:55:33.708 - INFO: 
| category   |   K-shots |   F1-Max(image) |   AUROC(image) |   F1-Max(pixel) |   AUROC(pixel) |
|:-----------|----------:|----------------:|---------------:|----------------:|---------------:|
| fryum      |         4 |           93.94 |          96.46 |           41.61 |          95.14 |
