/home/gaya6/LogSAD/dinov2/dinov2/layers/swiglu_ffn.py:43: UserWarning: xFormers is available (SwiGLU)
  warnings.warn("xFormers is available (SwiGLU)")
/home/gaya6/LogSAD/dinov2/dinov2/layers/attention.py:27: UserWarning: xFormers is available (Attention)
  warnings.warn("xFormers is available (Attention)")
/home/gaya6/LogSAD/dinov2/dinov2/layers/block.py:33: UserWarning: xFormers is available (Block)
  warnings.warn("xFormers is available (Block)")
['/mnt/dsc3032-gaya-shared/group6/datasets/VisA/visa_pytorch/macaroni2/test/bad/000.JPG'] 0.3464398980140686
['/mnt/dsc3032-gaya-shared/group6/datasets/VisA/visa_pytorch/macaroni2/test/bad/001.JPG'] 0.34939080476760864
['/mnt/dsc3032-gaya-shared/group6/datasets/VisA/visa_pytorch/macaroni2/test/bad/002.JPG'] 0.3977058529853821
['/mnt/dsc3032-gaya-shared/group6/datasets/VisA/visa_pytorch/macaroni2/test/bad/003.JPG'] 0.28378236293792725
['/mnt/dsc3032-gaya-shared/group6/datasets/VisA/visa_pytorch/macaroni2/test/bad/004.JPG'] 0.37791597843170166
['/mnt/dsc3032-gaya-shared/group6/datasets/VisA/visa_pytorch/macaroni2/test/bad/005.JPG'] 0.3111133277416229
['/mnt/dsc3032-gaya-shared/group6/datasets/VisA/visa_pytorch/macaroni2/test/bad/006.JPG'] 0.3699408173561096
['/mnt/dsc3032-gaya-shared/group6/datasets/VisA/visa_pytorch/macaroni2/test/bad/007.JPG'] 0.39800482988357544
['/mnt/dsc3032-gaya-shared/group6/datasets/VisA/visa_pytorch/macaroni2/test/bad/008.JPG'] 0.35620927810668945
['/mnt/dsc3032-gaya-shared/group6/datasets/VisA/visa_pytorch/macaroni2/test/bad/009.JPG'] 0.3551618456840515
['/mnt/dsc3032-gaya-shared/group6/datasets/VisA/visa_pytorch/macaroni2/test/bad/010.JPG'] 0.4760643541812897
['/mnt/dsc3032-gaya-shared/group6/datasets/VisA/visa_pytorch/macaroni2/test/bad/011.JPG'] 0.4475984573364258
['/mnt/dsc3032-gaya-shared/group6/datasets/VisA/visa_pytorch/macaroni2/test/bad/012.JPG'] 0.40074238181114197
['/mnt/dsc3032-gaya-shared/group6/datasets/VisA/visa_pytorch/macaroni2/test/bad/013.JPG'] 0.4246513843536377
['/mnt/dsc3032-gaya-shared/group6/datasets/VisA/visa_pytorch/macaroni2/test/bad/014.JPG'] 0.31865376234054565
['/mnt/dsc3032-gaya-shared/group6/datasets/VisA/visa_pytorch/macaroni2/test/bad/015.JPG'] 0.45662984251976013
['/mnt/dsc3032-gaya-shared/group6/datasets/VisA/visa_pytorch/macaroni2/test/bad/016.JPG'] 0.42735353112220764
['/mnt/dsc3032-gaya-shared/group6/datasets/VisA/visa_pytorch/macaroni2/test/bad/017.JPG'] 0.4342624545097351
['/mnt/dsc3032-gaya-shared/group6/datasets/VisA/visa_pytorch/macaroni2/test/bad/018.JPG'] 0.4475218653678894
['/mnt/dsc3032-gaya-shared/group6/datasets/VisA/visa_pytorch/macaroni2/test/bad/019.JPG'] 0.4296940863132477
['/mnt/dsc3032-gaya-shared/group6/datasets/VisA/visa_pytorch/macaroni2/test/bad/020.JPG'] 0.4007259011268616
['/mnt/dsc3032-gaya-shared/group6/datasets/VisA/visa_pytorch/macaroni2/test/bad/021.JPG'] 0.4288926124572754
['/mnt/dsc3032-gaya-shared/group6/datasets/VisA/visa_pytorch/macaroni2/test/bad/022.JPG'] 0.4489156901836395
['/mnt/dsc3032-gaya-shared/group6/datasets/VisA/visa_pytorch/macaroni2/test/bad/023.JPG'] 0.3979272246360779
['/mnt/dsc3032-gaya-shared/group6/datasets/VisA/visa_pytorch/macaroni2/test/bad/024.JPG'] 0.4823557734489441
['/mnt/dsc3032-gaya-shared/group6/datasets/VisA/visa_pytorch/macaroni2/test/bad/025.JPG'] 0.5003324747085571
['/mnt/dsc3032-gaya-shared/group6/datasets/VisA/visa_pytorch/macaroni2/test/bad/026.JPG'] 0.34142303466796875
['/mnt/dsc3032-gaya-shared/group6/datasets/VisA/visa_pytorch/macaroni2/test/bad/027.JPG'] 0.42322856187820435
['/mnt/dsc3032-gaya-shared/group6/datasets/VisA/visa_pytorch/macaroni2/test/bad/028.JPG'] 0.3619554042816162
['/mnt/dsc3032-gaya-shared/group6/datasets/VisA/visa_pytorch/macaroni2/test/bad/029.JPG'] 0.44993120431900024
['/mnt/dsc3032-gaya-shared/group6/datasets/VisA/visa_pytorch/macaroni2/test/bad/030.JPG'] 0.4251020550727844
['/mnt/dsc3032-gaya-shared/group6/datasets/VisA/visa_pytorch/macaroni2/test/bad/031.JPG'] 0.387491375207901
['/mnt/dsc3032-gaya-shared/group6/datasets/VisA/visa_pytorch/macaroni2/test/bad/032.JPG'] 0.39019259810447693
['/mnt/dsc3032-gaya-shared/group6/datasets/VisA/visa_pytorch/macaroni2/test/bad/033.JPG'] 0.4525548219680786
['/mnt/dsc3032-gaya-shared/group6/datasets/VisA/visa_pytorch/macaroni2/test/bad/034.JPG'] 0.393681138753891
['/mnt/dsc3032-gaya-shared/group6/datasets/VisA/visa_pytorch/macaroni2/test/bad/035.JPG'] 0.4142667353153229
['/mnt/dsc3032-gaya-shared/group6/datasets/VisA/visa_pytorch/macaroni2/test/bad/036.JPG'] 0.38954323530197144
['/mnt/dsc3032-gaya-shared/group6/datasets/VisA/visa_pytorch/macaroni2/test/bad/037.JPG'] 0.48209619522094727
['/mnt/dsc3032-gaya-shared/group6/datasets/VisA/visa_pytorch/macaroni2/test/bad/038.JPG'] 0.46666616201400757
['/mnt/dsc3032-gaya-shared/group6/datasets/VisA/visa_pytorch/macaroni2/test/bad/039.JPG'] 0.3843797445297241
['/mnt/dsc3032-gaya-shared/group6/datasets/VisA/visa_pytorch/macaroni2/test/bad/040.JPG'] 0.4264351725578308
['/mnt/dsc3032-gaya-shared/group6/datasets/VisA/visa_pytorch/macaroni2/test/bad/041.JPG'] 0.2822751998901367
['/mnt/dsc3032-gaya-shared/group6/datasets/VisA/visa_pytorch/macaroni2/test/bad/042.JPG'] 0.33514630794525146
['/mnt/dsc3032-gaya-shared/group6/datasets/VisA/visa_pytorch/macaroni2/test/bad/043.JPG'] 0.3345962166786194
['/mnt/dsc3032-gaya-shared/group6/datasets/VisA/visa_pytorch/macaroni2/test/bad/044.JPG'] 0.4286336600780487
['/mnt/dsc3032-gaya-shared/group6/datasets/VisA/visa_pytorch/macaroni2/test/bad/045.JPG'] 0.29209932684898376
['/mnt/dsc3032-gaya-shared/group6/datasets/VisA/visa_pytorch/macaroni2/test/bad/046.JPG'] 0.26202887296676636
['/mnt/dsc3032-gaya-shared/group6/datasets/VisA/visa_pytorch/macaroni2/test/bad/047.JPG'] 0.24364696443080902
['/mnt/dsc3032-gaya-shared/group6/datasets/VisA/visa_pytorch/macaroni2/test/bad/048.JPG'] 0.26650816202163696
['/mnt/dsc3032-gaya-shared/group6/datasets/VisA/visa_pytorch/macaroni2/test/bad/049.JPG'] 0.313070684671402
['/mnt/dsc3032-gaya-shared/group6/datasets/VisA/visa_pytorch/macaroni2/test/bad/050.JPG'] 0.26947563886642456
['/mnt/dsc3032-gaya-shared/group6/datasets/VisA/visa_pytorch/macaroni2/test/bad/051.JPG'] 0.2632658779621124
['/mnt/dsc3032-gaya-shared/group6/datasets/VisA/visa_pytorch/macaroni2/test/bad/052.JPG'] 0.2705986499786377
['/mnt/dsc3032-gaya-shared/group6/datasets/VisA/visa_pytorch/macaroni2/test/bad/053.JPG'] 0.2878710925579071
['/mnt/dsc3032-gaya-shared/group6/datasets/VisA/visa_pytorch/macaroni2/test/bad/054.JPG'] 0.28496724367141724
['/mnt/dsc3032-gaya-shared/group6/datasets/VisA/visa_pytorch/macaroni2/test/bad/055.JPG'] 0.3175114095211029
['/mnt/dsc3032-gaya-shared/group6/datasets/VisA/visa_pytorch/macaroni2/test/bad/056.JPG'] 0.26833438873291016
['/mnt/dsc3032-gaya-shared/group6/datasets/VisA/visa_pytorch/macaroni2/test/bad/057.JPG'] 0.2706623077392578
['/mnt/dsc3032-gaya-shared/group6/datasets/VisA/visa_pytorch/macaroni2/test/bad/058.JPG'] 0.25931257009506226
['/mnt/dsc3032-gaya-shared/group6/datasets/VisA/visa_pytorch/macaroni2/test/bad/059.JPG'] 0.2783222794532776
['/mnt/dsc3032-gaya-shared/group6/datasets/VisA/visa_pytorch/macaroni2/test/bad/060.JPG'] 0.31118863821029663
['/mnt/dsc3032-gaya-shared/group6/datasets/VisA/visa_pytorch/macaroni2/test/bad/061.JPG'] 0.2807430624961853
['/mnt/dsc3032-gaya-shared/group6/datasets/VisA/visa_pytorch/macaroni2/test/bad/062.JPG'] 0.2633615732192993
['/mnt/dsc3032-gaya-shared/group6/datasets/VisA/visa_pytorch/macaroni2/test/bad/063.JPG'] 0.29212141036987305
['/mnt/dsc3032-gaya-shared/group6/datasets/VisA/visa_pytorch/macaroni2/test/bad/064.JPG'] 0.24762874841690063
['/mnt/dsc3032-gaya-shared/group6/datasets/VisA/visa_pytorch/macaroni2/test/bad/065.JPG'] 0.26967740058898926
['/mnt/dsc3032-gaya-shared/group6/datasets/VisA/visa_pytorch/macaroni2/test/bad/066.JPG'] 0.29012179374694824
['/mnt/dsc3032-gaya-shared/group6/datasets/VisA/visa_pytorch/macaroni2/test/bad/067.JPG'] 0.3192221522331238
['/mnt/dsc3032-gaya-shared/group6/datasets/VisA/visa_pytorch/macaroni2/test/bad/068.JPG'] 0.3035188615322113
['/mnt/dsc3032-gaya-shared/group6/datasets/VisA/visa_pytorch/macaroni2/test/bad/069.JPG'] 0.26668137311935425
['/mnt/dsc3032-gaya-shared/group6/datasets/VisA/visa_pytorch/macaroni2/test/bad/070.JPG'] 0.26066291332244873
['/mnt/dsc3032-gaya-shared/group6/datasets/VisA/visa_pytorch/macaroni2/test/bad/071.JPG'] 0.2740316390991211
['/mnt/dsc3032-gaya-shared/group6/datasets/VisA/visa_pytorch/macaroni2/test/bad/072.JPG'] 0.2903779149055481
['/mnt/dsc3032-gaya-shared/group6/datasets/VisA/visa_pytorch/macaroni2/test/bad/073.JPG'] 0.24993222951889038
['/mnt/dsc3032-gaya-shared/group6/datasets/VisA/visa_pytorch/macaroni2/test/bad/074.JPG'] 0.2588045597076416
['/mnt/dsc3032-gaya-shared/group6/datasets/VisA/visa_pytorch/macaroni2/test/bad/075.JPG'] 0.27489328384399414
['/mnt/dsc3032-gaya-shared/group6/datasets/VisA/visa_pytorch/macaroni2/test/bad/076.JPG'] 0.2876855731010437
['/mnt/dsc3032-gaya-shared/group6/datasets/VisA/visa_pytorch/macaroni2/test/bad/077.JPG'] 0.30486345291137695
['/mnt/dsc3032-gaya-shared/group6/datasets/VisA/visa_pytorch/macaroni2/test/bad/078.JPG'] 0.30613160133361816
['/mnt/dsc3032-gaya-shared/group6/datasets/VisA/visa_pytorch/macaroni2/test/bad/079.JPG'] 0.28649741411209106
['/mnt/dsc3032-gaya-shared/group6/datasets/VisA/visa_pytorch/macaroni2/test/bad/080.JPG'] 0.23520830273628235
['/mnt/dsc3032-gaya-shared/group6/datasets/VisA/visa_pytorch/macaroni2/test/bad/081.JPG'] 0.2974964678287506
['/mnt/dsc3032-gaya-shared/group6/datasets/VisA/visa_pytorch/macaroni2/test/bad/082.JPG'] 0.27567434310913086
['/mnt/dsc3032-gaya-shared/group6/datasets/VisA/visa_pytorch/macaroni2/test/bad/083.JPG'] 0.2656312584877014
['/mnt/dsc3032-gaya-shared/group6/datasets/VisA/visa_pytorch/macaroni2/test/bad/084.JPG'] 0.29943397641181946
['/mnt/dsc3032-gaya-shared/group6/datasets/VisA/visa_pytorch/macaroni2/test/bad/085.JPG'] 0.31264692544937134
['/mnt/dsc3032-gaya-shared/group6/datasets/VisA/visa_pytorch/macaroni2/test/bad/086.JPG'] 0.3277706801891327
['/mnt/dsc3032-gaya-shared/group6/datasets/VisA/visa_pytorch/macaroni2/test/bad/087.JPG'] 0.2504817545413971
['/mnt/dsc3032-gaya-shared/group6/datasets/VisA/visa_pytorch/macaroni2/test/bad/088.JPG'] 0.2897002100944519
['/mnt/dsc3032-gaya-shared/group6/datasets/VisA/visa_pytorch/macaroni2/test/bad/089.JPG'] 0.34147363901138306
['/mnt/dsc3032-gaya-shared/group6/datasets/VisA/visa_pytorch/macaroni2/test/bad/090.JPG'] 0.3309522867202759
['/mnt/dsc3032-gaya-shared/group6/datasets/VisA/visa_pytorch/macaroni2/test/bad/091.JPG'] 0.30682361125946045
['/mnt/dsc3032-gaya-shared/group6/datasets/VisA/visa_pytorch/macaroni2/test/bad/092.JPG'] 0.2693820297718048
['/mnt/dsc3032-gaya-shared/group6/datasets/VisA/visa_pytorch/macaroni2/test/bad/093.JPG'] 0.26545456051826477
['/mnt/dsc3032-gaya-shared/group6/datasets/VisA/visa_pytorch/macaroni2/test/bad/094.JPG'] 0.3592979609966278
['/mnt/dsc3032-gaya-shared/group6/datasets/VisA/visa_pytorch/macaroni2/test/bad/095.JPG'] 0.2688542604446411
['/mnt/dsc3032-gaya-shared/group6/datasets/VisA/visa_pytorch/macaroni2/test/bad/096.JPG'] 0.32935768365859985
['/mnt/dsc3032-gaya-shared/group6/datasets/VisA/visa_pytorch/macaroni2/test/bad/097.JPG'] 0.2618098258972168
['/mnt/dsc3032-gaya-shared/group6/datasets/VisA/visa_pytorch/macaroni2/test/bad/098.JPG'] 0.27344128489494324
['/mnt/dsc3032-gaya-shared/group6/datasets/VisA/visa_pytorch/macaroni2/test/bad/099.JPG'] 0.2785223424434662
['/mnt/dsc3032-gaya-shared/group6/datasets/VisA/visa_pytorch/macaroni2/test/good/0011.JPG'] 0.272433876991272
['/mnt/dsc3032-gaya-shared/group6/datasets/VisA/visa_pytorch/macaroni2/test/good/0013.JPG'] 0.2797238826751709
['/mnt/dsc3032-gaya-shared/group6/datasets/VisA/visa_pytorch/macaroni2/test/good/0016.JPG'] 0.2559085488319397
['/mnt/dsc3032-gaya-shared/group6/datasets/VisA/visa_pytorch/macaroni2/test/good/0024.JPG'] 0.2215823382139206
['/mnt/dsc3032-gaya-shared/group6/datasets/VisA/visa_pytorch/macaroni2/test/good/0026.JPG'] 0.36994510889053345
['/mnt/dsc3032-gaya-shared/group6/datasets/VisA/visa_pytorch/macaroni2/test/good/0027.JPG'] 0.27057570219039917
['/mnt/dsc3032-gaya-shared/group6/datasets/VisA/visa_pytorch/macaroni2/test/good/0046.JPG'] 0.26968061923980713
['/mnt/dsc3032-gaya-shared/group6/datasets/VisA/visa_pytorch/macaroni2/test/good/0100.JPG'] 0.22379937767982483
['/mnt/dsc3032-gaya-shared/group6/datasets/VisA/visa_pytorch/macaroni2/test/good/0107.JPG'] 0.3074922561645508
['/mnt/dsc3032-gaya-shared/group6/datasets/VisA/visa_pytorch/macaroni2/test/good/0159.JPG'] 0.29504984617233276
['/mnt/dsc3032-gaya-shared/group6/datasets/VisA/visa_pytorch/macaroni2/test/good/0168.JPG'] 0.24830958247184753
['/mnt/dsc3032-gaya-shared/group6/datasets/VisA/visa_pytorch/macaroni2/test/good/0170.JPG'] 0.2604321837425232
['/mnt/dsc3032-gaya-shared/group6/datasets/VisA/visa_pytorch/macaroni2/test/good/0172.JPG'] 0.25407934188842773
['/mnt/dsc3032-gaya-shared/group6/datasets/VisA/visa_pytorch/macaroni2/test/good/0174.JPG'] 0.2627994418144226
['/mnt/dsc3032-gaya-shared/group6/datasets/VisA/visa_pytorch/macaroni2/test/good/0178.JPG'] 0.2603309750556946
['/mnt/dsc3032-gaya-shared/group6/datasets/VisA/visa_pytorch/macaroni2/test/good/0187.JPG'] 0.3462170660495758
['/mnt/dsc3032-gaya-shared/group6/datasets/VisA/visa_pytorch/macaroni2/test/good/0196.JPG'] 0.3009312152862549
['/mnt/dsc3032-gaya-shared/group6/datasets/VisA/visa_pytorch/macaroni2/test/good/0208.JPG'] 0.2597408592700958
['/mnt/dsc3032-gaya-shared/group6/datasets/VisA/visa_pytorch/macaroni2/test/good/0214.JPG'] 0.2669970989227295
['/mnt/dsc3032-gaya-shared/group6/datasets/VisA/visa_pytorch/macaroni2/test/good/0215.JPG'] 0.34750017523765564
['/mnt/dsc3032-gaya-shared/group6/datasets/VisA/visa_pytorch/macaroni2/test/good/0237.JPG'] 0.23874470591545105
['/mnt/dsc3032-gaya-shared/group6/datasets/VisA/visa_pytorch/macaroni2/test/good/0261.JPG'] 0.30515846610069275
['/mnt/dsc3032-gaya-shared/group6/datasets/VisA/visa_pytorch/macaroni2/test/good/0286.JPG'] 0.29086896777153015
['/mnt/dsc3032-gaya-shared/group6/datasets/VisA/visa_pytorch/macaroni2/test/good/0294.JPG'] 0.3043370246887207
['/mnt/dsc3032-gaya-shared/group6/datasets/VisA/visa_pytorch/macaroni2/test/good/0297.JPG'] 0.2161501944065094
['/mnt/dsc3032-gaya-shared/group6/datasets/VisA/visa_pytorch/macaroni2/test/good/0303.JPG'] 0.23213700950145721
['/mnt/dsc3032-gaya-shared/group6/datasets/VisA/visa_pytorch/macaroni2/test/good/0306.JPG'] 0.22248102724552155
['/mnt/dsc3032-gaya-shared/group6/datasets/VisA/visa_pytorch/macaroni2/test/good/0320.JPG'] 0.27388378977775574
['/mnt/dsc3032-gaya-shared/group6/datasets/VisA/visa_pytorch/macaroni2/test/good/0333.JPG'] 0.23323573172092438
['/mnt/dsc3032-gaya-shared/group6/datasets/VisA/visa_pytorch/macaroni2/test/good/0363.JPG'] 0.27858150005340576
['/mnt/dsc3032-gaya-shared/group6/datasets/VisA/visa_pytorch/macaroni2/test/good/0377.JPG'] 0.24965262413024902
['/mnt/dsc3032-gaya-shared/group6/datasets/VisA/visa_pytorch/macaroni2/test/good/0394.JPG'] 0.32166963815689087
['/mnt/dsc3032-gaya-shared/group6/datasets/VisA/visa_pytorch/macaroni2/test/good/0400.JPG'] 0.24741311371326447
['/mnt/dsc3032-gaya-shared/group6/datasets/VisA/visa_pytorch/macaroni2/test/good/0402.JPG'] 0.2660108804702759
['/mnt/dsc3032-gaya-shared/group6/datasets/VisA/visa_pytorch/macaroni2/test/good/0417.JPG'] 0.2890520393848419
['/mnt/dsc3032-gaya-shared/group6/datasets/VisA/visa_pytorch/macaroni2/test/good/0423.JPG'] 0.290300577878952
['/mnt/dsc3032-gaya-shared/group6/datasets/VisA/visa_pytorch/macaroni2/test/good/0427.JPG'] 0.2854825258255005
['/mnt/dsc3032-gaya-shared/group6/datasets/VisA/visa_pytorch/macaroni2/test/good/0457.JPG'] 0.3080602288246155
['/mnt/dsc3032-gaya-shared/group6/datasets/VisA/visa_pytorch/macaroni2/test/good/0469.JPG'] 0.2881266474723816
['/mnt/dsc3032-gaya-shared/group6/datasets/VisA/visa_pytorch/macaroni2/test/good/0479.JPG'] 0.25295791029930115
['/mnt/dsc3032-gaya-shared/group6/datasets/VisA/visa_pytorch/macaroni2/test/good/0483.JPG'] 0.3367317318916321
['/mnt/dsc3032-gaya-shared/group6/datasets/VisA/visa_pytorch/macaroni2/test/good/0484.JPG'] 0.3163515031337738
['/mnt/dsc3032-gaya-shared/group6/datasets/VisA/visa_pytorch/macaroni2/test/good/0488.JPG'] 0.28202196955680847
['/mnt/dsc3032-gaya-shared/group6/datasets/VisA/visa_pytorch/macaroni2/test/good/0490.JPG'] 0.28742972016334534
['/mnt/dsc3032-gaya-shared/group6/datasets/VisA/visa_pytorch/macaroni2/test/good/0514.JPG'] 0.24107281863689423
['/mnt/dsc3032-gaya-shared/group6/datasets/VisA/visa_pytorch/macaroni2/test/good/0518.JPG'] 0.2633662521839142
['/mnt/dsc3032-gaya-shared/group6/datasets/VisA/visa_pytorch/macaroni2/test/good/0520.JPG'] 0.27905237674713135
['/mnt/dsc3032-gaya-shared/group6/datasets/VisA/visa_pytorch/macaroni2/test/good/0525.JPG'] 0.28057199716567993
['/mnt/dsc3032-gaya-shared/group6/datasets/VisA/visa_pytorch/macaroni2/test/good/0545.JPG'] 0.24938243627548218
['/mnt/dsc3032-gaya-shared/group6/datasets/VisA/visa_pytorch/macaroni2/test/good/0552.JPG'] 0.2910776734352112
['/mnt/dsc3032-gaya-shared/group6/datasets/VisA/visa_pytorch/macaroni2/test/good/0569.JPG'] 0.27842265367507935
['/mnt/dsc3032-gaya-shared/group6/datasets/VisA/visa_pytorch/macaroni2/test/good/0615.JPG'] 0.3225650191307068
['/mnt/dsc3032-gaya-shared/group6/datasets/VisA/visa_pytorch/macaroni2/test/good/0617.JPG'] 0.24541997909545898
['/mnt/dsc3032-gaya-shared/group6/datasets/VisA/visa_pytorch/macaroni2/test/good/0619.JPG'] 0.2569676339626312
['/mnt/dsc3032-gaya-shared/group6/datasets/VisA/visa_pytorch/macaroni2/test/good/0621.JPG'] 0.2565005123615265
['/mnt/dsc3032-gaya-shared/group6/datasets/VisA/visa_pytorch/macaroni2/test/good/0629.JPG'] 0.2709302604198456
['/mnt/dsc3032-gaya-shared/group6/datasets/VisA/visa_pytorch/macaroni2/test/good/0631.JPG'] 0.26561838388442993
['/mnt/dsc3032-gaya-shared/group6/datasets/VisA/visa_pytorch/macaroni2/test/good/0648.JPG'] 0.24473942816257477
['/mnt/dsc3032-gaya-shared/group6/datasets/VisA/visa_pytorch/macaroni2/test/good/0654.JPG'] 0.2635507881641388
['/mnt/dsc3032-gaya-shared/group6/datasets/VisA/visa_pytorch/macaroni2/test/good/0657.JPG'] 0.34100282192230225
['/mnt/dsc3032-gaya-shared/group6/datasets/VisA/visa_pytorch/macaroni2/test/good/0659.JPG'] 0.2779594361782074
['/mnt/dsc3032-gaya-shared/group6/datasets/VisA/visa_pytorch/macaroni2/test/good/0674.JPG'] 0.288154274225235
['/mnt/dsc3032-gaya-shared/group6/datasets/VisA/visa_pytorch/macaroni2/test/good/0684.JPG'] 0.368729829788208
['/mnt/dsc3032-gaya-shared/group6/datasets/VisA/visa_pytorch/macaroni2/test/good/0685.JPG'] 0.2946539521217346
['/mnt/dsc3032-gaya-shared/group6/datasets/VisA/visa_pytorch/macaroni2/test/good/0688.JPG'] 0.28566813468933105
['/mnt/dsc3032-gaya-shared/group6/datasets/VisA/visa_pytorch/macaroni2/test/good/0690.JPG'] 0.25785335898399353
['/mnt/dsc3032-gaya-shared/group6/datasets/VisA/visa_pytorch/macaroni2/test/good/0694.JPG'] 0.2673393785953522
['/mnt/dsc3032-gaya-shared/group6/datasets/VisA/visa_pytorch/macaroni2/test/good/0705.JPG'] 0.25034695863723755
['/mnt/dsc3032-gaya-shared/group6/datasets/VisA/visa_pytorch/macaroni2/test/good/0725.JPG'] 0.30125951766967773
['/mnt/dsc3032-gaya-shared/group6/datasets/VisA/visa_pytorch/macaroni2/test/good/0730.JPG'] 0.24999713897705078
['/mnt/dsc3032-gaya-shared/group6/datasets/VisA/visa_pytorch/macaroni2/test/good/0735.JPG'] 0.2676626443862915
['/mnt/dsc3032-gaya-shared/group6/datasets/VisA/visa_pytorch/macaroni2/test/good/0739.JPG'] 0.3276066780090332
['/mnt/dsc3032-gaya-shared/group6/datasets/VisA/visa_pytorch/macaroni2/test/good/0751.JPG'] 0.26826027035713196
['/mnt/dsc3032-gaya-shared/group6/datasets/VisA/visa_pytorch/macaroni2/test/good/0755.JPG'] 0.2777331471443176
['/mnt/dsc3032-gaya-shared/group6/datasets/VisA/visa_pytorch/macaroni2/test/good/0764.JPG'] 0.28860846161842346
['/mnt/dsc3032-gaya-shared/group6/datasets/VisA/visa_pytorch/macaroni2/test/good/0768.JPG'] 0.24616120755672455
['/mnt/dsc3032-gaya-shared/group6/datasets/VisA/visa_pytorch/macaroni2/test/good/0779.JPG'] 0.2747921645641327
['/mnt/dsc3032-gaya-shared/group6/datasets/VisA/visa_pytorch/macaroni2/test/good/0784.JPG'] 0.2553033232688904
['/mnt/dsc3032-gaya-shared/group6/datasets/VisA/visa_pytorch/macaroni2/test/good/0790.JPG'] 0.23863425850868225
['/mnt/dsc3032-gaya-shared/group6/datasets/VisA/visa_pytorch/macaroni2/test/good/0796.JPG'] 0.2516654133796692
['/mnt/dsc3032-gaya-shared/group6/datasets/VisA/visa_pytorch/macaroni2/test/good/0797.JPG'] 0.2666042149066925
['/mnt/dsc3032-gaya-shared/group6/datasets/VisA/visa_pytorch/macaroni2/test/good/0800.JPG'] 0.3211740255355835
['/mnt/dsc3032-gaya-shared/group6/datasets/VisA/visa_pytorch/macaroni2/test/good/0804.JPG'] 0.34221744537353516
['/mnt/dsc3032-gaya-shared/group6/datasets/VisA/visa_pytorch/macaroni2/test/good/0811.JPG'] 0.27828556299209595
['/mnt/dsc3032-gaya-shared/group6/datasets/VisA/visa_pytorch/macaroni2/test/good/0844.JPG'] 0.29332205653190613
['/mnt/dsc3032-gaya-shared/group6/datasets/VisA/visa_pytorch/macaroni2/test/good/0869.JPG'] 0.279448926448822
['/mnt/dsc3032-gaya-shared/group6/datasets/VisA/visa_pytorch/macaroni2/test/good/0871.JPG'] 0.2928144931793213
['/mnt/dsc3032-gaya-shared/group6/datasets/VisA/visa_pytorch/macaroni2/test/good/0892.JPG'] 0.3163912892341614
['/mnt/dsc3032-gaya-shared/group6/datasets/VisA/visa_pytorch/macaroni2/test/good/0900.JPG'] 0.2599400281906128
['/mnt/dsc3032-gaya-shared/group6/datasets/VisA/visa_pytorch/macaroni2/test/good/0920.JPG'] 0.28663748502731323
['/mnt/dsc3032-gaya-shared/group6/datasets/VisA/visa_pytorch/macaroni2/test/good/0923.JPG'] 0.3230022192001343
['/mnt/dsc3032-gaya-shared/group6/datasets/VisA/visa_pytorch/macaroni2/test/good/0935.JPG'] 0.2838571071624756
['/mnt/dsc3032-gaya-shared/group6/datasets/VisA/visa_pytorch/macaroni2/test/good/0952.JPG'] 0.25482892990112305
['/mnt/dsc3032-gaya-shared/group6/datasets/VisA/visa_pytorch/macaroni2/test/good/0953.JPG'] 0.2842923402786255
['/mnt/dsc3032-gaya-shared/group6/datasets/VisA/visa_pytorch/macaroni2/test/good/0964.JPG'] 0.2903524935245514
['/mnt/dsc3032-gaya-shared/group6/datasets/VisA/visa_pytorch/macaroni2/test/good/0967.JPG'] 0.3660528361797333
['/mnt/dsc3032-gaya-shared/group6/datasets/VisA/visa_pytorch/macaroni2/test/good/0974.JPG'] 0.29686927795410156
['/mnt/dsc3032-gaya-shared/group6/datasets/VisA/visa_pytorch/macaroni2/test/good/0985.JPG'] 0.30207276344299316
['/mnt/dsc3032-gaya-shared/group6/datasets/VisA/visa_pytorch/macaroni2/test/good/0994.JPG'] 0.293366938829422
['/mnt/dsc3032-gaya-shared/group6/datasets/VisA/visa_pytorch/macaroni2/test/good/0996.JPG'] 0.2829946279525757
26-06-02 16:58:04.467 - INFO: 
| category   |   K-shots |   F1-Max(image) |   AUROC(image) |   F1-Max(pixel) |   AUROC(pixel) |
|:-----------|----------:|----------------:|---------------:|----------------:|---------------:|
| macaroni2  |         4 |           70.99 |          73.77 |            14.4 |          98.03 |
