/home/gaya6/LogSAD/dinov2/dinov2/layers/swiglu_ffn.py:43: UserWarning: xFormers is available (SwiGLU)
  warnings.warn("xFormers is available (SwiGLU)")
/home/gaya6/LogSAD/dinov2/dinov2/layers/attention.py:27: UserWarning: xFormers is available (Attention)
  warnings.warn("xFormers is available (Attention)")
/home/gaya6/LogSAD/dinov2/dinov2/layers/block.py:33: UserWarning: xFormers is available (Block)
  warnings.warn("xFormers is available (Block)")
['/mnt/dsc3032-gaya-shared/group6/datasets/VisA/visa_pytorch/macaroni1/test/bad/000.JPG'] 0.24514345824718475
['/mnt/dsc3032-gaya-shared/group6/datasets/VisA/visa_pytorch/macaroni1/test/bad/001.JPG'] 0.23513714969158173
['/mnt/dsc3032-gaya-shared/group6/datasets/VisA/visa_pytorch/macaroni1/test/bad/002.JPG'] 0.22949320077896118
['/mnt/dsc3032-gaya-shared/group6/datasets/VisA/visa_pytorch/macaroni1/test/bad/003.JPG'] 0.24882294237613678
['/mnt/dsc3032-gaya-shared/group6/datasets/VisA/visa_pytorch/macaroni1/test/bad/004.JPG'] 0.2532835006713867
['/mnt/dsc3032-gaya-shared/group6/datasets/VisA/visa_pytorch/macaroni1/test/bad/005.JPG'] 0.24892087280750275
['/mnt/dsc3032-gaya-shared/group6/datasets/VisA/visa_pytorch/macaroni1/test/bad/006.JPG'] 0.23861871659755707
['/mnt/dsc3032-gaya-shared/group6/datasets/VisA/visa_pytorch/macaroni1/test/bad/007.JPG'] 0.24317537248134613
['/mnt/dsc3032-gaya-shared/group6/datasets/VisA/visa_pytorch/macaroni1/test/bad/008.JPG'] 0.2414598912000656
['/mnt/dsc3032-gaya-shared/group6/datasets/VisA/visa_pytorch/macaroni1/test/bad/009.JPG'] 0.30600064992904663
['/mnt/dsc3032-gaya-shared/group6/datasets/VisA/visa_pytorch/macaroni1/test/bad/010.JPG'] 0.25862783193588257
['/mnt/dsc3032-gaya-shared/group6/datasets/VisA/visa_pytorch/macaroni1/test/bad/011.JPG'] 0.23818542063236237
['/mnt/dsc3032-gaya-shared/group6/datasets/VisA/visa_pytorch/macaroni1/test/bad/012.JPG'] 0.24521847069263458
['/mnt/dsc3032-gaya-shared/group6/datasets/VisA/visa_pytorch/macaroni1/test/bad/013.JPG'] 0.2314324826002121
['/mnt/dsc3032-gaya-shared/group6/datasets/VisA/visa_pytorch/macaroni1/test/bad/014.JPG'] 0.24193499982357025
['/mnt/dsc3032-gaya-shared/group6/datasets/VisA/visa_pytorch/macaroni1/test/bad/015.JPG'] 0.2344336360692978
['/mnt/dsc3032-gaya-shared/group6/datasets/VisA/visa_pytorch/macaroni1/test/bad/016.JPG'] 0.26503807306289673
['/mnt/dsc3032-gaya-shared/group6/datasets/VisA/visa_pytorch/macaroni1/test/bad/017.JPG'] 0.2250673621892929
['/mnt/dsc3032-gaya-shared/group6/datasets/VisA/visa_pytorch/macaroni1/test/bad/018.JPG'] 0.2411724179983139
['/mnt/dsc3032-gaya-shared/group6/datasets/VisA/visa_pytorch/macaroni1/test/bad/019.JPG'] 0.25390416383743286
['/mnt/dsc3032-gaya-shared/group6/datasets/VisA/visa_pytorch/macaroni1/test/bad/020.JPG'] 0.21680784225463867
['/mnt/dsc3032-gaya-shared/group6/datasets/VisA/visa_pytorch/macaroni1/test/bad/021.JPG'] 0.27689069509506226
['/mnt/dsc3032-gaya-shared/group6/datasets/VisA/visa_pytorch/macaroni1/test/bad/022.JPG'] 0.2430463582277298
['/mnt/dsc3032-gaya-shared/group6/datasets/VisA/visa_pytorch/macaroni1/test/bad/023.JPG'] 0.36764031648635864
['/mnt/dsc3032-gaya-shared/group6/datasets/VisA/visa_pytorch/macaroni1/test/bad/024.JPG'] 0.4432978332042694
['/mnt/dsc3032-gaya-shared/group6/datasets/VisA/visa_pytorch/macaroni1/test/bad/025.JPG'] 0.44581642746925354
['/mnt/dsc3032-gaya-shared/group6/datasets/VisA/visa_pytorch/macaroni1/test/bad/026.JPG'] 0.4615322947502136
['/mnt/dsc3032-gaya-shared/group6/datasets/VisA/visa_pytorch/macaroni1/test/bad/027.JPG'] 0.4493248462677002
['/mnt/dsc3032-gaya-shared/group6/datasets/VisA/visa_pytorch/macaroni1/test/bad/028.JPG'] 0.39408165216445923
['/mnt/dsc3032-gaya-shared/group6/datasets/VisA/visa_pytorch/macaroni1/test/bad/029.JPG'] 0.4872017204761505
['/mnt/dsc3032-gaya-shared/group6/datasets/VisA/visa_pytorch/macaroni1/test/bad/030.JPG'] 0.38628196716308594
['/mnt/dsc3032-gaya-shared/group6/datasets/VisA/visa_pytorch/macaroni1/test/bad/031.JPG'] 0.4742201566696167
['/mnt/dsc3032-gaya-shared/group6/datasets/VisA/visa_pytorch/macaroni1/test/bad/032.JPG'] 0.46138834953308105
['/mnt/dsc3032-gaya-shared/group6/datasets/VisA/visa_pytorch/macaroni1/test/bad/033.JPG'] 0.47604990005493164
['/mnt/dsc3032-gaya-shared/group6/datasets/VisA/visa_pytorch/macaroni1/test/bad/034.JPG'] 0.36388418078422546
['/mnt/dsc3032-gaya-shared/group6/datasets/VisA/visa_pytorch/macaroni1/test/bad/035.JPG'] 0.4120335578918457
['/mnt/dsc3032-gaya-shared/group6/datasets/VisA/visa_pytorch/macaroni1/test/bad/036.JPG'] 0.4413057565689087
['/mnt/dsc3032-gaya-shared/group6/datasets/VisA/visa_pytorch/macaroni1/test/bad/037.JPG'] 0.45831379294395447
['/mnt/dsc3032-gaya-shared/group6/datasets/VisA/visa_pytorch/macaroni1/test/bad/038.JPG'] 0.4017001688480377
['/mnt/dsc3032-gaya-shared/group6/datasets/VisA/visa_pytorch/macaroni1/test/bad/039.JPG'] 0.3294757604598999
['/mnt/dsc3032-gaya-shared/group6/datasets/VisA/visa_pytorch/macaroni1/test/bad/040.JPG'] 0.36380627751350403
['/mnt/dsc3032-gaya-shared/group6/datasets/VisA/visa_pytorch/macaroni1/test/bad/041.JPG'] 0.31725239753723145
['/mnt/dsc3032-gaya-shared/group6/datasets/VisA/visa_pytorch/macaroni1/test/bad/042.JPG'] 0.34278735518455505
['/mnt/dsc3032-gaya-shared/group6/datasets/VisA/visa_pytorch/macaroni1/test/bad/043.JPG'] 0.3505602180957794
['/mnt/dsc3032-gaya-shared/group6/datasets/VisA/visa_pytorch/macaroni1/test/bad/044.JPG'] 0.32018905878067017
['/mnt/dsc3032-gaya-shared/group6/datasets/VisA/visa_pytorch/macaroni1/test/bad/045.JPG'] 0.34834951162338257
['/mnt/dsc3032-gaya-shared/group6/datasets/VisA/visa_pytorch/macaroni1/test/bad/046.JPG'] 0.4189502000808716
['/mnt/dsc3032-gaya-shared/group6/datasets/VisA/visa_pytorch/macaroni1/test/bad/047.JPG'] 0.3570576310157776
['/mnt/dsc3032-gaya-shared/group6/datasets/VisA/visa_pytorch/macaroni1/test/bad/048.JPG'] 0.33752647042274475
['/mnt/dsc3032-gaya-shared/group6/datasets/VisA/visa_pytorch/macaroni1/test/bad/049.JPG'] 0.27097147703170776
['/mnt/dsc3032-gaya-shared/group6/datasets/VisA/visa_pytorch/macaroni1/test/bad/050.JPG'] 0.38860705494880676
['/mnt/dsc3032-gaya-shared/group6/datasets/VisA/visa_pytorch/macaroni1/test/bad/051.JPG'] 0.3710975646972656
['/mnt/dsc3032-gaya-shared/group6/datasets/VisA/visa_pytorch/macaroni1/test/bad/052.JPG'] 0.3889906406402588
['/mnt/dsc3032-gaya-shared/group6/datasets/VisA/visa_pytorch/macaroni1/test/bad/053.JPG'] 0.36811697483062744
['/mnt/dsc3032-gaya-shared/group6/datasets/VisA/visa_pytorch/macaroni1/test/bad/054.JPG'] 0.36326879262924194
['/mnt/dsc3032-gaya-shared/group6/datasets/VisA/visa_pytorch/macaroni1/test/bad/055.JPG'] 0.3496232032775879
['/mnt/dsc3032-gaya-shared/group6/datasets/VisA/visa_pytorch/macaroni1/test/bad/056.JPG'] 0.4049800932407379
['/mnt/dsc3032-gaya-shared/group6/datasets/VisA/visa_pytorch/macaroni1/test/bad/057.JPG'] 0.38575562834739685
['/mnt/dsc3032-gaya-shared/group6/datasets/VisA/visa_pytorch/macaroni1/test/bad/058.JPG'] 0.3624030351638794
['/mnt/dsc3032-gaya-shared/group6/datasets/VisA/visa_pytorch/macaroni1/test/bad/059.JPG'] 0.36298540234565735
['/mnt/dsc3032-gaya-shared/group6/datasets/VisA/visa_pytorch/macaroni1/test/bad/060.JPG'] 0.36548280715942383
['/mnt/dsc3032-gaya-shared/group6/datasets/VisA/visa_pytorch/macaroni1/test/bad/061.JPG'] 0.331106960773468
['/mnt/dsc3032-gaya-shared/group6/datasets/VisA/visa_pytorch/macaroni1/test/bad/062.JPG'] 0.4182087779045105
['/mnt/dsc3032-gaya-shared/group6/datasets/VisA/visa_pytorch/macaroni1/test/bad/063.JPG'] 0.31042003631591797
['/mnt/dsc3032-gaya-shared/group6/datasets/VisA/visa_pytorch/macaroni1/test/bad/064.JPG'] 0.3956868350505829
['/mnt/dsc3032-gaya-shared/group6/datasets/VisA/visa_pytorch/macaroni1/test/bad/065.JPG'] 0.3754482567310333
['/mnt/dsc3032-gaya-shared/group6/datasets/VisA/visa_pytorch/macaroni1/test/bad/066.JPG'] 0.33440113067626953
['/mnt/dsc3032-gaya-shared/group6/datasets/VisA/visa_pytorch/macaroni1/test/bad/067.JPG'] 0.3098871111869812
['/mnt/dsc3032-gaya-shared/group6/datasets/VisA/visa_pytorch/macaroni1/test/bad/068.JPG'] 0.32004839181900024
['/mnt/dsc3032-gaya-shared/group6/datasets/VisA/visa_pytorch/macaroni1/test/bad/069.JPG'] 0.4176746606826782
['/mnt/dsc3032-gaya-shared/group6/datasets/VisA/visa_pytorch/macaroni1/test/bad/070.JPG'] 0.25984466075897217
['/mnt/dsc3032-gaya-shared/group6/datasets/VisA/visa_pytorch/macaroni1/test/bad/071.JPG'] 0.22785620391368866
['/mnt/dsc3032-gaya-shared/group6/datasets/VisA/visa_pytorch/macaroni1/test/bad/072.JPG'] 0.2879509925842285
['/mnt/dsc3032-gaya-shared/group6/datasets/VisA/visa_pytorch/macaroni1/test/bad/073.JPG'] 0.2537323236465454
['/mnt/dsc3032-gaya-shared/group6/datasets/VisA/visa_pytorch/macaroni1/test/bad/074.JPG'] 0.2896992862224579
['/mnt/dsc3032-gaya-shared/group6/datasets/VisA/visa_pytorch/macaroni1/test/bad/075.JPG'] 0.21429190039634705
['/mnt/dsc3032-gaya-shared/group6/datasets/VisA/visa_pytorch/macaroni1/test/bad/076.JPG'] 0.22408922016620636
['/mnt/dsc3032-gaya-shared/group6/datasets/VisA/visa_pytorch/macaroni1/test/bad/077.JPG'] 0.2706153392791748
['/mnt/dsc3032-gaya-shared/group6/datasets/VisA/visa_pytorch/macaroni1/test/bad/078.JPG'] 0.2943883538246155
['/mnt/dsc3032-gaya-shared/group6/datasets/VisA/visa_pytorch/macaroni1/test/bad/079.JPG'] 0.26498138904571533
['/mnt/dsc3032-gaya-shared/group6/datasets/VisA/visa_pytorch/macaroni1/test/bad/080.JPG'] 0.2791690230369568
['/mnt/dsc3032-gaya-shared/group6/datasets/VisA/visa_pytorch/macaroni1/test/bad/081.JPG'] 0.2860660254955292
['/mnt/dsc3032-gaya-shared/group6/datasets/VisA/visa_pytorch/macaroni1/test/bad/082.JPG'] 0.2310342788696289
['/mnt/dsc3032-gaya-shared/group6/datasets/VisA/visa_pytorch/macaroni1/test/bad/083.JPG'] 0.2520807087421417
['/mnt/dsc3032-gaya-shared/group6/datasets/VisA/visa_pytorch/macaroni1/test/bad/084.JPG'] 0.27136215567588806
['/mnt/dsc3032-gaya-shared/group6/datasets/VisA/visa_pytorch/macaroni1/test/bad/085.JPG'] 0.24348291754722595
['/mnt/dsc3032-gaya-shared/group6/datasets/VisA/visa_pytorch/macaroni1/test/bad/086.JPG'] 0.2589174509048462
['/mnt/dsc3032-gaya-shared/group6/datasets/VisA/visa_pytorch/macaroni1/test/bad/087.JPG'] 0.23032189905643463
['/mnt/dsc3032-gaya-shared/group6/datasets/VisA/visa_pytorch/macaroni1/test/bad/088.JPG'] 0.24281130731105804
['/mnt/dsc3032-gaya-shared/group6/datasets/VisA/visa_pytorch/macaroni1/test/bad/089.JPG'] 0.24824461340904236
['/mnt/dsc3032-gaya-shared/group6/datasets/VisA/visa_pytorch/macaroni1/test/bad/090.JPG'] 0.279446005821228
['/mnt/dsc3032-gaya-shared/group6/datasets/VisA/visa_pytorch/macaroni1/test/bad/091.JPG'] 0.23552298545837402
['/mnt/dsc3032-gaya-shared/group6/datasets/VisA/visa_pytorch/macaroni1/test/bad/092.JPG'] 0.3088010549545288
['/mnt/dsc3032-gaya-shared/group6/datasets/VisA/visa_pytorch/macaroni1/test/bad/093.JPG'] 0.28155648708343506
['/mnt/dsc3032-gaya-shared/group6/datasets/VisA/visa_pytorch/macaroni1/test/bad/094.JPG'] 0.24538539350032806
['/mnt/dsc3032-gaya-shared/group6/datasets/VisA/visa_pytorch/macaroni1/test/bad/095.JPG'] 0.25319552421569824
['/mnt/dsc3032-gaya-shared/group6/datasets/VisA/visa_pytorch/macaroni1/test/bad/096.JPG'] 0.23902209103107452
['/mnt/dsc3032-gaya-shared/group6/datasets/VisA/visa_pytorch/macaroni1/test/bad/097.JPG'] 0.24525508284568787
['/mnt/dsc3032-gaya-shared/group6/datasets/VisA/visa_pytorch/macaroni1/test/bad/098.JPG'] 0.25169333815574646
['/mnt/dsc3032-gaya-shared/group6/datasets/VisA/visa_pytorch/macaroni1/test/bad/099.JPG'] 0.32496827840805054
['/mnt/dsc3032-gaya-shared/group6/datasets/VisA/visa_pytorch/macaroni1/test/good/0011.JPG'] 0.1911364197731018
['/mnt/dsc3032-gaya-shared/group6/datasets/VisA/visa_pytorch/macaroni1/test/good/0013.JPG'] 0.20990730822086334
['/mnt/dsc3032-gaya-shared/group6/datasets/VisA/visa_pytorch/macaroni1/test/good/0016.JPG'] 0.1716010868549347
['/mnt/dsc3032-gaya-shared/group6/datasets/VisA/visa_pytorch/macaroni1/test/good/0024.JPG'] 0.188179150223732
['/mnt/dsc3032-gaya-shared/group6/datasets/VisA/visa_pytorch/macaroni1/test/good/0026.JPG'] 0.19837646186351776
['/mnt/dsc3032-gaya-shared/group6/datasets/VisA/visa_pytorch/macaroni1/test/good/0027.JPG'] 0.20437170565128326
['/mnt/dsc3032-gaya-shared/group6/datasets/VisA/visa_pytorch/macaroni1/test/good/0046.JPG'] 0.2069869190454483
['/mnt/dsc3032-gaya-shared/group6/datasets/VisA/visa_pytorch/macaroni1/test/good/0100.JPG'] 0.21170444786548615
['/mnt/dsc3032-gaya-shared/group6/datasets/VisA/visa_pytorch/macaroni1/test/good/0107.JPG'] 0.26785534620285034
['/mnt/dsc3032-gaya-shared/group6/datasets/VisA/visa_pytorch/macaroni1/test/good/0159.JPG'] 0.244480699300766
['/mnt/dsc3032-gaya-shared/group6/datasets/VisA/visa_pytorch/macaroni1/test/good/0168.JPG'] 0.21536041796207428
['/mnt/dsc3032-gaya-shared/group6/datasets/VisA/visa_pytorch/macaroni1/test/good/0170.JPG'] 0.18118080496788025
['/mnt/dsc3032-gaya-shared/group6/datasets/VisA/visa_pytorch/macaroni1/test/good/0172.JPG'] 0.1820904165506363
['/mnt/dsc3032-gaya-shared/group6/datasets/VisA/visa_pytorch/macaroni1/test/good/0174.JPG'] 0.25223755836486816
['/mnt/dsc3032-gaya-shared/group6/datasets/VisA/visa_pytorch/macaroni1/test/good/0178.JPG'] 0.19682911038398743
['/mnt/dsc3032-gaya-shared/group6/datasets/VisA/visa_pytorch/macaroni1/test/good/0187.JPG'] 0.190591961145401
['/mnt/dsc3032-gaya-shared/group6/datasets/VisA/visa_pytorch/macaroni1/test/good/0196.JPG'] 0.20662006735801697
['/mnt/dsc3032-gaya-shared/group6/datasets/VisA/visa_pytorch/macaroni1/test/good/0208.JPG'] 0.2479555606842041
['/mnt/dsc3032-gaya-shared/group6/datasets/VisA/visa_pytorch/macaroni1/test/good/0214.JPG'] 0.19122467935085297
['/mnt/dsc3032-gaya-shared/group6/datasets/VisA/visa_pytorch/macaroni1/test/good/0215.JPG'] 0.21938078105449677
['/mnt/dsc3032-gaya-shared/group6/datasets/VisA/visa_pytorch/macaroni1/test/good/0237.JPG'] 0.19247831404209137
['/mnt/dsc3032-gaya-shared/group6/datasets/VisA/visa_pytorch/macaroni1/test/good/0261.JPG'] 0.21174727380275726
['/mnt/dsc3032-gaya-shared/group6/datasets/VisA/visa_pytorch/macaroni1/test/good/0286.JPG'] 0.16980382800102234
['/mnt/dsc3032-gaya-shared/group6/datasets/VisA/visa_pytorch/macaroni1/test/good/0294.JPG'] 0.20880581438541412
['/mnt/dsc3032-gaya-shared/group6/datasets/VisA/visa_pytorch/macaroni1/test/good/0297.JPG'] 0.21090146899223328
['/mnt/dsc3032-gaya-shared/group6/datasets/VisA/visa_pytorch/macaroni1/test/good/0303.JPG'] 0.22742711007595062
['/mnt/dsc3032-gaya-shared/group6/datasets/VisA/visa_pytorch/macaroni1/test/good/0306.JPG'] 0.24305766820907593
['/mnt/dsc3032-gaya-shared/group6/datasets/VisA/visa_pytorch/macaroni1/test/good/0320.JPG'] 0.1789398044347763
['/mnt/dsc3032-gaya-shared/group6/datasets/VisA/visa_pytorch/macaroni1/test/good/0333.JPG'] 0.19508399069309235
['/mnt/dsc3032-gaya-shared/group6/datasets/VisA/visa_pytorch/macaroni1/test/good/0363.JPG'] 0.16441485285758972
['/mnt/dsc3032-gaya-shared/group6/datasets/VisA/visa_pytorch/macaroni1/test/good/0377.JPG'] 0.1932324469089508
['/mnt/dsc3032-gaya-shared/group6/datasets/VisA/visa_pytorch/macaroni1/test/good/0394.JPG'] 0.1924525648355484
['/mnt/dsc3032-gaya-shared/group6/datasets/VisA/visa_pytorch/macaroni1/test/good/0400.JPG'] 0.1994526982307434
['/mnt/dsc3032-gaya-shared/group6/datasets/VisA/visa_pytorch/macaroni1/test/good/0402.JPG'] 0.20935824513435364
['/mnt/dsc3032-gaya-shared/group6/datasets/VisA/visa_pytorch/macaroni1/test/good/0417.JPG'] 0.2088940590620041
['/mnt/dsc3032-gaya-shared/group6/datasets/VisA/visa_pytorch/macaroni1/test/good/0423.JPG'] 0.23634710907936096
['/mnt/dsc3032-gaya-shared/group6/datasets/VisA/visa_pytorch/macaroni1/test/good/0427.JPG'] 0.2411472648382187
['/mnt/dsc3032-gaya-shared/group6/datasets/VisA/visa_pytorch/macaroni1/test/good/0457.JPG'] 0.18462863564491272
['/mnt/dsc3032-gaya-shared/group6/datasets/VisA/visa_pytorch/macaroni1/test/good/0469.JPG'] 0.17514899373054504
['/mnt/dsc3032-gaya-shared/group6/datasets/VisA/visa_pytorch/macaroni1/test/good/0479.JPG'] 0.20617887377738953
['/mnt/dsc3032-gaya-shared/group6/datasets/VisA/visa_pytorch/macaroni1/test/good/0483.JPG'] 0.20919883251190186
['/mnt/dsc3032-gaya-shared/group6/datasets/VisA/visa_pytorch/macaroni1/test/good/0484.JPG'] 0.23130349814891815
['/mnt/dsc3032-gaya-shared/group6/datasets/VisA/visa_pytorch/macaroni1/test/good/0488.JPG'] 0.19997689127922058
['/mnt/dsc3032-gaya-shared/group6/datasets/VisA/visa_pytorch/macaroni1/test/good/0490.JPG'] 0.16975533962249756
['/mnt/dsc3032-gaya-shared/group6/datasets/VisA/visa_pytorch/macaroni1/test/good/0514.JPG'] 0.20828001201152802
['/mnt/dsc3032-gaya-shared/group6/datasets/VisA/visa_pytorch/macaroni1/test/good/0518.JPG'] 0.19360442459583282
['/mnt/dsc3032-gaya-shared/group6/datasets/VisA/visa_pytorch/macaroni1/test/good/0520.JPG'] 0.1868801712989807
['/mnt/dsc3032-gaya-shared/group6/datasets/VisA/visa_pytorch/macaroni1/test/good/0525.JPG'] 0.18773716688156128
['/mnt/dsc3032-gaya-shared/group6/datasets/VisA/visa_pytorch/macaroni1/test/good/0545.JPG'] 0.22614608705043793
['/mnt/dsc3032-gaya-shared/group6/datasets/VisA/visa_pytorch/macaroni1/test/good/0552.JPG'] 0.1997235268354416
['/mnt/dsc3032-gaya-shared/group6/datasets/VisA/visa_pytorch/macaroni1/test/good/0569.JPG'] 0.23031359910964966
['/mnt/dsc3032-gaya-shared/group6/datasets/VisA/visa_pytorch/macaroni1/test/good/0615.JPG'] 0.28117960691452026
['/mnt/dsc3032-gaya-shared/group6/datasets/VisA/visa_pytorch/macaroni1/test/good/0617.JPG'] 0.2913045883178711
['/mnt/dsc3032-gaya-shared/group6/datasets/VisA/visa_pytorch/macaroni1/test/good/0619.JPG'] 0.2757243514060974
['/mnt/dsc3032-gaya-shared/group6/datasets/VisA/visa_pytorch/macaroni1/test/good/0621.JPG'] 0.2874140441417694
['/mnt/dsc3032-gaya-shared/group6/datasets/VisA/visa_pytorch/macaroni1/test/good/0629.JPG'] 0.22867730259895325
['/mnt/dsc3032-gaya-shared/group6/datasets/VisA/visa_pytorch/macaroni1/test/good/0631.JPG'] 0.2291198968887329
['/mnt/dsc3032-gaya-shared/group6/datasets/VisA/visa_pytorch/macaroni1/test/good/0648.JPG'] 0.23643673956394196
['/mnt/dsc3032-gaya-shared/group6/datasets/VisA/visa_pytorch/macaroni1/test/good/0654.JPG'] 0.23354196548461914
['/mnt/dsc3032-gaya-shared/group6/datasets/VisA/visa_pytorch/macaroni1/test/good/0657.JPG'] 0.23387953639030457
['/mnt/dsc3032-gaya-shared/group6/datasets/VisA/visa_pytorch/macaroni1/test/good/0659.JPG'] 0.22679859399795532
['/mnt/dsc3032-gaya-shared/group6/datasets/VisA/visa_pytorch/macaroni1/test/good/0674.JPG'] 0.23522675037384033
['/mnt/dsc3032-gaya-shared/group6/datasets/VisA/visa_pytorch/macaroni1/test/good/0684.JPG'] 0.22022581100463867
['/mnt/dsc3032-gaya-shared/group6/datasets/VisA/visa_pytorch/macaroni1/test/good/0685.JPG'] 0.22930707037448883
['/mnt/dsc3032-gaya-shared/group6/datasets/VisA/visa_pytorch/macaroni1/test/good/0688.JPG'] 0.2586151957511902
['/mnt/dsc3032-gaya-shared/group6/datasets/VisA/visa_pytorch/macaroni1/test/good/0690.JPG'] 0.2352929413318634
['/mnt/dsc3032-gaya-shared/group6/datasets/VisA/visa_pytorch/macaroni1/test/good/0694.JPG'] 0.21676521003246307
['/mnt/dsc3032-gaya-shared/group6/datasets/VisA/visa_pytorch/macaroni1/test/good/0705.JPG'] 0.23807473480701447
['/mnt/dsc3032-gaya-shared/group6/datasets/VisA/visa_pytorch/macaroni1/test/good/0725.JPG'] 0.2450283318758011
['/mnt/dsc3032-gaya-shared/group6/datasets/VisA/visa_pytorch/macaroni1/test/good/0730.JPG'] 0.2493821233510971
['/mnt/dsc3032-gaya-shared/group6/datasets/VisA/visa_pytorch/macaroni1/test/good/0735.JPG'] 0.22242937982082367
['/mnt/dsc3032-gaya-shared/group6/datasets/VisA/visa_pytorch/macaroni1/test/good/0739.JPG'] 0.2224711775779724
['/mnt/dsc3032-gaya-shared/group6/datasets/VisA/visa_pytorch/macaroni1/test/good/0751.JPG'] 0.2262498140335083
['/mnt/dsc3032-gaya-shared/group6/datasets/VisA/visa_pytorch/macaroni1/test/good/0755.JPG'] 0.22662539780139923
['/mnt/dsc3032-gaya-shared/group6/datasets/VisA/visa_pytorch/macaroni1/test/good/0764.JPG'] 0.23583398759365082
['/mnt/dsc3032-gaya-shared/group6/datasets/VisA/visa_pytorch/macaroni1/test/good/0768.JPG'] 0.23581500351428986
['/mnt/dsc3032-gaya-shared/group6/datasets/VisA/visa_pytorch/macaroni1/test/good/0779.JPG'] 0.22062699496746063
['/mnt/dsc3032-gaya-shared/group6/datasets/VisA/visa_pytorch/macaroni1/test/good/0784.JPG'] 0.23093223571777344
['/mnt/dsc3032-gaya-shared/group6/datasets/VisA/visa_pytorch/macaroni1/test/good/0790.JPG'] 0.23706737160682678
['/mnt/dsc3032-gaya-shared/group6/datasets/VisA/visa_pytorch/macaroni1/test/good/0796.JPG'] 0.24089334905147552
['/mnt/dsc3032-gaya-shared/group6/datasets/VisA/visa_pytorch/macaroni1/test/good/0797.JPG'] 0.2251943200826645
['/mnt/dsc3032-gaya-shared/group6/datasets/VisA/visa_pytorch/macaroni1/test/good/0800.JPG'] 0.214833602309227
['/mnt/dsc3032-gaya-shared/group6/datasets/VisA/visa_pytorch/macaroni1/test/good/0804.JPG'] 0.24914097785949707
['/mnt/dsc3032-gaya-shared/group6/datasets/VisA/visa_pytorch/macaroni1/test/good/0811.JPG'] 0.24532848596572876
['/mnt/dsc3032-gaya-shared/group6/datasets/VisA/visa_pytorch/macaroni1/test/good/0844.JPG'] 0.2398449182510376
['/mnt/dsc3032-gaya-shared/group6/datasets/VisA/visa_pytorch/macaroni1/test/good/0869.JPG'] 0.2317880243062973
['/mnt/dsc3032-gaya-shared/group6/datasets/VisA/visa_pytorch/macaroni1/test/good/0871.JPG'] 0.22821925580501556
['/mnt/dsc3032-gaya-shared/group6/datasets/VisA/visa_pytorch/macaroni1/test/good/0892.JPG'] 0.2133706659078598
['/mnt/dsc3032-gaya-shared/group6/datasets/VisA/visa_pytorch/macaroni1/test/good/0900.JPG'] 0.2285696417093277
['/mnt/dsc3032-gaya-shared/group6/datasets/VisA/visa_pytorch/macaroni1/test/good/0920.JPG'] 0.2542772591114044
['/mnt/dsc3032-gaya-shared/group6/datasets/VisA/visa_pytorch/macaroni1/test/good/0923.JPG'] 0.24882414937019348
['/mnt/dsc3032-gaya-shared/group6/datasets/VisA/visa_pytorch/macaroni1/test/good/0935.JPG'] 0.2538990378379822
['/mnt/dsc3032-gaya-shared/group6/datasets/VisA/visa_pytorch/macaroni1/test/good/0952.JPG'] 0.2055881768465042
['/mnt/dsc3032-gaya-shared/group6/datasets/VisA/visa_pytorch/macaroni1/test/good/0953.JPG'] 0.23866336047649384
['/mnt/dsc3032-gaya-shared/group6/datasets/VisA/visa_pytorch/macaroni1/test/good/0964.JPG'] 0.24911591410636902
['/mnt/dsc3032-gaya-shared/group6/datasets/VisA/visa_pytorch/macaroni1/test/good/0967.JPG'] 0.22471635043621063
['/mnt/dsc3032-gaya-shared/group6/datasets/VisA/visa_pytorch/macaroni1/test/good/0974.JPG'] 0.2665531039237976
['/mnt/dsc3032-gaya-shared/group6/datasets/VisA/visa_pytorch/macaroni1/test/good/0985.JPG'] 0.2572471797466278
['/mnt/dsc3032-gaya-shared/group6/datasets/VisA/visa_pytorch/macaroni1/test/good/0994.JPG'] 0.23866626620292664
['/mnt/dsc3032-gaya-shared/group6/datasets/VisA/visa_pytorch/macaroni1/test/good/0996.JPG'] 0.27626335620880127
26-06-02 16:56:48.266 - INFO: 
| category   |   K-shots |   F1-Max(image) |   AUROC(image) |   F1-Max(pixel) |   AUROC(pixel) |
|:-----------|----------:|----------------:|---------------:|----------------:|---------------:|
| macaroni1  |         4 |           82.52 |           90.1 |           28.34 |          98.95 |
