/home/gaya6/LogSAD/dinov2/dinov2/layers/swiglu_ffn.py:43: UserWarning: xFormers is available (SwiGLU)
  warnings.warn("xFormers is available (SwiGLU)")
/home/gaya6/LogSAD/dinov2/dinov2/layers/attention.py:27: UserWarning: xFormers is available (Attention)
  warnings.warn("xFormers is available (Attention)")
/home/gaya6/LogSAD/dinov2/dinov2/layers/block.py:33: UserWarning: xFormers is available (Block)
  warnings.warn("xFormers is available (Block)")
['/mnt/dsc3032-gaya-shared/group6/datasets/VisA/visa_pytorch/pcb1/test/bad/000.JPG'] 0.34120604395866394
['/mnt/dsc3032-gaya-shared/group6/datasets/VisA/visa_pytorch/pcb1/test/bad/001.JPG'] 0.3280790150165558
['/mnt/dsc3032-gaya-shared/group6/datasets/VisA/visa_pytorch/pcb1/test/bad/002.JPG'] 0.3853182792663574
['/mnt/dsc3032-gaya-shared/group6/datasets/VisA/visa_pytorch/pcb1/test/bad/003.JPG'] 0.3477957844734192
['/mnt/dsc3032-gaya-shared/group6/datasets/VisA/visa_pytorch/pcb1/test/bad/004.JPG'] 0.3723369240760803
['/mnt/dsc3032-gaya-shared/group6/datasets/VisA/visa_pytorch/pcb1/test/bad/005.JPG'] 0.37798094749450684
['/mnt/dsc3032-gaya-shared/group6/datasets/VisA/visa_pytorch/pcb1/test/bad/006.JPG'] 0.37204235792160034
['/mnt/dsc3032-gaya-shared/group6/datasets/VisA/visa_pytorch/pcb1/test/bad/007.JPG'] 0.35392510890960693
['/mnt/dsc3032-gaya-shared/group6/datasets/VisA/visa_pytorch/pcb1/test/bad/008.JPG'] 0.4047558903694153
['/mnt/dsc3032-gaya-shared/group6/datasets/VisA/visa_pytorch/pcb1/test/bad/009.JPG'] 0.39687082171440125
['/mnt/dsc3032-gaya-shared/group6/datasets/VisA/visa_pytorch/pcb1/test/bad/010.JPG'] 0.39793211221694946
['/mnt/dsc3032-gaya-shared/group6/datasets/VisA/visa_pytorch/pcb1/test/bad/011.JPG'] 0.3628435730934143
['/mnt/dsc3032-gaya-shared/group6/datasets/VisA/visa_pytorch/pcb1/test/bad/012.JPG'] 0.3631880283355713
['/mnt/dsc3032-gaya-shared/group6/datasets/VisA/visa_pytorch/pcb1/test/bad/013.JPG'] 0.3864741921424866
['/mnt/dsc3032-gaya-shared/group6/datasets/VisA/visa_pytorch/pcb1/test/bad/014.JPG'] 0.38803625106811523
['/mnt/dsc3032-gaya-shared/group6/datasets/VisA/visa_pytorch/pcb1/test/bad/015.JPG'] 0.3484339118003845
['/mnt/dsc3032-gaya-shared/group6/datasets/VisA/visa_pytorch/pcb1/test/bad/016.JPG'] 0.3983360826969147
['/mnt/dsc3032-gaya-shared/group6/datasets/VisA/visa_pytorch/pcb1/test/bad/017.JPG'] 0.367139995098114
['/mnt/dsc3032-gaya-shared/group6/datasets/VisA/visa_pytorch/pcb1/test/bad/018.JPG'] 0.36518311500549316
['/mnt/dsc3032-gaya-shared/group6/datasets/VisA/visa_pytorch/pcb1/test/bad/019.JPG'] 0.3864087760448456
['/mnt/dsc3032-gaya-shared/group6/datasets/VisA/visa_pytorch/pcb1/test/bad/020.JPG'] 0.36912596225738525
['/mnt/dsc3032-gaya-shared/group6/datasets/VisA/visa_pytorch/pcb1/test/bad/021.JPG'] 0.3958103656768799
['/mnt/dsc3032-gaya-shared/group6/datasets/VisA/visa_pytorch/pcb1/test/bad/022.JPG'] 0.40543797612190247
['/mnt/dsc3032-gaya-shared/group6/datasets/VisA/visa_pytorch/pcb1/test/bad/023.JPG'] 0.3981736898422241
['/mnt/dsc3032-gaya-shared/group6/datasets/VisA/visa_pytorch/pcb1/test/bad/024.JPG'] 0.3458203077316284
['/mnt/dsc3032-gaya-shared/group6/datasets/VisA/visa_pytorch/pcb1/test/bad/025.JPG'] 0.36252886056900024
['/mnt/dsc3032-gaya-shared/group6/datasets/VisA/visa_pytorch/pcb1/test/bad/026.JPG'] 0.360498309135437
['/mnt/dsc3032-gaya-shared/group6/datasets/VisA/visa_pytorch/pcb1/test/bad/027.JPG'] 0.352764368057251
['/mnt/dsc3032-gaya-shared/group6/datasets/VisA/visa_pytorch/pcb1/test/bad/028.JPG'] 0.3922264575958252
['/mnt/dsc3032-gaya-shared/group6/datasets/VisA/visa_pytorch/pcb1/test/bad/029.JPG'] 0.388363778591156
['/mnt/dsc3032-gaya-shared/group6/datasets/VisA/visa_pytorch/pcb1/test/bad/030.JPG'] 0.3856520652770996
['/mnt/dsc3032-gaya-shared/group6/datasets/VisA/visa_pytorch/pcb1/test/bad/031.JPG'] 0.39191168546676636
['/mnt/dsc3032-gaya-shared/group6/datasets/VisA/visa_pytorch/pcb1/test/bad/032.JPG'] 0.3917698562145233
['/mnt/dsc3032-gaya-shared/group6/datasets/VisA/visa_pytorch/pcb1/test/bad/033.JPG'] 0.3552640676498413
['/mnt/dsc3032-gaya-shared/group6/datasets/VisA/visa_pytorch/pcb1/test/bad/034.JPG'] 0.36078882217407227
['/mnt/dsc3032-gaya-shared/group6/datasets/VisA/visa_pytorch/pcb1/test/bad/035.JPG'] 0.3685407340526581
['/mnt/dsc3032-gaya-shared/group6/datasets/VisA/visa_pytorch/pcb1/test/bad/036.JPG'] 0.33930641412734985
['/mnt/dsc3032-gaya-shared/group6/datasets/VisA/visa_pytorch/pcb1/test/bad/037.JPG'] 0.3967367708683014
['/mnt/dsc3032-gaya-shared/group6/datasets/VisA/visa_pytorch/pcb1/test/bad/038.JPG'] 0.38653290271759033
['/mnt/dsc3032-gaya-shared/group6/datasets/VisA/visa_pytorch/pcb1/test/bad/039.JPG'] 0.38867563009262085
['/mnt/dsc3032-gaya-shared/group6/datasets/VisA/visa_pytorch/pcb1/test/bad/040.JPG'] 0.37672343850135803
['/mnt/dsc3032-gaya-shared/group6/datasets/VisA/visa_pytorch/pcb1/test/bad/041.JPG'] 0.46803411841392517
['/mnt/dsc3032-gaya-shared/group6/datasets/VisA/visa_pytorch/pcb1/test/bad/042.JPG'] 0.38929104804992676
['/mnt/dsc3032-gaya-shared/group6/datasets/VisA/visa_pytorch/pcb1/test/bad/043.JPG'] 0.48350292444229126
['/mnt/dsc3032-gaya-shared/group6/datasets/VisA/visa_pytorch/pcb1/test/bad/044.JPG'] 0.3864085078239441
['/mnt/dsc3032-gaya-shared/group6/datasets/VisA/visa_pytorch/pcb1/test/bad/045.JPG'] 0.39974913001060486
['/mnt/dsc3032-gaya-shared/group6/datasets/VisA/visa_pytorch/pcb1/test/bad/046.JPG'] 0.453003466129303
['/mnt/dsc3032-gaya-shared/group6/datasets/VisA/visa_pytorch/pcb1/test/bad/047.JPG'] 0.3819417357444763
['/mnt/dsc3032-gaya-shared/group6/datasets/VisA/visa_pytorch/pcb1/test/bad/048.JPG'] 0.38950246572494507
['/mnt/dsc3032-gaya-shared/group6/datasets/VisA/visa_pytorch/pcb1/test/bad/049.JPG'] 0.3517608046531677
['/mnt/dsc3032-gaya-shared/group6/datasets/VisA/visa_pytorch/pcb1/test/bad/050.JPG'] 0.4583132565021515
['/mnt/dsc3032-gaya-shared/group6/datasets/VisA/visa_pytorch/pcb1/test/bad/051.JPG'] 0.3358285427093506
['/mnt/dsc3032-gaya-shared/group6/datasets/VisA/visa_pytorch/pcb1/test/bad/052.JPG'] 0.34297987818717957
['/mnt/dsc3032-gaya-shared/group6/datasets/VisA/visa_pytorch/pcb1/test/bad/053.JPG'] 0.3571837544441223
['/mnt/dsc3032-gaya-shared/group6/datasets/VisA/visa_pytorch/pcb1/test/bad/054.JPG'] 0.37264615297317505
['/mnt/dsc3032-gaya-shared/group6/datasets/VisA/visa_pytorch/pcb1/test/bad/055.JPG'] 0.4044146239757538
['/mnt/dsc3032-gaya-shared/group6/datasets/VisA/visa_pytorch/pcb1/test/bad/056.JPG'] 0.33651095628738403
['/mnt/dsc3032-gaya-shared/group6/datasets/VisA/visa_pytorch/pcb1/test/bad/057.JPG'] 0.3716047704219818
['/mnt/dsc3032-gaya-shared/group6/datasets/VisA/visa_pytorch/pcb1/test/bad/058.JPG'] 0.3867829144001007
['/mnt/dsc3032-gaya-shared/group6/datasets/VisA/visa_pytorch/pcb1/test/bad/059.JPG'] 0.43269434571266174
['/mnt/dsc3032-gaya-shared/group6/datasets/VisA/visa_pytorch/pcb1/test/bad/060.JPG'] 0.35646146535873413
['/mnt/dsc3032-gaya-shared/group6/datasets/VisA/visa_pytorch/pcb1/test/bad/061.JPG'] 0.3500860333442688
['/mnt/dsc3032-gaya-shared/group6/datasets/VisA/visa_pytorch/pcb1/test/bad/062.JPG'] 0.35433125495910645
['/mnt/dsc3032-gaya-shared/group6/datasets/VisA/visa_pytorch/pcb1/test/bad/063.JPG'] 0.38231736421585083
['/mnt/dsc3032-gaya-shared/group6/datasets/VisA/visa_pytorch/pcb1/test/bad/064.JPG'] 0.36176496744155884
['/mnt/dsc3032-gaya-shared/group6/datasets/VisA/visa_pytorch/pcb1/test/bad/065.JPG'] 0.4020598530769348
['/mnt/dsc3032-gaya-shared/group6/datasets/VisA/visa_pytorch/pcb1/test/bad/066.JPG'] 0.3387947082519531
['/mnt/dsc3032-gaya-shared/group6/datasets/VisA/visa_pytorch/pcb1/test/bad/067.JPG'] 0.3311633765697479
['/mnt/dsc3032-gaya-shared/group6/datasets/VisA/visa_pytorch/pcb1/test/bad/068.JPG'] 0.3698480725288391
['/mnt/dsc3032-gaya-shared/group6/datasets/VisA/visa_pytorch/pcb1/test/bad/069.JPG'] 0.3876288831233978
['/mnt/dsc3032-gaya-shared/group6/datasets/VisA/visa_pytorch/pcb1/test/bad/070.JPG'] 0.3728998303413391
['/mnt/dsc3032-gaya-shared/group6/datasets/VisA/visa_pytorch/pcb1/test/bad/071.JPG'] 0.38879019021987915
['/mnt/dsc3032-gaya-shared/group6/datasets/VisA/visa_pytorch/pcb1/test/bad/072.JPG'] 0.4159300923347473
['/mnt/dsc3032-gaya-shared/group6/datasets/VisA/visa_pytorch/pcb1/test/bad/073.JPG'] 0.36130279302597046
['/mnt/dsc3032-gaya-shared/group6/datasets/VisA/visa_pytorch/pcb1/test/bad/074.JPG'] 0.338705837726593
['/mnt/dsc3032-gaya-shared/group6/datasets/VisA/visa_pytorch/pcb1/test/bad/075.JPG'] 0.3876802325248718
['/mnt/dsc3032-gaya-shared/group6/datasets/VisA/visa_pytorch/pcb1/test/bad/076.JPG'] 0.34609800577163696
['/mnt/dsc3032-gaya-shared/group6/datasets/VisA/visa_pytorch/pcb1/test/bad/077.JPG'] 0.364979088306427
['/mnt/dsc3032-gaya-shared/group6/datasets/VisA/visa_pytorch/pcb1/test/bad/078.JPG'] 0.37174516916275024
['/mnt/dsc3032-gaya-shared/group6/datasets/VisA/visa_pytorch/pcb1/test/bad/079.JPG'] 0.38887977600097656
['/mnt/dsc3032-gaya-shared/group6/datasets/VisA/visa_pytorch/pcb1/test/bad/080.JPG'] 0.3994233012199402
['/mnt/dsc3032-gaya-shared/group6/datasets/VisA/visa_pytorch/pcb1/test/bad/081.JPG'] 0.36418232321739197
['/mnt/dsc3032-gaya-shared/group6/datasets/VisA/visa_pytorch/pcb1/test/bad/082.JPG'] 0.3014882802963257
['/mnt/dsc3032-gaya-shared/group6/datasets/VisA/visa_pytorch/pcb1/test/bad/083.JPG'] 0.2624751925468445
['/mnt/dsc3032-gaya-shared/group6/datasets/VisA/visa_pytorch/pcb1/test/bad/084.JPG'] 0.3183057904243469
['/mnt/dsc3032-gaya-shared/group6/datasets/VisA/visa_pytorch/pcb1/test/bad/085.JPG'] 0.328888475894928
['/mnt/dsc3032-gaya-shared/group6/datasets/VisA/visa_pytorch/pcb1/test/bad/086.JPG'] 0.32857584953308105
['/mnt/dsc3032-gaya-shared/group6/datasets/VisA/visa_pytorch/pcb1/test/bad/087.JPG'] 0.35817593336105347
['/mnt/dsc3032-gaya-shared/group6/datasets/VisA/visa_pytorch/pcb1/test/bad/088.JPG'] 0.3610824644565582
['/mnt/dsc3032-gaya-shared/group6/datasets/VisA/visa_pytorch/pcb1/test/bad/089.JPG'] 0.3792852759361267
['/mnt/dsc3032-gaya-shared/group6/datasets/VisA/visa_pytorch/pcb1/test/bad/090.JPG'] 0.39776766300201416
['/mnt/dsc3032-gaya-shared/group6/datasets/VisA/visa_pytorch/pcb1/test/bad/091.JPG'] 0.4268941283226013
['/mnt/dsc3032-gaya-shared/group6/datasets/VisA/visa_pytorch/pcb1/test/bad/092.JPG'] 0.3818686604499817
['/mnt/dsc3032-gaya-shared/group6/datasets/VisA/visa_pytorch/pcb1/test/bad/093.JPG'] 0.37841683626174927
['/mnt/dsc3032-gaya-shared/group6/datasets/VisA/visa_pytorch/pcb1/test/bad/094.JPG'] 0.35589203238487244
['/mnt/dsc3032-gaya-shared/group6/datasets/VisA/visa_pytorch/pcb1/test/bad/095.JPG'] 0.3695305585861206
['/mnt/dsc3032-gaya-shared/group6/datasets/VisA/visa_pytorch/pcb1/test/bad/096.JPG'] 0.3355711102485657
['/mnt/dsc3032-gaya-shared/group6/datasets/VisA/visa_pytorch/pcb1/test/bad/097.JPG'] 0.37483274936676025
['/mnt/dsc3032-gaya-shared/group6/datasets/VisA/visa_pytorch/pcb1/test/bad/098.JPG'] 0.3584870994091034
['/mnt/dsc3032-gaya-shared/group6/datasets/VisA/visa_pytorch/pcb1/test/bad/099.JPG'] 0.39077287912368774
['/mnt/dsc3032-gaya-shared/group6/datasets/VisA/visa_pytorch/pcb1/test/good/0011.JPG'] 0.23886902630329132
['/mnt/dsc3032-gaya-shared/group6/datasets/VisA/visa_pytorch/pcb1/test/good/0013.JPG'] 0.21853718161582947
['/mnt/dsc3032-gaya-shared/group6/datasets/VisA/visa_pytorch/pcb1/test/good/0016.JPG'] 0.21540123224258423
['/mnt/dsc3032-gaya-shared/group6/datasets/VisA/visa_pytorch/pcb1/test/good/0024.JPG'] 0.20455795526504517
['/mnt/dsc3032-gaya-shared/group6/datasets/VisA/visa_pytorch/pcb1/test/good/0026.JPG'] 0.22016596794128418
['/mnt/dsc3032-gaya-shared/group6/datasets/VisA/visa_pytorch/pcb1/test/good/0027.JPG'] 0.2349928617477417
['/mnt/dsc3032-gaya-shared/group6/datasets/VisA/visa_pytorch/pcb1/test/good/0046.JPG'] 0.2265814244747162
['/mnt/dsc3032-gaya-shared/group6/datasets/VisA/visa_pytorch/pcb1/test/good/0100.JPG'] 0.2033512145280838
['/mnt/dsc3032-gaya-shared/group6/datasets/VisA/visa_pytorch/pcb1/test/good/0107.JPG'] 0.25550222396850586
['/mnt/dsc3032-gaya-shared/group6/datasets/VisA/visa_pytorch/pcb1/test/good/0159.JPG'] 0.21356701850891113
['/mnt/dsc3032-gaya-shared/group6/datasets/VisA/visa_pytorch/pcb1/test/good/0168.JPG'] 0.2191927284002304
['/mnt/dsc3032-gaya-shared/group6/datasets/VisA/visa_pytorch/pcb1/test/good/0170.JPG'] 0.2400122582912445
['/mnt/dsc3032-gaya-shared/group6/datasets/VisA/visa_pytorch/pcb1/test/good/0172.JPG'] 0.22873246669769287
['/mnt/dsc3032-gaya-shared/group6/datasets/VisA/visa_pytorch/pcb1/test/good/0174.JPG'] 0.32424819469451904
['/mnt/dsc3032-gaya-shared/group6/datasets/VisA/visa_pytorch/pcb1/test/good/0178.JPG'] 0.226347878575325
['/mnt/dsc3032-gaya-shared/group6/datasets/VisA/visa_pytorch/pcb1/test/good/0187.JPG'] 0.226335808634758
['/mnt/dsc3032-gaya-shared/group6/datasets/VisA/visa_pytorch/pcb1/test/good/0196.JPG'] 0.21904732286930084
['/mnt/dsc3032-gaya-shared/group6/datasets/VisA/visa_pytorch/pcb1/test/good/0208.JPG'] 0.18935512006282806
['/mnt/dsc3032-gaya-shared/group6/datasets/VisA/visa_pytorch/pcb1/test/good/0214.JPG'] 0.3318842947483063
['/mnt/dsc3032-gaya-shared/group6/datasets/VisA/visa_pytorch/pcb1/test/good/0215.JPG'] 0.2360800802707672
['/mnt/dsc3032-gaya-shared/group6/datasets/VisA/visa_pytorch/pcb1/test/good/0237.JPG'] 0.2413153201341629
['/mnt/dsc3032-gaya-shared/group6/datasets/VisA/visa_pytorch/pcb1/test/good/0261.JPG'] 0.2770823836326599
['/mnt/dsc3032-gaya-shared/group6/datasets/VisA/visa_pytorch/pcb1/test/good/0286.JPG'] 0.21789118647575378
['/mnt/dsc3032-gaya-shared/group6/datasets/VisA/visa_pytorch/pcb1/test/good/0294.JPG'] 0.20284272730350494
['/mnt/dsc3032-gaya-shared/group6/datasets/VisA/visa_pytorch/pcb1/test/good/0297.JPG'] 0.24834637343883514
['/mnt/dsc3032-gaya-shared/group6/datasets/VisA/visa_pytorch/pcb1/test/good/0303.JPG'] 0.2707814574241638
['/mnt/dsc3032-gaya-shared/group6/datasets/VisA/visa_pytorch/pcb1/test/good/0306.JPG'] 0.3793809115886688
['/mnt/dsc3032-gaya-shared/group6/datasets/VisA/visa_pytorch/pcb1/test/good/0320.JPG'] 0.20652268826961517
['/mnt/dsc3032-gaya-shared/group6/datasets/VisA/visa_pytorch/pcb1/test/good/0333.JPG'] 0.28193217515945435
['/mnt/dsc3032-gaya-shared/group6/datasets/VisA/visa_pytorch/pcb1/test/good/0363.JPG'] 0.23011526465415955
['/mnt/dsc3032-gaya-shared/group6/datasets/VisA/visa_pytorch/pcb1/test/good/0377.JPG'] 0.23952241241931915
['/mnt/dsc3032-gaya-shared/group6/datasets/VisA/visa_pytorch/pcb1/test/good/0394.JPG'] 0.25808680057525635
['/mnt/dsc3032-gaya-shared/group6/datasets/VisA/visa_pytorch/pcb1/test/good/0400.JPG'] 0.22081322968006134
['/mnt/dsc3032-gaya-shared/group6/datasets/VisA/visa_pytorch/pcb1/test/good/0402.JPG'] 0.21261730790138245
['/mnt/dsc3032-gaya-shared/group6/datasets/VisA/visa_pytorch/pcb1/test/good/0417.JPG'] 0.2479250729084015
['/mnt/dsc3032-gaya-shared/group6/datasets/VisA/visa_pytorch/pcb1/test/good/0423.JPG'] 0.21325816214084625
['/mnt/dsc3032-gaya-shared/group6/datasets/VisA/visa_pytorch/pcb1/test/good/0427.JPG'] 0.3985902667045593
['/mnt/dsc3032-gaya-shared/group6/datasets/VisA/visa_pytorch/pcb1/test/good/0457.JPG'] 0.253778874874115
['/mnt/dsc3032-gaya-shared/group6/datasets/VisA/visa_pytorch/pcb1/test/good/0469.JPG'] 0.23192565143108368
['/mnt/dsc3032-gaya-shared/group6/datasets/VisA/visa_pytorch/pcb1/test/good/0479.JPG'] 0.25007665157318115
['/mnt/dsc3032-gaya-shared/group6/datasets/VisA/visa_pytorch/pcb1/test/good/0483.JPG'] 0.2086837887763977
['/mnt/dsc3032-gaya-shared/group6/datasets/VisA/visa_pytorch/pcb1/test/good/0484.JPG'] 0.2634231746196747
['/mnt/dsc3032-gaya-shared/group6/datasets/VisA/visa_pytorch/pcb1/test/good/0488.JPG'] 0.2631949186325073
['/mnt/dsc3032-gaya-shared/group6/datasets/VisA/visa_pytorch/pcb1/test/good/0490.JPG'] 0.22911478579044342
['/mnt/dsc3032-gaya-shared/group6/datasets/VisA/visa_pytorch/pcb1/test/good/0514.JPG'] 0.22529634833335876
['/mnt/dsc3032-gaya-shared/group6/datasets/VisA/visa_pytorch/pcb1/test/good/0518.JPG'] 0.229491725564003
['/mnt/dsc3032-gaya-shared/group6/datasets/VisA/visa_pytorch/pcb1/test/good/0520.JPG'] 0.2007051557302475
['/mnt/dsc3032-gaya-shared/group6/datasets/VisA/visa_pytorch/pcb1/test/good/0525.JPG'] 0.204499289393425
['/mnt/dsc3032-gaya-shared/group6/datasets/VisA/visa_pytorch/pcb1/test/good/0545.JPG'] 0.24447613954544067
['/mnt/dsc3032-gaya-shared/group6/datasets/VisA/visa_pytorch/pcb1/test/good/0552.JPG'] 0.2189316600561142
['/mnt/dsc3032-gaya-shared/group6/datasets/VisA/visa_pytorch/pcb1/test/good/0569.JPG'] 0.2739666700363159
['/mnt/dsc3032-gaya-shared/group6/datasets/VisA/visa_pytorch/pcb1/test/good/0615.JPG'] 0.3519079387187958
['/mnt/dsc3032-gaya-shared/group6/datasets/VisA/visa_pytorch/pcb1/test/good/0617.JPG'] 0.3203587532043457
['/mnt/dsc3032-gaya-shared/group6/datasets/VisA/visa_pytorch/pcb1/test/good/0619.JPG'] 0.32649368047714233
['/mnt/dsc3032-gaya-shared/group6/datasets/VisA/visa_pytorch/pcb1/test/good/0621.JPG'] 0.40076255798339844
['/mnt/dsc3032-gaya-shared/group6/datasets/VisA/visa_pytorch/pcb1/test/good/0629.JPG'] 0.37883710861206055
['/mnt/dsc3032-gaya-shared/group6/datasets/VisA/visa_pytorch/pcb1/test/good/0631.JPG'] 0.3381042182445526
['/mnt/dsc3032-gaya-shared/group6/datasets/VisA/visa_pytorch/pcb1/test/good/0648.JPG'] 0.355986624956131
['/mnt/dsc3032-gaya-shared/group6/datasets/VisA/visa_pytorch/pcb1/test/good/0654.JPG'] 0.3525630831718445
['/mnt/dsc3032-gaya-shared/group6/datasets/VisA/visa_pytorch/pcb1/test/good/0657.JPG'] 0.3187314569950104
['/mnt/dsc3032-gaya-shared/group6/datasets/VisA/visa_pytorch/pcb1/test/good/0659.JPG'] 0.3814713954925537
['/mnt/dsc3032-gaya-shared/group6/datasets/VisA/visa_pytorch/pcb1/test/good/0674.JPG'] 0.3542433977127075
['/mnt/dsc3032-gaya-shared/group6/datasets/VisA/visa_pytorch/pcb1/test/good/0684.JPG'] 0.39298102259635925
['/mnt/dsc3032-gaya-shared/group6/datasets/VisA/visa_pytorch/pcb1/test/good/0685.JPG'] 0.3716474771499634
['/mnt/dsc3032-gaya-shared/group6/datasets/VisA/visa_pytorch/pcb1/test/good/0688.JPG'] 0.37154826521873474
['/mnt/dsc3032-gaya-shared/group6/datasets/VisA/visa_pytorch/pcb1/test/good/0690.JPG'] 0.3854636549949646
['/mnt/dsc3032-gaya-shared/group6/datasets/VisA/visa_pytorch/pcb1/test/good/0694.JPG'] 0.3657767176628113
['/mnt/dsc3032-gaya-shared/group6/datasets/VisA/visa_pytorch/pcb1/test/good/0705.JPG'] 0.38992494344711304
['/mnt/dsc3032-gaya-shared/group6/datasets/VisA/visa_pytorch/pcb1/test/good/0725.JPG'] 0.343167245388031
['/mnt/dsc3032-gaya-shared/group6/datasets/VisA/visa_pytorch/pcb1/test/good/0730.JPG'] 0.3943157196044922
['/mnt/dsc3032-gaya-shared/group6/datasets/VisA/visa_pytorch/pcb1/test/good/0735.JPG'] 0.36314457654953003
['/mnt/dsc3032-gaya-shared/group6/datasets/VisA/visa_pytorch/pcb1/test/good/0739.JPG'] 0.3502081632614136
['/mnt/dsc3032-gaya-shared/group6/datasets/VisA/visa_pytorch/pcb1/test/good/0751.JPG'] 0.3791608214378357
['/mnt/dsc3032-gaya-shared/group6/datasets/VisA/visa_pytorch/pcb1/test/good/0755.JPG'] 0.38450348377227783
['/mnt/dsc3032-gaya-shared/group6/datasets/VisA/visa_pytorch/pcb1/test/good/0764.JPG'] 0.3414243459701538
['/mnt/dsc3032-gaya-shared/group6/datasets/VisA/visa_pytorch/pcb1/test/good/0768.JPG'] 0.38741999864578247
['/mnt/dsc3032-gaya-shared/group6/datasets/VisA/visa_pytorch/pcb1/test/good/0779.JPG'] 0.3422873318195343
['/mnt/dsc3032-gaya-shared/group6/datasets/VisA/visa_pytorch/pcb1/test/good/0784.JPG'] 0.3936888575553894
['/mnt/dsc3032-gaya-shared/group6/datasets/VisA/visa_pytorch/pcb1/test/good/0796.JPG'] 0.34754568338394165
['/mnt/dsc3032-gaya-shared/group6/datasets/VisA/visa_pytorch/pcb1/test/good/0797.JPG'] 0.3320607841014862
['/mnt/dsc3032-gaya-shared/group6/datasets/VisA/visa_pytorch/pcb1/test/good/0800.JPG'] 0.339316189289093
['/mnt/dsc3032-gaya-shared/group6/datasets/VisA/visa_pytorch/pcb1/test/good/0804.JPG'] 0.3793376088142395
['/mnt/dsc3032-gaya-shared/group6/datasets/VisA/visa_pytorch/pcb1/test/good/0811.JPG'] 0.3247893452644348
['/mnt/dsc3032-gaya-shared/group6/datasets/VisA/visa_pytorch/pcb1/test/good/0844.JPG'] 0.22856833040714264
['/mnt/dsc3032-gaya-shared/group6/datasets/VisA/visa_pytorch/pcb1/test/good/0869.JPG'] 0.21521306037902832
['/mnt/dsc3032-gaya-shared/group6/datasets/VisA/visa_pytorch/pcb1/test/good/0871.JPG'] 0.2271708995103836
['/mnt/dsc3032-gaya-shared/group6/datasets/VisA/visa_pytorch/pcb1/test/good/0892.JPG'] 0.2206306904554367
['/mnt/dsc3032-gaya-shared/group6/datasets/VisA/visa_pytorch/pcb1/test/good/0900.JPG'] 0.21590261161327362
['/mnt/dsc3032-gaya-shared/group6/datasets/VisA/visa_pytorch/pcb1/test/good/0920.JPG'] 0.3445090651512146
['/mnt/dsc3032-gaya-shared/group6/datasets/VisA/visa_pytorch/pcb1/test/good/0923.JPG'] 0.3026556372642517
['/mnt/dsc3032-gaya-shared/group6/datasets/VisA/visa_pytorch/pcb1/test/good/0935.JPG'] 0.2112853080034256
['/mnt/dsc3032-gaya-shared/group6/datasets/VisA/visa_pytorch/pcb1/test/good/0940.JPG'] 0.23874562978744507
['/mnt/dsc3032-gaya-shared/group6/datasets/VisA/visa_pytorch/pcb1/test/good/0952.JPG'] 0.21896100044250488
['/mnt/dsc3032-gaya-shared/group6/datasets/VisA/visa_pytorch/pcb1/test/good/0957.JPG'] 0.21255400776863098
['/mnt/dsc3032-gaya-shared/group6/datasets/VisA/visa_pytorch/pcb1/test/good/0964.JPG'] 0.2505115270614624
['/mnt/dsc3032-gaya-shared/group6/datasets/VisA/visa_pytorch/pcb1/test/good/0971.JPG'] 0.21546804904937744
['/mnt/dsc3032-gaya-shared/group6/datasets/VisA/visa_pytorch/pcb1/test/good/0974.JPG'] 0.22835975885391235
['/mnt/dsc3032-gaya-shared/group6/datasets/VisA/visa_pytorch/pcb1/test/good/0989.JPG'] 0.2500998377799988
['/mnt/dsc3032-gaya-shared/group6/datasets/VisA/visa_pytorch/pcb1/test/good/0994.JPG'] 0.3343392312526703
['/mnt/dsc3032-gaya-shared/group6/datasets/VisA/visa_pytorch/pcb1/test/good/1000.JPG'] 0.24969057738780975
26-06-02 16:59:16.055 - INFO: 
| category   |   K-shots |   F1-Max(image) |   AUROC(image) |   F1-Max(pixel) |   AUROC(pixel) |
|:-----------|----------:|----------------:|---------------:|----------------:|---------------:|
| pcb1       |         4 |           84.35 |          86.13 |           48.85 |          98.21 |
