/home/gaya6/LogSAD/dinov2/dinov2/layers/swiglu_ffn.py:43: UserWarning: xFormers is available (SwiGLU)
  warnings.warn("xFormers is available (SwiGLU)")
/home/gaya6/LogSAD/dinov2/dinov2/layers/attention.py:27: UserWarning: xFormers is available (Attention)
  warnings.warn("xFormers is available (Attention)")
/home/gaya6/LogSAD/dinov2/dinov2/layers/block.py:33: UserWarning: xFormers is available (Block)
  warnings.warn("xFormers is available (Block)")
['/mnt/dsc3032-gaya-shared/group6/datasets/VisA/visa_pytorch/pcb2/test/bad/000.JPG'] 0.3278265595436096
['/mnt/dsc3032-gaya-shared/group6/datasets/VisA/visa_pytorch/pcb2/test/bad/001.JPG'] 0.3135378956794739
['/mnt/dsc3032-gaya-shared/group6/datasets/VisA/visa_pytorch/pcb2/test/bad/002.JPG'] 0.337454617023468
['/mnt/dsc3032-gaya-shared/group6/datasets/VisA/visa_pytorch/pcb2/test/bad/003.JPG'] 0.29800349473953247
['/mnt/dsc3032-gaya-shared/group6/datasets/VisA/visa_pytorch/pcb2/test/bad/004.JPG'] 0.30149632692337036
['/mnt/dsc3032-gaya-shared/group6/datasets/VisA/visa_pytorch/pcb2/test/bad/005.JPG'] 0.24962492287158966
['/mnt/dsc3032-gaya-shared/group6/datasets/VisA/visa_pytorch/pcb2/test/bad/006.JPG'] 0.31961047649383545
['/mnt/dsc3032-gaya-shared/group6/datasets/VisA/visa_pytorch/pcb2/test/bad/007.JPG'] 0.2899658977985382
['/mnt/dsc3032-gaya-shared/group6/datasets/VisA/visa_pytorch/pcb2/test/bad/008.JPG'] 0.3120085299015045
['/mnt/dsc3032-gaya-shared/group6/datasets/VisA/visa_pytorch/pcb2/test/bad/009.JPG'] 0.2899203896522522
['/mnt/dsc3032-gaya-shared/group6/datasets/VisA/visa_pytorch/pcb2/test/bad/010.JPG'] 0.24243736267089844
['/mnt/dsc3032-gaya-shared/group6/datasets/VisA/visa_pytorch/pcb2/test/bad/011.JPG'] 0.3548400104045868
['/mnt/dsc3032-gaya-shared/group6/datasets/VisA/visa_pytorch/pcb2/test/bad/012.JPG'] 0.2593212127685547
['/mnt/dsc3032-gaya-shared/group6/datasets/VisA/visa_pytorch/pcb2/test/bad/013.JPG'] 0.35644441843032837
['/mnt/dsc3032-gaya-shared/group6/datasets/VisA/visa_pytorch/pcb2/test/bad/014.JPG'] 0.23587201535701752
['/mnt/dsc3032-gaya-shared/group6/datasets/VisA/visa_pytorch/pcb2/test/bad/015.JPG'] 0.27060002088546753
['/mnt/dsc3032-gaya-shared/group6/datasets/VisA/visa_pytorch/pcb2/test/bad/016.JPG'] 0.37001606822013855
['/mnt/dsc3032-gaya-shared/group6/datasets/VisA/visa_pytorch/pcb2/test/bad/017.JPG'] 0.261630117893219
['/mnt/dsc3032-gaya-shared/group6/datasets/VisA/visa_pytorch/pcb2/test/bad/018.JPG'] 0.40269264578819275
['/mnt/dsc3032-gaya-shared/group6/datasets/VisA/visa_pytorch/pcb2/test/bad/019.JPG'] 0.3067910671234131
['/mnt/dsc3032-gaya-shared/group6/datasets/VisA/visa_pytorch/pcb2/test/bad/020.JPG'] 0.3247615098953247
['/mnt/dsc3032-gaya-shared/group6/datasets/VisA/visa_pytorch/pcb2/test/bad/021.JPG'] 0.34165775775909424
['/mnt/dsc3032-gaya-shared/group6/datasets/VisA/visa_pytorch/pcb2/test/bad/022.JPG'] 0.25548282265663147
['/mnt/dsc3032-gaya-shared/group6/datasets/VisA/visa_pytorch/pcb2/test/bad/023.JPG'] 0.28397995233535767
['/mnt/dsc3032-gaya-shared/group6/datasets/VisA/visa_pytorch/pcb2/test/bad/024.JPG'] 0.30012357234954834
['/mnt/dsc3032-gaya-shared/group6/datasets/VisA/visa_pytorch/pcb2/test/bad/025.JPG'] 0.3320625424385071
['/mnt/dsc3032-gaya-shared/group6/datasets/VisA/visa_pytorch/pcb2/test/bad/026.JPG'] 0.3536680042743683
['/mnt/dsc3032-gaya-shared/group6/datasets/VisA/visa_pytorch/pcb2/test/bad/027.JPG'] 0.3510492444038391
['/mnt/dsc3032-gaya-shared/group6/datasets/VisA/visa_pytorch/pcb2/test/bad/028.JPG'] 0.3522722125053406
['/mnt/dsc3032-gaya-shared/group6/datasets/VisA/visa_pytorch/pcb2/test/bad/029.JPG'] 0.39193469285964966
['/mnt/dsc3032-gaya-shared/group6/datasets/VisA/visa_pytorch/pcb2/test/bad/030.JPG'] 0.404338002204895
['/mnt/dsc3032-gaya-shared/group6/datasets/VisA/visa_pytorch/pcb2/test/bad/031.JPG'] 0.2648818790912628
['/mnt/dsc3032-gaya-shared/group6/datasets/VisA/visa_pytorch/pcb2/test/bad/032.JPG'] 0.2968718409538269
['/mnt/dsc3032-gaya-shared/group6/datasets/VisA/visa_pytorch/pcb2/test/bad/033.JPG'] 0.2638307809829712
['/mnt/dsc3032-gaya-shared/group6/datasets/VisA/visa_pytorch/pcb2/test/bad/034.JPG'] 0.33331298828125
['/mnt/dsc3032-gaya-shared/group6/datasets/VisA/visa_pytorch/pcb2/test/bad/035.JPG'] 0.2637726068496704
['/mnt/dsc3032-gaya-shared/group6/datasets/VisA/visa_pytorch/pcb2/test/bad/036.JPG'] 0.2450479120016098
['/mnt/dsc3032-gaya-shared/group6/datasets/VisA/visa_pytorch/pcb2/test/bad/037.JPG'] 0.3009176254272461
['/mnt/dsc3032-gaya-shared/group6/datasets/VisA/visa_pytorch/pcb2/test/bad/038.JPG'] 0.2252960503101349
['/mnt/dsc3032-gaya-shared/group6/datasets/VisA/visa_pytorch/pcb2/test/bad/039.JPG'] 0.3655487298965454
['/mnt/dsc3032-gaya-shared/group6/datasets/VisA/visa_pytorch/pcb2/test/bad/040.JPG'] 0.3643825650215149
['/mnt/dsc3032-gaya-shared/group6/datasets/VisA/visa_pytorch/pcb2/test/bad/041.JPG'] 0.3921397626399994
['/mnt/dsc3032-gaya-shared/group6/datasets/VisA/visa_pytorch/pcb2/test/bad/042.JPG'] 0.29056090116500854
['/mnt/dsc3032-gaya-shared/group6/datasets/VisA/visa_pytorch/pcb2/test/bad/043.JPG'] 0.2959362864494324
['/mnt/dsc3032-gaya-shared/group6/datasets/VisA/visa_pytorch/pcb2/test/bad/044.JPG'] 0.32741934061050415
['/mnt/dsc3032-gaya-shared/group6/datasets/VisA/visa_pytorch/pcb2/test/bad/045.JPG'] 0.2741519808769226
['/mnt/dsc3032-gaya-shared/group6/datasets/VisA/visa_pytorch/pcb2/test/bad/046.JPG'] 0.38865435123443604
['/mnt/dsc3032-gaya-shared/group6/datasets/VisA/visa_pytorch/pcb2/test/bad/047.JPG'] 0.4026185870170593
['/mnt/dsc3032-gaya-shared/group6/datasets/VisA/visa_pytorch/pcb2/test/bad/048.JPG'] 0.2812556028366089
['/mnt/dsc3032-gaya-shared/group6/datasets/VisA/visa_pytorch/pcb2/test/bad/049.JPG'] 0.2555287182331085
['/mnt/dsc3032-gaya-shared/group6/datasets/VisA/visa_pytorch/pcb2/test/bad/050.JPG'] 0.25243324041366577
['/mnt/dsc3032-gaya-shared/group6/datasets/VisA/visa_pytorch/pcb2/test/bad/051.JPG'] 0.24089832603931427
['/mnt/dsc3032-gaya-shared/group6/datasets/VisA/visa_pytorch/pcb2/test/bad/052.JPG'] 0.3319796323776245
['/mnt/dsc3032-gaya-shared/group6/datasets/VisA/visa_pytorch/pcb2/test/bad/053.JPG'] 0.2574499249458313
['/mnt/dsc3032-gaya-shared/group6/datasets/VisA/visa_pytorch/pcb2/test/bad/054.JPG'] 0.3454135060310364
['/mnt/dsc3032-gaya-shared/group6/datasets/VisA/visa_pytorch/pcb2/test/bad/055.JPG'] 0.24333555996418
['/mnt/dsc3032-gaya-shared/group6/datasets/VisA/visa_pytorch/pcb2/test/bad/056.JPG'] 0.336334228515625
['/mnt/dsc3032-gaya-shared/group6/datasets/VisA/visa_pytorch/pcb2/test/bad/057.JPG'] 0.25718483328819275
['/mnt/dsc3032-gaya-shared/group6/datasets/VisA/visa_pytorch/pcb2/test/bad/058.JPG'] 0.2754703760147095
['/mnt/dsc3032-gaya-shared/group6/datasets/VisA/visa_pytorch/pcb2/test/bad/059.JPG'] 0.29931336641311646
['/mnt/dsc3032-gaya-shared/group6/datasets/VisA/visa_pytorch/pcb2/test/bad/060.JPG'] 0.2746305465698242
['/mnt/dsc3032-gaya-shared/group6/datasets/VisA/visa_pytorch/pcb2/test/bad/061.JPG'] 0.355371356010437
['/mnt/dsc3032-gaya-shared/group6/datasets/VisA/visa_pytorch/pcb2/test/bad/062.JPG'] 0.2813016176223755
['/mnt/dsc3032-gaya-shared/group6/datasets/VisA/visa_pytorch/pcb2/test/bad/063.JPG'] 0.3297836184501648
['/mnt/dsc3032-gaya-shared/group6/datasets/VisA/visa_pytorch/pcb2/test/bad/064.JPG'] 0.35702019929885864
['/mnt/dsc3032-gaya-shared/group6/datasets/VisA/visa_pytorch/pcb2/test/bad/065.JPG'] 0.27422183752059937
['/mnt/dsc3032-gaya-shared/group6/datasets/VisA/visa_pytorch/pcb2/test/bad/066.JPG'] 0.3277621269226074
['/mnt/dsc3032-gaya-shared/group6/datasets/VisA/visa_pytorch/pcb2/test/bad/067.JPG'] 0.2982003390789032
['/mnt/dsc3032-gaya-shared/group6/datasets/VisA/visa_pytorch/pcb2/test/bad/068.JPG'] 0.295788049697876
['/mnt/dsc3032-gaya-shared/group6/datasets/VisA/visa_pytorch/pcb2/test/bad/069.JPG'] 0.31174930930137634
['/mnt/dsc3032-gaya-shared/group6/datasets/VisA/visa_pytorch/pcb2/test/bad/070.JPG'] 0.2856150269508362
['/mnt/dsc3032-gaya-shared/group6/datasets/VisA/visa_pytorch/pcb2/test/bad/071.JPG'] 0.32644304633140564
['/mnt/dsc3032-gaya-shared/group6/datasets/VisA/visa_pytorch/pcb2/test/bad/072.JPG'] 0.22084453701972961
['/mnt/dsc3032-gaya-shared/group6/datasets/VisA/visa_pytorch/pcb2/test/bad/073.JPG'] 0.24445557594299316
['/mnt/dsc3032-gaya-shared/group6/datasets/VisA/visa_pytorch/pcb2/test/bad/074.JPG'] 0.35739779472351074
['/mnt/dsc3032-gaya-shared/group6/datasets/VisA/visa_pytorch/pcb2/test/bad/075.JPG'] 0.356697142124176
['/mnt/dsc3032-gaya-shared/group6/datasets/VisA/visa_pytorch/pcb2/test/bad/076.JPG'] 0.2750442326068878
['/mnt/dsc3032-gaya-shared/group6/datasets/VisA/visa_pytorch/pcb2/test/bad/077.JPG'] 0.2804209291934967
['/mnt/dsc3032-gaya-shared/group6/datasets/VisA/visa_pytorch/pcb2/test/bad/078.JPG'] 0.3181364834308624
['/mnt/dsc3032-gaya-shared/group6/datasets/VisA/visa_pytorch/pcb2/test/bad/079.JPG'] 0.29253947734832764
['/mnt/dsc3032-gaya-shared/group6/datasets/VisA/visa_pytorch/pcb2/test/bad/080.JPG'] 0.29778850078582764
['/mnt/dsc3032-gaya-shared/group6/datasets/VisA/visa_pytorch/pcb2/test/bad/081.JPG'] 0.27269500494003296
['/mnt/dsc3032-gaya-shared/group6/datasets/VisA/visa_pytorch/pcb2/test/bad/082.JPG'] 0.29422152042388916
['/mnt/dsc3032-gaya-shared/group6/datasets/VisA/visa_pytorch/pcb2/test/bad/083.JPG'] 0.25751370191574097
['/mnt/dsc3032-gaya-shared/group6/datasets/VisA/visa_pytorch/pcb2/test/bad/084.JPG'] 0.36153995990753174
['/mnt/dsc3032-gaya-shared/group6/datasets/VisA/visa_pytorch/pcb2/test/bad/085.JPG'] 0.3327103853225708
['/mnt/dsc3032-gaya-shared/group6/datasets/VisA/visa_pytorch/pcb2/test/bad/086.JPG'] 0.3832828104496002
['/mnt/dsc3032-gaya-shared/group6/datasets/VisA/visa_pytorch/pcb2/test/bad/087.JPG'] 0.3882688879966736
['/mnt/dsc3032-gaya-shared/group6/datasets/VisA/visa_pytorch/pcb2/test/bad/088.JPG'] 0.35834741592407227
['/mnt/dsc3032-gaya-shared/group6/datasets/VisA/visa_pytorch/pcb2/test/bad/089.JPG'] 0.4561516046524048
['/mnt/dsc3032-gaya-shared/group6/datasets/VisA/visa_pytorch/pcb2/test/bad/090.JPG'] 0.36043310165405273
['/mnt/dsc3032-gaya-shared/group6/datasets/VisA/visa_pytorch/pcb2/test/bad/091.JPG'] 0.3634371757507324
['/mnt/dsc3032-gaya-shared/group6/datasets/VisA/visa_pytorch/pcb2/test/bad/092.JPG'] 0.3341641128063202
['/mnt/dsc3032-gaya-shared/group6/datasets/VisA/visa_pytorch/pcb2/test/bad/093.JPG'] 0.4094562530517578
['/mnt/dsc3032-gaya-shared/group6/datasets/VisA/visa_pytorch/pcb2/test/bad/094.JPG'] 0.32708460092544556
['/mnt/dsc3032-gaya-shared/group6/datasets/VisA/visa_pytorch/pcb2/test/bad/095.JPG'] 0.3549341559410095
['/mnt/dsc3032-gaya-shared/group6/datasets/VisA/visa_pytorch/pcb2/test/bad/096.JPG'] 0.3498536944389343
['/mnt/dsc3032-gaya-shared/group6/datasets/VisA/visa_pytorch/pcb2/test/bad/097.JPG'] 0.3289185166358948
['/mnt/dsc3032-gaya-shared/group6/datasets/VisA/visa_pytorch/pcb2/test/bad/098.JPG'] 0.3723219633102417
['/mnt/dsc3032-gaya-shared/group6/datasets/VisA/visa_pytorch/pcb2/test/bad/099.JPG'] 0.3126232922077179
['/mnt/dsc3032-gaya-shared/group6/datasets/VisA/visa_pytorch/pcb2/test/good/0011.JPG'] 0.3937557637691498
['/mnt/dsc3032-gaya-shared/group6/datasets/VisA/visa_pytorch/pcb2/test/good/0013.JPG'] 0.2991606593132019
['/mnt/dsc3032-gaya-shared/group6/datasets/VisA/visa_pytorch/pcb2/test/good/0016.JPG'] 0.20133152604103088
['/mnt/dsc3032-gaya-shared/group6/datasets/VisA/visa_pytorch/pcb2/test/good/0024.JPG'] 0.3936488628387451
['/mnt/dsc3032-gaya-shared/group6/datasets/VisA/visa_pytorch/pcb2/test/good/0026.JPG'] 0.20175199210643768
['/mnt/dsc3032-gaya-shared/group6/datasets/VisA/visa_pytorch/pcb2/test/good/0027.JPG'] 0.2675834894180298
['/mnt/dsc3032-gaya-shared/group6/datasets/VisA/visa_pytorch/pcb2/test/good/0046.JPG'] 0.25925910472869873
['/mnt/dsc3032-gaya-shared/group6/datasets/VisA/visa_pytorch/pcb2/test/good/0100.JPG'] 0.2186715006828308
['/mnt/dsc3032-gaya-shared/group6/datasets/VisA/visa_pytorch/pcb2/test/good/0107.JPG'] 0.2636669874191284
['/mnt/dsc3032-gaya-shared/group6/datasets/VisA/visa_pytorch/pcb2/test/good/0159.JPG'] 0.2447783201932907
['/mnt/dsc3032-gaya-shared/group6/datasets/VisA/visa_pytorch/pcb2/test/good/0168.JPG'] 0.2326928973197937
['/mnt/dsc3032-gaya-shared/group6/datasets/VisA/visa_pytorch/pcb2/test/good/0170.JPG'] 0.22497384250164032
['/mnt/dsc3032-gaya-shared/group6/datasets/VisA/visa_pytorch/pcb2/test/good/0172.JPG'] 0.2503148913383484
['/mnt/dsc3032-gaya-shared/group6/datasets/VisA/visa_pytorch/pcb2/test/good/0174.JPG'] 0.26832258701324463
['/mnt/dsc3032-gaya-shared/group6/datasets/VisA/visa_pytorch/pcb2/test/good/0178.JPG'] 0.20093122124671936
['/mnt/dsc3032-gaya-shared/group6/datasets/VisA/visa_pytorch/pcb2/test/good/0187.JPG'] 0.30749571323394775
['/mnt/dsc3032-gaya-shared/group6/datasets/VisA/visa_pytorch/pcb2/test/good/0196.JPG'] 0.20976823568344116
['/mnt/dsc3032-gaya-shared/group6/datasets/VisA/visa_pytorch/pcb2/test/good/0208.JPG'] 0.21851995587348938
['/mnt/dsc3032-gaya-shared/group6/datasets/VisA/visa_pytorch/pcb2/test/good/0214.JPG'] 0.2459125518798828
['/mnt/dsc3032-gaya-shared/group6/datasets/VisA/visa_pytorch/pcb2/test/good/0215.JPG'] 0.2967146635055542
['/mnt/dsc3032-gaya-shared/group6/datasets/VisA/visa_pytorch/pcb2/test/good/0237.JPG'] 0.25968343019485474
['/mnt/dsc3032-gaya-shared/group6/datasets/VisA/visa_pytorch/pcb2/test/good/0261.JPG'] 0.28107503056526184
['/mnt/dsc3032-gaya-shared/group6/datasets/VisA/visa_pytorch/pcb2/test/good/0286.JPG'] 0.2646614611148834
['/mnt/dsc3032-gaya-shared/group6/datasets/VisA/visa_pytorch/pcb2/test/good/0294.JPG'] 0.2542484998703003
['/mnt/dsc3032-gaya-shared/group6/datasets/VisA/visa_pytorch/pcb2/test/good/0297.JPG'] 0.23719632625579834
['/mnt/dsc3032-gaya-shared/group6/datasets/VisA/visa_pytorch/pcb2/test/good/0303.JPG'] 0.25111716985702515
['/mnt/dsc3032-gaya-shared/group6/datasets/VisA/visa_pytorch/pcb2/test/good/0306.JPG'] 0.2781123220920563
['/mnt/dsc3032-gaya-shared/group6/datasets/VisA/visa_pytorch/pcb2/test/good/0320.JPG'] 0.2529084086418152
['/mnt/dsc3032-gaya-shared/group6/datasets/VisA/visa_pytorch/pcb2/test/good/0333.JPG'] 0.2539476752281189
['/mnt/dsc3032-gaya-shared/group6/datasets/VisA/visa_pytorch/pcb2/test/good/0363.JPG'] 0.2473418116569519
['/mnt/dsc3032-gaya-shared/group6/datasets/VisA/visa_pytorch/pcb2/test/good/0377.JPG'] 0.261283814907074
['/mnt/dsc3032-gaya-shared/group6/datasets/VisA/visa_pytorch/pcb2/test/good/0394.JPG'] 0.27423375844955444
['/mnt/dsc3032-gaya-shared/group6/datasets/VisA/visa_pytorch/pcb2/test/good/0400.JPG'] 0.22745950520038605
['/mnt/dsc3032-gaya-shared/group6/datasets/VisA/visa_pytorch/pcb2/test/good/0402.JPG'] 0.2363143116235733
['/mnt/dsc3032-gaya-shared/group6/datasets/VisA/visa_pytorch/pcb2/test/good/0417.JPG'] 0.24174602329730988
['/mnt/dsc3032-gaya-shared/group6/datasets/VisA/visa_pytorch/pcb2/test/good/0423.JPG'] 0.2866530418395996
['/mnt/dsc3032-gaya-shared/group6/datasets/VisA/visa_pytorch/pcb2/test/good/0427.JPG'] 0.26266542077064514
['/mnt/dsc3032-gaya-shared/group6/datasets/VisA/visa_pytorch/pcb2/test/good/0457.JPG'] 0.25478604435920715
['/mnt/dsc3032-gaya-shared/group6/datasets/VisA/visa_pytorch/pcb2/test/good/0469.JPG'] 0.25293800234794617
['/mnt/dsc3032-gaya-shared/group6/datasets/VisA/visa_pytorch/pcb2/test/good/0479.JPG'] 0.23850232362747192
['/mnt/dsc3032-gaya-shared/group6/datasets/VisA/visa_pytorch/pcb2/test/good/0483.JPG'] 0.2925114631652832
['/mnt/dsc3032-gaya-shared/group6/datasets/VisA/visa_pytorch/pcb2/test/good/0484.JPG'] 0.27375394105911255
['/mnt/dsc3032-gaya-shared/group6/datasets/VisA/visa_pytorch/pcb2/test/good/0488.JPG'] 0.2593626081943512
['/mnt/dsc3032-gaya-shared/group6/datasets/VisA/visa_pytorch/pcb2/test/good/0490.JPG'] 0.2253715842962265
['/mnt/dsc3032-gaya-shared/group6/datasets/VisA/visa_pytorch/pcb2/test/good/0514.JPG'] 0.27408137917518616
['/mnt/dsc3032-gaya-shared/group6/datasets/VisA/visa_pytorch/pcb2/test/good/0518.JPG'] 0.27037352323532104
['/mnt/dsc3032-gaya-shared/group6/datasets/VisA/visa_pytorch/pcb2/test/good/0520.JPG'] 0.22834345698356628
['/mnt/dsc3032-gaya-shared/group6/datasets/VisA/visa_pytorch/pcb2/test/good/0525.JPG'] 0.27832597494125366
['/mnt/dsc3032-gaya-shared/group6/datasets/VisA/visa_pytorch/pcb2/test/good/0545.JPG'] 0.2589934468269348
['/mnt/dsc3032-gaya-shared/group6/datasets/VisA/visa_pytorch/pcb2/test/good/0552.JPG'] 0.28231102228164673
['/mnt/dsc3032-gaya-shared/group6/datasets/VisA/visa_pytorch/pcb2/test/good/0569.JPG'] 0.2651561200618744
['/mnt/dsc3032-gaya-shared/group6/datasets/VisA/visa_pytorch/pcb2/test/good/0615.JPG'] 0.2791016399860382
['/mnt/dsc3032-gaya-shared/group6/datasets/VisA/visa_pytorch/pcb2/test/good/0617.JPG'] 0.25911059975624084
['/mnt/dsc3032-gaya-shared/group6/datasets/VisA/visa_pytorch/pcb2/test/good/0619.JPG'] 0.23841291666030884
['/mnt/dsc3032-gaya-shared/group6/datasets/VisA/visa_pytorch/pcb2/test/good/0621.JPG'] 0.2942626476287842
['/mnt/dsc3032-gaya-shared/group6/datasets/VisA/visa_pytorch/pcb2/test/good/0629.JPG'] 0.26472586393356323
['/mnt/dsc3032-gaya-shared/group6/datasets/VisA/visa_pytorch/pcb2/test/good/0631.JPG'] 0.26184675097465515
['/mnt/dsc3032-gaya-shared/group6/datasets/VisA/visa_pytorch/pcb2/test/good/0648.JPG'] 0.261069655418396
['/mnt/dsc3032-gaya-shared/group6/datasets/VisA/visa_pytorch/pcb2/test/good/0654.JPG'] 0.22781513631343842
['/mnt/dsc3032-gaya-shared/group6/datasets/VisA/visa_pytorch/pcb2/test/good/0657.JPG'] 0.26530173420906067
['/mnt/dsc3032-gaya-shared/group6/datasets/VisA/visa_pytorch/pcb2/test/good/0659.JPG'] 0.24239318072795868
['/mnt/dsc3032-gaya-shared/group6/datasets/VisA/visa_pytorch/pcb2/test/good/0674.JPG'] 0.24750056862831116
['/mnt/dsc3032-gaya-shared/group6/datasets/VisA/visa_pytorch/pcb2/test/good/0684.JPG'] 0.26804909110069275
['/mnt/dsc3032-gaya-shared/group6/datasets/VisA/visa_pytorch/pcb2/test/good/0685.JPG'] 0.26269233226776123
['/mnt/dsc3032-gaya-shared/group6/datasets/VisA/visa_pytorch/pcb2/test/good/0688.JPG'] 0.21859991550445557
['/mnt/dsc3032-gaya-shared/group6/datasets/VisA/visa_pytorch/pcb2/test/good/0690.JPG'] 0.3036051392555237
['/mnt/dsc3032-gaya-shared/group6/datasets/VisA/visa_pytorch/pcb2/test/good/0694.JPG'] 0.24001875519752502
['/mnt/dsc3032-gaya-shared/group6/datasets/VisA/visa_pytorch/pcb2/test/good/0705.JPG'] 0.2606736719608307
['/mnt/dsc3032-gaya-shared/group6/datasets/VisA/visa_pytorch/pcb2/test/good/0725.JPG'] 0.2675192356109619
['/mnt/dsc3032-gaya-shared/group6/datasets/VisA/visa_pytorch/pcb2/test/good/0730.JPG'] 0.26167401671409607
['/mnt/dsc3032-gaya-shared/group6/datasets/VisA/visa_pytorch/pcb2/test/good/0735.JPG'] 0.25664037466049194
['/mnt/dsc3032-gaya-shared/group6/datasets/VisA/visa_pytorch/pcb2/test/good/0739.JPG'] 0.24564988911151886
['/mnt/dsc3032-gaya-shared/group6/datasets/VisA/visa_pytorch/pcb2/test/good/0751.JPG'] 0.23069599270820618
['/mnt/dsc3032-gaya-shared/group6/datasets/VisA/visa_pytorch/pcb2/test/good/0755.JPG'] 0.27813106775283813
['/mnt/dsc3032-gaya-shared/group6/datasets/VisA/visa_pytorch/pcb2/test/good/0764.JPG'] 0.27634239196777344
['/mnt/dsc3032-gaya-shared/group6/datasets/VisA/visa_pytorch/pcb2/test/good/0768.JPG'] 0.256393700838089
['/mnt/dsc3032-gaya-shared/group6/datasets/VisA/visa_pytorch/pcb2/test/good/0779.JPG'] 0.2561604976654053
['/mnt/dsc3032-gaya-shared/group6/datasets/VisA/visa_pytorch/pcb2/test/good/0784.JPG'] 0.2445404827594757
['/mnt/dsc3032-gaya-shared/group6/datasets/VisA/visa_pytorch/pcb2/test/good/0796.JPG'] 0.23541134595870972
['/mnt/dsc3032-gaya-shared/group6/datasets/VisA/visa_pytorch/pcb2/test/good/0797.JPG'] 0.2767835855484009
['/mnt/dsc3032-gaya-shared/group6/datasets/VisA/visa_pytorch/pcb2/test/good/0800.JPG'] 0.2669743299484253
['/mnt/dsc3032-gaya-shared/group6/datasets/VisA/visa_pytorch/pcb2/test/good/0804.JPG'] 0.27346256375312805
['/mnt/dsc3032-gaya-shared/group6/datasets/VisA/visa_pytorch/pcb2/test/good/0811.JPG'] 0.2684297561645508
['/mnt/dsc3032-gaya-shared/group6/datasets/VisA/visa_pytorch/pcb2/test/good/0844.JPG'] 0.28477227687835693
['/mnt/dsc3032-gaya-shared/group6/datasets/VisA/visa_pytorch/pcb2/test/good/0869.JPG'] 0.21252886950969696
['/mnt/dsc3032-gaya-shared/group6/datasets/VisA/visa_pytorch/pcb2/test/good/0871.JPG'] 0.25628671050071716
['/mnt/dsc3032-gaya-shared/group6/datasets/VisA/visa_pytorch/pcb2/test/good/0892.JPG'] 0.24038776755332947
['/mnt/dsc3032-gaya-shared/group6/datasets/VisA/visa_pytorch/pcb2/test/good/0900.JPG'] 0.25649556517601013
['/mnt/dsc3032-gaya-shared/group6/datasets/VisA/visa_pytorch/pcb2/test/good/0920.JPG'] 0.26777178049087524
['/mnt/dsc3032-gaya-shared/group6/datasets/VisA/visa_pytorch/pcb2/test/good/0923.JPG'] 0.2718759775161743
['/mnt/dsc3032-gaya-shared/group6/datasets/VisA/visa_pytorch/pcb2/test/good/0935.JPG'] 0.26360005140304565
['/mnt/dsc3032-gaya-shared/group6/datasets/VisA/visa_pytorch/pcb2/test/good/0940.JPG'] 0.23698632419109344
['/mnt/dsc3032-gaya-shared/group6/datasets/VisA/visa_pytorch/pcb2/test/good/0952.JPG'] 0.2863157391548157
['/mnt/dsc3032-gaya-shared/group6/datasets/VisA/visa_pytorch/pcb2/test/good/0954.JPG'] 0.284121572971344
['/mnt/dsc3032-gaya-shared/group6/datasets/VisA/visa_pytorch/pcb2/test/good/0964.JPG'] 0.26086193323135376
['/mnt/dsc3032-gaya-shared/group6/datasets/VisA/visa_pytorch/pcb2/test/good/0968.JPG'] 0.26997023820877075
['/mnt/dsc3032-gaya-shared/group6/datasets/VisA/visa_pytorch/pcb2/test/good/0974.JPG'] 0.24001529812812805
['/mnt/dsc3032-gaya-shared/group6/datasets/VisA/visa_pytorch/pcb2/test/good/0986.JPG'] 0.30853670835494995
['/mnt/dsc3032-gaya-shared/group6/datasets/VisA/visa_pytorch/pcb2/test/good/0994.JPG'] 0.2492401897907257
['/mnt/dsc3032-gaya-shared/group6/datasets/VisA/visa_pytorch/pcb2/test/good/0997.JPG'] 0.25045859813690186
26-06-02 17:00:31.449 - INFO: 
| category   |   K-shots |   F1-Max(image) |   AUROC(image) |   F1-Max(pixel) |   AUROC(pixel) |
|:-----------|----------:|----------------:|---------------:|----------------:|---------------:|
| pcb2       |         4 |              78 |          83.17 |           35.22 |          97.98 |
