/home/gaya6/LogSAD/dinov2/dinov2/layers/swiglu_ffn.py:43: UserWarning: xFormers is available (SwiGLU)
  warnings.warn("xFormers is available (SwiGLU)")
/home/gaya6/LogSAD/dinov2/dinov2/layers/attention.py:27: UserWarning: xFormers is available (Attention)
  warnings.warn("xFormers is available (Attention)")
/home/gaya6/LogSAD/dinov2/dinov2/layers/block.py:33: UserWarning: xFormers is available (Block)
  warnings.warn("xFormers is available (Block)")
['/mnt/dsc3032-gaya-shared/group6/datasets/VisA/visa_pytorch/pcb3/test/bad/000.JPG'] 0.3501891791820526
['/mnt/dsc3032-gaya-shared/group6/datasets/VisA/visa_pytorch/pcb3/test/bad/001.JPG'] 0.34126704931259155
['/mnt/dsc3032-gaya-shared/group6/datasets/VisA/visa_pytorch/pcb3/test/bad/002.JPG'] 0.28673285245895386
['/mnt/dsc3032-gaya-shared/group6/datasets/VisA/visa_pytorch/pcb3/test/bad/003.JPG'] 0.28777503967285156
['/mnt/dsc3032-gaya-shared/group6/datasets/VisA/visa_pytorch/pcb3/test/bad/004.JPG'] 0.27200210094451904
['/mnt/dsc3032-gaya-shared/group6/datasets/VisA/visa_pytorch/pcb3/test/bad/005.JPG'] 0.28922685980796814
['/mnt/dsc3032-gaya-shared/group6/datasets/VisA/visa_pytorch/pcb3/test/bad/006.JPG'] 0.38865208625793457
['/mnt/dsc3032-gaya-shared/group6/datasets/VisA/visa_pytorch/pcb3/test/bad/007.JPG'] 0.28683194518089294
['/mnt/dsc3032-gaya-shared/group6/datasets/VisA/visa_pytorch/pcb3/test/bad/008.JPG'] 0.33918339014053345
['/mnt/dsc3032-gaya-shared/group6/datasets/VisA/visa_pytorch/pcb3/test/bad/009.JPG'] 0.29564663767814636
['/mnt/dsc3032-gaya-shared/group6/datasets/VisA/visa_pytorch/pcb3/test/bad/010.JPG'] 0.2979358434677124
['/mnt/dsc3032-gaya-shared/group6/datasets/VisA/visa_pytorch/pcb3/test/bad/011.JPG'] 0.30925899744033813
['/mnt/dsc3032-gaya-shared/group6/datasets/VisA/visa_pytorch/pcb3/test/bad/012.JPG'] 0.4336761236190796
['/mnt/dsc3032-gaya-shared/group6/datasets/VisA/visa_pytorch/pcb3/test/bad/013.JPG'] 0.3216250538825989
['/mnt/dsc3032-gaya-shared/group6/datasets/VisA/visa_pytorch/pcb3/test/bad/014.JPG'] 0.22628624737262726
['/mnt/dsc3032-gaya-shared/group6/datasets/VisA/visa_pytorch/pcb3/test/bad/015.JPG'] 0.2565254867076874
['/mnt/dsc3032-gaya-shared/group6/datasets/VisA/visa_pytorch/pcb3/test/bad/016.JPG'] 0.28943777084350586
['/mnt/dsc3032-gaya-shared/group6/datasets/VisA/visa_pytorch/pcb3/test/bad/017.JPG'] 0.2889324426651001
['/mnt/dsc3032-gaya-shared/group6/datasets/VisA/visa_pytorch/pcb3/test/bad/018.JPG'] 0.3325134515762329
['/mnt/dsc3032-gaya-shared/group6/datasets/VisA/visa_pytorch/pcb3/test/bad/019.JPG'] 0.29764387011528015
['/mnt/dsc3032-gaya-shared/group6/datasets/VisA/visa_pytorch/pcb3/test/bad/020.JPG'] 0.2613718509674072
['/mnt/dsc3032-gaya-shared/group6/datasets/VisA/visa_pytorch/pcb3/test/bad/021.JPG'] 0.2103947550058365
['/mnt/dsc3032-gaya-shared/group6/datasets/VisA/visa_pytorch/pcb3/test/bad/022.JPG'] 0.23943182826042175
['/mnt/dsc3032-gaya-shared/group6/datasets/VisA/visa_pytorch/pcb3/test/bad/023.JPG'] 0.24416759610176086
['/mnt/dsc3032-gaya-shared/group6/datasets/VisA/visa_pytorch/pcb3/test/bad/024.JPG'] 0.24125465750694275
['/mnt/dsc3032-gaya-shared/group6/datasets/VisA/visa_pytorch/pcb3/test/bad/025.JPG'] 0.26855161786079407
['/mnt/dsc3032-gaya-shared/group6/datasets/VisA/visa_pytorch/pcb3/test/bad/026.JPG'] 0.2643052935600281
['/mnt/dsc3032-gaya-shared/group6/datasets/VisA/visa_pytorch/pcb3/test/bad/027.JPG'] 0.25559037923812866
['/mnt/dsc3032-gaya-shared/group6/datasets/VisA/visa_pytorch/pcb3/test/bad/028.JPG'] 0.32366275787353516
['/mnt/dsc3032-gaya-shared/group6/datasets/VisA/visa_pytorch/pcb3/test/bad/029.JPG'] 0.31029462814331055
['/mnt/dsc3032-gaya-shared/group6/datasets/VisA/visa_pytorch/pcb3/test/bad/030.JPG'] 0.2762312889099121
['/mnt/dsc3032-gaya-shared/group6/datasets/VisA/visa_pytorch/pcb3/test/bad/031.JPG'] 0.26577457785606384
['/mnt/dsc3032-gaya-shared/group6/datasets/VisA/visa_pytorch/pcb3/test/bad/032.JPG'] 0.2575939893722534
['/mnt/dsc3032-gaya-shared/group6/datasets/VisA/visa_pytorch/pcb3/test/bad/033.JPG'] 0.26469534635543823
['/mnt/dsc3032-gaya-shared/group6/datasets/VisA/visa_pytorch/pcb3/test/bad/034.JPG'] 0.27331435680389404
['/mnt/dsc3032-gaya-shared/group6/datasets/VisA/visa_pytorch/pcb3/test/bad/035.JPG'] 0.25926241278648376
['/mnt/dsc3032-gaya-shared/group6/datasets/VisA/visa_pytorch/pcb3/test/bad/036.JPG'] 0.3397420048713684
['/mnt/dsc3032-gaya-shared/group6/datasets/VisA/visa_pytorch/pcb3/test/bad/037.JPG'] 0.21403734385967255
['/mnt/dsc3032-gaya-shared/group6/datasets/VisA/visa_pytorch/pcb3/test/bad/038.JPG'] 0.30178698897361755
['/mnt/dsc3032-gaya-shared/group6/datasets/VisA/visa_pytorch/pcb3/test/bad/039.JPG'] 0.2821119427680969
['/mnt/dsc3032-gaya-shared/group6/datasets/VisA/visa_pytorch/pcb3/test/bad/040.JPG'] 0.22743982076644897
['/mnt/dsc3032-gaya-shared/group6/datasets/VisA/visa_pytorch/pcb3/test/bad/041.JPG'] 0.28096717596054077
['/mnt/dsc3032-gaya-shared/group6/datasets/VisA/visa_pytorch/pcb3/test/bad/042.JPG'] 0.23450444638729095
['/mnt/dsc3032-gaya-shared/group6/datasets/VisA/visa_pytorch/pcb3/test/bad/043.JPG'] 0.3424418568611145
['/mnt/dsc3032-gaya-shared/group6/datasets/VisA/visa_pytorch/pcb3/test/bad/044.JPG'] 0.20461714267730713
['/mnt/dsc3032-gaya-shared/group6/datasets/VisA/visa_pytorch/pcb3/test/bad/045.JPG'] 0.21947678923606873
['/mnt/dsc3032-gaya-shared/group6/datasets/VisA/visa_pytorch/pcb3/test/bad/046.JPG'] 0.2604682445526123
['/mnt/dsc3032-gaya-shared/group6/datasets/VisA/visa_pytorch/pcb3/test/bad/047.JPG'] 0.2769383192062378
['/mnt/dsc3032-gaya-shared/group6/datasets/VisA/visa_pytorch/pcb3/test/bad/048.JPG'] 0.23680944740772247
['/mnt/dsc3032-gaya-shared/group6/datasets/VisA/visa_pytorch/pcb3/test/bad/049.JPG'] 0.27465587854385376
['/mnt/dsc3032-gaya-shared/group6/datasets/VisA/visa_pytorch/pcb3/test/bad/050.JPG'] 0.2417697310447693
['/mnt/dsc3032-gaya-shared/group6/datasets/VisA/visa_pytorch/pcb3/test/bad/051.JPG'] 0.2713248133659363
['/mnt/dsc3032-gaya-shared/group6/datasets/VisA/visa_pytorch/pcb3/test/bad/052.JPG'] 0.28025639057159424
['/mnt/dsc3032-gaya-shared/group6/datasets/VisA/visa_pytorch/pcb3/test/bad/053.JPG'] 0.3782673478126526
['/mnt/dsc3032-gaya-shared/group6/datasets/VisA/visa_pytorch/pcb3/test/bad/054.JPG'] 0.34637558460235596
['/mnt/dsc3032-gaya-shared/group6/datasets/VisA/visa_pytorch/pcb3/test/bad/055.JPG'] 0.21172235906124115
['/mnt/dsc3032-gaya-shared/group6/datasets/VisA/visa_pytorch/pcb3/test/bad/056.JPG'] 0.22260205447673798
['/mnt/dsc3032-gaya-shared/group6/datasets/VisA/visa_pytorch/pcb3/test/bad/057.JPG'] 0.23986564576625824
['/mnt/dsc3032-gaya-shared/group6/datasets/VisA/visa_pytorch/pcb3/test/bad/058.JPG'] 0.2461133897304535
['/mnt/dsc3032-gaya-shared/group6/datasets/VisA/visa_pytorch/pcb3/test/bad/059.JPG'] 0.2580583095550537
['/mnt/dsc3032-gaya-shared/group6/datasets/VisA/visa_pytorch/pcb3/test/bad/060.JPG'] 0.27272552251815796
['/mnt/dsc3032-gaya-shared/group6/datasets/VisA/visa_pytorch/pcb3/test/bad/061.JPG'] 0.26235270500183105
['/mnt/dsc3032-gaya-shared/group6/datasets/VisA/visa_pytorch/pcb3/test/bad/062.JPG'] 0.29691535234451294
['/mnt/dsc3032-gaya-shared/group6/datasets/VisA/visa_pytorch/pcb3/test/bad/063.JPG'] 0.2273518294095993
['/mnt/dsc3032-gaya-shared/group6/datasets/VisA/visa_pytorch/pcb3/test/bad/064.JPG'] 0.2821199297904968
['/mnt/dsc3032-gaya-shared/group6/datasets/VisA/visa_pytorch/pcb3/test/bad/065.JPG'] 0.2546333074569702
['/mnt/dsc3032-gaya-shared/group6/datasets/VisA/visa_pytorch/pcb3/test/bad/066.JPG'] 0.23209643363952637
['/mnt/dsc3032-gaya-shared/group6/datasets/VisA/visa_pytorch/pcb3/test/bad/067.JPG'] 0.2841459810733795
['/mnt/dsc3032-gaya-shared/group6/datasets/VisA/visa_pytorch/pcb3/test/bad/068.JPG'] 0.22638928890228271
['/mnt/dsc3032-gaya-shared/group6/datasets/VisA/visa_pytorch/pcb3/test/bad/069.JPG'] 0.2560086250305176
['/mnt/dsc3032-gaya-shared/group6/datasets/VisA/visa_pytorch/pcb3/test/bad/070.JPG'] 0.30555930733680725
['/mnt/dsc3032-gaya-shared/group6/datasets/VisA/visa_pytorch/pcb3/test/bad/071.JPG'] 0.26008063554763794
['/mnt/dsc3032-gaya-shared/group6/datasets/VisA/visa_pytorch/pcb3/test/bad/072.JPG'] 0.2629092335700989
['/mnt/dsc3032-gaya-shared/group6/datasets/VisA/visa_pytorch/pcb3/test/bad/073.JPG'] 0.22873765230178833
['/mnt/dsc3032-gaya-shared/group6/datasets/VisA/visa_pytorch/pcb3/test/bad/074.JPG'] 0.28409552574157715
['/mnt/dsc3032-gaya-shared/group6/datasets/VisA/visa_pytorch/pcb3/test/bad/075.JPG'] 0.24380789697170258
['/mnt/dsc3032-gaya-shared/group6/datasets/VisA/visa_pytorch/pcb3/test/bad/076.JPG'] 0.3222291171550751
['/mnt/dsc3032-gaya-shared/group6/datasets/VisA/visa_pytorch/pcb3/test/bad/077.JPG'] 0.3629160225391388
['/mnt/dsc3032-gaya-shared/group6/datasets/VisA/visa_pytorch/pcb3/test/bad/078.JPG'] 0.2673591375350952
['/mnt/dsc3032-gaya-shared/group6/datasets/VisA/visa_pytorch/pcb3/test/bad/079.JPG'] 0.22017891705036163
['/mnt/dsc3032-gaya-shared/group6/datasets/VisA/visa_pytorch/pcb3/test/bad/080.JPG'] 0.28631556034088135
['/mnt/dsc3032-gaya-shared/group6/datasets/VisA/visa_pytorch/pcb3/test/bad/081.JPG'] 0.4049268364906311
['/mnt/dsc3032-gaya-shared/group6/datasets/VisA/visa_pytorch/pcb3/test/bad/082.JPG'] 0.3540056347846985
['/mnt/dsc3032-gaya-shared/group6/datasets/VisA/visa_pytorch/pcb3/test/bad/083.JPG'] 0.2742101550102234
['/mnt/dsc3032-gaya-shared/group6/datasets/VisA/visa_pytorch/pcb3/test/bad/084.JPG'] 0.28399789333343506
['/mnt/dsc3032-gaya-shared/group6/datasets/VisA/visa_pytorch/pcb3/test/bad/085.JPG'] 0.32009148597717285
['/mnt/dsc3032-gaya-shared/group6/datasets/VisA/visa_pytorch/pcb3/test/bad/086.JPG'] 0.3857807517051697
['/mnt/dsc3032-gaya-shared/group6/datasets/VisA/visa_pytorch/pcb3/test/bad/087.JPG'] 0.31322115659713745
['/mnt/dsc3032-gaya-shared/group6/datasets/VisA/visa_pytorch/pcb3/test/bad/088.JPG'] 0.31451570987701416
['/mnt/dsc3032-gaya-shared/group6/datasets/VisA/visa_pytorch/pcb3/test/bad/089.JPG'] 0.33648568391799927
['/mnt/dsc3032-gaya-shared/group6/datasets/VisA/visa_pytorch/pcb3/test/bad/090.JPG'] 0.26431649923324585
['/mnt/dsc3032-gaya-shared/group6/datasets/VisA/visa_pytorch/pcb3/test/bad/091.JPG'] 0.2984963059425354
['/mnt/dsc3032-gaya-shared/group6/datasets/VisA/visa_pytorch/pcb3/test/bad/092.JPG'] 0.2807084918022156
['/mnt/dsc3032-gaya-shared/group6/datasets/VisA/visa_pytorch/pcb3/test/bad/093.JPG'] 0.3037126362323761
['/mnt/dsc3032-gaya-shared/group6/datasets/VisA/visa_pytorch/pcb3/test/bad/094.JPG'] 0.3027702569961548
['/mnt/dsc3032-gaya-shared/group6/datasets/VisA/visa_pytorch/pcb3/test/bad/095.JPG'] 0.33755457401275635
['/mnt/dsc3032-gaya-shared/group6/datasets/VisA/visa_pytorch/pcb3/test/bad/096.JPG'] 0.2969928979873657
['/mnt/dsc3032-gaya-shared/group6/datasets/VisA/visa_pytorch/pcb3/test/bad/097.JPG'] 0.29638734459877014
['/mnt/dsc3032-gaya-shared/group6/datasets/VisA/visa_pytorch/pcb3/test/bad/098.JPG'] 0.26749372482299805
['/mnt/dsc3032-gaya-shared/group6/datasets/VisA/visa_pytorch/pcb3/test/bad/099.JPG'] 0.37378397583961487
['/mnt/dsc3032-gaya-shared/group6/datasets/VisA/visa_pytorch/pcb3/test/good/0011.JPG'] 0.23449526727199554
['/mnt/dsc3032-gaya-shared/group6/datasets/VisA/visa_pytorch/pcb3/test/good/0013.JPG'] 0.23580223321914673
['/mnt/dsc3032-gaya-shared/group6/datasets/VisA/visa_pytorch/pcb3/test/good/0016.JPG'] 0.22217535972595215
['/mnt/dsc3032-gaya-shared/group6/datasets/VisA/visa_pytorch/pcb3/test/good/0024.JPG'] 0.26155197620391846
['/mnt/dsc3032-gaya-shared/group6/datasets/VisA/visa_pytorch/pcb3/test/good/0026.JPG'] 0.23741616308689117
['/mnt/dsc3032-gaya-shared/group6/datasets/VisA/visa_pytorch/pcb3/test/good/0027.JPG'] 0.23861022293567657
['/mnt/dsc3032-gaya-shared/group6/datasets/VisA/visa_pytorch/pcb3/test/good/0046.JPG'] 0.21655885875225067
['/mnt/dsc3032-gaya-shared/group6/datasets/VisA/visa_pytorch/pcb3/test/good/0100.JPG'] 0.24333979189395905
['/mnt/dsc3032-gaya-shared/group6/datasets/VisA/visa_pytorch/pcb3/test/good/0107.JPG'] 0.2534061074256897
['/mnt/dsc3032-gaya-shared/group6/datasets/VisA/visa_pytorch/pcb3/test/good/0159.JPG'] 0.25207874178886414
['/mnt/dsc3032-gaya-shared/group6/datasets/VisA/visa_pytorch/pcb3/test/good/0168.JPG'] 0.2451843023300171
['/mnt/dsc3032-gaya-shared/group6/datasets/VisA/visa_pytorch/pcb3/test/good/0170.JPG'] 0.2513730525970459
['/mnt/dsc3032-gaya-shared/group6/datasets/VisA/visa_pytorch/pcb3/test/good/0172.JPG'] 0.2255466878414154
['/mnt/dsc3032-gaya-shared/group6/datasets/VisA/visa_pytorch/pcb3/test/good/0174.JPG'] 0.24264000356197357
['/mnt/dsc3032-gaya-shared/group6/datasets/VisA/visa_pytorch/pcb3/test/good/0178.JPG'] 0.2518347501754761
['/mnt/dsc3032-gaya-shared/group6/datasets/VisA/visa_pytorch/pcb3/test/good/0187.JPG'] 0.22779445350170135
['/mnt/dsc3032-gaya-shared/group6/datasets/VisA/visa_pytorch/pcb3/test/good/0196.JPG'] 0.1975749433040619
['/mnt/dsc3032-gaya-shared/group6/datasets/VisA/visa_pytorch/pcb3/test/good/0208.JPG'] 0.2212723046541214
['/mnt/dsc3032-gaya-shared/group6/datasets/VisA/visa_pytorch/pcb3/test/good/0214.JPG'] 0.22058835625648499
['/mnt/dsc3032-gaya-shared/group6/datasets/VisA/visa_pytorch/pcb3/test/good/0215.JPG'] 0.29739049077033997
['/mnt/dsc3032-gaya-shared/group6/datasets/VisA/visa_pytorch/pcb3/test/good/0237.JPG'] 0.2627686858177185
['/mnt/dsc3032-gaya-shared/group6/datasets/VisA/visa_pytorch/pcb3/test/good/0261.JPG'] 0.22263194620609283
['/mnt/dsc3032-gaya-shared/group6/datasets/VisA/visa_pytorch/pcb3/test/good/0286.JPG'] 0.220655158162117
['/mnt/dsc3032-gaya-shared/group6/datasets/VisA/visa_pytorch/pcb3/test/good/0294.JPG'] 0.21111249923706055
['/mnt/dsc3032-gaya-shared/group6/datasets/VisA/visa_pytorch/pcb3/test/good/0297.JPG'] 0.241339311003685
['/mnt/dsc3032-gaya-shared/group6/datasets/VisA/visa_pytorch/pcb3/test/good/0303.JPG'] 0.2104780077934265
['/mnt/dsc3032-gaya-shared/group6/datasets/VisA/visa_pytorch/pcb3/test/good/0306.JPG'] 0.20310860872268677
['/mnt/dsc3032-gaya-shared/group6/datasets/VisA/visa_pytorch/pcb3/test/good/0320.JPG'] 0.19692149758338928
['/mnt/dsc3032-gaya-shared/group6/datasets/VisA/visa_pytorch/pcb3/test/good/0333.JPG'] 0.24053820967674255
['/mnt/dsc3032-gaya-shared/group6/datasets/VisA/visa_pytorch/pcb3/test/good/0363.JPG'] 0.22911840677261353
['/mnt/dsc3032-gaya-shared/group6/datasets/VisA/visa_pytorch/pcb3/test/good/0377.JPG'] 0.2170056402683258
['/mnt/dsc3032-gaya-shared/group6/datasets/VisA/visa_pytorch/pcb3/test/good/0394.JPG'] 0.24504530429840088
['/mnt/dsc3032-gaya-shared/group6/datasets/VisA/visa_pytorch/pcb3/test/good/0400.JPG'] 0.2600792646408081
['/mnt/dsc3032-gaya-shared/group6/datasets/VisA/visa_pytorch/pcb3/test/good/0402.JPG'] 0.19844143092632294
['/mnt/dsc3032-gaya-shared/group6/datasets/VisA/visa_pytorch/pcb3/test/good/0417.JPG'] 0.22469598054885864
['/mnt/dsc3032-gaya-shared/group6/datasets/VisA/visa_pytorch/pcb3/test/good/0423.JPG'] 0.24136430025100708
['/mnt/dsc3032-gaya-shared/group6/datasets/VisA/visa_pytorch/pcb3/test/good/0427.JPG'] 0.2701303958892822
['/mnt/dsc3032-gaya-shared/group6/datasets/VisA/visa_pytorch/pcb3/test/good/0457.JPG'] 0.25111502408981323
['/mnt/dsc3032-gaya-shared/group6/datasets/VisA/visa_pytorch/pcb3/test/good/0469.JPG'] 0.23897159099578857
['/mnt/dsc3032-gaya-shared/group6/datasets/VisA/visa_pytorch/pcb3/test/good/0479.JPG'] 0.22152571380138397
['/mnt/dsc3032-gaya-shared/group6/datasets/VisA/visa_pytorch/pcb3/test/good/0483.JPG'] 0.2646086812019348
['/mnt/dsc3032-gaya-shared/group6/datasets/VisA/visa_pytorch/pcb3/test/good/0484.JPG'] 0.24293695390224457
['/mnt/dsc3032-gaya-shared/group6/datasets/VisA/visa_pytorch/pcb3/test/good/0488.JPG'] 0.2556416392326355
['/mnt/dsc3032-gaya-shared/group6/datasets/VisA/visa_pytorch/pcb3/test/good/0490.JPG'] 0.21373894810676575
['/mnt/dsc3032-gaya-shared/group6/datasets/VisA/visa_pytorch/pcb3/test/good/0514.JPG'] 0.21010933816432953
['/mnt/dsc3032-gaya-shared/group6/datasets/VisA/visa_pytorch/pcb3/test/good/0518.JPG'] 0.23424458503723145
['/mnt/dsc3032-gaya-shared/group6/datasets/VisA/visa_pytorch/pcb3/test/good/0520.JPG'] 0.2358652800321579
['/mnt/dsc3032-gaya-shared/group6/datasets/VisA/visa_pytorch/pcb3/test/good/0525.JPG'] 0.23336991667747498
['/mnt/dsc3032-gaya-shared/group6/datasets/VisA/visa_pytorch/pcb3/test/good/0545.JPG'] 0.19858300685882568
['/mnt/dsc3032-gaya-shared/group6/datasets/VisA/visa_pytorch/pcb3/test/good/0552.JPG'] 0.26084068417549133
['/mnt/dsc3032-gaya-shared/group6/datasets/VisA/visa_pytorch/pcb3/test/good/0569.JPG'] 0.2342442125082016
['/mnt/dsc3032-gaya-shared/group6/datasets/VisA/visa_pytorch/pcb3/test/good/0615.JPG'] 0.23422858119010925
['/mnt/dsc3032-gaya-shared/group6/datasets/VisA/visa_pytorch/pcb3/test/good/0617.JPG'] 0.23102109134197235
['/mnt/dsc3032-gaya-shared/group6/datasets/VisA/visa_pytorch/pcb3/test/good/0619.JPG'] 0.21835248172283173
['/mnt/dsc3032-gaya-shared/group6/datasets/VisA/visa_pytorch/pcb3/test/good/0621.JPG'] 0.22808893024921417
['/mnt/dsc3032-gaya-shared/group6/datasets/VisA/visa_pytorch/pcb3/test/good/0629.JPG'] 0.22232025861740112
['/mnt/dsc3032-gaya-shared/group6/datasets/VisA/visa_pytorch/pcb3/test/good/0631.JPG'] 0.2407924234867096
['/mnt/dsc3032-gaya-shared/group6/datasets/VisA/visa_pytorch/pcb3/test/good/0648.JPG'] 0.23954050242900848
['/mnt/dsc3032-gaya-shared/group6/datasets/VisA/visa_pytorch/pcb3/test/good/0654.JPG'] 0.26787611842155457
['/mnt/dsc3032-gaya-shared/group6/datasets/VisA/visa_pytorch/pcb3/test/good/0657.JPG'] 0.23755693435668945
['/mnt/dsc3032-gaya-shared/group6/datasets/VisA/visa_pytorch/pcb3/test/good/0659.JPG'] 0.19885148108005524
['/mnt/dsc3032-gaya-shared/group6/datasets/VisA/visa_pytorch/pcb3/test/good/0674.JPG'] 0.22995345294475555
['/mnt/dsc3032-gaya-shared/group6/datasets/VisA/visa_pytorch/pcb3/test/good/0684.JPG'] 0.20122958719730377
['/mnt/dsc3032-gaya-shared/group6/datasets/VisA/visa_pytorch/pcb3/test/good/0685.JPG'] 0.27522820234298706
['/mnt/dsc3032-gaya-shared/group6/datasets/VisA/visa_pytorch/pcb3/test/good/0688.JPG'] 0.23478849232196808
['/mnt/dsc3032-gaya-shared/group6/datasets/VisA/visa_pytorch/pcb3/test/good/0690.JPG'] 0.23869085311889648
['/mnt/dsc3032-gaya-shared/group6/datasets/VisA/visa_pytorch/pcb3/test/good/0694.JPG'] 0.25118082761764526
['/mnt/dsc3032-gaya-shared/group6/datasets/VisA/visa_pytorch/pcb3/test/good/0705.JPG'] 0.27110958099365234
['/mnt/dsc3032-gaya-shared/group6/datasets/VisA/visa_pytorch/pcb3/test/good/0725.JPG'] 0.2511178255081177
['/mnt/dsc3032-gaya-shared/group6/datasets/VisA/visa_pytorch/pcb3/test/good/0730.JPG'] 0.24878154695034027
['/mnt/dsc3032-gaya-shared/group6/datasets/VisA/visa_pytorch/pcb3/test/good/0735.JPG'] 0.22454647719860077
['/mnt/dsc3032-gaya-shared/group6/datasets/VisA/visa_pytorch/pcb3/test/good/0739.JPG'] 0.24857820570468903
['/mnt/dsc3032-gaya-shared/group6/datasets/VisA/visa_pytorch/pcb3/test/good/0751.JPG'] 0.1901283860206604
['/mnt/dsc3032-gaya-shared/group6/datasets/VisA/visa_pytorch/pcb3/test/good/0755.JPG'] 0.24772393703460693
['/mnt/dsc3032-gaya-shared/group6/datasets/VisA/visa_pytorch/pcb3/test/good/0764.JPG'] 0.21737316250801086
['/mnt/dsc3032-gaya-shared/group6/datasets/VisA/visa_pytorch/pcb3/test/good/0768.JPG'] 0.23750369250774384
['/mnt/dsc3032-gaya-shared/group6/datasets/VisA/visa_pytorch/pcb3/test/good/0779.JPG'] 0.2366880178451538
['/mnt/dsc3032-gaya-shared/group6/datasets/VisA/visa_pytorch/pcb3/test/good/0784.JPG'] 0.24762196838855743
['/mnt/dsc3032-gaya-shared/group6/datasets/VisA/visa_pytorch/pcb3/test/good/0796.JPG'] 0.26284027099609375
['/mnt/dsc3032-gaya-shared/group6/datasets/VisA/visa_pytorch/pcb3/test/good/0797.JPG'] 0.2111789584159851
['/mnt/dsc3032-gaya-shared/group6/datasets/VisA/visa_pytorch/pcb3/test/good/0800.JPG'] 0.23914465308189392
['/mnt/dsc3032-gaya-shared/group6/datasets/VisA/visa_pytorch/pcb3/test/good/0804.JPG'] 0.22475823760032654
['/mnt/dsc3032-gaya-shared/group6/datasets/VisA/visa_pytorch/pcb3/test/good/0811.JPG'] 0.21310800313949585
['/mnt/dsc3032-gaya-shared/group6/datasets/VisA/visa_pytorch/pcb3/test/good/0844.JPG'] 0.20919255912303925
['/mnt/dsc3032-gaya-shared/group6/datasets/VisA/visa_pytorch/pcb3/test/good/0869.JPG'] 0.22993506491184235
['/mnt/dsc3032-gaya-shared/group6/datasets/VisA/visa_pytorch/pcb3/test/good/0871.JPG'] 0.22508566081523895
['/mnt/dsc3032-gaya-shared/group6/datasets/VisA/visa_pytorch/pcb3/test/good/0892.JPG'] 0.25092780590057373
['/mnt/dsc3032-gaya-shared/group6/datasets/VisA/visa_pytorch/pcb3/test/good/0900.JPG'] 0.21049220860004425
['/mnt/dsc3032-gaya-shared/group6/datasets/VisA/visa_pytorch/pcb3/test/good/0920.JPG'] 0.25487393140792847
['/mnt/dsc3032-gaya-shared/group6/datasets/VisA/visa_pytorch/pcb3/test/good/0923.JPG'] 0.2372070848941803
['/mnt/dsc3032-gaya-shared/group6/datasets/VisA/visa_pytorch/pcb3/test/good/0935.JPG'] 0.23363354802131653
['/mnt/dsc3032-gaya-shared/group6/datasets/VisA/visa_pytorch/pcb3/test/good/0940.JPG'] 0.2010578066110611
['/mnt/dsc3032-gaya-shared/group6/datasets/VisA/visa_pytorch/pcb3/test/good/0952.JPG'] 0.26840639114379883
['/mnt/dsc3032-gaya-shared/group6/datasets/VisA/visa_pytorch/pcb3/test/good/0958.JPG'] 0.24101601541042328
['/mnt/dsc3032-gaya-shared/group6/datasets/VisA/visa_pytorch/pcb3/test/good/0964.JPG'] 0.20319998264312744
['/mnt/dsc3032-gaya-shared/group6/datasets/VisA/visa_pytorch/pcb3/test/good/0972.JPG'] 0.2024586796760559
['/mnt/dsc3032-gaya-shared/group6/datasets/VisA/visa_pytorch/pcb3/test/good/0974.JPG'] 0.23143774271011353
['/mnt/dsc3032-gaya-shared/group6/datasets/VisA/visa_pytorch/pcb3/test/good/0977.JPG'] 0.22772349417209625
['/mnt/dsc3032-gaya-shared/group6/datasets/VisA/visa_pytorch/pcb3/test/good/0991.JPG'] 0.2232118397951126
['/mnt/dsc3032-gaya-shared/group6/datasets/VisA/visa_pytorch/pcb3/test/good/0994.JPG'] 0.2217283546924591
['/mnt/dsc3032-gaya-shared/group6/datasets/VisA/visa_pytorch/pcb3/test/good/1002.JPG'] 0.2190031260251999
26-06-02 17:01:45.592 - INFO: 
| category   |   K-shots |   F1-Max(image) |   AUROC(image) |   F1-Max(pixel) |   AUROC(pixel) |
|:-----------|----------:|----------------:|---------------:|----------------:|---------------:|
| pcb3       |         4 |           81.25 |          85.56 |           40.81 |          98.47 |
