/home/gaya6/LogSAD/dinov2/dinov2/layers/swiglu_ffn.py:43: UserWarning: xFormers is available (SwiGLU)
  warnings.warn("xFormers is available (SwiGLU)")
/home/gaya6/LogSAD/dinov2/dinov2/layers/attention.py:27: UserWarning: xFormers is available (Attention)
  warnings.warn("xFormers is available (Attention)")
/home/gaya6/LogSAD/dinov2/dinov2/layers/block.py:33: UserWarning: xFormers is available (Block)
  warnings.warn("xFormers is available (Block)")
['/mnt/dsc3032-gaya-shared/group6/datasets/VisA/visa_pytorch/pcb4/test/bad/000.JPG'] 0.3071092367172241
['/mnt/dsc3032-gaya-shared/group6/datasets/VisA/visa_pytorch/pcb4/test/bad/001.JPG'] 0.3447530269622803
['/mnt/dsc3032-gaya-shared/group6/datasets/VisA/visa_pytorch/pcb4/test/bad/002.JPG'] 0.3202848434448242
['/mnt/dsc3032-gaya-shared/group6/datasets/VisA/visa_pytorch/pcb4/test/bad/003.JPG'] 0.3636794090270996
['/mnt/dsc3032-gaya-shared/group6/datasets/VisA/visa_pytorch/pcb4/test/bad/004.JPG'] 0.30528318881988525
['/mnt/dsc3032-gaya-shared/group6/datasets/VisA/visa_pytorch/pcb4/test/bad/005.JPG'] 0.2574530839920044
['/mnt/dsc3032-gaya-shared/group6/datasets/VisA/visa_pytorch/pcb4/test/bad/006.JPG'] 0.29321086406707764
['/mnt/dsc3032-gaya-shared/group6/datasets/VisA/visa_pytorch/pcb4/test/bad/007.JPG'] 0.3269471228122711
['/mnt/dsc3032-gaya-shared/group6/datasets/VisA/visa_pytorch/pcb4/test/bad/008.JPG'] 0.3380820155143738
['/mnt/dsc3032-gaya-shared/group6/datasets/VisA/visa_pytorch/pcb4/test/bad/009.JPG'] 0.25807902216911316
['/mnt/dsc3032-gaya-shared/group6/datasets/VisA/visa_pytorch/pcb4/test/bad/010.JPG'] 0.31523191928863525
['/mnt/dsc3032-gaya-shared/group6/datasets/VisA/visa_pytorch/pcb4/test/bad/011.JPG'] 0.3239804208278656
['/mnt/dsc3032-gaya-shared/group6/datasets/VisA/visa_pytorch/pcb4/test/bad/012.JPG'] 0.22289620339870453
['/mnt/dsc3032-gaya-shared/group6/datasets/VisA/visa_pytorch/pcb4/test/bad/013.JPG'] 0.27087676525115967
['/mnt/dsc3032-gaya-shared/group6/datasets/VisA/visa_pytorch/pcb4/test/bad/014.JPG'] 0.3146110475063324
['/mnt/dsc3032-gaya-shared/group6/datasets/VisA/visa_pytorch/pcb4/test/bad/015.JPG'] 0.25338873267173767
['/mnt/dsc3032-gaya-shared/group6/datasets/VisA/visa_pytorch/pcb4/test/bad/016.JPG'] 0.3849225342273712
['/mnt/dsc3032-gaya-shared/group6/datasets/VisA/visa_pytorch/pcb4/test/bad/017.JPG'] 0.2922022342681885
['/mnt/dsc3032-gaya-shared/group6/datasets/VisA/visa_pytorch/pcb4/test/bad/018.JPG'] 0.30944985151290894
['/mnt/dsc3032-gaya-shared/group6/datasets/VisA/visa_pytorch/pcb4/test/bad/019.JPG'] 0.3164331912994385
['/mnt/dsc3032-gaya-shared/group6/datasets/VisA/visa_pytorch/pcb4/test/bad/020.JPG'] 0.3106446862220764
['/mnt/dsc3032-gaya-shared/group6/datasets/VisA/visa_pytorch/pcb4/test/bad/021.JPG'] 0.2620258927345276
['/mnt/dsc3032-gaya-shared/group6/datasets/VisA/visa_pytorch/pcb4/test/bad/022.JPG'] 0.2567795515060425
['/mnt/dsc3032-gaya-shared/group6/datasets/VisA/visa_pytorch/pcb4/test/bad/023.JPG'] 0.2620663642883301
['/mnt/dsc3032-gaya-shared/group6/datasets/VisA/visa_pytorch/pcb4/test/bad/024.JPG'] 0.2817254066467285
['/mnt/dsc3032-gaya-shared/group6/datasets/VisA/visa_pytorch/pcb4/test/bad/025.JPG'] 0.36136960983276367
['/mnt/dsc3032-gaya-shared/group6/datasets/VisA/visa_pytorch/pcb4/test/bad/026.JPG'] 0.32378482818603516
['/mnt/dsc3032-gaya-shared/group6/datasets/VisA/visa_pytorch/pcb4/test/bad/027.JPG'] 0.38348180055618286
['/mnt/dsc3032-gaya-shared/group6/datasets/VisA/visa_pytorch/pcb4/test/bad/028.JPG'] 0.2931184470653534
['/mnt/dsc3032-gaya-shared/group6/datasets/VisA/visa_pytorch/pcb4/test/bad/029.JPG'] 0.25589966773986816
['/mnt/dsc3032-gaya-shared/group6/datasets/VisA/visa_pytorch/pcb4/test/bad/030.JPG'] 0.2887150049209595
['/mnt/dsc3032-gaya-shared/group6/datasets/VisA/visa_pytorch/pcb4/test/bad/031.JPG'] 0.338223934173584
['/mnt/dsc3032-gaya-shared/group6/datasets/VisA/visa_pytorch/pcb4/test/bad/032.JPG'] 0.31671392917633057
['/mnt/dsc3032-gaya-shared/group6/datasets/VisA/visa_pytorch/pcb4/test/bad/033.JPG'] 0.2875976264476776
['/mnt/dsc3032-gaya-shared/group6/datasets/VisA/visa_pytorch/pcb4/test/bad/034.JPG'] 0.33773642778396606
['/mnt/dsc3032-gaya-shared/group6/datasets/VisA/visa_pytorch/pcb4/test/bad/035.JPG'] 0.38075315952301025
['/mnt/dsc3032-gaya-shared/group6/datasets/VisA/visa_pytorch/pcb4/test/bad/036.JPG'] 0.4535897672176361
['/mnt/dsc3032-gaya-shared/group6/datasets/VisA/visa_pytorch/pcb4/test/bad/037.JPG'] 0.3644524812698364
['/mnt/dsc3032-gaya-shared/group6/datasets/VisA/visa_pytorch/pcb4/test/bad/038.JPG'] 0.35180479288101196
['/mnt/dsc3032-gaya-shared/group6/datasets/VisA/visa_pytorch/pcb4/test/bad/039.JPG'] 0.40561527013778687
['/mnt/dsc3032-gaya-shared/group6/datasets/VisA/visa_pytorch/pcb4/test/bad/040.JPG'] 0.29806825518608093
['/mnt/dsc3032-gaya-shared/group6/datasets/VisA/visa_pytorch/pcb4/test/bad/041.JPG'] 0.3953813314437866
['/mnt/dsc3032-gaya-shared/group6/datasets/VisA/visa_pytorch/pcb4/test/bad/042.JPG'] 0.30455949902534485
['/mnt/dsc3032-gaya-shared/group6/datasets/VisA/visa_pytorch/pcb4/test/bad/043.JPG'] 0.44188714027404785
['/mnt/dsc3032-gaya-shared/group6/datasets/VisA/visa_pytorch/pcb4/test/bad/044.JPG'] 0.3223957419395447
['/mnt/dsc3032-gaya-shared/group6/datasets/VisA/visa_pytorch/pcb4/test/bad/045.JPG'] 0.2910706102848053
['/mnt/dsc3032-gaya-shared/group6/datasets/VisA/visa_pytorch/pcb4/test/bad/046.JPG'] 0.23481984436511993
['/mnt/dsc3032-gaya-shared/group6/datasets/VisA/visa_pytorch/pcb4/test/bad/047.JPG'] 0.3200579285621643
['/mnt/dsc3032-gaya-shared/group6/datasets/VisA/visa_pytorch/pcb4/test/bad/048.JPG'] 0.23920974135398865
['/mnt/dsc3032-gaya-shared/group6/datasets/VisA/visa_pytorch/pcb4/test/bad/049.JPG'] 0.3053749203681946
['/mnt/dsc3032-gaya-shared/group6/datasets/VisA/visa_pytorch/pcb4/test/bad/050.JPG'] 0.2685040831565857
['/mnt/dsc3032-gaya-shared/group6/datasets/VisA/visa_pytorch/pcb4/test/bad/051.JPG'] 0.25799769163131714
['/mnt/dsc3032-gaya-shared/group6/datasets/VisA/visa_pytorch/pcb4/test/bad/052.JPG'] 0.29537683725357056
['/mnt/dsc3032-gaya-shared/group6/datasets/VisA/visa_pytorch/pcb4/test/bad/053.JPG'] 0.27239078283309937
['/mnt/dsc3032-gaya-shared/group6/datasets/VisA/visa_pytorch/pcb4/test/bad/054.JPG'] 0.2862885594367981
['/mnt/dsc3032-gaya-shared/group6/datasets/VisA/visa_pytorch/pcb4/test/bad/055.JPG'] 0.2744424045085907
['/mnt/dsc3032-gaya-shared/group6/datasets/VisA/visa_pytorch/pcb4/test/bad/056.JPG'] 0.2863457202911377
['/mnt/dsc3032-gaya-shared/group6/datasets/VisA/visa_pytorch/pcb4/test/bad/057.JPG'] 0.3098740577697754
['/mnt/dsc3032-gaya-shared/group6/datasets/VisA/visa_pytorch/pcb4/test/bad/058.JPG'] 0.2958242893218994
['/mnt/dsc3032-gaya-shared/group6/datasets/VisA/visa_pytorch/pcb4/test/bad/059.JPG'] 0.31172195076942444
['/mnt/dsc3032-gaya-shared/group6/datasets/VisA/visa_pytorch/pcb4/test/bad/060.JPG'] 0.3014465570449829
['/mnt/dsc3032-gaya-shared/group6/datasets/VisA/visa_pytorch/pcb4/test/bad/061.JPG'] 0.2653372287750244
['/mnt/dsc3032-gaya-shared/group6/datasets/VisA/visa_pytorch/pcb4/test/bad/062.JPG'] 0.30987927317619324
['/mnt/dsc3032-gaya-shared/group6/datasets/VisA/visa_pytorch/pcb4/test/bad/063.JPG'] 0.24252142012119293
['/mnt/dsc3032-gaya-shared/group6/datasets/VisA/visa_pytorch/pcb4/test/bad/064.JPG'] 0.27437588572502136
['/mnt/dsc3032-gaya-shared/group6/datasets/VisA/visa_pytorch/pcb4/test/bad/065.JPG'] 0.31436657905578613
['/mnt/dsc3032-gaya-shared/group6/datasets/VisA/visa_pytorch/pcb4/test/bad/066.JPG'] 0.24915990233421326
['/mnt/dsc3032-gaya-shared/group6/datasets/VisA/visa_pytorch/pcb4/test/bad/067.JPG'] 0.2887139916419983
['/mnt/dsc3032-gaya-shared/group6/datasets/VisA/visa_pytorch/pcb4/test/bad/068.JPG'] 0.29688557982444763
['/mnt/dsc3032-gaya-shared/group6/datasets/VisA/visa_pytorch/pcb4/test/bad/069.JPG'] 0.295337975025177
['/mnt/dsc3032-gaya-shared/group6/datasets/VisA/visa_pytorch/pcb4/test/bad/070.JPG'] 0.2713316082954407
['/mnt/dsc3032-gaya-shared/group6/datasets/VisA/visa_pytorch/pcb4/test/bad/071.JPG'] 0.2703067660331726
['/mnt/dsc3032-gaya-shared/group6/datasets/VisA/visa_pytorch/pcb4/test/bad/072.JPG'] 0.25561875104904175
['/mnt/dsc3032-gaya-shared/group6/datasets/VisA/visa_pytorch/pcb4/test/bad/073.JPG'] 0.29563865065574646
['/mnt/dsc3032-gaya-shared/group6/datasets/VisA/visa_pytorch/pcb4/test/bad/074.JPG'] 0.2518014907836914
['/mnt/dsc3032-gaya-shared/group6/datasets/VisA/visa_pytorch/pcb4/test/bad/075.JPG'] 0.3524669408798218
['/mnt/dsc3032-gaya-shared/group6/datasets/VisA/visa_pytorch/pcb4/test/bad/076.JPG'] 0.35719016194343567
['/mnt/dsc3032-gaya-shared/group6/datasets/VisA/visa_pytorch/pcb4/test/bad/077.JPG'] 0.367775559425354
['/mnt/dsc3032-gaya-shared/group6/datasets/VisA/visa_pytorch/pcb4/test/bad/078.JPG'] 0.3291958272457123
['/mnt/dsc3032-gaya-shared/group6/datasets/VisA/visa_pytorch/pcb4/test/bad/079.JPG'] 0.3430910110473633
['/mnt/dsc3032-gaya-shared/group6/datasets/VisA/visa_pytorch/pcb4/test/bad/080.JPG'] 0.30351608991622925
['/mnt/dsc3032-gaya-shared/group6/datasets/VisA/visa_pytorch/pcb4/test/bad/081.JPG'] 0.3041490316390991
['/mnt/dsc3032-gaya-shared/group6/datasets/VisA/visa_pytorch/pcb4/test/bad/082.JPG'] 0.292585551738739
['/mnt/dsc3032-gaya-shared/group6/datasets/VisA/visa_pytorch/pcb4/test/bad/083.JPG'] 0.31854742765426636
['/mnt/dsc3032-gaya-shared/group6/datasets/VisA/visa_pytorch/pcb4/test/bad/084.JPG'] 0.30748361349105835
['/mnt/dsc3032-gaya-shared/group6/datasets/VisA/visa_pytorch/pcb4/test/bad/085.JPG'] 0.3277605175971985
['/mnt/dsc3032-gaya-shared/group6/datasets/VisA/visa_pytorch/pcb4/test/bad/086.JPG'] 0.33741915225982666
['/mnt/dsc3032-gaya-shared/group6/datasets/VisA/visa_pytorch/pcb4/test/bad/087.JPG'] 0.26293832063674927
['/mnt/dsc3032-gaya-shared/group6/datasets/VisA/visa_pytorch/pcb4/test/bad/088.JPG'] 0.2599055767059326
['/mnt/dsc3032-gaya-shared/group6/datasets/VisA/visa_pytorch/pcb4/test/bad/089.JPG'] 0.31360572576522827
['/mnt/dsc3032-gaya-shared/group6/datasets/VisA/visa_pytorch/pcb4/test/bad/090.JPG'] 0.2688223719596863
['/mnt/dsc3032-gaya-shared/group6/datasets/VisA/visa_pytorch/pcb4/test/bad/091.JPG'] 0.2949337363243103
['/mnt/dsc3032-gaya-shared/group6/datasets/VisA/visa_pytorch/pcb4/test/bad/092.JPG'] 0.2734224200248718
['/mnt/dsc3032-gaya-shared/group6/datasets/VisA/visa_pytorch/pcb4/test/bad/093.JPG'] 0.3184344172477722
['/mnt/dsc3032-gaya-shared/group6/datasets/VisA/visa_pytorch/pcb4/test/bad/094.JPG'] 0.25723955035209656
['/mnt/dsc3032-gaya-shared/group6/datasets/VisA/visa_pytorch/pcb4/test/bad/095.JPG'] 0.30344876646995544
['/mnt/dsc3032-gaya-shared/group6/datasets/VisA/visa_pytorch/pcb4/test/bad/096.JPG'] 0.2738415598869324
['/mnt/dsc3032-gaya-shared/group6/datasets/VisA/visa_pytorch/pcb4/test/bad/097.JPG'] 0.28555548191070557
['/mnt/dsc3032-gaya-shared/group6/datasets/VisA/visa_pytorch/pcb4/test/bad/098.JPG'] 0.2984445095062256
['/mnt/dsc3032-gaya-shared/group6/datasets/VisA/visa_pytorch/pcb4/test/bad/099.JPG'] 0.35446053743362427
['/mnt/dsc3032-gaya-shared/group6/datasets/VisA/visa_pytorch/pcb4/test/good/0011.JPG'] 0.23927274346351624
['/mnt/dsc3032-gaya-shared/group6/datasets/VisA/visa_pytorch/pcb4/test/good/0013.JPG'] 0.23410141468048096
['/mnt/dsc3032-gaya-shared/group6/datasets/VisA/visa_pytorch/pcb4/test/good/0016.JPG'] 0.2809198200702667
['/mnt/dsc3032-gaya-shared/group6/datasets/VisA/visa_pytorch/pcb4/test/good/0024.JPG'] 0.23904083669185638
['/mnt/dsc3032-gaya-shared/group6/datasets/VisA/visa_pytorch/pcb4/test/good/0026.JPG'] 0.32870811223983765
['/mnt/dsc3032-gaya-shared/group6/datasets/VisA/visa_pytorch/pcb4/test/good/0027.JPG'] 0.25913482904434204
['/mnt/dsc3032-gaya-shared/group6/datasets/VisA/visa_pytorch/pcb4/test/good/0046.JPG'] 0.34285426139831543
['/mnt/dsc3032-gaya-shared/group6/datasets/VisA/visa_pytorch/pcb4/test/good/0100.JPG'] 0.30316996574401855
['/mnt/dsc3032-gaya-shared/group6/datasets/VisA/visa_pytorch/pcb4/test/good/0107.JPG'] 0.2757564187049866
['/mnt/dsc3032-gaya-shared/group6/datasets/VisA/visa_pytorch/pcb4/test/good/0159.JPG'] 0.3034151494503021
['/mnt/dsc3032-gaya-shared/group6/datasets/VisA/visa_pytorch/pcb4/test/good/0168.JPG'] 0.25593096017837524
['/mnt/dsc3032-gaya-shared/group6/datasets/VisA/visa_pytorch/pcb4/test/good/0170.JPG'] 0.2385336011648178
['/mnt/dsc3032-gaya-shared/group6/datasets/VisA/visa_pytorch/pcb4/test/good/0172.JPG'] 0.2558909058570862
['/mnt/dsc3032-gaya-shared/group6/datasets/VisA/visa_pytorch/pcb4/test/good/0174.JPG'] 0.26151126623153687
['/mnt/dsc3032-gaya-shared/group6/datasets/VisA/visa_pytorch/pcb4/test/good/0178.JPG'] 0.3135540187358856
['/mnt/dsc3032-gaya-shared/group6/datasets/VisA/visa_pytorch/pcb4/test/good/0187.JPG'] 0.3349495530128479
['/mnt/dsc3032-gaya-shared/group6/datasets/VisA/visa_pytorch/pcb4/test/good/0196.JPG'] 0.31274622678756714
['/mnt/dsc3032-gaya-shared/group6/datasets/VisA/visa_pytorch/pcb4/test/good/0208.JPG'] 0.24179629981517792
['/mnt/dsc3032-gaya-shared/group6/datasets/VisA/visa_pytorch/pcb4/test/good/0214.JPG'] 0.3482890725135803
['/mnt/dsc3032-gaya-shared/group6/datasets/VisA/visa_pytorch/pcb4/test/good/0215.JPG'] 0.3214764893054962
['/mnt/dsc3032-gaya-shared/group6/datasets/VisA/visa_pytorch/pcb4/test/good/0237.JPG'] 0.3541545271873474
['/mnt/dsc3032-gaya-shared/group6/datasets/VisA/visa_pytorch/pcb4/test/good/0261.JPG'] 0.24545611441135406
['/mnt/dsc3032-gaya-shared/group6/datasets/VisA/visa_pytorch/pcb4/test/good/0286.JPG'] 0.22441111505031586
['/mnt/dsc3032-gaya-shared/group6/datasets/VisA/visa_pytorch/pcb4/test/good/0294.JPG'] 0.3211168050765991
['/mnt/dsc3032-gaya-shared/group6/datasets/VisA/visa_pytorch/pcb4/test/good/0297.JPG'] 0.27444222569465637
['/mnt/dsc3032-gaya-shared/group6/datasets/VisA/visa_pytorch/pcb4/test/good/0303.JPG'] 0.24407577514648438
['/mnt/dsc3032-gaya-shared/group6/datasets/VisA/visa_pytorch/pcb4/test/good/0306.JPG'] 0.2393612116575241
['/mnt/dsc3032-gaya-shared/group6/datasets/VisA/visa_pytorch/pcb4/test/good/0320.JPG'] 0.4128459692001343
['/mnt/dsc3032-gaya-shared/group6/datasets/VisA/visa_pytorch/pcb4/test/good/0333.JPG'] 0.32945966720581055
['/mnt/dsc3032-gaya-shared/group6/datasets/VisA/visa_pytorch/pcb4/test/good/0363.JPG'] 0.3138856887817383
['/mnt/dsc3032-gaya-shared/group6/datasets/VisA/visa_pytorch/pcb4/test/good/0377.JPG'] 0.2401054948568344
['/mnt/dsc3032-gaya-shared/group6/datasets/VisA/visa_pytorch/pcb4/test/good/0394.JPG'] 0.24446681141853333
['/mnt/dsc3032-gaya-shared/group6/datasets/VisA/visa_pytorch/pcb4/test/good/0400.JPG'] 0.3270072937011719
['/mnt/dsc3032-gaya-shared/group6/datasets/VisA/visa_pytorch/pcb4/test/good/0402.JPG'] 0.2707340717315674
['/mnt/dsc3032-gaya-shared/group6/datasets/VisA/visa_pytorch/pcb4/test/good/0417.JPG'] 0.28548580408096313
['/mnt/dsc3032-gaya-shared/group6/datasets/VisA/visa_pytorch/pcb4/test/good/0423.JPG'] 0.27795475721359253
['/mnt/dsc3032-gaya-shared/group6/datasets/VisA/visa_pytorch/pcb4/test/good/0427.JPG'] 0.28571462631225586
['/mnt/dsc3032-gaya-shared/group6/datasets/VisA/visa_pytorch/pcb4/test/good/0457.JPG'] 0.301261842250824
['/mnt/dsc3032-gaya-shared/group6/datasets/VisA/visa_pytorch/pcb4/test/good/0469.JPG'] 0.2982730567455292
['/mnt/dsc3032-gaya-shared/group6/datasets/VisA/visa_pytorch/pcb4/test/good/0479.JPG'] 0.25666478276252747
['/mnt/dsc3032-gaya-shared/group6/datasets/VisA/visa_pytorch/pcb4/test/good/0483.JPG'] 0.24909991025924683
['/mnt/dsc3032-gaya-shared/group6/datasets/VisA/visa_pytorch/pcb4/test/good/0484.JPG'] 0.2188354879617691
['/mnt/dsc3032-gaya-shared/group6/datasets/VisA/visa_pytorch/pcb4/test/good/0488.JPG'] 0.23798738420009613
['/mnt/dsc3032-gaya-shared/group6/datasets/VisA/visa_pytorch/pcb4/test/good/0490.JPG'] 0.2701401114463806
['/mnt/dsc3032-gaya-shared/group6/datasets/VisA/visa_pytorch/pcb4/test/good/0514.JPG'] 0.21202586591243744
['/mnt/dsc3032-gaya-shared/group6/datasets/VisA/visa_pytorch/pcb4/test/good/0518.JPG'] 0.24467197060585022
['/mnt/dsc3032-gaya-shared/group6/datasets/VisA/visa_pytorch/pcb4/test/good/0520.JPG'] 0.24199159443378448
['/mnt/dsc3032-gaya-shared/group6/datasets/VisA/visa_pytorch/pcb4/test/good/0525.JPG'] 0.23068079352378845
['/mnt/dsc3032-gaya-shared/group6/datasets/VisA/visa_pytorch/pcb4/test/good/0545.JPG'] 0.311781644821167
['/mnt/dsc3032-gaya-shared/group6/datasets/VisA/visa_pytorch/pcb4/test/good/0552.JPG'] 0.23446770012378693
['/mnt/dsc3032-gaya-shared/group6/datasets/VisA/visa_pytorch/pcb4/test/good/0569.JPG'] 0.254158079624176
['/mnt/dsc3032-gaya-shared/group6/datasets/VisA/visa_pytorch/pcb4/test/good/0615.JPG'] 0.2651044726371765
['/mnt/dsc3032-gaya-shared/group6/datasets/VisA/visa_pytorch/pcb4/test/good/0617.JPG'] 0.22834660112857819
['/mnt/dsc3032-gaya-shared/group6/datasets/VisA/visa_pytorch/pcb4/test/good/0619.JPG'] 0.2702176570892334
['/mnt/dsc3032-gaya-shared/group6/datasets/VisA/visa_pytorch/pcb4/test/good/0621.JPG'] 0.24065105617046356
['/mnt/dsc3032-gaya-shared/group6/datasets/VisA/visa_pytorch/pcb4/test/good/0629.JPG'] 0.33194881677627563
['/mnt/dsc3032-gaya-shared/group6/datasets/VisA/visa_pytorch/pcb4/test/good/0631.JPG'] 0.2534429132938385
['/mnt/dsc3032-gaya-shared/group6/datasets/VisA/visa_pytorch/pcb4/test/good/0648.JPG'] 0.27635496854782104
['/mnt/dsc3032-gaya-shared/group6/datasets/VisA/visa_pytorch/pcb4/test/good/0654.JPG'] 0.2508080005645752
['/mnt/dsc3032-gaya-shared/group6/datasets/VisA/visa_pytorch/pcb4/test/good/0657.JPG'] 0.24748031795024872
['/mnt/dsc3032-gaya-shared/group6/datasets/VisA/visa_pytorch/pcb4/test/good/0659.JPG'] 0.22872233390808105
['/mnt/dsc3032-gaya-shared/group6/datasets/VisA/visa_pytorch/pcb4/test/good/0674.JPG'] 0.25438082218170166
['/mnt/dsc3032-gaya-shared/group6/datasets/VisA/visa_pytorch/pcb4/test/good/0684.JPG'] 0.2572615146636963
['/mnt/dsc3032-gaya-shared/group6/datasets/VisA/visa_pytorch/pcb4/test/good/0685.JPG'] 0.26019132137298584
['/mnt/dsc3032-gaya-shared/group6/datasets/VisA/visa_pytorch/pcb4/test/good/0688.JPG'] 0.39217233657836914
['/mnt/dsc3032-gaya-shared/group6/datasets/VisA/visa_pytorch/pcb4/test/good/0690.JPG'] 0.30248141288757324
['/mnt/dsc3032-gaya-shared/group6/datasets/VisA/visa_pytorch/pcb4/test/good/0694.JPG'] 0.3407946228981018
['/mnt/dsc3032-gaya-shared/group6/datasets/VisA/visa_pytorch/pcb4/test/good/0705.JPG'] 0.34482336044311523
['/mnt/dsc3032-gaya-shared/group6/datasets/VisA/visa_pytorch/pcb4/test/good/0725.JPG'] 0.25738388299942017
['/mnt/dsc3032-gaya-shared/group6/datasets/VisA/visa_pytorch/pcb4/test/good/0730.JPG'] 0.26297324895858765
['/mnt/dsc3032-gaya-shared/group6/datasets/VisA/visa_pytorch/pcb4/test/good/0735.JPG'] 0.24401003122329712
['/mnt/dsc3032-gaya-shared/group6/datasets/VisA/visa_pytorch/pcb4/test/good/0739.JPG'] 0.24059507250785828
['/mnt/dsc3032-gaya-shared/group6/datasets/VisA/visa_pytorch/pcb4/test/good/0751.JPG'] 0.2399730533361435
['/mnt/dsc3032-gaya-shared/group6/datasets/VisA/visa_pytorch/pcb4/test/good/0755.JPG'] 0.26594412326812744
['/mnt/dsc3032-gaya-shared/group6/datasets/VisA/visa_pytorch/pcb4/test/good/0764.JPG'] 0.24380898475646973
['/mnt/dsc3032-gaya-shared/group6/datasets/VisA/visa_pytorch/pcb4/test/good/0768.JPG'] 0.26415055990219116
['/mnt/dsc3032-gaya-shared/group6/datasets/VisA/visa_pytorch/pcb4/test/good/0779.JPG'] 0.26150885224342346
['/mnt/dsc3032-gaya-shared/group6/datasets/VisA/visa_pytorch/pcb4/test/good/0784.JPG'] 0.29883235692977905
['/mnt/dsc3032-gaya-shared/group6/datasets/VisA/visa_pytorch/pcb4/test/good/0796.JPG'] 0.2559809684753418
['/mnt/dsc3032-gaya-shared/group6/datasets/VisA/visa_pytorch/pcb4/test/good/0797.JPG'] 0.2936044931411743
['/mnt/dsc3032-gaya-shared/group6/datasets/VisA/visa_pytorch/pcb4/test/good/0800.JPG'] 0.2733340859413147
['/mnt/dsc3032-gaya-shared/group6/datasets/VisA/visa_pytorch/pcb4/test/good/0804.JPG'] 0.22987152636051178
['/mnt/dsc3032-gaya-shared/group6/datasets/VisA/visa_pytorch/pcb4/test/good/0811.JPG'] 0.2534429430961609
['/mnt/dsc3032-gaya-shared/group6/datasets/VisA/visa_pytorch/pcb4/test/good/0844.JPG'] 0.25030672550201416
['/mnt/dsc3032-gaya-shared/group6/datasets/VisA/visa_pytorch/pcb4/test/good/0869.JPG'] 0.24953746795654297
['/mnt/dsc3032-gaya-shared/group6/datasets/VisA/visa_pytorch/pcb4/test/good/0871.JPG'] 0.37182000279426575
['/mnt/dsc3032-gaya-shared/group6/datasets/VisA/visa_pytorch/pcb4/test/good/0892.JPG'] 0.2281503975391388
['/mnt/dsc3032-gaya-shared/group6/datasets/VisA/visa_pytorch/pcb4/test/good/0900.JPG'] 0.3299407958984375
['/mnt/dsc3032-gaya-shared/group6/datasets/VisA/visa_pytorch/pcb4/test/good/0920.JPG'] 0.24803465604782104
['/mnt/dsc3032-gaya-shared/group6/datasets/VisA/visa_pytorch/pcb4/test/good/0923.JPG'] 0.2254655361175537
['/mnt/dsc3032-gaya-shared/group6/datasets/VisA/visa_pytorch/pcb4/test/good/0935.JPG'] 0.25786417722702026
['/mnt/dsc3032-gaya-shared/group6/datasets/VisA/visa_pytorch/pcb4/test/good/0940.JPG'] 0.2468874603509903
['/mnt/dsc3032-gaya-shared/group6/datasets/VisA/visa_pytorch/pcb4/test/good/0952.JPG'] 0.26277828216552734
['/mnt/dsc3032-gaya-shared/group6/datasets/VisA/visa_pytorch/pcb4/test/good/0957.JPG'] 0.26126962900161743
['/mnt/dsc3032-gaya-shared/group6/datasets/VisA/visa_pytorch/pcb4/test/good/0964.JPG'] 0.29805880784988403
['/mnt/dsc3032-gaya-shared/group6/datasets/VisA/visa_pytorch/pcb4/test/good/0971.JPG'] 0.23491984605789185
['/mnt/dsc3032-gaya-shared/group6/datasets/VisA/visa_pytorch/pcb4/test/good/0974.JPG'] 0.2253521978855133
['/mnt/dsc3032-gaya-shared/group6/datasets/VisA/visa_pytorch/pcb4/test/good/0977.JPG'] 0.22229816019535065
['/mnt/dsc3032-gaya-shared/group6/datasets/VisA/visa_pytorch/pcb4/test/good/0990.JPG'] 0.2144157439470291
['/mnt/dsc3032-gaya-shared/group6/datasets/VisA/visa_pytorch/pcb4/test/good/0994.JPG'] 0.2923263907432556
['/mnt/dsc3032-gaya-shared/group6/datasets/VisA/visa_pytorch/pcb4/test/good/1001.JPG'] 0.19884991645812988
26-06-02 17:02:59.882 - INFO: 
| category   |   K-shots |   F1-Max(image) |   AUROC(image) |   F1-Max(pixel) |   AUROC(pixel) |
|:-----------|----------:|----------------:|---------------:|----------------:|---------------:|
| pcb4       |         4 |           74.59 |          73.72 |           44.08 |          96.02 |
