/home/gaya6/LogSAD/dinov2/dinov2/layers/swiglu_ffn.py:43: UserWarning: xFormers is available (SwiGLU)
  warnings.warn("xFormers is available (SwiGLU)")
/home/gaya6/LogSAD/dinov2/dinov2/layers/attention.py:27: UserWarning: xFormers is available (Attention)
  warnings.warn("xFormers is available (Attention)")
/home/gaya6/LogSAD/dinov2/dinov2/layers/block.py:33: UserWarning: xFormers is available (Block)
  warnings.warn("xFormers is available (Block)")
['/mnt/dsc3032-gaya-shared/group6/datasets/VisA/visa_pytorch/pipe_fryum/test/bad/000.JPG'] 0.38700994849205017
['/mnt/dsc3032-gaya-shared/group6/datasets/VisA/visa_pytorch/pipe_fryum/test/bad/001.JPG'] 0.36453506350517273
['/mnt/dsc3032-gaya-shared/group6/datasets/VisA/visa_pytorch/pipe_fryum/test/bad/002.JPG'] 0.3360336422920227
['/mnt/dsc3032-gaya-shared/group6/datasets/VisA/visa_pytorch/pipe_fryum/test/bad/003.JPG'] 0.4497517943382263
['/mnt/dsc3032-gaya-shared/group6/datasets/VisA/visa_pytorch/pipe_fryum/test/bad/004.JPG'] 0.31848782300949097
['/mnt/dsc3032-gaya-shared/group6/datasets/VisA/visa_pytorch/pipe_fryum/test/bad/005.JPG'] 0.41358479857444763
['/mnt/dsc3032-gaya-shared/group6/datasets/VisA/visa_pytorch/pipe_fryum/test/bad/006.JPG'] 0.2860541343688965
['/mnt/dsc3032-gaya-shared/group6/datasets/VisA/visa_pytorch/pipe_fryum/test/bad/007.JPG'] 0.276708722114563
['/mnt/dsc3032-gaya-shared/group6/datasets/VisA/visa_pytorch/pipe_fryum/test/bad/008.JPG'] 0.38583552837371826
['/mnt/dsc3032-gaya-shared/group6/datasets/VisA/visa_pytorch/pipe_fryum/test/bad/009.JPG'] 0.30839622020721436
['/mnt/dsc3032-gaya-shared/group6/datasets/VisA/visa_pytorch/pipe_fryum/test/bad/010.JPG'] 0.42436444759368896
['/mnt/dsc3032-gaya-shared/group6/datasets/VisA/visa_pytorch/pipe_fryum/test/bad/011.JPG'] 0.35209909081459045
['/mnt/dsc3032-gaya-shared/group6/datasets/VisA/visa_pytorch/pipe_fryum/test/bad/012.JPG'] 0.3795531094074249
['/mnt/dsc3032-gaya-shared/group6/datasets/VisA/visa_pytorch/pipe_fryum/test/bad/013.JPG'] 0.27971118688583374
['/mnt/dsc3032-gaya-shared/group6/datasets/VisA/visa_pytorch/pipe_fryum/test/bad/014.JPG'] 0.40543630719184875
['/mnt/dsc3032-gaya-shared/group6/datasets/VisA/visa_pytorch/pipe_fryum/test/bad/015.JPG'] 0.34976887702941895
['/mnt/dsc3032-gaya-shared/group6/datasets/VisA/visa_pytorch/pipe_fryum/test/bad/016.JPG'] 0.2986842393875122
['/mnt/dsc3032-gaya-shared/group6/datasets/VisA/visa_pytorch/pipe_fryum/test/bad/017.JPG'] 0.2783800959587097
['/mnt/dsc3032-gaya-shared/group6/datasets/VisA/visa_pytorch/pipe_fryum/test/bad/018.JPG'] 0.2867777347564697
['/mnt/dsc3032-gaya-shared/group6/datasets/VisA/visa_pytorch/pipe_fryum/test/bad/019.JPG'] 0.3613904118537903
['/mnt/dsc3032-gaya-shared/group6/datasets/VisA/visa_pytorch/pipe_fryum/test/bad/020.JPG'] 0.3077257573604584
['/mnt/dsc3032-gaya-shared/group6/datasets/VisA/visa_pytorch/pipe_fryum/test/bad/021.JPG'] 0.3593461215496063
['/mnt/dsc3032-gaya-shared/group6/datasets/VisA/visa_pytorch/pipe_fryum/test/bad/022.JPG'] 0.33846184611320496
['/mnt/dsc3032-gaya-shared/group6/datasets/VisA/visa_pytorch/pipe_fryum/test/bad/023.JPG'] 0.3207368552684784
['/mnt/dsc3032-gaya-shared/group6/datasets/VisA/visa_pytorch/pipe_fryum/test/bad/024.JPG'] 0.34205275774002075
['/mnt/dsc3032-gaya-shared/group6/datasets/VisA/visa_pytorch/pipe_fryum/test/bad/025.JPG'] 0.38583141565322876
['/mnt/dsc3032-gaya-shared/group6/datasets/VisA/visa_pytorch/pipe_fryum/test/bad/026.JPG'] 0.4045933485031128
['/mnt/dsc3032-gaya-shared/group6/datasets/VisA/visa_pytorch/pipe_fryum/test/bad/027.JPG'] 0.25305745005607605
['/mnt/dsc3032-gaya-shared/group6/datasets/VisA/visa_pytorch/pipe_fryum/test/bad/028.JPG'] 0.2835945188999176
['/mnt/dsc3032-gaya-shared/group6/datasets/VisA/visa_pytorch/pipe_fryum/test/bad/029.JPG'] 0.2632094919681549
['/mnt/dsc3032-gaya-shared/group6/datasets/VisA/visa_pytorch/pipe_fryum/test/bad/030.JPG'] 0.44542402029037476
['/mnt/dsc3032-gaya-shared/group6/datasets/VisA/visa_pytorch/pipe_fryum/test/bad/031.JPG'] 0.4457131624221802
['/mnt/dsc3032-gaya-shared/group6/datasets/VisA/visa_pytorch/pipe_fryum/test/bad/032.JPG'] 0.45590242743492126
['/mnt/dsc3032-gaya-shared/group6/datasets/VisA/visa_pytorch/pipe_fryum/test/bad/033.JPG'] 0.3586497902870178
['/mnt/dsc3032-gaya-shared/group6/datasets/VisA/visa_pytorch/pipe_fryum/test/bad/034.JPG'] 0.4065515995025635
['/mnt/dsc3032-gaya-shared/group6/datasets/VisA/visa_pytorch/pipe_fryum/test/bad/035.JPG'] 0.45795315504074097
['/mnt/dsc3032-gaya-shared/group6/datasets/VisA/visa_pytorch/pipe_fryum/test/bad/036.JPG'] 0.47506117820739746
['/mnt/dsc3032-gaya-shared/group6/datasets/VisA/visa_pytorch/pipe_fryum/test/bad/037.JPG'] 0.45469143986701965
['/mnt/dsc3032-gaya-shared/group6/datasets/VisA/visa_pytorch/pipe_fryum/test/bad/038.JPG'] 0.42137497663497925
['/mnt/dsc3032-gaya-shared/group6/datasets/VisA/visa_pytorch/pipe_fryum/test/bad/039.JPG'] 0.40821531414985657
['/mnt/dsc3032-gaya-shared/group6/datasets/VisA/visa_pytorch/pipe_fryum/test/bad/040.JPG'] 0.5095714330673218
['/mnt/dsc3032-gaya-shared/group6/datasets/VisA/visa_pytorch/pipe_fryum/test/bad/041.JPG'] 0.5059930086135864
['/mnt/dsc3032-gaya-shared/group6/datasets/VisA/visa_pytorch/pipe_fryum/test/bad/042.JPG'] 0.5372515320777893
['/mnt/dsc3032-gaya-shared/group6/datasets/VisA/visa_pytorch/pipe_fryum/test/bad/043.JPG'] 0.4951075315475464
['/mnt/dsc3032-gaya-shared/group6/datasets/VisA/visa_pytorch/pipe_fryum/test/bad/044.JPG'] 0.49628332257270813
['/mnt/dsc3032-gaya-shared/group6/datasets/VisA/visa_pytorch/pipe_fryum/test/bad/045.JPG'] 0.5385391712188721
['/mnt/dsc3032-gaya-shared/group6/datasets/VisA/visa_pytorch/pipe_fryum/test/bad/046.JPG'] 0.5269123315811157
['/mnt/dsc3032-gaya-shared/group6/datasets/VisA/visa_pytorch/pipe_fryum/test/bad/047.JPG'] 0.4826129078865051
['/mnt/dsc3032-gaya-shared/group6/datasets/VisA/visa_pytorch/pipe_fryum/test/bad/048.JPG'] 0.5299811959266663
['/mnt/dsc3032-gaya-shared/group6/datasets/VisA/visa_pytorch/pipe_fryum/test/bad/049.JPG'] 0.5080500841140747
['/mnt/dsc3032-gaya-shared/group6/datasets/VisA/visa_pytorch/pipe_fryum/test/bad/050.JPG'] 0.4027079939842224
['/mnt/dsc3032-gaya-shared/group6/datasets/VisA/visa_pytorch/pipe_fryum/test/bad/051.JPG'] 0.3955928683280945
['/mnt/dsc3032-gaya-shared/group6/datasets/VisA/visa_pytorch/pipe_fryum/test/bad/052.JPG'] 0.3759285807609558
['/mnt/dsc3032-gaya-shared/group6/datasets/VisA/visa_pytorch/pipe_fryum/test/bad/053.JPG'] 0.3630618453025818
['/mnt/dsc3032-gaya-shared/group6/datasets/VisA/visa_pytorch/pipe_fryum/test/bad/054.JPG'] 0.4204021096229553
['/mnt/dsc3032-gaya-shared/group6/datasets/VisA/visa_pytorch/pipe_fryum/test/bad/055.JPG'] 0.33484411239624023
['/mnt/dsc3032-gaya-shared/group6/datasets/VisA/visa_pytorch/pipe_fryum/test/bad/056.JPG'] 0.36961641907691956
['/mnt/dsc3032-gaya-shared/group6/datasets/VisA/visa_pytorch/pipe_fryum/test/bad/057.JPG'] 0.36153244972229004
['/mnt/dsc3032-gaya-shared/group6/datasets/VisA/visa_pytorch/pipe_fryum/test/bad/058.JPG'] 0.4077143669128418
['/mnt/dsc3032-gaya-shared/group6/datasets/VisA/visa_pytorch/pipe_fryum/test/bad/059.JPG'] 0.3267504572868347
['/mnt/dsc3032-gaya-shared/group6/datasets/VisA/visa_pytorch/pipe_fryum/test/bad/060.JPG'] 0.3738566040992737
['/mnt/dsc3032-gaya-shared/group6/datasets/VisA/visa_pytorch/pipe_fryum/test/bad/061.JPG'] 0.4406919777393341
['/mnt/dsc3032-gaya-shared/group6/datasets/VisA/visa_pytorch/pipe_fryum/test/bad/062.JPG'] 0.30226296186447144
['/mnt/dsc3032-gaya-shared/group6/datasets/VisA/visa_pytorch/pipe_fryum/test/bad/063.JPG'] 0.260004460811615
['/mnt/dsc3032-gaya-shared/group6/datasets/VisA/visa_pytorch/pipe_fryum/test/bad/064.JPG'] 0.3267463147640228
['/mnt/dsc3032-gaya-shared/group6/datasets/VisA/visa_pytorch/pipe_fryum/test/bad/065.JPG'] 0.3885970711708069
['/mnt/dsc3032-gaya-shared/group6/datasets/VisA/visa_pytorch/pipe_fryum/test/bad/066.JPG'] 0.4666925072669983
['/mnt/dsc3032-gaya-shared/group6/datasets/VisA/visa_pytorch/pipe_fryum/test/bad/067.JPG'] 0.42389553785324097
['/mnt/dsc3032-gaya-shared/group6/datasets/VisA/visa_pytorch/pipe_fryum/test/bad/068.JPG'] 0.3420965075492859
['/mnt/dsc3032-gaya-shared/group6/datasets/VisA/visa_pytorch/pipe_fryum/test/bad/069.JPG'] 0.32856494188308716
['/mnt/dsc3032-gaya-shared/group6/datasets/VisA/visa_pytorch/pipe_fryum/test/bad/070.JPG'] 0.32943564653396606
['/mnt/dsc3032-gaya-shared/group6/datasets/VisA/visa_pytorch/pipe_fryum/test/bad/071.JPG'] 0.41983282566070557
['/mnt/dsc3032-gaya-shared/group6/datasets/VisA/visa_pytorch/pipe_fryum/test/bad/072.JPG'] 0.3754000663757324
['/mnt/dsc3032-gaya-shared/group6/datasets/VisA/visa_pytorch/pipe_fryum/test/bad/073.JPG'] 0.35191649198532104
['/mnt/dsc3032-gaya-shared/group6/datasets/VisA/visa_pytorch/pipe_fryum/test/bad/074.JPG'] 0.28492581844329834
['/mnt/dsc3032-gaya-shared/group6/datasets/VisA/visa_pytorch/pipe_fryum/test/bad/075.JPG'] 0.3338027894496918
['/mnt/dsc3032-gaya-shared/group6/datasets/VisA/visa_pytorch/pipe_fryum/test/bad/076.JPG'] 0.35952988266944885
['/mnt/dsc3032-gaya-shared/group6/datasets/VisA/visa_pytorch/pipe_fryum/test/bad/077.JPG'] 0.3816118836402893
['/mnt/dsc3032-gaya-shared/group6/datasets/VisA/visa_pytorch/pipe_fryum/test/bad/078.JPG'] 0.4265085756778717
['/mnt/dsc3032-gaya-shared/group6/datasets/VisA/visa_pytorch/pipe_fryum/test/bad/079.JPG'] 0.41743239760398865
['/mnt/dsc3032-gaya-shared/group6/datasets/VisA/visa_pytorch/pipe_fryum/test/bad/080.JPG'] 0.3625872731208801
['/mnt/dsc3032-gaya-shared/group6/datasets/VisA/visa_pytorch/pipe_fryum/test/bad/081.JPG'] 0.3457491397857666
['/mnt/dsc3032-gaya-shared/group6/datasets/VisA/visa_pytorch/pipe_fryum/test/bad/082.JPG'] 0.31797659397125244
['/mnt/dsc3032-gaya-shared/group6/datasets/VisA/visa_pytorch/pipe_fryum/test/bad/083.JPG'] 0.35853493213653564
['/mnt/dsc3032-gaya-shared/group6/datasets/VisA/visa_pytorch/pipe_fryum/test/bad/084.JPG'] 0.4718330502510071
['/mnt/dsc3032-gaya-shared/group6/datasets/VisA/visa_pytorch/pipe_fryum/test/bad/085.JPG'] 0.315435528755188
['/mnt/dsc3032-gaya-shared/group6/datasets/VisA/visa_pytorch/pipe_fryum/test/bad/086.JPG'] 0.4007667005062103
['/mnt/dsc3032-gaya-shared/group6/datasets/VisA/visa_pytorch/pipe_fryum/test/bad/087.JPG'] 0.3853223919868469
['/mnt/dsc3032-gaya-shared/group6/datasets/VisA/visa_pytorch/pipe_fryum/test/bad/088.JPG'] 0.30279892683029175
['/mnt/dsc3032-gaya-shared/group6/datasets/VisA/visa_pytorch/pipe_fryum/test/bad/089.JPG'] 0.264818012714386
['/mnt/dsc3032-gaya-shared/group6/datasets/VisA/visa_pytorch/pipe_fryum/test/bad/090.JPG'] 0.46094539761543274
['/mnt/dsc3032-gaya-shared/group6/datasets/VisA/visa_pytorch/pipe_fryum/test/bad/091.JPG'] 0.4574783444404602
['/mnt/dsc3032-gaya-shared/group6/datasets/VisA/visa_pytorch/pipe_fryum/test/bad/092.JPG'] 0.3778778314590454
['/mnt/dsc3032-gaya-shared/group6/datasets/VisA/visa_pytorch/pipe_fryum/test/bad/093.JPG'] 0.4841185212135315
['/mnt/dsc3032-gaya-shared/group6/datasets/VisA/visa_pytorch/pipe_fryum/test/bad/094.JPG'] 0.4331432580947876
['/mnt/dsc3032-gaya-shared/group6/datasets/VisA/visa_pytorch/pipe_fryum/test/bad/095.JPG'] 0.4325341582298279
['/mnt/dsc3032-gaya-shared/group6/datasets/VisA/visa_pytorch/pipe_fryum/test/bad/096.JPG'] 0.4800642132759094
['/mnt/dsc3032-gaya-shared/group6/datasets/VisA/visa_pytorch/pipe_fryum/test/bad/097.JPG'] 0.37243109941482544
['/mnt/dsc3032-gaya-shared/group6/datasets/VisA/visa_pytorch/pipe_fryum/test/bad/098.JPG'] 0.4106827974319458
['/mnt/dsc3032-gaya-shared/group6/datasets/VisA/visa_pytorch/pipe_fryum/test/bad/099.JPG'] 0.3790254592895508
['/mnt/dsc3032-gaya-shared/group6/datasets/VisA/visa_pytorch/pipe_fryum/test/good/006.JPG'] 0.2118528187274933
['/mnt/dsc3032-gaya-shared/group6/datasets/VisA/visa_pytorch/pipe_fryum/test/good/012.JPG'] 0.1697608083486557
['/mnt/dsc3032-gaya-shared/group6/datasets/VisA/visa_pytorch/pipe_fryum/test/good/013.JPG'] 0.2562558650970459
['/mnt/dsc3032-gaya-shared/group6/datasets/VisA/visa_pytorch/pipe_fryum/test/good/023.JPG'] 0.19547384977340698
['/mnt/dsc3032-gaya-shared/group6/datasets/VisA/visa_pytorch/pipe_fryum/test/good/050.JPG'] 0.22590701282024384
['/mnt/dsc3032-gaya-shared/group6/datasets/VisA/visa_pytorch/pipe_fryum/test/good/084.JPG'] 0.1992771178483963
['/mnt/dsc3032-gaya-shared/group6/datasets/VisA/visa_pytorch/pipe_fryum/test/good/087.JPG'] 0.1893177181482315
['/mnt/dsc3032-gaya-shared/group6/datasets/VisA/visa_pytorch/pipe_fryum/test/good/089.JPG'] 0.1863500475883484
['/mnt/dsc3032-gaya-shared/group6/datasets/VisA/visa_pytorch/pipe_fryum/test/good/093.JPG'] 0.20545805990695953
['/mnt/dsc3032-gaya-shared/group6/datasets/VisA/visa_pytorch/pipe_fryum/test/good/098.JPG'] 0.212906152009964
['/mnt/dsc3032-gaya-shared/group6/datasets/VisA/visa_pytorch/pipe_fryum/test/good/104.JPG'] 0.21158941090106964
['/mnt/dsc3032-gaya-shared/group6/datasets/VisA/visa_pytorch/pipe_fryum/test/good/130.JPG'] 0.21487624943256378
['/mnt/dsc3032-gaya-shared/group6/datasets/VisA/visa_pytorch/pipe_fryum/test/good/143.JPG'] 0.21635742485523224
['/mnt/dsc3032-gaya-shared/group6/datasets/VisA/visa_pytorch/pipe_fryum/test/good/148.JPG'] 0.20136615633964539
['/mnt/dsc3032-gaya-shared/group6/datasets/VisA/visa_pytorch/pipe_fryum/test/good/166.JPG'] 0.20033405721187592
['/mnt/dsc3032-gaya-shared/group6/datasets/VisA/visa_pytorch/pipe_fryum/test/good/181.JPG'] 0.18593882024288177
['/mnt/dsc3032-gaya-shared/group6/datasets/VisA/visa_pytorch/pipe_fryum/test/good/213.JPG'] 0.15203040838241577
['/mnt/dsc3032-gaya-shared/group6/datasets/VisA/visa_pytorch/pipe_fryum/test/good/228.JPG'] 0.18225428462028503
['/mnt/dsc3032-gaya-shared/group6/datasets/VisA/visa_pytorch/pipe_fryum/test/good/239.JPG'] 0.22974269092082977
['/mnt/dsc3032-gaya-shared/group6/datasets/VisA/visa_pytorch/pipe_fryum/test/good/244.JPG'] 0.1838916540145874
['/mnt/dsc3032-gaya-shared/group6/datasets/VisA/visa_pytorch/pipe_fryum/test/good/245.JPG'] 0.2262738198041916
['/mnt/dsc3032-gaya-shared/group6/datasets/VisA/visa_pytorch/pipe_fryum/test/good/260.JPG'] 0.2987380623817444
['/mnt/dsc3032-gaya-shared/group6/datasets/VisA/visa_pytorch/pipe_fryum/test/good/272.JPG'] 0.1977928727865219
['/mnt/dsc3032-gaya-shared/group6/datasets/VisA/visa_pytorch/pipe_fryum/test/good/276.JPG'] 0.2022062987089157
['/mnt/dsc3032-gaya-shared/group6/datasets/VisA/visa_pytorch/pipe_fryum/test/good/284.JPG'] 0.2508431673049927
['/mnt/dsc3032-gaya-shared/group6/datasets/VisA/visa_pytorch/pipe_fryum/test/good/307.JPG'] 0.20557455718517303
['/mnt/dsc3032-gaya-shared/group6/datasets/VisA/visa_pytorch/pipe_fryum/test/good/309.JPG'] 0.21008172631263733
['/mnt/dsc3032-gaya-shared/group6/datasets/VisA/visa_pytorch/pipe_fryum/test/good/324.JPG'] 0.2564464807510376
['/mnt/dsc3032-gaya-shared/group6/datasets/VisA/visa_pytorch/pipe_fryum/test/good/337.JPG'] 0.197999969124794
['/mnt/dsc3032-gaya-shared/group6/datasets/VisA/visa_pytorch/pipe_fryum/test/good/342.JPG'] 0.19084474444389343
['/mnt/dsc3032-gaya-shared/group6/datasets/VisA/visa_pytorch/pipe_fryum/test/good/344.JPG'] 0.21084657311439514
['/mnt/dsc3032-gaya-shared/group6/datasets/VisA/visa_pytorch/pipe_fryum/test/good/352.JPG'] 0.3014020323753357
['/mnt/dsc3032-gaya-shared/group6/datasets/VisA/visa_pytorch/pipe_fryum/test/good/367.JPG'] 0.19732600450515747
['/mnt/dsc3032-gaya-shared/group6/datasets/VisA/visa_pytorch/pipe_fryum/test/good/369.JPG'] 0.21671202778816223
['/mnt/dsc3032-gaya-shared/group6/datasets/VisA/visa_pytorch/pipe_fryum/test/good/377.JPG'] 0.20022492110729218
['/mnt/dsc3032-gaya-shared/group6/datasets/VisA/visa_pytorch/pipe_fryum/test/good/384.JPG'] 0.2387252151966095
['/mnt/dsc3032-gaya-shared/group6/datasets/VisA/visa_pytorch/pipe_fryum/test/good/389.JPG'] 0.21450474858283997
['/mnt/dsc3032-gaya-shared/group6/datasets/VisA/visa_pytorch/pipe_fryum/test/good/392.JPG'] 0.22089239954948425
['/mnt/dsc3032-gaya-shared/group6/datasets/VisA/visa_pytorch/pipe_fryum/test/good/398.JPG'] 0.20927171409130096
['/mnt/dsc3032-gaya-shared/group6/datasets/VisA/visa_pytorch/pipe_fryum/test/good/400.JPG'] 0.2604139745235443
['/mnt/dsc3032-gaya-shared/group6/datasets/VisA/visa_pytorch/pipe_fryum/test/good/402.JPG'] 0.17773666977882385
['/mnt/dsc3032-gaya-shared/group6/datasets/VisA/visa_pytorch/pipe_fryum/test/good/405.JPG'] 0.2091420590877533
['/mnt/dsc3032-gaya-shared/group6/datasets/VisA/visa_pytorch/pipe_fryum/test/good/435.JPG'] 0.3870796263217926
['/mnt/dsc3032-gaya-shared/group6/datasets/VisA/visa_pytorch/pipe_fryum/test/good/446.JPG'] 0.1905042976140976
['/mnt/dsc3032-gaya-shared/group6/datasets/VisA/visa_pytorch/pipe_fryum/test/good/460.JPG'] 0.20407457649707794
['/mnt/dsc3032-gaya-shared/group6/datasets/VisA/visa_pytorch/pipe_fryum/test/good/461.JPG'] 0.1643773764371872
['/mnt/dsc3032-gaya-shared/group6/datasets/VisA/visa_pytorch/pipe_fryum/test/good/467.JPG'] 0.2543017268180847
['/mnt/dsc3032-gaya-shared/group6/datasets/VisA/visa_pytorch/pipe_fryum/test/good/482.JPG'] 0.25192248821258545
['/mnt/dsc3032-gaya-shared/group6/datasets/VisA/visa_pytorch/pipe_fryum/test/good/484.JPG'] 0.20324021577835083
['/mnt/dsc3032-gaya-shared/group6/datasets/VisA/visa_pytorch/pipe_fryum/test/good/487.JPG'] 0.18842720985412598
26-06-02 17:04:01.316 - INFO: 
| category   |   K-shots |   F1-Max(image) |   AUROC(image) |   F1-Max(pixel) |   AUROC(pixel) |
|:-----------|----------:|----------------:|---------------:|----------------:|---------------:|
| pipe_fryum |         4 |           97.54 |           98.3 |            59.6 |          99.19 |
