/home/gaya6/LogSAD/dinov2/dinov2/layers/swiglu_ffn.py:43: UserWarning: xFormers is available (SwiGLU)
  warnings.warn("xFormers is available (SwiGLU)")
/home/gaya6/LogSAD/dinov2/dinov2/layers/attention.py:27: UserWarning: xFormers is available (Attention)
  warnings.warn("xFormers is available (Attention)")
/home/gaya6/LogSAD/dinov2/dinov2/layers/block.py:33: UserWarning: xFormers is available (Block)
  warnings.warn("xFormers is available (Block)")
['/mnt/dsc3032-gaya-shared/group6/datasets/MVTec_AD/cable/test/bent_wire/000.png'] 0.37446731328964233
['/mnt/dsc3032-gaya-shared/group6/datasets/MVTec_AD/cable/test/bent_wire/001.png'] 0.3918347954750061
['/mnt/dsc3032-gaya-shared/group6/datasets/MVTec_AD/cable/test/bent_wire/002.png'] 0.4122220277786255
['/mnt/dsc3032-gaya-shared/group6/datasets/MVTec_AD/cable/test/bent_wire/003.png'] 0.39736273884773254
['/mnt/dsc3032-gaya-shared/group6/datasets/MVTec_AD/cable/test/bent_wire/004.png'] 0.5300079584121704
['/mnt/dsc3032-gaya-shared/group6/datasets/MVTec_AD/cable/test/bent_wire/005.png'] 0.46349388360977173
['/mnt/dsc3032-gaya-shared/group6/datasets/MVTec_AD/cable/test/bent_wire/006.png'] 0.4605349600315094
['/mnt/dsc3032-gaya-shared/group6/datasets/MVTec_AD/cable/test/bent_wire/007.png'] 0.429105669260025
['/mnt/dsc3032-gaya-shared/group6/datasets/MVTec_AD/cable/test/bent_wire/008.png'] 0.36708009243011475
['/mnt/dsc3032-gaya-shared/group6/datasets/MVTec_AD/cable/test/bent_wire/009.png'] 0.48093920946121216
['/mnt/dsc3032-gaya-shared/group6/datasets/MVTec_AD/cable/test/bent_wire/010.png'] 0.5180532336235046
['/mnt/dsc3032-gaya-shared/group6/datasets/MVTec_AD/cable/test/bent_wire/011.png'] 0.4870985746383667
['/mnt/dsc3032-gaya-shared/group6/datasets/MVTec_AD/cable/test/bent_wire/012.png'] 0.48460379242897034
['/mnt/dsc3032-gaya-shared/group6/datasets/MVTec_AD/cable/test/cable_swap/000.png'] 0.3142692446708679
['/mnt/dsc3032-gaya-shared/group6/datasets/MVTec_AD/cable/test/cable_swap/001.png'] 0.3687416911125183
['/mnt/dsc3032-gaya-shared/group6/datasets/MVTec_AD/cable/test/cable_swap/002.png'] 0.42623141407966614
['/mnt/dsc3032-gaya-shared/group6/datasets/MVTec_AD/cable/test/cable_swap/003.png'] 0.31642550230026245
['/mnt/dsc3032-gaya-shared/group6/datasets/MVTec_AD/cable/test/cable_swap/004.png'] 0.3516704738140106
['/mnt/dsc3032-gaya-shared/group6/datasets/MVTec_AD/cable/test/cable_swap/005.png'] 0.3741759657859802
['/mnt/dsc3032-gaya-shared/group6/datasets/MVTec_AD/cable/test/cable_swap/006.png'] 0.2977473735809326
['/mnt/dsc3032-gaya-shared/group6/datasets/MVTec_AD/cable/test/cable_swap/007.png'] 0.31741076707839966
['/mnt/dsc3032-gaya-shared/group6/datasets/MVTec_AD/cable/test/cable_swap/008.png'] 0.4169732928276062
['/mnt/dsc3032-gaya-shared/group6/datasets/MVTec_AD/cable/test/cable_swap/009.png'] 0.3804931044578552
['/mnt/dsc3032-gaya-shared/group6/datasets/MVTec_AD/cable/test/cable_swap/010.png'] 0.34190672636032104
['/mnt/dsc3032-gaya-shared/group6/datasets/MVTec_AD/cable/test/cable_swap/011.png'] 0.32211193442344666
['/mnt/dsc3032-gaya-shared/group6/datasets/MVTec_AD/cable/test/combined/000.png'] 0.41937458515167236
['/mnt/dsc3032-gaya-shared/group6/datasets/MVTec_AD/cable/test/combined/001.png'] 0.4450141191482544
['/mnt/dsc3032-gaya-shared/group6/datasets/MVTec_AD/cable/test/combined/002.png'] 0.4300119876861572
['/mnt/dsc3032-gaya-shared/group6/datasets/MVTec_AD/cable/test/combined/003.png'] 0.3611454367637634
['/mnt/dsc3032-gaya-shared/group6/datasets/MVTec_AD/cable/test/combined/004.png'] 0.3693849444389343
['/mnt/dsc3032-gaya-shared/group6/datasets/MVTec_AD/cable/test/combined/005.png'] 0.40500950813293457
['/mnt/dsc3032-gaya-shared/group6/datasets/MVTec_AD/cable/test/combined/006.png'] 0.4468005299568176
['/mnt/dsc3032-gaya-shared/group6/datasets/MVTec_AD/cable/test/combined/007.png'] 0.42933374643325806
['/mnt/dsc3032-gaya-shared/group6/datasets/MVTec_AD/cable/test/combined/008.png'] 0.5163508653640747
['/mnt/dsc3032-gaya-shared/group6/datasets/MVTec_AD/cable/test/combined/009.png'] 0.3876138925552368
['/mnt/dsc3032-gaya-shared/group6/datasets/MVTec_AD/cable/test/combined/010.png'] 0.40989476442337036
['/mnt/dsc3032-gaya-shared/group6/datasets/MVTec_AD/cable/test/cut_inner_insulation/000.png'] 0.32826077938079834
['/mnt/dsc3032-gaya-shared/group6/datasets/MVTec_AD/cable/test/cut_inner_insulation/001.png'] 0.3606720566749573
['/mnt/dsc3032-gaya-shared/group6/datasets/MVTec_AD/cable/test/cut_inner_insulation/002.png'] 0.36468642950057983
['/mnt/dsc3032-gaya-shared/group6/datasets/MVTec_AD/cable/test/cut_inner_insulation/003.png'] 0.40860244631767273
['/mnt/dsc3032-gaya-shared/group6/datasets/MVTec_AD/cable/test/cut_inner_insulation/004.png'] 0.4726489186286926
['/mnt/dsc3032-gaya-shared/group6/datasets/MVTec_AD/cable/test/cut_inner_insulation/005.png'] 0.3611413240432739
['/mnt/dsc3032-gaya-shared/group6/datasets/MVTec_AD/cable/test/cut_inner_insulation/006.png'] 0.36957424879074097
['/mnt/dsc3032-gaya-shared/group6/datasets/MVTec_AD/cable/test/cut_inner_insulation/007.png'] 0.3727271556854248
['/mnt/dsc3032-gaya-shared/group6/datasets/MVTec_AD/cable/test/cut_inner_insulation/008.png'] 0.35295921564102173
['/mnt/dsc3032-gaya-shared/group6/datasets/MVTec_AD/cable/test/cut_inner_insulation/009.png'] 0.3973015248775482
['/mnt/dsc3032-gaya-shared/group6/datasets/MVTec_AD/cable/test/cut_inner_insulation/010.png'] 0.388965904712677
['/mnt/dsc3032-gaya-shared/group6/datasets/MVTec_AD/cable/test/cut_inner_insulation/011.png'] 0.38692063093185425
['/mnt/dsc3032-gaya-shared/group6/datasets/MVTec_AD/cable/test/cut_inner_insulation/012.png'] 0.41792184114456177
['/mnt/dsc3032-gaya-shared/group6/datasets/MVTec_AD/cable/test/cut_inner_insulation/013.png'] 0.40271174907684326
['/mnt/dsc3032-gaya-shared/group6/datasets/MVTec_AD/cable/test/cut_outer_insulation/000.png'] 0.4088975191116333
['/mnt/dsc3032-gaya-shared/group6/datasets/MVTec_AD/cable/test/cut_outer_insulation/001.png'] 0.4554669260978699
['/mnt/dsc3032-gaya-shared/group6/datasets/MVTec_AD/cable/test/cut_outer_insulation/002.png'] 0.3741242289543152
['/mnt/dsc3032-gaya-shared/group6/datasets/MVTec_AD/cable/test/cut_outer_insulation/003.png'] 0.37283968925476074
['/mnt/dsc3032-gaya-shared/group6/datasets/MVTec_AD/cable/test/cut_outer_insulation/004.png'] 0.3597729802131653
['/mnt/dsc3032-gaya-shared/group6/datasets/MVTec_AD/cable/test/cut_outer_insulation/005.png'] 0.46671271324157715
['/mnt/dsc3032-gaya-shared/group6/datasets/MVTec_AD/cable/test/cut_outer_insulation/006.png'] 0.4147922396659851
['/mnt/dsc3032-gaya-shared/group6/datasets/MVTec_AD/cable/test/cut_outer_insulation/007.png'] 0.3736891746520996
['/mnt/dsc3032-gaya-shared/group6/datasets/MVTec_AD/cable/test/cut_outer_insulation/008.png'] 0.3899995684623718
['/mnt/dsc3032-gaya-shared/group6/datasets/MVTec_AD/cable/test/cut_outer_insulation/009.png'] 0.3830817937850952
['/mnt/dsc3032-gaya-shared/group6/datasets/MVTec_AD/cable/test/good/000.png'] 0.3551132082939148
['/mnt/dsc3032-gaya-shared/group6/datasets/MVTec_AD/cable/test/good/001.png'] 0.33596938848495483
['/mnt/dsc3032-gaya-shared/group6/datasets/MVTec_AD/cable/test/good/002.png'] 0.362801730632782
['/mnt/dsc3032-gaya-shared/group6/datasets/MVTec_AD/cable/test/good/003.png'] 0.3027648329734802
['/mnt/dsc3032-gaya-shared/group6/datasets/MVTec_AD/cable/test/good/004.png'] 0.3301540017127991
['/mnt/dsc3032-gaya-shared/group6/datasets/MVTec_AD/cable/test/good/005.png'] 0.326072096824646
['/mnt/dsc3032-gaya-shared/group6/datasets/MVTec_AD/cable/test/good/006.png'] 0.297468900680542
['/mnt/dsc3032-gaya-shared/group6/datasets/MVTec_AD/cable/test/good/007.png'] 0.2749684453010559
['/mnt/dsc3032-gaya-shared/group6/datasets/MVTec_AD/cable/test/good/008.png'] 0.369620144367218
['/mnt/dsc3032-gaya-shared/group6/datasets/MVTec_AD/cable/test/good/009.png'] 0.32074952125549316
['/mnt/dsc3032-gaya-shared/group6/datasets/MVTec_AD/cable/test/good/010.png'] 0.2906385660171509
['/mnt/dsc3032-gaya-shared/group6/datasets/MVTec_AD/cable/test/good/011.png'] 0.3277446925640106
['/mnt/dsc3032-gaya-shared/group6/datasets/MVTec_AD/cable/test/good/012.png'] 0.30708423256874084
['/mnt/dsc3032-gaya-shared/group6/datasets/MVTec_AD/cable/test/good/013.png'] 0.3017083406448364
['/mnt/dsc3032-gaya-shared/group6/datasets/MVTec_AD/cable/test/good/014.png'] 0.3022693693637848
['/mnt/dsc3032-gaya-shared/group6/datasets/MVTec_AD/cable/test/good/015.png'] 0.3413824439048767
['/mnt/dsc3032-gaya-shared/group6/datasets/MVTec_AD/cable/test/good/016.png'] 0.32339930534362793
['/mnt/dsc3032-gaya-shared/group6/datasets/MVTec_AD/cable/test/good/017.png'] 0.3473535180091858
['/mnt/dsc3032-gaya-shared/group6/datasets/MVTec_AD/cable/test/good/018.png'] 0.2834811806678772
['/mnt/dsc3032-gaya-shared/group6/datasets/MVTec_AD/cable/test/good/019.png'] 0.2899198532104492
['/mnt/dsc3032-gaya-shared/group6/datasets/MVTec_AD/cable/test/good/020.png'] 0.3250441551208496
['/mnt/dsc3032-gaya-shared/group6/datasets/MVTec_AD/cable/test/good/021.png'] 0.359974205493927
['/mnt/dsc3032-gaya-shared/group6/datasets/MVTec_AD/cable/test/good/022.png'] 0.2797046899795532
['/mnt/dsc3032-gaya-shared/group6/datasets/MVTec_AD/cable/test/good/023.png'] 0.279338538646698
['/mnt/dsc3032-gaya-shared/group6/datasets/MVTec_AD/cable/test/good/024.png'] 0.3232220411300659
['/mnt/dsc3032-gaya-shared/group6/datasets/MVTec_AD/cable/test/good/025.png'] 0.2589191198348999
['/mnt/dsc3032-gaya-shared/group6/datasets/MVTec_AD/cable/test/good/026.png'] 0.2484944611787796
['/mnt/dsc3032-gaya-shared/group6/datasets/MVTec_AD/cable/test/good/027.png'] 0.34988856315612793
['/mnt/dsc3032-gaya-shared/group6/datasets/MVTec_AD/cable/test/good/028.png'] 0.3133900761604309
['/mnt/dsc3032-gaya-shared/group6/datasets/MVTec_AD/cable/test/good/029.png'] 0.3354083001613617
['/mnt/dsc3032-gaya-shared/group6/datasets/MVTec_AD/cable/test/good/030.png'] 0.33935606479644775
['/mnt/dsc3032-gaya-shared/group6/datasets/MVTec_AD/cable/test/good/031.png'] 0.3343735337257385
['/mnt/dsc3032-gaya-shared/group6/datasets/MVTec_AD/cable/test/good/032.png'] 0.2766440808773041
['/mnt/dsc3032-gaya-shared/group6/datasets/MVTec_AD/cable/test/good/033.png'] 0.29944008588790894
['/mnt/dsc3032-gaya-shared/group6/datasets/MVTec_AD/cable/test/good/034.png'] 0.34955698251724243
['/mnt/dsc3032-gaya-shared/group6/datasets/MVTec_AD/cable/test/good/035.png'] 0.3320571780204773
['/mnt/dsc3032-gaya-shared/group6/datasets/MVTec_AD/cable/test/good/036.png'] 0.3822711706161499
['/mnt/dsc3032-gaya-shared/group6/datasets/MVTec_AD/cable/test/good/037.png'] 0.35716885328292847
['/mnt/dsc3032-gaya-shared/group6/datasets/MVTec_AD/cable/test/good/038.png'] 0.34654664993286133
['/mnt/dsc3032-gaya-shared/group6/datasets/MVTec_AD/cable/test/good/039.png'] 0.33944159746170044
['/mnt/dsc3032-gaya-shared/group6/datasets/MVTec_AD/cable/test/good/040.png'] 0.31416988372802734
['/mnt/dsc3032-gaya-shared/group6/datasets/MVTec_AD/cable/test/good/041.png'] 0.2639498710632324
['/mnt/dsc3032-gaya-shared/group6/datasets/MVTec_AD/cable/test/good/042.png'] 0.34072625637054443
['/mnt/dsc3032-gaya-shared/group6/datasets/MVTec_AD/cable/test/good/043.png'] 0.3209477365016937
['/mnt/dsc3032-gaya-shared/group6/datasets/MVTec_AD/cable/test/good/044.png'] 0.34187281131744385
['/mnt/dsc3032-gaya-shared/group6/datasets/MVTec_AD/cable/test/good/045.png'] 0.39869850873947144
['/mnt/dsc3032-gaya-shared/group6/datasets/MVTec_AD/cable/test/good/046.png'] 0.35448315739631653
['/mnt/dsc3032-gaya-shared/group6/datasets/MVTec_AD/cable/test/good/047.png'] 0.3430907130241394
['/mnt/dsc3032-gaya-shared/group6/datasets/MVTec_AD/cable/test/good/048.png'] 0.32448458671569824
['/mnt/dsc3032-gaya-shared/group6/datasets/MVTec_AD/cable/test/good/049.png'] 0.35414302349090576
['/mnt/dsc3032-gaya-shared/group6/datasets/MVTec_AD/cable/test/good/050.png'] 0.34495416283607483
['/mnt/dsc3032-gaya-shared/group6/datasets/MVTec_AD/cable/test/good/051.png'] 0.3612653911113739
['/mnt/dsc3032-gaya-shared/group6/datasets/MVTec_AD/cable/test/good/052.png'] 0.32663512229919434
['/mnt/dsc3032-gaya-shared/group6/datasets/MVTec_AD/cable/test/good/053.png'] 0.3253185749053955
['/mnt/dsc3032-gaya-shared/group6/datasets/MVTec_AD/cable/test/good/054.png'] 0.3758077025413513
['/mnt/dsc3032-gaya-shared/group6/datasets/MVTec_AD/cable/test/good/055.png'] 0.36097782850265503
['/mnt/dsc3032-gaya-shared/group6/datasets/MVTec_AD/cable/test/good/056.png'] 0.3411715626716614
['/mnt/dsc3032-gaya-shared/group6/datasets/MVTec_AD/cable/test/good/057.png'] 0.3681918680667877
['/mnt/dsc3032-gaya-shared/group6/datasets/MVTec_AD/cable/test/missing_cable/000.png'] 0.4034409523010254
['/mnt/dsc3032-gaya-shared/group6/datasets/MVTec_AD/cable/test/missing_cable/001.png'] 0.45124539732933044
['/mnt/dsc3032-gaya-shared/group6/datasets/MVTec_AD/cable/test/missing_cable/002.png'] 0.47855061292648315
['/mnt/dsc3032-gaya-shared/group6/datasets/MVTec_AD/cable/test/missing_cable/003.png'] 0.47829025983810425
['/mnt/dsc3032-gaya-shared/group6/datasets/MVTec_AD/cable/test/missing_cable/004.png'] 0.4123573303222656
['/mnt/dsc3032-gaya-shared/group6/datasets/MVTec_AD/cable/test/missing_cable/005.png'] 0.39420798420906067
['/mnt/dsc3032-gaya-shared/group6/datasets/MVTec_AD/cable/test/missing_cable/006.png'] 0.5439610481262207
['/mnt/dsc3032-gaya-shared/group6/datasets/MVTec_AD/cable/test/missing_cable/007.png'] 0.45697981119155884
['/mnt/dsc3032-gaya-shared/group6/datasets/MVTec_AD/cable/test/missing_cable/008.png'] 0.501471757888794
['/mnt/dsc3032-gaya-shared/group6/datasets/MVTec_AD/cable/test/missing_cable/009.png'] 0.5068897008895874
['/mnt/dsc3032-gaya-shared/group6/datasets/MVTec_AD/cable/test/missing_cable/010.png'] 0.41211044788360596
['/mnt/dsc3032-gaya-shared/group6/datasets/MVTec_AD/cable/test/missing_cable/011.png'] 0.42364799976348877
['/mnt/dsc3032-gaya-shared/group6/datasets/MVTec_AD/cable/test/missing_wire/000.png'] 0.37565308809280396
['/mnt/dsc3032-gaya-shared/group6/datasets/MVTec_AD/cable/test/missing_wire/001.png'] 0.4127306342124939
['/mnt/dsc3032-gaya-shared/group6/datasets/MVTec_AD/cable/test/missing_wire/002.png'] 0.3507464528083801
['/mnt/dsc3032-gaya-shared/group6/datasets/MVTec_AD/cable/test/missing_wire/003.png'] 0.3751535415649414
['/mnt/dsc3032-gaya-shared/group6/datasets/MVTec_AD/cable/test/missing_wire/004.png'] 0.39372286200523376
['/mnt/dsc3032-gaya-shared/group6/datasets/MVTec_AD/cable/test/missing_wire/005.png'] 0.35655760765075684
['/mnt/dsc3032-gaya-shared/group6/datasets/MVTec_AD/cable/test/missing_wire/006.png'] 0.33794674277305603
['/mnt/dsc3032-gaya-shared/group6/datasets/MVTec_AD/cable/test/missing_wire/007.png'] 0.3371100425720215
['/mnt/dsc3032-gaya-shared/group6/datasets/MVTec_AD/cable/test/missing_wire/008.png'] 0.36359307169914246
['/mnt/dsc3032-gaya-shared/group6/datasets/MVTec_AD/cable/test/missing_wire/009.png'] 0.3925403952598572
['/mnt/dsc3032-gaya-shared/group6/datasets/MVTec_AD/cable/test/poke_insulation/000.png'] 0.36638760566711426
['/mnt/dsc3032-gaya-shared/group6/datasets/MVTec_AD/cable/test/poke_insulation/001.png'] 0.4016985297203064
['/mnt/dsc3032-gaya-shared/group6/datasets/MVTec_AD/cable/test/poke_insulation/002.png'] 0.35781896114349365
['/mnt/dsc3032-gaya-shared/group6/datasets/MVTec_AD/cable/test/poke_insulation/003.png'] 0.3559131622314453
['/mnt/dsc3032-gaya-shared/group6/datasets/MVTec_AD/cable/test/poke_insulation/004.png'] 0.36437273025512695
['/mnt/dsc3032-gaya-shared/group6/datasets/MVTec_AD/cable/test/poke_insulation/005.png'] 0.37472522258758545
['/mnt/dsc3032-gaya-shared/group6/datasets/MVTec_AD/cable/test/poke_insulation/006.png'] 0.34542620182037354
['/mnt/dsc3032-gaya-shared/group6/datasets/MVTec_AD/cable/test/poke_insulation/007.png'] 0.38915252685546875
['/mnt/dsc3032-gaya-shared/group6/datasets/MVTec_AD/cable/test/poke_insulation/008.png'] 0.36997801065444946
['/mnt/dsc3032-gaya-shared/group6/datasets/MVTec_AD/cable/test/poke_insulation/009.png'] 0.34583085775375366
26-06-02 17:10:41.789 - INFO: 
| category   |   K-shots |   F1-Max(image) |   AUROC(image) |   F1-Max(pixel) |   AUROC(pixel) |
|:-----------|----------:|----------------:|---------------:|----------------:|---------------:|
| cable      |         1 |            87.1 |          90.29 |           64.01 |          97.43 |
