/home/gaya6/LogSAD/dinov2/dinov2/layers/swiglu_ffn.py:43: UserWarning: xFormers is available (SwiGLU)
  warnings.warn("xFormers is available (SwiGLU)")
/home/gaya6/LogSAD/dinov2/dinov2/layers/attention.py:27: UserWarning: xFormers is available (Attention)
  warnings.warn("xFormers is available (Attention)")
/home/gaya6/LogSAD/dinov2/dinov2/layers/block.py:33: UserWarning: xFormers is available (Block)
  warnings.warn("xFormers is available (Block)")
['/mnt/dsc3032-gaya-shared/group6/datasets/MVTec_AD/capsule/test/crack/000.png'] 0.3330690860748291
['/mnt/dsc3032-gaya-shared/group6/datasets/MVTec_AD/capsule/test/crack/001.png'] 0.5528726577758789
['/mnt/dsc3032-gaya-shared/group6/datasets/MVTec_AD/capsule/test/crack/002.png'] 0.3089403510093689
['/mnt/dsc3032-gaya-shared/group6/datasets/MVTec_AD/capsule/test/crack/003.png'] 0.3281228244304657
['/mnt/dsc3032-gaya-shared/group6/datasets/MVTec_AD/capsule/test/crack/004.png'] 0.48237675428390503
['/mnt/dsc3032-gaya-shared/group6/datasets/MVTec_AD/capsule/test/crack/005.png'] 0.3100906014442444
['/mnt/dsc3032-gaya-shared/group6/datasets/MVTec_AD/capsule/test/crack/006.png'] 0.480148047208786
['/mnt/dsc3032-gaya-shared/group6/datasets/MVTec_AD/capsule/test/crack/007.png'] 0.4136020243167877
['/mnt/dsc3032-gaya-shared/group6/datasets/MVTec_AD/capsule/test/crack/008.png'] 0.3769720792770386
['/mnt/dsc3032-gaya-shared/group6/datasets/MVTec_AD/capsule/test/crack/009.png'] 0.37929055094718933
['/mnt/dsc3032-gaya-shared/group6/datasets/MVTec_AD/capsule/test/crack/010.png'] 0.3836326599121094
['/mnt/dsc3032-gaya-shared/group6/datasets/MVTec_AD/capsule/test/crack/011.png'] 0.3387289047241211
['/mnt/dsc3032-gaya-shared/group6/datasets/MVTec_AD/capsule/test/crack/012.png'] 0.33939921855926514
['/mnt/dsc3032-gaya-shared/group6/datasets/MVTec_AD/capsule/test/crack/013.png'] 0.2891491651535034
['/mnt/dsc3032-gaya-shared/group6/datasets/MVTec_AD/capsule/test/crack/014.png'] 0.40406274795532227
['/mnt/dsc3032-gaya-shared/group6/datasets/MVTec_AD/capsule/test/crack/015.png'] 0.3589865565299988
['/mnt/dsc3032-gaya-shared/group6/datasets/MVTec_AD/capsule/test/crack/016.png'] 0.32629889249801636
['/mnt/dsc3032-gaya-shared/group6/datasets/MVTec_AD/capsule/test/crack/017.png'] 0.46723270416259766
['/mnt/dsc3032-gaya-shared/group6/datasets/MVTec_AD/capsule/test/crack/018.png'] 0.41399645805358887
['/mnt/dsc3032-gaya-shared/group6/datasets/MVTec_AD/capsule/test/crack/019.png'] 0.39120787382125854
['/mnt/dsc3032-gaya-shared/group6/datasets/MVTec_AD/capsule/test/crack/020.png'] 0.24649523198604584
['/mnt/dsc3032-gaya-shared/group6/datasets/MVTec_AD/capsule/test/crack/021.png'] 0.25677627325057983
['/mnt/dsc3032-gaya-shared/group6/datasets/MVTec_AD/capsule/test/crack/022.png'] 0.25865405797958374
['/mnt/dsc3032-gaya-shared/group6/datasets/MVTec_AD/capsule/test/faulty_imprint/000.png'] 0.47539329528808594
['/mnt/dsc3032-gaya-shared/group6/datasets/MVTec_AD/capsule/test/faulty_imprint/001.png'] 0.3824865221977234
['/mnt/dsc3032-gaya-shared/group6/datasets/MVTec_AD/capsule/test/faulty_imprint/002.png'] 0.44992977380752563
['/mnt/dsc3032-gaya-shared/group6/datasets/MVTec_AD/capsule/test/faulty_imprint/003.png'] 0.32643797993659973
['/mnt/dsc3032-gaya-shared/group6/datasets/MVTec_AD/capsule/test/faulty_imprint/004.png'] 0.2755507528781891
['/mnt/dsc3032-gaya-shared/group6/datasets/MVTec_AD/capsule/test/faulty_imprint/005.png'] 0.26974382996559143
['/mnt/dsc3032-gaya-shared/group6/datasets/MVTec_AD/capsule/test/faulty_imprint/006.png'] 0.33083516359329224
['/mnt/dsc3032-gaya-shared/group6/datasets/MVTec_AD/capsule/test/faulty_imprint/007.png'] 0.3858334422111511
['/mnt/dsc3032-gaya-shared/group6/datasets/MVTec_AD/capsule/test/faulty_imprint/008.png'] 0.3751898407936096
['/mnt/dsc3032-gaya-shared/group6/datasets/MVTec_AD/capsule/test/faulty_imprint/009.png'] 0.34059059619903564
['/mnt/dsc3032-gaya-shared/group6/datasets/MVTec_AD/capsule/test/faulty_imprint/010.png'] 0.37148916721343994
['/mnt/dsc3032-gaya-shared/group6/datasets/MVTec_AD/capsule/test/faulty_imprint/011.png'] 0.264786034822464
['/mnt/dsc3032-gaya-shared/group6/datasets/MVTec_AD/capsule/test/faulty_imprint/012.png'] 0.37490347027778625
['/mnt/dsc3032-gaya-shared/group6/datasets/MVTec_AD/capsule/test/faulty_imprint/013.png'] 0.3168259263038635
['/mnt/dsc3032-gaya-shared/group6/datasets/MVTec_AD/capsule/test/faulty_imprint/014.png'] 0.4364812672138214
['/mnt/dsc3032-gaya-shared/group6/datasets/MVTec_AD/capsule/test/faulty_imprint/015.png'] 0.4176880717277527
['/mnt/dsc3032-gaya-shared/group6/datasets/MVTec_AD/capsule/test/faulty_imprint/016.png'] 0.39952707290649414
['/mnt/dsc3032-gaya-shared/group6/datasets/MVTec_AD/capsule/test/faulty_imprint/017.png'] 0.43961963057518005
['/mnt/dsc3032-gaya-shared/group6/datasets/MVTec_AD/capsule/test/faulty_imprint/018.png'] 0.3248636722564697
['/mnt/dsc3032-gaya-shared/group6/datasets/MVTec_AD/capsule/test/faulty_imprint/019.png'] 0.26428043842315674
['/mnt/dsc3032-gaya-shared/group6/datasets/MVTec_AD/capsule/test/faulty_imprint/020.png'] 0.31570589542388916
['/mnt/dsc3032-gaya-shared/group6/datasets/MVTec_AD/capsule/test/faulty_imprint/021.png'] 0.3792986273765564
['/mnt/dsc3032-gaya-shared/group6/datasets/MVTec_AD/capsule/test/good/000.png'] 0.28648069500923157
['/mnt/dsc3032-gaya-shared/group6/datasets/MVTec_AD/capsule/test/good/001.png'] 0.2033785730600357
['/mnt/dsc3032-gaya-shared/group6/datasets/MVTec_AD/capsule/test/good/002.png'] 0.3025517463684082
['/mnt/dsc3032-gaya-shared/group6/datasets/MVTec_AD/capsule/test/good/003.png'] 0.3193226456642151
['/mnt/dsc3032-gaya-shared/group6/datasets/MVTec_AD/capsule/test/good/004.png'] 0.217299222946167
['/mnt/dsc3032-gaya-shared/group6/datasets/MVTec_AD/capsule/test/good/005.png'] 0.22441402077674866
['/mnt/dsc3032-gaya-shared/group6/datasets/MVTec_AD/capsule/test/good/006.png'] 0.2841038405895233
['/mnt/dsc3032-gaya-shared/group6/datasets/MVTec_AD/capsule/test/good/007.png'] 0.2617131471633911
['/mnt/dsc3032-gaya-shared/group6/datasets/MVTec_AD/capsule/test/good/008.png'] 0.2871772050857544
['/mnt/dsc3032-gaya-shared/group6/datasets/MVTec_AD/capsule/test/good/009.png'] 0.2818553149700165
['/mnt/dsc3032-gaya-shared/group6/datasets/MVTec_AD/capsule/test/good/010.png'] 0.3433864116668701
['/mnt/dsc3032-gaya-shared/group6/datasets/MVTec_AD/capsule/test/good/011.png'] 0.26386696100234985
['/mnt/dsc3032-gaya-shared/group6/datasets/MVTec_AD/capsule/test/good/012.png'] 0.2547518014907837
['/mnt/dsc3032-gaya-shared/group6/datasets/MVTec_AD/capsule/test/good/013.png'] 0.2969547510147095
['/mnt/dsc3032-gaya-shared/group6/datasets/MVTec_AD/capsule/test/good/014.png'] 0.23926733434200287
['/mnt/dsc3032-gaya-shared/group6/datasets/MVTec_AD/capsule/test/good/015.png'] 0.22626431286334991
['/mnt/dsc3032-gaya-shared/group6/datasets/MVTec_AD/capsule/test/good/016.png'] 0.23522545397281647
['/mnt/dsc3032-gaya-shared/group6/datasets/MVTec_AD/capsule/test/good/017.png'] 0.2505840063095093
['/mnt/dsc3032-gaya-shared/group6/datasets/MVTec_AD/capsule/test/good/018.png'] 0.23098622262477875
['/mnt/dsc3032-gaya-shared/group6/datasets/MVTec_AD/capsule/test/good/019.png'] 0.21239398419857025
['/mnt/dsc3032-gaya-shared/group6/datasets/MVTec_AD/capsule/test/good/020.png'] 0.2905726432800293
['/mnt/dsc3032-gaya-shared/group6/datasets/MVTec_AD/capsule/test/good/021.png'] 0.38228297233581543
['/mnt/dsc3032-gaya-shared/group6/datasets/MVTec_AD/capsule/test/good/022.png'] 0.30249202251434326
['/mnt/dsc3032-gaya-shared/group6/datasets/MVTec_AD/capsule/test/poke/000.png'] 0.4766508638858795
['/mnt/dsc3032-gaya-shared/group6/datasets/MVTec_AD/capsule/test/poke/001.png'] 0.2760504484176636
['/mnt/dsc3032-gaya-shared/group6/datasets/MVTec_AD/capsule/test/poke/002.png'] 0.2796143889427185
['/mnt/dsc3032-gaya-shared/group6/datasets/MVTec_AD/capsule/test/poke/003.png'] 0.3447439670562744
['/mnt/dsc3032-gaya-shared/group6/datasets/MVTec_AD/capsule/test/poke/004.png'] 0.38381853699684143
['/mnt/dsc3032-gaya-shared/group6/datasets/MVTec_AD/capsule/test/poke/005.png'] 0.3350728750228882
['/mnt/dsc3032-gaya-shared/group6/datasets/MVTec_AD/capsule/test/poke/006.png'] 0.35516026616096497
['/mnt/dsc3032-gaya-shared/group6/datasets/MVTec_AD/capsule/test/poke/007.png'] 0.3392271101474762
['/mnt/dsc3032-gaya-shared/group6/datasets/MVTec_AD/capsule/test/poke/008.png'] 0.44819217920303345
['/mnt/dsc3032-gaya-shared/group6/datasets/MVTec_AD/capsule/test/poke/009.png'] 0.35345399379730225
['/mnt/dsc3032-gaya-shared/group6/datasets/MVTec_AD/capsule/test/poke/010.png'] 0.3161272704601288
['/mnt/dsc3032-gaya-shared/group6/datasets/MVTec_AD/capsule/test/poke/011.png'] 0.334849089384079
['/mnt/dsc3032-gaya-shared/group6/datasets/MVTec_AD/capsule/test/poke/012.png'] 0.3733699917793274
['/mnt/dsc3032-gaya-shared/group6/datasets/MVTec_AD/capsule/test/poke/013.png'] 0.4230063557624817
['/mnt/dsc3032-gaya-shared/group6/datasets/MVTec_AD/capsule/test/poke/014.png'] 0.36969485878944397
['/mnt/dsc3032-gaya-shared/group6/datasets/MVTec_AD/capsule/test/poke/015.png'] 0.338525652885437
['/mnt/dsc3032-gaya-shared/group6/datasets/MVTec_AD/capsule/test/poke/016.png'] 0.3345622420310974
['/mnt/dsc3032-gaya-shared/group6/datasets/MVTec_AD/capsule/test/poke/017.png'] 0.34119001030921936
['/mnt/dsc3032-gaya-shared/group6/datasets/MVTec_AD/capsule/test/poke/018.png'] 0.3110441565513611
['/mnt/dsc3032-gaya-shared/group6/datasets/MVTec_AD/capsule/test/poke/019.png'] 0.360779345035553
['/mnt/dsc3032-gaya-shared/group6/datasets/MVTec_AD/capsule/test/poke/020.png'] 0.43379759788513184
['/mnt/dsc3032-gaya-shared/group6/datasets/MVTec_AD/capsule/test/scratch/000.png'] 0.3244810104370117
['/mnt/dsc3032-gaya-shared/group6/datasets/MVTec_AD/capsule/test/scratch/001.png'] 0.3067106604576111
['/mnt/dsc3032-gaya-shared/group6/datasets/MVTec_AD/capsule/test/scratch/002.png'] 0.3395196795463562
['/mnt/dsc3032-gaya-shared/group6/datasets/MVTec_AD/capsule/test/scratch/003.png'] 0.2764737010002136
['/mnt/dsc3032-gaya-shared/group6/datasets/MVTec_AD/capsule/test/scratch/004.png'] 0.35942089557647705
['/mnt/dsc3032-gaya-shared/group6/datasets/MVTec_AD/capsule/test/scratch/005.png'] 0.28632915019989014
['/mnt/dsc3032-gaya-shared/group6/datasets/MVTec_AD/capsule/test/scratch/006.png'] 0.38099583983421326
['/mnt/dsc3032-gaya-shared/group6/datasets/MVTec_AD/capsule/test/scratch/007.png'] 0.42277610301971436
['/mnt/dsc3032-gaya-shared/group6/datasets/MVTec_AD/capsule/test/scratch/008.png'] 0.4969567060470581
['/mnt/dsc3032-gaya-shared/group6/datasets/MVTec_AD/capsule/test/scratch/009.png'] 0.4867669641971588
['/mnt/dsc3032-gaya-shared/group6/datasets/MVTec_AD/capsule/test/scratch/010.png'] 0.47242558002471924
['/mnt/dsc3032-gaya-shared/group6/datasets/MVTec_AD/capsule/test/scratch/011.png'] 0.37401914596557617
['/mnt/dsc3032-gaya-shared/group6/datasets/MVTec_AD/capsule/test/scratch/012.png'] 0.4248273968696594
['/mnt/dsc3032-gaya-shared/group6/datasets/MVTec_AD/capsule/test/scratch/013.png'] 0.29312995076179504
['/mnt/dsc3032-gaya-shared/group6/datasets/MVTec_AD/capsule/test/scratch/014.png'] 0.4060882329940796
['/mnt/dsc3032-gaya-shared/group6/datasets/MVTec_AD/capsule/test/scratch/015.png'] 0.33742189407348633
['/mnt/dsc3032-gaya-shared/group6/datasets/MVTec_AD/capsule/test/scratch/016.png'] 0.3841847777366638
['/mnt/dsc3032-gaya-shared/group6/datasets/MVTec_AD/capsule/test/scratch/017.png'] 0.34138503670692444
['/mnt/dsc3032-gaya-shared/group6/datasets/MVTec_AD/capsule/test/scratch/018.png'] 0.3960705101490021
['/mnt/dsc3032-gaya-shared/group6/datasets/MVTec_AD/capsule/test/scratch/019.png'] 0.450799822807312
['/mnt/dsc3032-gaya-shared/group6/datasets/MVTec_AD/capsule/test/scratch/020.png'] 0.3962537944316864
['/mnt/dsc3032-gaya-shared/group6/datasets/MVTec_AD/capsule/test/scratch/021.png'] 0.25102511048316956
['/mnt/dsc3032-gaya-shared/group6/datasets/MVTec_AD/capsule/test/scratch/022.png'] 0.38977333903312683
['/mnt/dsc3032-gaya-shared/group6/datasets/MVTec_AD/capsule/test/squeeze/000.png'] 0.4264678359031677
['/mnt/dsc3032-gaya-shared/group6/datasets/MVTec_AD/capsule/test/squeeze/001.png'] 0.3272395730018616
['/mnt/dsc3032-gaya-shared/group6/datasets/MVTec_AD/capsule/test/squeeze/002.png'] 0.23776260018348694
['/mnt/dsc3032-gaya-shared/group6/datasets/MVTec_AD/capsule/test/squeeze/003.png'] 0.363334596157074
['/mnt/dsc3032-gaya-shared/group6/datasets/MVTec_AD/capsule/test/squeeze/004.png'] 0.24165856838226318
['/mnt/dsc3032-gaya-shared/group6/datasets/MVTec_AD/capsule/test/squeeze/005.png'] 0.2828308045864105
['/mnt/dsc3032-gaya-shared/group6/datasets/MVTec_AD/capsule/test/squeeze/006.png'] 0.48317718505859375
['/mnt/dsc3032-gaya-shared/group6/datasets/MVTec_AD/capsule/test/squeeze/007.png'] 0.4227766990661621
['/mnt/dsc3032-gaya-shared/group6/datasets/MVTec_AD/capsule/test/squeeze/008.png'] 0.31071245670318604
['/mnt/dsc3032-gaya-shared/group6/datasets/MVTec_AD/capsule/test/squeeze/009.png'] 0.39785173535346985
['/mnt/dsc3032-gaya-shared/group6/datasets/MVTec_AD/capsule/test/squeeze/010.png'] 0.27326977252960205
['/mnt/dsc3032-gaya-shared/group6/datasets/MVTec_AD/capsule/test/squeeze/011.png'] 0.4197041988372803
['/mnt/dsc3032-gaya-shared/group6/datasets/MVTec_AD/capsule/test/squeeze/012.png'] 0.3233363628387451
['/mnt/dsc3032-gaya-shared/group6/datasets/MVTec_AD/capsule/test/squeeze/013.png'] 0.3737594485282898
['/mnt/dsc3032-gaya-shared/group6/datasets/MVTec_AD/capsule/test/squeeze/014.png'] 0.30094096064567566
['/mnt/dsc3032-gaya-shared/group6/datasets/MVTec_AD/capsule/test/squeeze/015.png'] 0.4054362177848816
['/mnt/dsc3032-gaya-shared/group6/datasets/MVTec_AD/capsule/test/squeeze/016.png'] 0.45715898275375366
['/mnt/dsc3032-gaya-shared/group6/datasets/MVTec_AD/capsule/test/squeeze/017.png'] 0.2635337710380554
['/mnt/dsc3032-gaya-shared/group6/datasets/MVTec_AD/capsule/test/squeeze/018.png'] 0.40020811557769775
['/mnt/dsc3032-gaya-shared/group6/datasets/MVTec_AD/capsule/test/squeeze/019.png'] 0.35690319538116455
26-06-02 17:11:37.791 - INFO: 
| category   |   K-shots |   F1-Max(image) |   AUROC(image) |   F1-Max(pixel) |   AUROC(pixel) |
|:-----------|----------:|----------------:|---------------:|----------------:|---------------:|
| capsule    |         1 |           93.16 |          87.71 |           49.95 |          97.96 |
