/home/gaya6/LogSAD/dinov2/dinov2/layers/swiglu_ffn.py:43: UserWarning: xFormers is available (SwiGLU)
  warnings.warn("xFormers is available (SwiGLU)")
/home/gaya6/LogSAD/dinov2/dinov2/layers/attention.py:27: UserWarning: xFormers is available (Attention)
  warnings.warn("xFormers is available (Attention)")
/home/gaya6/LogSAD/dinov2/dinov2/layers/block.py:33: UserWarning: xFormers is available (Block)
  warnings.warn("xFormers is available (Block)")
['/mnt/dsc3032-gaya-shared/group6/datasets/MVTec_AD/carpet/test/color/000.png'] 0.5382971167564392
['/mnt/dsc3032-gaya-shared/group6/datasets/MVTec_AD/carpet/test/color/001.png'] 0.4555283188819885
['/mnt/dsc3032-gaya-shared/group6/datasets/MVTec_AD/carpet/test/color/002.png'] 0.44042330980300903
['/mnt/dsc3032-gaya-shared/group6/datasets/MVTec_AD/carpet/test/color/003.png'] 0.4801129698753357
['/mnt/dsc3032-gaya-shared/group6/datasets/MVTec_AD/carpet/test/color/004.png'] 0.4374268651008606
['/mnt/dsc3032-gaya-shared/group6/datasets/MVTec_AD/carpet/test/color/005.png'] 0.3129626512527466
['/mnt/dsc3032-gaya-shared/group6/datasets/MVTec_AD/carpet/test/color/006.png'] 0.44361168146133423
['/mnt/dsc3032-gaya-shared/group6/datasets/MVTec_AD/carpet/test/color/007.png'] 0.48164522647857666
['/mnt/dsc3032-gaya-shared/group6/datasets/MVTec_AD/carpet/test/color/008.png'] 0.5424532890319824
['/mnt/dsc3032-gaya-shared/group6/datasets/MVTec_AD/carpet/test/color/009.png'] 0.5047194361686707
['/mnt/dsc3032-gaya-shared/group6/datasets/MVTec_AD/carpet/test/color/010.png'] 0.41457661986351013
['/mnt/dsc3032-gaya-shared/group6/datasets/MVTec_AD/carpet/test/color/011.png'] 0.6255072951316833
['/mnt/dsc3032-gaya-shared/group6/datasets/MVTec_AD/carpet/test/color/012.png'] 0.6032386422157288
['/mnt/dsc3032-gaya-shared/group6/datasets/MVTec_AD/carpet/test/color/013.png'] 0.5995498895645142
['/mnt/dsc3032-gaya-shared/group6/datasets/MVTec_AD/carpet/test/color/014.png'] 0.6015163660049438
['/mnt/dsc3032-gaya-shared/group6/datasets/MVTec_AD/carpet/test/color/015.png'] 0.5807887315750122
['/mnt/dsc3032-gaya-shared/group6/datasets/MVTec_AD/carpet/test/color/016.png'] 0.4616367816925049
['/mnt/dsc3032-gaya-shared/group6/datasets/MVTec_AD/carpet/test/color/017.png'] 0.3520526587963104
['/mnt/dsc3032-gaya-shared/group6/datasets/MVTec_AD/carpet/test/color/018.png'] 0.4741808772087097
['/mnt/dsc3032-gaya-shared/group6/datasets/MVTec_AD/carpet/test/cut/000.png'] 0.48684263229370117
['/mnt/dsc3032-gaya-shared/group6/datasets/MVTec_AD/carpet/test/cut/001.png'] 0.465051531791687
['/mnt/dsc3032-gaya-shared/group6/datasets/MVTec_AD/carpet/test/cut/002.png'] 0.5089050531387329
['/mnt/dsc3032-gaya-shared/group6/datasets/MVTec_AD/carpet/test/cut/003.png'] 0.4684399962425232
['/mnt/dsc3032-gaya-shared/group6/datasets/MVTec_AD/carpet/test/cut/004.png'] 0.330488920211792
['/mnt/dsc3032-gaya-shared/group6/datasets/MVTec_AD/carpet/test/cut/005.png'] 0.3343864977359772
['/mnt/dsc3032-gaya-shared/group6/datasets/MVTec_AD/carpet/test/cut/006.png'] 0.4562358856201172
['/mnt/dsc3032-gaya-shared/group6/datasets/MVTec_AD/carpet/test/cut/007.png'] 0.35192903876304626
['/mnt/dsc3032-gaya-shared/group6/datasets/MVTec_AD/carpet/test/cut/008.png'] 0.3633080720901489
['/mnt/dsc3032-gaya-shared/group6/datasets/MVTec_AD/carpet/test/cut/009.png'] 0.5059373378753662
['/mnt/dsc3032-gaya-shared/group6/datasets/MVTec_AD/carpet/test/cut/010.png'] 0.48933732509613037
['/mnt/dsc3032-gaya-shared/group6/datasets/MVTec_AD/carpet/test/cut/011.png'] 0.4937970042228699
['/mnt/dsc3032-gaya-shared/group6/datasets/MVTec_AD/carpet/test/cut/012.png'] 0.5621441006660461
['/mnt/dsc3032-gaya-shared/group6/datasets/MVTec_AD/carpet/test/cut/013.png'] 0.49201035499572754
['/mnt/dsc3032-gaya-shared/group6/datasets/MVTec_AD/carpet/test/cut/014.png'] 0.5061362385749817
['/mnt/dsc3032-gaya-shared/group6/datasets/MVTec_AD/carpet/test/cut/015.png'] 0.542992353439331
['/mnt/dsc3032-gaya-shared/group6/datasets/MVTec_AD/carpet/test/cut/016.png'] 0.45305144786834717
['/mnt/dsc3032-gaya-shared/group6/datasets/MVTec_AD/carpet/test/good/000.png'] 0.24631163477897644
['/mnt/dsc3032-gaya-shared/group6/datasets/MVTec_AD/carpet/test/good/001.png'] 0.2758030295372009
['/mnt/dsc3032-gaya-shared/group6/datasets/MVTec_AD/carpet/test/good/002.png'] 0.24703097343444824
['/mnt/dsc3032-gaya-shared/group6/datasets/MVTec_AD/carpet/test/good/003.png'] 0.2609966993331909
['/mnt/dsc3032-gaya-shared/group6/datasets/MVTec_AD/carpet/test/good/004.png'] 0.2667047381401062
['/mnt/dsc3032-gaya-shared/group6/datasets/MVTec_AD/carpet/test/good/005.png'] 0.34386521577835083
['/mnt/dsc3032-gaya-shared/group6/datasets/MVTec_AD/carpet/test/good/006.png'] 0.2536982297897339
['/mnt/dsc3032-gaya-shared/group6/datasets/MVTec_AD/carpet/test/good/007.png'] 0.2705373764038086
['/mnt/dsc3032-gaya-shared/group6/datasets/MVTec_AD/carpet/test/good/008.png'] 0.29715752601623535
['/mnt/dsc3032-gaya-shared/group6/datasets/MVTec_AD/carpet/test/good/009.png'] 0.24600215256214142
['/mnt/dsc3032-gaya-shared/group6/datasets/MVTec_AD/carpet/test/good/010.png'] 0.24149686098098755
['/mnt/dsc3032-gaya-shared/group6/datasets/MVTec_AD/carpet/test/good/011.png'] 0.2384726107120514
['/mnt/dsc3032-gaya-shared/group6/datasets/MVTec_AD/carpet/test/good/012.png'] 0.28353607654571533
['/mnt/dsc3032-gaya-shared/group6/datasets/MVTec_AD/carpet/test/good/013.png'] 0.24950282275676727
['/mnt/dsc3032-gaya-shared/group6/datasets/MVTec_AD/carpet/test/good/014.png'] 0.2989654242992401
['/mnt/dsc3032-gaya-shared/group6/datasets/MVTec_AD/carpet/test/good/015.png'] 0.2518824636936188
['/mnt/dsc3032-gaya-shared/group6/datasets/MVTec_AD/carpet/test/good/016.png'] 0.2552764415740967
['/mnt/dsc3032-gaya-shared/group6/datasets/MVTec_AD/carpet/test/good/017.png'] 0.24579089879989624
['/mnt/dsc3032-gaya-shared/group6/datasets/MVTec_AD/carpet/test/good/018.png'] 0.23894956707954407
['/mnt/dsc3032-gaya-shared/group6/datasets/MVTec_AD/carpet/test/good/019.png'] 0.32788944244384766
['/mnt/dsc3032-gaya-shared/group6/datasets/MVTec_AD/carpet/test/good/020.png'] 0.2394774705171585
['/mnt/dsc3032-gaya-shared/group6/datasets/MVTec_AD/carpet/test/good/021.png'] 0.2509908676147461
['/mnt/dsc3032-gaya-shared/group6/datasets/MVTec_AD/carpet/test/good/022.png'] 0.41198107600212097
['/mnt/dsc3032-gaya-shared/group6/datasets/MVTec_AD/carpet/test/good/023.png'] 0.2992846369743347
['/mnt/dsc3032-gaya-shared/group6/datasets/MVTec_AD/carpet/test/good/024.png'] 0.2485504299402237
['/mnt/dsc3032-gaya-shared/group6/datasets/MVTec_AD/carpet/test/good/025.png'] 0.2882983088493347
['/mnt/dsc3032-gaya-shared/group6/datasets/MVTec_AD/carpet/test/good/026.png'] 0.274331271648407
['/mnt/dsc3032-gaya-shared/group6/datasets/MVTec_AD/carpet/test/good/027.png'] 0.2881426215171814
['/mnt/dsc3032-gaya-shared/group6/datasets/MVTec_AD/carpet/test/hole/000.png'] 0.38804763555526733
['/mnt/dsc3032-gaya-shared/group6/datasets/MVTec_AD/carpet/test/hole/001.png'] 0.33520880341529846
['/mnt/dsc3032-gaya-shared/group6/datasets/MVTec_AD/carpet/test/hole/002.png'] 0.3871365785598755
['/mnt/dsc3032-gaya-shared/group6/datasets/MVTec_AD/carpet/test/hole/003.png'] 0.4619200527667999
['/mnt/dsc3032-gaya-shared/group6/datasets/MVTec_AD/carpet/test/hole/004.png'] 0.4508329927921295
['/mnt/dsc3032-gaya-shared/group6/datasets/MVTec_AD/carpet/test/hole/005.png'] 0.37947386503219604
['/mnt/dsc3032-gaya-shared/group6/datasets/MVTec_AD/carpet/test/hole/006.png'] 0.5251876711845398
['/mnt/dsc3032-gaya-shared/group6/datasets/MVTec_AD/carpet/test/hole/007.png'] 0.5943732857704163
['/mnt/dsc3032-gaya-shared/group6/datasets/MVTec_AD/carpet/test/hole/008.png'] 0.5399259924888611
['/mnt/dsc3032-gaya-shared/group6/datasets/MVTec_AD/carpet/test/hole/009.png'] 0.4689881205558777
['/mnt/dsc3032-gaya-shared/group6/datasets/MVTec_AD/carpet/test/hole/010.png'] 0.5358215570449829
['/mnt/dsc3032-gaya-shared/group6/datasets/MVTec_AD/carpet/test/hole/011.png'] 0.4104672074317932
['/mnt/dsc3032-gaya-shared/group6/datasets/MVTec_AD/carpet/test/hole/012.png'] 0.36868640780448914
['/mnt/dsc3032-gaya-shared/group6/datasets/MVTec_AD/carpet/test/hole/013.png'] 0.4248695373535156
['/mnt/dsc3032-gaya-shared/group6/datasets/MVTec_AD/carpet/test/hole/014.png'] 0.4977037012577057
['/mnt/dsc3032-gaya-shared/group6/datasets/MVTec_AD/carpet/test/hole/015.png'] 0.401364266872406
['/mnt/dsc3032-gaya-shared/group6/datasets/MVTec_AD/carpet/test/hole/016.png'] 0.36444127559661865
['/mnt/dsc3032-gaya-shared/group6/datasets/MVTec_AD/carpet/test/metal_contamination/000.png'] 0.4386271834373474
['/mnt/dsc3032-gaya-shared/group6/datasets/MVTec_AD/carpet/test/metal_contamination/001.png'] 0.43535465002059937
['/mnt/dsc3032-gaya-shared/group6/datasets/MVTec_AD/carpet/test/metal_contamination/002.png'] 0.5136009454727173
['/mnt/dsc3032-gaya-shared/group6/datasets/MVTec_AD/carpet/test/metal_contamination/003.png'] 0.4216761887073517
['/mnt/dsc3032-gaya-shared/group6/datasets/MVTec_AD/carpet/test/metal_contamination/004.png'] 0.5549185872077942
['/mnt/dsc3032-gaya-shared/group6/datasets/MVTec_AD/carpet/test/metal_contamination/005.png'] 0.5415564775466919
['/mnt/dsc3032-gaya-shared/group6/datasets/MVTec_AD/carpet/test/metal_contamination/006.png'] 0.5494987964630127
['/mnt/dsc3032-gaya-shared/group6/datasets/MVTec_AD/carpet/test/metal_contamination/007.png'] 0.5254106521606445
['/mnt/dsc3032-gaya-shared/group6/datasets/MVTec_AD/carpet/test/metal_contamination/008.png'] 0.5320107936859131
['/mnt/dsc3032-gaya-shared/group6/datasets/MVTec_AD/carpet/test/metal_contamination/009.png'] 0.5051358342170715
['/mnt/dsc3032-gaya-shared/group6/datasets/MVTec_AD/carpet/test/metal_contamination/010.png'] 0.5346870422363281
['/mnt/dsc3032-gaya-shared/group6/datasets/MVTec_AD/carpet/test/metal_contamination/011.png'] 0.4171472191810608
['/mnt/dsc3032-gaya-shared/group6/datasets/MVTec_AD/carpet/test/metal_contamination/012.png'] 0.522217333316803
['/mnt/dsc3032-gaya-shared/group6/datasets/MVTec_AD/carpet/test/metal_contamination/013.png'] 0.5176829695701599
['/mnt/dsc3032-gaya-shared/group6/datasets/MVTec_AD/carpet/test/metal_contamination/014.png'] 0.38717249035835266
['/mnt/dsc3032-gaya-shared/group6/datasets/MVTec_AD/carpet/test/metal_contamination/015.png'] 0.4600721001625061
['/mnt/dsc3032-gaya-shared/group6/datasets/MVTec_AD/carpet/test/metal_contamination/016.png'] 0.49369847774505615
['/mnt/dsc3032-gaya-shared/group6/datasets/MVTec_AD/carpet/test/thread/000.png'] 0.41436314582824707
['/mnt/dsc3032-gaya-shared/group6/datasets/MVTec_AD/carpet/test/thread/001.png'] 0.33711540699005127
['/mnt/dsc3032-gaya-shared/group6/datasets/MVTec_AD/carpet/test/thread/002.png'] 0.49008575081825256
['/mnt/dsc3032-gaya-shared/group6/datasets/MVTec_AD/carpet/test/thread/003.png'] 0.4166160821914673
['/mnt/dsc3032-gaya-shared/group6/datasets/MVTec_AD/carpet/test/thread/004.png'] 0.4119926691055298
['/mnt/dsc3032-gaya-shared/group6/datasets/MVTec_AD/carpet/test/thread/005.png'] 0.5177426934242249
['/mnt/dsc3032-gaya-shared/group6/datasets/MVTec_AD/carpet/test/thread/006.png'] 0.4834650754928589
['/mnt/dsc3032-gaya-shared/group6/datasets/MVTec_AD/carpet/test/thread/007.png'] 0.4103216230869293
['/mnt/dsc3032-gaya-shared/group6/datasets/MVTec_AD/carpet/test/thread/008.png'] 0.5496705174446106
['/mnt/dsc3032-gaya-shared/group6/datasets/MVTec_AD/carpet/test/thread/009.png'] 0.3347235321998596
['/mnt/dsc3032-gaya-shared/group6/datasets/MVTec_AD/carpet/test/thread/010.png'] 0.5297011733055115
['/mnt/dsc3032-gaya-shared/group6/datasets/MVTec_AD/carpet/test/thread/011.png'] 0.42461711168289185
['/mnt/dsc3032-gaya-shared/group6/datasets/MVTec_AD/carpet/test/thread/012.png'] 0.4811462163925171
['/mnt/dsc3032-gaya-shared/group6/datasets/MVTec_AD/carpet/test/thread/013.png'] 0.4818304777145386
['/mnt/dsc3032-gaya-shared/group6/datasets/MVTec_AD/carpet/test/thread/014.png'] 0.29680055379867554
['/mnt/dsc3032-gaya-shared/group6/datasets/MVTec_AD/carpet/test/thread/015.png'] 0.473915159702301
['/mnt/dsc3032-gaya-shared/group6/datasets/MVTec_AD/carpet/test/thread/016.png'] 0.4546836316585541
['/mnt/dsc3032-gaya-shared/group6/datasets/MVTec_AD/carpet/test/thread/017.png'] 0.47795671224594116
['/mnt/dsc3032-gaya-shared/group6/datasets/MVTec_AD/carpet/test/thread/018.png'] 0.3631823658943176
26-06-02 17:12:21.370 - INFO: 
| category   |   K-shots |   F1-Max(image) |   AUROC(image) |   F1-Max(pixel) |   AUROC(pixel) |
|:-----------|----------:|----------------:|---------------:|----------------:|---------------:|
| carpet     |         1 |           97.78 |          98.72 |           71.48 |          99.28 |
