/home/gaya6/LogSAD/dinov2/dinov2/layers/swiglu_ffn.py:43: UserWarning: xFormers is available (SwiGLU)
  warnings.warn("xFormers is available (SwiGLU)")
/home/gaya6/LogSAD/dinov2/dinov2/layers/attention.py:27: UserWarning: xFormers is available (Attention)
  warnings.warn("xFormers is available (Attention)")
/home/gaya6/LogSAD/dinov2/dinov2/layers/block.py:33: UserWarning: xFormers is available (Block)
  warnings.warn("xFormers is available (Block)")
['/mnt/dsc3032-gaya-shared/group6/datasets/MVTec_AD/grid/test/bent/000.png'] 0.4718630015850067
['/mnt/dsc3032-gaya-shared/group6/datasets/MVTec_AD/grid/test/bent/001.png'] 0.4376258850097656
['/mnt/dsc3032-gaya-shared/group6/datasets/MVTec_AD/grid/test/bent/002.png'] 0.44376054406166077
['/mnt/dsc3032-gaya-shared/group6/datasets/MVTec_AD/grid/test/bent/003.png'] 0.3930895924568176
['/mnt/dsc3032-gaya-shared/group6/datasets/MVTec_AD/grid/test/bent/004.png'] 0.3747190833091736
['/mnt/dsc3032-gaya-shared/group6/datasets/MVTec_AD/grid/test/bent/005.png'] 0.4865485429763794
['/mnt/dsc3032-gaya-shared/group6/datasets/MVTec_AD/grid/test/bent/006.png'] 0.40801310539245605
['/mnt/dsc3032-gaya-shared/group6/datasets/MVTec_AD/grid/test/bent/007.png'] 0.39389485120773315
['/mnt/dsc3032-gaya-shared/group6/datasets/MVTec_AD/grid/test/bent/008.png'] 0.3838294744491577
['/mnt/dsc3032-gaya-shared/group6/datasets/MVTec_AD/grid/test/bent/009.png'] 0.4563280940055847
['/mnt/dsc3032-gaya-shared/group6/datasets/MVTec_AD/grid/test/bent/010.png'] 0.5502583980560303
['/mnt/dsc3032-gaya-shared/group6/datasets/MVTec_AD/grid/test/bent/011.png'] 0.4771197438240051
['/mnt/dsc3032-gaya-shared/group6/datasets/MVTec_AD/grid/test/broken/000.png'] 0.5072721242904663
['/mnt/dsc3032-gaya-shared/group6/datasets/MVTec_AD/grid/test/broken/001.png'] 0.47060805559158325
['/mnt/dsc3032-gaya-shared/group6/datasets/MVTec_AD/grid/test/broken/002.png'] 0.47256383299827576
['/mnt/dsc3032-gaya-shared/group6/datasets/MVTec_AD/grid/test/broken/003.png'] 0.5257565379142761
['/mnt/dsc3032-gaya-shared/group6/datasets/MVTec_AD/grid/test/broken/004.png'] 0.5039963722229004
['/mnt/dsc3032-gaya-shared/group6/datasets/MVTec_AD/grid/test/broken/005.png'] 0.4987168312072754
['/mnt/dsc3032-gaya-shared/group6/datasets/MVTec_AD/grid/test/broken/006.png'] 0.5553160905838013
['/mnt/dsc3032-gaya-shared/group6/datasets/MVTec_AD/grid/test/broken/007.png'] 0.48620590567588806
['/mnt/dsc3032-gaya-shared/group6/datasets/MVTec_AD/grid/test/broken/008.png'] 0.42325884103775024
['/mnt/dsc3032-gaya-shared/group6/datasets/MVTec_AD/grid/test/broken/009.png'] 0.5268496870994568
['/mnt/dsc3032-gaya-shared/group6/datasets/MVTec_AD/grid/test/broken/010.png'] 0.5207723379135132
['/mnt/dsc3032-gaya-shared/group6/datasets/MVTec_AD/grid/test/broken/011.png'] 0.3953394293785095
['/mnt/dsc3032-gaya-shared/group6/datasets/MVTec_AD/grid/test/glue/000.png'] 0.4287780523300171
['/mnt/dsc3032-gaya-shared/group6/datasets/MVTec_AD/grid/test/glue/001.png'] 0.40499359369277954
['/mnt/dsc3032-gaya-shared/group6/datasets/MVTec_AD/grid/test/glue/002.png'] 0.4073038697242737
['/mnt/dsc3032-gaya-shared/group6/datasets/MVTec_AD/grid/test/glue/003.png'] 0.3785005211830139
['/mnt/dsc3032-gaya-shared/group6/datasets/MVTec_AD/grid/test/glue/004.png'] 0.4785718023777008
['/mnt/dsc3032-gaya-shared/group6/datasets/MVTec_AD/grid/test/glue/005.png'] 0.4879412055015564
['/mnt/dsc3032-gaya-shared/group6/datasets/MVTec_AD/grid/test/glue/006.png'] 0.40831148624420166
['/mnt/dsc3032-gaya-shared/group6/datasets/MVTec_AD/grid/test/glue/007.png'] 0.4053027629852295
['/mnt/dsc3032-gaya-shared/group6/datasets/MVTec_AD/grid/test/glue/008.png'] 0.3172062039375305
['/mnt/dsc3032-gaya-shared/group6/datasets/MVTec_AD/grid/test/glue/009.png'] 0.37816280126571655
['/mnt/dsc3032-gaya-shared/group6/datasets/MVTec_AD/grid/test/glue/010.png'] 0.46323636174201965
['/mnt/dsc3032-gaya-shared/group6/datasets/MVTec_AD/grid/test/good/000.png'] 0.2874651551246643
['/mnt/dsc3032-gaya-shared/group6/datasets/MVTec_AD/grid/test/good/001.png'] 0.3094888925552368
['/mnt/dsc3032-gaya-shared/group6/datasets/MVTec_AD/grid/test/good/002.png'] 0.3598763346672058
['/mnt/dsc3032-gaya-shared/group6/datasets/MVTec_AD/grid/test/good/003.png'] 0.2875453531742096
['/mnt/dsc3032-gaya-shared/group6/datasets/MVTec_AD/grid/test/good/004.png'] 0.3324567377567291
['/mnt/dsc3032-gaya-shared/group6/datasets/MVTec_AD/grid/test/good/005.png'] 0.35646235942840576
['/mnt/dsc3032-gaya-shared/group6/datasets/MVTec_AD/grid/test/good/006.png'] 0.3229672908782959
['/mnt/dsc3032-gaya-shared/group6/datasets/MVTec_AD/grid/test/good/007.png'] 0.39991968870162964
['/mnt/dsc3032-gaya-shared/group6/datasets/MVTec_AD/grid/test/good/008.png'] 0.30989938974380493
['/mnt/dsc3032-gaya-shared/group6/datasets/MVTec_AD/grid/test/good/009.png'] 0.481110155582428
['/mnt/dsc3032-gaya-shared/group6/datasets/MVTec_AD/grid/test/good/010.png'] 0.390145480632782
['/mnt/dsc3032-gaya-shared/group6/datasets/MVTec_AD/grid/test/good/011.png'] 0.32061928510665894
['/mnt/dsc3032-gaya-shared/group6/datasets/MVTec_AD/grid/test/good/012.png'] 0.47381871938705444
['/mnt/dsc3032-gaya-shared/group6/datasets/MVTec_AD/grid/test/good/013.png'] 0.27301961183547974
['/mnt/dsc3032-gaya-shared/group6/datasets/MVTec_AD/grid/test/good/014.png'] 0.3908267617225647
['/mnt/dsc3032-gaya-shared/group6/datasets/MVTec_AD/grid/test/good/015.png'] 0.2980937957763672
['/mnt/dsc3032-gaya-shared/group6/datasets/MVTec_AD/grid/test/good/016.png'] 0.3380225896835327
['/mnt/dsc3032-gaya-shared/group6/datasets/MVTec_AD/grid/test/good/017.png'] 0.3266812562942505
['/mnt/dsc3032-gaya-shared/group6/datasets/MVTec_AD/grid/test/good/018.png'] 0.40642452239990234
['/mnt/dsc3032-gaya-shared/group6/datasets/MVTec_AD/grid/test/good/019.png'] 0.3986373543739319
['/mnt/dsc3032-gaya-shared/group6/datasets/MVTec_AD/grid/test/good/020.png'] 0.3198695182800293
['/mnt/dsc3032-gaya-shared/group6/datasets/MVTec_AD/grid/test/metal_contamination/000.png'] 0.48922136425971985
['/mnt/dsc3032-gaya-shared/group6/datasets/MVTec_AD/grid/test/metal_contamination/001.png'] 0.5340774059295654
['/mnt/dsc3032-gaya-shared/group6/datasets/MVTec_AD/grid/test/metal_contamination/002.png'] 0.4769517183303833
['/mnt/dsc3032-gaya-shared/group6/datasets/MVTec_AD/grid/test/metal_contamination/003.png'] 0.4867990016937256
['/mnt/dsc3032-gaya-shared/group6/datasets/MVTec_AD/grid/test/metal_contamination/004.png'] 0.505750834941864
['/mnt/dsc3032-gaya-shared/group6/datasets/MVTec_AD/grid/test/metal_contamination/005.png'] 0.47522079944610596
['/mnt/dsc3032-gaya-shared/group6/datasets/MVTec_AD/grid/test/metal_contamination/006.png'] 0.3975676894187927
['/mnt/dsc3032-gaya-shared/group6/datasets/MVTec_AD/grid/test/metal_contamination/007.png'] 0.4670947194099426
['/mnt/dsc3032-gaya-shared/group6/datasets/MVTec_AD/grid/test/metal_contamination/008.png'] 0.49472957849502563
['/mnt/dsc3032-gaya-shared/group6/datasets/MVTec_AD/grid/test/metal_contamination/009.png'] 0.43193843960762024
['/mnt/dsc3032-gaya-shared/group6/datasets/MVTec_AD/grid/test/metal_contamination/010.png'] 0.4852883219718933
['/mnt/dsc3032-gaya-shared/group6/datasets/MVTec_AD/grid/test/thread/000.png'] 0.47621968388557434
['/mnt/dsc3032-gaya-shared/group6/datasets/MVTec_AD/grid/test/thread/001.png'] 0.5334378480911255
['/mnt/dsc3032-gaya-shared/group6/datasets/MVTec_AD/grid/test/thread/002.png'] 0.41104960441589355
['/mnt/dsc3032-gaya-shared/group6/datasets/MVTec_AD/grid/test/thread/003.png'] 0.35893312096595764
['/mnt/dsc3032-gaya-shared/group6/datasets/MVTec_AD/grid/test/thread/004.png'] 0.49739405512809753
['/mnt/dsc3032-gaya-shared/group6/datasets/MVTec_AD/grid/test/thread/005.png'] 0.4907369613647461
['/mnt/dsc3032-gaya-shared/group6/datasets/MVTec_AD/grid/test/thread/006.png'] 0.36620599031448364
['/mnt/dsc3032-gaya-shared/group6/datasets/MVTec_AD/grid/test/thread/007.png'] 0.4577564597129822
['/mnt/dsc3032-gaya-shared/group6/datasets/MVTec_AD/grid/test/thread/008.png'] 0.43030816316604614
['/mnt/dsc3032-gaya-shared/group6/datasets/MVTec_AD/grid/test/thread/009.png'] 0.4384158253669739
['/mnt/dsc3032-gaya-shared/group6/datasets/MVTec_AD/grid/test/thread/010.png'] 0.3849843144416809
26-06-02 17:13:01.117 - INFO: 
| category   |   K-shots |   F1-Max(image) |   AUROC(image) |   F1-Max(pixel) |   AUROC(pixel) |
|:-----------|----------:|----------------:|---------------:|----------------:|---------------:|
| grid       |         1 |           92.56 |          88.97 |           47.76 |          98.58 |
