/home/gaya6/LogSAD/dinov2/dinov2/layers/swiglu_ffn.py:43: UserWarning: xFormers is available (SwiGLU)
  warnings.warn("xFormers is available (SwiGLU)")
/home/gaya6/LogSAD/dinov2/dinov2/layers/attention.py:27: UserWarning: xFormers is available (Attention)
  warnings.warn("xFormers is available (Attention)")
/home/gaya6/LogSAD/dinov2/dinov2/layers/block.py:33: UserWarning: xFormers is available (Block)
  warnings.warn("xFormers is available (Block)")
['/mnt/dsc3032-gaya-shared/group6/datasets/MVTec_AD/hazelnut/test/crack/000.png'] 0.4955074191093445
['/mnt/dsc3032-gaya-shared/group6/datasets/MVTec_AD/hazelnut/test/crack/001.png'] 0.5047363638877869
['/mnt/dsc3032-gaya-shared/group6/datasets/MVTec_AD/hazelnut/test/crack/002.png'] 0.4945358633995056
['/mnt/dsc3032-gaya-shared/group6/datasets/MVTec_AD/hazelnut/test/crack/003.png'] 0.4693825840950012
['/mnt/dsc3032-gaya-shared/group6/datasets/MVTec_AD/hazelnut/test/crack/004.png'] 0.49907106161117554
['/mnt/dsc3032-gaya-shared/group6/datasets/MVTec_AD/hazelnut/test/crack/005.png'] 0.5194664001464844
['/mnt/dsc3032-gaya-shared/group6/datasets/MVTec_AD/hazelnut/test/crack/006.png'] 0.5153210759162903
['/mnt/dsc3032-gaya-shared/group6/datasets/MVTec_AD/hazelnut/test/crack/007.png'] 0.4573553204536438
['/mnt/dsc3032-gaya-shared/group6/datasets/MVTec_AD/hazelnut/test/crack/008.png'] 0.558010458946228
['/mnt/dsc3032-gaya-shared/group6/datasets/MVTec_AD/hazelnut/test/crack/009.png'] 0.4869990348815918
['/mnt/dsc3032-gaya-shared/group6/datasets/MVTec_AD/hazelnut/test/crack/010.png'] 0.43642640113830566
['/mnt/dsc3032-gaya-shared/group6/datasets/MVTec_AD/hazelnut/test/crack/011.png'] 0.45589977502822876
['/mnt/dsc3032-gaya-shared/group6/datasets/MVTec_AD/hazelnut/test/crack/012.png'] 0.4209105372428894
['/mnt/dsc3032-gaya-shared/group6/datasets/MVTec_AD/hazelnut/test/crack/013.png'] 0.4890519082546234
['/mnt/dsc3032-gaya-shared/group6/datasets/MVTec_AD/hazelnut/test/crack/014.png'] 0.456907719373703
['/mnt/dsc3032-gaya-shared/group6/datasets/MVTec_AD/hazelnut/test/crack/015.png'] 0.5431751012802124
['/mnt/dsc3032-gaya-shared/group6/datasets/MVTec_AD/hazelnut/test/crack/016.png'] 0.4546307921409607
['/mnt/dsc3032-gaya-shared/group6/datasets/MVTec_AD/hazelnut/test/crack/017.png'] 0.45126229524612427
['/mnt/dsc3032-gaya-shared/group6/datasets/MVTec_AD/hazelnut/test/cut/000.png'] 0.39316731691360474
['/mnt/dsc3032-gaya-shared/group6/datasets/MVTec_AD/hazelnut/test/cut/001.png'] 0.40467727184295654
['/mnt/dsc3032-gaya-shared/group6/datasets/MVTec_AD/hazelnut/test/cut/002.png'] 0.39976343512535095
['/mnt/dsc3032-gaya-shared/group6/datasets/MVTec_AD/hazelnut/test/cut/003.png'] 0.4427120089530945
['/mnt/dsc3032-gaya-shared/group6/datasets/MVTec_AD/hazelnut/test/cut/004.png'] 0.40159645676612854
['/mnt/dsc3032-gaya-shared/group6/datasets/MVTec_AD/hazelnut/test/cut/005.png'] 0.4319751262664795
['/mnt/dsc3032-gaya-shared/group6/datasets/MVTec_AD/hazelnut/test/cut/006.png'] 0.4190938472747803
['/mnt/dsc3032-gaya-shared/group6/datasets/MVTec_AD/hazelnut/test/cut/007.png'] 0.47817641496658325
['/mnt/dsc3032-gaya-shared/group6/datasets/MVTec_AD/hazelnut/test/cut/008.png'] 0.4855031669139862
['/mnt/dsc3032-gaya-shared/group6/datasets/MVTec_AD/hazelnut/test/cut/009.png'] 0.3943987190723419
['/mnt/dsc3032-gaya-shared/group6/datasets/MVTec_AD/hazelnut/test/cut/010.png'] 0.4406519830226898
['/mnt/dsc3032-gaya-shared/group6/datasets/MVTec_AD/hazelnut/test/cut/011.png'] 0.42894959449768066
['/mnt/dsc3032-gaya-shared/group6/datasets/MVTec_AD/hazelnut/test/cut/012.png'] 0.44514763355255127
['/mnt/dsc3032-gaya-shared/group6/datasets/MVTec_AD/hazelnut/test/cut/013.png'] 0.4015190005302429
['/mnt/dsc3032-gaya-shared/group6/datasets/MVTec_AD/hazelnut/test/cut/014.png'] 0.46724289655685425
['/mnt/dsc3032-gaya-shared/group6/datasets/MVTec_AD/hazelnut/test/cut/015.png'] 0.47437381744384766
['/mnt/dsc3032-gaya-shared/group6/datasets/MVTec_AD/hazelnut/test/cut/016.png'] 0.5005929470062256
['/mnt/dsc3032-gaya-shared/group6/datasets/MVTec_AD/hazelnut/test/good/000.png'] 0.3246898949146271
['/mnt/dsc3032-gaya-shared/group6/datasets/MVTec_AD/hazelnut/test/good/001.png'] 0.36198490858078003
['/mnt/dsc3032-gaya-shared/group6/datasets/MVTec_AD/hazelnut/test/good/002.png'] 0.3866347074508667
['/mnt/dsc3032-gaya-shared/group6/datasets/MVTec_AD/hazelnut/test/good/003.png'] 0.32708901166915894
['/mnt/dsc3032-gaya-shared/group6/datasets/MVTec_AD/hazelnut/test/good/004.png'] 0.32435041666030884
['/mnt/dsc3032-gaya-shared/group6/datasets/MVTec_AD/hazelnut/test/good/005.png'] 0.3127872347831726
['/mnt/dsc3032-gaya-shared/group6/datasets/MVTec_AD/hazelnut/test/good/006.png'] 0.2703706622123718
['/mnt/dsc3032-gaya-shared/group6/datasets/MVTec_AD/hazelnut/test/good/007.png'] 0.33663812279701233
['/mnt/dsc3032-gaya-shared/group6/datasets/MVTec_AD/hazelnut/test/good/008.png'] 0.33223971724510193
['/mnt/dsc3032-gaya-shared/group6/datasets/MVTec_AD/hazelnut/test/good/009.png'] 0.2955317497253418
['/mnt/dsc3032-gaya-shared/group6/datasets/MVTec_AD/hazelnut/test/good/010.png'] 0.31426021456718445
['/mnt/dsc3032-gaya-shared/group6/datasets/MVTec_AD/hazelnut/test/good/011.png'] 0.3398115634918213
['/mnt/dsc3032-gaya-shared/group6/datasets/MVTec_AD/hazelnut/test/good/012.png'] 0.3332987427711487
['/mnt/dsc3032-gaya-shared/group6/datasets/MVTec_AD/hazelnut/test/good/013.png'] 0.30889612436294556
['/mnt/dsc3032-gaya-shared/group6/datasets/MVTec_AD/hazelnut/test/good/014.png'] 0.27934807538986206
['/mnt/dsc3032-gaya-shared/group6/datasets/MVTec_AD/hazelnut/test/good/015.png'] 0.2902589440345764
['/mnt/dsc3032-gaya-shared/group6/datasets/MVTec_AD/hazelnut/test/good/016.png'] 0.34506818652153015
['/mnt/dsc3032-gaya-shared/group6/datasets/MVTec_AD/hazelnut/test/good/017.png'] 0.319669634103775
['/mnt/dsc3032-gaya-shared/group6/datasets/MVTec_AD/hazelnut/test/good/018.png'] 0.3534699082374573
['/mnt/dsc3032-gaya-shared/group6/datasets/MVTec_AD/hazelnut/test/good/019.png'] 0.30202144384384155
['/mnt/dsc3032-gaya-shared/group6/datasets/MVTec_AD/hazelnut/test/good/020.png'] 0.34716445207595825
['/mnt/dsc3032-gaya-shared/group6/datasets/MVTec_AD/hazelnut/test/good/021.png'] 0.31413954496383667
['/mnt/dsc3032-gaya-shared/group6/datasets/MVTec_AD/hazelnut/test/good/022.png'] 0.25000450015068054
['/mnt/dsc3032-gaya-shared/group6/datasets/MVTec_AD/hazelnut/test/good/023.png'] 0.31027063727378845
['/mnt/dsc3032-gaya-shared/group6/datasets/MVTec_AD/hazelnut/test/good/024.png'] 0.35154250264167786
['/mnt/dsc3032-gaya-shared/group6/datasets/MVTec_AD/hazelnut/test/good/025.png'] 0.34722229838371277
['/mnt/dsc3032-gaya-shared/group6/datasets/MVTec_AD/hazelnut/test/good/026.png'] 0.24907396733760834
['/mnt/dsc3032-gaya-shared/group6/datasets/MVTec_AD/hazelnut/test/good/027.png'] 0.30829495191574097
['/mnt/dsc3032-gaya-shared/group6/datasets/MVTec_AD/hazelnut/test/good/028.png'] 0.32659393548965454
['/mnt/dsc3032-gaya-shared/group6/datasets/MVTec_AD/hazelnut/test/good/029.png'] 0.2713121175765991
['/mnt/dsc3032-gaya-shared/group6/datasets/MVTec_AD/hazelnut/test/good/030.png'] 0.34641510248184204
['/mnt/dsc3032-gaya-shared/group6/datasets/MVTec_AD/hazelnut/test/good/031.png'] 0.3307250738143921
['/mnt/dsc3032-gaya-shared/group6/datasets/MVTec_AD/hazelnut/test/good/032.png'] 0.27472805976867676
['/mnt/dsc3032-gaya-shared/group6/datasets/MVTec_AD/hazelnut/test/good/033.png'] 0.3219289779663086
['/mnt/dsc3032-gaya-shared/group6/datasets/MVTec_AD/hazelnut/test/good/034.png'] 0.3198137879371643
['/mnt/dsc3032-gaya-shared/group6/datasets/MVTec_AD/hazelnut/test/good/035.png'] 0.386379212141037
['/mnt/dsc3032-gaya-shared/group6/datasets/MVTec_AD/hazelnut/test/good/036.png'] 0.38478702306747437
['/mnt/dsc3032-gaya-shared/group6/datasets/MVTec_AD/hazelnut/test/good/037.png'] 0.2858619689941406
['/mnt/dsc3032-gaya-shared/group6/datasets/MVTec_AD/hazelnut/test/good/038.png'] 0.3144484758377075
['/mnt/dsc3032-gaya-shared/group6/datasets/MVTec_AD/hazelnut/test/good/039.png'] 0.3505350947380066
['/mnt/dsc3032-gaya-shared/group6/datasets/MVTec_AD/hazelnut/test/hole/000.png'] 0.5152510404586792
['/mnt/dsc3032-gaya-shared/group6/datasets/MVTec_AD/hazelnut/test/hole/001.png'] 0.5798365473747253
['/mnt/dsc3032-gaya-shared/group6/datasets/MVTec_AD/hazelnut/test/hole/002.png'] 0.5129040479660034
['/mnt/dsc3032-gaya-shared/group6/datasets/MVTec_AD/hazelnut/test/hole/003.png'] 0.5824326276779175
['/mnt/dsc3032-gaya-shared/group6/datasets/MVTec_AD/hazelnut/test/hole/004.png'] 0.542061448097229
['/mnt/dsc3032-gaya-shared/group6/datasets/MVTec_AD/hazelnut/test/hole/005.png'] 0.5341004133224487
['/mnt/dsc3032-gaya-shared/group6/datasets/MVTec_AD/hazelnut/test/hole/006.png'] 0.5148394703865051
['/mnt/dsc3032-gaya-shared/group6/datasets/MVTec_AD/hazelnut/test/hole/007.png'] 0.5685324668884277
['/mnt/dsc3032-gaya-shared/group6/datasets/MVTec_AD/hazelnut/test/hole/008.png'] 0.5147107243537903
['/mnt/dsc3032-gaya-shared/group6/datasets/MVTec_AD/hazelnut/test/hole/009.png'] 0.511253833770752
['/mnt/dsc3032-gaya-shared/group6/datasets/MVTec_AD/hazelnut/test/hole/010.png'] 0.5349273085594177
['/mnt/dsc3032-gaya-shared/group6/datasets/MVTec_AD/hazelnut/test/hole/011.png'] 0.5623137950897217
['/mnt/dsc3032-gaya-shared/group6/datasets/MVTec_AD/hazelnut/test/hole/012.png'] 0.571202278137207
['/mnt/dsc3032-gaya-shared/group6/datasets/MVTec_AD/hazelnut/test/hole/013.png'] 0.5246224403381348
['/mnt/dsc3032-gaya-shared/group6/datasets/MVTec_AD/hazelnut/test/hole/014.png'] 0.5501260161399841
['/mnt/dsc3032-gaya-shared/group6/datasets/MVTec_AD/hazelnut/test/hole/015.png'] 0.5565049052238464
['/mnt/dsc3032-gaya-shared/group6/datasets/MVTec_AD/hazelnut/test/hole/016.png'] 0.4758186936378479
['/mnt/dsc3032-gaya-shared/group6/datasets/MVTec_AD/hazelnut/test/hole/017.png'] 0.5187081098556519
['/mnt/dsc3032-gaya-shared/group6/datasets/MVTec_AD/hazelnut/test/print/000.png'] 0.5238815546035767
['/mnt/dsc3032-gaya-shared/group6/datasets/MVTec_AD/hazelnut/test/print/001.png'] 0.504967987537384
['/mnt/dsc3032-gaya-shared/group6/datasets/MVTec_AD/hazelnut/test/print/002.png'] 0.5779376029968262
['/mnt/dsc3032-gaya-shared/group6/datasets/MVTec_AD/hazelnut/test/print/003.png'] 0.4213799834251404
['/mnt/dsc3032-gaya-shared/group6/datasets/MVTec_AD/hazelnut/test/print/004.png'] 0.5096105933189392
['/mnt/dsc3032-gaya-shared/group6/datasets/MVTec_AD/hazelnut/test/print/005.png'] 0.5172619819641113
['/mnt/dsc3032-gaya-shared/group6/datasets/MVTec_AD/hazelnut/test/print/006.png'] 0.545906126499176
['/mnt/dsc3032-gaya-shared/group6/datasets/MVTec_AD/hazelnut/test/print/007.png'] 0.5080925226211548
['/mnt/dsc3032-gaya-shared/group6/datasets/MVTec_AD/hazelnut/test/print/008.png'] 0.6626661419868469
['/mnt/dsc3032-gaya-shared/group6/datasets/MVTec_AD/hazelnut/test/print/009.png'] 0.48617812991142273
['/mnt/dsc3032-gaya-shared/group6/datasets/MVTec_AD/hazelnut/test/print/010.png'] 0.5351089239120483
['/mnt/dsc3032-gaya-shared/group6/datasets/MVTec_AD/hazelnut/test/print/011.png'] 0.5598716735839844
['/mnt/dsc3032-gaya-shared/group6/datasets/MVTec_AD/hazelnut/test/print/012.png'] 0.5922688245773315
['/mnt/dsc3032-gaya-shared/group6/datasets/MVTec_AD/hazelnut/test/print/013.png'] 0.4652670621871948
['/mnt/dsc3032-gaya-shared/group6/datasets/MVTec_AD/hazelnut/test/print/014.png'] 0.4576084017753601
['/mnt/dsc3032-gaya-shared/group6/datasets/MVTec_AD/hazelnut/test/print/015.png'] 0.46764808893203735
['/mnt/dsc3032-gaya-shared/group6/datasets/MVTec_AD/hazelnut/test/print/016.png'] 0.4716629981994629
26-06-02 17:13:41.002 - INFO: 
| category   |   K-shots |   F1-Max(image) |   AUROC(image) |   F1-Max(pixel) |   AUROC(pixel) |
|:-----------|----------:|----------------:|---------------:|----------------:|---------------:|
| hazelnut   |         1 |             100 |            100 |           73.04 |          99.22 |
