/home/gaya6/LogSAD/dinov2/dinov2/layers/swiglu_ffn.py:43: UserWarning: xFormers is available (SwiGLU)
  warnings.warn("xFormers is available (SwiGLU)")
/home/gaya6/LogSAD/dinov2/dinov2/layers/attention.py:27: UserWarning: xFormers is available (Attention)
  warnings.warn("xFormers is available (Attention)")
/home/gaya6/LogSAD/dinov2/dinov2/layers/block.py:33: UserWarning: xFormers is available (Block)
  warnings.warn("xFormers is available (Block)")
['/mnt/dsc3032-gaya-shared/group6/datasets/MVTec_AD/leather/test/color/000.png'] 0.6054976582527161
['/mnt/dsc3032-gaya-shared/group6/datasets/MVTec_AD/leather/test/color/001.png'] 0.588913083076477
['/mnt/dsc3032-gaya-shared/group6/datasets/MVTec_AD/leather/test/color/002.png'] 0.5707616806030273
['/mnt/dsc3032-gaya-shared/group6/datasets/MVTec_AD/leather/test/color/003.png'] 0.535061240196228
['/mnt/dsc3032-gaya-shared/group6/datasets/MVTec_AD/leather/test/color/004.png'] 0.5555314421653748
['/mnt/dsc3032-gaya-shared/group6/datasets/MVTec_AD/leather/test/color/005.png'] 0.5936393737792969
['/mnt/dsc3032-gaya-shared/group6/datasets/MVTec_AD/leather/test/color/006.png'] 0.5648237466812134
['/mnt/dsc3032-gaya-shared/group6/datasets/MVTec_AD/leather/test/color/007.png'] 0.5850040316581726
['/mnt/dsc3032-gaya-shared/group6/datasets/MVTec_AD/leather/test/color/008.png'] 0.6099644303321838
['/mnt/dsc3032-gaya-shared/group6/datasets/MVTec_AD/leather/test/color/009.png'] 0.5985129475593567
['/mnt/dsc3032-gaya-shared/group6/datasets/MVTec_AD/leather/test/color/010.png'] 0.5771234035491943
['/mnt/dsc3032-gaya-shared/group6/datasets/MVTec_AD/leather/test/color/011.png'] 0.621324896812439
['/mnt/dsc3032-gaya-shared/group6/datasets/MVTec_AD/leather/test/color/012.png'] 0.6330205202102661
['/mnt/dsc3032-gaya-shared/group6/datasets/MVTec_AD/leather/test/color/013.png'] 0.5779361128807068
['/mnt/dsc3032-gaya-shared/group6/datasets/MVTec_AD/leather/test/color/014.png'] 0.5448503494262695
['/mnt/dsc3032-gaya-shared/group6/datasets/MVTec_AD/leather/test/color/015.png'] 0.5970085859298706
['/mnt/dsc3032-gaya-shared/group6/datasets/MVTec_AD/leather/test/color/016.png'] 0.5503072142601013
['/mnt/dsc3032-gaya-shared/group6/datasets/MVTec_AD/leather/test/color/017.png'] 0.6028025150299072
['/mnt/dsc3032-gaya-shared/group6/datasets/MVTec_AD/leather/test/color/018.png'] 0.6007353067398071
['/mnt/dsc3032-gaya-shared/group6/datasets/MVTec_AD/leather/test/cut/000.png'] 0.6065660715103149
['/mnt/dsc3032-gaya-shared/group6/datasets/MVTec_AD/leather/test/cut/001.png'] 0.5886094570159912
['/mnt/dsc3032-gaya-shared/group6/datasets/MVTec_AD/leather/test/cut/002.png'] 0.45585888624191284
['/mnt/dsc3032-gaya-shared/group6/datasets/MVTec_AD/leather/test/cut/003.png'] 0.6937567591667175
['/mnt/dsc3032-gaya-shared/group6/datasets/MVTec_AD/leather/test/cut/004.png'] 0.6097412109375
['/mnt/dsc3032-gaya-shared/group6/datasets/MVTec_AD/leather/test/cut/005.png'] 0.5482207536697388
['/mnt/dsc3032-gaya-shared/group6/datasets/MVTec_AD/leather/test/cut/006.png'] 0.5669378042221069
['/mnt/dsc3032-gaya-shared/group6/datasets/MVTec_AD/leather/test/cut/007.png'] 0.658367395401001
['/mnt/dsc3032-gaya-shared/group6/datasets/MVTec_AD/leather/test/cut/008.png'] 0.6273994445800781
['/mnt/dsc3032-gaya-shared/group6/datasets/MVTec_AD/leather/test/cut/009.png'] 0.5326452255249023
['/mnt/dsc3032-gaya-shared/group6/datasets/MVTec_AD/leather/test/cut/010.png'] 0.5154989957809448
['/mnt/dsc3032-gaya-shared/group6/datasets/MVTec_AD/leather/test/cut/011.png'] 0.5013606548309326
['/mnt/dsc3032-gaya-shared/group6/datasets/MVTec_AD/leather/test/cut/012.png'] 0.5667414665222168
['/mnt/dsc3032-gaya-shared/group6/datasets/MVTec_AD/leather/test/cut/013.png'] 0.547783613204956
['/mnt/dsc3032-gaya-shared/group6/datasets/MVTec_AD/leather/test/cut/014.png'] 0.4738953113555908
['/mnt/dsc3032-gaya-shared/group6/datasets/MVTec_AD/leather/test/cut/015.png'] 0.510071337223053
['/mnt/dsc3032-gaya-shared/group6/datasets/MVTec_AD/leather/test/cut/016.png'] 0.6310073137283325
['/mnt/dsc3032-gaya-shared/group6/datasets/MVTec_AD/leather/test/cut/017.png'] 0.5887652635574341
['/mnt/dsc3032-gaya-shared/group6/datasets/MVTec_AD/leather/test/cut/018.png'] 0.607314944267273
['/mnt/dsc3032-gaya-shared/group6/datasets/MVTec_AD/leather/test/fold/000.png'] 0.599118709564209
['/mnt/dsc3032-gaya-shared/group6/datasets/MVTec_AD/leather/test/fold/001.png'] 0.5217206478118896
['/mnt/dsc3032-gaya-shared/group6/datasets/MVTec_AD/leather/test/fold/002.png'] 0.5732225179672241
['/mnt/dsc3032-gaya-shared/group6/datasets/MVTec_AD/leather/test/fold/003.png'] 0.5312280654907227
['/mnt/dsc3032-gaya-shared/group6/datasets/MVTec_AD/leather/test/fold/004.png'] 0.6100749969482422
['/mnt/dsc3032-gaya-shared/group6/datasets/MVTec_AD/leather/test/fold/005.png'] 0.5619180202484131
['/mnt/dsc3032-gaya-shared/group6/datasets/MVTec_AD/leather/test/fold/006.png'] 0.543881893157959
['/mnt/dsc3032-gaya-shared/group6/datasets/MVTec_AD/leather/test/fold/007.png'] 0.5500726699829102
['/mnt/dsc3032-gaya-shared/group6/datasets/MVTec_AD/leather/test/fold/008.png'] 0.5673669576644897
['/mnt/dsc3032-gaya-shared/group6/datasets/MVTec_AD/leather/test/fold/009.png'] 0.5773392915725708
['/mnt/dsc3032-gaya-shared/group6/datasets/MVTec_AD/leather/test/fold/010.png'] 0.4796936810016632
['/mnt/dsc3032-gaya-shared/group6/datasets/MVTec_AD/leather/test/fold/011.png'] 0.5121298432350159
['/mnt/dsc3032-gaya-shared/group6/datasets/MVTec_AD/leather/test/fold/012.png'] 0.5441541075706482
['/mnt/dsc3032-gaya-shared/group6/datasets/MVTec_AD/leather/test/fold/013.png'] 0.4028943181037903
['/mnt/dsc3032-gaya-shared/group6/datasets/MVTec_AD/leather/test/fold/014.png'] 0.6080976724624634
['/mnt/dsc3032-gaya-shared/group6/datasets/MVTec_AD/leather/test/fold/015.png'] 0.5729032754898071
['/mnt/dsc3032-gaya-shared/group6/datasets/MVTec_AD/leather/test/fold/016.png'] 0.5260182023048401
['/mnt/dsc3032-gaya-shared/group6/datasets/MVTec_AD/leather/test/glue/000.png'] 0.6706520318984985
['/mnt/dsc3032-gaya-shared/group6/datasets/MVTec_AD/leather/test/glue/001.png'] 0.5288582444190979
['/mnt/dsc3032-gaya-shared/group6/datasets/MVTec_AD/leather/test/glue/002.png'] 0.6349652409553528
['/mnt/dsc3032-gaya-shared/group6/datasets/MVTec_AD/leather/test/glue/003.png'] 0.6126877069473267
['/mnt/dsc3032-gaya-shared/group6/datasets/MVTec_AD/leather/test/glue/004.png'] 0.5211021900177002
['/mnt/dsc3032-gaya-shared/group6/datasets/MVTec_AD/leather/test/glue/005.png'] 0.6888753175735474
['/mnt/dsc3032-gaya-shared/group6/datasets/MVTec_AD/leather/test/glue/006.png'] 0.6260504126548767
['/mnt/dsc3032-gaya-shared/group6/datasets/MVTec_AD/leather/test/glue/007.png'] 0.5990147590637207
['/mnt/dsc3032-gaya-shared/group6/datasets/MVTec_AD/leather/test/glue/008.png'] 0.6204065084457397
['/mnt/dsc3032-gaya-shared/group6/datasets/MVTec_AD/leather/test/glue/009.png'] 0.509456992149353
['/mnt/dsc3032-gaya-shared/group6/datasets/MVTec_AD/leather/test/glue/010.png'] 0.4501652121543884
['/mnt/dsc3032-gaya-shared/group6/datasets/MVTec_AD/leather/test/glue/011.png'] 0.5401898622512817
['/mnt/dsc3032-gaya-shared/group6/datasets/MVTec_AD/leather/test/glue/012.png'] 0.5324114561080933
['/mnt/dsc3032-gaya-shared/group6/datasets/MVTec_AD/leather/test/glue/013.png'] 0.6937201619148254
['/mnt/dsc3032-gaya-shared/group6/datasets/MVTec_AD/leather/test/glue/014.png'] 0.6733211874961853
['/mnt/dsc3032-gaya-shared/group6/datasets/MVTec_AD/leather/test/glue/015.png'] 0.6886882781982422
['/mnt/dsc3032-gaya-shared/group6/datasets/MVTec_AD/leather/test/glue/016.png'] 0.48768508434295654
['/mnt/dsc3032-gaya-shared/group6/datasets/MVTec_AD/leather/test/glue/017.png'] 0.635936975479126
['/mnt/dsc3032-gaya-shared/group6/datasets/MVTec_AD/leather/test/glue/018.png'] 0.6305161714553833
['/mnt/dsc3032-gaya-shared/group6/datasets/MVTec_AD/leather/test/good/000.png'] 0.2756515443325043
['/mnt/dsc3032-gaya-shared/group6/datasets/MVTec_AD/leather/test/good/001.png'] 0.25401055812835693
['/mnt/dsc3032-gaya-shared/group6/datasets/MVTec_AD/leather/test/good/002.png'] 0.24138957262039185
['/mnt/dsc3032-gaya-shared/group6/datasets/MVTec_AD/leather/test/good/003.png'] 0.22691605985164642
['/mnt/dsc3032-gaya-shared/group6/datasets/MVTec_AD/leather/test/good/004.png'] 0.2406575232744217
['/mnt/dsc3032-gaya-shared/group6/datasets/MVTec_AD/leather/test/good/005.png'] 0.24134938418865204
['/mnt/dsc3032-gaya-shared/group6/datasets/MVTec_AD/leather/test/good/006.png'] 0.257402241230011
['/mnt/dsc3032-gaya-shared/group6/datasets/MVTec_AD/leather/test/good/007.png'] 0.23677709698677063
['/mnt/dsc3032-gaya-shared/group6/datasets/MVTec_AD/leather/test/good/008.png'] 0.2328767329454422
['/mnt/dsc3032-gaya-shared/group6/datasets/MVTec_AD/leather/test/good/009.png'] 0.2562480568885803
['/mnt/dsc3032-gaya-shared/group6/datasets/MVTec_AD/leather/test/good/010.png'] 0.22994008660316467
['/mnt/dsc3032-gaya-shared/group6/datasets/MVTec_AD/leather/test/good/011.png'] 0.24745270609855652
['/mnt/dsc3032-gaya-shared/group6/datasets/MVTec_AD/leather/test/good/012.png'] 0.24191692471504211
['/mnt/dsc3032-gaya-shared/group6/datasets/MVTec_AD/leather/test/good/013.png'] 0.24113944172859192
['/mnt/dsc3032-gaya-shared/group6/datasets/MVTec_AD/leather/test/good/014.png'] 0.20235075056552887
['/mnt/dsc3032-gaya-shared/group6/datasets/MVTec_AD/leather/test/good/015.png'] 0.21398328244686127
['/mnt/dsc3032-gaya-shared/group6/datasets/MVTec_AD/leather/test/good/016.png'] 0.21797695755958557
['/mnt/dsc3032-gaya-shared/group6/datasets/MVTec_AD/leather/test/good/017.png'] 0.23097488284111023
['/mnt/dsc3032-gaya-shared/group6/datasets/MVTec_AD/leather/test/good/018.png'] 0.2472507208585739
['/mnt/dsc3032-gaya-shared/group6/datasets/MVTec_AD/leather/test/good/019.png'] 0.24686728417873383
['/mnt/dsc3032-gaya-shared/group6/datasets/MVTec_AD/leather/test/good/020.png'] 0.21463747322559357
['/mnt/dsc3032-gaya-shared/group6/datasets/MVTec_AD/leather/test/good/021.png'] 0.21246621012687683
['/mnt/dsc3032-gaya-shared/group6/datasets/MVTec_AD/leather/test/good/022.png'] 0.23369067907333374
['/mnt/dsc3032-gaya-shared/group6/datasets/MVTec_AD/leather/test/good/023.png'] 0.2615673542022705
['/mnt/dsc3032-gaya-shared/group6/datasets/MVTec_AD/leather/test/good/024.png'] 0.2831455171108246
['/mnt/dsc3032-gaya-shared/group6/datasets/MVTec_AD/leather/test/good/025.png'] 0.3321989178657532
['/mnt/dsc3032-gaya-shared/group6/datasets/MVTec_AD/leather/test/good/026.png'] 0.2046850621700287
['/mnt/dsc3032-gaya-shared/group6/datasets/MVTec_AD/leather/test/good/027.png'] 0.20247383415699005
['/mnt/dsc3032-gaya-shared/group6/datasets/MVTec_AD/leather/test/good/028.png'] 0.24668307602405548
['/mnt/dsc3032-gaya-shared/group6/datasets/MVTec_AD/leather/test/good/029.png'] 0.22703519463539124
['/mnt/dsc3032-gaya-shared/group6/datasets/MVTec_AD/leather/test/good/030.png'] 0.4683261811733246
['/mnt/dsc3032-gaya-shared/group6/datasets/MVTec_AD/leather/test/good/031.png'] 0.3089006543159485
['/mnt/dsc3032-gaya-shared/group6/datasets/MVTec_AD/leather/test/poke/000.png'] 0.5207852721214294
['/mnt/dsc3032-gaya-shared/group6/datasets/MVTec_AD/leather/test/poke/001.png'] 0.49589088559150696
['/mnt/dsc3032-gaya-shared/group6/datasets/MVTec_AD/leather/test/poke/002.png'] 0.49085119366645813
['/mnt/dsc3032-gaya-shared/group6/datasets/MVTec_AD/leather/test/poke/003.png'] 0.561291515827179
['/mnt/dsc3032-gaya-shared/group6/datasets/MVTec_AD/leather/test/poke/004.png'] 0.6046041250228882
['/mnt/dsc3032-gaya-shared/group6/datasets/MVTec_AD/leather/test/poke/005.png'] 0.6077115535736084
['/mnt/dsc3032-gaya-shared/group6/datasets/MVTec_AD/leather/test/poke/006.png'] 0.4604874551296234
['/mnt/dsc3032-gaya-shared/group6/datasets/MVTec_AD/leather/test/poke/007.png'] 0.6090313196182251
['/mnt/dsc3032-gaya-shared/group6/datasets/MVTec_AD/leather/test/poke/008.png'] 0.6482871770858765
['/mnt/dsc3032-gaya-shared/group6/datasets/MVTec_AD/leather/test/poke/009.png'] 0.6249059438705444
['/mnt/dsc3032-gaya-shared/group6/datasets/MVTec_AD/leather/test/poke/010.png'] 0.5413621664047241
['/mnt/dsc3032-gaya-shared/group6/datasets/MVTec_AD/leather/test/poke/011.png'] 0.6204572916030884
['/mnt/dsc3032-gaya-shared/group6/datasets/MVTec_AD/leather/test/poke/012.png'] 0.5759041905403137
['/mnt/dsc3032-gaya-shared/group6/datasets/MVTec_AD/leather/test/poke/013.png'] 0.5683324933052063
['/mnt/dsc3032-gaya-shared/group6/datasets/MVTec_AD/leather/test/poke/014.png'] 0.5449246168136597
['/mnt/dsc3032-gaya-shared/group6/datasets/MVTec_AD/leather/test/poke/015.png'] 0.6361539363861084
['/mnt/dsc3032-gaya-shared/group6/datasets/MVTec_AD/leather/test/poke/016.png'] 0.6095945835113525
['/mnt/dsc3032-gaya-shared/group6/datasets/MVTec_AD/leather/test/poke/017.png'] 0.6044707298278809
26-06-02 17:14:30.923 - INFO: 
| category   |   K-shots |   F1-Max(image) |   AUROC(image) |   F1-Max(pixel) |   AUROC(pixel) |
|:-----------|----------:|----------------:|---------------:|----------------:|---------------:|
| leather    |         1 |           99.46 |          99.86 |           52.72 |          99.52 |
