/home/gaya6/LogSAD/dinov2/dinov2/layers/swiglu_ffn.py:43: UserWarning: xFormers is available (SwiGLU)
  warnings.warn("xFormers is available (SwiGLU)")
/home/gaya6/LogSAD/dinov2/dinov2/layers/attention.py:27: UserWarning: xFormers is available (Attention)
  warnings.warn("xFormers is available (Attention)")
/home/gaya6/LogSAD/dinov2/dinov2/layers/block.py:33: UserWarning: xFormers is available (Block)
  warnings.warn("xFormers is available (Block)")
['/mnt/dsc3032-gaya-shared/group6/datasets/MVTec_AD/metal_nut/test/bent/000.png'] 0.44699615240097046
['/mnt/dsc3032-gaya-shared/group6/datasets/MVTec_AD/metal_nut/test/bent/001.png'] 0.40228885412216187
['/mnt/dsc3032-gaya-shared/group6/datasets/MVTec_AD/metal_nut/test/bent/002.png'] 0.4110025465488434
['/mnt/dsc3032-gaya-shared/group6/datasets/MVTec_AD/metal_nut/test/bent/003.png'] 0.45540350675582886
['/mnt/dsc3032-gaya-shared/group6/datasets/MVTec_AD/metal_nut/test/bent/004.png'] 0.3693770468235016
['/mnt/dsc3032-gaya-shared/group6/datasets/MVTec_AD/metal_nut/test/bent/005.png'] 0.4572375416755676
['/mnt/dsc3032-gaya-shared/group6/datasets/MVTec_AD/metal_nut/test/bent/006.png'] 0.36953842639923096
['/mnt/dsc3032-gaya-shared/group6/datasets/MVTec_AD/metal_nut/test/bent/007.png'] 0.3659733533859253
['/mnt/dsc3032-gaya-shared/group6/datasets/MVTec_AD/metal_nut/test/bent/008.png'] 0.4257918894290924
['/mnt/dsc3032-gaya-shared/group6/datasets/MVTec_AD/metal_nut/test/bent/009.png'] 0.4629836976528168
['/mnt/dsc3032-gaya-shared/group6/datasets/MVTec_AD/metal_nut/test/bent/010.png'] 0.5442278981208801
['/mnt/dsc3032-gaya-shared/group6/datasets/MVTec_AD/metal_nut/test/bent/011.png'] 0.49412381649017334
['/mnt/dsc3032-gaya-shared/group6/datasets/MVTec_AD/metal_nut/test/bent/012.png'] 0.49797558784484863
['/mnt/dsc3032-gaya-shared/group6/datasets/MVTec_AD/metal_nut/test/bent/013.png'] 0.42192012071609497
['/mnt/dsc3032-gaya-shared/group6/datasets/MVTec_AD/metal_nut/test/bent/014.png'] 0.4167012572288513
['/mnt/dsc3032-gaya-shared/group6/datasets/MVTec_AD/metal_nut/test/bent/015.png'] 0.5361243486404419
['/mnt/dsc3032-gaya-shared/group6/datasets/MVTec_AD/metal_nut/test/bent/016.png'] 0.4858577847480774
['/mnt/dsc3032-gaya-shared/group6/datasets/MVTec_AD/metal_nut/test/bent/017.png'] 0.5681581497192383
['/mnt/dsc3032-gaya-shared/group6/datasets/MVTec_AD/metal_nut/test/bent/018.png'] 0.45911917090415955
['/mnt/dsc3032-gaya-shared/group6/datasets/MVTec_AD/metal_nut/test/bent/019.png'] 0.43436670303344727
['/mnt/dsc3032-gaya-shared/group6/datasets/MVTec_AD/metal_nut/test/bent/020.png'] 0.5667718648910522
['/mnt/dsc3032-gaya-shared/group6/datasets/MVTec_AD/metal_nut/test/bent/021.png'] 0.4448598623275757
['/mnt/dsc3032-gaya-shared/group6/datasets/MVTec_AD/metal_nut/test/bent/022.png'] 0.3921761214733124
['/mnt/dsc3032-gaya-shared/group6/datasets/MVTec_AD/metal_nut/test/bent/023.png'] 0.46300873160362244
['/mnt/dsc3032-gaya-shared/group6/datasets/MVTec_AD/metal_nut/test/bent/024.png'] 0.49773144721984863
['/mnt/dsc3032-gaya-shared/group6/datasets/MVTec_AD/metal_nut/test/color/000.png'] 0.43341901898384094
['/mnt/dsc3032-gaya-shared/group6/datasets/MVTec_AD/metal_nut/test/color/001.png'] 0.5271114110946655
['/mnt/dsc3032-gaya-shared/group6/datasets/MVTec_AD/metal_nut/test/color/002.png'] 0.5667347311973572
['/mnt/dsc3032-gaya-shared/group6/datasets/MVTec_AD/metal_nut/test/color/003.png'] 0.5798916816711426
['/mnt/dsc3032-gaya-shared/group6/datasets/MVTec_AD/metal_nut/test/color/004.png'] 0.483847975730896
['/mnt/dsc3032-gaya-shared/group6/datasets/MVTec_AD/metal_nut/test/color/005.png'] 0.5284892320632935
['/mnt/dsc3032-gaya-shared/group6/datasets/MVTec_AD/metal_nut/test/color/006.png'] 0.5071413516998291
['/mnt/dsc3032-gaya-shared/group6/datasets/MVTec_AD/metal_nut/test/color/007.png'] 0.46397626399993896
['/mnt/dsc3032-gaya-shared/group6/datasets/MVTec_AD/metal_nut/test/color/008.png'] 0.5640149712562561
['/mnt/dsc3032-gaya-shared/group6/datasets/MVTec_AD/metal_nut/test/color/009.png'] 0.5721014142036438
['/mnt/dsc3032-gaya-shared/group6/datasets/MVTec_AD/metal_nut/test/color/010.png'] 0.5478874444961548
['/mnt/dsc3032-gaya-shared/group6/datasets/MVTec_AD/metal_nut/test/color/011.png'] 0.5424708127975464
['/mnt/dsc3032-gaya-shared/group6/datasets/MVTec_AD/metal_nut/test/color/012.png'] 0.5348901748657227
['/mnt/dsc3032-gaya-shared/group6/datasets/MVTec_AD/metal_nut/test/color/013.png'] 0.5938143134117126
['/mnt/dsc3032-gaya-shared/group6/datasets/MVTec_AD/metal_nut/test/color/014.png'] 0.5981735587120056
['/mnt/dsc3032-gaya-shared/group6/datasets/MVTec_AD/metal_nut/test/color/015.png'] 0.5458831787109375
['/mnt/dsc3032-gaya-shared/group6/datasets/MVTec_AD/metal_nut/test/color/016.png'] 0.5491025447845459
['/mnt/dsc3032-gaya-shared/group6/datasets/MVTec_AD/metal_nut/test/color/017.png'] 0.5854944586753845
['/mnt/dsc3032-gaya-shared/group6/datasets/MVTec_AD/metal_nut/test/color/018.png'] 0.5184612274169922
['/mnt/dsc3032-gaya-shared/group6/datasets/MVTec_AD/metal_nut/test/color/019.png'] 0.5704511404037476
['/mnt/dsc3032-gaya-shared/group6/datasets/MVTec_AD/metal_nut/test/color/020.png'] 0.5754684209823608
['/mnt/dsc3032-gaya-shared/group6/datasets/MVTec_AD/metal_nut/test/color/021.png'] 0.5254359245300293
['/mnt/dsc3032-gaya-shared/group6/datasets/MVTec_AD/metal_nut/test/flip/000.png'] 0.4170619249343872
['/mnt/dsc3032-gaya-shared/group6/datasets/MVTec_AD/metal_nut/test/flip/001.png'] 0.39632636308670044
['/mnt/dsc3032-gaya-shared/group6/datasets/MVTec_AD/metal_nut/test/flip/002.png'] 0.42555075883865356
['/mnt/dsc3032-gaya-shared/group6/datasets/MVTec_AD/metal_nut/test/flip/003.png'] 0.4181325435638428
['/mnt/dsc3032-gaya-shared/group6/datasets/MVTec_AD/metal_nut/test/flip/004.png'] 0.42142021656036377
['/mnt/dsc3032-gaya-shared/group6/datasets/MVTec_AD/metal_nut/test/flip/005.png'] 0.42003268003463745
['/mnt/dsc3032-gaya-shared/group6/datasets/MVTec_AD/metal_nut/test/flip/006.png'] 0.4026384651660919
['/mnt/dsc3032-gaya-shared/group6/datasets/MVTec_AD/metal_nut/test/flip/007.png'] 0.3933221399784088
['/mnt/dsc3032-gaya-shared/group6/datasets/MVTec_AD/metal_nut/test/flip/008.png'] 0.3973444104194641
['/mnt/dsc3032-gaya-shared/group6/datasets/MVTec_AD/metal_nut/test/flip/009.png'] 0.4352931082248688
['/mnt/dsc3032-gaya-shared/group6/datasets/MVTec_AD/metal_nut/test/flip/010.png'] 0.40793323516845703
['/mnt/dsc3032-gaya-shared/group6/datasets/MVTec_AD/metal_nut/test/flip/011.png'] 0.4064488410949707
['/mnt/dsc3032-gaya-shared/group6/datasets/MVTec_AD/metal_nut/test/flip/012.png'] 0.3856399655342102
['/mnt/dsc3032-gaya-shared/group6/datasets/MVTec_AD/metal_nut/test/flip/013.png'] 0.40674352645874023
['/mnt/dsc3032-gaya-shared/group6/datasets/MVTec_AD/metal_nut/test/flip/014.png'] 0.419090211391449
['/mnt/dsc3032-gaya-shared/group6/datasets/MVTec_AD/metal_nut/test/flip/015.png'] 0.4102481007575989
['/mnt/dsc3032-gaya-shared/group6/datasets/MVTec_AD/metal_nut/test/flip/016.png'] 0.3820359706878662
['/mnt/dsc3032-gaya-shared/group6/datasets/MVTec_AD/metal_nut/test/flip/017.png'] 0.46538347005844116
['/mnt/dsc3032-gaya-shared/group6/datasets/MVTec_AD/metal_nut/test/flip/018.png'] 0.4115980863571167
['/mnt/dsc3032-gaya-shared/group6/datasets/MVTec_AD/metal_nut/test/flip/019.png'] 0.38768064975738525
['/mnt/dsc3032-gaya-shared/group6/datasets/MVTec_AD/metal_nut/test/flip/020.png'] 0.3978227972984314
['/mnt/dsc3032-gaya-shared/group6/datasets/MVTec_AD/metal_nut/test/flip/021.png'] 0.39401400089263916
['/mnt/dsc3032-gaya-shared/group6/datasets/MVTec_AD/metal_nut/test/flip/022.png'] 0.43209201097488403
['/mnt/dsc3032-gaya-shared/group6/datasets/MVTec_AD/metal_nut/test/good/000.png'] 0.2685672342777252
['/mnt/dsc3032-gaya-shared/group6/datasets/MVTec_AD/metal_nut/test/good/001.png'] 0.26162731647491455
['/mnt/dsc3032-gaya-shared/group6/datasets/MVTec_AD/metal_nut/test/good/002.png'] 0.27137988805770874
['/mnt/dsc3032-gaya-shared/group6/datasets/MVTec_AD/metal_nut/test/good/003.png'] 0.2845520079135895
['/mnt/dsc3032-gaya-shared/group6/datasets/MVTec_AD/metal_nut/test/good/004.png'] 0.3078519105911255
['/mnt/dsc3032-gaya-shared/group6/datasets/MVTec_AD/metal_nut/test/good/005.png'] 0.28856903314590454
['/mnt/dsc3032-gaya-shared/group6/datasets/MVTec_AD/metal_nut/test/good/006.png'] 0.34378284215927124
['/mnt/dsc3032-gaya-shared/group6/datasets/MVTec_AD/metal_nut/test/good/007.png'] 0.322754830121994
['/mnt/dsc3032-gaya-shared/group6/datasets/MVTec_AD/metal_nut/test/good/008.png'] 0.31719011068344116
['/mnt/dsc3032-gaya-shared/group6/datasets/MVTec_AD/metal_nut/test/good/009.png'] 0.30169564485549927
['/mnt/dsc3032-gaya-shared/group6/datasets/MVTec_AD/metal_nut/test/good/010.png'] 0.29684728384017944
['/mnt/dsc3032-gaya-shared/group6/datasets/MVTec_AD/metal_nut/test/good/011.png'] 0.3120938241481781
['/mnt/dsc3032-gaya-shared/group6/datasets/MVTec_AD/metal_nut/test/good/012.png'] 0.31077438592910767
['/mnt/dsc3032-gaya-shared/group6/datasets/MVTec_AD/metal_nut/test/good/013.png'] 0.39125269651412964
['/mnt/dsc3032-gaya-shared/group6/datasets/MVTec_AD/metal_nut/test/good/014.png'] 0.3038894236087799
['/mnt/dsc3032-gaya-shared/group6/datasets/MVTec_AD/metal_nut/test/good/015.png'] 0.27457159757614136
['/mnt/dsc3032-gaya-shared/group6/datasets/MVTec_AD/metal_nut/test/good/016.png'] 0.32609066367149353
['/mnt/dsc3032-gaya-shared/group6/datasets/MVTec_AD/metal_nut/test/good/017.png'] 0.2664239704608917
['/mnt/dsc3032-gaya-shared/group6/datasets/MVTec_AD/metal_nut/test/good/018.png'] 0.2887524962425232
['/mnt/dsc3032-gaya-shared/group6/datasets/MVTec_AD/metal_nut/test/good/019.png'] 0.28407907485961914
['/mnt/dsc3032-gaya-shared/group6/datasets/MVTec_AD/metal_nut/test/good/020.png'] 0.3060632348060608
['/mnt/dsc3032-gaya-shared/group6/datasets/MVTec_AD/metal_nut/test/good/021.png'] 0.25448495149612427
['/mnt/dsc3032-gaya-shared/group6/datasets/MVTec_AD/metal_nut/test/scratch/000.png'] 0.4366927742958069
['/mnt/dsc3032-gaya-shared/group6/datasets/MVTec_AD/metal_nut/test/scratch/001.png'] 0.4282742738723755
['/mnt/dsc3032-gaya-shared/group6/datasets/MVTec_AD/metal_nut/test/scratch/002.png'] 0.5081769227981567
['/mnt/dsc3032-gaya-shared/group6/datasets/MVTec_AD/metal_nut/test/scratch/003.png'] 0.3915979862213135
['/mnt/dsc3032-gaya-shared/group6/datasets/MVTec_AD/metal_nut/test/scratch/004.png'] 0.49912989139556885
['/mnt/dsc3032-gaya-shared/group6/datasets/MVTec_AD/metal_nut/test/scratch/005.png'] 0.4355008006095886
['/mnt/dsc3032-gaya-shared/group6/datasets/MVTec_AD/metal_nut/test/scratch/006.png'] 0.49058806896209717
['/mnt/dsc3032-gaya-shared/group6/datasets/MVTec_AD/metal_nut/test/scratch/007.png'] 0.4023807644844055
['/mnt/dsc3032-gaya-shared/group6/datasets/MVTec_AD/metal_nut/test/scratch/008.png'] 0.4964543282985687
['/mnt/dsc3032-gaya-shared/group6/datasets/MVTec_AD/metal_nut/test/scratch/009.png'] 0.4181845188140869
['/mnt/dsc3032-gaya-shared/group6/datasets/MVTec_AD/metal_nut/test/scratch/010.png'] 0.4724283218383789
['/mnt/dsc3032-gaya-shared/group6/datasets/MVTec_AD/metal_nut/test/scratch/011.png'] 0.46495527029037476
['/mnt/dsc3032-gaya-shared/group6/datasets/MVTec_AD/metal_nut/test/scratch/012.png'] 0.4617600440979004
['/mnt/dsc3032-gaya-shared/group6/datasets/MVTec_AD/metal_nut/test/scratch/013.png'] 0.41279137134552
['/mnt/dsc3032-gaya-shared/group6/datasets/MVTec_AD/metal_nut/test/scratch/014.png'] 0.3795134425163269
['/mnt/dsc3032-gaya-shared/group6/datasets/MVTec_AD/metal_nut/test/scratch/015.png'] 0.4650743305683136
['/mnt/dsc3032-gaya-shared/group6/datasets/MVTec_AD/metal_nut/test/scratch/016.png'] 0.45839059352874756
['/mnt/dsc3032-gaya-shared/group6/datasets/MVTec_AD/metal_nut/test/scratch/017.png'] 0.45781540870666504
['/mnt/dsc3032-gaya-shared/group6/datasets/MVTec_AD/metal_nut/test/scratch/018.png'] 0.4085187017917633
['/mnt/dsc3032-gaya-shared/group6/datasets/MVTec_AD/metal_nut/test/scratch/019.png'] 0.49409568309783936
['/mnt/dsc3032-gaya-shared/group6/datasets/MVTec_AD/metal_nut/test/scratch/020.png'] 0.3654230833053589
['/mnt/dsc3032-gaya-shared/group6/datasets/MVTec_AD/metal_nut/test/scratch/021.png'] 0.5383791327476501
['/mnt/dsc3032-gaya-shared/group6/datasets/MVTec_AD/metal_nut/test/scratch/022.png'] 0.4720265865325928
26-06-02 17:15:20.415 - INFO: 
| category   |   K-shots |   F1-Max(image) |   AUROC(image) |   F1-Max(pixel) |   AUROC(pixel) |
|:-----------|----------:|----------------:|---------------:|----------------:|---------------:|
| metal_nut  |         1 |           99.47 |          99.61 |           73.39 |          96.04 |
