/home/gaya6/LogSAD/dinov2/dinov2/layers/swiglu_ffn.py:43: UserWarning: xFormers is available (SwiGLU)
  warnings.warn("xFormers is available (SwiGLU)")
/home/gaya6/LogSAD/dinov2/dinov2/layers/attention.py:27: UserWarning: xFormers is available (Attention)
  warnings.warn("xFormers is available (Attention)")
/home/gaya6/LogSAD/dinov2/dinov2/layers/block.py:33: UserWarning: xFormers is available (Block)
  warnings.warn("xFormers is available (Block)")
['/mnt/dsc3032-gaya-shared/group6/datasets/MVTec_AD/pill/test/color/000.png'] 0.2837103605270386
['/mnt/dsc3032-gaya-shared/group6/datasets/MVTec_AD/pill/test/color/001.png'] 0.5407565832138062
['/mnt/dsc3032-gaya-shared/group6/datasets/MVTec_AD/pill/test/color/002.png'] 0.3765166401863098
['/mnt/dsc3032-gaya-shared/group6/datasets/MVTec_AD/pill/test/color/003.png'] 0.5528409481048584
['/mnt/dsc3032-gaya-shared/group6/datasets/MVTec_AD/pill/test/color/004.png'] 0.5607621669769287
['/mnt/dsc3032-gaya-shared/group6/datasets/MVTec_AD/pill/test/color/005.png'] 0.41775500774383545
['/mnt/dsc3032-gaya-shared/group6/datasets/MVTec_AD/pill/test/color/006.png'] 0.4245157539844513
['/mnt/dsc3032-gaya-shared/group6/datasets/MVTec_AD/pill/test/color/007.png'] 0.3019237518310547
['/mnt/dsc3032-gaya-shared/group6/datasets/MVTec_AD/pill/test/color/008.png'] 0.5006669759750366
['/mnt/dsc3032-gaya-shared/group6/datasets/MVTec_AD/pill/test/color/009.png'] 0.4517916440963745
['/mnt/dsc3032-gaya-shared/group6/datasets/MVTec_AD/pill/test/color/010.png'] 0.44718605279922485
['/mnt/dsc3032-gaya-shared/group6/datasets/MVTec_AD/pill/test/color/011.png'] 0.48180562257766724
['/mnt/dsc3032-gaya-shared/group6/datasets/MVTec_AD/pill/test/color/012.png'] 0.4424237012863159
['/mnt/dsc3032-gaya-shared/group6/datasets/MVTec_AD/pill/test/color/013.png'] 0.46770578622817993
['/mnt/dsc3032-gaya-shared/group6/datasets/MVTec_AD/pill/test/color/014.png'] 0.3881748914718628
['/mnt/dsc3032-gaya-shared/group6/datasets/MVTec_AD/pill/test/color/015.png'] 0.455771803855896
['/mnt/dsc3032-gaya-shared/group6/datasets/MVTec_AD/pill/test/color/016.png'] 0.36802607774734497
['/mnt/dsc3032-gaya-shared/group6/datasets/MVTec_AD/pill/test/color/017.png'] 0.35247206687927246
['/mnt/dsc3032-gaya-shared/group6/datasets/MVTec_AD/pill/test/color/018.png'] 0.3118034601211548
['/mnt/dsc3032-gaya-shared/group6/datasets/MVTec_AD/pill/test/color/019.png'] 0.3849882483482361
['/mnt/dsc3032-gaya-shared/group6/datasets/MVTec_AD/pill/test/color/020.png'] 0.3707848787307739
['/mnt/dsc3032-gaya-shared/group6/datasets/MVTec_AD/pill/test/color/021.png'] 0.39713698625564575
['/mnt/dsc3032-gaya-shared/group6/datasets/MVTec_AD/pill/test/color/022.png'] 0.5623971819877625
['/mnt/dsc3032-gaya-shared/group6/datasets/MVTec_AD/pill/test/color/023.png'] 0.5683407783508301
['/mnt/dsc3032-gaya-shared/group6/datasets/MVTec_AD/pill/test/color/024.png'] 0.3699508309364319
['/mnt/dsc3032-gaya-shared/group6/datasets/MVTec_AD/pill/test/combined/000.png'] 0.35418444871902466
['/mnt/dsc3032-gaya-shared/group6/datasets/MVTec_AD/pill/test/combined/001.png'] 0.41776242852211
['/mnt/dsc3032-gaya-shared/group6/datasets/MVTec_AD/pill/test/combined/002.png'] 0.5826020836830139
['/mnt/dsc3032-gaya-shared/group6/datasets/MVTec_AD/pill/test/combined/003.png'] 0.44847849011421204
['/mnt/dsc3032-gaya-shared/group6/datasets/MVTec_AD/pill/test/combined/004.png'] 0.422616183757782
['/mnt/dsc3032-gaya-shared/group6/datasets/MVTec_AD/pill/test/combined/005.png'] 0.4496588408946991
['/mnt/dsc3032-gaya-shared/group6/datasets/MVTec_AD/pill/test/combined/006.png'] 0.34534478187561035
['/mnt/dsc3032-gaya-shared/group6/datasets/MVTec_AD/pill/test/combined/007.png'] 0.3654431104660034
['/mnt/dsc3032-gaya-shared/group6/datasets/MVTec_AD/pill/test/combined/008.png'] 0.42159974575042725
['/mnt/dsc3032-gaya-shared/group6/datasets/MVTec_AD/pill/test/combined/009.png'] 0.5993493795394897
['/mnt/dsc3032-gaya-shared/group6/datasets/MVTec_AD/pill/test/combined/010.png'] 0.4261425733566284
['/mnt/dsc3032-gaya-shared/group6/datasets/MVTec_AD/pill/test/combined/011.png'] 0.4003741145133972
['/mnt/dsc3032-gaya-shared/group6/datasets/MVTec_AD/pill/test/combined/012.png'] 0.4239736795425415
['/mnt/dsc3032-gaya-shared/group6/datasets/MVTec_AD/pill/test/combined/013.png'] 0.40523046255111694
['/mnt/dsc3032-gaya-shared/group6/datasets/MVTec_AD/pill/test/combined/014.png'] 0.5837951898574829
['/mnt/dsc3032-gaya-shared/group6/datasets/MVTec_AD/pill/test/combined/015.png'] 0.37384241819381714
['/mnt/dsc3032-gaya-shared/group6/datasets/MVTec_AD/pill/test/combined/016.png'] 0.42169827222824097
['/mnt/dsc3032-gaya-shared/group6/datasets/MVTec_AD/pill/test/contamination/000.png'] 0.32789069414138794
['/mnt/dsc3032-gaya-shared/group6/datasets/MVTec_AD/pill/test/contamination/001.png'] 0.3158169388771057
['/mnt/dsc3032-gaya-shared/group6/datasets/MVTec_AD/pill/test/contamination/002.png'] 0.40648823976516724
['/mnt/dsc3032-gaya-shared/group6/datasets/MVTec_AD/pill/test/contamination/003.png'] 0.48989206552505493
['/mnt/dsc3032-gaya-shared/group6/datasets/MVTec_AD/pill/test/contamination/004.png'] 0.2842520475387573
['/mnt/dsc3032-gaya-shared/group6/datasets/MVTec_AD/pill/test/contamination/005.png'] 0.32489311695098877
['/mnt/dsc3032-gaya-shared/group6/datasets/MVTec_AD/pill/test/contamination/006.png'] 0.3163493275642395
['/mnt/dsc3032-gaya-shared/group6/datasets/MVTec_AD/pill/test/contamination/007.png'] 0.4524775743484497
['/mnt/dsc3032-gaya-shared/group6/datasets/MVTec_AD/pill/test/contamination/008.png'] 0.3341671824455261
['/mnt/dsc3032-gaya-shared/group6/datasets/MVTec_AD/pill/test/contamination/009.png'] 0.31251877546310425
['/mnt/dsc3032-gaya-shared/group6/datasets/MVTec_AD/pill/test/contamination/010.png'] 0.4256002902984619
['/mnt/dsc3032-gaya-shared/group6/datasets/MVTec_AD/pill/test/contamination/011.png'] 0.4460344910621643
['/mnt/dsc3032-gaya-shared/group6/datasets/MVTec_AD/pill/test/contamination/012.png'] 0.3792347311973572
['/mnt/dsc3032-gaya-shared/group6/datasets/MVTec_AD/pill/test/contamination/013.png'] 0.3145632743835449
['/mnt/dsc3032-gaya-shared/group6/datasets/MVTec_AD/pill/test/contamination/014.png'] 0.3713514804840088
['/mnt/dsc3032-gaya-shared/group6/datasets/MVTec_AD/pill/test/contamination/015.png'] 0.4493890702724457
['/mnt/dsc3032-gaya-shared/group6/datasets/MVTec_AD/pill/test/contamination/016.png'] 0.39117735624313354
['/mnt/dsc3032-gaya-shared/group6/datasets/MVTec_AD/pill/test/contamination/017.png'] 0.388411283493042
['/mnt/dsc3032-gaya-shared/group6/datasets/MVTec_AD/pill/test/contamination/018.png'] 0.39332085847854614
['/mnt/dsc3032-gaya-shared/group6/datasets/MVTec_AD/pill/test/contamination/019.png'] 0.34124934673309326
['/mnt/dsc3032-gaya-shared/group6/datasets/MVTec_AD/pill/test/contamination/020.png'] 0.375862717628479
['/mnt/dsc3032-gaya-shared/group6/datasets/MVTec_AD/pill/test/crack/000.png'] 0.34376049041748047
['/mnt/dsc3032-gaya-shared/group6/datasets/MVTec_AD/pill/test/crack/001.png'] 0.3032469153404236
['/mnt/dsc3032-gaya-shared/group6/datasets/MVTec_AD/pill/test/crack/002.png'] 0.39101630449295044
['/mnt/dsc3032-gaya-shared/group6/datasets/MVTec_AD/pill/test/crack/003.png'] 0.2914413809776306
['/mnt/dsc3032-gaya-shared/group6/datasets/MVTec_AD/pill/test/crack/004.png'] 0.3536745309829712
['/mnt/dsc3032-gaya-shared/group6/datasets/MVTec_AD/pill/test/crack/005.png'] 0.4137876033782959
['/mnt/dsc3032-gaya-shared/group6/datasets/MVTec_AD/pill/test/crack/006.png'] 0.34427815675735474
['/mnt/dsc3032-gaya-shared/group6/datasets/MVTec_AD/pill/test/crack/007.png'] 0.2926174998283386
['/mnt/dsc3032-gaya-shared/group6/datasets/MVTec_AD/pill/test/crack/008.png'] 0.30727720260620117
['/mnt/dsc3032-gaya-shared/group6/datasets/MVTec_AD/pill/test/crack/009.png'] 0.39246031641960144
['/mnt/dsc3032-gaya-shared/group6/datasets/MVTec_AD/pill/test/crack/010.png'] 0.3207387924194336
['/mnt/dsc3032-gaya-shared/group6/datasets/MVTec_AD/pill/test/crack/011.png'] 0.3931599259376526
['/mnt/dsc3032-gaya-shared/group6/datasets/MVTec_AD/pill/test/crack/012.png'] 0.3000870645046234
['/mnt/dsc3032-gaya-shared/group6/datasets/MVTec_AD/pill/test/crack/013.png'] 0.2753415107727051
['/mnt/dsc3032-gaya-shared/group6/datasets/MVTec_AD/pill/test/crack/014.png'] 0.3298933506011963
['/mnt/dsc3032-gaya-shared/group6/datasets/MVTec_AD/pill/test/crack/015.png'] 0.28428903222084045
['/mnt/dsc3032-gaya-shared/group6/datasets/MVTec_AD/pill/test/crack/016.png'] 0.31232404708862305
['/mnt/dsc3032-gaya-shared/group6/datasets/MVTec_AD/pill/test/crack/017.png'] 0.41007786989212036
['/mnt/dsc3032-gaya-shared/group6/datasets/MVTec_AD/pill/test/crack/018.png'] 0.38181012868881226
['/mnt/dsc3032-gaya-shared/group6/datasets/MVTec_AD/pill/test/crack/019.png'] 0.36105483770370483
['/mnt/dsc3032-gaya-shared/group6/datasets/MVTec_AD/pill/test/crack/020.png'] 0.3327195346355438
['/mnt/dsc3032-gaya-shared/group6/datasets/MVTec_AD/pill/test/crack/021.png'] 0.34479421377182007
['/mnt/dsc3032-gaya-shared/group6/datasets/MVTec_AD/pill/test/crack/022.png'] 0.3358239531517029
['/mnt/dsc3032-gaya-shared/group6/datasets/MVTec_AD/pill/test/crack/023.png'] 0.3974848985671997
['/mnt/dsc3032-gaya-shared/group6/datasets/MVTec_AD/pill/test/crack/024.png'] 0.2750868797302246
['/mnt/dsc3032-gaya-shared/group6/datasets/MVTec_AD/pill/test/crack/025.png'] 0.3342248797416687
['/mnt/dsc3032-gaya-shared/group6/datasets/MVTec_AD/pill/test/faulty_imprint/000.png'] 0.3651449680328369
['/mnt/dsc3032-gaya-shared/group6/datasets/MVTec_AD/pill/test/faulty_imprint/001.png'] 0.31308168172836304
['/mnt/dsc3032-gaya-shared/group6/datasets/MVTec_AD/pill/test/faulty_imprint/002.png'] 0.2955726981163025
['/mnt/dsc3032-gaya-shared/group6/datasets/MVTec_AD/pill/test/faulty_imprint/003.png'] 0.3334335684776306
['/mnt/dsc3032-gaya-shared/group6/datasets/MVTec_AD/pill/test/faulty_imprint/004.png'] 0.32242289185523987
['/mnt/dsc3032-gaya-shared/group6/datasets/MVTec_AD/pill/test/faulty_imprint/005.png'] 0.37894579768180847
['/mnt/dsc3032-gaya-shared/group6/datasets/MVTec_AD/pill/test/faulty_imprint/006.png'] 0.36831533908843994
['/mnt/dsc3032-gaya-shared/group6/datasets/MVTec_AD/pill/test/faulty_imprint/007.png'] 0.39769691228866577
['/mnt/dsc3032-gaya-shared/group6/datasets/MVTec_AD/pill/test/faulty_imprint/008.png'] 0.3845226466655731
['/mnt/dsc3032-gaya-shared/group6/datasets/MVTec_AD/pill/test/faulty_imprint/009.png'] 0.30658021569252014
['/mnt/dsc3032-gaya-shared/group6/datasets/MVTec_AD/pill/test/faulty_imprint/010.png'] 0.41140690445899963
['/mnt/dsc3032-gaya-shared/group6/datasets/MVTec_AD/pill/test/faulty_imprint/011.png'] 0.3455405831336975
['/mnt/dsc3032-gaya-shared/group6/datasets/MVTec_AD/pill/test/faulty_imprint/012.png'] 0.36448779702186584
['/mnt/dsc3032-gaya-shared/group6/datasets/MVTec_AD/pill/test/faulty_imprint/013.png'] 0.32152050733566284
['/mnt/dsc3032-gaya-shared/group6/datasets/MVTec_AD/pill/test/faulty_imprint/014.png'] 0.33632612228393555
['/mnt/dsc3032-gaya-shared/group6/datasets/MVTec_AD/pill/test/faulty_imprint/015.png'] 0.3275187611579895
['/mnt/dsc3032-gaya-shared/group6/datasets/MVTec_AD/pill/test/faulty_imprint/016.png'] 0.3664800226688385
['/mnt/dsc3032-gaya-shared/group6/datasets/MVTec_AD/pill/test/faulty_imprint/017.png'] 0.34598255157470703
['/mnt/dsc3032-gaya-shared/group6/datasets/MVTec_AD/pill/test/faulty_imprint/018.png'] 0.3179798126220703
['/mnt/dsc3032-gaya-shared/group6/datasets/MVTec_AD/pill/test/good/000.png'] 0.23118284344673157
['/mnt/dsc3032-gaya-shared/group6/datasets/MVTec_AD/pill/test/good/001.png'] 0.2741016745567322
['/mnt/dsc3032-gaya-shared/group6/datasets/MVTec_AD/pill/test/good/002.png'] 0.2213120460510254
['/mnt/dsc3032-gaya-shared/group6/datasets/MVTec_AD/pill/test/good/003.png'] 0.23044109344482422
['/mnt/dsc3032-gaya-shared/group6/datasets/MVTec_AD/pill/test/good/004.png'] 0.27348464727401733
['/mnt/dsc3032-gaya-shared/group6/datasets/MVTec_AD/pill/test/good/005.png'] 0.3238877058029175
['/mnt/dsc3032-gaya-shared/group6/datasets/MVTec_AD/pill/test/good/006.png'] 0.3931901156902313
['/mnt/dsc3032-gaya-shared/group6/datasets/MVTec_AD/pill/test/good/007.png'] 0.24495968222618103
['/mnt/dsc3032-gaya-shared/group6/datasets/MVTec_AD/pill/test/good/008.png'] 0.268410325050354
['/mnt/dsc3032-gaya-shared/group6/datasets/MVTec_AD/pill/test/good/009.png'] 0.2817608416080475
['/mnt/dsc3032-gaya-shared/group6/datasets/MVTec_AD/pill/test/good/010.png'] 0.23149578273296356
['/mnt/dsc3032-gaya-shared/group6/datasets/MVTec_AD/pill/test/good/011.png'] 0.27411770820617676
['/mnt/dsc3032-gaya-shared/group6/datasets/MVTec_AD/pill/test/good/012.png'] 0.3085366487503052
['/mnt/dsc3032-gaya-shared/group6/datasets/MVTec_AD/pill/test/good/013.png'] 0.20027755200862885
['/mnt/dsc3032-gaya-shared/group6/datasets/MVTec_AD/pill/test/good/014.png'] 0.32087111473083496
['/mnt/dsc3032-gaya-shared/group6/datasets/MVTec_AD/pill/test/good/015.png'] 0.26247966289520264
['/mnt/dsc3032-gaya-shared/group6/datasets/MVTec_AD/pill/test/good/016.png'] 0.2999981939792633
['/mnt/dsc3032-gaya-shared/group6/datasets/MVTec_AD/pill/test/good/017.png'] 0.33398860692977905
['/mnt/dsc3032-gaya-shared/group6/datasets/MVTec_AD/pill/test/good/018.png'] 0.3684769868850708
['/mnt/dsc3032-gaya-shared/group6/datasets/MVTec_AD/pill/test/good/019.png'] 0.36510491371154785
['/mnt/dsc3032-gaya-shared/group6/datasets/MVTec_AD/pill/test/good/020.png'] 0.22751484811306
['/mnt/dsc3032-gaya-shared/group6/datasets/MVTec_AD/pill/test/good/021.png'] 0.24765217304229736
['/mnt/dsc3032-gaya-shared/group6/datasets/MVTec_AD/pill/test/good/022.png'] 0.24448703229427338
['/mnt/dsc3032-gaya-shared/group6/datasets/MVTec_AD/pill/test/good/023.png'] 0.27991458773612976
['/mnt/dsc3032-gaya-shared/group6/datasets/MVTec_AD/pill/test/good/024.png'] 0.36096906661987305
['/mnt/dsc3032-gaya-shared/group6/datasets/MVTec_AD/pill/test/good/025.png'] 0.26188933849334717
['/mnt/dsc3032-gaya-shared/group6/datasets/MVTec_AD/pill/test/pill_type/000.png'] 0.503118634223938
['/mnt/dsc3032-gaya-shared/group6/datasets/MVTec_AD/pill/test/pill_type/001.png'] 0.5011196136474609
['/mnt/dsc3032-gaya-shared/group6/datasets/MVTec_AD/pill/test/pill_type/002.png'] 0.4655076265335083
['/mnt/dsc3032-gaya-shared/group6/datasets/MVTec_AD/pill/test/pill_type/003.png'] 0.47929608821868896
['/mnt/dsc3032-gaya-shared/group6/datasets/MVTec_AD/pill/test/pill_type/004.png'] 0.47161275148391724
['/mnt/dsc3032-gaya-shared/group6/datasets/MVTec_AD/pill/test/pill_type/005.png'] 0.45276349782943726
['/mnt/dsc3032-gaya-shared/group6/datasets/MVTec_AD/pill/test/pill_type/006.png'] 0.5160512924194336
['/mnt/dsc3032-gaya-shared/group6/datasets/MVTec_AD/pill/test/pill_type/007.png'] 0.4531359076499939
['/mnt/dsc3032-gaya-shared/group6/datasets/MVTec_AD/pill/test/pill_type/008.png'] 0.473984956741333
['/mnt/dsc3032-gaya-shared/group6/datasets/MVTec_AD/pill/test/scratch/000.png'] 0.32316944003105164
['/mnt/dsc3032-gaya-shared/group6/datasets/MVTec_AD/pill/test/scratch/001.png'] 0.3162718117237091
['/mnt/dsc3032-gaya-shared/group6/datasets/MVTec_AD/pill/test/scratch/002.png'] 0.3908247649669647
['/mnt/dsc3032-gaya-shared/group6/datasets/MVTec_AD/pill/test/scratch/003.png'] 0.32553648948669434
['/mnt/dsc3032-gaya-shared/group6/datasets/MVTec_AD/pill/test/scratch/004.png'] 0.3913186490535736
['/mnt/dsc3032-gaya-shared/group6/datasets/MVTec_AD/pill/test/scratch/005.png'] 0.306318461894989
['/mnt/dsc3032-gaya-shared/group6/datasets/MVTec_AD/pill/test/scratch/006.png'] 0.4135778546333313
['/mnt/dsc3032-gaya-shared/group6/datasets/MVTec_AD/pill/test/scratch/007.png'] 0.35029488801956177
['/mnt/dsc3032-gaya-shared/group6/datasets/MVTec_AD/pill/test/scratch/008.png'] 0.3351224362850189
['/mnt/dsc3032-gaya-shared/group6/datasets/MVTec_AD/pill/test/scratch/009.png'] 0.4052528142929077
['/mnt/dsc3032-gaya-shared/group6/datasets/MVTec_AD/pill/test/scratch/010.png'] 0.3883323669433594
['/mnt/dsc3032-gaya-shared/group6/datasets/MVTec_AD/pill/test/scratch/011.png'] 0.39687520265579224
['/mnt/dsc3032-gaya-shared/group6/datasets/MVTec_AD/pill/test/scratch/012.png'] 0.36314857006073
['/mnt/dsc3032-gaya-shared/group6/datasets/MVTec_AD/pill/test/scratch/013.png'] 0.4310873746871948
['/mnt/dsc3032-gaya-shared/group6/datasets/MVTec_AD/pill/test/scratch/014.png'] 0.4116363525390625
['/mnt/dsc3032-gaya-shared/group6/datasets/MVTec_AD/pill/test/scratch/015.png'] 0.36854541301727295
['/mnt/dsc3032-gaya-shared/group6/datasets/MVTec_AD/pill/test/scratch/016.png'] 0.34492743015289307
['/mnt/dsc3032-gaya-shared/group6/datasets/MVTec_AD/pill/test/scratch/017.png'] 0.39101988077163696
['/mnt/dsc3032-gaya-shared/group6/datasets/MVTec_AD/pill/test/scratch/018.png'] 0.4095551371574402
['/mnt/dsc3032-gaya-shared/group6/datasets/MVTec_AD/pill/test/scratch/019.png'] 0.3689262270927429
['/mnt/dsc3032-gaya-shared/group6/datasets/MVTec_AD/pill/test/scratch/020.png'] 0.4313543438911438
['/mnt/dsc3032-gaya-shared/group6/datasets/MVTec_AD/pill/test/scratch/021.png'] 0.48335546255111694
['/mnt/dsc3032-gaya-shared/group6/datasets/MVTec_AD/pill/test/scratch/022.png'] 0.3649139702320099
['/mnt/dsc3032-gaya-shared/group6/datasets/MVTec_AD/pill/test/scratch/023.png'] 0.42216217517852783
26-06-02 17:16:19.160 - INFO: 
| category   |   K-shots |   F1-Max(image) |   AUROC(image) |   F1-Max(pixel) |   AUROC(pixel) |
|:-----------|----------:|----------------:|---------------:|----------------:|---------------:|
| pill       |         1 |           96.25 |          90.18 |           67.23 |          96.54 |
