/home/gaya6/LogSAD/dinov2/dinov2/layers/swiglu_ffn.py:43: UserWarning: xFormers is available (SwiGLU)
  warnings.warn("xFormers is available (SwiGLU)")
/home/gaya6/LogSAD/dinov2/dinov2/layers/attention.py:27: UserWarning: xFormers is available (Attention)
  warnings.warn("xFormers is available (Attention)")
/home/gaya6/LogSAD/dinov2/dinov2/layers/block.py:33: UserWarning: xFormers is available (Block)
  warnings.warn("xFormers is available (Block)")
['/mnt/dsc3032-gaya-shared/group6/datasets/MVTec_AD/screw/test/good/000.png'] 0.42205625772476196
['/mnt/dsc3032-gaya-shared/group6/datasets/MVTec_AD/screw/test/good/001.png'] 0.42029932141304016
['/mnt/dsc3032-gaya-shared/group6/datasets/MVTec_AD/screw/test/good/002.png'] 0.43177029490470886
['/mnt/dsc3032-gaya-shared/group6/datasets/MVTec_AD/screw/test/good/003.png'] 0.38623732328414917
['/mnt/dsc3032-gaya-shared/group6/datasets/MVTec_AD/screw/test/good/004.png'] 0.4065675735473633
['/mnt/dsc3032-gaya-shared/group6/datasets/MVTec_AD/screw/test/good/005.png'] 0.4409829378128052
['/mnt/dsc3032-gaya-shared/group6/datasets/MVTec_AD/screw/test/good/006.png'] 0.4668347239494324
['/mnt/dsc3032-gaya-shared/group6/datasets/MVTec_AD/screw/test/good/007.png'] 0.21832294762134552
['/mnt/dsc3032-gaya-shared/group6/datasets/MVTec_AD/screw/test/good/008.png'] 0.3049693703651428
['/mnt/dsc3032-gaya-shared/group6/datasets/MVTec_AD/screw/test/good/009.png'] 0.3977714478969574
['/mnt/dsc3032-gaya-shared/group6/datasets/MVTec_AD/screw/test/good/010.png'] 0.34800228476524353
['/mnt/dsc3032-gaya-shared/group6/datasets/MVTec_AD/screw/test/good/011.png'] 0.4372990131378174
['/mnt/dsc3032-gaya-shared/group6/datasets/MVTec_AD/screw/test/good/012.png'] 0.31480085849761963
['/mnt/dsc3032-gaya-shared/group6/datasets/MVTec_AD/screw/test/good/013.png'] 0.33159786462783813
['/mnt/dsc3032-gaya-shared/group6/datasets/MVTec_AD/screw/test/good/014.png'] 0.39323335886001587
['/mnt/dsc3032-gaya-shared/group6/datasets/MVTec_AD/screw/test/good/015.png'] 0.39558136463165283
['/mnt/dsc3032-gaya-shared/group6/datasets/MVTec_AD/screw/test/good/016.png'] 0.39600104093551636
['/mnt/dsc3032-gaya-shared/group6/datasets/MVTec_AD/screw/test/good/017.png'] 0.408816933631897
['/mnt/dsc3032-gaya-shared/group6/datasets/MVTec_AD/screw/test/good/018.png'] 0.3432958126068115
['/mnt/dsc3032-gaya-shared/group6/datasets/MVTec_AD/screw/test/good/019.png'] 0.3463263511657715
['/mnt/dsc3032-gaya-shared/group6/datasets/MVTec_AD/screw/test/good/020.png'] 0.5280128121376038
['/mnt/dsc3032-gaya-shared/group6/datasets/MVTec_AD/screw/test/good/021.png'] 0.35358524322509766
['/mnt/dsc3032-gaya-shared/group6/datasets/MVTec_AD/screw/test/good/022.png'] 0.3964076340198517
['/mnt/dsc3032-gaya-shared/group6/datasets/MVTec_AD/screw/test/good/023.png'] 0.409045547246933
['/mnt/dsc3032-gaya-shared/group6/datasets/MVTec_AD/screw/test/good/024.png'] 0.4563182592391968
['/mnt/dsc3032-gaya-shared/group6/datasets/MVTec_AD/screw/test/good/025.png'] 0.3727049231529236
['/mnt/dsc3032-gaya-shared/group6/datasets/MVTec_AD/screw/test/good/026.png'] 0.23005947470664978
['/mnt/dsc3032-gaya-shared/group6/datasets/MVTec_AD/screw/test/good/027.png'] 0.3283795118331909
['/mnt/dsc3032-gaya-shared/group6/datasets/MVTec_AD/screw/test/good/028.png'] 0.4042159914970398
['/mnt/dsc3032-gaya-shared/group6/datasets/MVTec_AD/screw/test/good/029.png'] 0.39551442861557007
['/mnt/dsc3032-gaya-shared/group6/datasets/MVTec_AD/screw/test/good/030.png'] 0.3601034879684448
['/mnt/dsc3032-gaya-shared/group6/datasets/MVTec_AD/screw/test/good/031.png'] 0.32845181226730347
['/mnt/dsc3032-gaya-shared/group6/datasets/MVTec_AD/screw/test/good/032.png'] 0.4369083046913147
['/mnt/dsc3032-gaya-shared/group6/datasets/MVTec_AD/screw/test/good/033.png'] 0.22527876496315002
['/mnt/dsc3032-gaya-shared/group6/datasets/MVTec_AD/screw/test/good/034.png'] 0.39521294832229614
['/mnt/dsc3032-gaya-shared/group6/datasets/MVTec_AD/screw/test/good/035.png'] 0.35971248149871826
['/mnt/dsc3032-gaya-shared/group6/datasets/MVTec_AD/screw/test/good/036.png'] 0.39314407110214233
['/mnt/dsc3032-gaya-shared/group6/datasets/MVTec_AD/screw/test/good/037.png'] 0.3539557456970215
['/mnt/dsc3032-gaya-shared/group6/datasets/MVTec_AD/screw/test/good/038.png'] 0.19214382767677307
['/mnt/dsc3032-gaya-shared/group6/datasets/MVTec_AD/screw/test/good/039.png'] 0.3165414333343506
['/mnt/dsc3032-gaya-shared/group6/datasets/MVTec_AD/screw/test/good/040.png'] 0.3693414330482483
['/mnt/dsc3032-gaya-shared/group6/datasets/MVTec_AD/screw/test/manipulated_front/000.png'] 0.26030540466308594
['/mnt/dsc3032-gaya-shared/group6/datasets/MVTec_AD/screw/test/manipulated_front/001.png'] 0.3686479330062866
['/mnt/dsc3032-gaya-shared/group6/datasets/MVTec_AD/screw/test/manipulated_front/002.png'] 0.34695255756378174
['/mnt/dsc3032-gaya-shared/group6/datasets/MVTec_AD/screw/test/manipulated_front/003.png'] 0.48763507604599
['/mnt/dsc3032-gaya-shared/group6/datasets/MVTec_AD/screw/test/manipulated_front/004.png'] 0.40333622694015503
['/mnt/dsc3032-gaya-shared/group6/datasets/MVTec_AD/screw/test/manipulated_front/005.png'] 0.4096636176109314
['/mnt/dsc3032-gaya-shared/group6/datasets/MVTec_AD/screw/test/manipulated_front/006.png'] 0.314260333776474
['/mnt/dsc3032-gaya-shared/group6/datasets/MVTec_AD/screw/test/manipulated_front/007.png'] 0.41482216119766235
['/mnt/dsc3032-gaya-shared/group6/datasets/MVTec_AD/screw/test/manipulated_front/008.png'] 0.43446099758148193
['/mnt/dsc3032-gaya-shared/group6/datasets/MVTec_AD/screw/test/manipulated_front/009.png'] 0.3726634085178375
['/mnt/dsc3032-gaya-shared/group6/datasets/MVTec_AD/screw/test/manipulated_front/010.png'] 0.39206549525260925
['/mnt/dsc3032-gaya-shared/group6/datasets/MVTec_AD/screw/test/manipulated_front/011.png'] 0.3642565608024597
['/mnt/dsc3032-gaya-shared/group6/datasets/MVTec_AD/screw/test/manipulated_front/012.png'] 0.3107869327068329
['/mnt/dsc3032-gaya-shared/group6/datasets/MVTec_AD/screw/test/manipulated_front/013.png'] 0.40619948506355286
['/mnt/dsc3032-gaya-shared/group6/datasets/MVTec_AD/screw/test/manipulated_front/014.png'] 0.434118390083313
['/mnt/dsc3032-gaya-shared/group6/datasets/MVTec_AD/screw/test/manipulated_front/015.png'] 0.41175347566604614
['/mnt/dsc3032-gaya-shared/group6/datasets/MVTec_AD/screw/test/manipulated_front/016.png'] 0.44045570492744446
['/mnt/dsc3032-gaya-shared/group6/datasets/MVTec_AD/screw/test/manipulated_front/017.png'] 0.36402028799057007
['/mnt/dsc3032-gaya-shared/group6/datasets/MVTec_AD/screw/test/manipulated_front/018.png'] 0.5238834619522095
['/mnt/dsc3032-gaya-shared/group6/datasets/MVTec_AD/screw/test/manipulated_front/019.png'] 0.4177854657173157
['/mnt/dsc3032-gaya-shared/group6/datasets/MVTec_AD/screw/test/manipulated_front/020.png'] 0.26271846890449524
['/mnt/dsc3032-gaya-shared/group6/datasets/MVTec_AD/screw/test/manipulated_front/021.png'] 0.37166476249694824
['/mnt/dsc3032-gaya-shared/group6/datasets/MVTec_AD/screw/test/manipulated_front/022.png'] 0.4457465410232544
['/mnt/dsc3032-gaya-shared/group6/datasets/MVTec_AD/screw/test/manipulated_front/023.png'] 0.37858712673187256
['/mnt/dsc3032-gaya-shared/group6/datasets/MVTec_AD/screw/test/scratch_head/000.png'] 0.42515453696250916
['/mnt/dsc3032-gaya-shared/group6/datasets/MVTec_AD/screw/test/scratch_head/001.png'] 0.5043972730636597
['/mnt/dsc3032-gaya-shared/group6/datasets/MVTec_AD/screw/test/scratch_head/002.png'] 0.4419710040092468
['/mnt/dsc3032-gaya-shared/group6/datasets/MVTec_AD/screw/test/scratch_head/003.png'] 0.35950151085853577
['/mnt/dsc3032-gaya-shared/group6/datasets/MVTec_AD/screw/test/scratch_head/004.png'] 0.27367377281188965
['/mnt/dsc3032-gaya-shared/group6/datasets/MVTec_AD/screw/test/scratch_head/005.png'] 0.5241590738296509
['/mnt/dsc3032-gaya-shared/group6/datasets/MVTec_AD/screw/test/scratch_head/006.png'] 0.3415122628211975
['/mnt/dsc3032-gaya-shared/group6/datasets/MVTec_AD/screw/test/scratch_head/007.png'] 0.4978313446044922
['/mnt/dsc3032-gaya-shared/group6/datasets/MVTec_AD/screw/test/scratch_head/008.png'] 0.4407637119293213
['/mnt/dsc3032-gaya-shared/group6/datasets/MVTec_AD/screw/test/scratch_head/009.png'] 0.45317962765693665
['/mnt/dsc3032-gaya-shared/group6/datasets/MVTec_AD/screw/test/scratch_head/010.png'] 0.3990735113620758
['/mnt/dsc3032-gaya-shared/group6/datasets/MVTec_AD/screw/test/scratch_head/011.png'] 0.4660012722015381
['/mnt/dsc3032-gaya-shared/group6/datasets/MVTec_AD/screw/test/scratch_head/012.png'] 0.4177889823913574
['/mnt/dsc3032-gaya-shared/group6/datasets/MVTec_AD/screw/test/scratch_head/013.png'] 0.33655136823654175
['/mnt/dsc3032-gaya-shared/group6/datasets/MVTec_AD/screw/test/scratch_head/014.png'] 0.46590352058410645
['/mnt/dsc3032-gaya-shared/group6/datasets/MVTec_AD/screw/test/scratch_head/015.png'] 0.4603410065174103
['/mnt/dsc3032-gaya-shared/group6/datasets/MVTec_AD/screw/test/scratch_head/016.png'] 0.477865070104599
['/mnt/dsc3032-gaya-shared/group6/datasets/MVTec_AD/screw/test/scratch_head/017.png'] 0.4765781760215759
['/mnt/dsc3032-gaya-shared/group6/datasets/MVTec_AD/screw/test/scratch_head/018.png'] 0.4290056526660919
['/mnt/dsc3032-gaya-shared/group6/datasets/MVTec_AD/screw/test/scratch_head/019.png'] 0.3477665185928345
['/mnt/dsc3032-gaya-shared/group6/datasets/MVTec_AD/screw/test/scratch_head/020.png'] 0.48941731452941895
['/mnt/dsc3032-gaya-shared/group6/datasets/MVTec_AD/screw/test/scratch_head/021.png'] 0.46092480421066284
['/mnt/dsc3032-gaya-shared/group6/datasets/MVTec_AD/screw/test/scratch_head/022.png'] 0.4973421096801758
['/mnt/dsc3032-gaya-shared/group6/datasets/MVTec_AD/screw/test/scratch_head/023.png'] 0.33810707926750183
['/mnt/dsc3032-gaya-shared/group6/datasets/MVTec_AD/screw/test/scratch_neck/000.png'] 0.4104911983013153
['/mnt/dsc3032-gaya-shared/group6/datasets/MVTec_AD/screw/test/scratch_neck/001.png'] 0.3894433081150055
['/mnt/dsc3032-gaya-shared/group6/datasets/MVTec_AD/screw/test/scratch_neck/002.png'] 0.4157133102416992
['/mnt/dsc3032-gaya-shared/group6/datasets/MVTec_AD/screw/test/scratch_neck/003.png'] 0.5531314611434937
['/mnt/dsc3032-gaya-shared/group6/datasets/MVTec_AD/screw/test/scratch_neck/004.png'] 0.35166189074516296
['/mnt/dsc3032-gaya-shared/group6/datasets/MVTec_AD/screw/test/scratch_neck/005.png'] 0.4143657982349396
['/mnt/dsc3032-gaya-shared/group6/datasets/MVTec_AD/screw/test/scratch_neck/006.png'] 0.42708688974380493
['/mnt/dsc3032-gaya-shared/group6/datasets/MVTec_AD/screw/test/scratch_neck/007.png'] 0.4030659794807434
['/mnt/dsc3032-gaya-shared/group6/datasets/MVTec_AD/screw/test/scratch_neck/008.png'] 0.45077356696128845
['/mnt/dsc3032-gaya-shared/group6/datasets/MVTec_AD/screw/test/scratch_neck/009.png'] 0.4487382173538208
['/mnt/dsc3032-gaya-shared/group6/datasets/MVTec_AD/screw/test/scratch_neck/010.png'] 0.3877633213996887
['/mnt/dsc3032-gaya-shared/group6/datasets/MVTec_AD/screw/test/scratch_neck/011.png'] 0.35267579555511475
['/mnt/dsc3032-gaya-shared/group6/datasets/MVTec_AD/screw/test/scratch_neck/012.png'] 0.4022931754589081
['/mnt/dsc3032-gaya-shared/group6/datasets/MVTec_AD/screw/test/scratch_neck/013.png'] 0.4373200237751007
['/mnt/dsc3032-gaya-shared/group6/datasets/MVTec_AD/screw/test/scratch_neck/014.png'] 0.4491788148880005
['/mnt/dsc3032-gaya-shared/group6/datasets/MVTec_AD/screw/test/scratch_neck/015.png'] 0.43338465690612793
['/mnt/dsc3032-gaya-shared/group6/datasets/MVTec_AD/screw/test/scratch_neck/016.png'] 0.3686063885688782
['/mnt/dsc3032-gaya-shared/group6/datasets/MVTec_AD/screw/test/scratch_neck/017.png'] 0.4127194881439209
['/mnt/dsc3032-gaya-shared/group6/datasets/MVTec_AD/screw/test/scratch_neck/018.png'] 0.4055299460887909
['/mnt/dsc3032-gaya-shared/group6/datasets/MVTec_AD/screw/test/scratch_neck/019.png'] 0.4876950979232788
['/mnt/dsc3032-gaya-shared/group6/datasets/MVTec_AD/screw/test/scratch_neck/020.png'] 0.41679996252059937
['/mnt/dsc3032-gaya-shared/group6/datasets/MVTec_AD/screw/test/scratch_neck/021.png'] 0.3627561032772064
['/mnt/dsc3032-gaya-shared/group6/datasets/MVTec_AD/screw/test/scratch_neck/022.png'] 0.3649529218673706
['/mnt/dsc3032-gaya-shared/group6/datasets/MVTec_AD/screw/test/scratch_neck/023.png'] 0.39510321617126465
['/mnt/dsc3032-gaya-shared/group6/datasets/MVTec_AD/screw/test/scratch_neck/024.png'] 0.4927985370159149
['/mnt/dsc3032-gaya-shared/group6/datasets/MVTec_AD/screw/test/thread_side/000.png'] 0.38287532329559326
['/mnt/dsc3032-gaya-shared/group6/datasets/MVTec_AD/screw/test/thread_side/001.png'] 0.43420636653900146
['/mnt/dsc3032-gaya-shared/group6/datasets/MVTec_AD/screw/test/thread_side/002.png'] 0.3952941596508026
['/mnt/dsc3032-gaya-shared/group6/datasets/MVTec_AD/screw/test/thread_side/003.png'] 0.4300437569618225
['/mnt/dsc3032-gaya-shared/group6/datasets/MVTec_AD/screw/test/thread_side/004.png'] 0.3456575572490692
['/mnt/dsc3032-gaya-shared/group6/datasets/MVTec_AD/screw/test/thread_side/005.png'] 0.3940480351448059
['/mnt/dsc3032-gaya-shared/group6/datasets/MVTec_AD/screw/test/thread_side/006.png'] 0.38688939809799194
['/mnt/dsc3032-gaya-shared/group6/datasets/MVTec_AD/screw/test/thread_side/007.png'] 0.4520845115184784
['/mnt/dsc3032-gaya-shared/group6/datasets/MVTec_AD/screw/test/thread_side/008.png'] 0.4537516236305237
['/mnt/dsc3032-gaya-shared/group6/datasets/MVTec_AD/screw/test/thread_side/009.png'] 0.33739715814590454
['/mnt/dsc3032-gaya-shared/group6/datasets/MVTec_AD/screw/test/thread_side/010.png'] 0.4554576873779297
['/mnt/dsc3032-gaya-shared/group6/datasets/MVTec_AD/screw/test/thread_side/011.png'] 0.4145625829696655
['/mnt/dsc3032-gaya-shared/group6/datasets/MVTec_AD/screw/test/thread_side/012.png'] 0.2766190767288208
['/mnt/dsc3032-gaya-shared/group6/datasets/MVTec_AD/screw/test/thread_side/013.png'] 0.29916197061538696
['/mnt/dsc3032-gaya-shared/group6/datasets/MVTec_AD/screw/test/thread_side/014.png'] 0.4141603410243988
['/mnt/dsc3032-gaya-shared/group6/datasets/MVTec_AD/screw/test/thread_side/015.png'] 0.4535599946975708
['/mnt/dsc3032-gaya-shared/group6/datasets/MVTec_AD/screw/test/thread_side/016.png'] 0.4254685640335083
['/mnt/dsc3032-gaya-shared/group6/datasets/MVTec_AD/screw/test/thread_side/017.png'] 0.38592129945755005
['/mnt/dsc3032-gaya-shared/group6/datasets/MVTec_AD/screw/test/thread_side/018.png'] 0.4674699008464813
['/mnt/dsc3032-gaya-shared/group6/datasets/MVTec_AD/screw/test/thread_side/019.png'] 0.47166264057159424
['/mnt/dsc3032-gaya-shared/group6/datasets/MVTec_AD/screw/test/thread_side/020.png'] 0.27927544713020325
['/mnt/dsc3032-gaya-shared/group6/datasets/MVTec_AD/screw/test/thread_side/021.png'] 0.45922979712486267
['/mnt/dsc3032-gaya-shared/group6/datasets/MVTec_AD/screw/test/thread_side/022.png'] 0.4483177065849304
['/mnt/dsc3032-gaya-shared/group6/datasets/MVTec_AD/screw/test/thread_top/000.png'] 0.4576258659362793
['/mnt/dsc3032-gaya-shared/group6/datasets/MVTec_AD/screw/test/thread_top/001.png'] 0.3918455243110657
['/mnt/dsc3032-gaya-shared/group6/datasets/MVTec_AD/screw/test/thread_top/002.png'] 0.29160434007644653
['/mnt/dsc3032-gaya-shared/group6/datasets/MVTec_AD/screw/test/thread_top/003.png'] 0.2691904604434967
['/mnt/dsc3032-gaya-shared/group6/datasets/MVTec_AD/screw/test/thread_top/004.png'] 0.4643757939338684
['/mnt/dsc3032-gaya-shared/group6/datasets/MVTec_AD/screw/test/thread_top/005.png'] 0.40479257702827454
['/mnt/dsc3032-gaya-shared/group6/datasets/MVTec_AD/screw/test/thread_top/006.png'] 0.3213692307472229
['/mnt/dsc3032-gaya-shared/group6/datasets/MVTec_AD/screw/test/thread_top/007.png'] 0.34962671995162964
['/mnt/dsc3032-gaya-shared/group6/datasets/MVTec_AD/screw/test/thread_top/008.png'] 0.362565279006958
['/mnt/dsc3032-gaya-shared/group6/datasets/MVTec_AD/screw/test/thread_top/009.png'] 0.4678831696510315
['/mnt/dsc3032-gaya-shared/group6/datasets/MVTec_AD/screw/test/thread_top/010.png'] 0.45593780279159546
['/mnt/dsc3032-gaya-shared/group6/datasets/MVTec_AD/screw/test/thread_top/011.png'] 0.3247905671596527
['/mnt/dsc3032-gaya-shared/group6/datasets/MVTec_AD/screw/test/thread_top/012.png'] 0.41673970222473145
['/mnt/dsc3032-gaya-shared/group6/datasets/MVTec_AD/screw/test/thread_top/013.png'] 0.4158899188041687
['/mnt/dsc3032-gaya-shared/group6/datasets/MVTec_AD/screw/test/thread_top/014.png'] 0.39064574241638184
['/mnt/dsc3032-gaya-shared/group6/datasets/MVTec_AD/screw/test/thread_top/015.png'] 0.40039026737213135
['/mnt/dsc3032-gaya-shared/group6/datasets/MVTec_AD/screw/test/thread_top/016.png'] 0.42731571197509766
['/mnt/dsc3032-gaya-shared/group6/datasets/MVTec_AD/screw/test/thread_top/017.png'] 0.46538200974464417
['/mnt/dsc3032-gaya-shared/group6/datasets/MVTec_AD/screw/test/thread_top/018.png'] 0.3825589716434479
['/mnt/dsc3032-gaya-shared/group6/datasets/MVTec_AD/screw/test/thread_top/019.png'] 0.46011438965797424
['/mnt/dsc3032-gaya-shared/group6/datasets/MVTec_AD/screw/test/thread_top/020.png'] 0.44947290420532227
['/mnt/dsc3032-gaya-shared/group6/datasets/MVTec_AD/screw/test/thread_top/021.png'] 0.4233938753604889
['/mnt/dsc3032-gaya-shared/group6/datasets/MVTec_AD/screw/test/thread_top/022.png'] 0.31154388189315796
26-06-02 17:17:16.118 - INFO: 
| category   |   K-shots |   F1-Max(image) |   AUROC(image) |   F1-Max(pixel) |   AUROC(pixel) |
|:-----------|----------:|----------------:|---------------:|----------------:|---------------:|
| screw      |         1 |           86.55 |          65.96 |           18.61 |          95.28 |
