/home/gaya6/LogSAD/dinov2/dinov2/layers/swiglu_ffn.py:43: UserWarning: xFormers is available (SwiGLU)
  warnings.warn("xFormers is available (SwiGLU)")
/home/gaya6/LogSAD/dinov2/dinov2/layers/attention.py:27: UserWarning: xFormers is available (Attention)
  warnings.warn("xFormers is available (Attention)")
/home/gaya6/LogSAD/dinov2/dinov2/layers/block.py:33: UserWarning: xFormers is available (Block)
  warnings.warn("xFormers is available (Block)")
['/mnt/dsc3032-gaya-shared/group6/datasets/MVTec_AD/tile/test/crack/000.png'] 0.6719281673431396
['/mnt/dsc3032-gaya-shared/group6/datasets/MVTec_AD/tile/test/crack/001.png'] 0.6711508631706238
['/mnt/dsc3032-gaya-shared/group6/datasets/MVTec_AD/tile/test/crack/002.png'] 0.6820727586746216
['/mnt/dsc3032-gaya-shared/group6/datasets/MVTec_AD/tile/test/crack/003.png'] 0.6649520397186279
['/mnt/dsc3032-gaya-shared/group6/datasets/MVTec_AD/tile/test/crack/004.png'] 0.6498309969902039
['/mnt/dsc3032-gaya-shared/group6/datasets/MVTec_AD/tile/test/crack/005.png'] 0.5399318337440491
['/mnt/dsc3032-gaya-shared/group6/datasets/MVTec_AD/tile/test/crack/006.png'] 0.6804726719856262
['/mnt/dsc3032-gaya-shared/group6/datasets/MVTec_AD/tile/test/crack/007.png'] 0.681374192237854
['/mnt/dsc3032-gaya-shared/group6/datasets/MVTec_AD/tile/test/crack/008.png'] 0.6927434206008911
['/mnt/dsc3032-gaya-shared/group6/datasets/MVTec_AD/tile/test/crack/009.png'] 0.6625605225563049
['/mnt/dsc3032-gaya-shared/group6/datasets/MVTec_AD/tile/test/crack/010.png'] 0.6699841022491455
['/mnt/dsc3032-gaya-shared/group6/datasets/MVTec_AD/tile/test/crack/011.png'] 0.6571990847587585
['/mnt/dsc3032-gaya-shared/group6/datasets/MVTec_AD/tile/test/crack/012.png'] 0.6544187664985657
['/mnt/dsc3032-gaya-shared/group6/datasets/MVTec_AD/tile/test/crack/013.png'] 0.6594811677932739
['/mnt/dsc3032-gaya-shared/group6/datasets/MVTec_AD/tile/test/crack/014.png'] 0.6270695924758911
['/mnt/dsc3032-gaya-shared/group6/datasets/MVTec_AD/tile/test/crack/015.png'] 0.6245250701904297
['/mnt/dsc3032-gaya-shared/group6/datasets/MVTec_AD/tile/test/crack/016.png'] 0.6611137986183167
['/mnt/dsc3032-gaya-shared/group6/datasets/MVTec_AD/tile/test/glue_strip/000.png'] 0.5952227115631104
['/mnt/dsc3032-gaya-shared/group6/datasets/MVTec_AD/tile/test/glue_strip/001.png'] 0.5969511270523071
['/mnt/dsc3032-gaya-shared/group6/datasets/MVTec_AD/tile/test/glue_strip/002.png'] 0.5809467434883118
['/mnt/dsc3032-gaya-shared/group6/datasets/MVTec_AD/tile/test/glue_strip/003.png'] 0.5816860198974609
['/mnt/dsc3032-gaya-shared/group6/datasets/MVTec_AD/tile/test/glue_strip/004.png'] 0.6704744100570679
['/mnt/dsc3032-gaya-shared/group6/datasets/MVTec_AD/tile/test/glue_strip/005.png'] 0.538162887096405
['/mnt/dsc3032-gaya-shared/group6/datasets/MVTec_AD/tile/test/glue_strip/006.png'] 0.6007117033004761
['/mnt/dsc3032-gaya-shared/group6/datasets/MVTec_AD/tile/test/glue_strip/007.png'] 0.5882700085639954
['/mnt/dsc3032-gaya-shared/group6/datasets/MVTec_AD/tile/test/glue_strip/008.png'] 0.6460257768630981
['/mnt/dsc3032-gaya-shared/group6/datasets/MVTec_AD/tile/test/glue_strip/009.png'] 0.650185227394104
['/mnt/dsc3032-gaya-shared/group6/datasets/MVTec_AD/tile/test/glue_strip/010.png'] 0.5933718681335449
['/mnt/dsc3032-gaya-shared/group6/datasets/MVTec_AD/tile/test/glue_strip/011.png'] 0.6344001889228821
['/mnt/dsc3032-gaya-shared/group6/datasets/MVTec_AD/tile/test/glue_strip/012.png'] 0.609481155872345
['/mnt/dsc3032-gaya-shared/group6/datasets/MVTec_AD/tile/test/glue_strip/013.png'] 0.5931557416915894
['/mnt/dsc3032-gaya-shared/group6/datasets/MVTec_AD/tile/test/glue_strip/014.png'] 0.5847489833831787
['/mnt/dsc3032-gaya-shared/group6/datasets/MVTec_AD/tile/test/glue_strip/015.png'] 0.6011881828308105
['/mnt/dsc3032-gaya-shared/group6/datasets/MVTec_AD/tile/test/glue_strip/016.png'] 0.6393805742263794
['/mnt/dsc3032-gaya-shared/group6/datasets/MVTec_AD/tile/test/glue_strip/017.png'] 0.5798067450523376
['/mnt/dsc3032-gaya-shared/group6/datasets/MVTec_AD/tile/test/good/000.png'] 0.29983752965927124
['/mnt/dsc3032-gaya-shared/group6/datasets/MVTec_AD/tile/test/good/001.png'] 0.33131879568099976
['/mnt/dsc3032-gaya-shared/group6/datasets/MVTec_AD/tile/test/good/002.png'] 0.25984466075897217
['/mnt/dsc3032-gaya-shared/group6/datasets/MVTec_AD/tile/test/good/003.png'] 0.2387729287147522
['/mnt/dsc3032-gaya-shared/group6/datasets/MVTec_AD/tile/test/good/004.png'] 0.3751131296157837
['/mnt/dsc3032-gaya-shared/group6/datasets/MVTec_AD/tile/test/good/005.png'] 0.33269232511520386
['/mnt/dsc3032-gaya-shared/group6/datasets/MVTec_AD/tile/test/good/006.png'] 0.3809055984020233
['/mnt/dsc3032-gaya-shared/group6/datasets/MVTec_AD/tile/test/good/007.png'] 0.2375866174697876
['/mnt/dsc3032-gaya-shared/group6/datasets/MVTec_AD/tile/test/good/008.png'] 0.260212779045105
['/mnt/dsc3032-gaya-shared/group6/datasets/MVTec_AD/tile/test/good/009.png'] 0.3070114850997925
['/mnt/dsc3032-gaya-shared/group6/datasets/MVTec_AD/tile/test/good/010.png'] 0.3148740530014038
['/mnt/dsc3032-gaya-shared/group6/datasets/MVTec_AD/tile/test/good/011.png'] 0.29726243019104004
['/mnt/dsc3032-gaya-shared/group6/datasets/MVTec_AD/tile/test/good/012.png'] 0.24900971353054047
['/mnt/dsc3032-gaya-shared/group6/datasets/MVTec_AD/tile/test/good/013.png'] 0.242680624127388
['/mnt/dsc3032-gaya-shared/group6/datasets/MVTec_AD/tile/test/good/014.png'] 0.2676467299461365
['/mnt/dsc3032-gaya-shared/group6/datasets/MVTec_AD/tile/test/good/015.png'] 0.3999793529510498
['/mnt/dsc3032-gaya-shared/group6/datasets/MVTec_AD/tile/test/good/016.png'] 0.32618969678878784
['/mnt/dsc3032-gaya-shared/group6/datasets/MVTec_AD/tile/test/good/017.png'] 0.30870330333709717
['/mnt/dsc3032-gaya-shared/group6/datasets/MVTec_AD/tile/test/good/018.png'] 0.26948559284210205
['/mnt/dsc3032-gaya-shared/group6/datasets/MVTec_AD/tile/test/good/019.png'] 0.31178930401802063
['/mnt/dsc3032-gaya-shared/group6/datasets/MVTec_AD/tile/test/good/020.png'] 0.2962377071380615
['/mnt/dsc3032-gaya-shared/group6/datasets/MVTec_AD/tile/test/good/021.png'] 0.27546191215515137
['/mnt/dsc3032-gaya-shared/group6/datasets/MVTec_AD/tile/test/good/022.png'] 0.29055213928222656
['/mnt/dsc3032-gaya-shared/group6/datasets/MVTec_AD/tile/test/good/023.png'] 0.270740807056427
['/mnt/dsc3032-gaya-shared/group6/datasets/MVTec_AD/tile/test/good/024.png'] 0.3225806653499603
['/mnt/dsc3032-gaya-shared/group6/datasets/MVTec_AD/tile/test/good/025.png'] 0.2827304005622864
['/mnt/dsc3032-gaya-shared/group6/datasets/MVTec_AD/tile/test/good/026.png'] 0.2913215160369873
['/mnt/dsc3032-gaya-shared/group6/datasets/MVTec_AD/tile/test/good/027.png'] 0.36755895614624023
['/mnt/dsc3032-gaya-shared/group6/datasets/MVTec_AD/tile/test/good/028.png'] 0.2471473217010498
['/mnt/dsc3032-gaya-shared/group6/datasets/MVTec_AD/tile/test/good/029.png'] 0.2677396833896637
['/mnt/dsc3032-gaya-shared/group6/datasets/MVTec_AD/tile/test/good/030.png'] 0.3500365614891052
['/mnt/dsc3032-gaya-shared/group6/datasets/MVTec_AD/tile/test/good/031.png'] 0.2554047703742981
['/mnt/dsc3032-gaya-shared/group6/datasets/MVTec_AD/tile/test/good/032.png'] 0.2612649202346802
['/mnt/dsc3032-gaya-shared/group6/datasets/MVTec_AD/tile/test/gray_stroke/000.png'] 0.40485644340515137
['/mnt/dsc3032-gaya-shared/group6/datasets/MVTec_AD/tile/test/gray_stroke/001.png'] 0.4043722152709961
['/mnt/dsc3032-gaya-shared/group6/datasets/MVTec_AD/tile/test/gray_stroke/002.png'] 0.37570589780807495
['/mnt/dsc3032-gaya-shared/group6/datasets/MVTec_AD/tile/test/gray_stroke/003.png'] 0.4356462359428406
['/mnt/dsc3032-gaya-shared/group6/datasets/MVTec_AD/tile/test/gray_stroke/004.png'] 0.4002425968647003
['/mnt/dsc3032-gaya-shared/group6/datasets/MVTec_AD/tile/test/gray_stroke/005.png'] 0.41157078742980957
['/mnt/dsc3032-gaya-shared/group6/datasets/MVTec_AD/tile/test/gray_stroke/006.png'] 0.40063154697418213
['/mnt/dsc3032-gaya-shared/group6/datasets/MVTec_AD/tile/test/gray_stroke/007.png'] 0.44390377402305603
['/mnt/dsc3032-gaya-shared/group6/datasets/MVTec_AD/tile/test/gray_stroke/008.png'] 0.4257916510105133
['/mnt/dsc3032-gaya-shared/group6/datasets/MVTec_AD/tile/test/gray_stroke/009.png'] 0.42614424228668213
['/mnt/dsc3032-gaya-shared/group6/datasets/MVTec_AD/tile/test/gray_stroke/010.png'] 0.3790123462677002
['/mnt/dsc3032-gaya-shared/group6/datasets/MVTec_AD/tile/test/gray_stroke/011.png'] 0.4063394069671631
['/mnt/dsc3032-gaya-shared/group6/datasets/MVTec_AD/tile/test/gray_stroke/012.png'] 0.41212671995162964
['/mnt/dsc3032-gaya-shared/group6/datasets/MVTec_AD/tile/test/gray_stroke/013.png'] 0.46266496181488037
['/mnt/dsc3032-gaya-shared/group6/datasets/MVTec_AD/tile/test/gray_stroke/014.png'] 0.4215475618839264
['/mnt/dsc3032-gaya-shared/group6/datasets/MVTec_AD/tile/test/gray_stroke/015.png'] 0.4766119122505188
['/mnt/dsc3032-gaya-shared/group6/datasets/MVTec_AD/tile/test/oil/000.png'] 0.6101596355438232
['/mnt/dsc3032-gaya-shared/group6/datasets/MVTec_AD/tile/test/oil/001.png'] 0.573316216468811
['/mnt/dsc3032-gaya-shared/group6/datasets/MVTec_AD/tile/test/oil/002.png'] 0.5346022248268127
['/mnt/dsc3032-gaya-shared/group6/datasets/MVTec_AD/tile/test/oil/003.png'] 0.5999351143836975
['/mnt/dsc3032-gaya-shared/group6/datasets/MVTec_AD/tile/test/oil/004.png'] 0.5927521586418152
['/mnt/dsc3032-gaya-shared/group6/datasets/MVTec_AD/tile/test/oil/005.png'] 0.5766891241073608
['/mnt/dsc3032-gaya-shared/group6/datasets/MVTec_AD/tile/test/oil/006.png'] 0.537264347076416
['/mnt/dsc3032-gaya-shared/group6/datasets/MVTec_AD/tile/test/oil/007.png'] 0.5559457540512085
['/mnt/dsc3032-gaya-shared/group6/datasets/MVTec_AD/tile/test/oil/008.png'] 0.6223596930503845
['/mnt/dsc3032-gaya-shared/group6/datasets/MVTec_AD/tile/test/oil/009.png'] 0.5910919904708862
['/mnt/dsc3032-gaya-shared/group6/datasets/MVTec_AD/tile/test/oil/010.png'] 0.6102251410484314
['/mnt/dsc3032-gaya-shared/group6/datasets/MVTec_AD/tile/test/oil/011.png'] 0.5791663527488708
['/mnt/dsc3032-gaya-shared/group6/datasets/MVTec_AD/tile/test/oil/012.png'] 0.6237080693244934
['/mnt/dsc3032-gaya-shared/group6/datasets/MVTec_AD/tile/test/oil/013.png'] 0.5665873885154724
['/mnt/dsc3032-gaya-shared/group6/datasets/MVTec_AD/tile/test/oil/014.png'] 0.5958075523376465
['/mnt/dsc3032-gaya-shared/group6/datasets/MVTec_AD/tile/test/oil/015.png'] 0.5997718572616577
['/mnt/dsc3032-gaya-shared/group6/datasets/MVTec_AD/tile/test/oil/016.png'] 0.5653421878814697
['/mnt/dsc3032-gaya-shared/group6/datasets/MVTec_AD/tile/test/oil/017.png'] 0.5395698547363281
['/mnt/dsc3032-gaya-shared/group6/datasets/MVTec_AD/tile/test/rough/000.png'] 0.4816902279853821
['/mnt/dsc3032-gaya-shared/group6/datasets/MVTec_AD/tile/test/rough/001.png'] 0.6043781042098999
['/mnt/dsc3032-gaya-shared/group6/datasets/MVTec_AD/tile/test/rough/002.png'] 0.5465388298034668
['/mnt/dsc3032-gaya-shared/group6/datasets/MVTec_AD/tile/test/rough/003.png'] 0.4325442314147949
['/mnt/dsc3032-gaya-shared/group6/datasets/MVTec_AD/tile/test/rough/004.png'] 0.537995457649231
['/mnt/dsc3032-gaya-shared/group6/datasets/MVTec_AD/tile/test/rough/005.png'] 0.46391478180885315
['/mnt/dsc3032-gaya-shared/group6/datasets/MVTec_AD/tile/test/rough/006.png'] 0.4898836314678192
['/mnt/dsc3032-gaya-shared/group6/datasets/MVTec_AD/tile/test/rough/007.png'] 0.4965515434741974
['/mnt/dsc3032-gaya-shared/group6/datasets/MVTec_AD/tile/test/rough/008.png'] 0.5135135650634766
['/mnt/dsc3032-gaya-shared/group6/datasets/MVTec_AD/tile/test/rough/009.png'] 0.5220924019813538
['/mnt/dsc3032-gaya-shared/group6/datasets/MVTec_AD/tile/test/rough/010.png'] 0.47991520166397095
['/mnt/dsc3032-gaya-shared/group6/datasets/MVTec_AD/tile/test/rough/011.png'] 0.5431353449821472
['/mnt/dsc3032-gaya-shared/group6/datasets/MVTec_AD/tile/test/rough/012.png'] 0.4955986738204956
['/mnt/dsc3032-gaya-shared/group6/datasets/MVTec_AD/tile/test/rough/013.png'] 0.49666133522987366
['/mnt/dsc3032-gaya-shared/group6/datasets/MVTec_AD/tile/test/rough/014.png'] 0.4848743677139282
26-06-02 17:18:04.687 - INFO: 
| category   |   K-shots |   F1-Max(image) |   AUROC(image) |   F1-Max(pixel) |   AUROC(pixel) |
|:-----------|----------:|----------------:|---------------:|----------------:|---------------:|
| tile       |         1 |           98.82 |          99.86 |            72.7 |          97.21 |
