/home/gaya6/LogSAD/dinov2/dinov2/layers/swiglu_ffn.py:43: UserWarning: xFormers is available (SwiGLU)
  warnings.warn("xFormers is available (SwiGLU)")
/home/gaya6/LogSAD/dinov2/dinov2/layers/attention.py:27: UserWarning: xFormers is available (Attention)
  warnings.warn("xFormers is available (Attention)")
/home/gaya6/LogSAD/dinov2/dinov2/layers/block.py:33: UserWarning: xFormers is available (Block)
  warnings.warn("xFormers is available (Block)")
['/mnt/dsc3032-gaya-shared/group6/datasets/MVTec_AD/transistor/test/bent_lead/000.png'] 0.34429600834846497
['/mnt/dsc3032-gaya-shared/group6/datasets/MVTec_AD/transistor/test/bent_lead/001.png'] 0.2956872880458832
['/mnt/dsc3032-gaya-shared/group6/datasets/MVTec_AD/transistor/test/bent_lead/002.png'] 0.3468703627586365
['/mnt/dsc3032-gaya-shared/group6/datasets/MVTec_AD/transistor/test/bent_lead/003.png'] 0.37361353635787964
['/mnt/dsc3032-gaya-shared/group6/datasets/MVTec_AD/transistor/test/bent_lead/004.png'] 0.35997676849365234
['/mnt/dsc3032-gaya-shared/group6/datasets/MVTec_AD/transistor/test/bent_lead/005.png'] 0.39212462306022644
['/mnt/dsc3032-gaya-shared/group6/datasets/MVTec_AD/transistor/test/bent_lead/006.png'] 0.38946545124053955
['/mnt/dsc3032-gaya-shared/group6/datasets/MVTec_AD/transistor/test/bent_lead/007.png'] 0.401042103767395
['/mnt/dsc3032-gaya-shared/group6/datasets/MVTec_AD/transistor/test/bent_lead/008.png'] 0.33875125646591187
['/mnt/dsc3032-gaya-shared/group6/datasets/MVTec_AD/transistor/test/bent_lead/009.png'] 0.30132395029067993
['/mnt/dsc3032-gaya-shared/group6/datasets/MVTec_AD/transistor/test/cut_lead/000.png'] 0.3136206269264221
['/mnt/dsc3032-gaya-shared/group6/datasets/MVTec_AD/transistor/test/cut_lead/001.png'] 0.33705437183380127
['/mnt/dsc3032-gaya-shared/group6/datasets/MVTec_AD/transistor/test/cut_lead/002.png'] 0.32347002625465393
['/mnt/dsc3032-gaya-shared/group6/datasets/MVTec_AD/transistor/test/cut_lead/003.png'] 0.335849404335022
['/mnt/dsc3032-gaya-shared/group6/datasets/MVTec_AD/transistor/test/cut_lead/004.png'] 0.33990418910980225
['/mnt/dsc3032-gaya-shared/group6/datasets/MVTec_AD/transistor/test/cut_lead/005.png'] 0.28904759883880615
['/mnt/dsc3032-gaya-shared/group6/datasets/MVTec_AD/transistor/test/cut_lead/006.png'] 0.3524935841560364
['/mnt/dsc3032-gaya-shared/group6/datasets/MVTec_AD/transistor/test/cut_lead/007.png'] 0.34347477555274963
['/mnt/dsc3032-gaya-shared/group6/datasets/MVTec_AD/transistor/test/cut_lead/008.png'] 0.2840791940689087
['/mnt/dsc3032-gaya-shared/group6/datasets/MVTec_AD/transistor/test/cut_lead/009.png'] 0.30070340633392334
['/mnt/dsc3032-gaya-shared/group6/datasets/MVTec_AD/transistor/test/damaged_case/000.png'] 0.39176806807518005
['/mnt/dsc3032-gaya-shared/group6/datasets/MVTec_AD/transistor/test/damaged_case/001.png'] 0.44433167576789856
['/mnt/dsc3032-gaya-shared/group6/datasets/MVTec_AD/transistor/test/damaged_case/002.png'] 0.33073604106903076
['/mnt/dsc3032-gaya-shared/group6/datasets/MVTec_AD/transistor/test/damaged_case/003.png'] 0.3697415292263031
['/mnt/dsc3032-gaya-shared/group6/datasets/MVTec_AD/transistor/test/damaged_case/004.png'] 0.4281954765319824
['/mnt/dsc3032-gaya-shared/group6/datasets/MVTec_AD/transistor/test/damaged_case/005.png'] 0.35427024960517883
['/mnt/dsc3032-gaya-shared/group6/datasets/MVTec_AD/transistor/test/damaged_case/006.png'] 0.36998242139816284
['/mnt/dsc3032-gaya-shared/group6/datasets/MVTec_AD/transistor/test/damaged_case/007.png'] 0.39201784133911133
['/mnt/dsc3032-gaya-shared/group6/datasets/MVTec_AD/transistor/test/damaged_case/008.png'] 0.42881107330322266
['/mnt/dsc3032-gaya-shared/group6/datasets/MVTec_AD/transistor/test/damaged_case/009.png'] 0.4021410346031189
['/mnt/dsc3032-gaya-shared/group6/datasets/MVTec_AD/transistor/test/good/000.png'] 0.28372442722320557
['/mnt/dsc3032-gaya-shared/group6/datasets/MVTec_AD/transistor/test/good/001.png'] 0.2697189450263977
['/mnt/dsc3032-gaya-shared/group6/datasets/MVTec_AD/transistor/test/good/002.png'] 0.3482920527458191
['/mnt/dsc3032-gaya-shared/group6/datasets/MVTec_AD/transistor/test/good/003.png'] 0.2582329511642456
['/mnt/dsc3032-gaya-shared/group6/datasets/MVTec_AD/transistor/test/good/004.png'] 0.27569013833999634
['/mnt/dsc3032-gaya-shared/group6/datasets/MVTec_AD/transistor/test/good/005.png'] 0.2846758961677551
['/mnt/dsc3032-gaya-shared/group6/datasets/MVTec_AD/transistor/test/good/006.png'] 0.25870198011398315
['/mnt/dsc3032-gaya-shared/group6/datasets/MVTec_AD/transistor/test/good/007.png'] 0.28468233346939087
['/mnt/dsc3032-gaya-shared/group6/datasets/MVTec_AD/transistor/test/good/008.png'] 0.3504316210746765
['/mnt/dsc3032-gaya-shared/group6/datasets/MVTec_AD/transistor/test/good/009.png'] 0.29870933294296265
['/mnt/dsc3032-gaya-shared/group6/datasets/MVTec_AD/transistor/test/good/010.png'] 0.3043363094329834
['/mnt/dsc3032-gaya-shared/group6/datasets/MVTec_AD/transistor/test/good/011.png'] 0.2854533791542053
['/mnt/dsc3032-gaya-shared/group6/datasets/MVTec_AD/transistor/test/good/012.png'] 0.2742348909378052
['/mnt/dsc3032-gaya-shared/group6/datasets/MVTec_AD/transistor/test/good/013.png'] 0.2891994118690491
['/mnt/dsc3032-gaya-shared/group6/datasets/MVTec_AD/transistor/test/good/014.png'] 0.30407750606536865
['/mnt/dsc3032-gaya-shared/group6/datasets/MVTec_AD/transistor/test/good/015.png'] 0.31461501121520996
['/mnt/dsc3032-gaya-shared/group6/datasets/MVTec_AD/transistor/test/good/016.png'] 0.31904923915863037
['/mnt/dsc3032-gaya-shared/group6/datasets/MVTec_AD/transistor/test/good/017.png'] 0.28169432282447815
['/mnt/dsc3032-gaya-shared/group6/datasets/MVTec_AD/transistor/test/good/018.png'] 0.2919088900089264
['/mnt/dsc3032-gaya-shared/group6/datasets/MVTec_AD/transistor/test/good/019.png'] 0.27904418110847473
['/mnt/dsc3032-gaya-shared/group6/datasets/MVTec_AD/transistor/test/good/020.png'] 0.2961947023868561
['/mnt/dsc3032-gaya-shared/group6/datasets/MVTec_AD/transistor/test/good/021.png'] 0.32672542333602905
['/mnt/dsc3032-gaya-shared/group6/datasets/MVTec_AD/transistor/test/good/022.png'] 0.2926064729690552
['/mnt/dsc3032-gaya-shared/group6/datasets/MVTec_AD/transistor/test/good/023.png'] 0.30841153860092163
['/mnt/dsc3032-gaya-shared/group6/datasets/MVTec_AD/transistor/test/good/024.png'] 0.28719741106033325
['/mnt/dsc3032-gaya-shared/group6/datasets/MVTec_AD/transistor/test/good/025.png'] 0.27741530537605286
['/mnt/dsc3032-gaya-shared/group6/datasets/MVTec_AD/transistor/test/good/026.png'] 0.38121652603149414
['/mnt/dsc3032-gaya-shared/group6/datasets/MVTec_AD/transistor/test/good/027.png'] 0.2667086720466614
['/mnt/dsc3032-gaya-shared/group6/datasets/MVTec_AD/transistor/test/good/028.png'] 0.2829129695892334
['/mnt/dsc3032-gaya-shared/group6/datasets/MVTec_AD/transistor/test/good/029.png'] 0.28304988145828247
['/mnt/dsc3032-gaya-shared/group6/datasets/MVTec_AD/transistor/test/good/030.png'] 0.2592087984085083
['/mnt/dsc3032-gaya-shared/group6/datasets/MVTec_AD/transistor/test/good/031.png'] 0.34707555174827576
['/mnt/dsc3032-gaya-shared/group6/datasets/MVTec_AD/transistor/test/good/032.png'] 0.3148494064807892
['/mnt/dsc3032-gaya-shared/group6/datasets/MVTec_AD/transistor/test/good/033.png'] 0.28781136870384216
['/mnt/dsc3032-gaya-shared/group6/datasets/MVTec_AD/transistor/test/good/034.png'] 0.2987627387046814
['/mnt/dsc3032-gaya-shared/group6/datasets/MVTec_AD/transistor/test/good/035.png'] 0.3009908199310303
['/mnt/dsc3032-gaya-shared/group6/datasets/MVTec_AD/transistor/test/good/036.png'] 0.36349380016326904
['/mnt/dsc3032-gaya-shared/group6/datasets/MVTec_AD/transistor/test/good/037.png'] 0.34484973549842834
['/mnt/dsc3032-gaya-shared/group6/datasets/MVTec_AD/transistor/test/good/038.png'] 0.2816407084465027
['/mnt/dsc3032-gaya-shared/group6/datasets/MVTec_AD/transistor/test/good/039.png'] 0.26449164748191833
['/mnt/dsc3032-gaya-shared/group6/datasets/MVTec_AD/transistor/test/good/040.png'] 0.3351648449897766
['/mnt/dsc3032-gaya-shared/group6/datasets/MVTec_AD/transistor/test/good/041.png'] 0.32967573404312134
['/mnt/dsc3032-gaya-shared/group6/datasets/MVTec_AD/transistor/test/good/042.png'] 0.3026454746723175
['/mnt/dsc3032-gaya-shared/group6/datasets/MVTec_AD/transistor/test/good/043.png'] 0.31223756074905396
['/mnt/dsc3032-gaya-shared/group6/datasets/MVTec_AD/transistor/test/good/044.png'] 0.2834853529930115
['/mnt/dsc3032-gaya-shared/group6/datasets/MVTec_AD/transistor/test/good/045.png'] 0.3454223573207855
['/mnt/dsc3032-gaya-shared/group6/datasets/MVTec_AD/transistor/test/good/046.png'] 0.27510231733322144
['/mnt/dsc3032-gaya-shared/group6/datasets/MVTec_AD/transistor/test/good/047.png'] 0.3098863959312439
['/mnt/dsc3032-gaya-shared/group6/datasets/MVTec_AD/transistor/test/good/048.png'] 0.2909974157810211
['/mnt/dsc3032-gaya-shared/group6/datasets/MVTec_AD/transistor/test/good/049.png'] 0.2522789239883423
['/mnt/dsc3032-gaya-shared/group6/datasets/MVTec_AD/transistor/test/good/050.png'] 0.2694687247276306
['/mnt/dsc3032-gaya-shared/group6/datasets/MVTec_AD/transistor/test/good/051.png'] 0.2819475829601288
['/mnt/dsc3032-gaya-shared/group6/datasets/MVTec_AD/transistor/test/good/052.png'] 0.33344602584838867
['/mnt/dsc3032-gaya-shared/group6/datasets/MVTec_AD/transistor/test/good/053.png'] 0.28044724464416504
['/mnt/dsc3032-gaya-shared/group6/datasets/MVTec_AD/transistor/test/good/054.png'] 0.4491928219795227
['/mnt/dsc3032-gaya-shared/group6/datasets/MVTec_AD/transistor/test/good/055.png'] 0.3420828580856323
['/mnt/dsc3032-gaya-shared/group6/datasets/MVTec_AD/transistor/test/good/056.png'] 0.3089956045150757
['/mnt/dsc3032-gaya-shared/group6/datasets/MVTec_AD/transistor/test/good/057.png'] 0.3053268790245056
['/mnt/dsc3032-gaya-shared/group6/datasets/MVTec_AD/transistor/test/good/058.png'] 0.3246667981147766
['/mnt/dsc3032-gaya-shared/group6/datasets/MVTec_AD/transistor/test/good/059.png'] 0.28561925888061523
['/mnt/dsc3032-gaya-shared/group6/datasets/MVTec_AD/transistor/test/misplaced/000.png'] 0.36960744857788086
['/mnt/dsc3032-gaya-shared/group6/datasets/MVTec_AD/transistor/test/misplaced/001.png'] 0.31508928537368774
['/mnt/dsc3032-gaya-shared/group6/datasets/MVTec_AD/transistor/test/misplaced/002.png'] 0.3906134068965912
['/mnt/dsc3032-gaya-shared/group6/datasets/MVTec_AD/transistor/test/misplaced/003.png'] 0.3998509645462036
['/mnt/dsc3032-gaya-shared/group6/datasets/MVTec_AD/transistor/test/misplaced/004.png'] 0.44228777289390564
['/mnt/dsc3032-gaya-shared/group6/datasets/MVTec_AD/transistor/test/misplaced/005.png'] 0.40547478199005127
['/mnt/dsc3032-gaya-shared/group6/datasets/MVTec_AD/transistor/test/misplaced/006.png'] 0.3237278461456299
['/mnt/dsc3032-gaya-shared/group6/datasets/MVTec_AD/transistor/test/misplaced/007.png'] 0.4485968351364136
['/mnt/dsc3032-gaya-shared/group6/datasets/MVTec_AD/transistor/test/misplaced/008.png'] 0.43376579880714417
['/mnt/dsc3032-gaya-shared/group6/datasets/MVTec_AD/transistor/test/misplaced/009.png'] 0.36865803599357605
26-06-02 17:19:17.643 - INFO: 
| category   |   K-shots |   F1-Max(image) |   AUROC(image) |   F1-Max(pixel) |   AUROC(pixel) |
|:-----------|----------:|----------------:|---------------:|----------------:|---------------:|
| transistor |         1 |            76.4 |          86.87 |           55.08 |          93.03 |
