/home/gaya6/LogSAD/dinov2/dinov2/layers/swiglu_ffn.py:43: UserWarning: xFormers is available (SwiGLU)
  warnings.warn("xFormers is available (SwiGLU)")
/home/gaya6/LogSAD/dinov2/dinov2/layers/attention.py:27: UserWarning: xFormers is available (Attention)
  warnings.warn("xFormers is available (Attention)")
/home/gaya6/LogSAD/dinov2/dinov2/layers/block.py:33: UserWarning: xFormers is available (Block)
  warnings.warn("xFormers is available (Block)")
['/mnt/dsc3032-gaya-shared/group6/datasets/MVTec_AD/zipper/test/broken_teeth/000.png'] 0.2819681763648987
['/mnt/dsc3032-gaya-shared/group6/datasets/MVTec_AD/zipper/test/broken_teeth/001.png'] 0.37934306263923645
['/mnt/dsc3032-gaya-shared/group6/datasets/MVTec_AD/zipper/test/broken_teeth/002.png'] 0.2671757638454437
['/mnt/dsc3032-gaya-shared/group6/datasets/MVTec_AD/zipper/test/broken_teeth/003.png'] 0.32942134141921997
['/mnt/dsc3032-gaya-shared/group6/datasets/MVTec_AD/zipper/test/broken_teeth/004.png'] 0.30525022745132446
['/mnt/dsc3032-gaya-shared/group6/datasets/MVTec_AD/zipper/test/broken_teeth/005.png'] 0.30003881454467773
['/mnt/dsc3032-gaya-shared/group6/datasets/MVTec_AD/zipper/test/broken_teeth/006.png'] 0.308870792388916
['/mnt/dsc3032-gaya-shared/group6/datasets/MVTec_AD/zipper/test/broken_teeth/007.png'] 0.44294118881225586
['/mnt/dsc3032-gaya-shared/group6/datasets/MVTec_AD/zipper/test/broken_teeth/008.png'] 0.2841482162475586
['/mnt/dsc3032-gaya-shared/group6/datasets/MVTec_AD/zipper/test/broken_teeth/009.png'] 0.27131223678588867
['/mnt/dsc3032-gaya-shared/group6/datasets/MVTec_AD/zipper/test/broken_teeth/010.png'] 0.38640621304512024
['/mnt/dsc3032-gaya-shared/group6/datasets/MVTec_AD/zipper/test/broken_teeth/011.png'] 0.38263940811157227
['/mnt/dsc3032-gaya-shared/group6/datasets/MVTec_AD/zipper/test/broken_teeth/012.png'] 0.3109450340270996
['/mnt/dsc3032-gaya-shared/group6/datasets/MVTec_AD/zipper/test/broken_teeth/013.png'] 0.3943876624107361
['/mnt/dsc3032-gaya-shared/group6/datasets/MVTec_AD/zipper/test/broken_teeth/014.png'] 0.33265960216522217
['/mnt/dsc3032-gaya-shared/group6/datasets/MVTec_AD/zipper/test/broken_teeth/015.png'] 0.29210197925567627
['/mnt/dsc3032-gaya-shared/group6/datasets/MVTec_AD/zipper/test/broken_teeth/016.png'] 0.34398120641708374
['/mnt/dsc3032-gaya-shared/group6/datasets/MVTec_AD/zipper/test/broken_teeth/017.png'] 0.37635183334350586
['/mnt/dsc3032-gaya-shared/group6/datasets/MVTec_AD/zipper/test/broken_teeth/018.png'] 0.42356061935424805
['/mnt/dsc3032-gaya-shared/group6/datasets/MVTec_AD/zipper/test/combined/000.png'] 0.3833543062210083
['/mnt/dsc3032-gaya-shared/group6/datasets/MVTec_AD/zipper/test/combined/001.png'] 0.29541081190109253
['/mnt/dsc3032-gaya-shared/group6/datasets/MVTec_AD/zipper/test/combined/002.png'] 0.3031061887741089
['/mnt/dsc3032-gaya-shared/group6/datasets/MVTec_AD/zipper/test/combined/003.png'] 0.4188237190246582
['/mnt/dsc3032-gaya-shared/group6/datasets/MVTec_AD/zipper/test/combined/004.png'] 0.37843260169029236
['/mnt/dsc3032-gaya-shared/group6/datasets/MVTec_AD/zipper/test/combined/005.png'] 0.40139997005462646
['/mnt/dsc3032-gaya-shared/group6/datasets/MVTec_AD/zipper/test/combined/006.png'] 0.5218296647071838
['/mnt/dsc3032-gaya-shared/group6/datasets/MVTec_AD/zipper/test/combined/007.png'] 0.2986548840999603
['/mnt/dsc3032-gaya-shared/group6/datasets/MVTec_AD/zipper/test/combined/008.png'] 0.39113879203796387
['/mnt/dsc3032-gaya-shared/group6/datasets/MVTec_AD/zipper/test/combined/009.png'] 0.397244930267334
['/mnt/dsc3032-gaya-shared/group6/datasets/MVTec_AD/zipper/test/combined/010.png'] 0.47610440850257874
['/mnt/dsc3032-gaya-shared/group6/datasets/MVTec_AD/zipper/test/combined/011.png'] 0.5329628586769104
['/mnt/dsc3032-gaya-shared/group6/datasets/MVTec_AD/zipper/test/combined/012.png'] 0.4349927306175232
['/mnt/dsc3032-gaya-shared/group6/datasets/MVTec_AD/zipper/test/combined/013.png'] 0.4839550256729126
['/mnt/dsc3032-gaya-shared/group6/datasets/MVTec_AD/zipper/test/combined/014.png'] 0.3489512801170349
['/mnt/dsc3032-gaya-shared/group6/datasets/MVTec_AD/zipper/test/combined/015.png'] 0.5012053847312927
['/mnt/dsc3032-gaya-shared/group6/datasets/MVTec_AD/zipper/test/fabric_border/000.png'] 0.49727287888526917
['/mnt/dsc3032-gaya-shared/group6/datasets/MVTec_AD/zipper/test/fabric_border/001.png'] 0.5296799540519714
['/mnt/dsc3032-gaya-shared/group6/datasets/MVTec_AD/zipper/test/fabric_border/002.png'] 0.395133912563324
['/mnt/dsc3032-gaya-shared/group6/datasets/MVTec_AD/zipper/test/fabric_border/003.png'] 0.5183685421943665
['/mnt/dsc3032-gaya-shared/group6/datasets/MVTec_AD/zipper/test/fabric_border/004.png'] 0.4989979863166809
['/mnt/dsc3032-gaya-shared/group6/datasets/MVTec_AD/zipper/test/fabric_border/005.png'] 0.5493056774139404
['/mnt/dsc3032-gaya-shared/group6/datasets/MVTec_AD/zipper/test/fabric_border/006.png'] 0.5231883525848389
['/mnt/dsc3032-gaya-shared/group6/datasets/MVTec_AD/zipper/test/fabric_border/007.png'] 0.5355969071388245
['/mnt/dsc3032-gaya-shared/group6/datasets/MVTec_AD/zipper/test/fabric_border/008.png'] 0.4688539505004883
['/mnt/dsc3032-gaya-shared/group6/datasets/MVTec_AD/zipper/test/fabric_border/009.png'] 0.5253784656524658
['/mnt/dsc3032-gaya-shared/group6/datasets/MVTec_AD/zipper/test/fabric_border/010.png'] 0.5600463151931763
['/mnt/dsc3032-gaya-shared/group6/datasets/MVTec_AD/zipper/test/fabric_border/011.png'] 0.5155906081199646
['/mnt/dsc3032-gaya-shared/group6/datasets/MVTec_AD/zipper/test/fabric_border/012.png'] 0.50899338722229
['/mnt/dsc3032-gaya-shared/group6/datasets/MVTec_AD/zipper/test/fabric_border/013.png'] 0.48679792881011963
['/mnt/dsc3032-gaya-shared/group6/datasets/MVTec_AD/zipper/test/fabric_border/014.png'] 0.48605185747146606
['/mnt/dsc3032-gaya-shared/group6/datasets/MVTec_AD/zipper/test/fabric_border/015.png'] 0.5167882442474365
['/mnt/dsc3032-gaya-shared/group6/datasets/MVTec_AD/zipper/test/fabric_border/016.png'] 0.5197262763977051
['/mnt/dsc3032-gaya-shared/group6/datasets/MVTec_AD/zipper/test/fabric_interior/000.png'] 0.3463672399520874
['/mnt/dsc3032-gaya-shared/group6/datasets/MVTec_AD/zipper/test/fabric_interior/001.png'] 0.3952259421348572
['/mnt/dsc3032-gaya-shared/group6/datasets/MVTec_AD/zipper/test/fabric_interior/002.png'] 0.3386687636375427
['/mnt/dsc3032-gaya-shared/group6/datasets/MVTec_AD/zipper/test/fabric_interior/003.png'] 0.3108993172645569
['/mnt/dsc3032-gaya-shared/group6/datasets/MVTec_AD/zipper/test/fabric_interior/004.png'] 0.3703020513057709
['/mnt/dsc3032-gaya-shared/group6/datasets/MVTec_AD/zipper/test/fabric_interior/005.png'] 0.355656236410141
['/mnt/dsc3032-gaya-shared/group6/datasets/MVTec_AD/zipper/test/fabric_interior/006.png'] 0.39085033535957336
['/mnt/dsc3032-gaya-shared/group6/datasets/MVTec_AD/zipper/test/fabric_interior/007.png'] 0.24174197018146515
['/mnt/dsc3032-gaya-shared/group6/datasets/MVTec_AD/zipper/test/fabric_interior/008.png'] 0.4370685815811157
['/mnt/dsc3032-gaya-shared/group6/datasets/MVTec_AD/zipper/test/fabric_interior/009.png'] 0.35401493310928345
['/mnt/dsc3032-gaya-shared/group6/datasets/MVTec_AD/zipper/test/fabric_interior/010.png'] 0.3432469666004181
['/mnt/dsc3032-gaya-shared/group6/datasets/MVTec_AD/zipper/test/fabric_interior/011.png'] 0.3633045256137848
['/mnt/dsc3032-gaya-shared/group6/datasets/MVTec_AD/zipper/test/fabric_interior/012.png'] 0.3007046580314636
['/mnt/dsc3032-gaya-shared/group6/datasets/MVTec_AD/zipper/test/fabric_interior/013.png'] 0.3432438373565674
['/mnt/dsc3032-gaya-shared/group6/datasets/MVTec_AD/zipper/test/fabric_interior/014.png'] 0.3691108524799347
['/mnt/dsc3032-gaya-shared/group6/datasets/MVTec_AD/zipper/test/fabric_interior/015.png'] 0.3077967166900635
['/mnt/dsc3032-gaya-shared/group6/datasets/MVTec_AD/zipper/test/good/000.png'] 0.23488636314868927
['/mnt/dsc3032-gaya-shared/group6/datasets/MVTec_AD/zipper/test/good/001.png'] 0.22460152208805084
['/mnt/dsc3032-gaya-shared/group6/datasets/MVTec_AD/zipper/test/good/002.png'] 0.2507596015930176
['/mnt/dsc3032-gaya-shared/group6/datasets/MVTec_AD/zipper/test/good/003.png'] 0.2760047912597656
['/mnt/dsc3032-gaya-shared/group6/datasets/MVTec_AD/zipper/test/good/004.png'] 0.2580462694168091
['/mnt/dsc3032-gaya-shared/group6/datasets/MVTec_AD/zipper/test/good/005.png'] 0.21586817502975464
['/mnt/dsc3032-gaya-shared/group6/datasets/MVTec_AD/zipper/test/good/006.png'] 0.26358333230018616
['/mnt/dsc3032-gaya-shared/group6/datasets/MVTec_AD/zipper/test/good/007.png'] 0.23417425155639648
['/mnt/dsc3032-gaya-shared/group6/datasets/MVTec_AD/zipper/test/good/008.png'] 0.21488818526268005
['/mnt/dsc3032-gaya-shared/group6/datasets/MVTec_AD/zipper/test/good/009.png'] 0.21229463815689087
['/mnt/dsc3032-gaya-shared/group6/datasets/MVTec_AD/zipper/test/good/010.png'] 0.21146222949028015
['/mnt/dsc3032-gaya-shared/group6/datasets/MVTec_AD/zipper/test/good/011.png'] 0.24063268303871155
['/mnt/dsc3032-gaya-shared/group6/datasets/MVTec_AD/zipper/test/good/012.png'] 0.24101099371910095
['/mnt/dsc3032-gaya-shared/group6/datasets/MVTec_AD/zipper/test/good/013.png'] 0.23768764734268188
['/mnt/dsc3032-gaya-shared/group6/datasets/MVTec_AD/zipper/test/good/014.png'] 0.22776149213314056
['/mnt/dsc3032-gaya-shared/group6/datasets/MVTec_AD/zipper/test/good/015.png'] 0.23675911128520966
['/mnt/dsc3032-gaya-shared/group6/datasets/MVTec_AD/zipper/test/good/016.png'] 0.22545994818210602
['/mnt/dsc3032-gaya-shared/group6/datasets/MVTec_AD/zipper/test/good/017.png'] 0.24351808428764343
['/mnt/dsc3032-gaya-shared/group6/datasets/MVTec_AD/zipper/test/good/018.png'] 0.22353030741214752
['/mnt/dsc3032-gaya-shared/group6/datasets/MVTec_AD/zipper/test/good/019.png'] 0.25619572401046753
['/mnt/dsc3032-gaya-shared/group6/datasets/MVTec_AD/zipper/test/good/020.png'] 0.26507049798965454
['/mnt/dsc3032-gaya-shared/group6/datasets/MVTec_AD/zipper/test/good/021.png'] 0.41843825578689575
['/mnt/dsc3032-gaya-shared/group6/datasets/MVTec_AD/zipper/test/good/022.png'] 0.398093581199646
['/mnt/dsc3032-gaya-shared/group6/datasets/MVTec_AD/zipper/test/good/023.png'] 0.24528101086616516
['/mnt/dsc3032-gaya-shared/group6/datasets/MVTec_AD/zipper/test/good/024.png'] 0.22431176900863647
['/mnt/dsc3032-gaya-shared/group6/datasets/MVTec_AD/zipper/test/good/025.png'] 0.2407933622598648
['/mnt/dsc3032-gaya-shared/group6/datasets/MVTec_AD/zipper/test/good/026.png'] 0.2396230846643448
['/mnt/dsc3032-gaya-shared/group6/datasets/MVTec_AD/zipper/test/good/027.png'] 0.2428397387266159
['/mnt/dsc3032-gaya-shared/group6/datasets/MVTec_AD/zipper/test/good/028.png'] 0.2734255790710449
['/mnt/dsc3032-gaya-shared/group6/datasets/MVTec_AD/zipper/test/good/029.png'] 0.2302318662405014
['/mnt/dsc3032-gaya-shared/group6/datasets/MVTec_AD/zipper/test/good/030.png'] 0.1810263842344284
['/mnt/dsc3032-gaya-shared/group6/datasets/MVTec_AD/zipper/test/good/031.png'] 0.17964889109134674
['/mnt/dsc3032-gaya-shared/group6/datasets/MVTec_AD/zipper/test/rough/000.png'] 0.34907007217407227
['/mnt/dsc3032-gaya-shared/group6/datasets/MVTec_AD/zipper/test/rough/001.png'] 0.35212868452072144
['/mnt/dsc3032-gaya-shared/group6/datasets/MVTec_AD/zipper/test/rough/002.png'] 0.3560630679130554
['/mnt/dsc3032-gaya-shared/group6/datasets/MVTec_AD/zipper/test/rough/003.png'] 0.4187161922454834
['/mnt/dsc3032-gaya-shared/group6/datasets/MVTec_AD/zipper/test/rough/004.png'] 0.3383159041404724
['/mnt/dsc3032-gaya-shared/group6/datasets/MVTec_AD/zipper/test/rough/005.png'] 0.382457971572876
['/mnt/dsc3032-gaya-shared/group6/datasets/MVTec_AD/zipper/test/rough/006.png'] 0.3477495610713959
['/mnt/dsc3032-gaya-shared/group6/datasets/MVTec_AD/zipper/test/rough/007.png'] 0.3633574843406677
['/mnt/dsc3032-gaya-shared/group6/datasets/MVTec_AD/zipper/test/rough/008.png'] 0.30126750469207764
['/mnt/dsc3032-gaya-shared/group6/datasets/MVTec_AD/zipper/test/rough/009.png'] 0.36732375621795654
['/mnt/dsc3032-gaya-shared/group6/datasets/MVTec_AD/zipper/test/rough/010.png'] 0.42042413353919983
['/mnt/dsc3032-gaya-shared/group6/datasets/MVTec_AD/zipper/test/rough/011.png'] 0.4243345260620117
['/mnt/dsc3032-gaya-shared/group6/datasets/MVTec_AD/zipper/test/rough/012.png'] 0.3165132999420166
['/mnt/dsc3032-gaya-shared/group6/datasets/MVTec_AD/zipper/test/rough/013.png'] 0.3524181544780731
['/mnt/dsc3032-gaya-shared/group6/datasets/MVTec_AD/zipper/test/rough/014.png'] 0.3588566780090332
['/mnt/dsc3032-gaya-shared/group6/datasets/MVTec_AD/zipper/test/rough/015.png'] 0.47886374592781067
['/mnt/dsc3032-gaya-shared/group6/datasets/MVTec_AD/zipper/test/rough/016.png'] 0.42276886105537415
['/mnt/dsc3032-gaya-shared/group6/datasets/MVTec_AD/zipper/test/split_teeth/000.png'] 0.3082486391067505
['/mnt/dsc3032-gaya-shared/group6/datasets/MVTec_AD/zipper/test/split_teeth/001.png'] 0.30377519130706787
['/mnt/dsc3032-gaya-shared/group6/datasets/MVTec_AD/zipper/test/split_teeth/002.png'] 0.2739889621734619
['/mnt/dsc3032-gaya-shared/group6/datasets/MVTec_AD/zipper/test/split_teeth/003.png'] 0.380462646484375
['/mnt/dsc3032-gaya-shared/group6/datasets/MVTec_AD/zipper/test/split_teeth/004.png'] 0.4016568660736084
['/mnt/dsc3032-gaya-shared/group6/datasets/MVTec_AD/zipper/test/split_teeth/005.png'] 0.3519715666770935
['/mnt/dsc3032-gaya-shared/group6/datasets/MVTec_AD/zipper/test/split_teeth/006.png'] 0.29399973154067993
['/mnt/dsc3032-gaya-shared/group6/datasets/MVTec_AD/zipper/test/split_teeth/007.png'] 0.2847038805484772
['/mnt/dsc3032-gaya-shared/group6/datasets/MVTec_AD/zipper/test/split_teeth/008.png'] 0.2848685085773468
['/mnt/dsc3032-gaya-shared/group6/datasets/MVTec_AD/zipper/test/split_teeth/009.png'] 0.30565983057022095
['/mnt/dsc3032-gaya-shared/group6/datasets/MVTec_AD/zipper/test/split_teeth/010.png'] 0.2789573669433594
['/mnt/dsc3032-gaya-shared/group6/datasets/MVTec_AD/zipper/test/split_teeth/011.png'] 0.30236321687698364
['/mnt/dsc3032-gaya-shared/group6/datasets/MVTec_AD/zipper/test/split_teeth/012.png'] 0.3304847478866577
['/mnt/dsc3032-gaya-shared/group6/datasets/MVTec_AD/zipper/test/split_teeth/013.png'] 0.2928873300552368
['/mnt/dsc3032-gaya-shared/group6/datasets/MVTec_AD/zipper/test/split_teeth/014.png'] 0.31375402212142944
['/mnt/dsc3032-gaya-shared/group6/datasets/MVTec_AD/zipper/test/split_teeth/015.png'] 0.4133378863334656
['/mnt/dsc3032-gaya-shared/group6/datasets/MVTec_AD/zipper/test/split_teeth/016.png'] 0.36884957551956177
['/mnt/dsc3032-gaya-shared/group6/datasets/MVTec_AD/zipper/test/split_teeth/017.png'] 0.34658974409103394
['/mnt/dsc3032-gaya-shared/group6/datasets/MVTec_AD/zipper/test/squeezed_teeth/000.png'] 0.2739814519882202
['/mnt/dsc3032-gaya-shared/group6/datasets/MVTec_AD/zipper/test/squeezed_teeth/001.png'] 0.2759215831756592
['/mnt/dsc3032-gaya-shared/group6/datasets/MVTec_AD/zipper/test/squeezed_teeth/002.png'] 0.25474217534065247
['/mnt/dsc3032-gaya-shared/group6/datasets/MVTec_AD/zipper/test/squeezed_teeth/003.png'] 0.31522753834724426
['/mnt/dsc3032-gaya-shared/group6/datasets/MVTec_AD/zipper/test/squeezed_teeth/004.png'] 0.2770409882068634
['/mnt/dsc3032-gaya-shared/group6/datasets/MVTec_AD/zipper/test/squeezed_teeth/005.png'] 0.2554280757904053
['/mnt/dsc3032-gaya-shared/group6/datasets/MVTec_AD/zipper/test/squeezed_teeth/006.png'] 0.28346213698387146
['/mnt/dsc3032-gaya-shared/group6/datasets/MVTec_AD/zipper/test/squeezed_teeth/007.png'] 0.2533767819404602
['/mnt/dsc3032-gaya-shared/group6/datasets/MVTec_AD/zipper/test/squeezed_teeth/008.png'] 0.20981916785240173
['/mnt/dsc3032-gaya-shared/group6/datasets/MVTec_AD/zipper/test/squeezed_teeth/009.png'] 0.3132478594779968
['/mnt/dsc3032-gaya-shared/group6/datasets/MVTec_AD/zipper/test/squeezed_teeth/010.png'] 0.4181923270225525
['/mnt/dsc3032-gaya-shared/group6/datasets/MVTec_AD/zipper/test/squeezed_teeth/011.png'] 0.3128843307495117
['/mnt/dsc3032-gaya-shared/group6/datasets/MVTec_AD/zipper/test/squeezed_teeth/012.png'] 0.24545232951641083
['/mnt/dsc3032-gaya-shared/group6/datasets/MVTec_AD/zipper/test/squeezed_teeth/013.png'] 0.3423019051551819
['/mnt/dsc3032-gaya-shared/group6/datasets/MVTec_AD/zipper/test/squeezed_teeth/014.png'] 0.2610333561897278
['/mnt/dsc3032-gaya-shared/group6/datasets/MVTec_AD/zipper/test/squeezed_teeth/015.png'] 0.3206421136856079
26-06-02 17:20:49.312 - INFO: 
| category   |   K-shots |   F1-Max(image) |   AUROC(image) |   F1-Max(pixel) |   AUROC(pixel) |
|:-----------|----------:|----------------:|---------------:|----------------:|---------------:|
| zipper     |         1 |           95.51 |          93.54 |            57.4 |          96.42 |
