/home/gaya6/LogSAD/dinov2/dinov2/layers/swiglu_ffn.py:43: UserWarning: xFormers is available (SwiGLU)
  warnings.warn("xFormers is available (SwiGLU)")
/home/gaya6/LogSAD/dinov2/dinov2/layers/attention.py:27: UserWarning: xFormers is available (Attention)
  warnings.warn("xFormers is available (Attention)")
/home/gaya6/LogSAD/dinov2/dinov2/layers/block.py:33: UserWarning: xFormers is available (Block)
  warnings.warn("xFormers is available (Block)")
running k-means on cuda..

[running kmeans]: 0it [00:00, ?it/s]
[running kmeans]: 0it [00:00, ?it/s, center_shift=5.325912, iteration=1, tol=0.000100]
[running kmeans]: 1it [00:00,  2.74it/s, center_shift=5.325912, iteration=1, tol=0.000100]
[running kmeans]: 1it [00:00,  2.74it/s, center_shift=0.134610, iteration=2, tol=0.000100]
[running kmeans]: 2it [00:00,  3.28it/s, center_shift=0.134610, iteration=2, tol=0.000100]
[running kmeans]: 2it [00:00,  3.28it/s, center_shift=0.002170, iteration=3, tol=0.000100]
[running kmeans]: 3it [00:00,  3.53it/s, center_shift=0.002170, iteration=3, tol=0.000100]
[running kmeans]: 3it [00:01,  3.53it/s, center_shift=0.000200, iteration=4, tol=0.000100]
[running kmeans]: 4it [00:01,  3.66it/s, center_shift=0.000200, iteration=4, tol=0.000100]
[running kmeans]: 4it [00:01,  3.66it/s, center_shift=0.000036, iteration=5, tol=0.000100]
[running kmeans]: 5it [00:01,  3.74it/s, center_shift=0.000036, iteration=5, tol=0.000100]
[running kmeans]: 5it [00:01,  3.57it/s, center_shift=0.000036, iteration=5, tol=0.000100]
predicting on cuda..
predicting on cuda..
predicting on cuda..
predicting on cuda..
predicting on cuda..
['/home/gaya6/LogSAD/datasets/MVTec_LOCO/breakfast_box/test/good/000.png'] tensor(0.7477, dtype=torch.float64)
predicting on cuda..
['/home/gaya6/LogSAD/datasets/MVTec_LOCO/breakfast_box/test/good/001.png'] tensor(0.3325, dtype=torch.float64)
predicting on cuda..
['/home/gaya6/LogSAD/datasets/MVTec_LOCO/breakfast_box/test/good/002.png'] tensor(0.4907, dtype=torch.float64)
predicting on cuda..
['/home/gaya6/LogSAD/datasets/MVTec_LOCO/breakfast_box/test/good/003.png'] tensor(0.3675, dtype=torch.float64)
predicting on cuda..
['/home/gaya6/LogSAD/datasets/MVTec_LOCO/breakfast_box/test/good/004.png'] tensor(0.6394, dtype=torch.float64)
predicting on cuda..
['/home/gaya6/LogSAD/datasets/MVTec_LOCO/breakfast_box/test/good/005.png'] tensor(0.6711, dtype=torch.float64)
predicting on cuda..
['/home/gaya6/LogSAD/datasets/MVTec_LOCO/breakfast_box/test/good/006.png'] tensor(0.3726, dtype=torch.float64)
predicting on cuda..
['/home/gaya6/LogSAD/datasets/MVTec_LOCO/breakfast_box/test/good/007.png'] tensor(0.6279, dtype=torch.float64)
predicting on cuda..
['/home/gaya6/LogSAD/datasets/MVTec_LOCO/breakfast_box/test/good/008.png'] tensor(0.6512, dtype=torch.float64)
predicting on cuda..
['/home/gaya6/LogSAD/datasets/MVTec_LOCO/breakfast_box/test/good/009.png'] tensor(0.6313, dtype=torch.float64)
predicting on cuda..
['/home/gaya6/LogSAD/datasets/MVTec_LOCO/breakfast_box/test/good/010.png'] tensor(0.7099, dtype=torch.float64)
predicting on cuda..
['/home/gaya6/LogSAD/datasets/MVTec_LOCO/breakfast_box/test/good/011.png'] tensor(0.6238, dtype=torch.float64)
predicting on cuda..
['/home/gaya6/LogSAD/datasets/MVTec_LOCO/breakfast_box/test/good/012.png'] tensor(0.7848, dtype=torch.float64)
predicting on cuda..
['/home/gaya6/LogSAD/datasets/MVTec_LOCO/breakfast_box/test/good/013.png'] tensor(0.4233, dtype=torch.float64)
predicting on cuda..
['/home/gaya6/LogSAD/datasets/MVTec_LOCO/breakfast_box/test/good/014.png'] tensor(0.8070, dtype=torch.float64)
predicting on cuda..
['/home/gaya6/LogSAD/datasets/MVTec_LOCO/breakfast_box/test/good/015.png'] tensor(0.5987, dtype=torch.float64)
predicting on cuda..
['/home/gaya6/LogSAD/datasets/MVTec_LOCO/breakfast_box/test/good/016.png'] tensor(0.7252, dtype=torch.float64)
predicting on cuda..
['/home/gaya6/LogSAD/datasets/MVTec_LOCO/breakfast_box/test/good/017.png'] tensor(0.4815, dtype=torch.float64)
predicting on cuda..
['/home/gaya6/LogSAD/datasets/MVTec_LOCO/breakfast_box/test/good/018.png'] tensor(0.7643, dtype=torch.float64)
predicting on cuda..
['/home/gaya6/LogSAD/datasets/MVTec_LOCO/breakfast_box/test/good/019.png'] tensor(0.2488, dtype=torch.float64)
predicting on cuda..
['/home/gaya6/LogSAD/datasets/MVTec_LOCO/breakfast_box/test/good/020.png'] tensor(0.4064, dtype=torch.float64)
predicting on cuda..
['/home/gaya6/LogSAD/datasets/MVTec_LOCO/breakfast_box/test/good/021.png'] tensor(0.6396, dtype=torch.float64)
predicting on cuda..
['/home/gaya6/LogSAD/datasets/MVTec_LOCO/breakfast_box/test/good/022.png'] tensor(0.5025, dtype=torch.float64)
predicting on cuda..
['/home/gaya6/LogSAD/datasets/MVTec_LOCO/breakfast_box/test/good/023.png'] tensor(0.6087, dtype=torch.float64)
predicting on cuda..
['/home/gaya6/LogSAD/datasets/MVTec_LOCO/breakfast_box/test/good/024.png'] tensor(0.6579, dtype=torch.float64)
predicting on cuda..
['/home/gaya6/LogSAD/datasets/MVTec_LOCO/breakfast_box/test/good/025.png'] tensor(0.3313, dtype=torch.float64)
predicting on cuda..
['/home/gaya6/LogSAD/datasets/MVTec_LOCO/breakfast_box/test/good/026.png'] tensor(0.5067, dtype=torch.float64)
predicting on cuda..
['/home/gaya6/LogSAD/datasets/MVTec_LOCO/breakfast_box/test/good/027.png'] tensor(0.7436, dtype=torch.float64)
predicting on cuda..
['/home/gaya6/LogSAD/datasets/MVTec_LOCO/breakfast_box/test/good/028.png'] tensor(0.2148, dtype=torch.float64)
predicting on cuda..
['/home/gaya6/LogSAD/datasets/MVTec_LOCO/breakfast_box/test/good/029.png'] tensor(0.4482, dtype=torch.float64)
predicting on cuda..
['/home/gaya6/LogSAD/datasets/MVTec_LOCO/breakfast_box/test/good/030.png'] tensor(0.4385, dtype=torch.float64)
predicting on cuda..
['/home/gaya6/LogSAD/datasets/MVTec_LOCO/breakfast_box/test/good/031.png'] tensor(0.6719, dtype=torch.float64)
predicting on cuda..
['/home/gaya6/LogSAD/datasets/MVTec_LOCO/breakfast_box/test/good/032.png'] tensor(0.4076, dtype=torch.float64)
predicting on cuda..
['/home/gaya6/LogSAD/datasets/MVTec_LOCO/breakfast_box/test/good/033.png'] tensor(0.8355, dtype=torch.float64)
predicting on cuda..
['/home/gaya6/LogSAD/datasets/MVTec_LOCO/breakfast_box/test/good/034.png'] tensor(0.7456, dtype=torch.float64)
predicting on cuda..
['/home/gaya6/LogSAD/datasets/MVTec_LOCO/breakfast_box/test/good/035.png'] tensor(0.3866, dtype=torch.float64)
predicting on cuda..
['/home/gaya6/LogSAD/datasets/MVTec_LOCO/breakfast_box/test/good/036.png'] tensor(0.5543, dtype=torch.float64)
predicting on cuda..
['/home/gaya6/LogSAD/datasets/MVTec_LOCO/breakfast_box/test/good/037.png'] tensor(0.2145, dtype=torch.float64)
predicting on cuda..
['/home/gaya6/LogSAD/datasets/MVTec_LOCO/breakfast_box/test/good/038.png'] tensor(0.6576, dtype=torch.float64)
predicting on cuda..
['/home/gaya6/LogSAD/datasets/MVTec_LOCO/breakfast_box/test/good/039.png'] tensor(0.3090, dtype=torch.float64)
predicting on cuda..
['/home/gaya6/LogSAD/datasets/MVTec_LOCO/breakfast_box/test/good/040.png'] tensor(0.2696, dtype=torch.float64)
predicting on cuda..
['/home/gaya6/LogSAD/datasets/MVTec_LOCO/breakfast_box/test/good/041.png'] tensor(0.4013, dtype=torch.float64)
predicting on cuda..
['/home/gaya6/LogSAD/datasets/MVTec_LOCO/breakfast_box/test/good/042.png'] tensor(0.8012, dtype=torch.float64)
predicting on cuda..
['/home/gaya6/LogSAD/datasets/MVTec_LOCO/breakfast_box/test/good/043.png'] tensor(0.5596, dtype=torch.float64)
predicting on cuda..
['/home/gaya6/LogSAD/datasets/MVTec_LOCO/breakfast_box/test/good/044.png'] tensor(0.8854, dtype=torch.float64)
predicting on cuda..
['/home/gaya6/LogSAD/datasets/MVTec_LOCO/breakfast_box/test/good/045.png'] tensor(0.8314, dtype=torch.float64)
predicting on cuda..
['/home/gaya6/LogSAD/datasets/MVTec_LOCO/breakfast_box/test/good/046.png'] tensor(0.3665, dtype=torch.float64)
predicting on cuda..
['/home/gaya6/LogSAD/datasets/MVTec_LOCO/breakfast_box/test/good/047.png'] tensor(0.4994, dtype=torch.float64)
predicting on cuda..
['/home/gaya6/LogSAD/datasets/MVTec_LOCO/breakfast_box/test/good/048.png'] tensor(0.5159, dtype=torch.float64)
predicting on cuda..
['/home/gaya6/LogSAD/datasets/MVTec_LOCO/breakfast_box/test/good/049.png'] tensor(0.5950, dtype=torch.float64)
predicting on cuda..
['/home/gaya6/LogSAD/datasets/MVTec_LOCO/breakfast_box/test/good/050.png'] tensor(0.6453, dtype=torch.float64)
predicting on cuda..
['/home/gaya6/LogSAD/datasets/MVTec_LOCO/breakfast_box/test/good/051.png'] tensor(0.4663, dtype=torch.float64)
predicting on cuda..
['/home/gaya6/LogSAD/datasets/MVTec_LOCO/breakfast_box/test/good/052.png'] tensor(0.8347, dtype=torch.float64)
predicting on cuda..
['/home/gaya6/LogSAD/datasets/MVTec_LOCO/breakfast_box/test/good/053.png'] tensor(0.7093, dtype=torch.float64)
predicting on cuda..
['/home/gaya6/LogSAD/datasets/MVTec_LOCO/breakfast_box/test/good/054.png'] tensor(0.5793, dtype=torch.float64)
predicting on cuda..
['/home/gaya6/LogSAD/datasets/MVTec_LOCO/breakfast_box/test/good/055.png'] tensor(0.8642, dtype=torch.float64)
predicting on cuda..
['/home/gaya6/LogSAD/datasets/MVTec_LOCO/breakfast_box/test/good/056.png'] tensor(0.5036, dtype=torch.float64)
predicting on cuda..
['/home/gaya6/LogSAD/datasets/MVTec_LOCO/breakfast_box/test/good/057.png'] tensor(0.3065, dtype=torch.float64)
predicting on cuda..
['/home/gaya6/LogSAD/datasets/MVTec_LOCO/breakfast_box/test/good/058.png'] tensor(0.3809, dtype=torch.float64)
predicting on cuda..
['/home/gaya6/LogSAD/datasets/MVTec_LOCO/breakfast_box/test/good/059.png'] tensor(0.8769, dtype=torch.float64)
predicting on cuda..
['/home/gaya6/LogSAD/datasets/MVTec_LOCO/breakfast_box/test/good/060.png'] tensor(0.6820, dtype=torch.float64)
predicting on cuda..
['/home/gaya6/LogSAD/datasets/MVTec_LOCO/breakfast_box/test/good/061.png'] tensor(0.3095, dtype=torch.float64)
predicting on cuda..
['/home/gaya6/LogSAD/datasets/MVTec_LOCO/breakfast_box/test/good/062.png'] tensor(0.4191, dtype=torch.float64)
predicting on cuda..
['/home/gaya6/LogSAD/datasets/MVTec_LOCO/breakfast_box/test/good/063.png'] tensor(0.2881, dtype=torch.float64)
predicting on cuda..
['/home/gaya6/LogSAD/datasets/MVTec_LOCO/breakfast_box/test/good/064.png'] tensor(0.6316, dtype=torch.float64)
predicting on cuda..
['/home/gaya6/LogSAD/datasets/MVTec_LOCO/breakfast_box/test/good/065.png'] tensor(0.7177, dtype=torch.float64)
predicting on cuda..
['/home/gaya6/LogSAD/datasets/MVTec_LOCO/breakfast_box/test/good/066.png'] tensor(0.5410, dtype=torch.float64)
predicting on cuda..
['/home/gaya6/LogSAD/datasets/MVTec_LOCO/breakfast_box/test/good/067.png'] tensor(0.7301, dtype=torch.float64)
predicting on cuda..
['/home/gaya6/LogSAD/datasets/MVTec_LOCO/breakfast_box/test/good/068.png'] tensor(0.9159, dtype=torch.float64)
predicting on cuda..
['/home/gaya6/LogSAD/datasets/MVTec_LOCO/breakfast_box/test/good/069.png'] tensor(0.3437, dtype=torch.float64)
predicting on cuda..
['/home/gaya6/LogSAD/datasets/MVTec_LOCO/breakfast_box/test/good/070.png'] tensor(0.6409, dtype=torch.float64)
predicting on cuda..
['/home/gaya6/LogSAD/datasets/MVTec_LOCO/breakfast_box/test/good/071.png'] tensor(0.4553, dtype=torch.float64)
predicting on cuda..
['/home/gaya6/LogSAD/datasets/MVTec_LOCO/breakfast_box/test/good/072.png'] tensor(0.3526, dtype=torch.float64)
predicting on cuda..
['/home/gaya6/LogSAD/datasets/MVTec_LOCO/breakfast_box/test/good/073.png'] tensor(0.5557, dtype=torch.float64)
predicting on cuda..
['/home/gaya6/LogSAD/datasets/MVTec_LOCO/breakfast_box/test/good/074.png'] tensor(0.7165, dtype=torch.float64)
predicting on cuda..
['/home/gaya6/LogSAD/datasets/MVTec_LOCO/breakfast_box/test/good/075.png'] tensor(0.7637, dtype=torch.float64)
predicting on cuda..
['/home/gaya6/LogSAD/datasets/MVTec_LOCO/breakfast_box/test/good/076.png'] tensor(0.8703, dtype=torch.float64)
predicting on cuda..
['/home/gaya6/LogSAD/datasets/MVTec_LOCO/breakfast_box/test/good/077.png'] tensor(0.3704, dtype=torch.float64)
predicting on cuda..
['/home/gaya6/LogSAD/datasets/MVTec_LOCO/breakfast_box/test/good/078.png'] tensor(0.9444, dtype=torch.float64)
predicting on cuda..
['/home/gaya6/LogSAD/datasets/MVTec_LOCO/breakfast_box/test/good/079.png'] tensor(0.5597, dtype=torch.float64)
predicting on cuda..
['/home/gaya6/LogSAD/datasets/MVTec_LOCO/breakfast_box/test/good/080.png'] tensor(0.5169, dtype=torch.float64)
predicting on cuda..
['/home/gaya6/LogSAD/datasets/MVTec_LOCO/breakfast_box/test/good/081.png'] tensor(0.3726, dtype=torch.float64)
predicting on cuda..
['/home/gaya6/LogSAD/datasets/MVTec_LOCO/breakfast_box/test/good/082.png'] tensor(0.3060, dtype=torch.float64)
predicting on cuda..
['/home/gaya6/LogSAD/datasets/MVTec_LOCO/breakfast_box/test/good/083.png'] tensor(0.3352, dtype=torch.float64)
predicting on cuda..
['/home/gaya6/LogSAD/datasets/MVTec_LOCO/breakfast_box/test/good/084.png'] tensor(0.4399, dtype=torch.float64)
predicting on cuda..
['/home/gaya6/LogSAD/datasets/MVTec_LOCO/breakfast_box/test/good/085.png'] tensor(0.8134, dtype=torch.float64)
predicting on cuda..
['/home/gaya6/LogSAD/datasets/MVTec_LOCO/breakfast_box/test/good/086.png'] tensor(0.7796, dtype=torch.float64)
predicting on cuda..
['/home/gaya6/LogSAD/datasets/MVTec_LOCO/breakfast_box/test/good/087.png'] tensor(0.6769, dtype=torch.float64)
predicting on cuda..
['/home/gaya6/LogSAD/datasets/MVTec_LOCO/breakfast_box/test/good/088.png'] tensor(0.6335, dtype=torch.float64)
predicting on cuda..
['/home/gaya6/LogSAD/datasets/MVTec_LOCO/breakfast_box/test/good/089.png'] tensor(0.3035, dtype=torch.float64)
predicting on cuda..
['/home/gaya6/LogSAD/datasets/MVTec_LOCO/breakfast_box/test/good/090.png'] tensor(0.7934, dtype=torch.float64)
predicting on cuda..
['/home/gaya6/LogSAD/datasets/MVTec_LOCO/breakfast_box/test/good/091.png'] tensor(0.6901, dtype=torch.float64)
predicting on cuda..
['/home/gaya6/LogSAD/datasets/MVTec_LOCO/breakfast_box/test/good/092.png'] tensor(0.2062, dtype=torch.float64)
predicting on cuda..
['/home/gaya6/LogSAD/datasets/MVTec_LOCO/breakfast_box/test/good/093.png'] tensor(0.5433, dtype=torch.float64)
predicting on cuda..
['/home/gaya6/LogSAD/datasets/MVTec_LOCO/breakfast_box/test/good/094.png'] tensor(0.3396, dtype=torch.float64)
predicting on cuda..
['/home/gaya6/LogSAD/datasets/MVTec_LOCO/breakfast_box/test/good/095.png'] tensor(0.8495, dtype=torch.float64)
predicting on cuda..
['/home/gaya6/LogSAD/datasets/MVTec_LOCO/breakfast_box/test/good/096.png'] tensor(0.6527, dtype=torch.float64)
predicting on cuda..
['/home/gaya6/LogSAD/datasets/MVTec_LOCO/breakfast_box/test/good/097.png'] tensor(0.7503, dtype=torch.float64)
predicting on cuda..
['/home/gaya6/LogSAD/datasets/MVTec_LOCO/breakfast_box/test/good/098.png'] tensor(0.5262, dtype=torch.float64)
predicting on cuda..
['/home/gaya6/LogSAD/datasets/MVTec_LOCO/breakfast_box/test/good/099.png'] tensor(0.8263, dtype=torch.float64)
predicting on cuda..
['/home/gaya6/LogSAD/datasets/MVTec_LOCO/breakfast_box/test/good/100.png'] tensor(0.8069, dtype=torch.float64)
predicting on cuda..
['/home/gaya6/LogSAD/datasets/MVTec_LOCO/breakfast_box/test/good/101.png'] tensor(0.5454, dtype=torch.float64)
predicting on cuda..
['/home/gaya6/LogSAD/datasets/MVTec_LOCO/breakfast_box/test/logical_anomalies/000.png'] tensor(1.0000, dtype=torch.float64)
predicting on cuda..
['/home/gaya6/LogSAD/datasets/MVTec_LOCO/breakfast_box/test/logical_anomalies/001.png'] tensor(1.0000, dtype=torch.float64)
predicting on cuda..
['/home/gaya6/LogSAD/datasets/MVTec_LOCO/breakfast_box/test/logical_anomalies/002.png'] tensor(1.0000, dtype=torch.float64)
predicting on cuda..
['/home/gaya6/LogSAD/datasets/MVTec_LOCO/breakfast_box/test/logical_anomalies/003.png'] tensor(0.9663, dtype=torch.float64)
predicting on cuda..
['/home/gaya6/LogSAD/datasets/MVTec_LOCO/breakfast_box/test/logical_anomalies/004.png'] tensor(0.8002, dtype=torch.float64)
predicting on cuda..
['/home/gaya6/LogSAD/datasets/MVTec_LOCO/breakfast_box/test/logical_anomalies/005.png'] tensor(0.9074, dtype=torch.float64)
predicting on cuda..
['/home/gaya6/LogSAD/datasets/MVTec_LOCO/breakfast_box/test/logical_anomalies/006.png'] tensor(0.7817, dtype=torch.float64)
predicting on cuda..
['/home/gaya6/LogSAD/datasets/MVTec_LOCO/breakfast_box/test/logical_anomalies/007.png'] tensor(0.8356, dtype=torch.float64)
predicting on cuda..
['/home/gaya6/LogSAD/datasets/MVTec_LOCO/breakfast_box/test/logical_anomalies/008.png'] tensor(0.8393, dtype=torch.float64)
predicting on cuda..
['/home/gaya6/LogSAD/datasets/MVTec_LOCO/breakfast_box/test/logical_anomalies/009.png'] tensor(0.7899, dtype=torch.float64)
predicting on cuda..
['/home/gaya6/LogSAD/datasets/MVTec_LOCO/breakfast_box/test/logical_anomalies/010.png'] tensor(0.4040, dtype=torch.float64)
predicting on cuda..
['/home/gaya6/LogSAD/datasets/MVTec_LOCO/breakfast_box/test/logical_anomalies/011.png'] tensor(0.9469, dtype=torch.float64)
predicting on cuda..
['/home/gaya6/LogSAD/datasets/MVTec_LOCO/breakfast_box/test/logical_anomalies/012.png'] tensor(0.7318, dtype=torch.float64)
predicting on cuda..
['/home/gaya6/LogSAD/datasets/MVTec_LOCO/breakfast_box/test/logical_anomalies/013.png'] tensor(0.5868, dtype=torch.float64)
predicting on cuda..
['/home/gaya6/LogSAD/datasets/MVTec_LOCO/breakfast_box/test/logical_anomalies/014.png'] tensor(0.9948, dtype=torch.float64)
predicting on cuda..
['/home/gaya6/LogSAD/datasets/MVTec_LOCO/breakfast_box/test/logical_anomalies/015.png'] tensor(0.9968, dtype=torch.float64)
predicting on cuda..
['/home/gaya6/LogSAD/datasets/MVTec_LOCO/breakfast_box/test/logical_anomalies/016.png'] tensor(0.9977, dtype=torch.float64)
predicting on cuda..
['/home/gaya6/LogSAD/datasets/MVTec_LOCO/breakfast_box/test/logical_anomalies/017.png'] tensor(0.9975, dtype=torch.float64)
predicting on cuda..
['/home/gaya6/LogSAD/datasets/MVTec_LOCO/breakfast_box/test/logical_anomalies/018.png'] tensor(0.9991, dtype=torch.float64)
predicting on cuda..
['/home/gaya6/LogSAD/datasets/MVTec_LOCO/breakfast_box/test/logical_anomalies/019.png'] tensor(0.9966, dtype=torch.float64)
predicting on cuda..
['/home/gaya6/LogSAD/datasets/MVTec_LOCO/breakfast_box/test/logical_anomalies/020.png'] tensor(0.9996, dtype=torch.float64)
predicting on cuda..
['/home/gaya6/LogSAD/datasets/MVTec_LOCO/breakfast_box/test/logical_anomalies/021.png'] tensor(0.9987, dtype=torch.float64)
predicting on cuda..
['/home/gaya6/LogSAD/datasets/MVTec_LOCO/breakfast_box/test/logical_anomalies/022.png'] tensor(0.9987, dtype=torch.float64)
predicting on cuda..
['/home/gaya6/LogSAD/datasets/MVTec_LOCO/breakfast_box/test/logical_anomalies/023.png'] tensor(0.9926, dtype=torch.float64)
predicting on cuda..
['/home/gaya6/LogSAD/datasets/MVTec_LOCO/breakfast_box/test/logical_anomalies/024.png'] tensor(0.9959, dtype=torch.float64)
predicting on cuda..
['/home/gaya6/LogSAD/datasets/MVTec_LOCO/breakfast_box/test/logical_anomalies/025.png'] tensor(1., dtype=torch.float64)
predicting on cuda..
['/home/gaya6/LogSAD/datasets/MVTec_LOCO/breakfast_box/test/logical_anomalies/026.png'] tensor(1., dtype=torch.float64)
predicting on cuda..
['/home/gaya6/LogSAD/datasets/MVTec_LOCO/breakfast_box/test/logical_anomalies/027.png'] tensor(1., dtype=torch.float64)
predicting on cuda..
['/home/gaya6/LogSAD/datasets/MVTec_LOCO/breakfast_box/test/logical_anomalies/028.png'] tensor(1., dtype=torch.float64)
predicting on cuda..
['/home/gaya6/LogSAD/datasets/MVTec_LOCO/breakfast_box/test/logical_anomalies/029.png'] tensor(1., dtype=torch.float64)
predicting on cuda..
['/home/gaya6/LogSAD/datasets/MVTec_LOCO/breakfast_box/test/logical_anomalies/030.png'] tensor(1., dtype=torch.float64)
predicting on cuda..
['/home/gaya6/LogSAD/datasets/MVTec_LOCO/breakfast_box/test/logical_anomalies/031.png'] tensor(1., dtype=torch.float64)
predicting on cuda..
['/home/gaya6/LogSAD/datasets/MVTec_LOCO/breakfast_box/test/logical_anomalies/032.png'] tensor(1., dtype=torch.float64)
predicting on cuda..
['/home/gaya6/LogSAD/datasets/MVTec_LOCO/breakfast_box/test/logical_anomalies/033.png'] tensor(1., dtype=torch.float64)
predicting on cuda..
['/home/gaya6/LogSAD/datasets/MVTec_LOCO/breakfast_box/test/logical_anomalies/034.png'] tensor(1., dtype=torch.float64)
predicting on cuda..
['/home/gaya6/LogSAD/datasets/MVTec_LOCO/breakfast_box/test/logical_anomalies/035.png'] tensor(1., dtype=torch.float64)
predicting on cuda..
['/home/gaya6/LogSAD/datasets/MVTec_LOCO/breakfast_box/test/logical_anomalies/036.png'] tensor(1., dtype=torch.float64)
predicting on cuda..
['/home/gaya6/LogSAD/datasets/MVTec_LOCO/breakfast_box/test/logical_anomalies/037.png'] tensor(1.0000, dtype=torch.float64)
predicting on cuda..
['/home/gaya6/LogSAD/datasets/MVTec_LOCO/breakfast_box/test/logical_anomalies/038.png'] tensor(1.0000, dtype=torch.float64)
predicting on cuda..
['/home/gaya6/LogSAD/datasets/MVTec_LOCO/breakfast_box/test/logical_anomalies/039.png'] tensor(1.0000, dtype=torch.float64)
predicting on cuda..
['/home/gaya6/LogSAD/datasets/MVTec_LOCO/breakfast_box/test/logical_anomalies/040.png'] tensor(1.0000, dtype=torch.float64)
predicting on cuda..
['/home/gaya6/LogSAD/datasets/MVTec_LOCO/breakfast_box/test/logical_anomalies/041.png'] tensor(1.0000, dtype=torch.float64)
predicting on cuda..
['/home/gaya6/LogSAD/datasets/MVTec_LOCO/breakfast_box/test/logical_anomalies/042.png'] tensor(1.0000, dtype=torch.float64)
predicting on cuda..
['/home/gaya6/LogSAD/datasets/MVTec_LOCO/breakfast_box/test/logical_anomalies/043.png'] tensor(1.0000, dtype=torch.float64)
predicting on cuda..
['/home/gaya6/LogSAD/datasets/MVTec_LOCO/breakfast_box/test/logical_anomalies/044.png'] tensor(0.8574, dtype=torch.float64)
predicting on cuda..
['/home/gaya6/LogSAD/datasets/MVTec_LOCO/breakfast_box/test/logical_anomalies/045.png'] tensor(0.9423, dtype=torch.float64)
predicting on cuda..
['/home/gaya6/LogSAD/datasets/MVTec_LOCO/breakfast_box/test/logical_anomalies/046.png'] tensor(0.9848, dtype=torch.float64)
predicting on cuda..
['/home/gaya6/LogSAD/datasets/MVTec_LOCO/breakfast_box/test/logical_anomalies/047.png'] tensor(0.9834, dtype=torch.float64)
predicting on cuda..
['/home/gaya6/LogSAD/datasets/MVTec_LOCO/breakfast_box/test/logical_anomalies/048.png'] tensor(0.9202, dtype=torch.float64)
predicting on cuda..
['/home/gaya6/LogSAD/datasets/MVTec_LOCO/breakfast_box/test/logical_anomalies/049.png'] tensor(0.9990, dtype=torch.float64)
predicting on cuda..
['/home/gaya6/LogSAD/datasets/MVTec_LOCO/breakfast_box/test/logical_anomalies/050.png'] tensor(0.9997, dtype=torch.float64)
predicting on cuda..
['/home/gaya6/LogSAD/datasets/MVTec_LOCO/breakfast_box/test/logical_anomalies/051.png'] tensor(0.9981, dtype=torch.float64)
predicting on cuda..
['/home/gaya6/LogSAD/datasets/MVTec_LOCO/breakfast_box/test/logical_anomalies/052.png'] tensor(0.9997, dtype=torch.float64)
predicting on cuda..
['/home/gaya6/LogSAD/datasets/MVTec_LOCO/breakfast_box/test/logical_anomalies/053.png'] tensor(0.9978, dtype=torch.float64)
predicting on cuda..
['/home/gaya6/LogSAD/datasets/MVTec_LOCO/breakfast_box/test/logical_anomalies/054.png'] tensor(0.7648, dtype=torch.float64)
predicting on cuda..
['/home/gaya6/LogSAD/datasets/MVTec_LOCO/breakfast_box/test/logical_anomalies/055.png'] tensor(0.9494, dtype=torch.float64)
predicting on cuda..
['/home/gaya6/LogSAD/datasets/MVTec_LOCO/breakfast_box/test/logical_anomalies/056.png'] tensor(0.9542, dtype=torch.float64)
predicting on cuda..
['/home/gaya6/LogSAD/datasets/MVTec_LOCO/breakfast_box/test/logical_anomalies/057.png'] tensor(0.9257, dtype=torch.float64)
predicting on cuda..
['/home/gaya6/LogSAD/datasets/MVTec_LOCO/breakfast_box/test/logical_anomalies/058.png'] tensor(1.0000, dtype=torch.float64)
predicting on cuda..
['/home/gaya6/LogSAD/datasets/MVTec_LOCO/breakfast_box/test/logical_anomalies/059.png'] tensor(0.9922, dtype=torch.float64)
predicting on cuda..
['/home/gaya6/LogSAD/datasets/MVTec_LOCO/breakfast_box/test/logical_anomalies/060.png'] tensor(0.9983, dtype=torch.float64)
predicting on cuda..
['/home/gaya6/LogSAD/datasets/MVTec_LOCO/breakfast_box/test/logical_anomalies/061.png'] tensor(1.0000, dtype=torch.float64)
predicting on cuda..
['/home/gaya6/LogSAD/datasets/MVTec_LOCO/breakfast_box/test/logical_anomalies/062.png'] tensor(0.9304, dtype=torch.float64)
predicting on cuda..
['/home/gaya6/LogSAD/datasets/MVTec_LOCO/breakfast_box/test/logical_anomalies/063.png'] tensor(0.9995, dtype=torch.float64)
predicting on cuda..
['/home/gaya6/LogSAD/datasets/MVTec_LOCO/breakfast_box/test/logical_anomalies/064.png'] tensor(0.9302, dtype=torch.float64)
predicting on cuda..
['/home/gaya6/LogSAD/datasets/MVTec_LOCO/breakfast_box/test/logical_anomalies/065.png'] tensor(1., dtype=torch.float64)
predicting on cuda..
['/home/gaya6/LogSAD/datasets/MVTec_LOCO/breakfast_box/test/logical_anomalies/066.png'] tensor(0.9694, dtype=torch.float64)
predicting on cuda..
['/home/gaya6/LogSAD/datasets/MVTec_LOCO/breakfast_box/test/logical_anomalies/067.png'] tensor(1., dtype=torch.float64)
predicting on cuda..
['/home/gaya6/LogSAD/datasets/MVTec_LOCO/breakfast_box/test/logical_anomalies/068.png'] tensor(0.9483, dtype=torch.float64)
predicting on cuda..
['/home/gaya6/LogSAD/datasets/MVTec_LOCO/breakfast_box/test/logical_anomalies/069.png'] tensor(0.9997, dtype=torch.float64)
predicting on cuda..
['/home/gaya6/LogSAD/datasets/MVTec_LOCO/breakfast_box/test/logical_anomalies/070.png'] tensor(0.9874, dtype=torch.float64)
predicting on cuda..
['/home/gaya6/LogSAD/datasets/MVTec_LOCO/breakfast_box/test/logical_anomalies/071.png'] tensor(0.9990, dtype=torch.float64)
predicting on cuda..
['/home/gaya6/LogSAD/datasets/MVTec_LOCO/breakfast_box/test/logical_anomalies/072.png'] tensor(1.0000, dtype=torch.float64)
predicting on cuda..
['/home/gaya6/LogSAD/datasets/MVTec_LOCO/breakfast_box/test/logical_anomalies/073.png'] tensor(0.9819, dtype=torch.float64)
predicting on cuda..
['/home/gaya6/LogSAD/datasets/MVTec_LOCO/breakfast_box/test/logical_anomalies/074.png'] tensor(0.9989, dtype=torch.float64)
predicting on cuda..
['/home/gaya6/LogSAD/datasets/MVTec_LOCO/breakfast_box/test/logical_anomalies/075.png'] tensor(1.0000, dtype=torch.float64)
predicting on cuda..
['/home/gaya6/LogSAD/datasets/MVTec_LOCO/breakfast_box/test/logical_anomalies/076.png'] tensor(0.9668, dtype=torch.float64)
predicting on cuda..
['/home/gaya6/LogSAD/datasets/MVTec_LOCO/breakfast_box/test/logical_anomalies/077.png'] tensor(0.9084, dtype=torch.float64)
predicting on cuda..
['/home/gaya6/LogSAD/datasets/MVTec_LOCO/breakfast_box/test/logical_anomalies/078.png'] tensor(1., dtype=torch.float64)
predicting on cuda..
['/home/gaya6/LogSAD/datasets/MVTec_LOCO/breakfast_box/test/logical_anomalies/079.png'] tensor(1.0000, dtype=torch.float64)
predicting on cuda..
['/home/gaya6/LogSAD/datasets/MVTec_LOCO/breakfast_box/test/logical_anomalies/080.png'] tensor(1.0000, dtype=torch.float64)
predicting on cuda..
['/home/gaya6/LogSAD/datasets/MVTec_LOCO/breakfast_box/test/logical_anomalies/081.png'] tensor(1.0000, dtype=torch.float64)
predicting on cuda..
['/home/gaya6/LogSAD/datasets/MVTec_LOCO/breakfast_box/test/logical_anomalies/082.png'] tensor(1.0000, dtype=torch.float64)
predicting on cuda..
['/home/gaya6/LogSAD/datasets/MVTec_LOCO/breakfast_box/test/structural_anomalies/000.png'] tensor(0.6760, dtype=torch.float64)
predicting on cuda..
['/home/gaya6/LogSAD/datasets/MVTec_LOCO/breakfast_box/test/structural_anomalies/001.png'] tensor(0.4570, dtype=torch.float64)
predicting on cuda..
['/home/gaya6/LogSAD/datasets/MVTec_LOCO/breakfast_box/test/structural_anomalies/002.png'] tensor(0.7725, dtype=torch.float64)
predicting on cuda..
['/home/gaya6/LogSAD/datasets/MVTec_LOCO/breakfast_box/test/structural_anomalies/003.png'] tensor(0.9089, dtype=torch.float64)
predicting on cuda..
['/home/gaya6/LogSAD/datasets/MVTec_LOCO/breakfast_box/test/structural_anomalies/004.png'] tensor(0.9978, dtype=torch.float64)
predicting on cuda..
['/home/gaya6/LogSAD/datasets/MVTec_LOCO/breakfast_box/test/structural_anomalies/005.png'] tensor(0.4756, dtype=torch.float64)
predicting on cuda..
['/home/gaya6/LogSAD/datasets/MVTec_LOCO/breakfast_box/test/structural_anomalies/006.png'] tensor(0.7205, dtype=torch.float64)
predicting on cuda..
['/home/gaya6/LogSAD/datasets/MVTec_LOCO/breakfast_box/test/structural_anomalies/007.png'] tensor(0.8512, dtype=torch.float64)
predicting on cuda..
['/home/gaya6/LogSAD/datasets/MVTec_LOCO/breakfast_box/test/structural_anomalies/008.png'] tensor(0.9840, dtype=torch.float64)
predicting on cuda..
['/home/gaya6/LogSAD/datasets/MVTec_LOCO/breakfast_box/test/structural_anomalies/009.png'] tensor(0.6669, dtype=torch.float64)
predicting on cuda..
['/home/gaya6/LogSAD/datasets/MVTec_LOCO/breakfast_box/test/structural_anomalies/010.png'] tensor(0.9970, dtype=torch.float64)
predicting on cuda..
['/home/gaya6/LogSAD/datasets/MVTec_LOCO/breakfast_box/test/structural_anomalies/011.png'] tensor(0.9860, dtype=torch.float64)
predicting on cuda..
['/home/gaya6/LogSAD/datasets/MVTec_LOCO/breakfast_box/test/structural_anomalies/012.png'] tensor(0.9997, dtype=torch.float64)
predicting on cuda..
['/home/gaya6/LogSAD/datasets/MVTec_LOCO/breakfast_box/test/structural_anomalies/013.png'] tensor(0.8602, dtype=torch.float64)
predicting on cuda..
['/home/gaya6/LogSAD/datasets/MVTec_LOCO/breakfast_box/test/structural_anomalies/014.png'] tensor(1.0000, dtype=torch.float64)
predicting on cuda..
['/home/gaya6/LogSAD/datasets/MVTec_LOCO/breakfast_box/test/structural_anomalies/015.png'] tensor(0.8962, dtype=torch.float64)
predicting on cuda..
['/home/gaya6/LogSAD/datasets/MVTec_LOCO/breakfast_box/test/structural_anomalies/016.png'] tensor(0.8528, dtype=torch.float64)
predicting on cuda..
['/home/gaya6/LogSAD/datasets/MVTec_LOCO/breakfast_box/test/structural_anomalies/017.png'] tensor(0.9577, dtype=torch.float64)
predicting on cuda..
['/home/gaya6/LogSAD/datasets/MVTec_LOCO/breakfast_box/test/structural_anomalies/018.png'] tensor(0.9996, dtype=torch.float64)
predicting on cuda..
['/home/gaya6/LogSAD/datasets/MVTec_LOCO/breakfast_box/test/structural_anomalies/019.png'] tensor(0.9256, dtype=torch.float64)
predicting on cuda..
['/home/gaya6/LogSAD/datasets/MVTec_LOCO/breakfast_box/test/structural_anomalies/020.png'] tensor(1.0000, dtype=torch.float64)
predicting on cuda..
['/home/gaya6/LogSAD/datasets/MVTec_LOCO/breakfast_box/test/structural_anomalies/021.png'] tensor(0.9999, dtype=torch.float64)
predicting on cuda..
['/home/gaya6/LogSAD/datasets/MVTec_LOCO/breakfast_box/test/structural_anomalies/022.png'] tensor(0.9107, dtype=torch.float64)
predicting on cuda..
['/home/gaya6/LogSAD/datasets/MVTec_LOCO/breakfast_box/test/structural_anomalies/023.png'] tensor(0.9827, dtype=torch.float64)
predicting on cuda..
['/home/gaya6/LogSAD/datasets/MVTec_LOCO/breakfast_box/test/structural_anomalies/024.png'] tensor(0.9732, dtype=torch.float64)
predicting on cuda..
['/home/gaya6/LogSAD/datasets/MVTec_LOCO/breakfast_box/test/structural_anomalies/025.png'] tensor(0.9949, dtype=torch.float64)
predicting on cuda..
['/home/gaya6/LogSAD/datasets/MVTec_LOCO/breakfast_box/test/structural_anomalies/026.png'] tensor(0.9999, dtype=torch.float64)
predicting on cuda..
['/home/gaya6/LogSAD/datasets/MVTec_LOCO/breakfast_box/test/structural_anomalies/027.png'] tensor(0.9953, dtype=torch.float64)
predicting on cuda..
['/home/gaya6/LogSAD/datasets/MVTec_LOCO/breakfast_box/test/structural_anomalies/028.png'] tensor(0.8082, dtype=torch.float64)
predicting on cuda..
['/home/gaya6/LogSAD/datasets/MVTec_LOCO/breakfast_box/test/structural_anomalies/029.png'] tensor(0.9911, dtype=torch.float64)
predicting on cuda..
['/home/gaya6/LogSAD/datasets/MVTec_LOCO/breakfast_box/test/structural_anomalies/030.png'] tensor(0.9975, dtype=torch.float64)
predicting on cuda..
['/home/gaya6/LogSAD/datasets/MVTec_LOCO/breakfast_box/test/structural_anomalies/031.png'] tensor(0.9974, dtype=torch.float64)
predicting on cuda..
['/home/gaya6/LogSAD/datasets/MVTec_LOCO/breakfast_box/test/structural_anomalies/032.png'] tensor(0.9324, dtype=torch.float64)
predicting on cuda..
['/home/gaya6/LogSAD/datasets/MVTec_LOCO/breakfast_box/test/structural_anomalies/033.png'] tensor(0.9977, dtype=torch.float64)
predicting on cuda..
['/home/gaya6/LogSAD/datasets/MVTec_LOCO/breakfast_box/test/structural_anomalies/034.png'] tensor(0.5532, dtype=torch.float64)
predicting on cuda..
['/home/gaya6/LogSAD/datasets/MVTec_LOCO/breakfast_box/test/structural_anomalies/035.png'] tensor(0.9999, dtype=torch.float64)
predicting on cuda..
['/home/gaya6/LogSAD/datasets/MVTec_LOCO/breakfast_box/test/structural_anomalies/036.png'] tensor(0.9874, dtype=torch.float64)
predicting on cuda..
['/home/gaya6/LogSAD/datasets/MVTec_LOCO/breakfast_box/test/structural_anomalies/037.png'] tensor(0.8199, dtype=torch.float64)
predicting on cuda..
['/home/gaya6/LogSAD/datasets/MVTec_LOCO/breakfast_box/test/structural_anomalies/038.png'] tensor(0.6901, dtype=torch.float64)
predicting on cuda..
['/home/gaya6/LogSAD/datasets/MVTec_LOCO/breakfast_box/test/structural_anomalies/039.png'] tensor(0.9999, dtype=torch.float64)
predicting on cuda..
['/home/gaya6/LogSAD/datasets/MVTec_LOCO/breakfast_box/test/structural_anomalies/040.png'] tensor(0.9950, dtype=torch.float64)
predicting on cuda..
['/home/gaya6/LogSAD/datasets/MVTec_LOCO/breakfast_box/test/structural_anomalies/041.png'] tensor(0.9578, dtype=torch.float64)
predicting on cuda..
['/home/gaya6/LogSAD/datasets/MVTec_LOCO/breakfast_box/test/structural_anomalies/042.png'] tensor(0.9997, dtype=torch.float64)
predicting on cuda..
['/home/gaya6/LogSAD/datasets/MVTec_LOCO/breakfast_box/test/structural_anomalies/043.png'] tensor(0.9953, dtype=torch.float64)
predicting on cuda..
['/home/gaya6/LogSAD/datasets/MVTec_LOCO/breakfast_box/test/structural_anomalies/044.png'] tensor(0.9948, dtype=torch.float64)
predicting on cuda..
['/home/gaya6/LogSAD/datasets/MVTec_LOCO/breakfast_box/test/structural_anomalies/045.png'] tensor(0.8947, dtype=torch.float64)
predicting on cuda..
['/home/gaya6/LogSAD/datasets/MVTec_LOCO/breakfast_box/test/structural_anomalies/046.png'] tensor(0.9976, dtype=torch.float64)
predicting on cuda..
['/home/gaya6/LogSAD/datasets/MVTec_LOCO/breakfast_box/test/structural_anomalies/047.png'] tensor(0.9465, dtype=torch.float64)
predicting on cuda..
['/home/gaya6/LogSAD/datasets/MVTec_LOCO/breakfast_box/test/structural_anomalies/048.png'] tensor(0.9957, dtype=torch.float64)
predicting on cuda..
['/home/gaya6/LogSAD/datasets/MVTec_LOCO/breakfast_box/test/structural_anomalies/049.png'] tensor(0.7915, dtype=torch.float64)
predicting on cuda..
['/home/gaya6/LogSAD/datasets/MVTec_LOCO/breakfast_box/test/structural_anomalies/050.png'] tensor(0.9971, dtype=torch.float64)
predicting on cuda..
['/home/gaya6/LogSAD/datasets/MVTec_LOCO/breakfast_box/test/structural_anomalies/051.png'] tensor(0.9164, dtype=torch.float64)
predicting on cuda..
['/home/gaya6/LogSAD/datasets/MVTec_LOCO/breakfast_box/test/structural_anomalies/052.png'] tensor(0.9951, dtype=torch.float64)
predicting on cuda..
['/home/gaya6/LogSAD/datasets/MVTec_LOCO/breakfast_box/test/structural_anomalies/053.png'] tensor(0.9969, dtype=torch.float64)
predicting on cuda..
['/home/gaya6/LogSAD/datasets/MVTec_LOCO/breakfast_box/test/structural_anomalies/054.png'] tensor(0.9368, dtype=torch.float64)
predicting on cuda..
['/home/gaya6/LogSAD/datasets/MVTec_LOCO/breakfast_box/test/structural_anomalies/055.png'] tensor(0.9113, dtype=torch.float64)
predicting on cuda..
['/home/gaya6/LogSAD/datasets/MVTec_LOCO/breakfast_box/test/structural_anomalies/056.png'] tensor(0.9896, dtype=torch.float64)
predicting on cuda..
['/home/gaya6/LogSAD/datasets/MVTec_LOCO/breakfast_box/test/structural_anomalies/057.png'] tensor(0.5468, dtype=torch.float64)
predicting on cuda..
['/home/gaya6/LogSAD/datasets/MVTec_LOCO/breakfast_box/test/structural_anomalies/058.png'] tensor(0.9710, dtype=torch.float64)
predicting on cuda..
['/home/gaya6/LogSAD/datasets/MVTec_LOCO/breakfast_box/test/structural_anomalies/059.png'] tensor(0.9925, dtype=torch.float64)
predicting on cuda..
['/home/gaya6/LogSAD/datasets/MVTec_LOCO/breakfast_box/test/structural_anomalies/060.png'] tensor(0.5439, dtype=torch.float64)
predicting on cuda..
['/home/gaya6/LogSAD/datasets/MVTec_LOCO/breakfast_box/test/structural_anomalies/061.png'] tensor(0.7625, dtype=torch.float64)
predicting on cuda..
['/home/gaya6/LogSAD/datasets/MVTec_LOCO/breakfast_box/test/structural_anomalies/062.png'] tensor(0.9977, dtype=torch.float64)
predicting on cuda..
['/home/gaya6/LogSAD/datasets/MVTec_LOCO/breakfast_box/test/structural_anomalies/063.png'] tensor(0.7123, dtype=torch.float64)
predicting on cuda..
['/home/gaya6/LogSAD/datasets/MVTec_LOCO/breakfast_box/test/structural_anomalies/064.png'] tensor(0.9855, dtype=torch.float64)
predicting on cuda..
['/home/gaya6/LogSAD/datasets/MVTec_LOCO/breakfast_box/test/structural_anomalies/065.png'] tensor(0.9059, dtype=torch.float64)
predicting on cuda..
['/home/gaya6/LogSAD/datasets/MVTec_LOCO/breakfast_box/test/structural_anomalies/066.png'] tensor(0.4217, dtype=torch.float64)
predicting on cuda..
['/home/gaya6/LogSAD/datasets/MVTec_LOCO/breakfast_box/test/structural_anomalies/067.png'] tensor(0.9788, dtype=torch.float64)
predicting on cuda..
['/home/gaya6/LogSAD/datasets/MVTec_LOCO/breakfast_box/test/structural_anomalies/068.png'] tensor(0.9918, dtype=torch.float64)
predicting on cuda..
['/home/gaya6/LogSAD/datasets/MVTec_LOCO/breakfast_box/test/structural_anomalies/069.png'] tensor(0.7652, dtype=torch.float64)
predicting on cuda..
['/home/gaya6/LogSAD/datasets/MVTec_LOCO/breakfast_box/test/structural_anomalies/070.png'] tensor(0.9946, dtype=torch.float64)
predicting on cuda..
['/home/gaya6/LogSAD/datasets/MVTec_LOCO/breakfast_box/test/structural_anomalies/071.png'] tensor(0.6089, dtype=torch.float64)
predicting on cuda..
['/home/gaya6/LogSAD/datasets/MVTec_LOCO/breakfast_box/test/structural_anomalies/072.png'] tensor(0.9944, dtype=torch.float64)
predicting on cuda..
['/home/gaya6/LogSAD/datasets/MVTec_LOCO/breakfast_box/test/structural_anomalies/073.png'] tensor(0.9529, dtype=torch.float64)
predicting on cuda..
['/home/gaya6/LogSAD/datasets/MVTec_LOCO/breakfast_box/test/structural_anomalies/074.png'] tensor(0.6455, dtype=torch.float64)
predicting on cuda..
['/home/gaya6/LogSAD/datasets/MVTec_LOCO/breakfast_box/test/structural_anomalies/075.png'] tensor(0.9684, dtype=torch.float64)
predicting on cuda..
['/home/gaya6/LogSAD/datasets/MVTec_LOCO/breakfast_box/test/structural_anomalies/076.png'] tensor(1.0000, dtype=torch.float64)
predicting on cuda..
['/home/gaya6/LogSAD/datasets/MVTec_LOCO/breakfast_box/test/structural_anomalies/077.png'] tensor(0.9999, dtype=torch.float64)
predicting on cuda..
['/home/gaya6/LogSAD/datasets/MVTec_LOCO/breakfast_box/test/structural_anomalies/078.png'] tensor(0.9999, dtype=torch.float64)
predicting on cuda..
['/home/gaya6/LogSAD/datasets/MVTec_LOCO/breakfast_box/test/structural_anomalies/079.png'] tensor(1.0000, dtype=torch.float64)
predicting on cuda..
['/home/gaya6/LogSAD/datasets/MVTec_LOCO/breakfast_box/test/structural_anomalies/080.png'] tensor(0.9980, dtype=torch.float64)
predicting on cuda..
['/home/gaya6/LogSAD/datasets/MVTec_LOCO/breakfast_box/test/structural_anomalies/081.png'] tensor(1.0000, dtype=torch.float64)
predicting on cuda..
['/home/gaya6/LogSAD/datasets/MVTec_LOCO/breakfast_box/test/structural_anomalies/082.png'] tensor(0.9734, dtype=torch.float64)
predicting on cuda..
['/home/gaya6/LogSAD/datasets/MVTec_LOCO/breakfast_box/test/structural_anomalies/083.png'] tensor(0.9997, dtype=torch.float64)
predicting on cuda..
['/home/gaya6/LogSAD/datasets/MVTec_LOCO/breakfast_box/test/structural_anomalies/084.png'] tensor(1.0000, dtype=torch.float64)
predicting on cuda..
['/home/gaya6/LogSAD/datasets/MVTec_LOCO/breakfast_box/test/structural_anomalies/085.png'] tensor(1.0000, dtype=torch.float64)
predicting on cuda..
['/home/gaya6/LogSAD/datasets/MVTec_LOCO/breakfast_box/test/structural_anomalies/086.png'] tensor(0.9991, dtype=torch.float64)
predicting on cuda..
['/home/gaya6/LogSAD/datasets/MVTec_LOCO/breakfast_box/test/structural_anomalies/087.png'] tensor(0.9998, dtype=torch.float64)
predicting on cuda..
['/home/gaya6/LogSAD/datasets/MVTec_LOCO/breakfast_box/test/structural_anomalies/088.png'] tensor(0.9997, dtype=torch.float64)
predicting on cuda..
['/home/gaya6/LogSAD/datasets/MVTec_LOCO/breakfast_box/test/structural_anomalies/089.png'] tensor(0.9999, dtype=torch.float64)
26-06-13 14:54:10.109 - INFO: 
| category      |   K-shots |   F1-Max(image) |   AUROC(image) |   F1-Max (logical) |   AUROC (logical) |   F1-Max (structural) |   AUROC (structural) |
|:--------------|----------:|----------------:|---------------:|-------------------:|------------------:|----------------------:|---------------------:|
| breakfast_box |         4 |           89.91 |          94.36 |              92.41 |             97.08 |                 85.03 |                91.85 |
