/home/gaya6/LogSAD/dinov2/dinov2/layers/swiglu_ffn.py:43: UserWarning: xFormers is available (SwiGLU)
  warnings.warn("xFormers is available (SwiGLU)")
/home/gaya6/LogSAD/dinov2/dinov2/layers/attention.py:27: UserWarning: xFormers is available (Attention)
  warnings.warn("xFormers is available (Attention)")
/home/gaya6/LogSAD/dinov2/dinov2/layers/block.py:33: UserWarning: xFormers is available (Block)
  warnings.warn("xFormers is available (Block)")
['/mnt/dsc3032-gaya-shared/group6/datasets/MVTec_AD/bottle/test/broken_large/000.png'] 0.3788546919822693
['/mnt/dsc3032-gaya-shared/group6/datasets/MVTec_AD/bottle/test/broken_large/001.png'] 0.39908748865127563
['/mnt/dsc3032-gaya-shared/group6/datasets/MVTec_AD/bottle/test/broken_large/002.png'] 0.3727062940597534
['/mnt/dsc3032-gaya-shared/group6/datasets/MVTec_AD/bottle/test/broken_large/003.png'] 0.4526788592338562
['/mnt/dsc3032-gaya-shared/group6/datasets/MVTec_AD/bottle/test/broken_large/004.png'] 0.5089283585548401
['/mnt/dsc3032-gaya-shared/group6/datasets/MVTec_AD/bottle/test/broken_large/005.png'] 0.40968620777130127
['/mnt/dsc3032-gaya-shared/group6/datasets/MVTec_AD/bottle/test/broken_large/006.png'] 0.44184446334838867
['/mnt/dsc3032-gaya-shared/group6/datasets/MVTec_AD/bottle/test/broken_large/007.png'] 0.3601643145084381
['/mnt/dsc3032-gaya-shared/group6/datasets/MVTec_AD/bottle/test/broken_large/008.png'] 0.4135488271713257
['/mnt/dsc3032-gaya-shared/group6/datasets/MVTec_AD/bottle/test/broken_large/009.png'] 0.40092965960502625
['/mnt/dsc3032-gaya-shared/group6/datasets/MVTec_AD/bottle/test/broken_large/010.png'] 0.39720219373703003
['/mnt/dsc3032-gaya-shared/group6/datasets/MVTec_AD/bottle/test/broken_large/011.png'] 0.35796254873275757
['/mnt/dsc3032-gaya-shared/group6/datasets/MVTec_AD/bottle/test/broken_large/012.png'] 0.4300881028175354
['/mnt/dsc3032-gaya-shared/group6/datasets/MVTec_AD/bottle/test/broken_large/013.png'] 0.3592544198036194
['/mnt/dsc3032-gaya-shared/group6/datasets/MVTec_AD/bottle/test/broken_large/014.png'] 0.43810227513313293
['/mnt/dsc3032-gaya-shared/group6/datasets/MVTec_AD/bottle/test/broken_large/015.png'] 0.4003463089466095
['/mnt/dsc3032-gaya-shared/group6/datasets/MVTec_AD/bottle/test/broken_large/016.png'] 0.3938968777656555
['/mnt/dsc3032-gaya-shared/group6/datasets/MVTec_AD/bottle/test/broken_large/017.png'] 0.43068766593933105
['/mnt/dsc3032-gaya-shared/group6/datasets/MVTec_AD/bottle/test/broken_large/018.png'] 0.4005526304244995
['/mnt/dsc3032-gaya-shared/group6/datasets/MVTec_AD/bottle/test/broken_large/019.png'] 0.405308336019516
['/mnt/dsc3032-gaya-shared/group6/datasets/MVTec_AD/bottle/test/broken_small/000.png'] 0.33633434772491455
['/mnt/dsc3032-gaya-shared/group6/datasets/MVTec_AD/bottle/test/broken_small/001.png'] 0.4279683232307434
['/mnt/dsc3032-gaya-shared/group6/datasets/MVTec_AD/bottle/test/broken_small/002.png'] 0.45584332942962646
['/mnt/dsc3032-gaya-shared/group6/datasets/MVTec_AD/bottle/test/broken_small/003.png'] 0.4360036849975586
['/mnt/dsc3032-gaya-shared/group6/datasets/MVTec_AD/bottle/test/broken_small/004.png'] 0.46520859003067017
['/mnt/dsc3032-gaya-shared/group6/datasets/MVTec_AD/bottle/test/broken_small/005.png'] 0.33830732107162476
['/mnt/dsc3032-gaya-shared/group6/datasets/MVTec_AD/bottle/test/broken_small/006.png'] 0.47122514247894287
['/mnt/dsc3032-gaya-shared/group6/datasets/MVTec_AD/bottle/test/broken_small/007.png'] 0.33906954526901245
['/mnt/dsc3032-gaya-shared/group6/datasets/MVTec_AD/bottle/test/broken_small/008.png'] 0.39526376128196716
['/mnt/dsc3032-gaya-shared/group6/datasets/MVTec_AD/bottle/test/broken_small/009.png'] 0.4388883113861084
['/mnt/dsc3032-gaya-shared/group6/datasets/MVTec_AD/bottle/test/broken_small/010.png'] 0.455112099647522
['/mnt/dsc3032-gaya-shared/group6/datasets/MVTec_AD/bottle/test/broken_small/011.png'] 0.41585850715637207
['/mnt/dsc3032-gaya-shared/group6/datasets/MVTec_AD/bottle/test/broken_small/012.png'] 0.41843467950820923
['/mnt/dsc3032-gaya-shared/group6/datasets/MVTec_AD/bottle/test/broken_small/013.png'] 0.37600523233413696
['/mnt/dsc3032-gaya-shared/group6/datasets/MVTec_AD/bottle/test/broken_small/014.png'] 0.3524714410305023
['/mnt/dsc3032-gaya-shared/group6/datasets/MVTec_AD/bottle/test/broken_small/015.png'] 0.37596213817596436
['/mnt/dsc3032-gaya-shared/group6/datasets/MVTec_AD/bottle/test/broken_small/016.png'] 0.4487937092781067
['/mnt/dsc3032-gaya-shared/group6/datasets/MVTec_AD/bottle/test/broken_small/017.png'] 0.5168256759643555
['/mnt/dsc3032-gaya-shared/group6/datasets/MVTec_AD/bottle/test/broken_small/018.png'] 0.4587264060974121
['/mnt/dsc3032-gaya-shared/group6/datasets/MVTec_AD/bottle/test/broken_small/019.png'] 0.40340280532836914
['/mnt/dsc3032-gaya-shared/group6/datasets/MVTec_AD/bottle/test/broken_small/020.png'] 0.49419766664505005
['/mnt/dsc3032-gaya-shared/group6/datasets/MVTec_AD/bottle/test/broken_small/021.png'] 0.46496573090553284
['/mnt/dsc3032-gaya-shared/group6/datasets/MVTec_AD/bottle/test/contamination/000.png'] 0.3792068362236023
['/mnt/dsc3032-gaya-shared/group6/datasets/MVTec_AD/bottle/test/contamination/001.png'] 0.2887425422668457
['/mnt/dsc3032-gaya-shared/group6/datasets/MVTec_AD/bottle/test/contamination/002.png'] 0.351389616727829
['/mnt/dsc3032-gaya-shared/group6/datasets/MVTec_AD/bottle/test/contamination/003.png'] 0.2882952094078064
['/mnt/dsc3032-gaya-shared/group6/datasets/MVTec_AD/bottle/test/contamination/004.png'] 0.26860278844833374
['/mnt/dsc3032-gaya-shared/group6/datasets/MVTec_AD/bottle/test/contamination/005.png'] 0.5250475406646729
['/mnt/dsc3032-gaya-shared/group6/datasets/MVTec_AD/bottle/test/contamination/006.png'] 0.43745559453964233
['/mnt/dsc3032-gaya-shared/group6/datasets/MVTec_AD/bottle/test/contamination/007.png'] 0.5932724475860596
['/mnt/dsc3032-gaya-shared/group6/datasets/MVTec_AD/bottle/test/contamination/008.png'] 0.38065773248672485
['/mnt/dsc3032-gaya-shared/group6/datasets/MVTec_AD/bottle/test/contamination/009.png'] 0.4067544937133789
['/mnt/dsc3032-gaya-shared/group6/datasets/MVTec_AD/bottle/test/contamination/010.png'] 0.43963921070098877
['/mnt/dsc3032-gaya-shared/group6/datasets/MVTec_AD/bottle/test/contamination/011.png'] 0.32175856828689575
['/mnt/dsc3032-gaya-shared/group6/datasets/MVTec_AD/bottle/test/contamination/012.png'] 0.3362031877040863
['/mnt/dsc3032-gaya-shared/group6/datasets/MVTec_AD/bottle/test/contamination/013.png'] 0.5794535279273987
['/mnt/dsc3032-gaya-shared/group6/datasets/MVTec_AD/bottle/test/contamination/014.png'] 0.4803900420665741
['/mnt/dsc3032-gaya-shared/group6/datasets/MVTec_AD/bottle/test/contamination/015.png'] 0.4849603772163391
['/mnt/dsc3032-gaya-shared/group6/datasets/MVTec_AD/bottle/test/contamination/016.png'] 0.31475573778152466
['/mnt/dsc3032-gaya-shared/group6/datasets/MVTec_AD/bottle/test/contamination/017.png'] 0.5431737303733826
['/mnt/dsc3032-gaya-shared/group6/datasets/MVTec_AD/bottle/test/contamination/018.png'] 0.4633851647377014
['/mnt/dsc3032-gaya-shared/group6/datasets/MVTec_AD/bottle/test/contamination/019.png'] 0.2685520648956299
['/mnt/dsc3032-gaya-shared/group6/datasets/MVTec_AD/bottle/test/contamination/020.png'] 0.3219505548477173
['/mnt/dsc3032-gaya-shared/group6/datasets/MVTec_AD/bottle/test/good/000.png'] 0.20136435329914093
['/mnt/dsc3032-gaya-shared/group6/datasets/MVTec_AD/bottle/test/good/001.png'] 0.2361597865819931
['/mnt/dsc3032-gaya-shared/group6/datasets/MVTec_AD/bottle/test/good/002.png'] 0.18418335914611816
['/mnt/dsc3032-gaya-shared/group6/datasets/MVTec_AD/bottle/test/good/003.png'] 0.17182084918022156
['/mnt/dsc3032-gaya-shared/group6/datasets/MVTec_AD/bottle/test/good/004.png'] 0.1788724958896637
['/mnt/dsc3032-gaya-shared/group6/datasets/MVTec_AD/bottle/test/good/005.png'] 0.20652396976947784
['/mnt/dsc3032-gaya-shared/group6/datasets/MVTec_AD/bottle/test/good/006.png'] 0.22416503727436066
['/mnt/dsc3032-gaya-shared/group6/datasets/MVTec_AD/bottle/test/good/007.png'] 0.18716709315776825
['/mnt/dsc3032-gaya-shared/group6/datasets/MVTec_AD/bottle/test/good/008.png'] 0.17592687904834747
['/mnt/dsc3032-gaya-shared/group6/datasets/MVTec_AD/bottle/test/good/009.png'] 0.19274018704891205
['/mnt/dsc3032-gaya-shared/group6/datasets/MVTec_AD/bottle/test/good/010.png'] 0.21022850275039673
['/mnt/dsc3032-gaya-shared/group6/datasets/MVTec_AD/bottle/test/good/011.png'] 0.18691611289978027
['/mnt/dsc3032-gaya-shared/group6/datasets/MVTec_AD/bottle/test/good/012.png'] 0.1825994849205017
['/mnt/dsc3032-gaya-shared/group6/datasets/MVTec_AD/bottle/test/good/013.png'] 0.2136043757200241
['/mnt/dsc3032-gaya-shared/group6/datasets/MVTec_AD/bottle/test/good/014.png'] 0.19807793200016022
['/mnt/dsc3032-gaya-shared/group6/datasets/MVTec_AD/bottle/test/good/015.png'] 0.25510692596435547
['/mnt/dsc3032-gaya-shared/group6/datasets/MVTec_AD/bottle/test/good/016.png'] 0.20897379517555237
['/mnt/dsc3032-gaya-shared/group6/datasets/MVTec_AD/bottle/test/good/017.png'] 0.19608226418495178
['/mnt/dsc3032-gaya-shared/group6/datasets/MVTec_AD/bottle/test/good/018.png'] 0.2189645618200302
['/mnt/dsc3032-gaya-shared/group6/datasets/MVTec_AD/bottle/test/good/019.png'] 0.2119349241256714
26-06-02 17:33:37.453 - INFO: 
| category   |   K-shots |   F1-Max(image) |   AUROC(image) |   F1-Max(pixel) |   AUROC(pixel) |
|:-----------|----------:|----------------:|---------------:|----------------:|---------------:|
| bottle     |         4 |             100 |            100 |           82.06 |          99.14 |
