/home/gaya6/LogSAD/dinov2/dinov2/layers/swiglu_ffn.py:43: UserWarning: xFormers is available (SwiGLU)
  warnings.warn("xFormers is available (SwiGLU)")
/home/gaya6/LogSAD/dinov2/dinov2/layers/attention.py:27: UserWarning: xFormers is available (Attention)
  warnings.warn("xFormers is available (Attention)")
/home/gaya6/LogSAD/dinov2/dinov2/layers/block.py:33: UserWarning: xFormers is available (Block)
  warnings.warn("xFormers is available (Block)")
['/mnt/dsc3032-gaya-shared/group6/datasets/MVTec_AD/cable/test/bent_wire/000.png'] 0.36209428310394287
['/mnt/dsc3032-gaya-shared/group6/datasets/MVTec_AD/cable/test/bent_wire/001.png'] 0.3608536720275879
['/mnt/dsc3032-gaya-shared/group6/datasets/MVTec_AD/cable/test/bent_wire/002.png'] 0.3795846700668335
['/mnt/dsc3032-gaya-shared/group6/datasets/MVTec_AD/cable/test/bent_wire/003.png'] 0.36092326045036316
['/mnt/dsc3032-gaya-shared/group6/datasets/MVTec_AD/cable/test/bent_wire/004.png'] 0.49899914860725403
['/mnt/dsc3032-gaya-shared/group6/datasets/MVTec_AD/cable/test/bent_wire/005.png'] 0.4543856382369995
['/mnt/dsc3032-gaya-shared/group6/datasets/MVTec_AD/cable/test/bent_wire/006.png'] 0.40155890583992004
['/mnt/dsc3032-gaya-shared/group6/datasets/MVTec_AD/cable/test/bent_wire/007.png'] 0.3801370859146118
['/mnt/dsc3032-gaya-shared/group6/datasets/MVTec_AD/cable/test/bent_wire/008.png'] 0.3469904661178589
['/mnt/dsc3032-gaya-shared/group6/datasets/MVTec_AD/cable/test/bent_wire/009.png'] 0.4471818804740906
['/mnt/dsc3032-gaya-shared/group6/datasets/MVTec_AD/cable/test/bent_wire/010.png'] 0.5123425722122192
['/mnt/dsc3032-gaya-shared/group6/datasets/MVTec_AD/cable/test/bent_wire/011.png'] 0.4549255967140198
['/mnt/dsc3032-gaya-shared/group6/datasets/MVTec_AD/cable/test/bent_wire/012.png'] 0.4424675703048706
['/mnt/dsc3032-gaya-shared/group6/datasets/MVTec_AD/cable/test/cable_swap/000.png'] 0.2895856499671936
['/mnt/dsc3032-gaya-shared/group6/datasets/MVTec_AD/cable/test/cable_swap/001.png'] 0.3151487708091736
['/mnt/dsc3032-gaya-shared/group6/datasets/MVTec_AD/cable/test/cable_swap/002.png'] 0.32292675971984863
['/mnt/dsc3032-gaya-shared/group6/datasets/MVTec_AD/cable/test/cable_swap/003.png'] 0.30350369215011597
['/mnt/dsc3032-gaya-shared/group6/datasets/MVTec_AD/cable/test/cable_swap/004.png'] 0.33551520109176636
['/mnt/dsc3032-gaya-shared/group6/datasets/MVTec_AD/cable/test/cable_swap/005.png'] 0.3180973529815674
['/mnt/dsc3032-gaya-shared/group6/datasets/MVTec_AD/cable/test/cable_swap/006.png'] 0.2530454397201538
['/mnt/dsc3032-gaya-shared/group6/datasets/MVTec_AD/cable/test/cable_swap/007.png'] 0.29148417711257935
['/mnt/dsc3032-gaya-shared/group6/datasets/MVTec_AD/cable/test/cable_swap/008.png'] 0.3677314817905426
['/mnt/dsc3032-gaya-shared/group6/datasets/MVTec_AD/cable/test/cable_swap/009.png'] 0.3417419493198395
['/mnt/dsc3032-gaya-shared/group6/datasets/MVTec_AD/cable/test/cable_swap/010.png'] 0.2875449061393738
['/mnt/dsc3032-gaya-shared/group6/datasets/MVTec_AD/cable/test/cable_swap/011.png'] 0.29425930976867676
['/mnt/dsc3032-gaya-shared/group6/datasets/MVTec_AD/cable/test/combined/000.png'] 0.3974226713180542
['/mnt/dsc3032-gaya-shared/group6/datasets/MVTec_AD/cable/test/combined/001.png'] 0.40868693590164185
['/mnt/dsc3032-gaya-shared/group6/datasets/MVTec_AD/cable/test/combined/002.png'] 0.40443164110183716
['/mnt/dsc3032-gaya-shared/group6/datasets/MVTec_AD/cable/test/combined/003.png'] 0.33321136236190796
['/mnt/dsc3032-gaya-shared/group6/datasets/MVTec_AD/cable/test/combined/004.png'] 0.3303956985473633
['/mnt/dsc3032-gaya-shared/group6/datasets/MVTec_AD/cable/test/combined/005.png'] 0.3815757632255554
['/mnt/dsc3032-gaya-shared/group6/datasets/MVTec_AD/cable/test/combined/006.png'] 0.4149641990661621
['/mnt/dsc3032-gaya-shared/group6/datasets/MVTec_AD/cable/test/combined/007.png'] 0.37237274646759033
['/mnt/dsc3032-gaya-shared/group6/datasets/MVTec_AD/cable/test/combined/008.png'] 0.48209983110427856
['/mnt/dsc3032-gaya-shared/group6/datasets/MVTec_AD/cable/test/combined/009.png'] 0.3270668387413025
['/mnt/dsc3032-gaya-shared/group6/datasets/MVTec_AD/cable/test/combined/010.png'] 0.366142213344574
['/mnt/dsc3032-gaya-shared/group6/datasets/MVTec_AD/cable/test/cut_inner_insulation/000.png'] 0.2951814532279968
['/mnt/dsc3032-gaya-shared/group6/datasets/MVTec_AD/cable/test/cut_inner_insulation/001.png'] 0.32085102796554565
['/mnt/dsc3032-gaya-shared/group6/datasets/MVTec_AD/cable/test/cut_inner_insulation/002.png'] 0.3243134021759033
['/mnt/dsc3032-gaya-shared/group6/datasets/MVTec_AD/cable/test/cut_inner_insulation/003.png'] 0.3545500338077545
['/mnt/dsc3032-gaya-shared/group6/datasets/MVTec_AD/cable/test/cut_inner_insulation/004.png'] 0.3845483362674713
['/mnt/dsc3032-gaya-shared/group6/datasets/MVTec_AD/cable/test/cut_inner_insulation/005.png'] 0.29993629455566406
['/mnt/dsc3032-gaya-shared/group6/datasets/MVTec_AD/cable/test/cut_inner_insulation/006.png'] 0.32391661405563354
['/mnt/dsc3032-gaya-shared/group6/datasets/MVTec_AD/cable/test/cut_inner_insulation/007.png'] 0.33447298407554626
['/mnt/dsc3032-gaya-shared/group6/datasets/MVTec_AD/cable/test/cut_inner_insulation/008.png'] 0.3081287145614624
['/mnt/dsc3032-gaya-shared/group6/datasets/MVTec_AD/cable/test/cut_inner_insulation/009.png'] 0.32094258069992065
['/mnt/dsc3032-gaya-shared/group6/datasets/MVTec_AD/cable/test/cut_inner_insulation/010.png'] 0.324977308511734
['/mnt/dsc3032-gaya-shared/group6/datasets/MVTec_AD/cable/test/cut_inner_insulation/011.png'] 0.35919690132141113
['/mnt/dsc3032-gaya-shared/group6/datasets/MVTec_AD/cable/test/cut_inner_insulation/012.png'] 0.3544902205467224
['/mnt/dsc3032-gaya-shared/group6/datasets/MVTec_AD/cable/test/cut_inner_insulation/013.png'] 0.33922332525253296
['/mnt/dsc3032-gaya-shared/group6/datasets/MVTec_AD/cable/test/cut_outer_insulation/000.png'] 0.3825099468231201
['/mnt/dsc3032-gaya-shared/group6/datasets/MVTec_AD/cable/test/cut_outer_insulation/001.png'] 0.4209897518157959
['/mnt/dsc3032-gaya-shared/group6/datasets/MVTec_AD/cable/test/cut_outer_insulation/002.png'] 0.3431820869445801
['/mnt/dsc3032-gaya-shared/group6/datasets/MVTec_AD/cable/test/cut_outer_insulation/003.png'] 0.3429710865020752
['/mnt/dsc3032-gaya-shared/group6/datasets/MVTec_AD/cable/test/cut_outer_insulation/004.png'] 0.3330332934856415
['/mnt/dsc3032-gaya-shared/group6/datasets/MVTec_AD/cable/test/cut_outer_insulation/005.png'] 0.4383547008037567
['/mnt/dsc3032-gaya-shared/group6/datasets/MVTec_AD/cable/test/cut_outer_insulation/006.png'] 0.37885814905166626
['/mnt/dsc3032-gaya-shared/group6/datasets/MVTec_AD/cable/test/cut_outer_insulation/007.png'] 0.3353070020675659
['/mnt/dsc3032-gaya-shared/group6/datasets/MVTec_AD/cable/test/cut_outer_insulation/008.png'] 0.36652815341949463
['/mnt/dsc3032-gaya-shared/group6/datasets/MVTec_AD/cable/test/cut_outer_insulation/009.png'] 0.3426656723022461
['/mnt/dsc3032-gaya-shared/group6/datasets/MVTec_AD/cable/test/good/000.png'] 0.2710452675819397
['/mnt/dsc3032-gaya-shared/group6/datasets/MVTec_AD/cable/test/good/001.png'] 0.25350505113601685
['/mnt/dsc3032-gaya-shared/group6/datasets/MVTec_AD/cable/test/good/002.png'] 0.34166043996810913
['/mnt/dsc3032-gaya-shared/group6/datasets/MVTec_AD/cable/test/good/003.png'] 0.28631383180618286
['/mnt/dsc3032-gaya-shared/group6/datasets/MVTec_AD/cable/test/good/004.png'] 0.29564541578292847
['/mnt/dsc3032-gaya-shared/group6/datasets/MVTec_AD/cable/test/good/005.png'] 0.2964901924133301
['/mnt/dsc3032-gaya-shared/group6/datasets/MVTec_AD/cable/test/good/006.png'] 0.24147666990756989
['/mnt/dsc3032-gaya-shared/group6/datasets/MVTec_AD/cable/test/good/007.png'] 0.26047828793525696
['/mnt/dsc3032-gaya-shared/group6/datasets/MVTec_AD/cable/test/good/008.png'] 0.31066104769706726
['/mnt/dsc3032-gaya-shared/group6/datasets/MVTec_AD/cable/test/good/009.png'] 0.2584870755672455
['/mnt/dsc3032-gaya-shared/group6/datasets/MVTec_AD/cable/test/good/010.png'] 0.23845259845256805
['/mnt/dsc3032-gaya-shared/group6/datasets/MVTec_AD/cable/test/good/011.png'] 0.2967374622821808
['/mnt/dsc3032-gaya-shared/group6/datasets/MVTec_AD/cable/test/good/012.png'] 0.26855015754699707
['/mnt/dsc3032-gaya-shared/group6/datasets/MVTec_AD/cable/test/good/013.png'] 0.2919680178165436
['/mnt/dsc3032-gaya-shared/group6/datasets/MVTec_AD/cable/test/good/014.png'] 0.274761438369751
['/mnt/dsc3032-gaya-shared/group6/datasets/MVTec_AD/cable/test/good/015.png'] 0.33171769976615906
['/mnt/dsc3032-gaya-shared/group6/datasets/MVTec_AD/cable/test/good/016.png'] 0.28654295206069946
['/mnt/dsc3032-gaya-shared/group6/datasets/MVTec_AD/cable/test/good/017.png'] 0.30567246675491333
['/mnt/dsc3032-gaya-shared/group6/datasets/MVTec_AD/cable/test/good/018.png'] 0.2095688432455063
['/mnt/dsc3032-gaya-shared/group6/datasets/MVTec_AD/cable/test/good/019.png'] 0.28284120559692383
['/mnt/dsc3032-gaya-shared/group6/datasets/MVTec_AD/cable/test/good/020.png'] 0.3103088140487671
['/mnt/dsc3032-gaya-shared/group6/datasets/MVTec_AD/cable/test/good/021.png'] 0.3517136573791504
['/mnt/dsc3032-gaya-shared/group6/datasets/MVTec_AD/cable/test/good/022.png'] 0.24095715582370758
['/mnt/dsc3032-gaya-shared/group6/datasets/MVTec_AD/cable/test/good/023.png'] 0.265400767326355
['/mnt/dsc3032-gaya-shared/group6/datasets/MVTec_AD/cable/test/good/024.png'] 0.23904581367969513
['/mnt/dsc3032-gaya-shared/group6/datasets/MVTec_AD/cable/test/good/025.png'] 0.22649142146110535
['/mnt/dsc3032-gaya-shared/group6/datasets/MVTec_AD/cable/test/good/026.png'] 0.20582807064056396
['/mnt/dsc3032-gaya-shared/group6/datasets/MVTec_AD/cable/test/good/027.png'] 0.30457183718681335
['/mnt/dsc3032-gaya-shared/group6/datasets/MVTec_AD/cable/test/good/028.png'] 0.250907838344574
['/mnt/dsc3032-gaya-shared/group6/datasets/MVTec_AD/cable/test/good/029.png'] 0.3301036059856415
['/mnt/dsc3032-gaya-shared/group6/datasets/MVTec_AD/cable/test/good/030.png'] 0.2391909956932068
['/mnt/dsc3032-gaya-shared/group6/datasets/MVTec_AD/cable/test/good/031.png'] 0.23515406250953674
['/mnt/dsc3032-gaya-shared/group6/datasets/MVTec_AD/cable/test/good/032.png'] 0.24144425988197327
['/mnt/dsc3032-gaya-shared/group6/datasets/MVTec_AD/cable/test/good/033.png'] 0.27230989933013916
['/mnt/dsc3032-gaya-shared/group6/datasets/MVTec_AD/cable/test/good/034.png'] 0.3370652198791504
['/mnt/dsc3032-gaya-shared/group6/datasets/MVTec_AD/cable/test/good/035.png'] 0.25725260376930237
['/mnt/dsc3032-gaya-shared/group6/datasets/MVTec_AD/cable/test/good/036.png'] 0.29943734407424927
['/mnt/dsc3032-gaya-shared/group6/datasets/MVTec_AD/cable/test/good/037.png'] 0.31940847635269165
['/mnt/dsc3032-gaya-shared/group6/datasets/MVTec_AD/cable/test/good/038.png'] 0.3326471447944641
['/mnt/dsc3032-gaya-shared/group6/datasets/MVTec_AD/cable/test/good/039.png'] 0.32430505752563477
['/mnt/dsc3032-gaya-shared/group6/datasets/MVTec_AD/cable/test/good/040.png'] 0.28431472182273865
['/mnt/dsc3032-gaya-shared/group6/datasets/MVTec_AD/cable/test/good/041.png'] 0.2639496922492981
['/mnt/dsc3032-gaya-shared/group6/datasets/MVTec_AD/cable/test/good/042.png'] 0.29146939516067505
['/mnt/dsc3032-gaya-shared/group6/datasets/MVTec_AD/cable/test/good/043.png'] 0.3075225353240967
['/mnt/dsc3032-gaya-shared/group6/datasets/MVTec_AD/cable/test/good/044.png'] 0.3078376054763794
['/mnt/dsc3032-gaya-shared/group6/datasets/MVTec_AD/cable/test/good/045.png'] 0.34739041328430176
['/mnt/dsc3032-gaya-shared/group6/datasets/MVTec_AD/cable/test/good/046.png'] 0.30583035945892334
['/mnt/dsc3032-gaya-shared/group6/datasets/MVTec_AD/cable/test/good/047.png'] 0.3016623854637146
['/mnt/dsc3032-gaya-shared/group6/datasets/MVTec_AD/cable/test/good/048.png'] 0.2988210916519165
['/mnt/dsc3032-gaya-shared/group6/datasets/MVTec_AD/cable/test/good/049.png'] 0.3008151650428772
['/mnt/dsc3032-gaya-shared/group6/datasets/MVTec_AD/cable/test/good/050.png'] 0.2907712459564209
['/mnt/dsc3032-gaya-shared/group6/datasets/MVTec_AD/cable/test/good/051.png'] 0.29665255546569824
['/mnt/dsc3032-gaya-shared/group6/datasets/MVTec_AD/cable/test/good/052.png'] 0.26494014263153076
['/mnt/dsc3032-gaya-shared/group6/datasets/MVTec_AD/cable/test/good/053.png'] 0.28801852464675903
['/mnt/dsc3032-gaya-shared/group6/datasets/MVTec_AD/cable/test/good/054.png'] 0.2996816635131836
['/mnt/dsc3032-gaya-shared/group6/datasets/MVTec_AD/cable/test/good/055.png'] 0.3034855127334595
['/mnt/dsc3032-gaya-shared/group6/datasets/MVTec_AD/cable/test/good/056.png'] 0.314483106136322
['/mnt/dsc3032-gaya-shared/group6/datasets/MVTec_AD/cable/test/good/057.png'] 0.35402730107307434
['/mnt/dsc3032-gaya-shared/group6/datasets/MVTec_AD/cable/test/missing_cable/000.png'] 0.3669832944869995
['/mnt/dsc3032-gaya-shared/group6/datasets/MVTec_AD/cable/test/missing_cable/001.png'] 0.41080227494239807
['/mnt/dsc3032-gaya-shared/group6/datasets/MVTec_AD/cable/test/missing_cable/002.png'] 0.4575774371623993
['/mnt/dsc3032-gaya-shared/group6/datasets/MVTec_AD/cable/test/missing_cable/003.png'] 0.44018030166625977
['/mnt/dsc3032-gaya-shared/group6/datasets/MVTec_AD/cable/test/missing_cable/004.png'] 0.37439456582069397
['/mnt/dsc3032-gaya-shared/group6/datasets/MVTec_AD/cable/test/missing_cable/005.png'] 0.35498136281967163
['/mnt/dsc3032-gaya-shared/group6/datasets/MVTec_AD/cable/test/missing_cable/006.png'] 0.5048365592956543
['/mnt/dsc3032-gaya-shared/group6/datasets/MVTec_AD/cable/test/missing_cable/007.png'] 0.4014444053173065
['/mnt/dsc3032-gaya-shared/group6/datasets/MVTec_AD/cable/test/missing_cable/008.png'] 0.4707227945327759
['/mnt/dsc3032-gaya-shared/group6/datasets/MVTec_AD/cable/test/missing_cable/009.png'] 0.4444059431552887
['/mnt/dsc3032-gaya-shared/group6/datasets/MVTec_AD/cable/test/missing_cable/010.png'] 0.3898933231830597
['/mnt/dsc3032-gaya-shared/group6/datasets/MVTec_AD/cable/test/missing_cable/011.png'] 0.3983909487724304
['/mnt/dsc3032-gaya-shared/group6/datasets/MVTec_AD/cable/test/missing_wire/000.png'] 0.308993935585022
['/mnt/dsc3032-gaya-shared/group6/datasets/MVTec_AD/cable/test/missing_wire/001.png'] 0.367623507976532
['/mnt/dsc3032-gaya-shared/group6/datasets/MVTec_AD/cable/test/missing_wire/002.png'] 0.3404136598110199
['/mnt/dsc3032-gaya-shared/group6/datasets/MVTec_AD/cable/test/missing_wire/003.png'] 0.3346031904220581
['/mnt/dsc3032-gaya-shared/group6/datasets/MVTec_AD/cable/test/missing_wire/004.png'] 0.3607238829135895
['/mnt/dsc3032-gaya-shared/group6/datasets/MVTec_AD/cable/test/missing_wire/005.png'] 0.29029351472854614
['/mnt/dsc3032-gaya-shared/group6/datasets/MVTec_AD/cable/test/missing_wire/006.png'] 0.29041820764541626
['/mnt/dsc3032-gaya-shared/group6/datasets/MVTec_AD/cable/test/missing_wire/007.png'] 0.29660314321517944
['/mnt/dsc3032-gaya-shared/group6/datasets/MVTec_AD/cable/test/missing_wire/008.png'] 0.34277230501174927
['/mnt/dsc3032-gaya-shared/group6/datasets/MVTec_AD/cable/test/missing_wire/009.png'] 0.3455292284488678
['/mnt/dsc3032-gaya-shared/group6/datasets/MVTec_AD/cable/test/poke_insulation/000.png'] 0.3235452175140381
['/mnt/dsc3032-gaya-shared/group6/datasets/MVTec_AD/cable/test/poke_insulation/001.png'] 0.38824474811553955
['/mnt/dsc3032-gaya-shared/group6/datasets/MVTec_AD/cable/test/poke_insulation/002.png'] 0.30682095885276794
['/mnt/dsc3032-gaya-shared/group6/datasets/MVTec_AD/cable/test/poke_insulation/003.png'] 0.3280222713947296
['/mnt/dsc3032-gaya-shared/group6/datasets/MVTec_AD/cable/test/poke_insulation/004.png'] 0.3128063380718231
['/mnt/dsc3032-gaya-shared/group6/datasets/MVTec_AD/cable/test/poke_insulation/005.png'] 0.3462575078010559
['/mnt/dsc3032-gaya-shared/group6/datasets/MVTec_AD/cable/test/poke_insulation/006.png'] 0.3299175500869751
['/mnt/dsc3032-gaya-shared/group6/datasets/MVTec_AD/cable/test/poke_insulation/007.png'] 0.3484812378883362
['/mnt/dsc3032-gaya-shared/group6/datasets/MVTec_AD/cable/test/poke_insulation/008.png'] 0.3433970808982849
['/mnt/dsc3032-gaya-shared/group6/datasets/MVTec_AD/cable/test/poke_insulation/009.png'] 0.32516080141067505
26-06-02 17:34:36.257 - INFO: 
| category   |   K-shots |   F1-Max(image) |   AUROC(image) |   F1-Max(pixel) |   AUROC(pixel) |
|:-----------|----------:|----------------:|---------------:|----------------:|---------------:|
| cable      |         4 |           86.49 |          89.49 |           63.86 |          98.13 |
