/home/gaya6/LogSAD/dinov2/dinov2/layers/swiglu_ffn.py:43: UserWarning: xFormers is available (SwiGLU)
  warnings.warn("xFormers is available (SwiGLU)")
/home/gaya6/LogSAD/dinov2/dinov2/layers/attention.py:27: UserWarning: xFormers is available (Attention)
  warnings.warn("xFormers is available (Attention)")
/home/gaya6/LogSAD/dinov2/dinov2/layers/block.py:33: UserWarning: xFormers is available (Block)
  warnings.warn("xFormers is available (Block)")
['/mnt/dsc3032-gaya-shared/group6/datasets/MVTec_AD/capsule/test/crack/000.png'] 0.3320111334323883
['/mnt/dsc3032-gaya-shared/group6/datasets/MVTec_AD/capsule/test/crack/001.png'] 0.5412167310714722
['/mnt/dsc3032-gaya-shared/group6/datasets/MVTec_AD/capsule/test/crack/002.png'] 0.28535324335098267
['/mnt/dsc3032-gaya-shared/group6/datasets/MVTec_AD/capsule/test/crack/003.png'] 0.29552897810935974
['/mnt/dsc3032-gaya-shared/group6/datasets/MVTec_AD/capsule/test/crack/004.png'] 0.44013306498527527
['/mnt/dsc3032-gaya-shared/group6/datasets/MVTec_AD/capsule/test/crack/005.png'] 0.278068482875824
['/mnt/dsc3032-gaya-shared/group6/datasets/MVTec_AD/capsule/test/crack/006.png'] 0.4569398760795593
['/mnt/dsc3032-gaya-shared/group6/datasets/MVTec_AD/capsule/test/crack/007.png'] 0.38764771819114685
['/mnt/dsc3032-gaya-shared/group6/datasets/MVTec_AD/capsule/test/crack/008.png'] 0.3435409963130951
['/mnt/dsc3032-gaya-shared/group6/datasets/MVTec_AD/capsule/test/crack/009.png'] 0.2988789677619934
['/mnt/dsc3032-gaya-shared/group6/datasets/MVTec_AD/capsule/test/crack/010.png'] 0.34198203682899475
['/mnt/dsc3032-gaya-shared/group6/datasets/MVTec_AD/capsule/test/crack/011.png'] 0.32590365409851074
['/mnt/dsc3032-gaya-shared/group6/datasets/MVTec_AD/capsule/test/crack/012.png'] 0.29759085178375244
['/mnt/dsc3032-gaya-shared/group6/datasets/MVTec_AD/capsule/test/crack/013.png'] 0.2857758700847626
['/mnt/dsc3032-gaya-shared/group6/datasets/MVTec_AD/capsule/test/crack/014.png'] 0.36610519886016846
['/mnt/dsc3032-gaya-shared/group6/datasets/MVTec_AD/capsule/test/crack/015.png'] 0.34216272830963135
['/mnt/dsc3032-gaya-shared/group6/datasets/MVTec_AD/capsule/test/crack/016.png'] 0.3022838532924652
['/mnt/dsc3032-gaya-shared/group6/datasets/MVTec_AD/capsule/test/crack/017.png'] 0.4136807918548584
['/mnt/dsc3032-gaya-shared/group6/datasets/MVTec_AD/capsule/test/crack/018.png'] 0.3890432119369507
['/mnt/dsc3032-gaya-shared/group6/datasets/MVTec_AD/capsule/test/crack/019.png'] 0.387592077255249
['/mnt/dsc3032-gaya-shared/group6/datasets/MVTec_AD/capsule/test/crack/020.png'] 0.2377893626689911
['/mnt/dsc3032-gaya-shared/group6/datasets/MVTec_AD/capsule/test/crack/021.png'] 0.23981088399887085
['/mnt/dsc3032-gaya-shared/group6/datasets/MVTec_AD/capsule/test/crack/022.png'] 0.24416935443878174
['/mnt/dsc3032-gaya-shared/group6/datasets/MVTec_AD/capsule/test/faulty_imprint/000.png'] 0.4594672918319702
['/mnt/dsc3032-gaya-shared/group6/datasets/MVTec_AD/capsule/test/faulty_imprint/001.png'] 0.3431399464607239
['/mnt/dsc3032-gaya-shared/group6/datasets/MVTec_AD/capsule/test/faulty_imprint/002.png'] 0.4197430908679962
['/mnt/dsc3032-gaya-shared/group6/datasets/MVTec_AD/capsule/test/faulty_imprint/003.png'] 0.29415082931518555
['/mnt/dsc3032-gaya-shared/group6/datasets/MVTec_AD/capsule/test/faulty_imprint/004.png'] 0.22415892779827118
['/mnt/dsc3032-gaya-shared/group6/datasets/MVTec_AD/capsule/test/faulty_imprint/005.png'] 0.21338878571987152
['/mnt/dsc3032-gaya-shared/group6/datasets/MVTec_AD/capsule/test/faulty_imprint/006.png'] 0.32661351561546326
['/mnt/dsc3032-gaya-shared/group6/datasets/MVTec_AD/capsule/test/faulty_imprint/007.png'] 0.3483678102493286
['/mnt/dsc3032-gaya-shared/group6/datasets/MVTec_AD/capsule/test/faulty_imprint/008.png'] 0.351065456867218
['/mnt/dsc3032-gaya-shared/group6/datasets/MVTec_AD/capsule/test/faulty_imprint/009.png'] 0.31458672881126404
['/mnt/dsc3032-gaya-shared/group6/datasets/MVTec_AD/capsule/test/faulty_imprint/010.png'] 0.36591091752052307
['/mnt/dsc3032-gaya-shared/group6/datasets/MVTec_AD/capsule/test/faulty_imprint/011.png'] 0.24765969812870026
['/mnt/dsc3032-gaya-shared/group6/datasets/MVTec_AD/capsule/test/faulty_imprint/012.png'] 0.3290594816207886
['/mnt/dsc3032-gaya-shared/group6/datasets/MVTec_AD/capsule/test/faulty_imprint/013.png'] 0.2977176904678345
['/mnt/dsc3032-gaya-shared/group6/datasets/MVTec_AD/capsule/test/faulty_imprint/014.png'] 0.4327113628387451
['/mnt/dsc3032-gaya-shared/group6/datasets/MVTec_AD/capsule/test/faulty_imprint/015.png'] 0.37522611021995544
['/mnt/dsc3032-gaya-shared/group6/datasets/MVTec_AD/capsule/test/faulty_imprint/016.png'] 0.38296961784362793
['/mnt/dsc3032-gaya-shared/group6/datasets/MVTec_AD/capsule/test/faulty_imprint/017.png'] 0.40292561054229736
['/mnt/dsc3032-gaya-shared/group6/datasets/MVTec_AD/capsule/test/faulty_imprint/018.png'] 0.297050803899765
['/mnt/dsc3032-gaya-shared/group6/datasets/MVTec_AD/capsule/test/faulty_imprint/019.png'] 0.2519497275352478
['/mnt/dsc3032-gaya-shared/group6/datasets/MVTec_AD/capsule/test/faulty_imprint/020.png'] 0.29600322246551514
['/mnt/dsc3032-gaya-shared/group6/datasets/MVTec_AD/capsule/test/faulty_imprint/021.png'] 0.35366326570510864
['/mnt/dsc3032-gaya-shared/group6/datasets/MVTec_AD/capsule/test/good/000.png'] 0.28223156929016113
['/mnt/dsc3032-gaya-shared/group6/datasets/MVTec_AD/capsule/test/good/001.png'] 0.15737830102443695
['/mnt/dsc3032-gaya-shared/group6/datasets/MVTec_AD/capsule/test/good/002.png'] 0.24077379703521729
['/mnt/dsc3032-gaya-shared/group6/datasets/MVTec_AD/capsule/test/good/003.png'] 0.1742110699415207
['/mnt/dsc3032-gaya-shared/group6/datasets/MVTec_AD/capsule/test/good/004.png'] 0.18619796633720398
['/mnt/dsc3032-gaya-shared/group6/datasets/MVTec_AD/capsule/test/good/005.png'] 0.1993846893310547
['/mnt/dsc3032-gaya-shared/group6/datasets/MVTec_AD/capsule/test/good/006.png'] 0.2655523419380188
['/mnt/dsc3032-gaya-shared/group6/datasets/MVTec_AD/capsule/test/good/007.png'] 0.24768856167793274
['/mnt/dsc3032-gaya-shared/group6/datasets/MVTec_AD/capsule/test/good/008.png'] 0.19785109162330627
['/mnt/dsc3032-gaya-shared/group6/datasets/MVTec_AD/capsule/test/good/009.png'] 0.17121055722236633
['/mnt/dsc3032-gaya-shared/group6/datasets/MVTec_AD/capsule/test/good/010.png'] 0.2355729639530182
['/mnt/dsc3032-gaya-shared/group6/datasets/MVTec_AD/capsule/test/good/011.png'] 0.19972582161426544
['/mnt/dsc3032-gaya-shared/group6/datasets/MVTec_AD/capsule/test/good/012.png'] 0.2445715367794037
['/mnt/dsc3032-gaya-shared/group6/datasets/MVTec_AD/capsule/test/good/013.png'] 0.27864503860473633
['/mnt/dsc3032-gaya-shared/group6/datasets/MVTec_AD/capsule/test/good/014.png'] 0.2369541972875595
['/mnt/dsc3032-gaya-shared/group6/datasets/MVTec_AD/capsule/test/good/015.png'] 0.19255930185317993
['/mnt/dsc3032-gaya-shared/group6/datasets/MVTec_AD/capsule/test/good/016.png'] 0.19308015704154968
['/mnt/dsc3032-gaya-shared/group6/datasets/MVTec_AD/capsule/test/good/017.png'] 0.2026202231645584
['/mnt/dsc3032-gaya-shared/group6/datasets/MVTec_AD/capsule/test/good/018.png'] 0.20017239451408386
['/mnt/dsc3032-gaya-shared/group6/datasets/MVTec_AD/capsule/test/good/019.png'] 0.18487241864204407
['/mnt/dsc3032-gaya-shared/group6/datasets/MVTec_AD/capsule/test/good/020.png'] 0.20313872396945953
['/mnt/dsc3032-gaya-shared/group6/datasets/MVTec_AD/capsule/test/good/021.png'] 0.37199053168296814
['/mnt/dsc3032-gaya-shared/group6/datasets/MVTec_AD/capsule/test/good/022.png'] 0.2130756676197052
['/mnt/dsc3032-gaya-shared/group6/datasets/MVTec_AD/capsule/test/poke/000.png'] 0.4533606469631195
['/mnt/dsc3032-gaya-shared/group6/datasets/MVTec_AD/capsule/test/poke/001.png'] 0.26949405670166016
['/mnt/dsc3032-gaya-shared/group6/datasets/MVTec_AD/capsule/test/poke/002.png'] 0.27047115564346313
['/mnt/dsc3032-gaya-shared/group6/datasets/MVTec_AD/capsule/test/poke/003.png'] 0.3282197415828705
['/mnt/dsc3032-gaya-shared/group6/datasets/MVTec_AD/capsule/test/poke/004.png'] 0.37199681997299194
['/mnt/dsc3032-gaya-shared/group6/datasets/MVTec_AD/capsule/test/poke/005.png'] 0.2511812448501587
['/mnt/dsc3032-gaya-shared/group6/datasets/MVTec_AD/capsule/test/poke/006.png'] 0.2966230809688568
['/mnt/dsc3032-gaya-shared/group6/datasets/MVTec_AD/capsule/test/poke/007.png'] 0.2853497266769409
['/mnt/dsc3032-gaya-shared/group6/datasets/MVTec_AD/capsule/test/poke/008.png'] 0.42124390602111816
['/mnt/dsc3032-gaya-shared/group6/datasets/MVTec_AD/capsule/test/poke/009.png'] 0.30156490206718445
['/mnt/dsc3032-gaya-shared/group6/datasets/MVTec_AD/capsule/test/poke/010.png'] 0.3072817921638489
['/mnt/dsc3032-gaya-shared/group6/datasets/MVTec_AD/capsule/test/poke/011.png'] 0.30442309379577637
['/mnt/dsc3032-gaya-shared/group6/datasets/MVTec_AD/capsule/test/poke/012.png'] 0.37120479345321655
['/mnt/dsc3032-gaya-shared/group6/datasets/MVTec_AD/capsule/test/poke/013.png'] 0.363170325756073
['/mnt/dsc3032-gaya-shared/group6/datasets/MVTec_AD/capsule/test/poke/014.png'] 0.3344227969646454
['/mnt/dsc3032-gaya-shared/group6/datasets/MVTec_AD/capsule/test/poke/015.png'] 0.30446168780326843
['/mnt/dsc3032-gaya-shared/group6/datasets/MVTec_AD/capsule/test/poke/016.png'] 0.31053805351257324
['/mnt/dsc3032-gaya-shared/group6/datasets/MVTec_AD/capsule/test/poke/017.png'] 0.3152683973312378
['/mnt/dsc3032-gaya-shared/group6/datasets/MVTec_AD/capsule/test/poke/018.png'] 0.2814030051231384
['/mnt/dsc3032-gaya-shared/group6/datasets/MVTec_AD/capsule/test/poke/019.png'] 0.3466891646385193
['/mnt/dsc3032-gaya-shared/group6/datasets/MVTec_AD/capsule/test/poke/020.png'] 0.4088941216468811
['/mnt/dsc3032-gaya-shared/group6/datasets/MVTec_AD/capsule/test/scratch/000.png'] 0.2980589270591736
['/mnt/dsc3032-gaya-shared/group6/datasets/MVTec_AD/capsule/test/scratch/001.png'] 0.2934311032295227
['/mnt/dsc3032-gaya-shared/group6/datasets/MVTec_AD/capsule/test/scratch/002.png'] 0.3283196687698364
['/mnt/dsc3032-gaya-shared/group6/datasets/MVTec_AD/capsule/test/scratch/003.png'] 0.26319748163223267
['/mnt/dsc3032-gaya-shared/group6/datasets/MVTec_AD/capsule/test/scratch/004.png'] 0.3310784697532654
['/mnt/dsc3032-gaya-shared/group6/datasets/MVTec_AD/capsule/test/scratch/005.png'] 0.2731902599334717
['/mnt/dsc3032-gaya-shared/group6/datasets/MVTec_AD/capsule/test/scratch/006.png'] 0.3566347658634186
['/mnt/dsc3032-gaya-shared/group6/datasets/MVTec_AD/capsule/test/scratch/007.png'] 0.42031723260879517
['/mnt/dsc3032-gaya-shared/group6/datasets/MVTec_AD/capsule/test/scratch/008.png'] 0.4881107211112976
['/mnt/dsc3032-gaya-shared/group6/datasets/MVTec_AD/capsule/test/scratch/009.png'] 0.4800757169723511
['/mnt/dsc3032-gaya-shared/group6/datasets/MVTec_AD/capsule/test/scratch/010.png'] 0.46907901763916016
['/mnt/dsc3032-gaya-shared/group6/datasets/MVTec_AD/capsule/test/scratch/011.png'] 0.34200963377952576
['/mnt/dsc3032-gaya-shared/group6/datasets/MVTec_AD/capsule/test/scratch/012.png'] 0.40994957089424133
['/mnt/dsc3032-gaya-shared/group6/datasets/MVTec_AD/capsule/test/scratch/013.png'] 0.2423778623342514
['/mnt/dsc3032-gaya-shared/group6/datasets/MVTec_AD/capsule/test/scratch/014.png'] 0.4010823369026184
['/mnt/dsc3032-gaya-shared/group6/datasets/MVTec_AD/capsule/test/scratch/015.png'] 0.3363434672355652
['/mnt/dsc3032-gaya-shared/group6/datasets/MVTec_AD/capsule/test/scratch/016.png'] 0.37268877029418945
['/mnt/dsc3032-gaya-shared/group6/datasets/MVTec_AD/capsule/test/scratch/017.png'] 0.3079807162284851
['/mnt/dsc3032-gaya-shared/group6/datasets/MVTec_AD/capsule/test/scratch/018.png'] 0.37768036127090454
['/mnt/dsc3032-gaya-shared/group6/datasets/MVTec_AD/capsule/test/scratch/019.png'] 0.4372178912162781
['/mnt/dsc3032-gaya-shared/group6/datasets/MVTec_AD/capsule/test/scratch/020.png'] 0.3708994686603546
['/mnt/dsc3032-gaya-shared/group6/datasets/MVTec_AD/capsule/test/scratch/021.png'] 0.21826234459877014
['/mnt/dsc3032-gaya-shared/group6/datasets/MVTec_AD/capsule/test/scratch/022.png'] 0.377890944480896
['/mnt/dsc3032-gaya-shared/group6/datasets/MVTec_AD/capsule/test/squeeze/000.png'] 0.41533780097961426
['/mnt/dsc3032-gaya-shared/group6/datasets/MVTec_AD/capsule/test/squeeze/001.png'] 0.3079306483268738
['/mnt/dsc3032-gaya-shared/group6/datasets/MVTec_AD/capsule/test/squeeze/002.png'] 0.2153508961200714
['/mnt/dsc3032-gaya-shared/group6/datasets/MVTec_AD/capsule/test/squeeze/003.png'] 0.3236425220966339
['/mnt/dsc3032-gaya-shared/group6/datasets/MVTec_AD/capsule/test/squeeze/004.png'] 0.23496948182582855
['/mnt/dsc3032-gaya-shared/group6/datasets/MVTec_AD/capsule/test/squeeze/005.png'] 0.2732550799846649
['/mnt/dsc3032-gaya-shared/group6/datasets/MVTec_AD/capsule/test/squeeze/006.png'] 0.4630202054977417
['/mnt/dsc3032-gaya-shared/group6/datasets/MVTec_AD/capsule/test/squeeze/007.png'] 0.38746023178100586
['/mnt/dsc3032-gaya-shared/group6/datasets/MVTec_AD/capsule/test/squeeze/008.png'] 0.2956044673919678
['/mnt/dsc3032-gaya-shared/group6/datasets/MVTec_AD/capsule/test/squeeze/009.png'] 0.366825670003891
['/mnt/dsc3032-gaya-shared/group6/datasets/MVTec_AD/capsule/test/squeeze/010.png'] 0.24524669349193573
['/mnt/dsc3032-gaya-shared/group6/datasets/MVTec_AD/capsule/test/squeeze/011.png'] 0.399192750453949
['/mnt/dsc3032-gaya-shared/group6/datasets/MVTec_AD/capsule/test/squeeze/012.png'] 0.3089393675327301
['/mnt/dsc3032-gaya-shared/group6/datasets/MVTec_AD/capsule/test/squeeze/013.png'] 0.352840781211853
['/mnt/dsc3032-gaya-shared/group6/datasets/MVTec_AD/capsule/test/squeeze/014.png'] 0.27351731061935425
['/mnt/dsc3032-gaya-shared/group6/datasets/MVTec_AD/capsule/test/squeeze/015.png'] 0.37503305077552795
['/mnt/dsc3032-gaya-shared/group6/datasets/MVTec_AD/capsule/test/squeeze/016.png'] 0.45499324798583984
['/mnt/dsc3032-gaya-shared/group6/datasets/MVTec_AD/capsule/test/squeeze/017.png'] 0.2351604849100113
['/mnt/dsc3032-gaya-shared/group6/datasets/MVTec_AD/capsule/test/squeeze/018.png'] 0.3670918345451355
['/mnt/dsc3032-gaya-shared/group6/datasets/MVTec_AD/capsule/test/squeeze/019.png'] 0.3437959551811218
26-06-02 17:35:29.107 - INFO: 
| category   |   K-shots |   F1-Max(image) |   AUROC(image) |   F1-Max(pixel) |   AUROC(pixel) |
|:-----------|----------:|----------------:|---------------:|----------------:|---------------:|
| capsule    |         4 |           96.04 |          92.98 |            50.8 |          98.22 |
