/home/gaya6/LogSAD/dinov2/dinov2/layers/swiglu_ffn.py:43: UserWarning: xFormers is available (SwiGLU)
  warnings.warn("xFormers is available (SwiGLU)")
/home/gaya6/LogSAD/dinov2/dinov2/layers/attention.py:27: UserWarning: xFormers is available (Attention)
  warnings.warn("xFormers is available (Attention)")
/home/gaya6/LogSAD/dinov2/dinov2/layers/block.py:33: UserWarning: xFormers is available (Block)
  warnings.warn("xFormers is available (Block)")
['/mnt/dsc3032-gaya-shared/group6/datasets/MVTec_AD/carpet/test/color/000.png'] 0.5240878462791443
['/mnt/dsc3032-gaya-shared/group6/datasets/MVTec_AD/carpet/test/color/001.png'] 0.3893592357635498
['/mnt/dsc3032-gaya-shared/group6/datasets/MVTec_AD/carpet/test/color/002.png'] 0.3840409517288208
['/mnt/dsc3032-gaya-shared/group6/datasets/MVTec_AD/carpet/test/color/003.png'] 0.4223909378051758
['/mnt/dsc3032-gaya-shared/group6/datasets/MVTec_AD/carpet/test/color/004.png'] 0.3985166549682617
['/mnt/dsc3032-gaya-shared/group6/datasets/MVTec_AD/carpet/test/color/005.png'] 0.27519580721855164
['/mnt/dsc3032-gaya-shared/group6/datasets/MVTec_AD/carpet/test/color/006.png'] 0.37369269132614136
['/mnt/dsc3032-gaya-shared/group6/datasets/MVTec_AD/carpet/test/color/007.png'] 0.4109885096549988
['/mnt/dsc3032-gaya-shared/group6/datasets/MVTec_AD/carpet/test/color/008.png'] 0.5307093858718872
['/mnt/dsc3032-gaya-shared/group6/datasets/MVTec_AD/carpet/test/color/009.png'] 0.46458226442337036
['/mnt/dsc3032-gaya-shared/group6/datasets/MVTec_AD/carpet/test/color/010.png'] 0.36435645818710327
['/mnt/dsc3032-gaya-shared/group6/datasets/MVTec_AD/carpet/test/color/011.png'] 0.6024346947669983
['/mnt/dsc3032-gaya-shared/group6/datasets/MVTec_AD/carpet/test/color/012.png'] 0.5584381818771362
['/mnt/dsc3032-gaya-shared/group6/datasets/MVTec_AD/carpet/test/color/013.png'] 0.5590991377830505
['/mnt/dsc3032-gaya-shared/group6/datasets/MVTec_AD/carpet/test/color/014.png'] 0.5572980642318726
['/mnt/dsc3032-gaya-shared/group6/datasets/MVTec_AD/carpet/test/color/015.png'] 0.5420837998390198
['/mnt/dsc3032-gaya-shared/group6/datasets/MVTec_AD/carpet/test/color/016.png'] 0.40977025032043457
['/mnt/dsc3032-gaya-shared/group6/datasets/MVTec_AD/carpet/test/color/017.png'] 0.32366886734962463
['/mnt/dsc3032-gaya-shared/group6/datasets/MVTec_AD/carpet/test/color/018.png'] 0.4149536192417145
['/mnt/dsc3032-gaya-shared/group6/datasets/MVTec_AD/carpet/test/cut/000.png'] 0.45233654975891113
['/mnt/dsc3032-gaya-shared/group6/datasets/MVTec_AD/carpet/test/cut/001.png'] 0.4122454822063446
['/mnt/dsc3032-gaya-shared/group6/datasets/MVTec_AD/carpet/test/cut/002.png'] 0.47858572006225586
['/mnt/dsc3032-gaya-shared/group6/datasets/MVTec_AD/carpet/test/cut/003.png'] 0.42724373936653137
['/mnt/dsc3032-gaya-shared/group6/datasets/MVTec_AD/carpet/test/cut/004.png'] 0.3148108720779419
['/mnt/dsc3032-gaya-shared/group6/datasets/MVTec_AD/carpet/test/cut/005.png'] 0.317848265171051
['/mnt/dsc3032-gaya-shared/group6/datasets/MVTec_AD/carpet/test/cut/006.png'] 0.4386170506477356
['/mnt/dsc3032-gaya-shared/group6/datasets/MVTec_AD/carpet/test/cut/007.png'] 0.3403441905975342
['/mnt/dsc3032-gaya-shared/group6/datasets/MVTec_AD/carpet/test/cut/008.png'] 0.322374165058136
['/mnt/dsc3032-gaya-shared/group6/datasets/MVTec_AD/carpet/test/cut/009.png'] 0.46357154846191406
['/mnt/dsc3032-gaya-shared/group6/datasets/MVTec_AD/carpet/test/cut/010.png'] 0.4241088330745697
['/mnt/dsc3032-gaya-shared/group6/datasets/MVTec_AD/carpet/test/cut/011.png'] 0.4452558755874634
['/mnt/dsc3032-gaya-shared/group6/datasets/MVTec_AD/carpet/test/cut/012.png'] 0.5350275039672852
['/mnt/dsc3032-gaya-shared/group6/datasets/MVTec_AD/carpet/test/cut/013.png'] 0.4243497848510742
['/mnt/dsc3032-gaya-shared/group6/datasets/MVTec_AD/carpet/test/cut/014.png'] 0.4465530514717102
['/mnt/dsc3032-gaya-shared/group6/datasets/MVTec_AD/carpet/test/cut/015.png'] 0.5078017115592957
['/mnt/dsc3032-gaya-shared/group6/datasets/MVTec_AD/carpet/test/cut/016.png'] 0.4162505865097046
['/mnt/dsc3032-gaya-shared/group6/datasets/MVTec_AD/carpet/test/good/000.png'] 0.23968155682086945
['/mnt/dsc3032-gaya-shared/group6/datasets/MVTec_AD/carpet/test/good/001.png'] 0.24559766054153442
['/mnt/dsc3032-gaya-shared/group6/datasets/MVTec_AD/carpet/test/good/002.png'] 0.2209799736738205
['/mnt/dsc3032-gaya-shared/group6/datasets/MVTec_AD/carpet/test/good/003.png'] 0.2361987680196762
['/mnt/dsc3032-gaya-shared/group6/datasets/MVTec_AD/carpet/test/good/004.png'] 0.25515657663345337
['/mnt/dsc3032-gaya-shared/group6/datasets/MVTec_AD/carpet/test/good/005.png'] 0.2992252707481384
['/mnt/dsc3032-gaya-shared/group6/datasets/MVTec_AD/carpet/test/good/006.png'] 0.2302832007408142
['/mnt/dsc3032-gaya-shared/group6/datasets/MVTec_AD/carpet/test/good/007.png'] 0.26087766885757446
['/mnt/dsc3032-gaya-shared/group6/datasets/MVTec_AD/carpet/test/good/008.png'] 0.2482297122478485
['/mnt/dsc3032-gaya-shared/group6/datasets/MVTec_AD/carpet/test/good/009.png'] 0.22419330477714539
['/mnt/dsc3032-gaya-shared/group6/datasets/MVTec_AD/carpet/test/good/010.png'] 0.21370694041252136
['/mnt/dsc3032-gaya-shared/group6/datasets/MVTec_AD/carpet/test/good/011.png'] 0.21866488456726074
['/mnt/dsc3032-gaya-shared/group6/datasets/MVTec_AD/carpet/test/good/012.png'] 0.2541739046573639
['/mnt/dsc3032-gaya-shared/group6/datasets/MVTec_AD/carpet/test/good/013.png'] 0.2318718135356903
['/mnt/dsc3032-gaya-shared/group6/datasets/MVTec_AD/carpet/test/good/014.png'] 0.2852320373058319
['/mnt/dsc3032-gaya-shared/group6/datasets/MVTec_AD/carpet/test/good/015.png'] 0.2427809238433838
['/mnt/dsc3032-gaya-shared/group6/datasets/MVTec_AD/carpet/test/good/016.png'] 0.22474835813045502
['/mnt/dsc3032-gaya-shared/group6/datasets/MVTec_AD/carpet/test/good/017.png'] 0.21797195076942444
['/mnt/dsc3032-gaya-shared/group6/datasets/MVTec_AD/carpet/test/good/018.png'] 0.21962882578372955
['/mnt/dsc3032-gaya-shared/group6/datasets/MVTec_AD/carpet/test/good/019.png'] 0.298648476600647
['/mnt/dsc3032-gaya-shared/group6/datasets/MVTec_AD/carpet/test/good/020.png'] 0.21027445793151855
['/mnt/dsc3032-gaya-shared/group6/datasets/MVTec_AD/carpet/test/good/021.png'] 0.22256088256835938
['/mnt/dsc3032-gaya-shared/group6/datasets/MVTec_AD/carpet/test/good/022.png'] 0.36079925298690796
['/mnt/dsc3032-gaya-shared/group6/datasets/MVTec_AD/carpet/test/good/023.png'] 0.2679039239883423
['/mnt/dsc3032-gaya-shared/group6/datasets/MVTec_AD/carpet/test/good/024.png'] 0.24616849422454834
['/mnt/dsc3032-gaya-shared/group6/datasets/MVTec_AD/carpet/test/good/025.png'] 0.280120849609375
['/mnt/dsc3032-gaya-shared/group6/datasets/MVTec_AD/carpet/test/good/026.png'] 0.2478761225938797
['/mnt/dsc3032-gaya-shared/group6/datasets/MVTec_AD/carpet/test/good/027.png'] 0.2540804147720337
['/mnt/dsc3032-gaya-shared/group6/datasets/MVTec_AD/carpet/test/hole/000.png'] 0.34625256061553955
['/mnt/dsc3032-gaya-shared/group6/datasets/MVTec_AD/carpet/test/hole/001.png'] 0.278374582529068
['/mnt/dsc3032-gaya-shared/group6/datasets/MVTec_AD/carpet/test/hole/002.png'] 0.3470553755760193
['/mnt/dsc3032-gaya-shared/group6/datasets/MVTec_AD/carpet/test/hole/003.png'] 0.4130890965461731
['/mnt/dsc3032-gaya-shared/group6/datasets/MVTec_AD/carpet/test/hole/004.png'] 0.41792768239974976
['/mnt/dsc3032-gaya-shared/group6/datasets/MVTec_AD/carpet/test/hole/005.png'] 0.31991177797317505
['/mnt/dsc3032-gaya-shared/group6/datasets/MVTec_AD/carpet/test/hole/006.png'] 0.4925324320793152
['/mnt/dsc3032-gaya-shared/group6/datasets/MVTec_AD/carpet/test/hole/007.png'] 0.5801790952682495
['/mnt/dsc3032-gaya-shared/group6/datasets/MVTec_AD/carpet/test/hole/008.png'] 0.5298131108283997
['/mnt/dsc3032-gaya-shared/group6/datasets/MVTec_AD/carpet/test/hole/009.png'] 0.4371160864830017
['/mnt/dsc3032-gaya-shared/group6/datasets/MVTec_AD/carpet/test/hole/010.png'] 0.48333340883255005
['/mnt/dsc3032-gaya-shared/group6/datasets/MVTec_AD/carpet/test/hole/011.png'] 0.36637672781944275
['/mnt/dsc3032-gaya-shared/group6/datasets/MVTec_AD/carpet/test/hole/012.png'] 0.3498827815055847
['/mnt/dsc3032-gaya-shared/group6/datasets/MVTec_AD/carpet/test/hole/013.png'] 0.36458176374435425
['/mnt/dsc3032-gaya-shared/group6/datasets/MVTec_AD/carpet/test/hole/014.png'] 0.44947147369384766
['/mnt/dsc3032-gaya-shared/group6/datasets/MVTec_AD/carpet/test/hole/015.png'] 0.33387139439582825
['/mnt/dsc3032-gaya-shared/group6/datasets/MVTec_AD/carpet/test/hole/016.png'] 0.3187335431575775
['/mnt/dsc3032-gaya-shared/group6/datasets/MVTec_AD/carpet/test/metal_contamination/000.png'] 0.4131489098072052
['/mnt/dsc3032-gaya-shared/group6/datasets/MVTec_AD/carpet/test/metal_contamination/001.png'] 0.41148611903190613
['/mnt/dsc3032-gaya-shared/group6/datasets/MVTec_AD/carpet/test/metal_contamination/002.png'] 0.48730945587158203
['/mnt/dsc3032-gaya-shared/group6/datasets/MVTec_AD/carpet/test/metal_contamination/003.png'] 0.40642091631889343
['/mnt/dsc3032-gaya-shared/group6/datasets/MVTec_AD/carpet/test/metal_contamination/004.png'] 0.5271103978157043
['/mnt/dsc3032-gaya-shared/group6/datasets/MVTec_AD/carpet/test/metal_contamination/005.png'] 0.5298358201980591
['/mnt/dsc3032-gaya-shared/group6/datasets/MVTec_AD/carpet/test/metal_contamination/006.png'] 0.527310848236084
['/mnt/dsc3032-gaya-shared/group6/datasets/MVTec_AD/carpet/test/metal_contamination/007.png'] 0.5037250518798828
['/mnt/dsc3032-gaya-shared/group6/datasets/MVTec_AD/carpet/test/metal_contamination/008.png'] 0.5122086405754089
['/mnt/dsc3032-gaya-shared/group6/datasets/MVTec_AD/carpet/test/metal_contamination/009.png'] 0.472856342792511
['/mnt/dsc3032-gaya-shared/group6/datasets/MVTec_AD/carpet/test/metal_contamination/010.png'] 0.5186628103256226
['/mnt/dsc3032-gaya-shared/group6/datasets/MVTec_AD/carpet/test/metal_contamination/011.png'] 0.3976324796676636
['/mnt/dsc3032-gaya-shared/group6/datasets/MVTec_AD/carpet/test/metal_contamination/012.png'] 0.5053762197494507
['/mnt/dsc3032-gaya-shared/group6/datasets/MVTec_AD/carpet/test/metal_contamination/013.png'] 0.495487779378891
['/mnt/dsc3032-gaya-shared/group6/datasets/MVTec_AD/carpet/test/metal_contamination/014.png'] 0.37383800745010376
['/mnt/dsc3032-gaya-shared/group6/datasets/MVTec_AD/carpet/test/metal_contamination/015.png'] 0.4304608106613159
['/mnt/dsc3032-gaya-shared/group6/datasets/MVTec_AD/carpet/test/metal_contamination/016.png'] 0.47424644231796265
['/mnt/dsc3032-gaya-shared/group6/datasets/MVTec_AD/carpet/test/thread/000.png'] 0.38915178179740906
['/mnt/dsc3032-gaya-shared/group6/datasets/MVTec_AD/carpet/test/thread/001.png'] 0.315061092376709
['/mnt/dsc3032-gaya-shared/group6/datasets/MVTec_AD/carpet/test/thread/002.png'] 0.4645143151283264
['/mnt/dsc3032-gaya-shared/group6/datasets/MVTec_AD/carpet/test/thread/003.png'] 0.40792688727378845
['/mnt/dsc3032-gaya-shared/group6/datasets/MVTec_AD/carpet/test/thread/004.png'] 0.40820664167404175
['/mnt/dsc3032-gaya-shared/group6/datasets/MVTec_AD/carpet/test/thread/005.png'] 0.4946565330028534
['/mnt/dsc3032-gaya-shared/group6/datasets/MVTec_AD/carpet/test/thread/006.png'] 0.4654197096824646
['/mnt/dsc3032-gaya-shared/group6/datasets/MVTec_AD/carpet/test/thread/007.png'] 0.3995334506034851
['/mnt/dsc3032-gaya-shared/group6/datasets/MVTec_AD/carpet/test/thread/008.png'] 0.5360807180404663
['/mnt/dsc3032-gaya-shared/group6/datasets/MVTec_AD/carpet/test/thread/009.png'] 0.31100142002105713
['/mnt/dsc3032-gaya-shared/group6/datasets/MVTec_AD/carpet/test/thread/010.png'] 0.5050724148750305
['/mnt/dsc3032-gaya-shared/group6/datasets/MVTec_AD/carpet/test/thread/011.png'] 0.38453054428100586
['/mnt/dsc3032-gaya-shared/group6/datasets/MVTec_AD/carpet/test/thread/012.png'] 0.4507671594619751
['/mnt/dsc3032-gaya-shared/group6/datasets/MVTec_AD/carpet/test/thread/013.png'] 0.4558814764022827
['/mnt/dsc3032-gaya-shared/group6/datasets/MVTec_AD/carpet/test/thread/014.png'] 0.26879408955574036
['/mnt/dsc3032-gaya-shared/group6/datasets/MVTec_AD/carpet/test/thread/015.png'] 0.4500254690647125
['/mnt/dsc3032-gaya-shared/group6/datasets/MVTec_AD/carpet/test/thread/016.png'] 0.4353199303150177
['/mnt/dsc3032-gaya-shared/group6/datasets/MVTec_AD/carpet/test/thread/017.png'] 0.4655594825744629
['/mnt/dsc3032-gaya-shared/group6/datasets/MVTec_AD/carpet/test/thread/018.png'] 0.3083104193210602
26-06-02 17:36:21.352 - INFO: 
| category   |   K-shots |   F1-Max(image) |   AUROC(image) |   F1-Max(pixel) |   AUROC(pixel) |
|:-----------|----------:|----------------:|---------------:|----------------:|---------------:|
| carpet     |         4 |           97.73 |          98.84 |           71.11 |          99.32 |
