/home/gaya6/LogSAD/dinov2/dinov2/layers/swiglu_ffn.py:43: UserWarning: xFormers is available (SwiGLU)
  warnings.warn("xFormers is available (SwiGLU)")
/home/gaya6/LogSAD/dinov2/dinov2/layers/attention.py:27: UserWarning: xFormers is available (Attention)
  warnings.warn("xFormers is available (Attention)")
/home/gaya6/LogSAD/dinov2/dinov2/layers/block.py:33: UserWarning: xFormers is available (Block)
  warnings.warn("xFormers is available (Block)")
['/mnt/dsc3032-gaya-shared/group6/datasets/MVTec_AD/grid/test/bent/000.png'] 0.45941153168678284
['/mnt/dsc3032-gaya-shared/group6/datasets/MVTec_AD/grid/test/bent/001.png'] 0.3823656439781189
['/mnt/dsc3032-gaya-shared/group6/datasets/MVTec_AD/grid/test/bent/002.png'] 0.38108718395233154
['/mnt/dsc3032-gaya-shared/group6/datasets/MVTec_AD/grid/test/bent/003.png'] 0.36160731315612793
['/mnt/dsc3032-gaya-shared/group6/datasets/MVTec_AD/grid/test/bent/004.png'] 0.3643118739128113
['/mnt/dsc3032-gaya-shared/group6/datasets/MVTec_AD/grid/test/bent/005.png'] 0.40127626061439514
['/mnt/dsc3032-gaya-shared/group6/datasets/MVTec_AD/grid/test/bent/006.png'] 0.3785560429096222
['/mnt/dsc3032-gaya-shared/group6/datasets/MVTec_AD/grid/test/bent/007.png'] 0.35086625814437866
['/mnt/dsc3032-gaya-shared/group6/datasets/MVTec_AD/grid/test/bent/008.png'] 0.3556448519229889
['/mnt/dsc3032-gaya-shared/group6/datasets/MVTec_AD/grid/test/bent/009.png'] 0.4067348539829254
['/mnt/dsc3032-gaya-shared/group6/datasets/MVTec_AD/grid/test/bent/010.png'] 0.463570237159729
['/mnt/dsc3032-gaya-shared/group6/datasets/MVTec_AD/grid/test/bent/011.png'] 0.42286205291748047
['/mnt/dsc3032-gaya-shared/group6/datasets/MVTec_AD/grid/test/broken/000.png'] 0.46679380536079407
['/mnt/dsc3032-gaya-shared/group6/datasets/MVTec_AD/grid/test/broken/001.png'] 0.44549036026000977
['/mnt/dsc3032-gaya-shared/group6/datasets/MVTec_AD/grid/test/broken/002.png'] 0.45243170857429504
['/mnt/dsc3032-gaya-shared/group6/datasets/MVTec_AD/grid/test/broken/003.png'] 0.48594698309898376
['/mnt/dsc3032-gaya-shared/group6/datasets/MVTec_AD/grid/test/broken/004.png'] 0.47505033016204834
['/mnt/dsc3032-gaya-shared/group6/datasets/MVTec_AD/grid/test/broken/005.png'] 0.4843972325325012
['/mnt/dsc3032-gaya-shared/group6/datasets/MVTec_AD/grid/test/broken/006.png'] 0.5111796259880066
['/mnt/dsc3032-gaya-shared/group6/datasets/MVTec_AD/grid/test/broken/007.png'] 0.4592556953430176
['/mnt/dsc3032-gaya-shared/group6/datasets/MVTec_AD/grid/test/broken/008.png'] 0.41186487674713135
['/mnt/dsc3032-gaya-shared/group6/datasets/MVTec_AD/grid/test/broken/009.png'] 0.4836767911911011
['/mnt/dsc3032-gaya-shared/group6/datasets/MVTec_AD/grid/test/broken/010.png'] 0.452940970659256
['/mnt/dsc3032-gaya-shared/group6/datasets/MVTec_AD/grid/test/broken/011.png'] 0.3678528368473053
['/mnt/dsc3032-gaya-shared/group6/datasets/MVTec_AD/grid/test/glue/000.png'] 0.4101727604866028
['/mnt/dsc3032-gaya-shared/group6/datasets/MVTec_AD/grid/test/glue/001.png'] 0.3593658208847046
['/mnt/dsc3032-gaya-shared/group6/datasets/MVTec_AD/grid/test/glue/002.png'] 0.40018409490585327
['/mnt/dsc3032-gaya-shared/group6/datasets/MVTec_AD/grid/test/glue/003.png'] 0.3735983669757843
['/mnt/dsc3032-gaya-shared/group6/datasets/MVTec_AD/grid/test/glue/004.png'] 0.4383165240287781
['/mnt/dsc3032-gaya-shared/group6/datasets/MVTec_AD/grid/test/glue/005.png'] 0.4568112790584564
['/mnt/dsc3032-gaya-shared/group6/datasets/MVTec_AD/grid/test/glue/006.png'] 0.4000665247440338
['/mnt/dsc3032-gaya-shared/group6/datasets/MVTec_AD/grid/test/glue/007.png'] 0.337799072265625
['/mnt/dsc3032-gaya-shared/group6/datasets/MVTec_AD/grid/test/glue/008.png'] 0.2900394797325134
['/mnt/dsc3032-gaya-shared/group6/datasets/MVTec_AD/grid/test/glue/009.png'] 0.35997748374938965
['/mnt/dsc3032-gaya-shared/group6/datasets/MVTec_AD/grid/test/glue/010.png'] 0.43921959400177
['/mnt/dsc3032-gaya-shared/group6/datasets/MVTec_AD/grid/test/good/000.png'] 0.2578369379043579
['/mnt/dsc3032-gaya-shared/group6/datasets/MVTec_AD/grid/test/good/001.png'] 0.2841498851776123
['/mnt/dsc3032-gaya-shared/group6/datasets/MVTec_AD/grid/test/good/002.png'] 0.2917546033859253
['/mnt/dsc3032-gaya-shared/group6/datasets/MVTec_AD/grid/test/good/003.png'] 0.2799359858036041
['/mnt/dsc3032-gaya-shared/group6/datasets/MVTec_AD/grid/test/good/004.png'] 0.3033992648124695
['/mnt/dsc3032-gaya-shared/group6/datasets/MVTec_AD/grid/test/good/005.png'] 0.337624192237854
['/mnt/dsc3032-gaya-shared/group6/datasets/MVTec_AD/grid/test/good/006.png'] 0.3115827441215515
['/mnt/dsc3032-gaya-shared/group6/datasets/MVTec_AD/grid/test/good/007.png'] 0.3391387462615967
['/mnt/dsc3032-gaya-shared/group6/datasets/MVTec_AD/grid/test/good/008.png'] 0.28538089990615845
['/mnt/dsc3032-gaya-shared/group6/datasets/MVTec_AD/grid/test/good/009.png'] 0.3865715563297272
['/mnt/dsc3032-gaya-shared/group6/datasets/MVTec_AD/grid/test/good/010.png'] 0.3269972801208496
['/mnt/dsc3032-gaya-shared/group6/datasets/MVTec_AD/grid/test/good/011.png'] 0.3032205402851105
['/mnt/dsc3032-gaya-shared/group6/datasets/MVTec_AD/grid/test/good/012.png'] 0.36468616127967834
['/mnt/dsc3032-gaya-shared/group6/datasets/MVTec_AD/grid/test/good/013.png'] 0.27108582854270935
['/mnt/dsc3032-gaya-shared/group6/datasets/MVTec_AD/grid/test/good/014.png'] 0.32879555225372314
['/mnt/dsc3032-gaya-shared/group6/datasets/MVTec_AD/grid/test/good/015.png'] 0.28450289368629456
['/mnt/dsc3032-gaya-shared/group6/datasets/MVTec_AD/grid/test/good/016.png'] 0.2812459468841553
['/mnt/dsc3032-gaya-shared/group6/datasets/MVTec_AD/grid/test/good/017.png'] 0.3185826539993286
['/mnt/dsc3032-gaya-shared/group6/datasets/MVTec_AD/grid/test/good/018.png'] 0.3288160562515259
['/mnt/dsc3032-gaya-shared/group6/datasets/MVTec_AD/grid/test/good/019.png'] 0.30748939514160156
['/mnt/dsc3032-gaya-shared/group6/datasets/MVTec_AD/grid/test/good/020.png'] 0.2942129969596863
['/mnt/dsc3032-gaya-shared/group6/datasets/MVTec_AD/grid/test/metal_contamination/000.png'] 0.4501040279865265
['/mnt/dsc3032-gaya-shared/group6/datasets/MVTec_AD/grid/test/metal_contamination/001.png'] 0.49945375323295593
['/mnt/dsc3032-gaya-shared/group6/datasets/MVTec_AD/grid/test/metal_contamination/002.png'] 0.4708132743835449
['/mnt/dsc3032-gaya-shared/group6/datasets/MVTec_AD/grid/test/metal_contamination/003.png'] 0.4413159489631653
['/mnt/dsc3032-gaya-shared/group6/datasets/MVTec_AD/grid/test/metal_contamination/004.png'] 0.4373420476913452
['/mnt/dsc3032-gaya-shared/group6/datasets/MVTec_AD/grid/test/metal_contamination/005.png'] 0.4515666961669922
['/mnt/dsc3032-gaya-shared/group6/datasets/MVTec_AD/grid/test/metal_contamination/006.png'] 0.38594040274620056
['/mnt/dsc3032-gaya-shared/group6/datasets/MVTec_AD/grid/test/metal_contamination/007.png'] 0.44549575448036194
['/mnt/dsc3032-gaya-shared/group6/datasets/MVTec_AD/grid/test/metal_contamination/008.png'] 0.46405869722366333
['/mnt/dsc3032-gaya-shared/group6/datasets/MVTec_AD/grid/test/metal_contamination/009.png'] 0.37258225679397583
['/mnt/dsc3032-gaya-shared/group6/datasets/MVTec_AD/grid/test/metal_contamination/010.png'] 0.4254699945449829
['/mnt/dsc3032-gaya-shared/group6/datasets/MVTec_AD/grid/test/thread/000.png'] 0.4450896680355072
['/mnt/dsc3032-gaya-shared/group6/datasets/MVTec_AD/grid/test/thread/001.png'] 0.5138112306594849
['/mnt/dsc3032-gaya-shared/group6/datasets/MVTec_AD/grid/test/thread/002.png'] 0.34535443782806396
['/mnt/dsc3032-gaya-shared/group6/datasets/MVTec_AD/grid/test/thread/003.png'] 0.3208513557910919
['/mnt/dsc3032-gaya-shared/group6/datasets/MVTec_AD/grid/test/thread/004.png'] 0.47340065240859985
['/mnt/dsc3032-gaya-shared/group6/datasets/MVTec_AD/grid/test/thread/005.png'] 0.47571444511413574
['/mnt/dsc3032-gaya-shared/group6/datasets/MVTec_AD/grid/test/thread/006.png'] 0.35454869270324707
['/mnt/dsc3032-gaya-shared/group6/datasets/MVTec_AD/grid/test/thread/007.png'] 0.43498682975769043
['/mnt/dsc3032-gaya-shared/group6/datasets/MVTec_AD/grid/test/thread/008.png'] 0.4227119982242584
['/mnt/dsc3032-gaya-shared/group6/datasets/MVTec_AD/grid/test/thread/009.png'] 0.4304439425468445
['/mnt/dsc3032-gaya-shared/group6/datasets/MVTec_AD/grid/test/thread/010.png'] 0.37877583503723145
26-06-02 17:36:56.738 - INFO: 
| category   |   K-shots |   F1-Max(image) |   AUROC(image) |   F1-Max(pixel) |   AUROC(pixel) |
|:-----------|----------:|----------------:|---------------:|----------------:|---------------:|
| grid       |         4 |           95.65 |          95.99 |           51.41 |          99.21 |
