/home/gaya6/LogSAD/dinov2/dinov2/layers/swiglu_ffn.py:43: UserWarning: xFormers is available (SwiGLU)
  warnings.warn("xFormers is available (SwiGLU)")
/home/gaya6/LogSAD/dinov2/dinov2/layers/attention.py:27: UserWarning: xFormers is available (Attention)
  warnings.warn("xFormers is available (Attention)")
/home/gaya6/LogSAD/dinov2/dinov2/layers/block.py:33: UserWarning: xFormers is available (Block)
  warnings.warn("xFormers is available (Block)")
['/mnt/dsc3032-gaya-shared/group6/datasets/MVTec_AD/hazelnut/test/crack/000.png'] 0.45817410945892334
['/mnt/dsc3032-gaya-shared/group6/datasets/MVTec_AD/hazelnut/test/crack/001.png'] 0.5035386681556702
['/mnt/dsc3032-gaya-shared/group6/datasets/MVTec_AD/hazelnut/test/crack/002.png'] 0.45553818345069885
['/mnt/dsc3032-gaya-shared/group6/datasets/MVTec_AD/hazelnut/test/crack/003.png'] 0.41243886947631836
['/mnt/dsc3032-gaya-shared/group6/datasets/MVTec_AD/hazelnut/test/crack/004.png'] 0.41069304943084717
['/mnt/dsc3032-gaya-shared/group6/datasets/MVTec_AD/hazelnut/test/crack/005.png'] 0.45228707790374756
['/mnt/dsc3032-gaya-shared/group6/datasets/MVTec_AD/hazelnut/test/crack/006.png'] 0.43837544322013855
['/mnt/dsc3032-gaya-shared/group6/datasets/MVTec_AD/hazelnut/test/crack/007.png'] 0.4297674298286438
['/mnt/dsc3032-gaya-shared/group6/datasets/MVTec_AD/hazelnut/test/crack/008.png'] 0.517791748046875
['/mnt/dsc3032-gaya-shared/group6/datasets/MVTec_AD/hazelnut/test/crack/009.png'] 0.4657682180404663
['/mnt/dsc3032-gaya-shared/group6/datasets/MVTec_AD/hazelnut/test/crack/010.png'] 0.399940550327301
['/mnt/dsc3032-gaya-shared/group6/datasets/MVTec_AD/hazelnut/test/crack/011.png'] 0.4350666105747223
['/mnt/dsc3032-gaya-shared/group6/datasets/MVTec_AD/hazelnut/test/crack/012.png'] 0.39944005012512207
['/mnt/dsc3032-gaya-shared/group6/datasets/MVTec_AD/hazelnut/test/crack/013.png'] 0.44310420751571655
['/mnt/dsc3032-gaya-shared/group6/datasets/MVTec_AD/hazelnut/test/crack/014.png'] 0.3972037434577942
['/mnt/dsc3032-gaya-shared/group6/datasets/MVTec_AD/hazelnut/test/crack/015.png'] 0.48000553250312805
['/mnt/dsc3032-gaya-shared/group6/datasets/MVTec_AD/hazelnut/test/crack/016.png'] 0.4083757996559143
['/mnt/dsc3032-gaya-shared/group6/datasets/MVTec_AD/hazelnut/test/crack/017.png'] 0.41382765769958496
['/mnt/dsc3032-gaya-shared/group6/datasets/MVTec_AD/hazelnut/test/cut/000.png'] 0.3644818663597107
['/mnt/dsc3032-gaya-shared/group6/datasets/MVTec_AD/hazelnut/test/cut/001.png'] 0.3700675964355469
['/mnt/dsc3032-gaya-shared/group6/datasets/MVTec_AD/hazelnut/test/cut/002.png'] 0.3702838122844696
['/mnt/dsc3032-gaya-shared/group6/datasets/MVTec_AD/hazelnut/test/cut/003.png'] 0.4064130187034607
['/mnt/dsc3032-gaya-shared/group6/datasets/MVTec_AD/hazelnut/test/cut/004.png'] 0.36691391468048096
['/mnt/dsc3032-gaya-shared/group6/datasets/MVTec_AD/hazelnut/test/cut/005.png'] 0.4019222855567932
['/mnt/dsc3032-gaya-shared/group6/datasets/MVTec_AD/hazelnut/test/cut/006.png'] 0.39335817098617554
['/mnt/dsc3032-gaya-shared/group6/datasets/MVTec_AD/hazelnut/test/cut/007.png'] 0.42984217405319214
['/mnt/dsc3032-gaya-shared/group6/datasets/MVTec_AD/hazelnut/test/cut/008.png'] 0.43078160285949707
['/mnt/dsc3032-gaya-shared/group6/datasets/MVTec_AD/hazelnut/test/cut/009.png'] 0.35237592458724976
['/mnt/dsc3032-gaya-shared/group6/datasets/MVTec_AD/hazelnut/test/cut/010.png'] 0.4047127962112427
['/mnt/dsc3032-gaya-shared/group6/datasets/MVTec_AD/hazelnut/test/cut/011.png'] 0.3940625786781311
['/mnt/dsc3032-gaya-shared/group6/datasets/MVTec_AD/hazelnut/test/cut/012.png'] 0.3889283835887909
['/mnt/dsc3032-gaya-shared/group6/datasets/MVTec_AD/hazelnut/test/cut/013.png'] 0.3622816205024719
['/mnt/dsc3032-gaya-shared/group6/datasets/MVTec_AD/hazelnut/test/cut/014.png'] 0.41327977180480957
['/mnt/dsc3032-gaya-shared/group6/datasets/MVTec_AD/hazelnut/test/cut/015.png'] 0.4502940773963928
['/mnt/dsc3032-gaya-shared/group6/datasets/MVTec_AD/hazelnut/test/cut/016.png'] 0.45176953077316284
['/mnt/dsc3032-gaya-shared/group6/datasets/MVTec_AD/hazelnut/test/good/000.png'] 0.28373557329177856
['/mnt/dsc3032-gaya-shared/group6/datasets/MVTec_AD/hazelnut/test/good/001.png'] 0.3330081105232239
['/mnt/dsc3032-gaya-shared/group6/datasets/MVTec_AD/hazelnut/test/good/002.png'] 0.29471662640571594
['/mnt/dsc3032-gaya-shared/group6/datasets/MVTec_AD/hazelnut/test/good/003.png'] 0.2544702887535095
['/mnt/dsc3032-gaya-shared/group6/datasets/MVTec_AD/hazelnut/test/good/004.png'] 0.2500098943710327
['/mnt/dsc3032-gaya-shared/group6/datasets/MVTec_AD/hazelnut/test/good/005.png'] 0.2358446568250656
['/mnt/dsc3032-gaya-shared/group6/datasets/MVTec_AD/hazelnut/test/good/006.png'] 0.25744715332984924
['/mnt/dsc3032-gaya-shared/group6/datasets/MVTec_AD/hazelnut/test/good/007.png'] 0.2729671597480774
['/mnt/dsc3032-gaya-shared/group6/datasets/MVTec_AD/hazelnut/test/good/008.png'] 0.30221956968307495
['/mnt/dsc3032-gaya-shared/group6/datasets/MVTec_AD/hazelnut/test/good/009.png'] 0.2692760229110718
['/mnt/dsc3032-gaya-shared/group6/datasets/MVTec_AD/hazelnut/test/good/010.png'] 0.2485036551952362
['/mnt/dsc3032-gaya-shared/group6/datasets/MVTec_AD/hazelnut/test/good/011.png'] 0.2900022268295288
['/mnt/dsc3032-gaya-shared/group6/datasets/MVTec_AD/hazelnut/test/good/012.png'] 0.2989072799682617
['/mnt/dsc3032-gaya-shared/group6/datasets/MVTec_AD/hazelnut/test/good/013.png'] 0.2857372760772705
['/mnt/dsc3032-gaya-shared/group6/datasets/MVTec_AD/hazelnut/test/good/014.png'] 0.27575695514678955
['/mnt/dsc3032-gaya-shared/group6/datasets/MVTec_AD/hazelnut/test/good/015.png'] 0.27674010396003723
['/mnt/dsc3032-gaya-shared/group6/datasets/MVTec_AD/hazelnut/test/good/016.png'] 0.2751145362854004
['/mnt/dsc3032-gaya-shared/group6/datasets/MVTec_AD/hazelnut/test/good/017.png'] 0.21070559322834015
['/mnt/dsc3032-gaya-shared/group6/datasets/MVTec_AD/hazelnut/test/good/018.png'] 0.29679521918296814
['/mnt/dsc3032-gaya-shared/group6/datasets/MVTec_AD/hazelnut/test/good/019.png'] 0.2475508749485016
['/mnt/dsc3032-gaya-shared/group6/datasets/MVTec_AD/hazelnut/test/good/020.png'] 0.3167541027069092
['/mnt/dsc3032-gaya-shared/group6/datasets/MVTec_AD/hazelnut/test/good/021.png'] 0.2523600161075592
['/mnt/dsc3032-gaya-shared/group6/datasets/MVTec_AD/hazelnut/test/good/022.png'] 0.25000452995300293
['/mnt/dsc3032-gaya-shared/group6/datasets/MVTec_AD/hazelnut/test/good/023.png'] 0.2836077809333801
['/mnt/dsc3032-gaya-shared/group6/datasets/MVTec_AD/hazelnut/test/good/024.png'] 0.2738828659057617
['/mnt/dsc3032-gaya-shared/group6/datasets/MVTec_AD/hazelnut/test/good/025.png'] 0.2958453297615051
['/mnt/dsc3032-gaya-shared/group6/datasets/MVTec_AD/hazelnut/test/good/026.png'] 0.23730765283107758
['/mnt/dsc3032-gaya-shared/group6/datasets/MVTec_AD/hazelnut/test/good/027.png'] 0.26964232325553894
['/mnt/dsc3032-gaya-shared/group6/datasets/MVTec_AD/hazelnut/test/good/028.png'] 0.28189215064048767
['/mnt/dsc3032-gaya-shared/group6/datasets/MVTec_AD/hazelnut/test/good/029.png'] 0.2713121175765991
['/mnt/dsc3032-gaya-shared/group6/datasets/MVTec_AD/hazelnut/test/good/030.png'] 0.2626526951789856
['/mnt/dsc3032-gaya-shared/group6/datasets/MVTec_AD/hazelnut/test/good/031.png'] 0.2519822120666504
['/mnt/dsc3032-gaya-shared/group6/datasets/MVTec_AD/hazelnut/test/good/032.png'] 0.2651236057281494
['/mnt/dsc3032-gaya-shared/group6/datasets/MVTec_AD/hazelnut/test/good/033.png'] 0.269259512424469
['/mnt/dsc3032-gaya-shared/group6/datasets/MVTec_AD/hazelnut/test/good/034.png'] 0.2643873691558838
['/mnt/dsc3032-gaya-shared/group6/datasets/MVTec_AD/hazelnut/test/good/035.png'] 0.28315699100494385
['/mnt/dsc3032-gaya-shared/group6/datasets/MVTec_AD/hazelnut/test/good/036.png'] 0.30746185779571533
['/mnt/dsc3032-gaya-shared/group6/datasets/MVTec_AD/hazelnut/test/good/037.png'] 0.2674892544746399
['/mnt/dsc3032-gaya-shared/group6/datasets/MVTec_AD/hazelnut/test/good/038.png'] 0.26229095458984375
['/mnt/dsc3032-gaya-shared/group6/datasets/MVTec_AD/hazelnut/test/good/039.png'] 0.27381640672683716
['/mnt/dsc3032-gaya-shared/group6/datasets/MVTec_AD/hazelnut/test/hole/000.png'] 0.5039861798286438
['/mnt/dsc3032-gaya-shared/group6/datasets/MVTec_AD/hazelnut/test/hole/001.png'] 0.5321633219718933
['/mnt/dsc3032-gaya-shared/group6/datasets/MVTec_AD/hazelnut/test/hole/002.png'] 0.4679447412490845
['/mnt/dsc3032-gaya-shared/group6/datasets/MVTec_AD/hazelnut/test/hole/003.png'] 0.5248871445655823
['/mnt/dsc3032-gaya-shared/group6/datasets/MVTec_AD/hazelnut/test/hole/004.png'] 0.4909883141517639
['/mnt/dsc3032-gaya-shared/group6/datasets/MVTec_AD/hazelnut/test/hole/005.png'] 0.47456151247024536
['/mnt/dsc3032-gaya-shared/group6/datasets/MVTec_AD/hazelnut/test/hole/006.png'] 0.43876945972442627
['/mnt/dsc3032-gaya-shared/group6/datasets/MVTec_AD/hazelnut/test/hole/007.png'] 0.5311570167541504
['/mnt/dsc3032-gaya-shared/group6/datasets/MVTec_AD/hazelnut/test/hole/008.png'] 0.4041054844856262
['/mnt/dsc3032-gaya-shared/group6/datasets/MVTec_AD/hazelnut/test/hole/009.png'] 0.49915558099746704
['/mnt/dsc3032-gaya-shared/group6/datasets/MVTec_AD/hazelnut/test/hole/010.png'] 0.5053304433822632
['/mnt/dsc3032-gaya-shared/group6/datasets/MVTec_AD/hazelnut/test/hole/011.png'] 0.5218154191970825
['/mnt/dsc3032-gaya-shared/group6/datasets/MVTec_AD/hazelnut/test/hole/012.png'] 0.4979705512523651
['/mnt/dsc3032-gaya-shared/group6/datasets/MVTec_AD/hazelnut/test/hole/013.png'] 0.4573935866355896
['/mnt/dsc3032-gaya-shared/group6/datasets/MVTec_AD/hazelnut/test/hole/014.png'] 0.5164666771888733
['/mnt/dsc3032-gaya-shared/group6/datasets/MVTec_AD/hazelnut/test/hole/015.png'] 0.49442964792251587
['/mnt/dsc3032-gaya-shared/group6/datasets/MVTec_AD/hazelnut/test/hole/016.png'] 0.4562225639820099
['/mnt/dsc3032-gaya-shared/group6/datasets/MVTec_AD/hazelnut/test/hole/017.png'] 0.44907063245773315
['/mnt/dsc3032-gaya-shared/group6/datasets/MVTec_AD/hazelnut/test/print/000.png'] 0.5031773447990417
['/mnt/dsc3032-gaya-shared/group6/datasets/MVTec_AD/hazelnut/test/print/001.png'] 0.5049678683280945
['/mnt/dsc3032-gaya-shared/group6/datasets/MVTec_AD/hazelnut/test/print/002.png'] 0.5190541744232178
['/mnt/dsc3032-gaya-shared/group6/datasets/MVTec_AD/hazelnut/test/print/003.png'] 0.4116043448448181
['/mnt/dsc3032-gaya-shared/group6/datasets/MVTec_AD/hazelnut/test/print/004.png'] 0.48632097244262695
['/mnt/dsc3032-gaya-shared/group6/datasets/MVTec_AD/hazelnut/test/print/005.png'] 0.49442344903945923
['/mnt/dsc3032-gaya-shared/group6/datasets/MVTec_AD/hazelnut/test/print/006.png'] 0.4989141523838043
['/mnt/dsc3032-gaya-shared/group6/datasets/MVTec_AD/hazelnut/test/print/007.png'] 0.4901374280452728
['/mnt/dsc3032-gaya-shared/group6/datasets/MVTec_AD/hazelnut/test/print/008.png'] 0.6500483155250549
['/mnt/dsc3032-gaya-shared/group6/datasets/MVTec_AD/hazelnut/test/print/009.png'] 0.4586395025253296
['/mnt/dsc3032-gaya-shared/group6/datasets/MVTec_AD/hazelnut/test/print/010.png'] 0.5006775259971619
['/mnt/dsc3032-gaya-shared/group6/datasets/MVTec_AD/hazelnut/test/print/011.png'] 0.5305593609809875
['/mnt/dsc3032-gaya-shared/group6/datasets/MVTec_AD/hazelnut/test/print/012.png'] 0.5720709562301636
['/mnt/dsc3032-gaya-shared/group6/datasets/MVTec_AD/hazelnut/test/print/013.png'] 0.4652671813964844
['/mnt/dsc3032-gaya-shared/group6/datasets/MVTec_AD/hazelnut/test/print/014.png'] 0.4222583770751953
['/mnt/dsc3032-gaya-shared/group6/datasets/MVTec_AD/hazelnut/test/print/015.png'] 0.41574299335479736
['/mnt/dsc3032-gaya-shared/group6/datasets/MVTec_AD/hazelnut/test/print/016.png'] 0.461559534072876
26-06-02 17:37:51.893 - INFO: 
| category   |   K-shots |   F1-Max(image) |   AUROC(image) |   F1-Max(pixel) |   AUROC(pixel) |
|:-----------|----------:|----------------:|---------------:|----------------:|---------------:|
| hazelnut   |         4 |             100 |            100 |           75.57 |          99.43 |
