/home/gaya6/LogSAD/dinov2/dinov2/layers/swiglu_ffn.py:43: UserWarning: xFormers is available (SwiGLU)
  warnings.warn("xFormers is available (SwiGLU)")
/home/gaya6/LogSAD/dinov2/dinov2/layers/attention.py:27: UserWarning: xFormers is available (Attention)
  warnings.warn("xFormers is available (Attention)")
/home/gaya6/LogSAD/dinov2/dinov2/layers/block.py:33: UserWarning: xFormers is available (Block)
  warnings.warn("xFormers is available (Block)")
['/mnt/dsc3032-gaya-shared/group6/datasets/MVTec_AD/leather/test/color/000.png'] 0.5979055166244507
['/mnt/dsc3032-gaya-shared/group6/datasets/MVTec_AD/leather/test/color/001.png'] 0.5844311118125916
['/mnt/dsc3032-gaya-shared/group6/datasets/MVTec_AD/leather/test/color/002.png'] 0.5587268471717834
['/mnt/dsc3032-gaya-shared/group6/datasets/MVTec_AD/leather/test/color/003.png'] 0.5296809673309326
['/mnt/dsc3032-gaya-shared/group6/datasets/MVTec_AD/leather/test/color/004.png'] 0.5434485673904419
['/mnt/dsc3032-gaya-shared/group6/datasets/MVTec_AD/leather/test/color/005.png'] 0.5688422918319702
['/mnt/dsc3032-gaya-shared/group6/datasets/MVTec_AD/leather/test/color/006.png'] 0.5645105838775635
['/mnt/dsc3032-gaya-shared/group6/datasets/MVTec_AD/leather/test/color/007.png'] 0.5714846849441528
['/mnt/dsc3032-gaya-shared/group6/datasets/MVTec_AD/leather/test/color/008.png'] 0.5958871245384216
['/mnt/dsc3032-gaya-shared/group6/datasets/MVTec_AD/leather/test/color/009.png'] 0.5900968313217163
['/mnt/dsc3032-gaya-shared/group6/datasets/MVTec_AD/leather/test/color/010.png'] 0.5722098350524902
['/mnt/dsc3032-gaya-shared/group6/datasets/MVTec_AD/leather/test/color/011.png'] 0.6093013286590576
['/mnt/dsc3032-gaya-shared/group6/datasets/MVTec_AD/leather/test/color/012.png'] 0.6199688911437988
['/mnt/dsc3032-gaya-shared/group6/datasets/MVTec_AD/leather/test/color/013.png'] 0.5694922208786011
['/mnt/dsc3032-gaya-shared/group6/datasets/MVTec_AD/leather/test/color/014.png'] 0.5436159372329712
['/mnt/dsc3032-gaya-shared/group6/datasets/MVTec_AD/leather/test/color/015.png'] 0.5926769971847534
['/mnt/dsc3032-gaya-shared/group6/datasets/MVTec_AD/leather/test/color/016.png'] 0.5428286790847778
['/mnt/dsc3032-gaya-shared/group6/datasets/MVTec_AD/leather/test/color/017.png'] 0.5989148020744324
['/mnt/dsc3032-gaya-shared/group6/datasets/MVTec_AD/leather/test/color/018.png'] 0.588447093963623
['/mnt/dsc3032-gaya-shared/group6/datasets/MVTec_AD/leather/test/cut/000.png'] 0.5896048545837402
['/mnt/dsc3032-gaya-shared/group6/datasets/MVTec_AD/leather/test/cut/001.png'] 0.5769650936126709
['/mnt/dsc3032-gaya-shared/group6/datasets/MVTec_AD/leather/test/cut/002.png'] 0.4435625672340393
['/mnt/dsc3032-gaya-shared/group6/datasets/MVTec_AD/leather/test/cut/003.png'] 0.6859748363494873
['/mnt/dsc3032-gaya-shared/group6/datasets/MVTec_AD/leather/test/cut/004.png'] 0.6014200448989868
['/mnt/dsc3032-gaya-shared/group6/datasets/MVTec_AD/leather/test/cut/005.png'] 0.5418818593025208
['/mnt/dsc3032-gaya-shared/group6/datasets/MVTec_AD/leather/test/cut/006.png'] 0.5542449951171875
['/mnt/dsc3032-gaya-shared/group6/datasets/MVTec_AD/leather/test/cut/007.png'] 0.6547711491584778
['/mnt/dsc3032-gaya-shared/group6/datasets/MVTec_AD/leather/test/cut/008.png'] 0.5897186994552612
['/mnt/dsc3032-gaya-shared/group6/datasets/MVTec_AD/leather/test/cut/009.png'] 0.5120688080787659
['/mnt/dsc3032-gaya-shared/group6/datasets/MVTec_AD/leather/test/cut/010.png'] 0.5069876909255981
['/mnt/dsc3032-gaya-shared/group6/datasets/MVTec_AD/leather/test/cut/011.png'] 0.4665064811706543
['/mnt/dsc3032-gaya-shared/group6/datasets/MVTec_AD/leather/test/cut/012.png'] 0.5434117913246155
['/mnt/dsc3032-gaya-shared/group6/datasets/MVTec_AD/leather/test/cut/013.png'] 0.49968594312667847
['/mnt/dsc3032-gaya-shared/group6/datasets/MVTec_AD/leather/test/cut/014.png'] 0.4696865975856781
['/mnt/dsc3032-gaya-shared/group6/datasets/MVTec_AD/leather/test/cut/015.png'] 0.5065253973007202
['/mnt/dsc3032-gaya-shared/group6/datasets/MVTec_AD/leather/test/cut/016.png'] 0.6240036487579346
['/mnt/dsc3032-gaya-shared/group6/datasets/MVTec_AD/leather/test/cut/017.png'] 0.5647952556610107
['/mnt/dsc3032-gaya-shared/group6/datasets/MVTec_AD/leather/test/cut/018.png'] 0.5921234488487244
['/mnt/dsc3032-gaya-shared/group6/datasets/MVTec_AD/leather/test/fold/000.png'] 0.5975009799003601
['/mnt/dsc3032-gaya-shared/group6/datasets/MVTec_AD/leather/test/fold/001.png'] 0.5088647603988647
['/mnt/dsc3032-gaya-shared/group6/datasets/MVTec_AD/leather/test/fold/002.png'] 0.5540950298309326
['/mnt/dsc3032-gaya-shared/group6/datasets/MVTec_AD/leather/test/fold/003.png'] 0.5184599161148071
['/mnt/dsc3032-gaya-shared/group6/datasets/MVTec_AD/leather/test/fold/004.png'] 0.5949409008026123
['/mnt/dsc3032-gaya-shared/group6/datasets/MVTec_AD/leather/test/fold/005.png'] 0.5477260947227478
['/mnt/dsc3032-gaya-shared/group6/datasets/MVTec_AD/leather/test/fold/006.png'] 0.5262064933776855
['/mnt/dsc3032-gaya-shared/group6/datasets/MVTec_AD/leather/test/fold/007.png'] 0.5370860695838928
['/mnt/dsc3032-gaya-shared/group6/datasets/MVTec_AD/leather/test/fold/008.png'] 0.5289298295974731
['/mnt/dsc3032-gaya-shared/group6/datasets/MVTec_AD/leather/test/fold/009.png'] 0.5386250019073486
['/mnt/dsc3032-gaya-shared/group6/datasets/MVTec_AD/leather/test/fold/010.png'] 0.468583345413208
['/mnt/dsc3032-gaya-shared/group6/datasets/MVTec_AD/leather/test/fold/011.png'] 0.5011323094367981
['/mnt/dsc3032-gaya-shared/group6/datasets/MVTec_AD/leather/test/fold/012.png'] 0.5265190005302429
['/mnt/dsc3032-gaya-shared/group6/datasets/MVTec_AD/leather/test/fold/013.png'] 0.39399799704551697
['/mnt/dsc3032-gaya-shared/group6/datasets/MVTec_AD/leather/test/fold/014.png'] 0.5989539623260498
['/mnt/dsc3032-gaya-shared/group6/datasets/MVTec_AD/leather/test/fold/015.png'] 0.5546975135803223
['/mnt/dsc3032-gaya-shared/group6/datasets/MVTec_AD/leather/test/fold/016.png'] 0.5172750949859619
['/mnt/dsc3032-gaya-shared/group6/datasets/MVTec_AD/leather/test/glue/000.png'] 0.6513739228248596
['/mnt/dsc3032-gaya-shared/group6/datasets/MVTec_AD/leather/test/glue/001.png'] 0.5213813781738281
['/mnt/dsc3032-gaya-shared/group6/datasets/MVTec_AD/leather/test/glue/002.png'] 0.6153278350830078
['/mnt/dsc3032-gaya-shared/group6/datasets/MVTec_AD/leather/test/glue/003.png'] 0.5984474420547485
['/mnt/dsc3032-gaya-shared/group6/datasets/MVTec_AD/leather/test/glue/004.png'] 0.44087058305740356
['/mnt/dsc3032-gaya-shared/group6/datasets/MVTec_AD/leather/test/glue/005.png'] 0.669886589050293
['/mnt/dsc3032-gaya-shared/group6/datasets/MVTec_AD/leather/test/glue/006.png'] 0.5874909162521362
['/mnt/dsc3032-gaya-shared/group6/datasets/MVTec_AD/leather/test/glue/007.png'] 0.5665532350540161
['/mnt/dsc3032-gaya-shared/group6/datasets/MVTec_AD/leather/test/glue/008.png'] 0.609108567237854
['/mnt/dsc3032-gaya-shared/group6/datasets/MVTec_AD/leather/test/glue/009.png'] 0.4961252212524414
['/mnt/dsc3032-gaya-shared/group6/datasets/MVTec_AD/leather/test/glue/010.png'] 0.41741377115249634
['/mnt/dsc3032-gaya-shared/group6/datasets/MVTec_AD/leather/test/glue/011.png'] 0.5329360961914062
['/mnt/dsc3032-gaya-shared/group6/datasets/MVTec_AD/leather/test/glue/012.png'] 0.5265922546386719
['/mnt/dsc3032-gaya-shared/group6/datasets/MVTec_AD/leather/test/glue/013.png'] 0.675723135471344
['/mnt/dsc3032-gaya-shared/group6/datasets/MVTec_AD/leather/test/glue/014.png'] 0.6612447500228882
['/mnt/dsc3032-gaya-shared/group6/datasets/MVTec_AD/leather/test/glue/015.png'] 0.6698653101921082
['/mnt/dsc3032-gaya-shared/group6/datasets/MVTec_AD/leather/test/glue/016.png'] 0.4796038866043091
['/mnt/dsc3032-gaya-shared/group6/datasets/MVTec_AD/leather/test/glue/017.png'] 0.5993794202804565
['/mnt/dsc3032-gaya-shared/group6/datasets/MVTec_AD/leather/test/glue/018.png'] 0.6199973821640015
['/mnt/dsc3032-gaya-shared/group6/datasets/MVTec_AD/leather/test/good/000.png'] 0.25443166494369507
['/mnt/dsc3032-gaya-shared/group6/datasets/MVTec_AD/leather/test/good/001.png'] 0.21671544015407562
['/mnt/dsc3032-gaya-shared/group6/datasets/MVTec_AD/leather/test/good/002.png'] 0.2185371071100235
['/mnt/dsc3032-gaya-shared/group6/datasets/MVTec_AD/leather/test/good/003.png'] 0.1870948076248169
['/mnt/dsc3032-gaya-shared/group6/datasets/MVTec_AD/leather/test/good/004.png'] 0.21939857304096222
['/mnt/dsc3032-gaya-shared/group6/datasets/MVTec_AD/leather/test/good/005.png'] 0.20781713724136353
['/mnt/dsc3032-gaya-shared/group6/datasets/MVTec_AD/leather/test/good/006.png'] 0.19689729809761047
['/mnt/dsc3032-gaya-shared/group6/datasets/MVTec_AD/leather/test/good/007.png'] 0.1935153305530548
['/mnt/dsc3032-gaya-shared/group6/datasets/MVTec_AD/leather/test/good/008.png'] 0.20290270447731018
['/mnt/dsc3032-gaya-shared/group6/datasets/MVTec_AD/leather/test/good/009.png'] 0.20159615576267242
['/mnt/dsc3032-gaya-shared/group6/datasets/MVTec_AD/leather/test/good/010.png'] 0.1889769732952118
['/mnt/dsc3032-gaya-shared/group6/datasets/MVTec_AD/leather/test/good/011.png'] 0.21124058961868286
['/mnt/dsc3032-gaya-shared/group6/datasets/MVTec_AD/leather/test/good/012.png'] 0.21203145384788513
['/mnt/dsc3032-gaya-shared/group6/datasets/MVTec_AD/leather/test/good/013.png'] 0.22422157227993011
['/mnt/dsc3032-gaya-shared/group6/datasets/MVTec_AD/leather/test/good/014.png'] 0.1909211277961731
['/mnt/dsc3032-gaya-shared/group6/datasets/MVTec_AD/leather/test/good/015.png'] 0.1936136931180954
['/mnt/dsc3032-gaya-shared/group6/datasets/MVTec_AD/leather/test/good/016.png'] 0.18870799243450165
['/mnt/dsc3032-gaya-shared/group6/datasets/MVTec_AD/leather/test/good/017.png'] 0.2036617249250412
['/mnt/dsc3032-gaya-shared/group6/datasets/MVTec_AD/leather/test/good/018.png'] 0.1979837417602539
['/mnt/dsc3032-gaya-shared/group6/datasets/MVTec_AD/leather/test/good/019.png'] 0.199250727891922
['/mnt/dsc3032-gaya-shared/group6/datasets/MVTec_AD/leather/test/good/020.png'] 0.1926058977842331
['/mnt/dsc3032-gaya-shared/group6/datasets/MVTec_AD/leather/test/good/021.png'] 0.1905185580253601
['/mnt/dsc3032-gaya-shared/group6/datasets/MVTec_AD/leather/test/good/022.png'] 0.1907496601343155
['/mnt/dsc3032-gaya-shared/group6/datasets/MVTec_AD/leather/test/good/023.png'] 0.18980485200881958
['/mnt/dsc3032-gaya-shared/group6/datasets/MVTec_AD/leather/test/good/024.png'] 0.24826465547084808
['/mnt/dsc3032-gaya-shared/group6/datasets/MVTec_AD/leather/test/good/025.png'] 0.2896481156349182
['/mnt/dsc3032-gaya-shared/group6/datasets/MVTec_AD/leather/test/good/026.png'] 0.19662153720855713
['/mnt/dsc3032-gaya-shared/group6/datasets/MVTec_AD/leather/test/good/027.png'] 0.17962825298309326
['/mnt/dsc3032-gaya-shared/group6/datasets/MVTec_AD/leather/test/good/028.png'] 0.22173479199409485
['/mnt/dsc3032-gaya-shared/group6/datasets/MVTec_AD/leather/test/good/029.png'] 0.21055211126804352
['/mnt/dsc3032-gaya-shared/group6/datasets/MVTec_AD/leather/test/good/030.png'] 0.37534821033477783
['/mnt/dsc3032-gaya-shared/group6/datasets/MVTec_AD/leather/test/good/031.png'] 0.2621476352214813
['/mnt/dsc3032-gaya-shared/group6/datasets/MVTec_AD/leather/test/poke/000.png'] 0.483946830034256
['/mnt/dsc3032-gaya-shared/group6/datasets/MVTec_AD/leather/test/poke/001.png'] 0.47948503494262695
['/mnt/dsc3032-gaya-shared/group6/datasets/MVTec_AD/leather/test/poke/002.png'] 0.4516178369522095
['/mnt/dsc3032-gaya-shared/group6/datasets/MVTec_AD/leather/test/poke/003.png'] 0.5498273372650146
['/mnt/dsc3032-gaya-shared/group6/datasets/MVTec_AD/leather/test/poke/004.png'] 0.5565803050994873
['/mnt/dsc3032-gaya-shared/group6/datasets/MVTec_AD/leather/test/poke/005.png'] 0.583604097366333
['/mnt/dsc3032-gaya-shared/group6/datasets/MVTec_AD/leather/test/poke/006.png'] 0.4447493553161621
['/mnt/dsc3032-gaya-shared/group6/datasets/MVTec_AD/leather/test/poke/007.png'] 0.5885895490646362
['/mnt/dsc3032-gaya-shared/group6/datasets/MVTec_AD/leather/test/poke/008.png'] 0.6332919597625732
['/mnt/dsc3032-gaya-shared/group6/datasets/MVTec_AD/leather/test/poke/009.png'] 0.6150804758071899
['/mnt/dsc3032-gaya-shared/group6/datasets/MVTec_AD/leather/test/poke/010.png'] 0.5387915372848511
['/mnt/dsc3032-gaya-shared/group6/datasets/MVTec_AD/leather/test/poke/011.png'] 0.6029989123344421
['/mnt/dsc3032-gaya-shared/group6/datasets/MVTec_AD/leather/test/poke/012.png'] 0.5630804300308228
['/mnt/dsc3032-gaya-shared/group6/datasets/MVTec_AD/leather/test/poke/013.png'] 0.5580927133560181
['/mnt/dsc3032-gaya-shared/group6/datasets/MVTec_AD/leather/test/poke/014.png'] 0.5321419835090637
['/mnt/dsc3032-gaya-shared/group6/datasets/MVTec_AD/leather/test/poke/015.png'] 0.5810861587524414
['/mnt/dsc3032-gaya-shared/group6/datasets/MVTec_AD/leather/test/poke/016.png'] 0.6025773286819458
['/mnt/dsc3032-gaya-shared/group6/datasets/MVTec_AD/leather/test/poke/017.png'] 0.559089183807373
26-06-02 17:38:46.642 - INFO: 
| category   |   K-shots |   F1-Max(image) |   AUROC(image) |   F1-Max(pixel) |   AUROC(pixel) |
|:-----------|----------:|----------------:|---------------:|----------------:|---------------:|
| leather    |         4 |             100 |            100 |           52.87 |          99.52 |
