/home/gaya6/LogSAD/dinov2/dinov2/layers/swiglu_ffn.py:43: UserWarning: xFormers is available (SwiGLU)
  warnings.warn("xFormers is available (SwiGLU)")
/home/gaya6/LogSAD/dinov2/dinov2/layers/attention.py:27: UserWarning: xFormers is available (Attention)
  warnings.warn("xFormers is available (Attention)")
/home/gaya6/LogSAD/dinov2/dinov2/layers/block.py:33: UserWarning: xFormers is available (Block)
  warnings.warn("xFormers is available (Block)")
['/mnt/dsc3032-gaya-shared/group6/datasets/MVTec_AD/metal_nut/test/bent/000.png'] 0.37538304924964905
['/mnt/dsc3032-gaya-shared/group6/datasets/MVTec_AD/metal_nut/test/bent/001.png'] 0.3572191894054413
['/mnt/dsc3032-gaya-shared/group6/datasets/MVTec_AD/metal_nut/test/bent/002.png'] 0.361403226852417
['/mnt/dsc3032-gaya-shared/group6/datasets/MVTec_AD/metal_nut/test/bent/003.png'] 0.39126306772232056
['/mnt/dsc3032-gaya-shared/group6/datasets/MVTec_AD/metal_nut/test/bent/004.png'] 0.31394386291503906
['/mnt/dsc3032-gaya-shared/group6/datasets/MVTec_AD/metal_nut/test/bent/005.png'] 0.4050406217575073
['/mnt/dsc3032-gaya-shared/group6/datasets/MVTec_AD/metal_nut/test/bent/006.png'] 0.3186231851577759
['/mnt/dsc3032-gaya-shared/group6/datasets/MVTec_AD/metal_nut/test/bent/007.png'] 0.30398327112197876
['/mnt/dsc3032-gaya-shared/group6/datasets/MVTec_AD/metal_nut/test/bent/008.png'] 0.4092245101928711
['/mnt/dsc3032-gaya-shared/group6/datasets/MVTec_AD/metal_nut/test/bent/009.png'] 0.3993273973464966
['/mnt/dsc3032-gaya-shared/group6/datasets/MVTec_AD/metal_nut/test/bent/010.png'] 0.4827667474746704
['/mnt/dsc3032-gaya-shared/group6/datasets/MVTec_AD/metal_nut/test/bent/011.png'] 0.4337800145149231
['/mnt/dsc3032-gaya-shared/group6/datasets/MVTec_AD/metal_nut/test/bent/012.png'] 0.39286988973617554
['/mnt/dsc3032-gaya-shared/group6/datasets/MVTec_AD/metal_nut/test/bent/013.png'] 0.3947897255420685
['/mnt/dsc3032-gaya-shared/group6/datasets/MVTec_AD/metal_nut/test/bent/014.png'] 0.33745276927948
['/mnt/dsc3032-gaya-shared/group6/datasets/MVTec_AD/metal_nut/test/bent/015.png'] 0.48245352506637573
['/mnt/dsc3032-gaya-shared/group6/datasets/MVTec_AD/metal_nut/test/bent/016.png'] 0.4127965569496155
['/mnt/dsc3032-gaya-shared/group6/datasets/MVTec_AD/metal_nut/test/bent/017.png'] 0.5185763239860535
['/mnt/dsc3032-gaya-shared/group6/datasets/MVTec_AD/metal_nut/test/bent/018.png'] 0.400712788105011
['/mnt/dsc3032-gaya-shared/group6/datasets/MVTec_AD/metal_nut/test/bent/019.png'] 0.3770992159843445
['/mnt/dsc3032-gaya-shared/group6/datasets/MVTec_AD/metal_nut/test/bent/020.png'] 0.46877142786979675
['/mnt/dsc3032-gaya-shared/group6/datasets/MVTec_AD/metal_nut/test/bent/021.png'] 0.40041008591651917
['/mnt/dsc3032-gaya-shared/group6/datasets/MVTec_AD/metal_nut/test/bent/022.png'] 0.29918330907821655
['/mnt/dsc3032-gaya-shared/group6/datasets/MVTec_AD/metal_nut/test/bent/023.png'] 0.4244449734687805
['/mnt/dsc3032-gaya-shared/group6/datasets/MVTec_AD/metal_nut/test/bent/024.png'] 0.41079723834991455
['/mnt/dsc3032-gaya-shared/group6/datasets/MVTec_AD/metal_nut/test/color/000.png'] 0.404140830039978
['/mnt/dsc3032-gaya-shared/group6/datasets/MVTec_AD/metal_nut/test/color/001.png'] 0.48306727409362793
['/mnt/dsc3032-gaya-shared/group6/datasets/MVTec_AD/metal_nut/test/color/002.png'] 0.5635707378387451
['/mnt/dsc3032-gaya-shared/group6/datasets/MVTec_AD/metal_nut/test/color/003.png'] 0.541343092918396
['/mnt/dsc3032-gaya-shared/group6/datasets/MVTec_AD/metal_nut/test/color/004.png'] 0.4600685238838196
['/mnt/dsc3032-gaya-shared/group6/datasets/MVTec_AD/metal_nut/test/color/005.png'] 0.48019593954086304
['/mnt/dsc3032-gaya-shared/group6/datasets/MVTec_AD/metal_nut/test/color/006.png'] 0.46737486124038696
['/mnt/dsc3032-gaya-shared/group6/datasets/MVTec_AD/metal_nut/test/color/007.png'] 0.40922313928604126
['/mnt/dsc3032-gaya-shared/group6/datasets/MVTec_AD/metal_nut/test/color/008.png'] 0.5096629858016968
['/mnt/dsc3032-gaya-shared/group6/datasets/MVTec_AD/metal_nut/test/color/009.png'] 0.5332842469215393
['/mnt/dsc3032-gaya-shared/group6/datasets/MVTec_AD/metal_nut/test/color/010.png'] 0.48680344223976135
['/mnt/dsc3032-gaya-shared/group6/datasets/MVTec_AD/metal_nut/test/color/011.png'] 0.5188807249069214
['/mnt/dsc3032-gaya-shared/group6/datasets/MVTec_AD/metal_nut/test/color/012.png'] 0.5222988724708557
['/mnt/dsc3032-gaya-shared/group6/datasets/MVTec_AD/metal_nut/test/color/013.png'] 0.5687031745910645
['/mnt/dsc3032-gaya-shared/group6/datasets/MVTec_AD/metal_nut/test/color/014.png'] 0.5440795421600342
['/mnt/dsc3032-gaya-shared/group6/datasets/MVTec_AD/metal_nut/test/color/015.png'] 0.5037482976913452
['/mnt/dsc3032-gaya-shared/group6/datasets/MVTec_AD/metal_nut/test/color/016.png'] 0.5234602093696594
['/mnt/dsc3032-gaya-shared/group6/datasets/MVTec_AD/metal_nut/test/color/017.png'] 0.5329878330230713
['/mnt/dsc3032-gaya-shared/group6/datasets/MVTec_AD/metal_nut/test/color/018.png'] 0.47710907459259033
['/mnt/dsc3032-gaya-shared/group6/datasets/MVTec_AD/metal_nut/test/color/019.png'] 0.5373495817184448
['/mnt/dsc3032-gaya-shared/group6/datasets/MVTec_AD/metal_nut/test/color/020.png'] 0.5357683897018433
['/mnt/dsc3032-gaya-shared/group6/datasets/MVTec_AD/metal_nut/test/color/021.png'] 0.4825214743614197
['/mnt/dsc3032-gaya-shared/group6/datasets/MVTec_AD/metal_nut/test/flip/000.png'] 0.36824944615364075
['/mnt/dsc3032-gaya-shared/group6/datasets/MVTec_AD/metal_nut/test/flip/001.png'] 0.36523866653442383
['/mnt/dsc3032-gaya-shared/group6/datasets/MVTec_AD/metal_nut/test/flip/002.png'] 0.3847445845603943
['/mnt/dsc3032-gaya-shared/group6/datasets/MVTec_AD/metal_nut/test/flip/003.png'] 0.38405635952949524
['/mnt/dsc3032-gaya-shared/group6/datasets/MVTec_AD/metal_nut/test/flip/004.png'] 0.3745128810405731
['/mnt/dsc3032-gaya-shared/group6/datasets/MVTec_AD/metal_nut/test/flip/005.png'] 0.35587143898010254
['/mnt/dsc3032-gaya-shared/group6/datasets/MVTec_AD/metal_nut/test/flip/006.png'] 0.3812376856803894
['/mnt/dsc3032-gaya-shared/group6/datasets/MVTec_AD/metal_nut/test/flip/007.png'] 0.3633909821510315
['/mnt/dsc3032-gaya-shared/group6/datasets/MVTec_AD/metal_nut/test/flip/008.png'] 0.3512800335884094
['/mnt/dsc3032-gaya-shared/group6/datasets/MVTec_AD/metal_nut/test/flip/009.png'] 0.41438254714012146
['/mnt/dsc3032-gaya-shared/group6/datasets/MVTec_AD/metal_nut/test/flip/010.png'] 0.36918875575065613
['/mnt/dsc3032-gaya-shared/group6/datasets/MVTec_AD/metal_nut/test/flip/011.png'] 0.3609679341316223
['/mnt/dsc3032-gaya-shared/group6/datasets/MVTec_AD/metal_nut/test/flip/012.png'] 0.34871265292167664
['/mnt/dsc3032-gaya-shared/group6/datasets/MVTec_AD/metal_nut/test/flip/013.png'] 0.3584405183792114
['/mnt/dsc3032-gaya-shared/group6/datasets/MVTec_AD/metal_nut/test/flip/014.png'] 0.3494269847869873
['/mnt/dsc3032-gaya-shared/group6/datasets/MVTec_AD/metal_nut/test/flip/015.png'] 0.3698204755783081
['/mnt/dsc3032-gaya-shared/group6/datasets/MVTec_AD/metal_nut/test/flip/016.png'] 0.35166019201278687
['/mnt/dsc3032-gaya-shared/group6/datasets/MVTec_AD/metal_nut/test/flip/017.png'] 0.4094654321670532
['/mnt/dsc3032-gaya-shared/group6/datasets/MVTec_AD/metal_nut/test/flip/018.png'] 0.3577501177787781
['/mnt/dsc3032-gaya-shared/group6/datasets/MVTec_AD/metal_nut/test/flip/019.png'] 0.3685905337333679
['/mnt/dsc3032-gaya-shared/group6/datasets/MVTec_AD/metal_nut/test/flip/020.png'] 0.3630097210407257
['/mnt/dsc3032-gaya-shared/group6/datasets/MVTec_AD/metal_nut/test/flip/021.png'] 0.3602631092071533
['/mnt/dsc3032-gaya-shared/group6/datasets/MVTec_AD/metal_nut/test/flip/022.png'] 0.39303842186927795
['/mnt/dsc3032-gaya-shared/group6/datasets/MVTec_AD/metal_nut/test/good/000.png'] 0.2596820890903473
['/mnt/dsc3032-gaya-shared/group6/datasets/MVTec_AD/metal_nut/test/good/001.png'] 0.23042193055152893
['/mnt/dsc3032-gaya-shared/group6/datasets/MVTec_AD/metal_nut/test/good/002.png'] 0.21705085039138794
['/mnt/dsc3032-gaya-shared/group6/datasets/MVTec_AD/metal_nut/test/good/003.png'] 0.23998233675956726
['/mnt/dsc3032-gaya-shared/group6/datasets/MVTec_AD/metal_nut/test/good/004.png'] 0.2634308636188507
['/mnt/dsc3032-gaya-shared/group6/datasets/MVTec_AD/metal_nut/test/good/005.png'] 0.253135085105896
['/mnt/dsc3032-gaya-shared/group6/datasets/MVTec_AD/metal_nut/test/good/006.png'] 0.23803670704364777
['/mnt/dsc3032-gaya-shared/group6/datasets/MVTec_AD/metal_nut/test/good/007.png'] 0.25483834743499756
['/mnt/dsc3032-gaya-shared/group6/datasets/MVTec_AD/metal_nut/test/good/008.png'] 0.23532910645008087
['/mnt/dsc3032-gaya-shared/group6/datasets/MVTec_AD/metal_nut/test/good/009.png'] 0.25044500827789307
['/mnt/dsc3032-gaya-shared/group6/datasets/MVTec_AD/metal_nut/test/good/010.png'] 0.2590015232563019
['/mnt/dsc3032-gaya-shared/group6/datasets/MVTec_AD/metal_nut/test/good/011.png'] 0.2523026168346405
['/mnt/dsc3032-gaya-shared/group6/datasets/MVTec_AD/metal_nut/test/good/012.png'] 0.24951349198818207
['/mnt/dsc3032-gaya-shared/group6/datasets/MVTec_AD/metal_nut/test/good/013.png'] 0.24596691131591797
['/mnt/dsc3032-gaya-shared/group6/datasets/MVTec_AD/metal_nut/test/good/014.png'] 0.23483353853225708
['/mnt/dsc3032-gaya-shared/group6/datasets/MVTec_AD/metal_nut/test/good/015.png'] 0.24534647166728973
['/mnt/dsc3032-gaya-shared/group6/datasets/MVTec_AD/metal_nut/test/good/016.png'] 0.26074403524398804
['/mnt/dsc3032-gaya-shared/group6/datasets/MVTec_AD/metal_nut/test/good/017.png'] 0.20907466113567352
['/mnt/dsc3032-gaya-shared/group6/datasets/MVTec_AD/metal_nut/test/good/018.png'] 0.2463238537311554
['/mnt/dsc3032-gaya-shared/group6/datasets/MVTec_AD/metal_nut/test/good/019.png'] 0.25312334299087524
['/mnt/dsc3032-gaya-shared/group6/datasets/MVTec_AD/metal_nut/test/good/020.png'] 0.2519236207008362
['/mnt/dsc3032-gaya-shared/group6/datasets/MVTec_AD/metal_nut/test/good/021.png'] 0.2108723670244217
['/mnt/dsc3032-gaya-shared/group6/datasets/MVTec_AD/metal_nut/test/scratch/000.png'] 0.390028715133667
['/mnt/dsc3032-gaya-shared/group6/datasets/MVTec_AD/metal_nut/test/scratch/001.png'] 0.4200705289840698
['/mnt/dsc3032-gaya-shared/group6/datasets/MVTec_AD/metal_nut/test/scratch/002.png'] 0.47150737047195435
['/mnt/dsc3032-gaya-shared/group6/datasets/MVTec_AD/metal_nut/test/scratch/003.png'] 0.3739696741104126
['/mnt/dsc3032-gaya-shared/group6/datasets/MVTec_AD/metal_nut/test/scratch/004.png'] 0.45752161741256714
['/mnt/dsc3032-gaya-shared/group6/datasets/MVTec_AD/metal_nut/test/scratch/005.png'] 0.4008488655090332
['/mnt/dsc3032-gaya-shared/group6/datasets/MVTec_AD/metal_nut/test/scratch/006.png'] 0.44314759969711304
['/mnt/dsc3032-gaya-shared/group6/datasets/MVTec_AD/metal_nut/test/scratch/007.png'] 0.3851062059402466
['/mnt/dsc3032-gaya-shared/group6/datasets/MVTec_AD/metal_nut/test/scratch/008.png'] 0.44060301780700684
['/mnt/dsc3032-gaya-shared/group6/datasets/MVTec_AD/metal_nut/test/scratch/009.png'] 0.3785513937473297
['/mnt/dsc3032-gaya-shared/group6/datasets/MVTec_AD/metal_nut/test/scratch/010.png'] 0.44897788763046265
['/mnt/dsc3032-gaya-shared/group6/datasets/MVTec_AD/metal_nut/test/scratch/011.png'] 0.4144946336746216
['/mnt/dsc3032-gaya-shared/group6/datasets/MVTec_AD/metal_nut/test/scratch/012.png'] 0.41231244802474976
['/mnt/dsc3032-gaya-shared/group6/datasets/MVTec_AD/metal_nut/test/scratch/013.png'] 0.380479633808136
['/mnt/dsc3032-gaya-shared/group6/datasets/MVTec_AD/metal_nut/test/scratch/014.png'] 0.3255258798599243
['/mnt/dsc3032-gaya-shared/group6/datasets/MVTec_AD/metal_nut/test/scratch/015.png'] 0.4234849512577057
['/mnt/dsc3032-gaya-shared/group6/datasets/MVTec_AD/metal_nut/test/scratch/016.png'] 0.4397569000720978
['/mnt/dsc3032-gaya-shared/group6/datasets/MVTec_AD/metal_nut/test/scratch/017.png'] 0.42446011304855347
['/mnt/dsc3032-gaya-shared/group6/datasets/MVTec_AD/metal_nut/test/scratch/018.png'] 0.373366117477417
['/mnt/dsc3032-gaya-shared/group6/datasets/MVTec_AD/metal_nut/test/scratch/019.png'] 0.4893680810928345
['/mnt/dsc3032-gaya-shared/group6/datasets/MVTec_AD/metal_nut/test/scratch/020.png'] 0.3413165211677551
['/mnt/dsc3032-gaya-shared/group6/datasets/MVTec_AD/metal_nut/test/scratch/021.png'] 0.5225042104721069
['/mnt/dsc3032-gaya-shared/group6/datasets/MVTec_AD/metal_nut/test/scratch/022.png'] 0.44405031204223633
26-06-02 17:39:40.942 - INFO: 
| category   |   K-shots |   F1-Max(image) |   AUROC(image) |   F1-Max(pixel) |   AUROC(pixel) |
|:-----------|----------:|----------------:|---------------:|----------------:|---------------:|
| metal_nut  |         4 |             100 |            100 |           85.66 |          97.96 |
