/home/gaya6/LogSAD/dinov2/dinov2/layers/swiglu_ffn.py:43: UserWarning: xFormers is available (SwiGLU)
  warnings.warn("xFormers is available (SwiGLU)")
/home/gaya6/LogSAD/dinov2/dinov2/layers/attention.py:27: UserWarning: xFormers is available (Attention)
  warnings.warn("xFormers is available (Attention)")
/home/gaya6/LogSAD/dinov2/dinov2/layers/block.py:33: UserWarning: xFormers is available (Block)
  warnings.warn("xFormers is available (Block)")
['/mnt/dsc3032-gaya-shared/group6/datasets/MVTec_AD/pill/test/color/000.png'] 0.2671484053134918
['/mnt/dsc3032-gaya-shared/group6/datasets/MVTec_AD/pill/test/color/001.png'] 0.4659215807914734
['/mnt/dsc3032-gaya-shared/group6/datasets/MVTec_AD/pill/test/color/002.png'] 0.3181542158126831
['/mnt/dsc3032-gaya-shared/group6/datasets/MVTec_AD/pill/test/color/003.png'] 0.47845855355262756
['/mnt/dsc3032-gaya-shared/group6/datasets/MVTec_AD/pill/test/color/004.png'] 0.46630287170410156
['/mnt/dsc3032-gaya-shared/group6/datasets/MVTec_AD/pill/test/color/005.png'] 0.37435173988342285
['/mnt/dsc3032-gaya-shared/group6/datasets/MVTec_AD/pill/test/color/006.png'] 0.3848152160644531
['/mnt/dsc3032-gaya-shared/group6/datasets/MVTec_AD/pill/test/color/007.png'] 0.2608017921447754
['/mnt/dsc3032-gaya-shared/group6/datasets/MVTec_AD/pill/test/color/008.png'] 0.47709575295448303
['/mnt/dsc3032-gaya-shared/group6/datasets/MVTec_AD/pill/test/color/009.png'] 0.4403706192970276
['/mnt/dsc3032-gaya-shared/group6/datasets/MVTec_AD/pill/test/color/010.png'] 0.40636932849884033
['/mnt/dsc3032-gaya-shared/group6/datasets/MVTec_AD/pill/test/color/011.png'] 0.4421631693840027
['/mnt/dsc3032-gaya-shared/group6/datasets/MVTec_AD/pill/test/color/012.png'] 0.43317946791648865
['/mnt/dsc3032-gaya-shared/group6/datasets/MVTec_AD/pill/test/color/013.png'] 0.4516270160675049
['/mnt/dsc3032-gaya-shared/group6/datasets/MVTec_AD/pill/test/color/014.png'] 0.35013049840927124
['/mnt/dsc3032-gaya-shared/group6/datasets/MVTec_AD/pill/test/color/015.png'] 0.42570146918296814
['/mnt/dsc3032-gaya-shared/group6/datasets/MVTec_AD/pill/test/color/016.png'] 0.3179062604904175
['/mnt/dsc3032-gaya-shared/group6/datasets/MVTec_AD/pill/test/color/017.png'] 0.275307834148407
['/mnt/dsc3032-gaya-shared/group6/datasets/MVTec_AD/pill/test/color/018.png'] 0.29908287525177
['/mnt/dsc3032-gaya-shared/group6/datasets/MVTec_AD/pill/test/color/019.png'] 0.2971157729625702
['/mnt/dsc3032-gaya-shared/group6/datasets/MVTec_AD/pill/test/color/020.png'] 0.3215174078941345
['/mnt/dsc3032-gaya-shared/group6/datasets/MVTec_AD/pill/test/color/021.png'] 0.3488238453865051
['/mnt/dsc3032-gaya-shared/group6/datasets/MVTec_AD/pill/test/color/022.png'] 0.5028787851333618
['/mnt/dsc3032-gaya-shared/group6/datasets/MVTec_AD/pill/test/color/023.png'] 0.47172945737838745
['/mnt/dsc3032-gaya-shared/group6/datasets/MVTec_AD/pill/test/color/024.png'] 0.35750702023506165
['/mnt/dsc3032-gaya-shared/group6/datasets/MVTec_AD/pill/test/combined/000.png'] 0.2988055348396301
['/mnt/dsc3032-gaya-shared/group6/datasets/MVTec_AD/pill/test/combined/001.png'] 0.33705294132232666
['/mnt/dsc3032-gaya-shared/group6/datasets/MVTec_AD/pill/test/combined/002.png'] 0.48798757791519165
['/mnt/dsc3032-gaya-shared/group6/datasets/MVTec_AD/pill/test/combined/003.png'] 0.43238016963005066
['/mnt/dsc3032-gaya-shared/group6/datasets/MVTec_AD/pill/test/combined/004.png'] 0.3773154616355896
['/mnt/dsc3032-gaya-shared/group6/datasets/MVTec_AD/pill/test/combined/005.png'] 0.3935792148113251
['/mnt/dsc3032-gaya-shared/group6/datasets/MVTec_AD/pill/test/combined/006.png'] 0.2948080599308014
['/mnt/dsc3032-gaya-shared/group6/datasets/MVTec_AD/pill/test/combined/007.png'] 0.29250285029411316
['/mnt/dsc3032-gaya-shared/group6/datasets/MVTec_AD/pill/test/combined/008.png'] 0.39398545026779175
['/mnt/dsc3032-gaya-shared/group6/datasets/MVTec_AD/pill/test/combined/009.png'] 0.49167248606681824
['/mnt/dsc3032-gaya-shared/group6/datasets/MVTec_AD/pill/test/combined/010.png'] 0.3980562686920166
['/mnt/dsc3032-gaya-shared/group6/datasets/MVTec_AD/pill/test/combined/011.png'] 0.3753625750541687
['/mnt/dsc3032-gaya-shared/group6/datasets/MVTec_AD/pill/test/combined/012.png'] 0.3873918652534485
['/mnt/dsc3032-gaya-shared/group6/datasets/MVTec_AD/pill/test/combined/013.png'] 0.32420051097869873
['/mnt/dsc3032-gaya-shared/group6/datasets/MVTec_AD/pill/test/combined/014.png'] 0.5154682397842407
['/mnt/dsc3032-gaya-shared/group6/datasets/MVTec_AD/pill/test/combined/015.png'] 0.3243909180164337
['/mnt/dsc3032-gaya-shared/group6/datasets/MVTec_AD/pill/test/combined/016.png'] 0.3650907278060913
['/mnt/dsc3032-gaya-shared/group6/datasets/MVTec_AD/pill/test/contamination/000.png'] 0.3194301724433899
['/mnt/dsc3032-gaya-shared/group6/datasets/MVTec_AD/pill/test/contamination/001.png'] 0.2767772674560547
['/mnt/dsc3032-gaya-shared/group6/datasets/MVTec_AD/pill/test/contamination/002.png'] 0.37598156929016113
['/mnt/dsc3032-gaya-shared/group6/datasets/MVTec_AD/pill/test/contamination/003.png'] 0.442851722240448
['/mnt/dsc3032-gaya-shared/group6/datasets/MVTec_AD/pill/test/contamination/004.png'] 0.2743837237358093
['/mnt/dsc3032-gaya-shared/group6/datasets/MVTec_AD/pill/test/contamination/005.png'] 0.31031113862991333
['/mnt/dsc3032-gaya-shared/group6/datasets/MVTec_AD/pill/test/contamination/006.png'] 0.3022889494895935
['/mnt/dsc3032-gaya-shared/group6/datasets/MVTec_AD/pill/test/contamination/007.png'] 0.4258502125740051
['/mnt/dsc3032-gaya-shared/group6/datasets/MVTec_AD/pill/test/contamination/008.png'] 0.2947041392326355
['/mnt/dsc3032-gaya-shared/group6/datasets/MVTec_AD/pill/test/contamination/009.png'] 0.26457691192626953
['/mnt/dsc3032-gaya-shared/group6/datasets/MVTec_AD/pill/test/contamination/010.png'] 0.3782331347465515
['/mnt/dsc3032-gaya-shared/group6/datasets/MVTec_AD/pill/test/contamination/011.png'] 0.4130004346370697
['/mnt/dsc3032-gaya-shared/group6/datasets/MVTec_AD/pill/test/contamination/012.png'] 0.3528329133987427
['/mnt/dsc3032-gaya-shared/group6/datasets/MVTec_AD/pill/test/contamination/013.png'] 0.2871847152709961
['/mnt/dsc3032-gaya-shared/group6/datasets/MVTec_AD/pill/test/contamination/014.png'] 0.34657615423202515
['/mnt/dsc3032-gaya-shared/group6/datasets/MVTec_AD/pill/test/contamination/015.png'] 0.4437383711338043
['/mnt/dsc3032-gaya-shared/group6/datasets/MVTec_AD/pill/test/contamination/016.png'] 0.36315688490867615
['/mnt/dsc3032-gaya-shared/group6/datasets/MVTec_AD/pill/test/contamination/017.png'] 0.36274394392967224
['/mnt/dsc3032-gaya-shared/group6/datasets/MVTec_AD/pill/test/contamination/018.png'] 0.3804663419723511
['/mnt/dsc3032-gaya-shared/group6/datasets/MVTec_AD/pill/test/contamination/019.png'] 0.3259759247303009
['/mnt/dsc3032-gaya-shared/group6/datasets/MVTec_AD/pill/test/contamination/020.png'] 0.23355741798877716
['/mnt/dsc3032-gaya-shared/group6/datasets/MVTec_AD/pill/test/crack/000.png'] 0.25373220443725586
['/mnt/dsc3032-gaya-shared/group6/datasets/MVTec_AD/pill/test/crack/001.png'] 0.22089970111846924
['/mnt/dsc3032-gaya-shared/group6/datasets/MVTec_AD/pill/test/crack/002.png'] 0.32596421241760254
['/mnt/dsc3032-gaya-shared/group6/datasets/MVTec_AD/pill/test/crack/003.png'] 0.2087419033050537
['/mnt/dsc3032-gaya-shared/group6/datasets/MVTec_AD/pill/test/crack/004.png'] 0.29573923349380493
['/mnt/dsc3032-gaya-shared/group6/datasets/MVTec_AD/pill/test/crack/005.png'] 0.3795202374458313
['/mnt/dsc3032-gaya-shared/group6/datasets/MVTec_AD/pill/test/crack/006.png'] 0.24570395052433014
['/mnt/dsc3032-gaya-shared/group6/datasets/MVTec_AD/pill/test/crack/007.png'] 0.23111490905284882
['/mnt/dsc3032-gaya-shared/group6/datasets/MVTec_AD/pill/test/crack/008.png'] 0.25851672887802124
['/mnt/dsc3032-gaya-shared/group6/datasets/MVTec_AD/pill/test/crack/009.png'] 0.3378179371356964
['/mnt/dsc3032-gaya-shared/group6/datasets/MVTec_AD/pill/test/crack/010.png'] 0.29624372720718384
['/mnt/dsc3032-gaya-shared/group6/datasets/MVTec_AD/pill/test/crack/011.png'] 0.34167951345443726
['/mnt/dsc3032-gaya-shared/group6/datasets/MVTec_AD/pill/test/crack/012.png'] 0.2631847858428955
['/mnt/dsc3032-gaya-shared/group6/datasets/MVTec_AD/pill/test/crack/013.png'] 0.20414598286151886
['/mnt/dsc3032-gaya-shared/group6/datasets/MVTec_AD/pill/test/crack/014.png'] 0.2439594268798828
['/mnt/dsc3032-gaya-shared/group6/datasets/MVTec_AD/pill/test/crack/015.png'] 0.23870986700057983
['/mnt/dsc3032-gaya-shared/group6/datasets/MVTec_AD/pill/test/crack/016.png'] 0.2931435704231262
['/mnt/dsc3032-gaya-shared/group6/datasets/MVTec_AD/pill/test/crack/017.png'] 0.34497150778770447
['/mnt/dsc3032-gaya-shared/group6/datasets/MVTec_AD/pill/test/crack/018.png'] 0.3183477520942688
['/mnt/dsc3032-gaya-shared/group6/datasets/MVTec_AD/pill/test/crack/019.png'] 0.30454277992248535
['/mnt/dsc3032-gaya-shared/group6/datasets/MVTec_AD/pill/test/crack/020.png'] 0.27387893199920654
['/mnt/dsc3032-gaya-shared/group6/datasets/MVTec_AD/pill/test/crack/021.png'] 0.2750598192214966
['/mnt/dsc3032-gaya-shared/group6/datasets/MVTec_AD/pill/test/crack/022.png'] 0.2953950762748718
['/mnt/dsc3032-gaya-shared/group6/datasets/MVTec_AD/pill/test/crack/023.png'] 0.3443967401981354
['/mnt/dsc3032-gaya-shared/group6/datasets/MVTec_AD/pill/test/crack/024.png'] 0.22900187969207764
['/mnt/dsc3032-gaya-shared/group6/datasets/MVTec_AD/pill/test/crack/025.png'] 0.2988109588623047
['/mnt/dsc3032-gaya-shared/group6/datasets/MVTec_AD/pill/test/faulty_imprint/000.png'] 0.2799409329891205
['/mnt/dsc3032-gaya-shared/group6/datasets/MVTec_AD/pill/test/faulty_imprint/001.png'] 0.25966233015060425
['/mnt/dsc3032-gaya-shared/group6/datasets/MVTec_AD/pill/test/faulty_imprint/002.png'] 0.26035887002944946
['/mnt/dsc3032-gaya-shared/group6/datasets/MVTec_AD/pill/test/faulty_imprint/003.png'] 0.23308584094047546
['/mnt/dsc3032-gaya-shared/group6/datasets/MVTec_AD/pill/test/faulty_imprint/004.png'] 0.3042469024658203
['/mnt/dsc3032-gaya-shared/group6/datasets/MVTec_AD/pill/test/faulty_imprint/005.png'] 0.3500451147556305
['/mnt/dsc3032-gaya-shared/group6/datasets/MVTec_AD/pill/test/faulty_imprint/006.png'] 0.35016393661499023
['/mnt/dsc3032-gaya-shared/group6/datasets/MVTec_AD/pill/test/faulty_imprint/007.png'] 0.37640923261642456
['/mnt/dsc3032-gaya-shared/group6/datasets/MVTec_AD/pill/test/faulty_imprint/008.png'] 0.3386925756931305
['/mnt/dsc3032-gaya-shared/group6/datasets/MVTec_AD/pill/test/faulty_imprint/009.png'] 0.2741233706474304
['/mnt/dsc3032-gaya-shared/group6/datasets/MVTec_AD/pill/test/faulty_imprint/010.png'] 0.3693709969520569
['/mnt/dsc3032-gaya-shared/group6/datasets/MVTec_AD/pill/test/faulty_imprint/011.png'] 0.3055192828178406
['/mnt/dsc3032-gaya-shared/group6/datasets/MVTec_AD/pill/test/faulty_imprint/012.png'] 0.2591612935066223
['/mnt/dsc3032-gaya-shared/group6/datasets/MVTec_AD/pill/test/faulty_imprint/013.png'] 0.2792169153690338
['/mnt/dsc3032-gaya-shared/group6/datasets/MVTec_AD/pill/test/faulty_imprint/014.png'] 0.31286537647247314
['/mnt/dsc3032-gaya-shared/group6/datasets/MVTec_AD/pill/test/faulty_imprint/015.png'] 0.30259543657302856
['/mnt/dsc3032-gaya-shared/group6/datasets/MVTec_AD/pill/test/faulty_imprint/016.png'] 0.35257619619369507
['/mnt/dsc3032-gaya-shared/group6/datasets/MVTec_AD/pill/test/faulty_imprint/017.png'] 0.2950590252876282
['/mnt/dsc3032-gaya-shared/group6/datasets/MVTec_AD/pill/test/faulty_imprint/018.png'] 0.31247252225875854
['/mnt/dsc3032-gaya-shared/group6/datasets/MVTec_AD/pill/test/good/000.png'] 0.19720719754695892
['/mnt/dsc3032-gaya-shared/group6/datasets/MVTec_AD/pill/test/good/001.png'] 0.24117344617843628
['/mnt/dsc3032-gaya-shared/group6/datasets/MVTec_AD/pill/test/good/002.png'] 0.18147249519824982
['/mnt/dsc3032-gaya-shared/group6/datasets/MVTec_AD/pill/test/good/003.png'] 0.1587807536125183
['/mnt/dsc3032-gaya-shared/group6/datasets/MVTec_AD/pill/test/good/004.png'] 0.18066419661045074
['/mnt/dsc3032-gaya-shared/group6/datasets/MVTec_AD/pill/test/good/005.png'] 0.21046186983585358
['/mnt/dsc3032-gaya-shared/group6/datasets/MVTec_AD/pill/test/good/006.png'] 0.30139634013175964
['/mnt/dsc3032-gaya-shared/group6/datasets/MVTec_AD/pill/test/good/007.png'] 0.21156246960163116
['/mnt/dsc3032-gaya-shared/group6/datasets/MVTec_AD/pill/test/good/008.png'] 0.2002122402191162
['/mnt/dsc3032-gaya-shared/group6/datasets/MVTec_AD/pill/test/good/009.png'] 0.21234706044197083
['/mnt/dsc3032-gaya-shared/group6/datasets/MVTec_AD/pill/test/good/010.png'] 0.1869553178548813
['/mnt/dsc3032-gaya-shared/group6/datasets/MVTec_AD/pill/test/good/011.png'] 0.220195472240448
['/mnt/dsc3032-gaya-shared/group6/datasets/MVTec_AD/pill/test/good/012.png'] 0.2301914393901825
['/mnt/dsc3032-gaya-shared/group6/datasets/MVTec_AD/pill/test/good/013.png'] 0.18315760791301727
['/mnt/dsc3032-gaya-shared/group6/datasets/MVTec_AD/pill/test/good/014.png'] 0.23662595450878143
['/mnt/dsc3032-gaya-shared/group6/datasets/MVTec_AD/pill/test/good/015.png'] 0.18597884476184845
['/mnt/dsc3032-gaya-shared/group6/datasets/MVTec_AD/pill/test/good/016.png'] 0.2163429856300354
['/mnt/dsc3032-gaya-shared/group6/datasets/MVTec_AD/pill/test/good/017.png'] 0.2868451476097107
['/mnt/dsc3032-gaya-shared/group6/datasets/MVTec_AD/pill/test/good/018.png'] 0.21949520707130432
['/mnt/dsc3032-gaya-shared/group6/datasets/MVTec_AD/pill/test/good/019.png'] 0.3488160967826843
['/mnt/dsc3032-gaya-shared/group6/datasets/MVTec_AD/pill/test/good/020.png'] 0.17676036059856415
['/mnt/dsc3032-gaya-shared/group6/datasets/MVTec_AD/pill/test/good/021.png'] 0.19678252935409546
['/mnt/dsc3032-gaya-shared/group6/datasets/MVTec_AD/pill/test/good/022.png'] 0.22548475861549377
['/mnt/dsc3032-gaya-shared/group6/datasets/MVTec_AD/pill/test/good/023.png'] 0.2279377281665802
['/mnt/dsc3032-gaya-shared/group6/datasets/MVTec_AD/pill/test/good/024.png'] 0.2632448673248291
['/mnt/dsc3032-gaya-shared/group6/datasets/MVTec_AD/pill/test/good/025.png'] 0.17712128162384033
['/mnt/dsc3032-gaya-shared/group6/datasets/MVTec_AD/pill/test/pill_type/000.png'] 0.4712604880332947
['/mnt/dsc3032-gaya-shared/group6/datasets/MVTec_AD/pill/test/pill_type/001.png'] 0.45799681544303894
['/mnt/dsc3032-gaya-shared/group6/datasets/MVTec_AD/pill/test/pill_type/002.png'] 0.405254602432251
['/mnt/dsc3032-gaya-shared/group6/datasets/MVTec_AD/pill/test/pill_type/003.png'] 0.4155520498752594
['/mnt/dsc3032-gaya-shared/group6/datasets/MVTec_AD/pill/test/pill_type/004.png'] 0.40379029512405396
['/mnt/dsc3032-gaya-shared/group6/datasets/MVTec_AD/pill/test/pill_type/005.png'] 0.42488327622413635
['/mnt/dsc3032-gaya-shared/group6/datasets/MVTec_AD/pill/test/pill_type/006.png'] 0.47775042057037354
['/mnt/dsc3032-gaya-shared/group6/datasets/MVTec_AD/pill/test/pill_type/007.png'] 0.3974354863166809
['/mnt/dsc3032-gaya-shared/group6/datasets/MVTec_AD/pill/test/pill_type/008.png'] 0.42029622197151184
['/mnt/dsc3032-gaya-shared/group6/datasets/MVTec_AD/pill/test/scratch/000.png'] 0.2828676104545593
['/mnt/dsc3032-gaya-shared/group6/datasets/MVTec_AD/pill/test/scratch/001.png'] 0.2756894826889038
['/mnt/dsc3032-gaya-shared/group6/datasets/MVTec_AD/pill/test/scratch/002.png'] 0.35226476192474365
['/mnt/dsc3032-gaya-shared/group6/datasets/MVTec_AD/pill/test/scratch/003.png'] 0.2967485189437866
['/mnt/dsc3032-gaya-shared/group6/datasets/MVTec_AD/pill/test/scratch/004.png'] 0.31011664867401123
['/mnt/dsc3032-gaya-shared/group6/datasets/MVTec_AD/pill/test/scratch/005.png'] 0.2957598567008972
['/mnt/dsc3032-gaya-shared/group6/datasets/MVTec_AD/pill/test/scratch/006.png'] 0.3592326045036316
['/mnt/dsc3032-gaya-shared/group6/datasets/MVTec_AD/pill/test/scratch/007.png'] 0.31676483154296875
['/mnt/dsc3032-gaya-shared/group6/datasets/MVTec_AD/pill/test/scratch/008.png'] 0.3177664875984192
['/mnt/dsc3032-gaya-shared/group6/datasets/MVTec_AD/pill/test/scratch/009.png'] 0.3669241666793823
['/mnt/dsc3032-gaya-shared/group6/datasets/MVTec_AD/pill/test/scratch/010.png'] 0.3733096122741699
['/mnt/dsc3032-gaya-shared/group6/datasets/MVTec_AD/pill/test/scratch/011.png'] 0.3206655979156494
['/mnt/dsc3032-gaya-shared/group6/datasets/MVTec_AD/pill/test/scratch/012.png'] 0.3347814679145813
['/mnt/dsc3032-gaya-shared/group6/datasets/MVTec_AD/pill/test/scratch/013.png'] 0.39885956048965454
['/mnt/dsc3032-gaya-shared/group6/datasets/MVTec_AD/pill/test/scratch/014.png'] 0.3930303156375885
['/mnt/dsc3032-gaya-shared/group6/datasets/MVTec_AD/pill/test/scratch/015.png'] 0.33026576042175293
['/mnt/dsc3032-gaya-shared/group6/datasets/MVTec_AD/pill/test/scratch/016.png'] 0.3159114122390747
['/mnt/dsc3032-gaya-shared/group6/datasets/MVTec_AD/pill/test/scratch/017.png'] 0.2906064987182617
['/mnt/dsc3032-gaya-shared/group6/datasets/MVTec_AD/pill/test/scratch/018.png'] 0.3612973093986511
['/mnt/dsc3032-gaya-shared/group6/datasets/MVTec_AD/pill/test/scratch/019.png'] 0.35648471117019653
['/mnt/dsc3032-gaya-shared/group6/datasets/MVTec_AD/pill/test/scratch/020.png'] 0.39947956800460815
['/mnt/dsc3032-gaya-shared/group6/datasets/MVTec_AD/pill/test/scratch/021.png'] 0.4200614392757416
['/mnt/dsc3032-gaya-shared/group6/datasets/MVTec_AD/pill/test/scratch/022.png'] 0.3398657441139221
['/mnt/dsc3032-gaya-shared/group6/datasets/MVTec_AD/pill/test/scratch/023.png'] 0.3708851635456085
26-06-02 17:40:48.935 - INFO: 
| category   |   K-shots |   F1-Max(image) |   AUROC(image) |   F1-Max(pixel) |   AUROC(pixel) |
|:-----------|----------:|----------------:|---------------:|----------------:|---------------:|
| pill       |         4 |            96.5 |          94.41 |           68.56 |          96.79 |
