/home/gaya6/LogSAD/dinov2/dinov2/layers/swiglu_ffn.py:43: UserWarning: xFormers is available (SwiGLU)
  warnings.warn("xFormers is available (SwiGLU)")
/home/gaya6/LogSAD/dinov2/dinov2/layers/attention.py:27: UserWarning: xFormers is available (Attention)
  warnings.warn("xFormers is available (Attention)")
/home/gaya6/LogSAD/dinov2/dinov2/layers/block.py:33: UserWarning: xFormers is available (Block)
  warnings.warn("xFormers is available (Block)")
['/mnt/dsc3032-gaya-shared/group6/datasets/MVTec_AD/screw/test/good/000.png'] 0.368366539478302
['/mnt/dsc3032-gaya-shared/group6/datasets/MVTec_AD/screw/test/good/001.png'] 0.24087435007095337
['/mnt/dsc3032-gaya-shared/group6/datasets/MVTec_AD/screw/test/good/002.png'] 0.2533787488937378
['/mnt/dsc3032-gaya-shared/group6/datasets/MVTec_AD/screw/test/good/003.png'] 0.21310335397720337
['/mnt/dsc3032-gaya-shared/group6/datasets/MVTec_AD/screw/test/good/004.png'] 0.34637853503227234
['/mnt/dsc3032-gaya-shared/group6/datasets/MVTec_AD/screw/test/good/005.png'] 0.3754439949989319
['/mnt/dsc3032-gaya-shared/group6/datasets/MVTec_AD/screw/test/good/006.png'] 0.36801955103874207
['/mnt/dsc3032-gaya-shared/group6/datasets/MVTec_AD/screw/test/good/007.png'] 0.19436928629875183
['/mnt/dsc3032-gaya-shared/group6/datasets/MVTec_AD/screw/test/good/008.png'] 0.2642621397972107
['/mnt/dsc3032-gaya-shared/group6/datasets/MVTec_AD/screw/test/good/009.png'] 0.3526991009712219
['/mnt/dsc3032-gaya-shared/group6/datasets/MVTec_AD/screw/test/good/010.png'] 0.2371106743812561
['/mnt/dsc3032-gaya-shared/group6/datasets/MVTec_AD/screw/test/good/011.png'] 0.27357620000839233
['/mnt/dsc3032-gaya-shared/group6/datasets/MVTec_AD/screw/test/good/012.png'] 0.22198082506656647
['/mnt/dsc3032-gaya-shared/group6/datasets/MVTec_AD/screw/test/good/013.png'] 0.22549106180667877
['/mnt/dsc3032-gaya-shared/group6/datasets/MVTec_AD/screw/test/good/014.png'] 0.35036522150039673
['/mnt/dsc3032-gaya-shared/group6/datasets/MVTec_AD/screw/test/good/015.png'] 0.3503188192844391
['/mnt/dsc3032-gaya-shared/group6/datasets/MVTec_AD/screw/test/good/016.png'] 0.34715309739112854
['/mnt/dsc3032-gaya-shared/group6/datasets/MVTec_AD/screw/test/good/017.png'] 0.3029608130455017
['/mnt/dsc3032-gaya-shared/group6/datasets/MVTec_AD/screw/test/good/018.png'] 0.19140362739562988
['/mnt/dsc3032-gaya-shared/group6/datasets/MVTec_AD/screw/test/good/019.png'] 0.2752477526664734
['/mnt/dsc3032-gaya-shared/group6/datasets/MVTec_AD/screw/test/good/020.png'] 0.33055514097213745
['/mnt/dsc3032-gaya-shared/group6/datasets/MVTec_AD/screw/test/good/021.png'] 0.2059767246246338
['/mnt/dsc3032-gaya-shared/group6/datasets/MVTec_AD/screw/test/good/022.png'] 0.3184344470500946
['/mnt/dsc3032-gaya-shared/group6/datasets/MVTec_AD/screw/test/good/023.png'] 0.3718602657318115
['/mnt/dsc3032-gaya-shared/group6/datasets/MVTec_AD/screw/test/good/024.png'] 0.2865798771381378
['/mnt/dsc3032-gaya-shared/group6/datasets/MVTec_AD/screw/test/good/025.png'] 0.3346622586250305
['/mnt/dsc3032-gaya-shared/group6/datasets/MVTec_AD/screw/test/good/026.png'] 0.2035055309534073
['/mnt/dsc3032-gaya-shared/group6/datasets/MVTec_AD/screw/test/good/027.png'] 0.2566567063331604
['/mnt/dsc3032-gaya-shared/group6/datasets/MVTec_AD/screw/test/good/028.png'] 0.35855603218078613
['/mnt/dsc3032-gaya-shared/group6/datasets/MVTec_AD/screw/test/good/029.png'] 0.3334271311759949
['/mnt/dsc3032-gaya-shared/group6/datasets/MVTec_AD/screw/test/good/030.png'] 0.2829362154006958
['/mnt/dsc3032-gaya-shared/group6/datasets/MVTec_AD/screw/test/good/031.png'] 0.24172398447990417
['/mnt/dsc3032-gaya-shared/group6/datasets/MVTec_AD/screw/test/good/032.png'] 0.3550969064235687
['/mnt/dsc3032-gaya-shared/group6/datasets/MVTec_AD/screw/test/good/033.png'] 0.2044670432806015
['/mnt/dsc3032-gaya-shared/group6/datasets/MVTec_AD/screw/test/good/034.png'] 0.33986496925354004
['/mnt/dsc3032-gaya-shared/group6/datasets/MVTec_AD/screw/test/good/035.png'] 0.30463987588882446
['/mnt/dsc3032-gaya-shared/group6/datasets/MVTec_AD/screw/test/good/036.png'] 0.34977608919143677
['/mnt/dsc3032-gaya-shared/group6/datasets/MVTec_AD/screw/test/good/037.png'] 0.2915152609348297
['/mnt/dsc3032-gaya-shared/group6/datasets/MVTec_AD/screw/test/good/038.png'] 0.1921437680721283
['/mnt/dsc3032-gaya-shared/group6/datasets/MVTec_AD/screw/test/good/039.png'] 0.20982670783996582
['/mnt/dsc3032-gaya-shared/group6/datasets/MVTec_AD/screw/test/good/040.png'] 0.3427889347076416
['/mnt/dsc3032-gaya-shared/group6/datasets/MVTec_AD/screw/test/manipulated_front/000.png'] 0.2420196384191513
['/mnt/dsc3032-gaya-shared/group6/datasets/MVTec_AD/screw/test/manipulated_front/001.png'] 0.35556110739707947
['/mnt/dsc3032-gaya-shared/group6/datasets/MVTec_AD/screw/test/manipulated_front/002.png'] 0.25652188062667847
['/mnt/dsc3032-gaya-shared/group6/datasets/MVTec_AD/screw/test/manipulated_front/003.png'] 0.43096551299095154
['/mnt/dsc3032-gaya-shared/group6/datasets/MVTec_AD/screw/test/manipulated_front/004.png'] 0.344316691160202
['/mnt/dsc3032-gaya-shared/group6/datasets/MVTec_AD/screw/test/manipulated_front/005.png'] 0.3525949716567993
['/mnt/dsc3032-gaya-shared/group6/datasets/MVTec_AD/screw/test/manipulated_front/006.png'] 0.30283433198928833
['/mnt/dsc3032-gaya-shared/group6/datasets/MVTec_AD/screw/test/manipulated_front/007.png'] 0.39747196435928345
['/mnt/dsc3032-gaya-shared/group6/datasets/MVTec_AD/screw/test/manipulated_front/008.png'] 0.3678478002548218
['/mnt/dsc3032-gaya-shared/group6/datasets/MVTec_AD/screw/test/manipulated_front/009.png'] 0.3506433963775635
['/mnt/dsc3032-gaya-shared/group6/datasets/MVTec_AD/screw/test/manipulated_front/010.png'] 0.2947688102722168
['/mnt/dsc3032-gaya-shared/group6/datasets/MVTec_AD/screw/test/manipulated_front/011.png'] 0.24702291190624237
['/mnt/dsc3032-gaya-shared/group6/datasets/MVTec_AD/screw/test/manipulated_front/012.png'] 0.2535363435745239
['/mnt/dsc3032-gaya-shared/group6/datasets/MVTec_AD/screw/test/manipulated_front/013.png'] 0.3756972551345825
['/mnt/dsc3032-gaya-shared/group6/datasets/MVTec_AD/screw/test/manipulated_front/014.png'] 0.3292818069458008
['/mnt/dsc3032-gaya-shared/group6/datasets/MVTec_AD/screw/test/manipulated_front/015.png'] 0.37942570447921753
['/mnt/dsc3032-gaya-shared/group6/datasets/MVTec_AD/screw/test/manipulated_front/016.png'] 0.39054813981056213
['/mnt/dsc3032-gaya-shared/group6/datasets/MVTec_AD/screw/test/manipulated_front/017.png'] 0.28507736325263977
['/mnt/dsc3032-gaya-shared/group6/datasets/MVTec_AD/screw/test/manipulated_front/018.png'] 0.3269210755825043
['/mnt/dsc3032-gaya-shared/group6/datasets/MVTec_AD/screw/test/manipulated_front/019.png'] 0.37373629212379456
['/mnt/dsc3032-gaya-shared/group6/datasets/MVTec_AD/screw/test/manipulated_front/020.png'] 0.2486133873462677
['/mnt/dsc3032-gaya-shared/group6/datasets/MVTec_AD/screw/test/manipulated_front/021.png'] 0.2875725328922272
['/mnt/dsc3032-gaya-shared/group6/datasets/MVTec_AD/screw/test/manipulated_front/022.png'] 0.34787970781326294
['/mnt/dsc3032-gaya-shared/group6/datasets/MVTec_AD/screw/test/manipulated_front/023.png'] 0.31019729375839233
['/mnt/dsc3032-gaya-shared/group6/datasets/MVTec_AD/screw/test/scratch_head/000.png'] 0.3752891421318054
['/mnt/dsc3032-gaya-shared/group6/datasets/MVTec_AD/screw/test/scratch_head/001.png'] 0.4553720951080322
['/mnt/dsc3032-gaya-shared/group6/datasets/MVTec_AD/screw/test/scratch_head/002.png'] 0.3947544991970062
['/mnt/dsc3032-gaya-shared/group6/datasets/MVTec_AD/screw/test/scratch_head/003.png'] 0.246939018368721
['/mnt/dsc3032-gaya-shared/group6/datasets/MVTec_AD/screw/test/scratch_head/004.png'] 0.27367380261421204
['/mnt/dsc3032-gaya-shared/group6/datasets/MVTec_AD/screw/test/scratch_head/005.png'] 0.48548799753189087
['/mnt/dsc3032-gaya-shared/group6/datasets/MVTec_AD/screw/test/scratch_head/006.png'] 0.2915203273296356
['/mnt/dsc3032-gaya-shared/group6/datasets/MVTec_AD/screw/test/scratch_head/007.png'] 0.3500678539276123
['/mnt/dsc3032-gaya-shared/group6/datasets/MVTec_AD/screw/test/scratch_head/008.png'] 0.4221366047859192
['/mnt/dsc3032-gaya-shared/group6/datasets/MVTec_AD/screw/test/scratch_head/009.png'] 0.31922614574432373
['/mnt/dsc3032-gaya-shared/group6/datasets/MVTec_AD/screw/test/scratch_head/010.png'] 0.3399665951728821
['/mnt/dsc3032-gaya-shared/group6/datasets/MVTec_AD/screw/test/scratch_head/011.png'] 0.45066067576408386
['/mnt/dsc3032-gaya-shared/group6/datasets/MVTec_AD/screw/test/scratch_head/012.png'] 0.3489726185798645
['/mnt/dsc3032-gaya-shared/group6/datasets/MVTec_AD/screw/test/scratch_head/013.png'] 0.30907487869262695
['/mnt/dsc3032-gaya-shared/group6/datasets/MVTec_AD/screw/test/scratch_head/014.png'] 0.39554429054260254
['/mnt/dsc3032-gaya-shared/group6/datasets/MVTec_AD/screw/test/scratch_head/015.png'] 0.29740869998931885
['/mnt/dsc3032-gaya-shared/group6/datasets/MVTec_AD/screw/test/scratch_head/016.png'] 0.4175625443458557
['/mnt/dsc3032-gaya-shared/group6/datasets/MVTec_AD/screw/test/scratch_head/017.png'] 0.28840452432632446
['/mnt/dsc3032-gaya-shared/group6/datasets/MVTec_AD/screw/test/scratch_head/018.png'] 0.3536359369754791
['/mnt/dsc3032-gaya-shared/group6/datasets/MVTec_AD/screw/test/scratch_head/019.png'] 0.2814714014530182
['/mnt/dsc3032-gaya-shared/group6/datasets/MVTec_AD/screw/test/scratch_head/020.png'] 0.37272220849990845
['/mnt/dsc3032-gaya-shared/group6/datasets/MVTec_AD/screw/test/scratch_head/021.png'] 0.34329771995544434
['/mnt/dsc3032-gaya-shared/group6/datasets/MVTec_AD/screw/test/scratch_head/022.png'] 0.38057881593704224
['/mnt/dsc3032-gaya-shared/group6/datasets/MVTec_AD/screw/test/scratch_head/023.png'] 0.25397688150405884
['/mnt/dsc3032-gaya-shared/group6/datasets/MVTec_AD/screw/test/scratch_neck/000.png'] 0.35445764660835266
['/mnt/dsc3032-gaya-shared/group6/datasets/MVTec_AD/screw/test/scratch_neck/001.png'] 0.3468727469444275
['/mnt/dsc3032-gaya-shared/group6/datasets/MVTec_AD/screw/test/scratch_neck/002.png'] 0.3501628041267395
['/mnt/dsc3032-gaya-shared/group6/datasets/MVTec_AD/screw/test/scratch_neck/003.png'] 0.3896767497062683
['/mnt/dsc3032-gaya-shared/group6/datasets/MVTec_AD/screw/test/scratch_neck/004.png'] 0.2954182028770447
['/mnt/dsc3032-gaya-shared/group6/datasets/MVTec_AD/screw/test/scratch_neck/005.png'] 0.36712709069252014
['/mnt/dsc3032-gaya-shared/group6/datasets/MVTec_AD/screw/test/scratch_neck/006.png'] 0.34193265438079834
['/mnt/dsc3032-gaya-shared/group6/datasets/MVTec_AD/screw/test/scratch_neck/007.png'] 0.3855825960636139
['/mnt/dsc3032-gaya-shared/group6/datasets/MVTec_AD/screw/test/scratch_neck/008.png'] 0.3847007155418396
['/mnt/dsc3032-gaya-shared/group6/datasets/MVTec_AD/screw/test/scratch_neck/009.png'] 0.3708673119544983
['/mnt/dsc3032-gaya-shared/group6/datasets/MVTec_AD/screw/test/scratch_neck/010.png'] 0.38236474990844727
['/mnt/dsc3032-gaya-shared/group6/datasets/MVTec_AD/screw/test/scratch_neck/011.png'] 0.3352779150009155
['/mnt/dsc3032-gaya-shared/group6/datasets/MVTec_AD/screw/test/scratch_neck/012.png'] 0.35291072726249695
['/mnt/dsc3032-gaya-shared/group6/datasets/MVTec_AD/screw/test/scratch_neck/013.png'] 0.35981521010398865
['/mnt/dsc3032-gaya-shared/group6/datasets/MVTec_AD/screw/test/scratch_neck/014.png'] 0.37943360209465027
['/mnt/dsc3032-gaya-shared/group6/datasets/MVTec_AD/screw/test/scratch_neck/015.png'] 0.37587970495224
['/mnt/dsc3032-gaya-shared/group6/datasets/MVTec_AD/screw/test/scratch_neck/016.png'] 0.3338073492050171
['/mnt/dsc3032-gaya-shared/group6/datasets/MVTec_AD/screw/test/scratch_neck/017.png'] 0.33653074502944946
['/mnt/dsc3032-gaya-shared/group6/datasets/MVTec_AD/screw/test/scratch_neck/018.png'] 0.3544906973838806
['/mnt/dsc3032-gaya-shared/group6/datasets/MVTec_AD/screw/test/scratch_neck/019.png'] 0.4018849730491638
['/mnt/dsc3032-gaya-shared/group6/datasets/MVTec_AD/screw/test/scratch_neck/020.png'] 0.36450451612472534
['/mnt/dsc3032-gaya-shared/group6/datasets/MVTec_AD/screw/test/scratch_neck/021.png'] 0.31905388832092285
['/mnt/dsc3032-gaya-shared/group6/datasets/MVTec_AD/screw/test/scratch_neck/022.png'] 0.3391449451446533
['/mnt/dsc3032-gaya-shared/group6/datasets/MVTec_AD/screw/test/scratch_neck/023.png'] 0.3354414105415344
['/mnt/dsc3032-gaya-shared/group6/datasets/MVTec_AD/screw/test/scratch_neck/024.png'] 0.3592948317527771
['/mnt/dsc3032-gaya-shared/group6/datasets/MVTec_AD/screw/test/thread_side/000.png'] 0.3012477457523346
['/mnt/dsc3032-gaya-shared/group6/datasets/MVTec_AD/screw/test/thread_side/001.png'] 0.2965095043182373
['/mnt/dsc3032-gaya-shared/group6/datasets/MVTec_AD/screw/test/thread_side/002.png'] 0.3391686677932739
['/mnt/dsc3032-gaya-shared/group6/datasets/MVTec_AD/screw/test/thread_side/003.png'] 0.331438809633255
['/mnt/dsc3032-gaya-shared/group6/datasets/MVTec_AD/screw/test/thread_side/004.png'] 0.2250552475452423
['/mnt/dsc3032-gaya-shared/group6/datasets/MVTec_AD/screw/test/thread_side/005.png'] 0.35311228036880493
['/mnt/dsc3032-gaya-shared/group6/datasets/MVTec_AD/screw/test/thread_side/006.png'] 0.3419801592826843
['/mnt/dsc3032-gaya-shared/group6/datasets/MVTec_AD/screw/test/thread_side/007.png'] 0.4089735448360443
['/mnt/dsc3032-gaya-shared/group6/datasets/MVTec_AD/screw/test/thread_side/008.png'] 0.35506540536880493
['/mnt/dsc3032-gaya-shared/group6/datasets/MVTec_AD/screw/test/thread_side/009.png'] 0.2101970911026001
['/mnt/dsc3032-gaya-shared/group6/datasets/MVTec_AD/screw/test/thread_side/010.png'] 0.2905794084072113
['/mnt/dsc3032-gaya-shared/group6/datasets/MVTec_AD/screw/test/thread_side/011.png'] 0.34246790409088135
['/mnt/dsc3032-gaya-shared/group6/datasets/MVTec_AD/screw/test/thread_side/012.png'] 0.2569819688796997
['/mnt/dsc3032-gaya-shared/group6/datasets/MVTec_AD/screw/test/thread_side/013.png'] 0.2939068675041199
['/mnt/dsc3032-gaya-shared/group6/datasets/MVTec_AD/screw/test/thread_side/014.png'] 0.3622870445251465
['/mnt/dsc3032-gaya-shared/group6/datasets/MVTec_AD/screw/test/thread_side/015.png'] 0.3579651117324829
['/mnt/dsc3032-gaya-shared/group6/datasets/MVTec_AD/screw/test/thread_side/016.png'] 0.2444428950548172
['/mnt/dsc3032-gaya-shared/group6/datasets/MVTec_AD/screw/test/thread_side/017.png'] 0.31445467472076416
['/mnt/dsc3032-gaya-shared/group6/datasets/MVTec_AD/screw/test/thread_side/018.png'] 0.37822139263153076
['/mnt/dsc3032-gaya-shared/group6/datasets/MVTec_AD/screw/test/thread_side/019.png'] 0.4413488507270813
['/mnt/dsc3032-gaya-shared/group6/datasets/MVTec_AD/screw/test/thread_side/020.png'] 0.27927547693252563
['/mnt/dsc3032-gaya-shared/group6/datasets/MVTec_AD/screw/test/thread_side/021.png'] 0.3905336558818817
['/mnt/dsc3032-gaya-shared/group6/datasets/MVTec_AD/screw/test/thread_side/022.png'] 0.36034655570983887
['/mnt/dsc3032-gaya-shared/group6/datasets/MVTec_AD/screw/test/thread_top/000.png'] 0.40379244089126587
['/mnt/dsc3032-gaya-shared/group6/datasets/MVTec_AD/screw/test/thread_top/001.png'] 0.33353883028030396
['/mnt/dsc3032-gaya-shared/group6/datasets/MVTec_AD/screw/test/thread_top/002.png'] 0.27332183718681335
['/mnt/dsc3032-gaya-shared/group6/datasets/MVTec_AD/screw/test/thread_top/003.png'] 0.2691904306411743
['/mnt/dsc3032-gaya-shared/group6/datasets/MVTec_AD/screw/test/thread_top/004.png'] 0.3480083644390106
['/mnt/dsc3032-gaya-shared/group6/datasets/MVTec_AD/screw/test/thread_top/005.png'] 0.3288096487522125
['/mnt/dsc3032-gaya-shared/group6/datasets/MVTec_AD/screw/test/thread_top/006.png'] 0.30046844482421875
['/mnt/dsc3032-gaya-shared/group6/datasets/MVTec_AD/screw/test/thread_top/007.png'] 0.30196067690849304
['/mnt/dsc3032-gaya-shared/group6/datasets/MVTec_AD/screw/test/thread_top/008.png'] 0.2837027907371521
['/mnt/dsc3032-gaya-shared/group6/datasets/MVTec_AD/screw/test/thread_top/009.png'] 0.4247140884399414
['/mnt/dsc3032-gaya-shared/group6/datasets/MVTec_AD/screw/test/thread_top/010.png'] 0.37876659631729126
['/mnt/dsc3032-gaya-shared/group6/datasets/MVTec_AD/screw/test/thread_top/011.png'] 0.31344521045684814
['/mnt/dsc3032-gaya-shared/group6/datasets/MVTec_AD/screw/test/thread_top/012.png'] 0.34934163093566895
['/mnt/dsc3032-gaya-shared/group6/datasets/MVTec_AD/screw/test/thread_top/013.png'] 0.28346312046051025
['/mnt/dsc3032-gaya-shared/group6/datasets/MVTec_AD/screw/test/thread_top/014.png'] 0.36314162611961365
['/mnt/dsc3032-gaya-shared/group6/datasets/MVTec_AD/screw/test/thread_top/015.png'] 0.31536173820495605
['/mnt/dsc3032-gaya-shared/group6/datasets/MVTec_AD/screw/test/thread_top/016.png'] 0.3787614703178406
['/mnt/dsc3032-gaya-shared/group6/datasets/MVTec_AD/screw/test/thread_top/017.png'] 0.360600084066391
['/mnt/dsc3032-gaya-shared/group6/datasets/MVTec_AD/screw/test/thread_top/018.png'] 0.3209820091724396
['/mnt/dsc3032-gaya-shared/group6/datasets/MVTec_AD/screw/test/thread_top/019.png'] 0.31910407543182373
['/mnt/dsc3032-gaya-shared/group6/datasets/MVTec_AD/screw/test/thread_top/020.png'] 0.3948132395744324
['/mnt/dsc3032-gaya-shared/group6/datasets/MVTec_AD/screw/test/thread_top/021.png'] 0.3829081058502197
['/mnt/dsc3032-gaya-shared/group6/datasets/MVTec_AD/screw/test/thread_top/022.png'] 0.3101944923400879
26-06-02 17:41:56.367 - INFO: 
| category   |   K-shots |   F1-Max(image) |   AUROC(image) |   F1-Max(pixel) |   AUROC(pixel) |
|:-----------|----------:|----------------:|---------------:|----------------:|---------------:|
| screw      |         4 |           88.64 |          72.31 |           28.63 |          96.86 |
