/home/gaya6/LogSAD/dinov2/dinov2/layers/swiglu_ffn.py:43: UserWarning: xFormers is available (SwiGLU)
  warnings.warn("xFormers is available (SwiGLU)")
/home/gaya6/LogSAD/dinov2/dinov2/layers/attention.py:27: UserWarning: xFormers is available (Attention)
  warnings.warn("xFormers is available (Attention)")
/home/gaya6/LogSAD/dinov2/dinov2/layers/block.py:33: UserWarning: xFormers is available (Block)
  warnings.warn("xFormers is available (Block)")
['/mnt/dsc3032-gaya-shared/group6/datasets/MVTec_AD/tile/test/crack/000.png'] 0.6376968026161194
['/mnt/dsc3032-gaya-shared/group6/datasets/MVTec_AD/tile/test/crack/001.png'] 0.6273282766342163
['/mnt/dsc3032-gaya-shared/group6/datasets/MVTec_AD/tile/test/crack/002.png'] 0.6436958909034729
['/mnt/dsc3032-gaya-shared/group6/datasets/MVTec_AD/tile/test/crack/003.png'] 0.6426075100898743
['/mnt/dsc3032-gaya-shared/group6/datasets/MVTec_AD/tile/test/crack/004.png'] 0.6329264640808105
['/mnt/dsc3032-gaya-shared/group6/datasets/MVTec_AD/tile/test/crack/005.png'] 0.5124213695526123
['/mnt/dsc3032-gaya-shared/group6/datasets/MVTec_AD/tile/test/crack/006.png'] 0.6556593179702759
['/mnt/dsc3032-gaya-shared/group6/datasets/MVTec_AD/tile/test/crack/007.png'] 0.6656440496444702
['/mnt/dsc3032-gaya-shared/group6/datasets/MVTec_AD/tile/test/crack/008.png'] 0.6527731418609619
['/mnt/dsc3032-gaya-shared/group6/datasets/MVTec_AD/tile/test/crack/009.png'] 0.6213362216949463
['/mnt/dsc3032-gaya-shared/group6/datasets/MVTec_AD/tile/test/crack/010.png'] 0.6622765064239502
['/mnt/dsc3032-gaya-shared/group6/datasets/MVTec_AD/tile/test/crack/011.png'] 0.6448729038238525
['/mnt/dsc3032-gaya-shared/group6/datasets/MVTec_AD/tile/test/crack/012.png'] 0.6260074377059937
['/mnt/dsc3032-gaya-shared/group6/datasets/MVTec_AD/tile/test/crack/013.png'] 0.6341119408607483
['/mnt/dsc3032-gaya-shared/group6/datasets/MVTec_AD/tile/test/crack/014.png'] 0.6107101440429688
['/mnt/dsc3032-gaya-shared/group6/datasets/MVTec_AD/tile/test/crack/015.png'] 0.6115652322769165
['/mnt/dsc3032-gaya-shared/group6/datasets/MVTec_AD/tile/test/crack/016.png'] 0.6405627727508545
['/mnt/dsc3032-gaya-shared/group6/datasets/MVTec_AD/tile/test/glue_strip/000.png'] 0.5712572336196899
['/mnt/dsc3032-gaya-shared/group6/datasets/MVTec_AD/tile/test/glue_strip/001.png'] 0.5850419402122498
['/mnt/dsc3032-gaya-shared/group6/datasets/MVTec_AD/tile/test/glue_strip/002.png'] 0.5733884572982788
['/mnt/dsc3032-gaya-shared/group6/datasets/MVTec_AD/tile/test/glue_strip/003.png'] 0.5753839015960693
['/mnt/dsc3032-gaya-shared/group6/datasets/MVTec_AD/tile/test/glue_strip/004.png'] 0.6332589983940125
['/mnt/dsc3032-gaya-shared/group6/datasets/MVTec_AD/tile/test/glue_strip/005.png'] 0.5166729688644409
['/mnt/dsc3032-gaya-shared/group6/datasets/MVTec_AD/tile/test/glue_strip/006.png'] 0.5842099785804749
['/mnt/dsc3032-gaya-shared/group6/datasets/MVTec_AD/tile/test/glue_strip/007.png'] 0.5731023550033569
['/mnt/dsc3032-gaya-shared/group6/datasets/MVTec_AD/tile/test/glue_strip/008.png'] 0.6305924654006958
['/mnt/dsc3032-gaya-shared/group6/datasets/MVTec_AD/tile/test/glue_strip/009.png'] 0.6275742650032043
['/mnt/dsc3032-gaya-shared/group6/datasets/MVTec_AD/tile/test/glue_strip/010.png'] 0.5854771733283997
['/mnt/dsc3032-gaya-shared/group6/datasets/MVTec_AD/tile/test/glue_strip/011.png'] 0.6026877760887146
['/mnt/dsc3032-gaya-shared/group6/datasets/MVTec_AD/tile/test/glue_strip/012.png'] 0.5873788595199585
['/mnt/dsc3032-gaya-shared/group6/datasets/MVTec_AD/tile/test/glue_strip/013.png'] 0.5728704333305359
['/mnt/dsc3032-gaya-shared/group6/datasets/MVTec_AD/tile/test/glue_strip/014.png'] 0.5672574043273926
['/mnt/dsc3032-gaya-shared/group6/datasets/MVTec_AD/tile/test/glue_strip/015.png'] 0.568578839302063
['/mnt/dsc3032-gaya-shared/group6/datasets/MVTec_AD/tile/test/glue_strip/016.png'] 0.6086435914039612
['/mnt/dsc3032-gaya-shared/group6/datasets/MVTec_AD/tile/test/glue_strip/017.png'] 0.555712103843689
['/mnt/dsc3032-gaya-shared/group6/datasets/MVTec_AD/tile/test/good/000.png'] 0.23475833237171173
['/mnt/dsc3032-gaya-shared/group6/datasets/MVTec_AD/tile/test/good/001.png'] 0.2596758306026459
['/mnt/dsc3032-gaya-shared/group6/datasets/MVTec_AD/tile/test/good/002.png'] 0.22984378039836884
['/mnt/dsc3032-gaya-shared/group6/datasets/MVTec_AD/tile/test/good/003.png'] 0.2325189709663391
['/mnt/dsc3032-gaya-shared/group6/datasets/MVTec_AD/tile/test/good/004.png'] 0.2893104553222656
['/mnt/dsc3032-gaya-shared/group6/datasets/MVTec_AD/tile/test/good/005.png'] 0.25285834074020386
['/mnt/dsc3032-gaya-shared/group6/datasets/MVTec_AD/tile/test/good/006.png'] 0.33413398265838623
['/mnt/dsc3032-gaya-shared/group6/datasets/MVTec_AD/tile/test/good/007.png'] 0.21758271753787994
['/mnt/dsc3032-gaya-shared/group6/datasets/MVTec_AD/tile/test/good/008.png'] 0.23069369792938232
['/mnt/dsc3032-gaya-shared/group6/datasets/MVTec_AD/tile/test/good/009.png'] 0.2448623925447464
['/mnt/dsc3032-gaya-shared/group6/datasets/MVTec_AD/tile/test/good/010.png'] 0.27528393268585205
['/mnt/dsc3032-gaya-shared/group6/datasets/MVTec_AD/tile/test/good/011.png'] 0.23081932961940765
['/mnt/dsc3032-gaya-shared/group6/datasets/MVTec_AD/tile/test/good/012.png'] 0.21264785528182983
['/mnt/dsc3032-gaya-shared/group6/datasets/MVTec_AD/tile/test/good/013.png'] 0.21492062509059906
['/mnt/dsc3032-gaya-shared/group6/datasets/MVTec_AD/tile/test/good/014.png'] 0.221322700381279
['/mnt/dsc3032-gaya-shared/group6/datasets/MVTec_AD/tile/test/good/015.png'] 0.29603931307792664
['/mnt/dsc3032-gaya-shared/group6/datasets/MVTec_AD/tile/test/good/016.png'] 0.2413000911474228
['/mnt/dsc3032-gaya-shared/group6/datasets/MVTec_AD/tile/test/good/017.png'] 0.21477171778678894
['/mnt/dsc3032-gaya-shared/group6/datasets/MVTec_AD/tile/test/good/018.png'] 0.23868237435817719
['/mnt/dsc3032-gaya-shared/group6/datasets/MVTec_AD/tile/test/good/019.png'] 0.25420892238616943
['/mnt/dsc3032-gaya-shared/group6/datasets/MVTec_AD/tile/test/good/020.png'] 0.23412305116653442
['/mnt/dsc3032-gaya-shared/group6/datasets/MVTec_AD/tile/test/good/021.png'] 0.24040499329566956
['/mnt/dsc3032-gaya-shared/group6/datasets/MVTec_AD/tile/test/good/022.png'] 0.24983830749988556
['/mnt/dsc3032-gaya-shared/group6/datasets/MVTec_AD/tile/test/good/023.png'] 0.22364775836467743
['/mnt/dsc3032-gaya-shared/group6/datasets/MVTec_AD/tile/test/good/024.png'] 0.28613707423210144
['/mnt/dsc3032-gaya-shared/group6/datasets/MVTec_AD/tile/test/good/025.png'] 0.22068281471729279
['/mnt/dsc3032-gaya-shared/group6/datasets/MVTec_AD/tile/test/good/026.png'] 0.2371315360069275
['/mnt/dsc3032-gaya-shared/group6/datasets/MVTec_AD/tile/test/good/027.png'] 0.3216991126537323
['/mnt/dsc3032-gaya-shared/group6/datasets/MVTec_AD/tile/test/good/028.png'] 0.2235139161348343
['/mnt/dsc3032-gaya-shared/group6/datasets/MVTec_AD/tile/test/good/029.png'] 0.23646028339862823
['/mnt/dsc3032-gaya-shared/group6/datasets/MVTec_AD/tile/test/good/030.png'] 0.22833047807216644
['/mnt/dsc3032-gaya-shared/group6/datasets/MVTec_AD/tile/test/good/031.png'] 0.22449621558189392
['/mnt/dsc3032-gaya-shared/group6/datasets/MVTec_AD/tile/test/good/032.png'] 0.207940012216568
['/mnt/dsc3032-gaya-shared/group6/datasets/MVTec_AD/tile/test/gray_stroke/000.png'] 0.34690913558006287
['/mnt/dsc3032-gaya-shared/group6/datasets/MVTec_AD/tile/test/gray_stroke/001.png'] 0.3637987971305847
['/mnt/dsc3032-gaya-shared/group6/datasets/MVTec_AD/tile/test/gray_stroke/002.png'] 0.3478231132030487
['/mnt/dsc3032-gaya-shared/group6/datasets/MVTec_AD/tile/test/gray_stroke/003.png'] 0.407353937625885
['/mnt/dsc3032-gaya-shared/group6/datasets/MVTec_AD/tile/test/gray_stroke/004.png'] 0.38190513849258423
['/mnt/dsc3032-gaya-shared/group6/datasets/MVTec_AD/tile/test/gray_stroke/005.png'] 0.37171322107315063
['/mnt/dsc3032-gaya-shared/group6/datasets/MVTec_AD/tile/test/gray_stroke/006.png'] 0.34989044070243835
['/mnt/dsc3032-gaya-shared/group6/datasets/MVTec_AD/tile/test/gray_stroke/007.png'] 0.38447076082229614
['/mnt/dsc3032-gaya-shared/group6/datasets/MVTec_AD/tile/test/gray_stroke/008.png'] 0.3793339133262634
['/mnt/dsc3032-gaya-shared/group6/datasets/MVTec_AD/tile/test/gray_stroke/009.png'] 0.38457220792770386
['/mnt/dsc3032-gaya-shared/group6/datasets/MVTec_AD/tile/test/gray_stroke/010.png'] 0.35913383960723877
['/mnt/dsc3032-gaya-shared/group6/datasets/MVTec_AD/tile/test/gray_stroke/011.png'] 0.3740497827529907
['/mnt/dsc3032-gaya-shared/group6/datasets/MVTec_AD/tile/test/gray_stroke/012.png'] 0.37018370628356934
['/mnt/dsc3032-gaya-shared/group6/datasets/MVTec_AD/tile/test/gray_stroke/013.png'] 0.37946635484695435
['/mnt/dsc3032-gaya-shared/group6/datasets/MVTec_AD/tile/test/gray_stroke/014.png'] 0.41373971104621887
['/mnt/dsc3032-gaya-shared/group6/datasets/MVTec_AD/tile/test/gray_stroke/015.png'] 0.440707266330719
['/mnt/dsc3032-gaya-shared/group6/datasets/MVTec_AD/tile/test/oil/000.png'] 0.5620226860046387
['/mnt/dsc3032-gaya-shared/group6/datasets/MVTec_AD/tile/test/oil/001.png'] 0.5270735025405884
['/mnt/dsc3032-gaya-shared/group6/datasets/MVTec_AD/tile/test/oil/002.png'] 0.4969935417175293
['/mnt/dsc3032-gaya-shared/group6/datasets/MVTec_AD/tile/test/oil/003.png'] 0.5186200141906738
['/mnt/dsc3032-gaya-shared/group6/datasets/MVTec_AD/tile/test/oil/004.png'] 0.5338861346244812
['/mnt/dsc3032-gaya-shared/group6/datasets/MVTec_AD/tile/test/oil/005.png'] 0.5264120101928711
['/mnt/dsc3032-gaya-shared/group6/datasets/MVTec_AD/tile/test/oil/006.png'] 0.4975883960723877
['/mnt/dsc3032-gaya-shared/group6/datasets/MVTec_AD/tile/test/oil/007.png'] 0.5111438632011414
['/mnt/dsc3032-gaya-shared/group6/datasets/MVTec_AD/tile/test/oil/008.png'] 0.5245559215545654
['/mnt/dsc3032-gaya-shared/group6/datasets/MVTec_AD/tile/test/oil/009.png'] 0.5522075295448303
['/mnt/dsc3032-gaya-shared/group6/datasets/MVTec_AD/tile/test/oil/010.png'] 0.5500763654708862
['/mnt/dsc3032-gaya-shared/group6/datasets/MVTec_AD/tile/test/oil/011.png'] 0.5459554195404053
['/mnt/dsc3032-gaya-shared/group6/datasets/MVTec_AD/tile/test/oil/012.png'] 0.5330231189727783
['/mnt/dsc3032-gaya-shared/group6/datasets/MVTec_AD/tile/test/oil/013.png'] 0.5153900384902954
['/mnt/dsc3032-gaya-shared/group6/datasets/MVTec_AD/tile/test/oil/014.png'] 0.5430102944374084
['/mnt/dsc3032-gaya-shared/group6/datasets/MVTec_AD/tile/test/oil/015.png'] 0.546724259853363
['/mnt/dsc3032-gaya-shared/group6/datasets/MVTec_AD/tile/test/oil/016.png'] 0.5433349609375
['/mnt/dsc3032-gaya-shared/group6/datasets/MVTec_AD/tile/test/oil/017.png'] 0.5055619478225708
['/mnt/dsc3032-gaya-shared/group6/datasets/MVTec_AD/tile/test/rough/000.png'] 0.443146288394928
['/mnt/dsc3032-gaya-shared/group6/datasets/MVTec_AD/tile/test/rough/001.png'] 0.535956621170044
['/mnt/dsc3032-gaya-shared/group6/datasets/MVTec_AD/tile/test/rough/002.png'] 0.5172138214111328
['/mnt/dsc3032-gaya-shared/group6/datasets/MVTec_AD/tile/test/rough/003.png'] 0.4230142831802368
['/mnt/dsc3032-gaya-shared/group6/datasets/MVTec_AD/tile/test/rough/004.png'] 0.50650554895401
['/mnt/dsc3032-gaya-shared/group6/datasets/MVTec_AD/tile/test/rough/005.png'] 0.4370643198490143
['/mnt/dsc3032-gaya-shared/group6/datasets/MVTec_AD/tile/test/rough/006.png'] 0.4324001371860504
['/mnt/dsc3032-gaya-shared/group6/datasets/MVTec_AD/tile/test/rough/007.png'] 0.4344777464866638
['/mnt/dsc3032-gaya-shared/group6/datasets/MVTec_AD/tile/test/rough/008.png'] 0.48391953110694885
['/mnt/dsc3032-gaya-shared/group6/datasets/MVTec_AD/tile/test/rough/009.png'] 0.5000367164611816
['/mnt/dsc3032-gaya-shared/group6/datasets/MVTec_AD/tile/test/rough/010.png'] 0.4431048035621643
['/mnt/dsc3032-gaya-shared/group6/datasets/MVTec_AD/tile/test/rough/011.png'] 0.5277564525604248
['/mnt/dsc3032-gaya-shared/group6/datasets/MVTec_AD/tile/test/rough/012.png'] 0.4297865629196167
['/mnt/dsc3032-gaya-shared/group6/datasets/MVTec_AD/tile/test/rough/013.png'] 0.4907611608505249
['/mnt/dsc3032-gaya-shared/group6/datasets/MVTec_AD/tile/test/rough/014.png'] 0.41140660643577576
26-06-02 17:42:53.243 - INFO: 
| category   |   K-shots |   F1-Max(image) |   AUROC(image) |   F1-Max(pixel) |   AUROC(pixel) |
|:-----------|----------:|----------------:|---------------:|----------------:|---------------:|
| tile       |         4 |             100 |            100 |           73.28 |          97.43 |
