/home/gaya6/LogSAD/dinov2/dinov2/layers/swiglu_ffn.py:43: UserWarning: xFormers is available (SwiGLU)
  warnings.warn("xFormers is available (SwiGLU)")
/home/gaya6/LogSAD/dinov2/dinov2/layers/attention.py:27: UserWarning: xFormers is available (Attention)
  warnings.warn("xFormers is available (Attention)")
/home/gaya6/LogSAD/dinov2/dinov2/layers/block.py:33: UserWarning: xFormers is available (Block)
  warnings.warn("xFormers is available (Block)")
['/mnt/dsc3032-gaya-shared/group6/datasets/MVTec_AD/zipper/test/broken_teeth/000.png'] 0.2331879436969757
['/mnt/dsc3032-gaya-shared/group6/datasets/MVTec_AD/zipper/test/broken_teeth/001.png'] 0.3714887201786041
['/mnt/dsc3032-gaya-shared/group6/datasets/MVTec_AD/zipper/test/broken_teeth/002.png'] 0.21620513498783112
['/mnt/dsc3032-gaya-shared/group6/datasets/MVTec_AD/zipper/test/broken_teeth/003.png'] 0.29780760407447815
['/mnt/dsc3032-gaya-shared/group6/datasets/MVTec_AD/zipper/test/broken_teeth/004.png'] 0.27059489488601685
['/mnt/dsc3032-gaya-shared/group6/datasets/MVTec_AD/zipper/test/broken_teeth/005.png'] 0.2740272879600525
['/mnt/dsc3032-gaya-shared/group6/datasets/MVTec_AD/zipper/test/broken_teeth/006.png'] 0.26112914085388184
['/mnt/dsc3032-gaya-shared/group6/datasets/MVTec_AD/zipper/test/broken_teeth/007.png'] 0.40121161937713623
['/mnt/dsc3032-gaya-shared/group6/datasets/MVTec_AD/zipper/test/broken_teeth/008.png'] 0.26020121574401855
['/mnt/dsc3032-gaya-shared/group6/datasets/MVTec_AD/zipper/test/broken_teeth/009.png'] 0.2611085772514343
['/mnt/dsc3032-gaya-shared/group6/datasets/MVTec_AD/zipper/test/broken_teeth/010.png'] 0.29130762815475464
['/mnt/dsc3032-gaya-shared/group6/datasets/MVTec_AD/zipper/test/broken_teeth/011.png'] 0.31177055835723877
['/mnt/dsc3032-gaya-shared/group6/datasets/MVTec_AD/zipper/test/broken_teeth/012.png'] 0.2780461311340332
['/mnt/dsc3032-gaya-shared/group6/datasets/MVTec_AD/zipper/test/broken_teeth/013.png'] 0.32316380739212036
['/mnt/dsc3032-gaya-shared/group6/datasets/MVTec_AD/zipper/test/broken_teeth/014.png'] 0.2876874804496765
['/mnt/dsc3032-gaya-shared/group6/datasets/MVTec_AD/zipper/test/broken_teeth/015.png'] 0.24781933426856995
['/mnt/dsc3032-gaya-shared/group6/datasets/MVTec_AD/zipper/test/broken_teeth/016.png'] 0.31235212087631226
['/mnt/dsc3032-gaya-shared/group6/datasets/MVTec_AD/zipper/test/broken_teeth/017.png'] 0.36055904626846313
['/mnt/dsc3032-gaya-shared/group6/datasets/MVTec_AD/zipper/test/broken_teeth/018.png'] 0.34553930163383484
['/mnt/dsc3032-gaya-shared/group6/datasets/MVTec_AD/zipper/test/combined/000.png'] 0.3687819540500641
['/mnt/dsc3032-gaya-shared/group6/datasets/MVTec_AD/zipper/test/combined/001.png'] 0.28676438331604004
['/mnt/dsc3032-gaya-shared/group6/datasets/MVTec_AD/zipper/test/combined/002.png'] 0.24348925054073334
['/mnt/dsc3032-gaya-shared/group6/datasets/MVTec_AD/zipper/test/combined/003.png'] 0.32595759630203247
['/mnt/dsc3032-gaya-shared/group6/datasets/MVTec_AD/zipper/test/combined/004.png'] 0.3185328543186188
['/mnt/dsc3032-gaya-shared/group6/datasets/MVTec_AD/zipper/test/combined/005.png'] 0.3306483328342438
['/mnt/dsc3032-gaya-shared/group6/datasets/MVTec_AD/zipper/test/combined/006.png'] 0.4563941955566406
['/mnt/dsc3032-gaya-shared/group6/datasets/MVTec_AD/zipper/test/combined/007.png'] 0.25683683156967163
['/mnt/dsc3032-gaya-shared/group6/datasets/MVTec_AD/zipper/test/combined/008.png'] 0.3206542730331421
['/mnt/dsc3032-gaya-shared/group6/datasets/MVTec_AD/zipper/test/combined/009.png'] 0.31404203176498413
['/mnt/dsc3032-gaya-shared/group6/datasets/MVTec_AD/zipper/test/combined/010.png'] 0.4202836751937866
['/mnt/dsc3032-gaya-shared/group6/datasets/MVTec_AD/zipper/test/combined/011.png'] 0.41500192880630493
['/mnt/dsc3032-gaya-shared/group6/datasets/MVTec_AD/zipper/test/combined/012.png'] 0.34345799684524536
['/mnt/dsc3032-gaya-shared/group6/datasets/MVTec_AD/zipper/test/combined/013.png'] 0.39610999822616577
['/mnt/dsc3032-gaya-shared/group6/datasets/MVTec_AD/zipper/test/combined/014.png'] 0.3025965094566345
['/mnt/dsc3032-gaya-shared/group6/datasets/MVTec_AD/zipper/test/combined/015.png'] 0.4523746967315674
['/mnt/dsc3032-gaya-shared/group6/datasets/MVTec_AD/zipper/test/fabric_border/000.png'] 0.45093753933906555
['/mnt/dsc3032-gaya-shared/group6/datasets/MVTec_AD/zipper/test/fabric_border/001.png'] 0.4429364800453186
['/mnt/dsc3032-gaya-shared/group6/datasets/MVTec_AD/zipper/test/fabric_border/002.png'] 0.3507242202758789
['/mnt/dsc3032-gaya-shared/group6/datasets/MVTec_AD/zipper/test/fabric_border/003.png'] 0.434032142162323
['/mnt/dsc3032-gaya-shared/group6/datasets/MVTec_AD/zipper/test/fabric_border/004.png'] 0.44390594959259033
['/mnt/dsc3032-gaya-shared/group6/datasets/MVTec_AD/zipper/test/fabric_border/005.png'] 0.49345090985298157
['/mnt/dsc3032-gaya-shared/group6/datasets/MVTec_AD/zipper/test/fabric_border/006.png'] 0.43783634901046753
['/mnt/dsc3032-gaya-shared/group6/datasets/MVTec_AD/zipper/test/fabric_border/007.png'] 0.4508640468120575
['/mnt/dsc3032-gaya-shared/group6/datasets/MVTec_AD/zipper/test/fabric_border/008.png'] 0.4117376208305359
['/mnt/dsc3032-gaya-shared/group6/datasets/MVTec_AD/zipper/test/fabric_border/009.png'] 0.44477352499961853
['/mnt/dsc3032-gaya-shared/group6/datasets/MVTec_AD/zipper/test/fabric_border/010.png'] 0.4830874502658844
['/mnt/dsc3032-gaya-shared/group6/datasets/MVTec_AD/zipper/test/fabric_border/011.png'] 0.43723535537719727
['/mnt/dsc3032-gaya-shared/group6/datasets/MVTec_AD/zipper/test/fabric_border/012.png'] 0.4215257167816162
['/mnt/dsc3032-gaya-shared/group6/datasets/MVTec_AD/zipper/test/fabric_border/013.png'] 0.36901426315307617
['/mnt/dsc3032-gaya-shared/group6/datasets/MVTec_AD/zipper/test/fabric_border/014.png'] 0.40035444498062134
['/mnt/dsc3032-gaya-shared/group6/datasets/MVTec_AD/zipper/test/fabric_border/015.png'] 0.4318292737007141
['/mnt/dsc3032-gaya-shared/group6/datasets/MVTec_AD/zipper/test/fabric_border/016.png'] 0.4348456561565399
['/mnt/dsc3032-gaya-shared/group6/datasets/MVTec_AD/zipper/test/fabric_interior/000.png'] 0.32156360149383545
['/mnt/dsc3032-gaya-shared/group6/datasets/MVTec_AD/zipper/test/fabric_interior/001.png'] 0.34880006313323975
['/mnt/dsc3032-gaya-shared/group6/datasets/MVTec_AD/zipper/test/fabric_interior/002.png'] 0.3082335591316223
['/mnt/dsc3032-gaya-shared/group6/datasets/MVTec_AD/zipper/test/fabric_interior/003.png'] 0.29083937406539917
['/mnt/dsc3032-gaya-shared/group6/datasets/MVTec_AD/zipper/test/fabric_interior/004.png'] 0.3050503134727478
['/mnt/dsc3032-gaya-shared/group6/datasets/MVTec_AD/zipper/test/fabric_interior/005.png'] 0.3353073000907898
['/mnt/dsc3032-gaya-shared/group6/datasets/MVTec_AD/zipper/test/fabric_interior/006.png'] 0.2803846001625061
['/mnt/dsc3032-gaya-shared/group6/datasets/MVTec_AD/zipper/test/fabric_interior/007.png'] 0.22114042937755585
['/mnt/dsc3032-gaya-shared/group6/datasets/MVTec_AD/zipper/test/fabric_interior/008.png'] 0.3704177737236023
['/mnt/dsc3032-gaya-shared/group6/datasets/MVTec_AD/zipper/test/fabric_interior/009.png'] 0.3015385866165161
['/mnt/dsc3032-gaya-shared/group6/datasets/MVTec_AD/zipper/test/fabric_interior/010.png'] 0.32177576422691345
['/mnt/dsc3032-gaya-shared/group6/datasets/MVTec_AD/zipper/test/fabric_interior/011.png'] 0.2983601689338684
['/mnt/dsc3032-gaya-shared/group6/datasets/MVTec_AD/zipper/test/fabric_interior/012.png'] 0.2380552887916565
['/mnt/dsc3032-gaya-shared/group6/datasets/MVTec_AD/zipper/test/fabric_interior/013.png'] 0.3297831118106842
['/mnt/dsc3032-gaya-shared/group6/datasets/MVTec_AD/zipper/test/fabric_interior/014.png'] 0.3142659068107605
['/mnt/dsc3032-gaya-shared/group6/datasets/MVTec_AD/zipper/test/fabric_interior/015.png'] 0.2777864336967468
['/mnt/dsc3032-gaya-shared/group6/datasets/MVTec_AD/zipper/test/good/000.png'] 0.20147323608398438
['/mnt/dsc3032-gaya-shared/group6/datasets/MVTec_AD/zipper/test/good/001.png'] 0.18807242810726166
['/mnt/dsc3032-gaya-shared/group6/datasets/MVTec_AD/zipper/test/good/002.png'] 0.20896513760089874
['/mnt/dsc3032-gaya-shared/group6/datasets/MVTec_AD/zipper/test/good/003.png'] 0.22774645686149597
['/mnt/dsc3032-gaya-shared/group6/datasets/MVTec_AD/zipper/test/good/004.png'] 0.2128673940896988
['/mnt/dsc3032-gaya-shared/group6/datasets/MVTec_AD/zipper/test/good/005.png'] 0.18762889504432678
['/mnt/dsc3032-gaya-shared/group6/datasets/MVTec_AD/zipper/test/good/006.png'] 0.2044547200202942
['/mnt/dsc3032-gaya-shared/group6/datasets/MVTec_AD/zipper/test/good/007.png'] 0.21405060589313507
['/mnt/dsc3032-gaya-shared/group6/datasets/MVTec_AD/zipper/test/good/008.png'] 0.1811973601579666
['/mnt/dsc3032-gaya-shared/group6/datasets/MVTec_AD/zipper/test/good/009.png'] 0.16961713135242462
['/mnt/dsc3032-gaya-shared/group6/datasets/MVTec_AD/zipper/test/good/010.png'] 0.18082889914512634
['/mnt/dsc3032-gaya-shared/group6/datasets/MVTec_AD/zipper/test/good/011.png'] 0.22746272385120392
['/mnt/dsc3032-gaya-shared/group6/datasets/MVTec_AD/zipper/test/good/012.png'] 0.18078577518463135
['/mnt/dsc3032-gaya-shared/group6/datasets/MVTec_AD/zipper/test/good/013.png'] 0.17037516832351685
['/mnt/dsc3032-gaya-shared/group6/datasets/MVTec_AD/zipper/test/good/014.png'] 0.20261983573436737
['/mnt/dsc3032-gaya-shared/group6/datasets/MVTec_AD/zipper/test/good/015.png'] 0.20220831036567688
['/mnt/dsc3032-gaya-shared/group6/datasets/MVTec_AD/zipper/test/good/016.png'] 0.1768667846918106
['/mnt/dsc3032-gaya-shared/group6/datasets/MVTec_AD/zipper/test/good/017.png'] 0.1962987631559372
['/mnt/dsc3032-gaya-shared/group6/datasets/MVTec_AD/zipper/test/good/018.png'] 0.20768406987190247
['/mnt/dsc3032-gaya-shared/group6/datasets/MVTec_AD/zipper/test/good/019.png'] 0.19334380328655243
['/mnt/dsc3032-gaya-shared/group6/datasets/MVTec_AD/zipper/test/good/020.png'] 0.17660433053970337
['/mnt/dsc3032-gaya-shared/group6/datasets/MVTec_AD/zipper/test/good/021.png'] 0.2911452054977417
['/mnt/dsc3032-gaya-shared/group6/datasets/MVTec_AD/zipper/test/good/022.png'] 0.2836877703666687
['/mnt/dsc3032-gaya-shared/group6/datasets/MVTec_AD/zipper/test/good/023.png'] 0.18134979903697968
['/mnt/dsc3032-gaya-shared/group6/datasets/MVTec_AD/zipper/test/good/024.png'] 0.19495700299739838
['/mnt/dsc3032-gaya-shared/group6/datasets/MVTec_AD/zipper/test/good/025.png'] 0.21002762019634247
['/mnt/dsc3032-gaya-shared/group6/datasets/MVTec_AD/zipper/test/good/026.png'] 0.2041853368282318
['/mnt/dsc3032-gaya-shared/group6/datasets/MVTec_AD/zipper/test/good/027.png'] 0.20677395164966583
['/mnt/dsc3032-gaya-shared/group6/datasets/MVTec_AD/zipper/test/good/028.png'] 0.17326222360134125
['/mnt/dsc3032-gaya-shared/group6/datasets/MVTec_AD/zipper/test/good/029.png'] 0.21257930994033813
['/mnt/dsc3032-gaya-shared/group6/datasets/MVTec_AD/zipper/test/good/030.png'] 0.16410790383815765
['/mnt/dsc3032-gaya-shared/group6/datasets/MVTec_AD/zipper/test/good/031.png'] 0.15239085257053375
['/mnt/dsc3032-gaya-shared/group6/datasets/MVTec_AD/zipper/test/rough/000.png'] 0.3073025941848755
['/mnt/dsc3032-gaya-shared/group6/datasets/MVTec_AD/zipper/test/rough/001.png'] 0.3085594177246094
['/mnt/dsc3032-gaya-shared/group6/datasets/MVTec_AD/zipper/test/rough/002.png'] 0.3302302062511444
['/mnt/dsc3032-gaya-shared/group6/datasets/MVTec_AD/zipper/test/rough/003.png'] 0.33440303802490234
['/mnt/dsc3032-gaya-shared/group6/datasets/MVTec_AD/zipper/test/rough/004.png'] 0.290730744600296
['/mnt/dsc3032-gaya-shared/group6/datasets/MVTec_AD/zipper/test/rough/005.png'] 0.3178459405899048
['/mnt/dsc3032-gaya-shared/group6/datasets/MVTec_AD/zipper/test/rough/006.png'] 0.3332090973854065
['/mnt/dsc3032-gaya-shared/group6/datasets/MVTec_AD/zipper/test/rough/007.png'] 0.31236910820007324
['/mnt/dsc3032-gaya-shared/group6/datasets/MVTec_AD/zipper/test/rough/008.png'] 0.28066200017929077
['/mnt/dsc3032-gaya-shared/group6/datasets/MVTec_AD/zipper/test/rough/009.png'] 0.3206021785736084
['/mnt/dsc3032-gaya-shared/group6/datasets/MVTec_AD/zipper/test/rough/010.png'] 0.350347101688385
['/mnt/dsc3032-gaya-shared/group6/datasets/MVTec_AD/zipper/test/rough/011.png'] 0.33520787954330444
['/mnt/dsc3032-gaya-shared/group6/datasets/MVTec_AD/zipper/test/rough/012.png'] 0.26619476079940796
['/mnt/dsc3032-gaya-shared/group6/datasets/MVTec_AD/zipper/test/rough/013.png'] 0.30214738845825195
['/mnt/dsc3032-gaya-shared/group6/datasets/MVTec_AD/zipper/test/rough/014.png'] 0.3074718713760376
['/mnt/dsc3032-gaya-shared/group6/datasets/MVTec_AD/zipper/test/rough/015.png'] 0.39595550298690796
['/mnt/dsc3032-gaya-shared/group6/datasets/MVTec_AD/zipper/test/rough/016.png'] 0.34315499663352966
['/mnt/dsc3032-gaya-shared/group6/datasets/MVTec_AD/zipper/test/split_teeth/000.png'] 0.2694094777107239
['/mnt/dsc3032-gaya-shared/group6/datasets/MVTec_AD/zipper/test/split_teeth/001.png'] 0.25702735781669617
['/mnt/dsc3032-gaya-shared/group6/datasets/MVTec_AD/zipper/test/split_teeth/002.png'] 0.25695449113845825
['/mnt/dsc3032-gaya-shared/group6/datasets/MVTec_AD/zipper/test/split_teeth/003.png'] 0.3429756164550781
['/mnt/dsc3032-gaya-shared/group6/datasets/MVTec_AD/zipper/test/split_teeth/004.png'] 0.3724915683269501
['/mnt/dsc3032-gaya-shared/group6/datasets/MVTec_AD/zipper/test/split_teeth/005.png'] 0.3447539806365967
['/mnt/dsc3032-gaya-shared/group6/datasets/MVTec_AD/zipper/test/split_teeth/006.png'] 0.27346229553222656
['/mnt/dsc3032-gaya-shared/group6/datasets/MVTec_AD/zipper/test/split_teeth/007.png'] 0.2758100628852844
['/mnt/dsc3032-gaya-shared/group6/datasets/MVTec_AD/zipper/test/split_teeth/008.png'] 0.2563630938529968
['/mnt/dsc3032-gaya-shared/group6/datasets/MVTec_AD/zipper/test/split_teeth/009.png'] 0.28995025157928467
['/mnt/dsc3032-gaya-shared/group6/datasets/MVTec_AD/zipper/test/split_teeth/010.png'] 0.25765204429626465
['/mnt/dsc3032-gaya-shared/group6/datasets/MVTec_AD/zipper/test/split_teeth/011.png'] 0.27484285831451416
['/mnt/dsc3032-gaya-shared/group6/datasets/MVTec_AD/zipper/test/split_teeth/012.png'] 0.31937354803085327
['/mnt/dsc3032-gaya-shared/group6/datasets/MVTec_AD/zipper/test/split_teeth/013.png'] 0.24285787343978882
['/mnt/dsc3032-gaya-shared/group6/datasets/MVTec_AD/zipper/test/split_teeth/014.png'] 0.29795771837234497
['/mnt/dsc3032-gaya-shared/group6/datasets/MVTec_AD/zipper/test/split_teeth/015.png'] 0.37642139196395874
['/mnt/dsc3032-gaya-shared/group6/datasets/MVTec_AD/zipper/test/split_teeth/016.png'] 0.3433203101158142
['/mnt/dsc3032-gaya-shared/group6/datasets/MVTec_AD/zipper/test/split_teeth/017.png'] 0.316058486700058
['/mnt/dsc3032-gaya-shared/group6/datasets/MVTec_AD/zipper/test/squeezed_teeth/000.png'] 0.2652665078639984
['/mnt/dsc3032-gaya-shared/group6/datasets/MVTec_AD/zipper/test/squeezed_teeth/001.png'] 0.24440395832061768
['/mnt/dsc3032-gaya-shared/group6/datasets/MVTec_AD/zipper/test/squeezed_teeth/002.png'] 0.22963203489780426
['/mnt/dsc3032-gaya-shared/group6/datasets/MVTec_AD/zipper/test/squeezed_teeth/003.png'] 0.2996777892112732
['/mnt/dsc3032-gaya-shared/group6/datasets/MVTec_AD/zipper/test/squeezed_teeth/004.png'] 0.24570709466934204
['/mnt/dsc3032-gaya-shared/group6/datasets/MVTec_AD/zipper/test/squeezed_teeth/005.png'] 0.22922728955745697
['/mnt/dsc3032-gaya-shared/group6/datasets/MVTec_AD/zipper/test/squeezed_teeth/006.png'] 0.26500099897384644
['/mnt/dsc3032-gaya-shared/group6/datasets/MVTec_AD/zipper/test/squeezed_teeth/007.png'] 0.2385471761226654
['/mnt/dsc3032-gaya-shared/group6/datasets/MVTec_AD/zipper/test/squeezed_teeth/008.png'] 0.20403192937374115
['/mnt/dsc3032-gaya-shared/group6/datasets/MVTec_AD/zipper/test/squeezed_teeth/009.png'] 0.26050281524658203
['/mnt/dsc3032-gaya-shared/group6/datasets/MVTec_AD/zipper/test/squeezed_teeth/010.png'] 0.3612259030342102
['/mnt/dsc3032-gaya-shared/group6/datasets/MVTec_AD/zipper/test/squeezed_teeth/011.png'] 0.25398772954940796
['/mnt/dsc3032-gaya-shared/group6/datasets/MVTec_AD/zipper/test/squeezed_teeth/012.png'] 0.2317403256893158
['/mnt/dsc3032-gaya-shared/group6/datasets/MVTec_AD/zipper/test/squeezed_teeth/013.png'] 0.27357882261276245
['/mnt/dsc3032-gaya-shared/group6/datasets/MVTec_AD/zipper/test/squeezed_teeth/014.png'] 0.254000186920166
['/mnt/dsc3032-gaya-shared/group6/datasets/MVTec_AD/zipper/test/squeezed_teeth/015.png'] 0.3010426163673401
26-06-02 17:46:10.486 - INFO: 
| category   |   K-shots |   F1-Max(image) |   AUROC(image) |   F1-Max(pixel) |   AUROC(pixel) |
|:-----------|----------:|----------------:|---------------:|----------------:|---------------:|
| zipper     |         4 |           97.93 |          97.43 |           60.68 |           96.9 |
